<?xml version="1.0" encoding="UTF-8"?>
<!-- Generated by org.testng.reporters.JUnitReportReporter -->
<testsuite hostname="LAPTOP-IN7IV9K5" failures="0" tests="1" name="com.timp.test.BRB.FiltrosAvancados" time="46.268" errors="0" timestamp="16 mar. 2021 11:19:55 GMT" skipped="0">
  <testcase classname="com.timp.test.BRB.FiltrosAvancados" name="filtrosAvanzados" time="46.268"/>
</testsuite> <!-- com.timp.test.BRB.FiltrosAvancados -->
