<?xml version="1.0" encoding="UTF-8"?>
<!-- Generated by org.testng.reporters.JUnitReportReporter -->
<testsuite hostname="EC2AMAZ-8HCHO4G" failures="0" tests="1" name="com.timp.test.TDK.Dashboard.Lixeira.LixeiraFiltroId" time="55.923" errors="0" timestamp="2024-01-22T18:56:11 UTC" skipped="0">
  <testcase classname="com.timp.test.TDK.Dashboard.Lixeira.LixeiraFiltroId" name="filtro" time="55.923"/>
  <system-out/>
</testsuite> <!-- com.timp.test.TDK.Dashboard.Lixeira.LixeiraFiltroId -->
