<?xml version="1.0" encoding="UTF-8"?>
<!-- Generated by org.testng.reporters.JUnitReportReporter -->
<testsuite hostname="DESKTOP-C57COV6" failures="0" tests="2" name="com.timp.test.BRB.GruposAvancados" time="423.648" errors="0" timestamp="17 ago. 2021 05:42:08 GMT" skipped="0">
  <testcase classname="com.timp.test.BRB.GruposAvancados" name="gruposAvanzados" time="375.553"/>
  <testcase classname="com.timp.test.BRB.GruposAvancados" name="eliminarGrupos" time="48.095"/>
</testsuite> <!-- com.timp.test.BRB.GruposAvancados -->
