<?xml version="1.0" encoding="UTF-8"?>
<!-- Generated by org.testng.reporters.JUnitReportReporter -->
<testsuite hostname="DESKTOP-35UG9UP" name="com.timp.test.BRB.paginacion" tests="3" failures="0" timestamp="30 Sep 2020 17:41:18 GMT" time="95.813" errors="0">
  <testcase name="brbEntrar" time="27.850" classname="com.timp.test.BRB.paginacion"/>
  <testcase name="paginacion" time="54.677" classname="com.timp.test.BRB.paginacion"/>
  <testcase name="login" time="13.286" classname="com.timp.test.BRB.paginacion"/>
</testsuite> <!-- com.timp.test.BRB.paginacion -->
