<?xml version="1.0" encoding="UTF-8"?>
<!-- Generated by org.testng.reporters.JUnitReportReporter -->
<testsuite hostname="Agile" failures="0" tests="1" name="com.timp.test.MDR.TabelasApoioSped.CodigoTipoCredito.CodigoTipoCreditoExcluir" time="95.152" errors="0" timestamp="18 dic. 2021 11:03:06 GMT" skipped="0">
  <testcase classname="com.timp.test.MDR.TabelasApoioSped.CodigoTipoCredito.CodigoTipoCreditoExcluir" name="excluir" time="95.152"/>
</testsuite> <!-- com.timp.test.MDR.TabelasApoioSped.CodigoTipoCredito.CodigoTipoCreditoExcluir -->
