<?xml version="1.0" encoding="UTF-8"?>
<!-- Generated by org.testng.reporters.JUnitReportReporter -->
<<<<<<< HEAD
<testsuite hostname="LAPTOP-IN7IV9K5" failures="0" tests="1" name="com.timp.test.MDR.CEP.Municipio.MunicipioCriar" time="73.089" errors="0" timestamp="25 jun. 2021 10:36:12 GMT" skipped="0">
  <testcase classname="com.timp.test.MDR.CEP.Municipio.MunicipioCriar" name="criar" time="73.089"/>
=======
<testsuite hostname="DESKTOP-C57COV6" failures="0" tests="1" name="com.timp.test.MDR.CEP.Municipio.MunicipioCriar" time="171.766" errors="0" timestamp="15 sep. 2021 21:06:08 GMT" skipped="0">
  <testcase classname="com.timp.test.MDR.CEP.Municipio.MunicipioCriar" name="criar" time="171.766"/>
>>>>>>> refs/remotes/origin/Yessy
</testsuite> <!-- com.timp.test.MDR.CEP.Municipio.MunicipioCriar -->
