<?xml version="1.0" encoding="UTF-8"?>
<!-- Generated by org.testng.reporters.JUnitReportReporter -->
<testsuite skipped="0" hostname="LitoSoler" name="com.timp.test.MDR.CEP.Logradouro.LogradouroFiltros" tests="1" failures="0" timestamp="19 mar 2021 21:37:16 GMT" time="40.426" errors="0">
  <testcase name="filtros" time="40.426" classname="com.timp.test.MDR.CEP.Logradouro.LogradouroFiltros"/>
</testsuite> <!-- com.timp.test.MDR.CEP.Logradouro.LogradouroFiltros -->
