<?xml version="1.0" encoding="UTF-8"?>
<!-- Generated by org.testng.reporters.JUnitReportReporter -->
<testsuite hostname="DESKTOP-M23FVFN" failures="0" tests="2" name="com.timp.test.ADM.Configuração.ConfiguraçãoDeTributos.ConfiguraçãoTributoTributoXEstrutura.ConfiguraçãoTributoTributoXEstruturaCriar" time="216.792" errors="0" timestamp="2022-09-23T12:57:25 BRT" skipped="0">
  <testcase classname="com.timp.test.ADM.Configuração.ConfiguraçãoDeTributos.ConfiguraçãoTributoTributoXEstrutura.ConfiguraçãoTributoTributoXEstruturaCriar" name="criar" time="106.842"/>
  <system-out/>
  <testcase classname="com.timp.test.ADM.Configuração.ConfiguraçãoDeTributos.ConfiguraçãoTributoTributoXEstrutura.ConfiguraçãoTributoTributoXEstruturaCriar" name="excluir" time="109.950"/>
  <system-out/>
</testsuite> <!-- com.timp.test.ADM.Configuração.ConfiguraçãoDeTributos.ConfiguraçãoTributoTributoXEstrutura.ConfiguraçãoTributoTributoXEstruturaCriar -->
