<?xml version="1.0" encoding="UTF-8"?>
<!-- Generated by org.testng.reporters.JUnitReportReporter -->
<testsuite hostname="CRISTHIAN-VASQUEZ" failures="0" tests="3" name="com.timp.test.BRE.RegrasdeAuditoriaN1.ParametrosGerais.RegrasDeAuditoriaN1Criar" time="117.053" errors="0" timestamp="9 Jan 2021 13:32:44 GMT">
  <testcase classname="com.timp.test.BRE.RegrasdeAuditoriaN1.ParametrosGerais.RegrasDeAuditoriaN1Criar" name="acessarBRE" time="15.371"/>
  <testcase classname="com.timp.test.BRE.RegrasdeAuditoriaN1.ParametrosGerais.RegrasDeAuditoriaN1Criar" name="login" time="8.472"/>
  <testcase classname="com.timp.test.BRE.RegrasdeAuditoriaN1.ParametrosGerais.RegrasDeAuditoriaN1Criar" name="criar" time="93.210"/>
</testsuite> <!-- com.timp.test.BRE.RegrasdeAuditoriaN1.ParametrosGerais.RegrasDeAuditoriaN1Criar -->
