<?xml version="1.0" encoding="UTF-8"?>
<!-- Generated by org.testng.reporters.JUnitReportReporter -->
<testsuite hostname="DESKTOP-35UG9UP" name="com.timp.test.MDR.CodigoContabilizacao.CodigoContabilizacaoExcluir" tests="3" failures="0" timestamp="31 Jul 2020 19:43:20 GMT" time="71.917" errors="0">
  <testcase name="login" time="9.575" classname="com.timp.test.MDR.CodigoContabilizacao.CodigoContabilizacaoExcluir"/>
  <testcase name="Excluir" time="50.594" classname="com.timp.test.MDR.CodigoContabilizacao.CodigoContabilizacaoExcluir"/>
  <testcase name="acessarMDR" time="11.748" classname="com.timp.test.MDR.CodigoContabilizacao.CodigoContabilizacaoExcluir"/>
</testsuite> <!-- com.timp.test.MDR.CodigoContabilizacao.CodigoContabilizacaoExcluir -->
