<?xml version="1.0" encoding="UTF-8"?>
<!-- Generated by org.testng.reporters.JUnitReportReporter -->
<testsuite skipped="0" hostname="LitoSoler" name="com.timp.test.MDR.Centralizacao.EstornoCredito.EstornoCreditoFiltros" tests="1" failures="0" timestamp="16 mar 2021 03:10:11 GMT" time="54.591" errors="0">
  <testcase name="filtro" time="54.591" classname="com.timp.test.MDR.Centralizacao.EstornoCredito.EstornoCreditoFiltros"/>
</testsuite> <!-- com.timp.test.MDR.Centralizacao.EstornoCredito.EstornoCreditoFiltros -->
