<?xml version="1.0" encoding="UTF-8"?>
<!-- Generated by org.testng.reporters.JUnitReportReporter -->
<testsuite hostname="LitoSoler" name="com.timp.test.MDR.ValorAdicionado.Municipio.MunicipioExcluir" tests="3" failures="0" timestamp="19 Nov 2020 17:14:55 GMT" time="60.267" errors="0">
  <testcase name="excluir" time="38.123" classname="com.timp.test.MDR.ValorAdicionado.Municipio.MunicipioExcluir"/>
  <testcase name="login" time="6.037" classname="com.timp.test.MDR.ValorAdicionado.Municipio.MunicipioExcluir"/>
  <testcase name="acessarMDR" time="16.107" classname="com.timp.test.MDR.ValorAdicionado.Municipio.MunicipioExcluir"/>
</testsuite> <!-- com.timp.test.MDR.ValorAdicionado.Municipio.MunicipioExcluir -->
