<?xml version="1.0" encoding="UTF-8"?>
<!-- Generated by org.testng.reporters.JUnitReportReporter -->
<testsuite hostname="DESKTOP-C57COV6" failures="0" tests="1" name="com.timp.test.MDR.TabelasApoioESocial.Tabela25.TiposDeBeneficiosDetalhes" time="76.388" errors="0" timestamp="06 nov. 2021 08:55:44 GMT" skipped="0">
  <testcase classname="com.timp.test.MDR.TabelasApoioESocial.Tabela25.TiposDeBeneficiosDetalhes" name="detalhes" time="76.388"/>
</testsuite> <!-- com.timp.test.MDR.TabelasApoioESocial.Tabela25.TiposDeBeneficiosDetalhes -->
