<?xml version="1.0" encoding="UTF-8"?>
<!-- Generated by org.testng.reporters.JUnitReportReporter -->
<testsuite hostname="MIGUEL" failures="0" tests="1" name="com.timp.test.MDR.TabelasApoioESocial.Tabela03.NaturezaDasRubricasEditar" time="105.193" errors="0" timestamp="08 abr. 2021 22:32:38 GMT" skipped="0">
  <testcase classname="com.timp.test.MDR.TabelasApoioESocial.Tabela03.NaturezaDasRubricasEditar" name="editar" time="105.193"/>
</testsuite> <!-- com.timp.test.MDR.TabelasApoioESocial.Tabela03.NaturezaDasRubricasEditar -->
