<?xml version="1.0" encoding="UTF-8"?>
<!-- Generated by org.testng.reporters.JUnitReportReporter -->
<testsuite hostname="DESKTOP-C57COV6" failures="0" tests="3" name="com.timp.test.ADM.Configuração.Usuarios.UsuáriosAtivarDesativar" time="77.867" errors="0" timestamp="09 abr. 2021 13:39:21 GMT" skipped="0">
  <testcase classname="com.timp.test.ADM.Configuração.Usuarios.UsuáriosAtivarDesativar" name="login" time="6.493"/>
  <testcase classname="com.timp.test.ADM.Configuração.Usuarios.UsuáriosAtivarDesativar" name="AcessarADM" time="14.658"/>
  <testcase classname="com.timp.test.ADM.Configuração.Usuarios.UsuáriosAtivarDesativar" name="ver" time="56.716"/>
</testsuite> <!-- com.timp.test.ADM.Configuração.Usuarios.UsuáriosAtivarDesativar -->
