<?xml version="1.0" encoding="UTF-8"?>
<!-- Generated by org.testng.reporters.JUnitReportReporter -->
<testsuite hostname="MIGUEL" failures="0" tests="3" name="com.timp.test.TDK.Kpis.Edicao.KpisLinksRapidosExcluir" time="132.070" errors="0" timestamp="22 mar. 2021 00:45:18 GMT" skipped="0">
  <testcase classname="com.timp.test.TDK.Kpis.Edicao.KpisLinksRapidosExcluir" name="login" time="11.449"/>
  <testcase classname="com.timp.test.TDK.Kpis.Edicao.KpisLinksRapidosExcluir" name="acessarTDK" time="31.435"/>
  <testcase classname="com.timp.test.TDK.Kpis.Edicao.KpisLinksRapidosExcluir" name="linkrapidoexcluir" time="89.186"/>
</testsuite> <!-- com.timp.test.TDK.Kpis.Edicao.KpisLinksRapidosExcluir -->
