<?xml version="1.0" encoding="UTF-8"?>
<!-- Generated by org.testng.reporters.JUnitReportReporter -->
<testsuite hostname="LAPTOP-IN7IV9K5" failures="0" tests="1" name="com.timp.test.TCC.BancoDeCréditoTributário.PainelPerDcomp.ConfiguraçãodeLayoutdePainel.ConfiguraçãodeLayoutdePainelFiltrosAvancados" time="119.000" errors="0" timestamp="09 abr. 2021 15:35:21 GMT" skipped="0">
  <testcase classname="com.timp.test.TCC.BancoDeCréditoTributário.PainelPerDcomp.ConfiguraçãodeLayoutdePainel.ConfiguraçãodeLayoutdePainelFiltrosAvancados" name="filtros" time="119.000"/>
</testsuite> <!-- com.timp.test.TCC.BancoDeCréditoTributário.PainelPerDcomp.ConfiguraçãodeLayoutdePainel.ConfiguraçãodeLayoutdePainelFiltrosAvancados -->
