<?xml version="1.0" encoding="UTF-8"?>
<!-- Generated by org.testng.reporters.JUnitReportReporter -->
<testsuite hostname="LitoSoler" name="com.timp.test.BRB.EditarPrueba" tests="3" failures="0" timestamp="23 Jul 2020 16:27:19 GMT" time="39.287" errors="0">
  <testcase name="login" time="5.555" classname="com.timp.test.BRB.EditarPrueba"/>
  <testcase name="brbEntrar" time="13.246" classname="com.timp.test.BRB.EditarPrueba"/>
  <testcase name="editar" time="20.486" classname="com.timp.test.BRB.EditarPrueba"/>
</testsuite> <!-- com.timp.test.BRB.EditarPrueba -->
