<?xml version="1.0" encoding="UTF-8"?>
<!-- Generated by org.testng.reporters.JUnitReportReporter -->
<testsuite hostname="DESKTOP-M23FVFN" failures="0" tests="1" name="com.timp.test.DFG.Configuracoes.ConfiguracoesVisualizar" time="205.486" errors="0" timestamp="2022-05-29T19:05:21 CST" skipped="0">
  <testcase classname="com.timp.test.DFG.Configuracoes.ConfiguracoesVisualizar" name="criar" time="205.486"/>
  <system-out/>
</testsuite> <!-- com.timp.test.DFG.Configuracoes.ConfiguracoesVisualizar -->
