<?xml version="1.0" encoding="UTF-8"?>
<!-- Generated by org.testng.reporters.JUnitReportReporter -->
<testsuite hostname="DESKTOP-C57COV6" failures="0" tests="1" name="com.timp.test.MDR.ThinCapitalization.Subcapitalizacao.SubcapitalizacaoExcluir" time="100.367" errors="0" timestamp="27 ago. 2021 01:11:40 GMT" skipped="0">
  <testcase classname="com.timp.test.MDR.ThinCapitalization.Subcapitalizacao.SubcapitalizacaoExcluir" name="excluir" time="100.367"/>
</testsuite> <!-- com.timp.test.MDR.ThinCapitalization.Subcapitalizacao.SubcapitalizacaoExcluir -->
