<?xml version="1.0" encoding="UTF-8"?>
<!-- Generated by org.testng.reporters.JUnitReportReporter -->
<testsuite hostname="DESKTOP-JP1A9E6" failures="0" tests="1" name="com.timp.test.DFG.Configuracoes.ConfiguracoesVisualizar" time="130.555" errors="0" timestamp="25 sep. 2021 00:21:50 GMT" skipped="0">
  <testcase classname="com.timp.test.DFG.Configuracoes.ConfiguracoesVisualizar" name="criar" time="130.555"/>
</testsuite> <!-- com.timp.test.DFG.Configuracoes.ConfiguracoesVisualizar -->
