<?xml version="1.0" encoding="UTF-8"?>
<!-- Generated by org.testng.reporters.JUnitReportReporter -->
<testsuite hostname="LitoSoler" name="com.timp.test.BRB.ExcluirColuna" tests="4" failures="0" timestamp="30 Sep 2020 16:25:17 GMT" time="165.790" errors="0">
  <testcase name="login" time="13.285" classname="com.timp.test.BRB.ExcluirColuna"/>
  <testcase name="excluirColunaDragNDrop" time="72.920" classname="com.timp.test.BRB.ExcluirColuna"/>
  <testcase name="brbEntrar" time="35.574" classname="com.timp.test.BRB.ExcluirColuna"/>
  <testcase name="excluirColunaOpcao" time="44.011" classname="com.timp.test.BRB.ExcluirColuna"/>
</testsuite> <!-- com.timp.test.BRB.ExcluirColuna -->
