<?xml version="1.0" encoding="UTF-8"?>
<!-- Generated by org.testng.reporters.JUnitReportReporter -->
<testsuite hostname="CRISTHIAN-VASQUEZ" failures="0" tests="3" name="com.timp.test.BRE.RegrasdeAuditoriaN2.RegrasdeAuditoriaN2Estrutura" time="301.429" errors="0" timestamp="15 Feb 2021 17:40:16 GMT">
  <testcase classname="com.timp.test.BRE.RegrasdeAuditoriaN2.RegrasdeAuditoriaN2Estrutura" name="editar" time="273.904"/>
  <testcase classname="com.timp.test.BRE.RegrasdeAuditoriaN2.RegrasdeAuditoriaN2Estrutura" name="login" time="8.858"/>
  <testcase classname="com.timp.test.BRE.RegrasdeAuditoriaN2.RegrasdeAuditoriaN2Estrutura" name="acessarBRE" time="18.667"/>
</testsuite> <!-- com.timp.test.BRE.RegrasdeAuditoriaN2.RegrasdeAuditoriaN2Estrutura -->
