<?xml version="1.0" encoding="UTF-8"?>
<!-- Generated by org.testng.reporters.JUnitReportReporter -->
<testsuite hostname="DESKTOP-5P4F1JE" failures="0" tests="3" name="com.timp.test.MDR.Siscoserv.RegistroRVS.RegistroRVSExcluirEmMassa" time="145.124" errors="0" timestamp="23 Nov 2020 19:48:45 GMT">
  <testcase classname="com.timp.test.MDR.Siscoserv.RegistroRVS.RegistroRVSExcluirEmMassa" name="login" time="7.967"/>
  <testcase classname="com.timp.test.MDR.Siscoserv.RegistroRVS.RegistroRVSExcluirEmMassa" name="acessarMDR" time="25.100"/>
  <testcase classname="com.timp.test.MDR.Siscoserv.RegistroRVS.RegistroRVSExcluirEmMassa" name="criar" time="112.057"/>
</testsuite> <!-- com.timp.test.MDR.Siscoserv.RegistroRVS.RegistroRVSExcluirEmMassa -->
