<?xml version="1.0" encoding="UTF-8"?>
<!-- Generated by org.testng.reporters.JUnitReportReporter -->
<testsuite hostname="DESKTOP-JP1A9E6" failures="0" tests="2" name="com.timp.test.MDR.TabelaApoioECD.CodigoFatosContabeis.CodigoFatosContabeisExcluirMassa" time="186.038" errors="0" timestamp="02 sep. 2021 16:54:03 GMT" skipped="0">
  <testcase classname="com.timp.test.MDR.TabelaApoioECD.CodigoFatosContabeis.CodigoFatosContabeisExcluirMassa" name="excluir" time="31.628"/>
  <testcase classname="com.timp.test.MDR.TabelaApoioECD.CodigoFatosContabeis.CodigoFatosContabeisExcluirMassa" name="criar" time="154.410"/>
</testsuite> <!-- com.timp.test.MDR.TabelaApoioECD.CodigoFatosContabeis.CodigoFatosContabeisExcluirMassa -->
