<?xml version="1.0" encoding="UTF-8"?>
<!-- Generated by org.testng.reporters.JUnitReportReporter -->
<testsuite hostname="LAPTOP-IN7IV9K5" failures="0" tests="1" name="com.timp.test.BRE.CalculoDeTributos.Edicao.CalculoDeTributosFiltrosAvansados" time="41.480" errors="0" timestamp="13 may. 2021 05:28:20 GMT" skipped="0">
  <testcase classname="com.timp.test.BRE.CalculoDeTributos.Edicao.CalculoDeTributosFiltrosAvansados" name="Filtro" time="41.480"/>
</testsuite> <!-- com.timp.test.BRE.CalculoDeTributos.Edicao.CalculoDeTributosFiltrosAvansados -->
