<?xml version="1.0" encoding="UTF-8"?>
<!-- Generated by org.testng.reporters.JUnitReportReporter -->
<testsuite hostname="LitoSoler" name="com.timp.test.MDR.CodigoContabilizacao.CodigoContabilizacaoEditar" tests="3" failures="0" timestamp="7 Aug 2020 19:53:27 GMT" time="131.469" errors="0">
  <testcase name="Editar" time="103.051" classname="com.timp.test.MDR.CodigoContabilizacao.CodigoContabilizacaoEditar"/>
  <testcase name="login" time="6.062" classname="com.timp.test.MDR.CodigoContabilizacao.CodigoContabilizacaoEditar"/>
  <testcase name="acessarMDR" time="22.356" classname="com.timp.test.MDR.CodigoContabilizacao.CodigoContabilizacaoEditar"/>
</testsuite> <!-- com.timp.test.MDR.CodigoContabilizacao.CodigoContabilizacaoEditar -->
