<?xml version="1.0" encoding="UTF-8"?>
<!-- Generated by org.testng.reporters.JUnitReportReporter -->
<testsuite hostname="DESKTOP-5P4F1JE" failures="0" tests="3" name="com.timp.test.TDK.Dashboard.Edicao.DashboardTabelaExecutar" time="118.100" errors="0" timestamp="1 Feb 2021 17:26:47 GMT">
  <testcase classname="com.timp.test.TDK.Dashboard.Edicao.DashboardTabelaExecutar" name="acessarTDK" time="26.462"/>
  <testcase classname="com.timp.test.TDK.Dashboard.Edicao.DashboardTabelaExecutar" name="TabelaExecutar" time="81.991"/>
  <testcase classname="com.timp.test.TDK.Dashboard.Edicao.DashboardTabelaExecutar" name="login" time="9.647"/>
</testsuite> <!-- com.timp.test.TDK.Dashboard.Edicao.DashboardTabelaExecutar -->
