<?xml version="1.0" encoding="UTF-8"?>
<!-- Generated by org.testng.reporters.JUnitReportReporter -->
<testsuite hostname="LitoSoler" name="com.timp.test.BRE.RegrasDeEscrituração.RegrasDeEscrituraçãoEditar" tests="3" failures="0" timestamp="21 Dec 2020 14:33:38 GMT" time="148.367" errors="0">
  <testcase name="login" time="6.638" classname="com.timp.test.BRE.RegrasDeEscrituração.RegrasDeEscrituraçãoEditar"/>
  <testcase name="criar" time="128.915" classname="com.timp.test.BRE.RegrasDeEscrituração.RegrasDeEscrituraçãoEditar"/>
  <testcase name="acessarBRE" time="12.814" classname="com.timp.test.BRE.RegrasDeEscrituração.RegrasDeEscrituraçãoEditar"/>
</testsuite> <!-- com.timp.test.BRE.RegrasDeEscrituração.RegrasDeEscrituraçãoEditar -->
