<?xml version="1.0" encoding="UTF-8"?>
<!-- Generated by org.testng.reporters.JUnitReportReporter -->
<testsuite hostname="DESKTOP-35UG9UP" name="com.timp.test.MDR.TabelasApoioSped.CodigoTipoCredito.InformaçoesAdicionaisCriar" tests="3" failures="0" timestamp="7 Aug 2020 12:04:18 GMT" time="121.962" errors="0">
  <testcase name="criar" time="73.606" classname="com.timp.test.MDR.TabelasApoioSped.CodigoTipoCredito.InformaçoesAdicionaisCriar"/>
  <testcase name="login" time="10.773" classname="com.timp.test.MDR.TabelasApoioSped.CodigoTipoCredito.InformaçoesAdicionaisCriar"/>
  <testcase name="acessarMDR" time="37.583" classname="com.timp.test.MDR.TabelasApoioSped.CodigoTipoCredito.InformaçoesAdicionaisCriar"/>
</testsuite> <!-- com.timp.test.MDR.TabelasApoioSped.CodigoTipoCredito.InformaçoesAdicionaisCriar -->
