<?xml version="1.0" encoding="UTF-8"?>
<!-- Generated by org.testng.reporters.JUnitReportReporter -->
<testsuite hostname="DESKTOP-JP1A9E6" failures="0" tests="1" name="com.timp.test.MDR.TabelasApoioESocial.Tabela17.DescriçãoDeNatDeLesãoExcluir" time="80.075" errors="0" timestamp="05 ago. 2021 08:27:09 GMT" skipped="0">
  <testcase classname="com.timp.test.MDR.TabelasApoioESocial.Tabela17.DescriçãoDeNatDeLesãoExcluir" name="excluir" time="80.075"/>
</testsuite> <!-- com.timp.test.MDR.TabelasApoioESocial.Tabela17.DescriçãoDeNatDeLesãoExcluir -->
