<?xml version="1.0" encoding="UTF-8"?>
<!-- Generated by org.testng.reporters.JUnitReportReporter -->
<testsuite hostname="DESKTOP-M23FVFN" failures="0" tests="1" name="com.timp.test.ADM.Configuração.ConfiguraçãoTributo.ConfiguraçãoTributoAgrupamento.ConfiguraçãoTributoAgrupamentoEditar" time="109.383" errors="0" timestamp="11 may. 2022 20:20:41 GMT" skipped="0">
  <testcase classname="com.timp.test.ADM.Configuração.ConfiguraçãoTributo.ConfiguraçãoTributoAgrupamento.ConfiguraçãoTributoAgrupamentoEditar" name="Editar" time="109.383"/>
</testsuite> <!-- com.timp.test.ADM.Configuração.ConfiguraçãoTributo.ConfiguraçãoTributoAgrupamento.ConfiguraçãoTributoAgrupamentoEditar -->
