<?xml version="1.0" encoding="UTF-8"?>
<!-- Generated by org.testng.reporters.JUnitReportReporter -->
<testsuite hostname="Agile" failures="0" tests="1" name="com.timp.test.BRE.RegrasdeAuditoriaN1.Edicao.RegrasdeAuditoriaN1EdiçãoEstruturas" time="472.921" errors="0" timestamp="26 abr. 2022 23:09:04 GMT" skipped="0">
  <testcase classname="com.timp.test.BRE.RegrasdeAuditoriaN1.Edicao.RegrasdeAuditoriaN1EdiçãoEstruturas" name="editar" time="472.921"/>
</testsuite> <!-- com.timp.test.BRE.RegrasdeAuditoriaN1.Edicao.RegrasdeAuditoriaN1EdiçãoEstruturas -->
