<?xml version="1.0" encoding="UTF-8"?>
<!-- Generated by org.testng.reporters.JUnitReportReporter -->
<testsuite hostname="DESKTOP-M23FVFN" failures="0" tests="1" name="com.timp.test.TDK.Kpis.Lixeira.LixeiraFiltroPorID" time="91.785" errors="0" timestamp="23 ene. 2022 14:25:24 GMT" skipped="0">
  <testcase classname="com.timp.test.TDK.Kpis.Lixeira.LixeiraFiltroPorID" name="filtro" time="91.785"/>
</testsuite> <!-- com.timp.test.TDK.Kpis.Lixeira.LixeiraFiltroPorID -->
