<?xml version="1.0" encoding="UTF-8"?>
<!-- Generated by org.testng.reporters.JUnitReportReporter -->
<testsuite skipped="0" hostname="LitoSoler" name="com.timp.test.MDR.ConfiguracoesFundoSocial.ConfiguracoesFundoSocialEditar" tests="1" failures="0" timestamp="09 mar 2021 00:34:17 GMT" time="574.156" errors="0">
  <testcase name="editar" time="574.156" classname="com.timp.test.MDR.ConfiguracoesFundoSocial.ConfiguracoesFundoSocialEditar"/>
</testsuite> <!-- com.timp.test.MDR.ConfiguracoesFundoSocial.ConfiguracoesFundoSocialEditar -->
