<?xml version="1.0" encoding="UTF-8"?>
<!-- Generated by org.testng.reporters.JUnitReportReporter -->
<testsuite hostname="DESKTOP-BNBDMGT" failures="0" tests="3" name="com.timp.test.DFG.Configuracoes.ConfiguracoesFavoritos" time="91.494" errors="0" timestamp="26 feb. 2021 22:05:14 GMT" skipped="0">
  <testcase classname="com.timp.test.DFG.Configuracoes.ConfiguracoesFavoritos" name="ingresar" time="9.248"/>
  <testcase classname="com.timp.test.DFG.Configuracoes.ConfiguracoesFavoritos" name="mdrEntrar" time="23.809"/>
  <testcase classname="com.timp.test.DFG.Configuracoes.ConfiguracoesFavoritos" name="favoritos" time="58.437"/>
</testsuite> <!-- com.timp.test.DFG.Configuracoes.ConfiguracoesFavoritos -->
