<?xml version="1.0" encoding="UTF-8"?>
<!-- Generated by org.testng.reporters.JUnitReportReporter -->
<testsuite hostname="DESKTOP-C57COV6" failures="0" tests="1" name="com.timp.test.TDK.Kpis.KpisCriar" time="97.298" errors="0" timestamp="01 may. 2021 00:43:50 GMT" skipped="0">
  <testcase classname="com.timp.test.TDK.Kpis.KpisCriar" name="criar" time="97.298"/>
</testsuite> <!-- com.timp.test.TDK.Kpis.KpisCriar -->
