<?xml version="1.0" encoding="UTF-8"?>
<!-- Generated by org.testng.reporters.JUnitReportReporter -->
<testsuite hostname="MIGUEL" failures="0" tests="3" name="com.timp.test.MDR.EventosESocial.S2210ComunicaçãoDeAcidenteDeTrabalho.S2210ComunicaçãoDeAcidenteDeTrabalhoExcluir" time="77.429" errors="0" timestamp="27 Oct 2020 17:34:25 GMT">
  <testcase classname="com.timp.test.MDR.EventosESocial.S2210ComunicaçãoDeAcidenteDeTrabalho.S2210ComunicaçãoDeAcidenteDeTrabalhoExcluir" name="excluir" time="59.815"/>
  <testcase classname="com.timp.test.MDR.EventosESocial.S2210ComunicaçãoDeAcidenteDeTrabalho.S2210ComunicaçãoDeAcidenteDeTrabalhoExcluir" name="ingresar" time="7.985"/>
  <testcase classname="com.timp.test.MDR.EventosESocial.S2210ComunicaçãoDeAcidenteDeTrabalho.S2210ComunicaçãoDeAcidenteDeTrabalhoExcluir" name="ingresarMDR" time="9.629"/>
</testsuite> <!-- com.timp.test.MDR.EventosESocial.S2210ComunicaçãoDeAcidenteDeTrabalho.S2210ComunicaçãoDeAcidenteDeTrabalhoExcluir -->
