<?xml version="1.0" encoding="UTF-8"?>
<!-- Generated by org.testng.reporters.JUnitReportReporter -->
<testsuite hostname="LitoSoler" name="com.timp.test.MDR.TabelasApoioESocial.UnidadeDeMedida.UnidadeDeMedidaFiltroCodigo" tests="3" failures="0" timestamp="16 Nov 2020 19:11:03 GMT" time="48.073" errors="0">
  <testcase name="login" time="7.468" classname="com.timp.test.MDR.TabelasApoioESocial.UnidadeDeMedida.UnidadeDeMedidaFiltroCodigo"/>
  <testcase name="filtroCodigo" time="30.360" classname="com.timp.test.MDR.TabelasApoioESocial.UnidadeDeMedida.UnidadeDeMedidaFiltroCodigo"/>
  <testcase name="acessarMDR" time="10.245" classname="com.timp.test.MDR.TabelasApoioESocial.UnidadeDeMedida.UnidadeDeMedidaFiltroCodigo"/>
</testsuite> <!-- com.timp.test.MDR.TabelasApoioESocial.UnidadeDeMedida.UnidadeDeMedidaFiltroCodigo -->
