<?xml version="1.0" encoding="UTF-8"?>
<!-- Generated by org.testng.reporters.JUnitReportReporter -->
<testsuite hostname="CRISTHIAN-VASQUEZ" failures="0" tests="3" name="com.timp.test.MDR.EventosESocial.S1250AquisicaoDeProducaoRural.S1250AquisiçãoTotal.S1250AquisiçãoTotalEditar" time="118.955" errors="0" timestamp="7 Jan 2021 11:50:10 GMT">
  <testcase classname="com.timp.test.MDR.EventosESocial.S1250AquisicaoDeProducaoRural.S1250AquisiçãoTotal.S1250AquisiçãoTotalEditar" name="acessarMDR" time="11.080"/>
  <testcase classname="com.timp.test.MDR.EventosESocial.S1250AquisicaoDeProducaoRural.S1250AquisiçãoTotal.S1250AquisiçãoTotalEditar" name="login" time="17.779"/>
  <testcase classname="com.timp.test.MDR.EventosESocial.S1250AquisicaoDeProducaoRural.S1250AquisiçãoTotal.S1250AquisiçãoTotalEditar" name="editar" time="90.096"/>
</testsuite> <!-- com.timp.test.MDR.EventosESocial.S1250AquisicaoDeProducaoRural.S1250AquisiçãoTotal.S1250AquisiçãoTotalEditar -->
