<?xml version="1.0" encoding="UTF-8"?>
<!-- Generated by org.testng.reporters.JUnitReportReporter -->
<testsuite hostname="DESKTOP-M23FVFN" failures="0" tests="1" name="com.timp.test.DFG.Configuracoes.ConfiguracoesCriarGrerenciarMoverPasta" time="214.695" errors="0" timestamp="23 dic. 2021 16:21:59 GMT" skipped="0">
  <testcase classname="com.timp.test.DFG.Configuracoes.ConfiguracoesCriarGrerenciarMoverPasta" name="criarGerenciarMoverPasta" time="214.695"/>
</testsuite> <!-- com.timp.test.DFG.Configuracoes.ConfiguracoesCriarGrerenciarMoverPasta -->
