<?xml version="1.0" encoding="UTF-8"?>
<!-- Generated by org.testng.reporters.JUnitReportReporter -->
<testsuite hostname="LitoSoler" name="com.timp.test.MDR.CenariosCorrecao.CenariosCorrecaoEditar" tests="3" failures="0" timestamp="14 Nov 2020 18:13:20 GMT" time="81.017" errors="0">
  <testcase name="acessarMDR" time="23.072" classname="com.timp.test.MDR.CenariosCorrecao.CenariosCorrecaoEditar"/>
  <testcase name="editar" time="51.055" classname="com.timp.test.MDR.CenariosCorrecao.CenariosCorrecaoEditar"/>
  <testcase name="login" time="6.890" classname="com.timp.test.MDR.CenariosCorrecao.CenariosCorrecaoEditar"/>
</testsuite> <!-- com.timp.test.MDR.CenariosCorrecao.CenariosCorrecaoEditar -->
