<?xml version="1.0" encoding="UTF-8"?>
<!-- Generated by org.testng.reporters.JUnitReportReporter -->
<<<<<<< HEAD
<testsuite hostname="LAPTOP-IN7IV9K5" failures="0" tests="1" name="com.timp.test.MDR.TabelasApoioESocial.Tabela15.AgenteCausadorDeSGDPEditar" time="103.638" errors="0" timestamp="25 jun. 2021 18:07:20 GMT" skipped="0">
  <testcase classname="com.timp.test.MDR.TabelasApoioESocial.Tabela15.AgenteCausadorDeSGDPEditar" name="editar" time="103.638"/>
=======
<testsuite hostname="DESKTOP-JP1A9E6" failures="0" tests="1" name="com.timp.test.MDR.TabelasApoioESocial.Tabela15.AgenteCausadorDeSGDPEditar" time="162.418" errors="0" timestamp="15 sep. 2021 23:02:06 GMT" skipped="0">
  <testcase classname="com.timp.test.MDR.TabelasApoioESocial.Tabela15.AgenteCausadorDeSGDPEditar" name="editar" time="162.418"/>
>>>>>>> refs/remotes/origin/Yessy
</testsuite> <!-- com.timp.test.MDR.TabelasApoioESocial.Tabela15.AgenteCausadorDeSGDPEditar -->
