<?xml version="1.0" encoding="UTF-8"?>
<!-- Generated by org.testng.reporters.JUnitReportReporter -->
<testsuite hostname="LitoSoler" name="com.timp.test.MDR.SequenciaAcesso.SequenciaCriar" tests="3" failures="0" timestamp="27 Jul 2020 19:28:27 GMT" time="100.332" errors="0">
  <testcase name="criar" time="58.584" classname="com.timp.test.MDR.SequenciaAcesso.SequenciaCriar"/>
  <testcase name="login" time="8.610" classname="com.timp.test.MDR.SequenciaAcesso.SequenciaCriar"/>
  <testcase name="acessarMDR" time="33.138" classname="com.timp.test.MDR.SequenciaAcesso.SequenciaCriar"/>
</testsuite> <!-- com.timp.test.MDR.SequenciaAcesso.SequenciaCriar -->
