<?xml version="1.0" encoding="UTF-8"?>
<!-- Generated by org.testng.reporters.JUnitReportReporter -->
<testsuite hostname="LAPTOP-IN7IV9K5" failures="0" tests="1" name="com.timp.test.MDR.CEP.Bairro.BairroFiltros" time="37.320" errors="0" timestamp="09 abr. 2021 04:18:34 GMT" skipped="0">
  <testcase classname="com.timp.test.MDR.CEP.Bairro.BairroFiltros" name="filtro" time="37.320"/>
</testsuite> <!-- com.timp.test.MDR.CEP.Bairro.BairroFiltros -->
