<?xml version="1.0" encoding="UTF-8"?>
<!-- Generated by org.testng.reporters.JUnitReportReporter -->
<testsuite hostname="LitoSoler" name="com.timp.test.MDR.TabelasApoioESocial.Tabela20.TiposDeLogradouroEditar" tests="3" failures="0" timestamp="12 Nov 2020 16:52:32 GMT" time="116.427" errors="0">
  <testcase name="ingresar" time="11.082" classname="com.timp.test.MDR.TabelasApoioESocial.Tabela20.TiposDeLogradouroEditar"/>
  <testcase name="editar" time="51.895" classname="com.timp.test.MDR.TabelasApoioESocial.Tabela20.TiposDeLogradouroEditar"/>
  <testcase name="mdrEntrar" time="53.450" classname="com.timp.test.MDR.TabelasApoioESocial.Tabela20.TiposDeLogradouroEditar"/>
</testsuite> <!-- com.timp.test.MDR.TabelasApoioESocial.Tabela20.TiposDeLogradouroEditar -->
