<?xml version="1.0" encoding="UTF-8"?>
<!-- Generated by org.testng.reporters.JUnitReportReporter -->
<testsuite hostname="MIGUEL" failures="0" tests="1" name="com.timp.test.TCM.Configuracao.ModeloDeDados.ConfiguracaoModeloDeDadosCriar" time="81.266" errors="0" timestamp="11 mar. 2021 19:32:59 GMT" skipped="0">
  <testcase classname="com.timp.test.TCM.Configuracao.ModeloDeDados.ConfiguracaoModeloDeDadosCriar" name="criar" time="81.266"/>
</testsuite> <!-- com.timp.test.TCM.Configuracao.ModeloDeDados.ConfiguracaoModeloDeDadosCriar -->
