<?xml version="1.0" encoding="UTF-8"?>
<!-- Generated by org.testng.reporters.JUnitReportReporter -->
<testsuite hostname="LitoSoler" name="com.timp.test.MDR.RepresentanteLegais.RepresentanteLegaisVisualizar" tests="3" failures="0" timestamp="24 Sep 2020 20:02:57 GMT" time="63.414" errors="0">
  <testcase name="Visualizar" time="38.556" classname="com.timp.test.MDR.RepresentanteLegais.RepresentanteLegaisVisualizar"/>
  <testcase name="acessarMDR" time="17.998" classname="com.timp.test.MDR.RepresentanteLegais.RepresentanteLegaisVisualizar"/>
  <testcase name="login" time="6.860" classname="com.timp.test.MDR.RepresentanteLegais.RepresentanteLegaisVisualizar"/>
</testsuite> <!-- com.timp.test.MDR.RepresentanteLegais.RepresentanteLegaisVisualizar -->
