<?xml version="1.0" encoding="UTF-8"?>
<!-- Generated by org.testng.reporters.JUnitReportReporter -->
<testsuite hostname="DESKTOP-BNBDMGT" failures="0" tests="3" name="com.timp.test.DFG.Leiautes.ParametrosGeraisFiltroAvancados" time="62.352" errors="0" timestamp="29 Nov 2020 23:47:17 GMT">
  <testcase classname="com.timp.test.DFG.Leiautes.ParametrosGeraisFiltroAvancados" name="ingresar" time="6.895"/>
  <testcase classname="com.timp.test.DFG.Leiautes.ParametrosGeraisFiltroAvancados" name="Entrar" time="16.624"/>
  <testcase classname="com.timp.test.DFG.Leiautes.ParametrosGeraisFiltroAvancados" name="filtros" time="38.833"/>
</testsuite> <!-- com.timp.test.DFG.Leiautes.ParametrosGeraisFiltroAvancados -->
