<?xml version="1.0" encoding="UTF-8"?>
<!-- Generated by org.testng.reporters.JUnitReportReporter -->
<testsuite hostname="DESKTOP-35UG9UP" name="com.timp.test.BRB.paginacion" tests="3" failures="0" timestamp="1 Oct 2020 12:53:18 GMT" time="76.712" errors="0">
  <testcase name="login" time="10.256" classname="com.timp.test.BRB.paginacion"/>
  <testcase name="paginacion" time="37.859" classname="com.timp.test.BRB.paginacion"/>
  <testcase name="brbEntrar" time="28.597" classname="com.timp.test.BRB.paginacion"/>
</testsuite> <!-- com.timp.test.BRB.paginacion -->
