<?xml version="1.0" encoding="UTF-8"?>
<!-- Generated by org.testng.reporters.JUnitReportReporter -->
<testsuite hostname="Agile" failures="0" tests="1" name="com.timp.test.BRB.ComentarioListaSuspensa" time="312.064" errors="0" timestamp="28 feb. 2022 08:51:36 GMT" skipped="0">
  <testcase classname="com.timp.test.BRB.ComentarioListaSuspensa" name="listaSuspensa" time="312.064"/>
</testsuite> <!-- com.timp.test.BRB.ComentarioListaSuspensa -->
