<?xml version="1.0" encoding="UTF-8"?>
<!-- Generated by org.testng.reporters.JUnitReportReporter -->
<testsuite hostname="DESKTOP-5P4F1JE" failures="0" tests="3" name="com.timp.test.MDR.Siscoserv.Enquadramento.EnquadramentoVisualizar" time="67.752" errors="0" timestamp="20 Oct 2020 20:37:48 GMT">
  <testcase classname="com.timp.test.MDR.Siscoserv.Enquadramento.EnquadramentoVisualizar" name="login" time="8.055"/>
  <testcase classname="com.timp.test.MDR.Siscoserv.Enquadramento.EnquadramentoVisualizar" name="Visualizar" time="36.814"/>
  <testcase classname="com.timp.test.MDR.Siscoserv.Enquadramento.EnquadramentoVisualizar" name="acessarMDR" time="22.883"/>
</testsuite> <!-- com.timp.test.MDR.Siscoserv.Enquadramento.EnquadramentoVisualizar -->
