<?xml version="1.0" encoding="UTF-8"?>
<!-- Generated by org.testng.reporters.JUnitReportReporter -->
<testsuite hostname="CRISTHIAN-VASQUEZ" failures="0" tests="3" name="com.timp.test.BRE.RegrasDeEscrituração.RegrasDeEscrituraçãoVisualizar" time="78.566" errors="0" timestamp="8 Jan 2021 01:23:20 GMT">
  <testcase classname="com.timp.test.BRE.RegrasDeEscrituração.RegrasDeEscrituraçãoVisualizar" name="login" time="7.140"/>
  <testcase classname="com.timp.test.BRE.RegrasDeEscrituração.RegrasDeEscrituraçãoVisualizar" name="acessarBRE" time="16.734"/>
  <testcase classname="com.timp.test.BRE.RegrasDeEscrituração.RegrasDeEscrituraçãoVisualizar" name="visualizar" time="54.692"/>
</testsuite> <!-- com.timp.test.BRE.RegrasDeEscrituração.RegrasDeEscrituraçãoVisualizar -->
