<?xml version="1.0" encoding="UTF-8"?>
<!-- Generated by org.testng.reporters.JUnitReportReporter -->
<testsuite hostname="DESKTOP-C57COV6" failures="0" tests="1" name="com.timp.test.BRB.ComentarioListaSuspensa" time="219.519" errors="0" timestamp="05 jul. 2021 16:21:18 GMT" skipped="0">
  <testcase classname="com.timp.test.BRB.ComentarioListaSuspensa" name="listaSuspensa" time="219.519"/>
</testsuite> <!-- com.timp.test.BRB.ComentarioListaSuspensa -->
