<?xml version="1.0" encoding="UTF-8"?>
<!-- Generated by org.testng.reporters.JUnitReportReporter -->
<testsuite hostname="DESKTOP-5P4F1JE" failures="0" tests="4" name="com.timp.test.BRB.GruposAvanzados" time="304.863" errors="0" timestamp="13 Nov 2020 19:30:17 GMT">
  <testcase classname="com.timp.test.BRB.GruposAvanzados" name="brbEntrar" time="22.356"/>
  <testcase classname="com.timp.test.BRB.GruposAvanzados" name="gruposAvanzados" time="248.186"/>
  <testcase classname="com.timp.test.BRB.GruposAvanzados" name="login" time="7.915"/>
  <testcase classname="com.timp.test.BRB.GruposAvanzados" name="eliminarGrupos" time="26.406"/>
</testsuite> <!-- com.timp.test.BRB.GruposAvanzados -->
