<?xml version="1.0" encoding="UTF-8"?>
<!-- Generated by org.testng.reporters.JUnitReportReporter -->
<testsuite hostname="LitoSoler" name="com.timp.test.MDR.TabelasApoioESocial.Tabela23.FactoresDeRiscoExcluir" tests="3" failures="0" timestamp="22 Jan 2021 23:39:03 GMT" time="60.152" errors="0">
  <testcase name="login" time="6.564" classname="com.timp.test.MDR.TabelasApoioESocial.Tabela23.FactoresDeRiscoExcluir"/>
  <testcase name="acessarMDR" time="16.012" classname="com.timp.test.MDR.TabelasApoioESocial.Tabela23.FactoresDeRiscoExcluir"/>
  <testcase name="excluirr" time="37.576" classname="com.timp.test.MDR.TabelasApoioESocial.Tabela23.FactoresDeRiscoExcluir"/>
</testsuite> <!-- com.timp.test.MDR.TabelasApoioESocial.Tabela23.FactoresDeRiscoExcluir -->
