<?xml version="1.0" encoding="UTF-8"?>
<!-- Generated by org.testng.reporters.JUnitReportReporter -->
<testsuite hostname="DESKTOP-M23FVFN" failures="0" tests="1" name="com.timp.test.TAA.AtribuiçõesdeRegras.RegrasdeAbas.RegradeAbasVer" time="193.115" errors="0" timestamp="2022-06-06T16:32:21 CST" skipped="0">
  <testcase classname="com.timp.test.TAA.AtribuiçõesdeRegras.RegrasdeAbas.RegradeAbasVer" name="ver" time="193.115"/>
  <system-out/>
</testsuite> <!-- com.timp.test.TAA.AtribuiçõesdeRegras.RegrasdeAbas.RegradeAbasVer -->
