<?xml version="1.0" encoding="UTF-8"?>
<!-- Generated by org.testng.reporters.JUnitReportReporter -->
<testsuite hostname="DESKTOP-JP1A9E6" failures="0" tests="1" name="com.timp.test.MDR.CadastroCondiçao.cadastrocondicaoDetalle" time="87.981" errors="0" timestamp="27 ago. 2021 07:22:27 GMT" skipped="0">
  <testcase classname="com.timp.test.MDR.CadastroCondiçao.cadastrocondicaoDetalle" name="detalle" time="87.981"/>
</testsuite> <!-- com.timp.test.MDR.CadastroCondiçao.cadastrocondicaoDetalle -->
