<?xml version="1.0" encoding="UTF-8"?>
<!-- Generated by org.testng.reporters.JUnitReportReporter -->
<testsuite skipped="0" hostname="LitoSoler" name="com.timp.test.MDR.ContratoIOF.ContratoIOFDetalhes" tests="1" failures="0" timestamp="19 mar 2021 21:15:27 GMT" time="79.867" errors="0">
  <testcase name="Detalhes" time="79.867" classname="com.timp.test.MDR.ContratoIOF.ContratoIOFDetalhes"/>
</testsuite> <!-- com.timp.test.MDR.ContratoIOF.ContratoIOFDetalhes -->
