<?xml version="1.0" encoding="UTF-8"?>
<!-- Generated by org.testng.reporters.JUnitReportReporter -->
<testsuite hostname="DESKTOP-M23FVFN" failures="0" tests="1" name="com.timp.test.MDR.CenariosCorrecao.CenariosCorrecaoCriar" time="103.389" errors="0" timestamp="18 dic. 2021 15:26:09 GMT" skipped="0">
  <testcase classname="com.timp.test.MDR.CenariosCorrecao.CenariosCorrecaoCriar" name="criar" time="103.389"/>
</testsuite> <!-- com.timp.test.MDR.CenariosCorrecao.CenariosCorrecaoCriar -->
