<?xml version="1.0" encoding="UTF-8"?>
<!-- Generated by org.testng.reporters.JUnitReportReporter -->
<testsuite hostname="LitoSoler" name="com.timp.test.BRB.FiltrosAvançados" tests="3" failures="0" timestamp="14 Aug 2020 17:26:01 GMT" time="58.184" errors="0">
  <testcase name="filtrosAvanzados" time="7.726" classname="com.timp.test.BRB.FiltrosAvançados"/>
  <testcase name="login" time="27.210" classname="com.timp.test.BRB.FiltrosAvançados"/>
  <testcase name="brbEntrar" time="23.248" classname="com.timp.test.BRB.FiltrosAvançados"/>
</testsuite> <!-- com.timp.test.BRB.FiltrosAvançados -->
