<?xml version="1.0" encoding="UTF-8"?>
<!-- Generated by org.testng.reporters.JUnitReportReporter -->
<testsuite hostname="DESKTOP-C57COV6" failures="0" tests="1" name="com.timp.test.BRB.RenomearColuna" time="142.123" errors="0" timestamp="01 jul. 2021 17:59:30 GMT" skipped="0">
  <testcase classname="com.timp.test.BRB.RenomearColuna" name="renomearColuna" time="142.123"/>
</testsuite> <!-- com.timp.test.BRB.RenomearColuna -->
