<?xml version="1.0" encoding="UTF-8"?>
<!-- Generated by org.testng.reporters.JUnitReportReporter -->
<testsuite hostname="DESKTOP-35UG9UP" name="com.timp.test.MDR.SCANC.AjustesDosAnexos.AjustesDosAnexosExcluir" tests="3" failures="0" timestamp="18 Sep 2020 13:46:57 GMT" time="131.374" errors="0">
  <testcase name="acessarMDR" time="36.129" classname="com.timp.test.MDR.SCANC.AjustesDosAnexos.AjustesDosAnexosExcluir"/>
  <testcase name="login" time="9.696" classname="com.timp.test.MDR.SCANC.AjustesDosAnexos.AjustesDosAnexosExcluir"/>
  <testcase name="excluir" time="85.549" classname="com.timp.test.MDR.SCANC.AjustesDosAnexos.AjustesDosAnexosExcluir"/>
</testsuite> <!-- com.timp.test.MDR.SCANC.AjustesDosAnexos.AjustesDosAnexosExcluir -->
