<?xml version="1.0" encoding="UTF-8"?>
<!-- Generated by org.testng.reporters.JUnitReportReporter -->
<testsuite hostname="MassielV" failures="0" tests="2" name="com.timp.test.MDR.TabelasApoioESocial.Tabela28.DadosDeRATExcluirEmMassa" time="191.899" errors="0" timestamp="06 nov. 2021 06:49:35 GMT" skipped="0">
  <testcase classname="com.timp.test.MDR.TabelasApoioESocial.Tabela28.DadosDeRATExcluirEmMassa" name="criar" time="152.365"/>
  <testcase classname="com.timp.test.MDR.TabelasApoioESocial.Tabela28.DadosDeRATExcluirEmMassa" name="excluir" time="39.534"/>
</testsuite> <!-- com.timp.test.MDR.TabelasApoioESocial.Tabela28.DadosDeRATExcluirEmMassa -->
