<?xml version="1.0" encoding="UTF-8"?>
<!-- Generated by org.testng.reporters.JUnitReportReporter -->
<testsuite hostname="MassielV" failures="0" tests="3" name="com.timp.test.BRB.Formula" time="294.317" errors="0" timestamp="30 oct. 2021 05:31:28 GMT" skipped="0">
  <testcase classname="com.timp.test.BRB.Formula" name="formulaBoton" time="94.213"/>
  <testcase classname="com.timp.test.BRB.Formula" name="aplicar" time="3.052"/>
  <testcase classname="com.timp.test.BRB.Formula" name="formulaColuna" time="197.052"/>
</testsuite> <!-- com.timp.test.BRB.Formula -->
