<?xml version="1.0" encoding="UTF-8"?>
<!-- Generated by org.testng.reporters.JUnitReportReporter -->
<testsuite hostname="LAPTOP-IN7IV9K5" failures="0" tests="3" name="com.timp.test.DFG.Configuracoes.ConfiguracoesExecutar" time="324.131" errors="0" timestamp="14 jun. 2021 05:30:22 GMT" skipped="0">
  <testcase classname="com.timp.test.DFG.Configuracoes.ConfiguracoesExecutar" name="ingresar" time="7.094"/>
  <testcase classname="com.timp.test.DFG.Configuracoes.ConfiguracoesExecutar" name="dfgEntrar" time="22.044"/>
  <testcase classname="com.timp.test.DFG.Configuracoes.ConfiguracoesExecutar" name="executar" time="294.993"/>
</testsuite> <!-- com.timp.test.DFG.Configuracoes.ConfiguracoesExecutar -->
