<?xml version="1.0" encoding="UTF-8"?>
<!-- Generated by org.testng.reporters.JUnitReportReporter -->
<testsuite hostname="LAPTOP-IN7IV9K5" failures="0" tests="1" name="com.timp.test.MDR.CEP.Municipio.MunicipioEliminar" time="72.932" errors="0" timestamp="23 abr. 2021 04:05:39 GMT" skipped="0">
  <testcase classname="com.timp.test.MDR.CEP.Municipio.MunicipioEliminar" name="excluir" time="72.932"/>
</testsuite> <!-- com.timp.test.MDR.CEP.Municipio.MunicipioEliminar -->
