<?xml version="1.0" encoding="UTF-8"?>
<!-- Generated by org.testng.reporters.JUnitReportReporter -->
<testsuite hostname="EC2AMAZ-8HCHO4G" failures="0" tests="1" name="com.timp.test.MDR.Filiais.FiliaisDetalle" time="109.269" errors="0" timestamp="2024-08-12T19:58:12 UTC" skipped="0">
  <testcase classname="com.timp.test.MDR.Filiais.FiliaisDetalle" name="detalle" time="109.269"/>
  <system-out/>
</testsuite> <!-- com.timp.test.MDR.Filiais.FiliaisDetalle -->
