<?xml version="1.0" encoding="UTF-8"?>
<!-- Generated by org.testng.reporters.JUnitReportReporter -->
<testsuite hostname="DESKTOP-C57COV6" failures="0" tests="1" name="com.timp.test.BRB.ExcluirColuna" time="934.281" errors="0" timestamp="18 oct. 2021 01:25:37 GMT" skipped="0">
  <testcase classname="com.timp.test.BRB.ExcluirColuna" name="excluirColunaDragNDrop" time="934.281"/>
</testsuite> <!-- com.timp.test.BRB.ExcluirColuna -->
