<?xml version="1.0" encoding="UTF-8"?>
<!-- Generated by org.testng.reporters.JUnitReportReporter -->
<testsuite hostname="DESKTOP-M23FVFN" failures="0" tests="1" name="com.timp.test.TFP.Configurações.Bloqueios.SubPeriodo.SubPeriodoFiltroId" time="93.263" errors="0" timestamp="2022-12-06T19:41:39 BRT" skipped="0">
  <testcase classname="com.timp.test.TFP.Configurações.Bloqueios.SubPeriodo.SubPeriodoFiltroId" name="criar" time="93.263"/>
  <system-out/>
</testsuite> <!-- com.timp.test.TFP.Configurações.Bloqueios.SubPeriodo.SubPeriodoFiltroId -->
