<?xml version="1.0" encoding="UTF-8"?>
<!-- Generated by org.testng.reporters.JUnitReportReporter -->
<testsuite hostname="DESKTOP-M23FVFN" failures="0" tests="2" name="com.timp.test.BRB.ExcluirRelatorio" time="203.748" errors="0" timestamp="08 mar. 2022 04:50:48 GMT" skipped="0">
  <testcase classname="com.timp.test.BRB.ExcluirRelatorio" name="eliminarLixeira" time="53.445"/>
  <testcase classname="com.timp.test.BRB.ExcluirRelatorio" name="eliminar" time="150.303"/>
</testsuite> <!-- com.timp.test.BRB.ExcluirRelatorio -->
