<?xml version="1.0" encoding="UTF-8"?>
<!-- Generated by org.testng.reporters.JUnitReportReporter -->
<testsuite hostname="LitoSoler" name="com.timp.test.BRE.RegrasDeEscrituração.RegrasDeEscrituracaoExcluir" tests="3" failures="0" timestamp="2 Feb 2021 14:11:01 GMT" time="104.804" errors="0">
  <testcase name="acessarBRE" time="16.913" classname="com.timp.test.BRE.RegrasDeEscrituração.RegrasDeEscrituracaoExcluir"/>
  <testcase name="login" time="8.233" classname="com.timp.test.BRE.RegrasDeEscrituração.RegrasDeEscrituracaoExcluir"/>
  <testcase name="criar" time="79.658" classname="com.timp.test.BRE.RegrasDeEscrituração.RegrasDeEscrituracaoExcluir"/>
</testsuite> <!-- com.timp.test.BRE.RegrasDeEscrituração.RegrasDeEscrituracaoExcluir -->
