<?xml version="1.0" encoding="UTF-8"?>
<!-- Generated by org.testng.reporters.JUnitReportReporter -->
<testsuite hostname="DESKTOP-M23FVFN" failures="0" tests="1" name="com.timp.test.MDR.Filiais.FiliaisEditar" time="139.064" errors="0" timestamp="22 dic. 2021 23:53:32 GMT" skipped="0">
  <testcase classname="com.timp.test.MDR.Filiais.FiliaisEditar" name="editar" time="139.064"/>
</testsuite> <!-- com.timp.test.MDR.Filiais.FiliaisEditar -->
