<?xml version="1.0" encoding="UTF-8"?>
<!-- Generated by org.testng.reporters.JUnitReportReporter -->
<testsuite skipped="0" hostname="LitoSoler" name="com.timp.test.MDR.ControleDeCreditoTributario.UtilizacaoDosCreditosNaApuracao.UtilizacaoDosCreditosNaApuracaoExcluirEmMassa" tests="2" failures="0" timestamp="09 mar 2021 00:34:16 GMT" time="187.400" errors="0">
  <testcase name="excluir" time="30.036" classname="com.timp.test.MDR.ControleDeCreditoTributario.UtilizacaoDosCreditosNaApuracao.UtilizacaoDosCreditosNaApuracaoExcluirEmMassa"/>
  <testcase name="criar" time="157.364" classname="com.timp.test.MDR.ControleDeCreditoTributario.UtilizacaoDosCreditosNaApuracao.UtilizacaoDosCreditosNaApuracaoExcluirEmMassa"/>
</testsuite> <!-- com.timp.test.MDR.ControleDeCreditoTributario.UtilizacaoDosCreditosNaApuracao.UtilizacaoDosCreditosNaApuracaoExcluirEmMassa -->
