<?xml version="1.0" encoding="UTF-8"?>
<!-- Generated by org.testng.reporters.JUnitReportReporter -->
<testsuite hostname="DESKTOP-JP1A9E6" failures="0" tests="1" name="com.timp.test.MDR.TabelasComplementaresParaObrigaçoesAcessorias.TabelaOutrosDebitos.TabelaOutrosDebitosCriar" time="76.140" errors="0" timestamp="20 jul. 2021 11:06:16 GMT" skipped="0">
  <testcase classname="com.timp.test.MDR.TabelasComplementaresParaObrigaçoesAcessorias.TabelaOutrosDebitos.TabelaOutrosDebitosCriar" name="criar" time="76.140"/>
</testsuite> <!-- com.timp.test.MDR.TabelasComplementaresParaObrigaçoesAcessorias.TabelaOutrosDebitos.TabelaOutrosDebitosCriar -->
