<?xml version="1.0" encoding="UTF-8"?>
<!-- Generated by org.testng.reporters.JUnitReportReporter -->
<testsuite hostname="DESKTOP-35UG9UP" name="com.timp.test.BRB.Editar" tests="3" failures="0" timestamp="30 Sep 2020 22:20:04 GMT" time="89.051" errors="0">
  <testcase name="brbEntrar" time="28.409" classname="com.timp.test.BRB.Editar"/>
  <testcase name="editar" time="47.488" classname="com.timp.test.BRB.Editar"/>
  <testcase name="login" time="13.154" classname="com.timp.test.BRB.Editar"/>
</testsuite> <!-- com.timp.test.BRB.Editar -->
