<?xml version="1.0" encoding="UTF-8"?>
<!-- Generated by org.testng.reporters.JUnitReportReporter -->
<testsuite hostname="LitoSoler" name="com.timp.test.MDR.Centralizacao.Tributos.TributosEditar" tests="3" failures="0" timestamp="7 Aug 2020 01:59:10 GMT" time="93.945" errors="0">
  <testcase name="tributoEditar" time="79.528" classname="com.timp.test.MDR.Centralizacao.Tributos.TributosEditar"/>
  <testcase name="login" time="6.232" classname="com.timp.test.MDR.Centralizacao.Tributos.TributosEditar"/>
  <testcase name="acessarMDR" time="8.185" classname="com.timp.test.MDR.Centralizacao.Tributos.TributosEditar"/>
</testsuite> <!-- com.timp.test.MDR.Centralizacao.Tributos.TributosEditar -->
