<?xml version="1.0" encoding="UTF-8"?>
<!-- Generated by org.testng.reporters.JUnitReportReporter -->
<testsuite hostname="DESKTOP-C57COV6" failures="0" tests="1" name="com.timp.test.ADM.Configuração.ManuaisDeComponente.ManuaisDeComponenteEditar" time="133.518" errors="0" timestamp="30 oct. 2021 03:57:13 GMT" skipped="0">
  <testcase classname="com.timp.test.ADM.Configuração.ManuaisDeComponente.ManuaisDeComponenteEditar" name="editar" time="133.518"/>
</testsuite> <!-- com.timp.test.ADM.Configuração.ManuaisDeComponente.ManuaisDeComponenteEditar -->
