<?xml version="1.0" encoding="UTF-8"?>
<!-- Generated by org.testng.reporters.JUnitReportReporter -->
<testsuite hostname="LitoSoler" name="com.timp.test.MDR.SequenciaAcesso.SequenciaCriar" tests="3" failures="0" timestamp="20 Aug 2020 01:30:10 GMT" time="121.834" errors="0">
  <testcase name="acessarMDR" time="39.456" classname="com.timp.test.MDR.SequenciaAcesso.SequenciaCriar"/>
  <testcase name="criar" time="74.959" classname="com.timp.test.MDR.SequenciaAcesso.SequenciaCriar"/>
  <testcase name="login" time="7.419" classname="com.timp.test.MDR.SequenciaAcesso.SequenciaCriar"/>
</testsuite> <!-- com.timp.test.MDR.SequenciaAcesso.SequenciaCriar -->
