<?xml version="1.0" encoding="UTF-8"?>
<!-- Generated by org.testng.reporters.JUnitReportReporter -->
<testsuite hostname="LitoSoler" name="com.timp.test.BRB.Filtros" tests="5" failures="0" timestamp="30 Sep 2020 21:10:18 GMT" time="179.943" errors="0">
  <testcase name="filtrosEditor" time="81.915" classname="com.timp.test.BRB.Filtros"/>
  <testcase name="login" time="10.803" classname="com.timp.test.BRB.Filtros"/>
  <testcase name="asignarValores" time="14.844" classname="com.timp.test.BRB.Filtros"/>
  <testcase name="filtrosBiblioteca" time="46.822" classname="com.timp.test.BRB.Filtros"/>
  <testcase name="brbEntrar" time="25.559" classname="com.timp.test.BRB.Filtros"/>
</testsuite> <!-- com.timp.test.BRB.Filtros -->
