<?xml version="1.0" encoding="UTF-8"?>
<!-- Generated by org.testng.reporters.JUnitReportReporter -->
<testsuite hostname="Agile" failures="0" tests="1" name="com.timp.test.ADM.Configuração.ManuaisDeComponente.ManuaisDeComponenteEditar" time="100.124" errors="0" timestamp="30 mar. 2022 15:38:56 GMT" skipped="0">
  <testcase classname="com.timp.test.ADM.Configuração.ManuaisDeComponente.ManuaisDeComponenteEditar" name="editar" time="100.124"/>
</testsuite> <!-- com.timp.test.ADM.Configuração.ManuaisDeComponente.ManuaisDeComponenteEditar -->
