<?xml version="1.0" encoding="UTF-8"?>
<!-- Generated by org.testng.reporters.JUnitReportReporter -->
<testsuite hostname="DESKTOP-M23FVFN" failures="0" tests="1" name="com.timp.test.MDR.Siscoserv.RegistroRP.RegistroRPFiltroID" time="62.159" errors="0" timestamp="11 mar. 2022 13:00:47 GMT" skipped="0">
  <testcase classname="com.timp.test.MDR.Siscoserv.RegistroRP.RegistroRPFiltroID" name="filtroId" time="62.159"/>
</testsuite> <!-- com.timp.test.MDR.Siscoserv.RegistroRP.RegistroRPFiltroID -->
