<?xml version="1.0" encoding="UTF-8"?>
<!-- Generated by org.testng.reporters.JUnitReportReporter -->
<testsuite hostname="DESKTOP-JP1A9E6" failures="0" tests="1" name="com.timp.test.MDR.ControleDeCreditoTributario.StatusParaBCE.StatusParaBCEExcluir" time="124.702" errors="0" timestamp="15 jun. 2021 15:02:17 GMT" skipped="0">
  <testcase classname="com.timp.test.MDR.ControleDeCreditoTributario.StatusParaBCE.StatusParaBCEExcluir" name="excluir" time="124.702"/>
</testsuite> <!-- com.timp.test.MDR.ControleDeCreditoTributario.StatusParaBCE.StatusParaBCEExcluir -->
