<?xml version="1.0" encoding="UTF-8"?>
<!-- Generated by org.testng.reporters.JUnitReportReporter -->
<<<<<<< HEAD
<testsuite hostname="LitoSoler" name="com.timp.test.BRB.Eliminar" tests="4" failures="0" timestamp="11 Nov 2020 23:01:13 GMT" time="139.148" errors="0">
  <testcase name="eliminarLixeira" time="38.512" classname="com.timp.test.BRB.Eliminar"/>
  <testcase name="login" time="8.370" classname="com.timp.test.BRB.Eliminar"/>
  <testcase name="brbEntrar" time="47.297" classname="com.timp.test.BRB.Eliminar"/>
  <testcase name="eliminar" time="44.969" classname="com.timp.test.BRB.Eliminar"/>
=======
<testsuite hostname="DESKTOP-5P4F1JE" failures="0" tests="4" name="com.timp.test.BRB.Eliminar" time="110.732" errors="0" timestamp="5 Nov 2020 17:14:18 GMT">
  <testcase classname="com.timp.test.BRB.Eliminar" name="eliminarLixeira" time="40.772"/>
  <testcase classname="com.timp.test.BRB.Eliminar" name="brbEntrar" time="21.649"/>
  <testcase classname="com.timp.test.BRB.Eliminar" name="login" time="8.276"/>
  <testcase classname="com.timp.test.BRB.Eliminar" name="eliminar" time="40.035"/>
>>>>>>> branch 'master' of https://github.com/salc1997/TIMP_R1.git
</testsuite> <!-- com.timp.test.BRB.Eliminar -->
