<?xml version="1.0" encoding="UTF-8"?>
<!-- Generated by org.testng.reporters.JUnitReportReporter -->
<testsuite hostname="DESKTOP-C57COV6" failures="0" tests="2" name="com.timp.test.BRB.ExcluirRelatorio" time="286.494" errors="0" timestamp="18 oct. 2021 02:10:25 GMT" skipped="0">
  <testcase classname="com.timp.test.BRB.ExcluirRelatorio" name="eliminar" time="230.174"/>
  <testcase classname="com.timp.test.BRB.ExcluirRelatorio" name="eliminarLixeira" time="56.320"/>
</testsuite> <!-- com.timp.test.BRB.ExcluirRelatorio -->
