<?xml version="1.0" encoding="UTF-8"?>
<!-- Generated by org.testng.reporters.JUnitReportReporter -->
<testsuite hostname="MassielV" failures="0" tests="1" name="com.timp.test.MDR.RepresentanteLegais.RepresentantesLegaisDetalhes" time="268.622" errors="0" timestamp="17 nov. 2021 21:41:01 GMT" skipped="0">
  <testcase classname="com.timp.test.MDR.RepresentanteLegais.RepresentantesLegaisDetalhes" name="detalhes" time="268.622"/>
</testsuite> <!-- com.timp.test.MDR.RepresentanteLegais.RepresentantesLegaisDetalhes -->
