<?xml version="1.0" encoding="UTF-8"?>
<!-- Generated by org.testng.reporters.JUnitReportReporter -->
<testsuite hostname="LitoSoler" name="com.timp.test.BRB.BRBAcessar" tests="2" failures="0" timestamp="5 Nov 2020 17:35:49 GMT" time="66.882" errors="0">
  <testcase name="login" time="11.961" classname="com.timp.test.BRB.BRBAcessar"/>
  <testcase name="brbEntrar" time="54.921" classname="com.timp.test.BRB.BRBAcessar"/>
</testsuite> <!-- com.timp.test.BRB.BRBAcessar -->
