<?xml version="1.0" encoding="UTF-8"?>
<!-- Generated by org.testng.reporters.JUnitReportReporter -->
<<<<<<< HEAD
<testsuite hostname="DESKTOP-C57COV6" failures="0" tests="1" name="com.timp.test.MDR.CadastroDerex.InstituicaoFinanceira.InstituicaoEditar" time="126.663" errors="0" timestamp="23 sep. 2021 19:13:23 GMT" skipped="0">
  <testcase classname="com.timp.test.MDR.CadastroDerex.InstituicaoFinanceira.InstituicaoEditar" name="editar" time="126.663"/>
=======
<testsuite hostname="MassielV" failures="0" tests="1" name="com.timp.test.MDR.CadastroDerex.InstituicaoFinanceira.InstituicaoEditar" time="109.212" errors="0" timestamp="30 sep. 2021 14:13:57 GMT" skipped="0">
  <testcase classname="com.timp.test.MDR.CadastroDerex.InstituicaoFinanceira.InstituicaoEditar" name="editar" time="109.212"/>
>>>>>>> branch 'Yessy' of https://github.com/salc1997/TIMP_R1.git
</testsuite> <!-- com.timp.test.MDR.CadastroDerex.InstituicaoFinanceira.InstituicaoEditar -->
