<?xml version="1.0" encoding="UTF-8"?>
<!-- Generated by org.testng.reporters.JUnitReportReporter -->
<testsuite hostname="DESKTOP-35UG9UP" name="com.timp.test.MDR.TabelaDeApoioECF.TabelaDeApoioECFExcluir" tests="3" failures="0" timestamp="25 Sep 2020 21:52:45 GMT" time="84.960" errors="0">
  <testcase name="excluir" time="59.913" classname="com.timp.test.MDR.TabelaDeApoioECF.TabelaDeApoioECFExcluir"/>
  <testcase name="login" time="11.670" classname="com.timp.test.MDR.TabelaDeApoioECF.TabelaDeApoioECFExcluir"/>
  <testcase name="acessarMDR" time="13.377" classname="com.timp.test.MDR.TabelaDeApoioECF.TabelaDeApoioECFExcluir"/>
</testsuite> <!-- com.timp.test.MDR.TabelaDeApoioECF.TabelaDeApoioECFExcluir -->
