<?xml version="1.0" encoding="UTF-8"?>
<!-- Generated by org.testng.reporters.JUnitReportReporter -->
<testsuite hostname="LitoSoler" name="com.timp.test.BRB.Filtros" tests="5" failures="0" timestamp="5 Oct 2020 14:03:15 GMT" time="164.723" errors="0">
  <testcase name="brbEntrar" time="18.516" classname="com.timp.test.BRB.Filtros"/>
  <testcase name="login" time="7.158" classname="com.timp.test.BRB.Filtros"/>
  <testcase name="filtrosBiblioteca" time="49.525" classname="com.timp.test.BRB.Filtros"/>
  <testcase name="asignarValores" time="14.606" classname="com.timp.test.BRB.Filtros"/>
  <testcase name="filtrosEditor" time="74.918" classname="com.timp.test.BRB.Filtros"/>
</testsuite> <!-- com.timp.test.BRB.Filtros -->
