<?xml version="1.0" encoding="UTF-8"?>
<!-- Generated by org.testng.reporters.JUnitReportReporter -->
<testsuite hostname="DESKTOP-5P4F1JE" failures="0" tests="3" name="com.timp.test.BRB.ListaSuspensa" time="177.249" errors="0" timestamp="13 Nov 2020 19:43:06 GMT">
  <testcase classname="com.timp.test.BRB.ListaSuspensa" name="brbEntrar" time="25.356"/>
  <testcase classname="com.timp.test.BRB.ListaSuspensa" name="login" time="8.461"/>
  <testcase classname="com.timp.test.BRB.ListaSuspensa" name="listaSuspensa" time="143.432"/>
</testsuite> <!-- com.timp.test.BRB.ListaSuspensa -->
