<?xml version="1.0" encoding="UTF-8"?>
<!-- Generated by org.testng.reporters.JUnitReportReporter -->
<testsuite hostname="DESKTOP-JP1A9E6" failures="0" tests="1" name="com.timp.test.MDR.Siscoserv.NBS.NBSCriar" time="141.827" errors="0" timestamp="17 ago. 2021 13:18:13 GMT" skipped="0">
  <testcase classname="com.timp.test.MDR.Siscoserv.NBS.NBSCriar" name="criar" time="141.827"/>
</testsuite> <!-- com.timp.test.MDR.Siscoserv.NBS.NBSCriar -->
