<?xml version="1.0" encoding="UTF-8"?>
<!-- Generated by org.testng.reporters.JUnitReportReporter -->
<testsuite hostname="DESKTOP-35UG9UP" name="com.timp.test.MDR.PrecoDeTransferencia.ModeloDeApuracaoTP.ModeloDeApuracaoTPCriar" tests="3" failures="0" timestamp="29 Sep 2020 13:00:55 GMT" time="95.462" errors="0">
  <testcase name="criar" time="71.837" classname="com.timp.test.MDR.PrecoDeTransferencia.ModeloDeApuracaoTP.ModeloDeApuracaoTPCriar"/>
  <testcase name="acessarMDR" time="12.686" classname="com.timp.test.MDR.PrecoDeTransferencia.ModeloDeApuracaoTP.ModeloDeApuracaoTPCriar"/>
  <testcase name="login" time="10.939" classname="com.timp.test.MDR.PrecoDeTransferencia.ModeloDeApuracaoTP.ModeloDeApuracaoTPCriar"/>
</testsuite> <!-- com.timp.test.MDR.PrecoDeTransferencia.ModeloDeApuracaoTP.ModeloDeApuracaoTPCriar -->
