<?xml version="1.0" encoding="UTF-8"?>
<!-- Generated by org.testng.reporters.JUnitReportReporter -->
<testsuite hostname="LitoSoler" name="com.timp.test.MDR.LimiteCompetencia.LimiteCompetenciaVisualizar" tests="3" failures="0" timestamp="26 Aug 2020 17:07:20 GMT" time="119.884" errors="0">
  <testcase name="login" time="6.320" classname="com.timp.test.MDR.LimiteCompetencia.LimiteCompetenciaVisualizar"/>
  <testcase name="acessarMDR" time="21.975" classname="com.timp.test.MDR.LimiteCompetencia.LimiteCompetenciaVisualizar"/>
  <testcase name="visualizar" time="91.589" classname="com.timp.test.MDR.LimiteCompetencia.LimiteCompetenciaVisualizar"/>
</testsuite> <!-- com.timp.test.MDR.LimiteCompetencia.LimiteCompetenciaVisualizar -->
