<?xml version="1.0" encoding="UTF-8"?>
<!-- Generated by org.testng.reporters.JUnitReportReporter -->
<testsuite hostname="Agile" failures="0" tests="1" name="com.timp.test.MDR.OcorrenciaFiscal.StatusOcorrenciaFiscal.StatusOcurrenciaFiscalVisualizar" time="95.654" errors="0" timestamp="06 ene. 2022 10:49:10 GMT" skipped="0">
  <testcase classname="com.timp.test.MDR.OcorrenciaFiscal.StatusOcorrenciaFiscal.StatusOcurrenciaFiscalVisualizar" name="visualizar" time="95.654"/>
</testsuite> <!-- com.timp.test.MDR.OcorrenciaFiscal.StatusOcorrenciaFiscal.StatusOcurrenciaFiscalVisualizar -->
