<?xml version="1.0" encoding="UTF-8"?>
<!-- Generated by org.testng.reporters.JUnitReportReporter -->
<testsuite hostname="LitoSoler" name="com.timp.test.MDR.AtividadesFiscais.AtividadeFiscal.AtividadeEliminar" tests="3" failures="0" timestamp="6 Aug 2020 19:13:46 GMT" time="73.419" errors="0">
  <testcase name="login" time="6.120" classname="com.timp.test.MDR.AtividadesFiscais.AtividadeFiscal.AtividadeEliminar"/>
  <testcase name="acessarMDR" time="20.382" classname="com.timp.test.MDR.AtividadesFiscais.AtividadeFiscal.AtividadeEliminar"/>
  <testcase name="eliminar" time="46.917" classname="com.timp.test.MDR.AtividadesFiscais.AtividadeFiscal.AtividadeEliminar"/>
</testsuite> <!-- com.timp.test.MDR.AtividadesFiscais.AtividadeFiscal.AtividadeEliminar -->
