<?xml version="1.0" encoding="UTF-8"?>
<!-- Generated by org.testng.reporters.JUnitReportReporter -->
<testsuite hostname="DESKTOP-BNBDMGT" failures="0" tests="3" name="com.timp.test.MDR.TabelasComplementaresParaObrigaçoesAcessorias.TabelaDeProdutos.TabelaDeProdutosCriar" time="93.027" errors="0" timestamp="9 Dec 2020 22:31:55 GMT">
  <testcase classname="com.timp.test.MDR.TabelasComplementaresParaObrigaçoesAcessorias.TabelaDeProdutos.TabelaDeProdutosCriar" name="criar" time="53.975"/>
  <testcase classname="com.timp.test.MDR.TabelasComplementaresParaObrigaçoesAcessorias.TabelaDeProdutos.TabelaDeProdutosCriar" name="login" time="9.684"/>
  <testcase classname="com.timp.test.MDR.TabelasComplementaresParaObrigaçoesAcessorias.TabelaDeProdutos.TabelaDeProdutosCriar" name="acessarMDR" time="29.368"/>
</testsuite> <!-- com.timp.test.MDR.TabelasComplementaresParaObrigaçoesAcessorias.TabelaDeProdutos.TabelaDeProdutosCriar -->
