<?xml version="1.0" encoding="UTF-8"?>
<!-- Generated by org.testng.reporters.JUnitReportReporter -->
<testsuite skipped="0" hostname="LitoSoler" name="com.timp.test.MDR.ValorAdicionado.Municipio.MunicipioDetalhes" tests="1" failures="0" timestamp="19 mar 2021 20:52:57 GMT" time="73.871" errors="0">
  <testcase name="detalhes" time="73.871" classname="com.timp.test.MDR.ValorAdicionado.Municipio.MunicipioDetalhes"/>
</testsuite> <!-- com.timp.test.MDR.ValorAdicionado.Municipio.MunicipioDetalhes -->
