<?xml version="1.0" encoding="UTF-8"?>
<!-- Generated by org.testng.reporters.JUnitReportReporter -->
<testsuite hostname="DESKTOP-5P4F1JE" failures="0" tests="3" name="com.timp.test.MDR.Siscoserv.RegistroRVS.RegistroRVSDetalhes" time="57.270" errors="0" timestamp="23 Oct 2020 20:45:36 GMT">
  <testcase classname="com.timp.test.MDR.Siscoserv.RegistroRVS.RegistroRVSDetalhes" name="login" time="7.330"/>
  <testcase classname="com.timp.test.MDR.Siscoserv.RegistroRVS.RegistroRVSDetalhes" name="acessarMDR" time="21.778"/>
  <testcase classname="com.timp.test.MDR.Siscoserv.RegistroRVS.RegistroRVSDetalhes" name="detalhes" time="28.162"/>
</testsuite> <!-- com.timp.test.MDR.Siscoserv.RegistroRVS.RegistroRVSDetalhes -->
