<?xml version="1.0" encoding="UTF-8"?>
<!-- Generated by org.testng.reporters.JUnitReportReporter -->
<testsuite hostname="DESKTOP-C57COV6" failures="0" tests="1" name="com.timp.test.TDK.Dashboard.DashboardCriar" time="191.509" errors="0" timestamp="24 jul. 2021 18:23:57 GMT" skipped="0">
  <testcase classname="com.timp.test.TDK.Dashboard.DashboardCriar" name="criar" time="191.509"/>
</testsuite> <!-- com.timp.test.TDK.Dashboard.DashboardCriar -->
