<?xml version="1.0" encoding="UTF-8"?>
<!-- Generated by org.testng.reporters.JUnitReportReporter -->
<testsuite hostname="DESKTOP-C57COV6" failures="0" tests="1" name="com.timp.test.MDR.CEP.Logradouro.LogradouroVisualizar" time="145.424" errors="0" timestamp="06 oct. 2021 18:47:13 GMT" skipped="0">
  <testcase classname="com.timp.test.MDR.CEP.Logradouro.LogradouroVisualizar" name="visualizar" time="145.424"/>
</testsuite> <!-- com.timp.test.MDR.CEP.Logradouro.LogradouroVisualizar -->
