<?xml version="1.0" encoding="UTF-8"?>
<!-- Generated by org.testng.reporters.JUnitReportReporter -->
<testsuite hostname="DESKTOP-M23FVFN" failures="0" tests="2" name="com.timp.test.BRB.GruposAvancados" time="449.611" errors="0" timestamp="22 dic. 2021 23:07:52 GMT" skipped="0">
  <testcase classname="com.timp.test.BRB.GruposAvancados" name="gruposAvanzados" time="398.072"/>
  <testcase classname="com.timp.test.BRB.GruposAvancados" name="eliminarGrupos" time="51.539"/>
</testsuite> <!-- com.timp.test.BRB.GruposAvancados -->
