<?xml version="1.0" encoding="UTF-8"?>
<!-- Generated by org.testng.reporters.JUnitReportReporter -->
<testsuite hostname="DESKTOP-C57COV6" failures="0" tests="2" name="com.timp.test.MDR.TabelasApoioESocial.Tabela06.PaisesExcluirMassa" time="160.245" errors="0" timestamp="06 oct. 2021 14:02:01 GMT" skipped="0">
  <testcase classname="com.timp.test.MDR.TabelasApoioESocial.Tabela06.PaisesExcluirMassa" name="excluirMassa" time="47.735"/>
  <testcase classname="com.timp.test.MDR.TabelasApoioESocial.Tabela06.PaisesExcluirMassa" name="criar" time="112.510"/>
</testsuite> <!-- com.timp.test.MDR.TabelasApoioESocial.Tabela06.PaisesExcluirMassa -->
