<?xml version="1.0" encoding="UTF-8"?>
<!-- Generated by org.testng.reporters.JUnitReportReporter -->
<testsuite skipped="0" hostname="LitoSoler" name="com.timp.test.BRB.ExcluirRelatorio" tests="2" failures="0" timestamp="24 feb 2021 16:20:01 GMT" time="120.090" errors="0">
  <testcase name="eliminar" time="80.752" classname="com.timp.test.BRB.ExcluirRelatorio"/>
  <testcase name="eliminarLixeira" time="39.338" classname="com.timp.test.BRB.ExcluirRelatorio"/>
</testsuite> <!-- com.timp.test.BRB.ExcluirRelatorio -->
