<?xml version="1.0" encoding="UTF-8"?>
<!-- Generated by org.testng.reporters.JUnitReportReporter -->
<testsuite hostname="LitoSoler" name="com.timp.test.ADM.LoginBRB" tests="1" failures="0" timestamp="24 Sep 2020 13:09:47 GMT" time="14.038" errors="0">
  <testcase name="Login" time="14.038" classname="com.timp.test.ADM.LoginBRB"/>
</testsuite> <!-- com.timp.test.ADM.LoginBRB -->
