<?xml version="1.0" encoding="UTF-8"?>
<!-- Generated by org.testng.reporters.JUnitReportReporter -->
<testsuite hostname="DESKTOP-C57COV6" failures="0" tests="3" name="com.timp.test.BRB.Formula" time="141.160" errors="0" timestamp="13 may. 2021 17:57:44 GMT" skipped="0">
  <testcase classname="com.timp.test.BRB.Formula" name="aplicar" time="9.935"/>
  <testcase classname="com.timp.test.BRB.Formula" name="formulaBoton" time="72.368"/>
  <testcase classname="com.timp.test.BRB.Formula" name="formulaColuna" time="58.857"/>
</testsuite> <!-- com.timp.test.BRB.Formula -->
