<?xml version="1.0" encoding="UTF-8"?>
<!-- Generated by org.testng.reporters.JUnitReportReporter -->
<testsuite hostname="DESKTOP-M23FVFN" failures="0" tests="1" name="com.timp.test.BRB.CampoOutput" time="101.224" errors="0" timestamp="2023-01-23T18:55:08 BRT" skipped="0">
  <testcase classname="com.timp.test.BRB.CampoOutput" name="campoOutput" time="101.224"/>
  <system-out/>
</testsuite> <!-- com.timp.test.BRB.CampoOutput -->
