<?xml version="1.0" encoding="UTF-8"?>
<!-- Generated by org.testng.reporters.JUnitReportReporter -->
<testsuite hostname="MIGUEL" failures="0" tests="11" name="com.timp.test.BCB.ExecucoesSalvasHierarquiaConfiguracaoTodasAsFuncionalidades" time="654.200" errors="0" timestamp="22 Jan 2021 14:33:13 GMT">
  <testcase classname="com.timp.test.BCB.ExecucoesSalvasHierarquiaConfiguracaoTodasAsFuncionalidades" name="resto" time="82.990"/>
  <testcase classname="com.timp.test.BCB.ExecucoesSalvasHierarquiaConfiguracaoTodasAsFuncionalidades" name="editar" time="70.530"/>
  <testcase classname="com.timp.test.BCB.ExecucoesSalvasHierarquiaConfiguracaoTodasAsFuncionalidades" name="configurarConfiguracao" time="76.579"/>
  <testcase classname="com.timp.test.BCB.ExecucoesSalvasHierarquiaConfiguracaoTodasAsFuncionalidades" name="excluirHierarquia" time="58.374"/>
  <testcase classname="com.timp.test.BCB.ExecucoesSalvasHierarquiaConfiguracaoTodasAsFuncionalidades" name="login" time="12.746"/>
  <testcase classname="com.timp.test.BCB.ExecucoesSalvasHierarquiaConfiguracaoTodasAsFuncionalidades" name="excluirConfiguracoes" time="56.693"/>
  <testcase classname="com.timp.test.BCB.ExecucoesSalvasHierarquiaConfiguracaoTodasAsFuncionalidades" name="brbEntrar" time="13.426"/>
  <testcase classname="com.timp.test.BCB.ExecucoesSalvasHierarquiaConfiguracaoTodasAsFuncionalidades" name="criarConfiguracaoExecucoes" time="67.124"/>
  <testcase classname="com.timp.test.BCB.ExecucoesSalvasHierarquiaConfiguracaoTodasAsFuncionalidades" name="criarConfiguracao" time="75.367"/>
  <testcase classname="com.timp.test.BCB.ExecucoesSalvasHierarquiaConfiguracaoTodasAsFuncionalidades" name="excluirExecucoes" time="58.421"/>
  <testcase classname="com.timp.test.BCB.ExecucoesSalvasHierarquiaConfiguracaoTodasAsFuncionalidades" name="executar" time="81.950"/>
</testsuite> <!-- com.timp.test.BCB.ExecucoesSalvasHierarquiaConfiguracaoTodasAsFuncionalidades -->
