<?xml version="1.0" encoding="UTF-8"?>
<!-- Generated by org.testng.reporters.JUnitReportReporter -->
<testsuite hostname="EC2AMAZ-8HCHO4G" failures="0" tests="5" name="com.timp.test.ADM.Configuracao.ConfiguracaoDeTributos.ConfiguracaodeTributoXTributoGrupo.ConfiguracaodeTributoXTributoGrupoTodasFunc" time="213.700" errors="0" timestamp="2023-04-14T23:40:09 UTC" skipped="0">
  <testcase classname="com.timp.test.ADM.Configuracao.ConfiguracaoDeTributos.ConfiguracaodeTributoXTributoGrupo.ConfiguracaodeTributoXTributoGrupoTodasFunc" name="criar" time="72.330"/>
  <system-out/>
  <testcase classname="com.timp.test.ADM.Configuracao.ConfiguracaoDeTributos.ConfiguracaodeTributoXTributoGrupo.ConfiguracaodeTributoXTributoGrupoTodasFunc" name="Editar" time="37.501"/>
  <system-out/>
  <testcase classname="com.timp.test.ADM.Configuracao.ConfiguracaoDeTributos.ConfiguracaodeTributoXTributoGrupo.ConfiguracaodeTributoXTributoGrupoTodasFunc" name="visualizar" time="60.542"/>
  <system-out/>
  <testcase classname="com.timp.test.ADM.Configuracao.ConfiguracaoDeTributos.ConfiguracaodeTributoXTributoGrupo.ConfiguracaodeTributoXTributoGrupoTodasFunc" name="filtros" time="19.427"/>
  <system-out/>
  <testcase classname="com.timp.test.ADM.Configuracao.ConfiguracaoDeTributos.ConfiguracaodeTributoXTributoGrupo.ConfiguracaodeTributoXTributoGrupoTodasFunc" name="Excluir" time="23.900"/>
  <system-out/>
</testsuite> <!-- com.timp.test.ADM.Configuracao.ConfiguracaoDeTributos.ConfiguracaodeTributoXTributoGrupo.ConfiguracaodeTributoXTributoGrupoTodasFunc -->
