<?xml version="1.0" encoding="UTF-8"?>
<!-- Generated by org.testng.reporters.JUnitReportReporter -->
<testsuite hostname="EC2AMAZ-8HCHO4G" failures="0" tests="1" name="com.timp.test.BRE.RegrasDeMensagens.Edicao.RegrasDeMensagensEstruturas" time="261.198" errors="0" timestamp="2023-07-19T18:05:01 UTC" skipped="0">
  <testcase classname="com.timp.test.BRE.RegrasDeMensagens.Edicao.RegrasDeMensagensEstruturas" name="estruturas" time="261.198"/>
  <system-out/>
</testsuite> <!-- com.timp.test.BRE.RegrasDeMensagens.Edicao.RegrasDeMensagensEstruturas -->
