<?xml version="1.0" encoding="UTF-8"?>
<!-- Generated by org.testng.reporters.JUnitReportReporter -->
<testsuite hostname="DESKTOP-M23FVFN" failures="0" tests="1" name="com.timp.test.BRB.OutputAutomático" time="258.855" errors="0" timestamp="31 dic. 2021 01:56:35 GMT" skipped="0">
  <testcase classname="com.timp.test.BRB.OutputAutomático" name="outputAutomatico" time="258.855"/>
</testsuite> <!-- com.timp.test.BRB.OutputAutomático -->
