<?xml version="1.0" encoding="UTF-8"?>
<!-- Generated by org.testng.reporters.JUnitReportReporter -->
<testsuite hostname="LitoSoler" name="com.timp.test.MDR.SaldoInicial.SaldoInicialFiltroAvan" tests="3" failures="0" timestamp="25 Jan 2021 20:23:54 GMT" time="188.978" errors="0">
  <testcase name="login" time="8.369" classname="com.timp.test.MDR.SaldoInicial.SaldoInicialFiltroAvan"/>
  <testcase name="acessarMDR" time="23.069" classname="com.timp.test.MDR.SaldoInicial.SaldoInicialFiltroAvan"/>
  <testcase name="FiltrarAvanSaldoIncial" time="157.540" classname="com.timp.test.MDR.SaldoInicial.SaldoInicialFiltroAvan"/>
</testsuite> <!-- com.timp.test.MDR.SaldoInicial.SaldoInicialFiltroAvan -->
