<?xml version="1.0" encoding="UTF-8"?>
<!-- Generated by org.testng.reporters.JUnitReportReporter -->
<<<<<<< HEAD
<<<<<<< HEAD
<testsuite hostname="DESKTOP-M23FVFN" failures="0" tests="1" name="com.timp.test.MDR.Centralizacao.Saldos.SaldosDetalhes" time="175.781" errors="0" timestamp="30 nov. 2021 08:27:55 GMT" skipped="0">
  <testcase classname="com.timp.test.MDR.Centralizacao.Saldos.SaldosDetalhes" name="detalhes" time="175.781"/>
=======
<<<<<<< HEAD
<testsuite hostname="DESKTOP-C57COV6" failures="0" tests="1" name="com.timp.test.MDR.Centralizacao.Saldos.SaldosDetalhes" time="102.770" errors="0" timestamp="26 nov. 2021 20:06:57 GMT" skipped="0">
  <testcase classname="com.timp.test.MDR.Centralizacao.Saldos.SaldosDetalhes" name="detalhes" time="102.770"/>
=======
<testsuite hostname="MassielV" failures="0" tests="1" name="com.timp.test.MDR.Centralizacao.Saldos.SaldosDetalhes" time="149.433" errors="0" timestamp="25 nov. 2021 09:03:54 GMT" skipped="0">
  <testcase classname="com.timp.test.MDR.Centralizacao.Saldos.SaldosDetalhes" name="detalhes" time="149.433"/>
>>>>>>> branch 'Yessy' of https://github.com/salc1997/TIMP_R1.git
>>>>>>> branch 'master' of https://github.com/salc1997/TIMP_R1.git
=======
<testsuite hostname="DESKTOP-M23FVFN" failures="0" tests="1" name="com.timp.test.MDR.Centralizacao.Saldos.SaldosDetalhes" time="1208.788" errors="0" timestamp="11 mar. 2022 19:20:56 GMT" skipped="0">
  <testcase classname="com.timp.test.MDR.Centralizacao.Saldos.SaldosDetalhes" name="detalhes" time="1208.788"/>
>>>>>>> refs/heads/Yessy
</testsuite> <!-- com.timp.test.MDR.Centralizacao.Saldos.SaldosDetalhes -->
