<?xml version="1.0" encoding="UTF-8"?>
<!-- Generated by org.testng.reporters.JUnitReportReporter -->
<<<<<<< HEAD
<testsuite hostname="DESKTOP-M23FVFN" failures="0" tests="1" name="com.timp.test.BRE.RegrasDeEscrituração.ParametrosGerais.RegrasDeEscrituracaoExcluir" time="146.156" errors="0" timestamp="21 dic. 2021 16:29:45 GMT" skipped="0">
  <testcase classname="com.timp.test.BRE.RegrasDeEscrituração.ParametrosGerais.RegrasDeEscrituracaoExcluir" name="excluir" time="146.156"/>
=======
<testsuite hostname="Agile" failures="0" tests="1" name="com.timp.test.BRE.RegrasDeEscrituração.ParametrosGerais.RegrasDeEscrituracaoExcluir" time="137.770" errors="0" timestamp="15 dic. 2021 06:52:50 GMT" skipped="0">
  <testcase classname="com.timp.test.BRE.RegrasDeEscrituração.ParametrosGerais.RegrasDeEscrituracaoExcluir" name="excluir" time="137.770"/>
>>>>>>> branch 'Yessy' of https://github.com/salc1997/TIMP_R1.git
</testsuite> <!-- com.timp.test.BRE.RegrasDeEscrituração.ParametrosGerais.RegrasDeEscrituracaoExcluir -->
