<?xml version="1.0" encoding="UTF-8"?>
<!-- Generated by org.testng.reporters.JUnitReportReporter -->
<testsuite hostname="Agile" failures="0" tests="1" name="com.timp.test.BRE.RegrasdeAuditoriaN2.ParametrosGerais.RegrasDeAuditoriaN2CriarCaminhos" time="288.498" errors="0" timestamp="10 may. 2022 21:06:20 GMT" skipped="0">
  <testcase classname="com.timp.test.BRE.RegrasdeAuditoriaN2.ParametrosGerais.RegrasDeAuditoriaN2CriarCaminhos" name="criar" time="288.498"/>
</testsuite> <!-- com.timp.test.BRE.RegrasdeAuditoriaN2.ParametrosGerais.RegrasDeAuditoriaN2CriarCaminhos -->
