<?xml version="1.0" encoding="UTF-8"?>
<!-- Generated by org.testng.reporters.JUnitReportReporter -->
<testsuite hostname="Agile" failures="0" tests="1" name="com.timp.test.BRE.RegrasdeAuditoriaN1.Edicao.RegrasDeAuditoriaN1Relacionamento" time="145.635" errors="0" timestamp="22 ene. 2022 14:40:45 GMT" skipped="0">
  <testcase classname="com.timp.test.BRE.RegrasdeAuditoriaN1.Edicao.RegrasDeAuditoriaN1Relacionamento" name="editar" time="145.635"/>
</testsuite> <!-- com.timp.test.BRE.RegrasdeAuditoriaN1.Edicao.RegrasDeAuditoriaN1Relacionamento -->
