<?xml version="1.0" encoding="UTF-8"?>
<!-- Generated by org.testng.reporters.JUnitReportReporter -->
<testsuite hostname="DESKTOP-BNBDMGT" failures="0" tests="3" name="com.timp.test.TAA.Ajustes.AjusteVer" time="167.256" errors="0" timestamp="11 Jan 2021 06:12:38 GMT">
  <testcase classname="com.timp.test.TAA.Ajustes.AjusteVer" name="Ver" time="143.145"/>
  <testcase classname="com.timp.test.TAA.Ajustes.AjusteVer" name="ingresar" time="7.470"/>
  <testcase classname="com.timp.test.TAA.Ajustes.AjusteVer" name="TAAEntrar" time="16.641"/>
</testsuite> <!-- com.timp.test.TAA.Ajustes.AjusteVer -->
