<?xml version="1.0" encoding="UTF-8"?>
<!-- Generated by org.testng.reporters.JUnitReportReporter -->
<testsuite hostname="DESKTOP-JP1A9E6" failures="0" tests="1" name="com.timp.test.MDR.TabelasComplementaresParaObrigaçoesAcessorias.TabelaDeCodigoDaReceitas.TabelaCodigoReceitaExcluir" time="89.787" errors="0" timestamp="08 sep. 2021 05:17:43 GMT" skipped="0">
  <testcase classname="com.timp.test.MDR.TabelasComplementaresParaObrigaçoesAcessorias.TabelaDeCodigoDaReceitas.TabelaCodigoReceitaExcluir" name="excluir" time="89.787"/>
</testsuite> <!-- com.timp.test.MDR.TabelasComplementaresParaObrigaçoesAcessorias.TabelaDeCodigoDaReceitas.TabelaCodigoReceitaExcluir -->
