<?xml version="1.0" encoding="UTF-8"?>
<!-- Generated by org.testng.reporters.JUnitReportReporter -->
<testsuite hostname="DESKTOP-M23FVFN" failures="0" tests="3" name="com.timp.test.BPMA.Processo.ParametrosGerais.ParametrosGeraisPesquisaPorNomeDeProcesso" time="51.105" errors="0" timestamp="12 abr. 2022 13:50:38 GMT" skipped="0">
  <testcase classname="com.timp.test.BPMA.Processo.ParametrosGerais.ParametrosGeraisPesquisaPorNomeDeProcesso" name="login" time="7.640"/>
  <testcase classname="com.timp.test.BPMA.Processo.ParametrosGerais.ParametrosGeraisPesquisaPorNomeDeProcesso" name="acessarBPMA" time="20.617"/>
  <testcase classname="com.timp.test.BPMA.Processo.ParametrosGerais.ParametrosGeraisPesquisaPorNomeDeProcesso" name="criar" time="22.848"/>
</testsuite> <!-- com.timp.test.BPMA.Processo.ParametrosGerais.ParametrosGeraisPesquisaPorNomeDeProcesso -->
