<?xml version="1.0" encoding="UTF-8"?>
<!-- Generated by org.testng.reporters.JUnitReportReporter -->
<testsuite hostname="DESKTOP-BNBDMGT" failures="0" tests="3" name="com.timp.test.MDR.IncentivosFiscais.IncentivosFiscaisDetalles" time="112.401" errors="0" timestamp="22 Jan 2021 16:22:08 GMT">
  <testcase classname="com.timp.test.MDR.IncentivosFiscais.IncentivosFiscaisDetalles" name="ingresarMDR" time="22.294"/>
  <testcase classname="com.timp.test.MDR.IncentivosFiscais.IncentivosFiscaisDetalles" name="ingresar" time="9.603"/>
  <testcase classname="com.timp.test.MDR.IncentivosFiscais.IncentivosFiscaisDetalles" name="detalhes" time="80.504"/>
</testsuite> <!-- com.timp.test.MDR.IncentivosFiscais.IncentivosFiscaisDetalles -->
