<?xml version="1.0" encoding="UTF-8"?>
<!-- Generated by org.testng.reporters.JUnitReportReporter -->
<testsuite hostname="CRISTHIAN-VASQUEZ" failures="0" tests="3" name="com.timp.test.BRE.RegrasdeAuditoriaN2.RegrasDeAuditoriaN2CriarCaminhos" time="157.068" errors="0" timestamp="19 feb. 2021 16:24:56 GMT" skipped="0">
  <testcase classname="com.timp.test.BRE.RegrasdeAuditoriaN2.RegrasDeAuditoriaN2CriarCaminhos" name="login" time="7.750"/>
  <testcase classname="com.timp.test.BRE.RegrasdeAuditoriaN2.RegrasDeAuditoriaN2CriarCaminhos" name="acessarBRE" time="17.563"/>
  <testcase classname="com.timp.test.BRE.RegrasdeAuditoriaN2.RegrasDeAuditoriaN2CriarCaminhos" name="criar" time="131.755"/>
</testsuite> <!-- com.timp.test.BRE.RegrasdeAuditoriaN2.RegrasDeAuditoriaN2CriarCaminhos -->
