<?xml version="1.0" encoding="UTF-8"?>
<!-- Generated by org.testng.reporters.JUnitReportReporter -->
<testsuite hostname="DESKTOP-M23FVFN" failures="0" tests="1" name="com.timp.test.TCC.BancoDeCréditoTributário.ConfiguraçãodeBancodeCréditoTributário.ConfiguraçãodeBancodeCréditoTributárioCriar" time="441.949" errors="0" timestamp="20 abr. 2022 05:56:37 GMT" skipped="0">
  <testcase classname="com.timp.test.TCC.BancoDeCréditoTributário.ConfiguraçãodeBancodeCréditoTributário.ConfiguraçãodeBancodeCréditoTributárioCriar" name="criar" time="441.949"/>
</testsuite> <!-- com.timp.test.TCC.BancoDeCréditoTributário.ConfiguraçãodeBancodeCréditoTributário.ConfiguraçãodeBancodeCréditoTributárioCriar -->
