<?xml version="1.0" encoding="UTF-8"?>
<!-- Generated by org.testng.reporters.JUnitReportReporter -->
<testsuite hostname="DESKTOP-JP1A9E6" failures="0" tests="1" name="com.timp.test.MDR.TabelasApoioSped.ObservaçoesdoDocumentoFiscal.ObservaçoesdoDocumentoFiscalEditar" time="157.167" errors="0" timestamp="25 ago. 2021 09:06:18 GMT" skipped="0">
  <testcase classname="com.timp.test.MDR.TabelasApoioSped.ObservaçoesdoDocumentoFiscal.ObservaçoesdoDocumentoFiscalEditar" name="editar" time="157.167"/>
</testsuite> <!-- com.timp.test.MDR.TabelasApoioSped.ObservaçoesdoDocumentoFiscal.ObservaçoesdoDocumentoFiscalEditar -->
