<?xml version="1.0" encoding="UTF-8"?>
<!-- Generated by org.testng.reporters.JUnitReportReporter -->
<testsuite hostname="DESKTOP-BNBDMGT" failures="0" tests="3" name="com.timp.test.MDR.LimiteCompetencia.LimiteCompetenciaCriar" time="178.069" errors="0" timestamp="18 Dec 2020 15:31:18 GMT">
  <testcase classname="com.timp.test.MDR.LimiteCompetencia.LimiteCompetenciaCriar" name="acessarMDR" time="53.752"/>
  <testcase classname="com.timp.test.MDR.LimiteCompetencia.LimiteCompetenciaCriar" name="login" time="10.879"/>
  <testcase classname="com.timp.test.MDR.LimiteCompetencia.LimiteCompetenciaCriar" name="criar" time="113.438"/>
</testsuite> <!-- com.timp.test.MDR.LimiteCompetencia.LimiteCompetenciaCriar -->
