<?xml version="1.0" encoding="UTF-8"?>
<!-- Generated by org.testng.reporters.JUnitReportReporter -->
<testsuite hostname="DESKTOP-M23FVFN" failures="0" tests="1" name="com.timp.test.MDR.TabelasApoioSped.InformaçoesAdicionais.InformaçoesAdicionaisExcluirEmMassa" time="247.954" errors="0" timestamp="12 mar. 2022 01:36:55 GMT" skipped="0">
  <testcase classname="com.timp.test.MDR.TabelasApoioSped.InformaçoesAdicionais.InformaçoesAdicionaisExcluirEmMassa" name="criar" time="247.954"/>
</testsuite> <!-- com.timp.test.MDR.TabelasApoioSped.InformaçoesAdicionais.InformaçoesAdicionaisExcluirEmMassa -->
