<?xml version="1.0" encoding="UTF-8"?>
<!-- Generated by org.testng.reporters.JUnitReportReporter -->
<testsuite hostname="LAPTOP-IN7IV9K5" failures="0" tests="3" name="com.timp.test.SCANC.ArquivosImportados.ArquivosImportadosVisualizar" time="273.042" errors="0" timestamp="11 mar. 2021 15:24:22 GMT" skipped="0">
  <testcase classname="com.timp.test.SCANC.ArquivosImportados.ArquivosImportadosVisualizar" name="ingresar" time="6.976"/>
  <testcase classname="com.timp.test.SCANC.ArquivosImportados.ArquivosImportadosVisualizar" name="scancEntrar" time="26.905"/>
  <testcase classname="com.timp.test.SCANC.ArquivosImportados.ArquivosImportadosVisualizar" name="filtrosAvancados" time="239.161"/>
</testsuite> <!-- com.timp.test.SCANC.ArquivosImportados.ArquivosImportadosVisualizar -->
