<?xml version="1.0" encoding="UTF-8"?>
<!-- Generated by org.testng.reporters.JUnitReportReporter -->
<testsuite hostname="MIGUEL" failures="0" tests="3" name="com.timp.test.TDK.Kpis.KpisCriar" time="120.851" errors="0" timestamp="22 mar. 2021 01:08:02 GMT" skipped="0">
  <testcase classname="com.timp.test.TDK.Kpis.KpisCriar" name="login" time="9.696"/>
  <testcase classname="com.timp.test.TDK.Kpis.KpisCriar" name="acessarTDK" time="23.959"/>
  <testcase classname="com.timp.test.TDK.Kpis.KpisCriar" name="criar" time="87.196"/>
</testsuite> <!-- com.timp.test.TDK.Kpis.KpisCriar -->
