<?xml version="1.0" encoding="UTF-8"?>
<!-- Generated by org.testng.reporters.JUnitReportReporter -->
<testsuite hostname="MassielV" failures="0" tests="1" name="com.timp.test.BRB.AtivarComentario" time="203.119" errors="0" timestamp="22 oct. 2021 21:06:44 GMT" skipped="0">
  <testcase classname="com.timp.test.BRB.AtivarComentario" name="ativarComentarios" time="203.119"/>
</testsuite> <!-- com.timp.test.BRB.AtivarComentario -->
