<?xml version="1.0" encoding="UTF-8"?>
<!-- Generated by org.testng.reporters.JUnitReportReporter -->
<testsuite hostname="DESKTOP-JP1A9E6" failures="0" tests="1" name="com.timp.test.MDR.SaldoInicial.SaldoInicialDetalhe" time="138.585" errors="0" timestamp="23 sep. 2021 17:14:53 GMT" skipped="0">
  <testcase classname="com.timp.test.MDR.SaldoInicial.SaldoInicialDetalhe" name="detalheSaldoInicial" time="138.585"/>
</testsuite> <!-- com.timp.test.MDR.SaldoInicial.SaldoInicialDetalhe -->
