<?xml version="1.0" encoding="UTF-8"?>
<!-- Generated by org.testng.reporters.JUnitReportReporter -->
<testsuite hostname="LitoSoler" name="com.timp.test.BRE.RegrasdeAuditoriaN1.RegrasdeAuditoriaN1EdiçãoSimula" tests="3" failures="0" timestamp="6 Jan 2021 10:49:16 GMT" time="172.630" errors="0">
  <testcase name="acessarBRE" time="23.548" classname="com.timp.test.BRE.RegrasdeAuditoriaN1.RegrasdeAuditoriaN1EdiçãoSimula"/>
  <testcase name="editar" time="141.306" classname="com.timp.test.BRE.RegrasdeAuditoriaN1.RegrasdeAuditoriaN1EdiçãoSimula"/>
  <testcase name="login" time="7.776" classname="com.timp.test.BRE.RegrasdeAuditoriaN1.RegrasdeAuditoriaN1EdiçãoSimula"/>
</testsuite> <!-- com.timp.test.BRE.RegrasdeAuditoriaN1.RegrasdeAuditoriaN1EdiçãoSimula -->
