<?xml version="1.0" encoding="UTF-8"?>
<!-- Generated by org.testng.reporters.JUnitReportReporter -->
<testsuite hostname="DESKTOP-M23FVFN" failures="0" tests="2" name="com.timp.test.MDR.Antecipacao.AntecipacaoExcluirMassa" time="425.419" errors="0" timestamp="19 dic. 2021 08:06:18 GMT" skipped="0">
  <testcase classname="com.timp.test.MDR.Antecipacao.AntecipacaoExcluirMassa" name="criar" time="362.152"/>
  <testcase classname="com.timp.test.MDR.Antecipacao.AntecipacaoExcluirMassa" name="excluir" time="63.267"/>
</testsuite> <!-- com.timp.test.MDR.Antecipacao.AntecipacaoExcluirMassa -->
