<?xml version="1.0" encoding="UTF-8"?>
<!-- Generated by org.testng.reporters.JUnitReportReporter -->
<testsuite hostname="DESKTOP-C57COV6" failures="0" tests="1" name="com.timp.test.MDR.Centralizacao.Saldos.SaldosCriar" time="296.572" errors="0" timestamp="06 nov. 2021 05:45:52 GMT" skipped="0">
  <testcase classname="com.timp.test.MDR.Centralizacao.Saldos.SaldosCriar" name="CriarSaldo" time="296.572"/>
</testsuite> <!-- com.timp.test.MDR.Centralizacao.Saldos.SaldosCriar -->
