<?xml version="1.0" encoding="UTF-8"?>
<!-- Generated by org.testng.reporters.JUnitReportReporter -->
<testsuite hostname="DESKTOP-35UG9UP" name="com.timp.test.MDR.RepresentanteLegais.RepresentantesLegaisDetalhes" tests="3" failures="0" timestamp="27 Aug 2020 20:57:29 GMT" time="71.174" errors="0">
  <testcase name="Visualizar" time="49.514" classname="com.timp.test.MDR.RepresentanteLegais.RepresentantesLegaisDetalhes"/>
  <testcase name="acessarMDR" time="11.931" classname="com.timp.test.MDR.RepresentanteLegais.RepresentantesLegaisDetalhes"/>
  <testcase name="login" time="9.729" classname="com.timp.test.MDR.RepresentanteLegais.RepresentantesLegaisDetalhes"/>
</testsuite> <!-- com.timp.test.MDR.RepresentanteLegais.RepresentantesLegaisDetalhes -->
