<?xml version="1.0" encoding="UTF-8"?>
<!-- Generated by org.testng.reporters.JUnitReportReporter -->
<testsuite hostname="LAPTOP-IN7IV9K5" failures="0" tests="1" name="com.timp.test.TDK.Kpis.KpisCriar" time="91.798" errors="0" timestamp="13 may. 2021 21:36:11 GMT" skipped="0">
  <testcase classname="com.timp.test.TDK.Kpis.KpisCriar" name="criar" time="91.798"/>
</testsuite> <!-- com.timp.test.TDK.Kpis.KpisCriar -->
