<?xml version="1.0" encoding="UTF-8"?>
<!-- Generated by org.testng.reporters.JUnitReportReporter -->
<testsuite hostname="DESKTOP-M23FVFN" failures="0" tests="1" name="com.timp.test.MDR.TabelaDeApoioECF.TabelaDeApoioECFNovaTabelaECF" time="181.161" errors="0" timestamp="29 dic. 2021 14:48:42 GMT" skipped="0">
  <testcase classname="com.timp.test.MDR.TabelaDeApoioECF.TabelaDeApoioECFNovaTabelaECF" name="novaTabela" time="181.161"/>
</testsuite> <!-- com.timp.test.MDR.TabelaDeApoioECF.TabelaDeApoioECFNovaTabelaECF -->
