<?xml version="1.0" encoding="UTF-8"?>
<!-- Generated by org.testng.reporters.JUnitReportReporter -->
<testsuite hostname="DESKTOP-C57COV6" failures="0" tests="1" name="com.timp.test.MDR.TabelasComplementaresParaObrigaçoesAcessorias.SubItensValidos.SubItensValidosDetalhes" time="83.232" errors="0" timestamp="04 ago. 2021 05:00:12 GMT" skipped="0">
  <testcase classname="com.timp.test.MDR.TabelasComplementaresParaObrigaçoesAcessorias.SubItensValidos.SubItensValidosDetalhes" name="detalhes" time="83.232"/>
</testsuite> <!-- com.timp.test.MDR.TabelasComplementaresParaObrigaçoesAcessorias.SubItensValidos.SubItensValidosDetalhes -->
