<?xml version="1.0" encoding="UTF-8"?>
<!-- Generated by org.testng.reporters.JUnitReportReporter -->
<testsuite hostname="EC2AMAZ-8HCHO4G" failures="0" tests="1" name="com.timp.test.ADM.Usuarios.Pacotes.PacotesCriar" time="90.826" errors="0" timestamp="2024-10-09T19:22:12 UTC" skipped="0">
  <testcase classname="com.timp.test.ADM.Usuarios.Pacotes.PacotesCriar" name="Crear" time="90.826"/>
  <system-out/>
</testsuite> <!-- com.timp.test.ADM.Usuarios.Pacotes.PacotesCriar -->
