<?xml version="1.0" encoding="UTF-8"?>
<!-- Generated by org.testng.reporters.JUnitReportReporter -->
<testsuite hostname="DESKTOP-M23FVFN" failures="0" tests="1" name="com.timp.test.BRB.EditarRelatorio" time="108.492" errors="0" timestamp="2023-01-23T18:55:08 BRT" skipped="0">
  <testcase classname="com.timp.test.BRB.EditarRelatorio" name="editar" time="108.492"/>
  <system-out/>
</testsuite> <!-- com.timp.test.BRB.EditarRelatorio -->
