<?xml version="1.0" encoding="UTF-8"?>
<!-- Generated by org.testng.reporters.JUnitReportReporter -->
<testsuite hostname="DESKTOP-M23FVFN" failures="0" tests="1" name="com.timp.test.MDR.CadastroDerex.InstituicaoFinanceira.InstituicaoEditar" time="127.659" errors="0" timestamp="19 dic. 2021 08:06:18 GMT" skipped="0">
  <testcase classname="com.timp.test.MDR.CadastroDerex.InstituicaoFinanceira.InstituicaoEditar" name="editar" time="127.659"/>
</testsuite> <!-- com.timp.test.MDR.CadastroDerex.InstituicaoFinanceira.InstituicaoEditar -->
