<?xml version="1.0" encoding="UTF-8"?>
<!-- Generated by org.testng.reporters.JUnitReportReporter -->
<testsuite hostname="LitoSoler" name="com.timp.test.BRB.testNg.BRBAcessar" tests="2" failures="0" timestamp="3 Aug 2020 17:09:31 GMT" time="37.858" errors="0">
  <testcase name="brbEntrar" time="24.203" classname="com.timp.test.BRB.testNg.BRBAcessar"/>
  <testcase name="login" time="13.655" classname="com.timp.test.BRB.testNg.BRBAcessar"/>
</testsuite> <!-- com.timp.test.BRB.testNg.BRBAcessar -->
