<?xml version="1.0" encoding="UTF-8"?>
<!-- Generated by org.testng.reporters.JUnitReportReporter -->
<testsuite hostname="DESKTOP-M23FVFN" failures="0" tests="1" name="com.timp.test.TFP.Configurações.Status.Periodo.StatusPeriodoFiltroID" time="70.443" errors="0" timestamp="12 abr. 2022 14:33:07 GMT" skipped="0">
  <testcase classname="com.timp.test.TFP.Configurações.Status.Periodo.StatusPeriodoFiltroID" name="filtro" time="70.443"/>
</testsuite> <!-- com.timp.test.TFP.Configurações.Status.Periodo.StatusPeriodoFiltroID -->
