<?xml version="1.0" encoding="UTF-8"?>
<!-- Generated by org.testng.reporters.JUnitReportReporter -->
<testsuite skipped="0" hostname="LitoSoler" name="com.timp.test.MDR.CodigoReceita.CodigoReceitaVisualizar" tests="1" failures="0" timestamp="17 feb 2021 15:29:43 GMT" time="72.733" errors="0">
  <testcase name="visualizar" time="72.733" classname="com.timp.test.MDR.CodigoReceita.CodigoReceitaVisualizar"/>
</testsuite> <!-- com.timp.test.MDR.CodigoReceita.CodigoReceitaVisualizar -->
