<?xml version="1.0" encoding="UTF-8"?>
<!-- Generated by org.testng.reporters.JUnitReportReporter -->
<testsuite hostname="LitoSoler" name="com.timp.test.SCANC.ArquivosImportados.ArquivosImportadosInformacao" tests="3" failures="0" timestamp="16 Dec 2020 16:14:27 GMT" time="85.213" errors="0">
  <testcase name="ingresar" time="8.458" classname="com.timp.test.SCANC.ArquivosImportados.ArquivosImportadosInformacao"/>
  <testcase name="scancEntrar" time="28.381" classname="com.timp.test.SCANC.ArquivosImportados.ArquivosImportadosInformacao"/>
  <testcase name="informacao" time="48.374" classname="com.timp.test.SCANC.ArquivosImportados.ArquivosImportadosInformacao"/>
</testsuite> <!-- com.timp.test.SCANC.ArquivosImportados.ArquivosImportadosInformacao -->
