<?xml version="1.0" encoding="UTF-8"?>
<!-- Generated by org.testng.reporters.JUnitReportReporter -->
<testsuite hostname="EC2AMAZ-8HCHO4G" failures="0" tests="3" name="com.timp.test.SCANC.OficiosExtemporaneos.OficiosExtemporaneosExcluir" time="76.077" errors="0" timestamp="2023-04-24T21:19:19 UTC" skipped="0">
  <testcase classname="com.timp.test.SCANC.OficiosExtemporaneos.OficiosExtemporaneosExcluir" name="ingresar" time="6.669"/>
  <system-out/>
  <testcase classname="com.timp.test.SCANC.OficiosExtemporaneos.OficiosExtemporaneosExcluir" name="scancEntrar" time="18.634"/>
  <system-out/>
  <testcase classname="com.timp.test.SCANC.OficiosExtemporaneos.OficiosExtemporaneosExcluir" name="criar" time="50.774"/>
  <system-out/>
</testsuite> <!-- com.timp.test.SCANC.OficiosExtemporaneos.OficiosExtemporaneosExcluir -->
