<?xml version="1.0" encoding="UTF-8"?>
<!-- Generated by org.testng.reporters.JUnitReportReporter -->
<testsuite hostname="LitoSoler" name="com.timp.test.MDR.SCANC.AjustesDosAnexos.AjustesDosAnexosExcluir" tests="3" failures="0" timestamp="14 Nov 2020 18:46:36 GMT" time="70.602" errors="0">
  <testcase name="login" time="6.181" classname="com.timp.test.MDR.SCANC.AjustesDosAnexos.AjustesDosAnexosExcluir"/>
  <testcase name="excluir" time="41.965" classname="com.timp.test.MDR.SCANC.AjustesDosAnexos.AjustesDosAnexosExcluir"/>
  <testcase name="acessarMDR" time="22.456" classname="com.timp.test.MDR.SCANC.AjustesDosAnexos.AjustesDosAnexosExcluir"/>
</testsuite> <!-- com.timp.test.MDR.SCANC.AjustesDosAnexos.AjustesDosAnexosExcluir -->
