<?xml version="1.0" encoding="UTF-8"?>
<!-- Generated by org.testng.reporters.JUnitReportReporter -->
<testsuite hostname="MIGUEL" failures="0" tests="3" name="com.timp.test.BCB.ParametrosGeraisConfiguraçãoCriar" time="95.621" errors="0" timestamp="22 Jan 2021 23:24:05 GMT">
  <testcase classname="com.timp.test.BCB.ParametrosGeraisConfiguraçãoCriar" name="login" time="7.265"/>
  <testcase classname="com.timp.test.BCB.ParametrosGeraisConfiguraçãoCriar" name="criarConfiguracao" time="75.027"/>
  <testcase classname="com.timp.test.BCB.ParametrosGeraisConfiguraçãoCriar" name="brbEntrar" time="13.329"/>
</testsuite> <!-- com.timp.test.BCB.ParametrosGeraisConfiguraçãoCriar -->
