<?xml version="1.0" encoding="UTF-8"?>
<!-- Generated by org.testng.reporters.JUnitReportReporter -->
<<<<<<< HEAD
<<<<<<< HEAD
<<<<<<< HEAD
<testsuite hostname="SALC-PC" failures="0" tests="2" name="com.timp.test.BRB.ExcluirColuna" time="214.629" errors="0" timestamp="2023-08-07T12:27:14 CST" skipped="0">
  <testcase classname="com.timp.test.BRB.ExcluirColuna" name="excluirColunaDragNDrop" time="139.987"/>
=======
<testsuite hostname="EC2AMAZ-8HCHO4G" failures="0" tests="2" name="com.timp.test.BRB.ExcluirColuna" time="201.933" errors="0" timestamp="2023-08-16T15:47:19 UTC" skipped="0">
  <testcase classname="com.timp.test.BRB.ExcluirColuna" name="excluirColunaDragNDrop" time="128.593"/>
>>>>>>> refs/heads/Yessy
=======
<testsuite hostname="EC2AMAZ-8HCHO4G" failures="0" tests="2" name="com.timp.test.BRB.ExcluirColuna" time="208.434" errors="0" timestamp="2023-09-29T23:27:16 UTC" skipped="0">
  <testcase classname="com.timp.test.BRB.ExcluirColuna" name="excluirColunaDragNDrop" time="130.613"/>
>>>>>>> refs/remotes/origin/Yessy
=======
<testsuite hostname="SALC-PC" failures="0" tests="2" name="com.timp.test.BRB.ExcluirColuna" time="192.836" errors="0" timestamp="2023-08-21T13:29:35 CST" skipped="0">
  <testcase classname="com.timp.test.BRB.ExcluirColuna" name="excluirColunaDragNDrop" time="125.359"/>
>>>>>>> branch 'master' of https://github.com/salc1997/TIMP_R1.git
  <system-out/>
<<<<<<< HEAD
<<<<<<< HEAD
<<<<<<< HEAD
  <testcase classname="com.timp.test.BRB.ExcluirColuna" name="excluirColunaOpcao" time="74.642"/>
=======
  <testcase classname="com.timp.test.BRB.ExcluirColuna" name="excluirColunaOpcao" time="73.340"/>
>>>>>>> refs/heads/Yessy
=======
  <testcase classname="com.timp.test.BRB.ExcluirColuna" name="excluirColunaOpcao" time="77.821"/>
>>>>>>> refs/remotes/origin/Yessy
=======
  <testcase classname="com.timp.test.BRB.ExcluirColuna" name="excluirColunaOpcao" time="67.477"/>
>>>>>>> branch 'master' of https://github.com/salc1997/TIMP_R1.git
  <system-out/>
</testsuite> <!-- com.timp.test.BRB.ExcluirColuna -->
