<?xml version="1.0" encoding="UTF-8"?>
<!-- Generated by org.testng.reporters.JUnitReportReporter -->
<testsuite hostname="EC2AMAZ-8HCHO4G" failures="0" tests="2" name="com.timp.test.BRB.GruposAvancados" time="544.409" errors="0" timestamp="2023-06-09T19:51:11 UTC" skipped="0">
  <testcase classname="com.timp.test.BRB.GruposAvancados" name="eliminarGrupos" time="37.801"/>
  <system-out/>
  <testcase classname="com.timp.test.BRB.GruposAvancados" name="gruposAvanzados" time="506.608"/>
  <system-out/>
</testsuite> <!-- com.timp.test.BRB.GruposAvancados -->
