<?xml version="1.0" encoding="UTF-8"?>
<!-- Generated by org.testng.reporters.JUnitReportReporter -->
<testsuite hostname="DESKTOP-M23FVFN" failures="0" tests="1" name="com.timp.test.ADM.Configuração.ConfiguraçãoDeTributos.ConfiguraçãoDeTributoGrupo.ConfiguracaoDeTributoGrupoCriar" time="106.339" errors="0" timestamp="2022-10-13T01:56:18 BRT" skipped="0">
  <testcase classname="com.timp.test.ADM.Configuração.ConfiguraçãoDeTributos.ConfiguraçãoDeTributoGrupo.ConfiguracaoDeTributoGrupoCriar" name="criar" time="106.339"/>
  <system-out/>
</testsuite> <!-- com.timp.test.ADM.Configuração.ConfiguraçãoDeTributos.ConfiguraçãoDeTributoGrupo.ConfiguracaoDeTributoGrupoCriar -->
