<?xml version="1.0" encoding="UTF-8"?>
<!-- Generated by org.testng.reporters.JUnitReportReporter -->
<testsuite hostname="DESKTOP-BNBDMGT" failures="0" tests="2" name="com.timp.test.BPMA.AcessarBPMA" time="20.319" errors="0" timestamp="24 Nov 2020 15:20:03 GMT">
  <testcase classname="com.timp.test.BPMA.AcessarBPMA" name="BPMAEntrar" time="14.665"/>
  <testcase classname="com.timp.test.BPMA.AcessarBPMA" name="login" time="5.654"/>
</testsuite> <!-- com.timp.test.BPMA.AcessarBPMA -->
