<?xml version="1.0" encoding="UTF-8"?>
<!-- Generated by org.testng.reporters.JUnitReportReporter -->
<testsuite hostname="LitoSoler" name="com.timp.test.MDR.Centralizacao.FatorCreditamento.FatorCreditamentoVisualizar" tests="3" failures="0" timestamp="7 Dec 2020 19:49:21 GMT" time="67.863" errors="0">
  <testcase name="visualizar" time="36.892" classname="com.timp.test.MDR.Centralizacao.FatorCreditamento.FatorCreditamentoVisualizar"/>
  <testcase name="login" time="7.635" classname="com.timp.test.MDR.Centralizacao.FatorCreditamento.FatorCreditamentoVisualizar"/>
  <testcase name="acessarMDR" time="23.336" classname="com.timp.test.MDR.Centralizacao.FatorCreditamento.FatorCreditamentoVisualizar"/>
</testsuite> <!-- com.timp.test.MDR.Centralizacao.FatorCreditamento.FatorCreditamentoVisualizar -->
