<?xml version="1.0" encoding="UTF-8"?>
<<<<<<< HEAD
<!-- Generated by org.testng.reporters.JUnitReportReporter -->
<testsuite hostname="LitoSoler" name="com.timp.test.SCANC.RelatoriosRefineriaGerados.RelatoriosRefineriaGeradosGerarAnexos6712MasVisualizacao" tests="3" failures="0" timestamp="16 Dec 2020 16:37:34 GMT" time="475.662" errors="0">
  <testcase name="ingresar" time="11.789" classname="com.timp.test.SCANC.RelatoriosRefineriaGerados.RelatoriosRefineriaGeradosGerarAnexos6712MasVisualizacao"/>
  <testcase name="scancEntrar" time="55.538" classname="com.timp.test.SCANC.RelatoriosRefineriaGerados.RelatoriosRefineriaGeradosGerarAnexos6712MasVisualizacao"/>
  <testcase name="gerarAnexosMasVisualizacao" time="408.335" classname="com.timp.test.SCANC.RelatoriosRefineriaGerados.RelatoriosRefineriaGeradosGerarAnexos6712MasVisualizacao"/>
=======
<!-- Generated by org.testng.reporters.JUnitReportReporter -->
<testsuite hostname="MIGUEL" failures="0" tests="3" name="com.timp.test.SCANC.RelatoriosRefineriaGerados.RelatoriosRefineriaGeradosGerarAnexos6712MasVisualizacao" time="1944.764" errors="0" timestamp="14 Dec 2020 23:46:50 GMT">
  <testcase classname="com.timp.test.SCANC.RelatoriosRefineriaGerados.RelatoriosRefineriaGeradosGerarAnexos6712MasVisualizacao" name="gerarAnexosMasVisualizacao" time="1912.747"/>
  <testcase classname="com.timp.test.SCANC.RelatoriosRefineriaGerados.RelatoriosRefineriaGeradosGerarAnexos6712MasVisualizacao" name="scancEntrar" time="25.120"/>
  <testcase classname="com.timp.test.SCANC.RelatoriosRefineriaGerados.RelatoriosRefineriaGeradosGerarAnexos6712MasVisualizacao" name="ingresar" time="6.897"/>
>>>>>>> refs/remotes/origin/master
</testsuite> <!-- com.timp.test.SCANC.RelatoriosRefineriaGerados.RelatoriosRefineriaGeradosGerarAnexos6712MasVisualizacao -->
