<?xml version="1.0" encoding="UTF-8"?>
<!-- Generated by org.testng.reporters.JUnitReportReporter -->
<testsuite hostname="DESKTOP-BNBDMGT" failures="0" tests="1" name="com.timp.test.MDR.Filiais.FiliaisVisualizar" time="38.977" errors="0" timestamp="24 feb. 2021 16:52:19 GMT" skipped="0">
  <testcase classname="com.timp.test.MDR.Filiais.FiliaisVisualizar" name="visualizar" time="38.977"/>
</testsuite> <!-- com.timp.test.MDR.Filiais.FiliaisVisualizar -->
