<?xml version="1.0" encoding="UTF-8"?>
<!-- Generated by org.testng.reporters.JUnitReportReporter -->
<testsuite hostname="MassielV" failures="0" tests="2" name="com.timp.test.BRB.ExcluirRelatorio" time="236.286" errors="0" timestamp="22 oct. 2021 22:32:45 GMT" skipped="0">
  <testcase classname="com.timp.test.BRB.ExcluirRelatorio" name="eliminar" time="184.240"/>
  <testcase classname="com.timp.test.BRB.ExcluirRelatorio" name="eliminarLixeira" time="52.046"/>
</testsuite> <!-- com.timp.test.BRB.ExcluirRelatorio -->
