<?xml version="1.0" encoding="UTF-8"?>
<!-- Generated by org.testng.reporters.JUnitReportReporter -->
<testsuite hostname="LitoSoler" name="com.timp.test.MDR.ContratoIOF.ContratoIOFCriar" tests="3" failures="0" timestamp="14 Nov 2020 18:35:10 GMT" time="106.336" errors="0">
  <testcase name="criar" time="80.102" classname="com.timp.test.MDR.ContratoIOF.ContratoIOFCriar"/>
  <testcase name="login" time="6.080" classname="com.timp.test.MDR.ContratoIOF.ContratoIOFCriar"/>
  <testcase name="acessarMDR" time="20.154" classname="com.timp.test.MDR.ContratoIOF.ContratoIOFCriar"/>
</testsuite> <!-- com.timp.test.MDR.ContratoIOF.ContratoIOFCriar -->
