<?xml version="1.0" encoding="UTF-8"?>
<!-- Generated by org.testng.reporters.JUnitReportReporter -->
<testsuite hostname="Agile" failures="0" tests="3" name="com.timp.test.BRB.Formula" time="299.204" errors="0" timestamp="19 abr. 2022 21:57:35 GMT" skipped="0">
  <testcase classname="com.timp.test.BRB.Formula" name="aplicar" time="20.108"/>
  <testcase classname="com.timp.test.BRB.Formula" name="formulaColuna" time="168.812"/>
  <testcase classname="com.timp.test.BRB.Formula" name="formulaBoton" time="110.284"/>
</testsuite> <!-- com.timp.test.BRB.Formula -->
