<?xml version="1.0" encoding="UTF-8"?>
<!-- Generated by org.testng.reporters.JUnitReportReporter -->
<testsuite hostname="DESKTOP-HB7TMPD" failures="0" tests="3" name="com.timp.test.MDR.Siscoserv.Enquadramento.EnquadramentoCriar" time="87.728" errors="0" timestamp="18 Nov 2020 15:47:50 GMT">
  <testcase classname="com.timp.test.MDR.Siscoserv.Enquadramento.EnquadramentoCriar" name="login" time="7.388"/>
  <testcase classname="com.timp.test.MDR.Siscoserv.Enquadramento.EnquadramentoCriar" name="acessarMDR" time="28.556"/>
  <testcase classname="com.timp.test.MDR.Siscoserv.Enquadramento.EnquadramentoCriar" name="criar" time="51.784"/>
</testsuite> <!-- com.timp.test.MDR.Siscoserv.Enquadramento.EnquadramentoCriar -->
