<?xml version="1.0" encoding="UTF-8"?>
<!-- Generated by org.testng.reporters.JUnitReportReporter -->
<testsuite hostname="LitoSoler" name="com.timp.test.MDR.CEP.Municipio.MunicipioEditar" tests="3" failures="0" timestamp="24 Sep 2020 14:53:05 GMT" time="72.404" errors="0">
  <testcase name="login" time="9.369" classname="com.timp.test.MDR.CEP.Municipio.MunicipioEditar"/>
  <testcase name="filtro" time="46.480" classname="com.timp.test.MDR.CEP.Municipio.MunicipioEditar"/>
  <testcase name="acessarMDR" time="16.555" classname="com.timp.test.MDR.CEP.Municipio.MunicipioEditar"/>
</testsuite> <!-- com.timp.test.MDR.CEP.Municipio.MunicipioEditar -->
