<?xml version="1.0" encoding="UTF-8"?>
<!-- Generated by org.testng.reporters.JUnitReportReporter -->
<testsuite hostname="DESKTOP-M23FVFN" failures="0" tests="3" name="com.timp.test.BPMA.ProcessodeNegocio.ProcessodeNegocioCriarCopia" time="285.781" errors="0" timestamp="12 abr. 2022 16:32:53 GMT" skipped="0">
  <testcase classname="com.timp.test.BPMA.ProcessodeNegocio.ProcessodeNegocioCriarCopia" name="login" time="8.202"/>
  <testcase classname="com.timp.test.BPMA.ProcessodeNegocio.ProcessodeNegocioCriarCopia" name="CriarCopia" time="251.608"/>
  <testcase classname="com.timp.test.BPMA.ProcessodeNegocio.ProcessodeNegocioCriarCopia" name="BPMAEntrar" time="25.971"/>
</testsuite> <!-- com.timp.test.BPMA.ProcessodeNegocio.ProcessodeNegocioCriarCopia -->
