<?xml version="1.0" encoding="UTF-8"?>
<!-- Generated by org.testng.reporters.JUnitReportReporter -->
<testsuite hostname="DESKTOP-M23FVFN" failures="0" tests="2" name="com.timp.test.BRB.GruposAvancados" time="490.905" errors="0" timestamp="09 dic. 2021 00:04:37 GMT" skipped="0">
  <testcase classname="com.timp.test.BRB.GruposAvancados" name="gruposAvanzados" time="436.402"/>
  <testcase classname="com.timp.test.BRB.GruposAvancados" name="eliminarGrupos" time="54.503"/>
</testsuite> <!-- com.timp.test.BRB.GruposAvancados -->
