<?xml version="1.0" encoding="UTF-8"?>
<!-- Generated by org.testng.reporters.JUnitReportReporter -->
<testsuite hostname="DESKTOP-JP1A9E6" failures="0" tests="1" name="com.timp.test.BRB.ComentarioListaSuspensa" time="337.509" errors="0" timestamp="07 sep. 2021 19:40:20 GMT" skipped="0">
  <testcase classname="com.timp.test.BRB.ComentarioListaSuspensa" name="listaSuspensa" time="337.509"/>
</testsuite> <!-- com.timp.test.BRB.ComentarioListaSuspensa -->
