<?xml version="1.0" encoding="UTF-8"?>
<!-- Generated by org.testng.reporters.JUnitReportReporter -->
<testsuite hostname="DESKTOP-C57COV6" failures="0" tests="2" name="com.timp.test.BRB.FormatacaoEVariante" time="237.517" errors="0" timestamp="17 ago. 2021 05:42:09 GMT" skipped="0">
  <testcase classname="com.timp.test.BRB.FormatacaoEVariante" name="excluirVariante" time="37.927"/>
  <testcase classname="com.timp.test.BRB.FormatacaoEVariante" name="formatacaoEVariante" time="199.590"/>
</testsuite> <!-- com.timp.test.BRB.FormatacaoEVariante -->
