<?xml version="1.0" encoding="UTF-8"?>
<!-- Generated by org.testng.reporters.JUnitReportReporter -->
<testsuite hostname="EC2AMAZ-8HCHO4G" failures="0" tests="3" name="com.timp.test.BRB.Formula" time="184.008" errors="0" timestamp="2023-05-19T15:45:34 UTC" skipped="0">
  <testcase classname="com.timp.test.BRB.Formula" name="aplicar" time="18.659"/>
  <system-out/>
  <testcase classname="com.timp.test.BRB.Formula" name="formulaColuna" time="63.806"/>
  <system-out/>
  <testcase classname="com.timp.test.BRB.Formula" name="formulaBoton" time="101.543"/>
  <system-out/>
</testsuite> <!-- com.timp.test.BRB.Formula -->
