<?xml version="1.0" encoding="UTF-8"?>
<!-- Generated by org.testng.reporters.JUnitReportReporter -->
<testsuite hostname="MIGUEL" failures="0" tests="3" name="com.timp.test.BRB.Formula" time="148.528" errors="0" timestamp="16 mar. 2021 14:41:09 GMT" skipped="0">
  <testcase classname="com.timp.test.BRB.Formula" name="formulaBoton" time="73.574"/>
  <testcase classname="com.timp.test.BRB.Formula" name="aplicar" time="12.019"/>
  <testcase classname="com.timp.test.BRB.Formula" name="formulaColuna" time="62.935"/>
</testsuite> <!-- com.timp.test.BRB.Formula -->
