<?xml version="1.0" encoding="UTF-8"?>
<!-- Generated by org.testng.reporters.JUnitReportReporter -->
<testsuite hostname="DESKTOP-BNBDMGT" failures="0" tests="3" name="com.timp.test.ADM.Configuração.Licenças.LicençasDetalhes" time="43.045" errors="0" timestamp="16 mar. 2021 06:05:00 GMT" skipped="0">
  <testcase classname="com.timp.test.ADM.Configuração.Licenças.LicençasDetalhes" name="login" time="7.964"/>
  <testcase classname="com.timp.test.ADM.Configuração.Licenças.LicençasDetalhes" name="AcessarADM" time="14.999"/>
  <testcase classname="com.timp.test.ADM.Configuração.Licenças.LicençasDetalhes" name="Detalles" time="20.082"/>
</testsuite> <!-- com.timp.test.ADM.Configuração.Licenças.LicençasDetalhes -->
