<?xml version="1.0" encoding="UTF-8"?>
<!-- Generated by org.testng.reporters.JUnitReportReporter -->
<testsuite hostname="LitoSoler" name="com.timp.test.MDR.CenariosCorrecao.CenariosCorrecaoExcluir" tests="3" failures="0" timestamp="20 Oct 2020 23:55:42 GMT" time="69.288" errors="0">
  <testcase name="acessarMDR" time="21.641" classname="com.timp.test.MDR.CenariosCorrecao.CenariosCorrecaoExcluir"/>
  <testcase name="excluir" time="40.534" classname="com.timp.test.MDR.CenariosCorrecao.CenariosCorrecaoExcluir"/>
  <testcase name="login" time="7.113" classname="com.timp.test.MDR.CenariosCorrecao.CenariosCorrecaoExcluir"/>
</testsuite> <!-- com.timp.test.MDR.CenariosCorrecao.CenariosCorrecaoExcluir -->
