<?xml version="1.0" encoding="UTF-8"?>
<!-- Generated by org.testng.reporters.JUnitReportReporter -->
<testsuite hostname="DESKTOP-C57COV6" failures="0" tests="1" name="com.timp.test.TDK.Kpis.Edicao.KpisEdiçãoTabelasExcluir" time="169.757" errors="0" timestamp="09 sep. 2021 18:00:55 GMT" skipped="0">
  <testcase classname="com.timp.test.TDK.Kpis.Edicao.KpisEdiçãoTabelasExcluir" name="Editar" time="169.757"/>
</testsuite> <!-- com.timp.test.TDK.Kpis.Edicao.KpisEdiçãoTabelasExcluir -->
