<?xml version="1.0" encoding="UTF-8"?>
<!-- Generated by org.testng.reporters.JUnitReportReporter -->
<testsuite hostname="DESKTOP-C57COV6" failures="0" tests="1" name="com.timp.test.MDR.SPCBFederaisRetidos.SPCBFederaisRetidosDetalhes" time="71.729" errors="0" timestamp="29 jul. 2021 09:17:41 GMT" skipped="0">
  <testcase classname="com.timp.test.MDR.SPCBFederaisRetidos.SPCBFederaisRetidosDetalhes" name="detalhe" time="71.729"/>
</testsuite> <!-- com.timp.test.MDR.SPCBFederaisRetidos.SPCBFederaisRetidosDetalhes -->
