<?xml version="1.0" encoding="UTF-8"?>
<!-- Generated by org.testng.reporters.JUnitReportReporter -->
<testsuite hostname="LitoSoler" name="com.timp.test.BRB.CrescenteEDecrescente" tests="3" failures="0" timestamp="13 Nov 2020 21:38:48 GMT" time="234.283" errors="0">
  <testcase name="login" time="6.873" classname="com.timp.test.BRB.CrescenteEDecrescente"/>
  <testcase name="brbEntrar" time="28.547" classname="com.timp.test.BRB.CrescenteEDecrescente"/>
  <testcase name="crescenteEDecrescente" time="198.863" classname="com.timp.test.BRB.CrescenteEDecrescente"/>
</testsuite> <!-- com.timp.test.BRB.CrescenteEDecrescente -->
