<?xml version="1.0" encoding="UTF-8"?>
<!-- Generated by org.testng.reporters.JUnitReportReporter -->
<testsuite hostname="LitoSoler" name="com.timp.test.MDR.CodigoReceita.CodigoReceitaExcluir" tests="3" failures="0" timestamp="26 Aug 2020 22:47:31 GMT" time="77.549" errors="0">
  <testcase name="acessarMDR" time="8.009" classname="com.timp.test.MDR.CodigoReceita.CodigoReceitaExcluir"/>
  <testcase name="criar" time="63.558" classname="com.timp.test.MDR.CodigoReceita.CodigoReceitaExcluir"/>
  <testcase name="login" time="5.982" classname="com.timp.test.MDR.CodigoReceita.CodigoReceitaExcluir"/>
</testsuite> <!-- com.timp.test.MDR.CodigoReceita.CodigoReceitaExcluir -->
