<?xml version="1.0" encoding="UTF-8"?>
<!-- Generated by org.testng.reporters.JUnitReportReporter -->
<testsuite hostname="DESKTOP-C57COV6" failures="0" tests="1" name="com.timp.test.MDR.TabelasApoioESocial.Tabela28.DadosDeRATCriar" time="156.683" errors="0" timestamp="02 sep. 2021 08:08:17 GMT" skipped="0">
  <testcase classname="com.timp.test.MDR.TabelasApoioESocial.Tabela28.DadosDeRATCriar" name="criar" time="156.683"/>
</testsuite> <!-- com.timp.test.MDR.TabelasApoioESocial.Tabela28.DadosDeRATCriar -->
