<?xml version="1.0" encoding="UTF-8"?>
<!-- Generated by org.testng.reporters.JUnitReportReporter -->
<testsuite hostname="DESKTOP-M23FVFN" failures="0" tests="1" name="com.timp.test.BRE.RegrasDeMensagens.Edicao.RegrasDeMensagensSimular" time="185.316" errors="0" timestamp="14 may. 2022 14:31:31 GMT" skipped="0">
  <testcase classname="com.timp.test.BRE.RegrasDeMensagens.Edicao.RegrasDeMensagensSimular" name="simular" time="185.316"/>
</testsuite> <!-- com.timp.test.BRE.RegrasDeMensagens.Edicao.RegrasDeMensagensSimular -->
