<?xml version="1.0" encoding="UTF-8"?>
<!-- Generated by org.testng.reporters.JUnitReportReporter -->
<testsuite hostname="EC2AMAZ-8HCHO4G" failures="0" tests="1" name="com.timp.test.BRB.ComentarioLibre" time="208.918" errors="0" timestamp="2024-03-08T14:53:05 UTC" skipped="0">
  <testcase classname="com.timp.test.BRB.ComentarioLibre" name="comentarioLibre" time="208.918"/>
  <system-out/>
</testsuite> <!-- com.timp.test.BRB.ComentarioLibre -->
