<?xml version="1.0" encoding="UTF-8"?>
<!-- Generated by org.testng.reporters.JUnitReportReporter -->
<testsuite hostname="DESKTOP-BNBDMGT" failures="0" tests="10" name="com.timp.test.DFG.Leiautes.ParametrosGeraisFiltroAvancados" time="206.897" errors="0" timestamp="15 mar. 2021 05:33:21 GMT" skipped="0">
  <testcase classname="com.timp.test.DFG.Leiautes.ParametrosGeraisFiltroAvancados" name="ingresar" time="7.576"/>
  <testcase classname="com.timp.test.DFG.Leiautes.ParametrosGeraisFiltroAvancados" name="Entrar" time="15.612"/>
  <testcase classname="com.timp.test.DFG.Leiautes.ParametrosGeraisFiltroAvancados" name="filtroNombre" time="24.053"/>
  <testcase classname="com.timp.test.DFG.Leiautes.ParametrosGeraisFiltroAvancados" name="filtrosId" time="22.868"/>
  <testcase classname="com.timp.test.DFG.Leiautes.ParametrosGeraisFiltroAvancados" name="filtrosVersao" time="21.316"/>
  <testcase classname="com.timp.test.DFG.Leiautes.ParametrosGeraisFiltroAvancados" name="filtrosFiltroTipo" time="20.803"/>
  <testcase classname="com.timp.test.DFG.Leiautes.ParametrosGeraisFiltroAvancados" name="filtrosUsuarioCriado" time="21.011"/>
  <testcase classname="com.timp.test.DFG.Leiautes.ParametrosGeraisFiltroAvancados" name="filtrosUsuarioModificado" time="21.629"/>
  <testcase classname="com.timp.test.DFG.Leiautes.ParametrosGeraisFiltroAvancados" name="filtrosFechaUsuarioModificado" time="26.786"/>
  <testcase classname="com.timp.test.DFG.Leiautes.ParametrosGeraisFiltroAvancados" name="filtrosFechaUsuarioCriado" time="25.243"/>
</testsuite> <!-- com.timp.test.DFG.Leiautes.ParametrosGeraisFiltroAvancados -->
