<?xml version="1.0" encoding="UTF-8"?>
<!-- Generated by org.testng.reporters.JUnitReportReporter -->
<testsuite hostname="DESKTOP-C57COV6" failures="0" tests="3" name="com.timp.test.BRB.FiltrosRelatorio" time="379.172" errors="0" timestamp="18 oct. 2021 01:00:22 GMT" skipped="0">
  <testcase classname="com.timp.test.BRB.FiltrosRelatorio" name="AfiltrosEditor" time="232.612"/>
  <testcase classname="com.timp.test.BRB.FiltrosRelatorio" name="BfiltrosBiblioteca" time="109.892"/>
  <testcase classname="com.timp.test.BRB.FiltrosRelatorio" name="CasignarValores" time="36.668"/>
</testsuite> <!-- com.timp.test.BRB.FiltrosRelatorio -->
