<?xml version="1.0" encoding="UTF-8"?>
<!-- Generated by org.testng.reporters.JUnitReportReporter -->
<testsuite hostname="MIGUEL" failures="0" tests="3" name="com.timp.test.TAA.AtribuiçõesDeRegras.RegraDeCampos.RegraDeCamposExcluir" time="77.963" errors="0" timestamp="12 Jan 2021 15:52:15 GMT">
  <testcase classname="com.timp.test.TAA.AtribuiçõesDeRegras.RegraDeCampos.RegraDeCamposExcluir" name="ingresar" time="7.520"/>
  <testcase classname="com.timp.test.TAA.AtribuiçõesDeRegras.RegraDeCampos.RegraDeCamposExcluir" name="excluir" time="49.981"/>
  <testcase classname="com.timp.test.TAA.AtribuiçõesDeRegras.RegraDeCampos.RegraDeCamposExcluir" name="ingresarTAA" time="20.462"/>
</testsuite> <!-- com.timp.test.TAA.AtribuiçõesDeRegras.RegraDeCampos.RegraDeCamposExcluir -->
