<?xml version="1.0" encoding="UTF-8"?>
<!-- Generated by org.testng.reporters.JUnitReportReporter -->
<<<<<<< HEAD
<testsuite hostname="DESKTOP-C57COV6" failures="0" tests="2" name="com.timp.test.MDR.ParametrosContabilizacao.MapeamentoContabilCorrecao.MapeamentoContabilCorrecaoExcluirEmMassa" time="163.372" errors="0" timestamp="21 may. 2021 03:00:04 GMT" skipped="0">
  <testcase classname="com.timp.test.MDR.ParametrosContabilizacao.MapeamentoContabilCorrecao.MapeamentoContabilCorrecaoExcluirEmMassa" name="Criar" time="132.484"/>
  <testcase classname="com.timp.test.MDR.ParametrosContabilizacao.MapeamentoContabilCorrecao.MapeamentoContabilCorrecaoExcluirEmMassa" name="ExcluirMassa" time="30.888"/>
=======
<testsuite hostname="DESKTOP-JP1A9E6" failures="0" tests="2" name="com.timp.test.MDR.ParametrosContabilizacao.MapeamentoContabilCorrecao.MapeamentoContabilCorrecaoExcluirEmMassa" time="152.350" errors="0" timestamp="26 may. 2021 00:47:40 GMT" skipped="0">
  <testcase classname="com.timp.test.MDR.ParametrosContabilizacao.MapeamentoContabilCorrecao.MapeamentoContabilCorrecaoExcluirEmMassa" name="Criar" time="122.413"/>
  <testcase classname="com.timp.test.MDR.ParametrosContabilizacao.MapeamentoContabilCorrecao.MapeamentoContabilCorrecaoExcluirEmMassa" name="ExcluirMassa" time="29.937"/>
>>>>>>> branch 'Yessy' of https://github.com/salc1997/TIMP_R1.git
</testsuite> <!-- com.timp.test.MDR.ParametrosContabilizacao.MapeamentoContabilCorrecao.MapeamentoContabilCorrecaoExcluirEmMassa -->
