<?xml version="1.0" encoding="UTF-8"?>
<!-- Generated by org.testng.reporters.JUnitReportReporter -->
<testsuite hostname="CRISTHIAN-VASQUEZ" failures="0" tests="3" name="com.timp.test.TAA.Agendamento.AgendamentoDetalhes" time="60.520" errors="0" timestamp="11 mar. 2021 16:43:25 GMT" skipped="0">
  <testcase classname="com.timp.test.TAA.Agendamento.AgendamentoDetalhes" name="ingresar" time="8.282"/>
  <testcase classname="com.timp.test.TAA.Agendamento.AgendamentoDetalhes" name="ingresarTAA" time="18.175"/>
  <testcase classname="com.timp.test.TAA.Agendamento.AgendamentoDetalhes" name="detalhes" time="34.063"/>
</testsuite> <!-- com.timp.test.TAA.Agendamento.AgendamentoDetalhes -->
