<?xml version="1.0" encoding="UTF-8"?>
<!-- Generated by org.testng.reporters.JUnitReportReporter -->
<testsuite hostname="MIGUEL" failures="0" tests="1" name="com.timp.test.BRB.ComentarioLibre" time="171.229" errors="0" timestamp="17 abr. 2021 00:37:01 GMT" skipped="0">
  <testcase classname="com.timp.test.BRB.ComentarioLibre" name="comentarioLibre" time="171.229"/>
</testsuite> <!-- com.timp.test.BRB.ComentarioLibre -->
