<?xml version="1.0" encoding="UTF-8"?>
<!-- Generated by org.testng.reporters.JUnitReportReporter -->
<testsuite hostname="MassielV" failures="0" tests="2" name="com.timp.test.MDR.SPCBFederaisRetidos.SPCBFederaisRetidosExcluirMassa" time="146.135" errors="0" timestamp="02 nov. 2021 07:44:35 GMT" skipped="0">
  <testcase classname="com.timp.test.MDR.SPCBFederaisRetidos.SPCBFederaisRetidosExcluirMassa" name="criar" time="104.238"/>
  <testcase classname="com.timp.test.MDR.SPCBFederaisRetidos.SPCBFederaisRetidosExcluirMassa" name="excluir" time="41.897"/>
</testsuite> <!-- com.timp.test.MDR.SPCBFederaisRetidos.SPCBFederaisRetidosExcluirMassa -->
