<?xml version="1.0" encoding="UTF-8"?>
<!-- Generated by org.testng.reporters.JUnitReportReporter -->
<testsuite hostname="MIGUEL" failures="0" tests="3" name="com.timp.test.BRE.Estruturas.ParametrosGerais.EstruturasCriarMaisEditarMaisVisualizar" time="86.888" errors="0" timestamp="8 Jan 2021 02:50:41 GMT">
  <testcase classname="com.timp.test.BRE.Estruturas.ParametrosGerais.EstruturasCriarMaisEditarMaisVisualizar" name="acessarBRE" time="15.694"/>
  <testcase classname="com.timp.test.BRE.Estruturas.ParametrosGerais.EstruturasCriarMaisEditarMaisVisualizar" name="criar" time="60.622"/>
  <testcase classname="com.timp.test.BRE.Estruturas.ParametrosGerais.EstruturasCriarMaisEditarMaisVisualizar" name="login" time="10.572"/>
</testsuite> <!-- com.timp.test.BRE.Estruturas.ParametrosGerais.EstruturasCriarMaisEditarMaisVisualizar -->
