<?xml version="1.0" encoding="UTF-8"?>
<!-- Generated by org.testng.reporters.JUnitReportReporter -->
<testsuite hostname="MIGUEL" failures="0" tests="3" name="com.timp.test.DFG.Configuracoes.ConfiguracoesVisualizar" time="88.407" errors="0" timestamp="14 abr. 2021 15:34:15 GMT" skipped="0">
  <testcase classname="com.timp.test.DFG.Configuracoes.ConfiguracoesVisualizar" name="ingresar" time="8.393"/>
  <testcase classname="com.timp.test.DFG.Configuracoes.ConfiguracoesVisualizar" name="mdrEntrar" time="18.839"/>
  <testcase classname="com.timp.test.DFG.Configuracoes.ConfiguracoesVisualizar" name="criar" time="61.175"/>
</testsuite> <!-- com.timp.test.DFG.Configuracoes.ConfiguracoesVisualizar -->
