<?xml version="1.0" encoding="UTF-8"?>
<!-- Generated by org.testng.reporters.JUnitReportReporter -->
<testsuite hostname="LitoSoler" name="com.timp.test.MDR.CodigoReceita.CodigoReceitaVisualizar" tests="3" failures="0" timestamp="22 Jan 2021 18:37:39 GMT" time="61.174" errors="0">
  <testcase name="visualizar" time="39.141" classname="com.timp.test.MDR.CodigoReceita.CodigoReceitaVisualizar"/>
  <testcase name="login" time="7.058" classname="com.timp.test.MDR.CodigoReceita.CodigoReceitaVisualizar"/>
  <testcase name="acessarMDR" time="14.975" classname="com.timp.test.MDR.CodigoReceita.CodigoReceitaVisualizar"/>
</testsuite> <!-- com.timp.test.MDR.CodigoReceita.CodigoReceitaVisualizar -->
