<?xml version="1.0" encoding="UTF-8"?>
<!-- Generated by org.testng.reporters.JUnitReportReporter -->
<testsuite hostname="DESKTOP-M23FVFN" failures="0" tests="1" name="com.timp.test.MDR.TabelasComplementaresParaObrigaçoesAcessorias.CodigoDeOutrasSaidas.CodigoDeOutrasSaidasEditar" time="231.127" errors="0" timestamp="06 ene. 2022 06:38:42 GMT" skipped="0">
  <testcase classname="com.timp.test.MDR.TabelasComplementaresParaObrigaçoesAcessorias.CodigoDeOutrasSaidas.CodigoDeOutrasSaidasEditar" name="editar" time="231.127"/>
</testsuite> <!-- com.timp.test.MDR.TabelasComplementaresParaObrigaçoesAcessorias.CodigoDeOutrasSaidas.CodigoDeOutrasSaidasEditar -->
