<?xml version="1.0" encoding="UTF-8"?>
<!-- Generated by org.testng.reporters.JUnitReportReporter -->
<testsuite hostname="LitoSoler" name="com.timp.test.MDR.PrecoDeTransferencia.CommoditieParaTP.CommoditieParaTPFiltroID" tests="3" failures="0" timestamp="14 Oct 2020 22:46:48 GMT" time="49.312" errors="0">
  <testcase name="login" time="7.431" classname="com.timp.test.MDR.PrecoDeTransferencia.CommoditieParaTP.CommoditieParaTPFiltroID"/>
  <testcase name="acessarMDR" time="9.111" classname="com.timp.test.MDR.PrecoDeTransferencia.CommoditieParaTP.CommoditieParaTPFiltroID"/>
  <testcase name="filtro" time="32.770" classname="com.timp.test.MDR.PrecoDeTransferencia.CommoditieParaTP.CommoditieParaTPFiltroID"/>
</testsuite> <!-- com.timp.test.MDR.PrecoDeTransferencia.CommoditieParaTP.CommoditieParaTPFiltroID -->
