<?xml version="1.0" encoding="UTF-8"?>
<!-- Generated by org.testng.reporters.JUnitReportReporter -->
<testsuite hostname="MIGUEL" failures="0" tests="3" name="com.timp.test.BRE.CalculoDeTributos.ParametroGerais.CalculoDeTributosLixeiraEmMassaMaisExcluirEmMassa" time="214.035" errors="0" timestamp="10 Jan 2021 04:05:49 GMT">
  <testcase classname="com.timp.test.BRE.CalculoDeTributos.ParametroGerais.CalculoDeTributosLixeiraEmMassaMaisExcluirEmMassa" name="acessarBRE" time="12.453"/>
  <testcase classname="com.timp.test.BRE.CalculoDeTributos.ParametroGerais.CalculoDeTributosLixeiraEmMassaMaisExcluirEmMassa" name="login" time="7.200"/>
  <testcase classname="com.timp.test.BRE.CalculoDeTributos.ParametroGerais.CalculoDeTributosLixeiraEmMassaMaisExcluirEmMassa" name="criar" time="194.382"/>
</testsuite> <!-- com.timp.test.BRE.CalculoDeTributos.ParametroGerais.CalculoDeTributosLixeiraEmMassaMaisExcluirEmMassa -->
