<?xml version="1.0" encoding="UTF-8"?>
<!-- Generated by org.testng.reporters.JUnitReportReporter -->
<testsuite hostname="EC2AMAZ-8HCHO4G" failures="0" tests="2" name="com.timp.test.ATR.Estruturas.MapeamentoDeEstruturas.MapeamentodeEstruturasExcluirMassa" time="164.310" errors="0" timestamp="2023-05-22T21:39:57 UTC" skipped="0">
  <testcase classname="com.timp.test.ATR.Estruturas.MapeamentoDeEstruturas.MapeamentodeEstruturasExcluirMassa" name="Criar" time="134.227"/>
  <system-out/>
  <testcase classname="com.timp.test.ATR.Estruturas.MapeamentoDeEstruturas.MapeamentodeEstruturasExcluirMassa" name="excluirMasa" time="30.083"/>
  <system-out/>
</testsuite> <!-- com.timp.test.ATR.Estruturas.MapeamentoDeEstruturas.MapeamentodeEstruturasExcluirMassa -->
