<?xml version="1.0" encoding="UTF-8"?>
<!-- Generated by org.testng.reporters.JUnitReportReporter -->
<testsuite hostname="DESKTOP-C57COV6" failures="0" tests="1" name="com.timp.test.MDR.ValorAdicionado.Confrontacao.ConfrontacaoExcluir" time="176.039" errors="0" timestamp="02 sep. 2021 17:28:17 GMT" skipped="0">
  <testcase classname="com.timp.test.MDR.ValorAdicionado.Confrontacao.ConfrontacaoExcluir" name="Excluir" time="176.039"/>
</testsuite> <!-- com.timp.test.MDR.ValorAdicionado.Confrontacao.ConfrontacaoExcluir -->
