<?xml version="1.0" encoding="UTF-8"?>
<!-- Generated by org.testng.reporters.JUnitReportReporter -->
<testsuite hostname="CRISTHIAN-VASQUEZ" failures="0" tests="1" name="com.timp.test.MDR.ConfiguracoesFundoSocial.ConfiguracaoFundoSocailCriar" time="171.541" errors="0" timestamp="19 feb. 2021 16:19:54 GMT" skipped="0">
  <testcase classname="com.timp.test.MDR.ConfiguracoesFundoSocial.ConfiguracaoFundoSocailCriar" name="criar" time="171.541"/>
</testsuite> <!-- com.timp.test.MDR.ConfiguracoesFundoSocial.ConfiguracaoFundoSocailCriar -->
