<?xml version="1.0" encoding="UTF-8"?>
<!-- Generated by org.testng.reporters.JUnitReportReporter -->
<testsuite hostname="DESKTOP-C57COV6" failures="0" tests="1" name="com.timp.test.MDR.TabelasApoioESocial.Tabela23.FatoresDeRiscoDetalhes" time="92.574" errors="0" timestamp="05 ago. 2021 10:23:28 GMT" skipped="0">
  <testcase classname="com.timp.test.MDR.TabelasApoioESocial.Tabela23.FatoresDeRiscoDetalhes" name="detalhes" time="92.574"/>
</testsuite> <!-- com.timp.test.MDR.TabelasApoioESocial.Tabela23.FatoresDeRiscoDetalhes -->
