<?xml version="1.0" encoding="UTF-8"?>
<!-- Generated by org.testng.reporters.JUnitReportReporter -->
<testsuite hostname="DESKTOP-M23FVFN" failures="0" tests="5" name="com.timp.test.CALENDAR.ParametrosGerais.TarefaAtualizar" time="316.566" errors="0" timestamp="12 abr. 2022 19:43:58 GMT" skipped="0">
  <testcase classname="com.timp.test.CALENDAR.ParametrosGerais.TarefaAtualizar" name="login" time="19.506"/>
  <testcase classname="com.timp.test.CALENDAR.ParametrosGerais.TarefaAtualizar" name="acessarCalendar" time="34.210"/>
  <testcase classname="com.timp.test.CALENDAR.ParametrosGerais.TarefaAtualizar" name="bpma" time="60.340"/>
  <testcase classname="com.timp.test.CALENDAR.ParametrosGerais.TarefaAtualizar" name="tfp" time="83.571"/>
  <testcase classname="com.timp.test.CALENDAR.ParametrosGerais.TarefaAtualizar" name="calendar" time="118.939"/>
</testsuite> <!-- com.timp.test.CALENDAR.ParametrosGerais.TarefaAtualizar -->
