<?xml version="1.0" encoding="UTF-8"?>
<!-- Generated by org.testng.reporters.JUnitReportReporter -->
<testsuite hostname="EC2AMAZ-8HCHO4G" failures="0" tests="8" name="com.timp.test.ATR.Tributos.AgrupamentoDeTributos.AgrupamentoDeTributosTodasFunc" time="565.700" errors="0" timestamp="2023-07-24T16:50:20 UTC" skipped="0">
  <testcase classname="com.timp.test.ATR.Tributos.AgrupamentoDeTributos.AgrupamentoDeTributosTodasFunc" name="Excluir" time="25.505"/>
  <system-out/>
  <testcase classname="com.timp.test.ATR.Tributos.AgrupamentoDeTributos.AgrupamentoDeTributosTodasFunc" name="criar" time="77.644"/>
  <system-out/>
  <testcase classname="com.timp.test.ATR.Tributos.AgrupamentoDeTributos.AgrupamentoDeTributosTodasFunc" name="criarcopia" time="123.934"/>
  <system-out/>
  <testcase classname="com.timp.test.ATR.Tributos.AgrupamentoDeTributos.AgrupamentoDeTributosTodasFunc" name="detalle" time="46.087"/>
  <system-out/>
  <testcase classname="com.timp.test.ATR.Tributos.AgrupamentoDeTributos.AgrupamentoDeTributosTodasFunc" name="editar" time="93.760"/>
  <system-out/>
  <testcase classname="com.timp.test.ATR.Tributos.AgrupamentoDeTributos.AgrupamentoDeTributosTodasFunc" name="visualizar" time="47.551"/>
  <system-out/>
  <testcase classname="com.timp.test.ATR.Tributos.AgrupamentoDeTributos.AgrupamentoDeTributosTodasFunc" name="excluir" time="46.162"/>
  <system-out/>
  <testcase classname="com.timp.test.ATR.Tributos.AgrupamentoDeTributos.AgrupamentoDeTributosTodasFunc" name="criarMassa" time="105.057"/>
  <system-out/>
</testsuite> <!-- com.timp.test.ATR.Tributos.AgrupamentoDeTributos.AgrupamentoDeTributosTodasFunc -->
