<?xml version="1.0" encoding="UTF-8"?>
<!-- Generated by org.testng.reporters.JUnitReportReporter -->
<testsuite hostname="LitoSoler" name="com.timp.test.BRB.Eliminar" tests="4" failures="0" timestamp="4 Dec 2020 00:08:39 GMT" time="150.408" errors="0">
  <testcase name="brbEntrar" time="46.346" classname="com.timp.test.BRB.Eliminar"/>
  <testcase name="login" time="8.118" classname="com.timp.test.BRB.Eliminar"/>
  <testcase name="eliminar" time="48.532" classname="com.timp.test.BRB.Eliminar"/>
  <testcase name="eliminarLixeira" time="47.412" classname="com.timp.test.BRB.Eliminar"/>
</testsuite> <!-- com.timp.test.BRB.Eliminar -->
