<?xml version="1.0" encoding="UTF-8"?>
<!-- Generated by org.testng.reporters.JUnitReportReporter -->
<testsuite hostname="DESKTOP-5P4F1JE" failures="0" tests="3" name="com.timp.test.TDK.Dashboard.ParametrosGerais.DashboardLixeira" time="84.426" errors="0" timestamp="4 Feb 2021 14:19:19 GMT">
  <testcase classname="com.timp.test.TDK.Dashboard.ParametrosGerais.DashboardLixeira" name="lixeira" time="51.398"/>
  <testcase classname="com.timp.test.TDK.Dashboard.ParametrosGerais.DashboardLixeira" name="acessarTDK" time="24.815"/>
  <testcase classname="com.timp.test.TDK.Dashboard.ParametrosGerais.DashboardLixeira" name="login" time="8.213"/>
</testsuite> <!-- com.timp.test.TDK.Dashboard.ParametrosGerais.DashboardLixeira -->
