<?xml version="1.0" encoding="UTF-8"?>
<!-- Generated by org.testng.reporters.JUnitReportReporter -->
<testsuite hostname="MIGUEL" failures="0" tests="11" name="com.timp.test.BCB.ExecucoesSalvas.HierarquiaConfiguracoesExecucoesSalvas.ExecucoesSalvasHierarquiaConfiguracaoTodasAsFuncionalidades" time="829.622" errors="0" timestamp="09 mar. 2021 03:26:47 GMT" skipped="0">
  <testcase classname="com.timp.test.BCB.ExecucoesSalvas.HierarquiaConfiguracoesExecucoesSalvas.ExecucoesSalvasHierarquiaConfiguracaoTodasAsFuncionalidades" name="login" time="7.288"/>
  <testcase classname="com.timp.test.BCB.ExecucoesSalvas.HierarquiaConfiguracoesExecucoesSalvas.ExecucoesSalvasHierarquiaConfiguracaoTodasAsFuncionalidades" name="brbEntrar" time="15.578"/>
  <testcase classname="com.timp.test.BCB.ExecucoesSalvas.HierarquiaConfiguracoesExecucoesSalvas.ExecucoesSalvasHierarquiaConfiguracaoTodasAsFuncionalidades" name="criarConfiguracaoExecucoes" time="74.965"/>
  <testcase classname="com.timp.test.BCB.ExecucoesSalvas.HierarquiaConfiguracoesExecucoesSalvas.ExecucoesSalvasHierarquiaConfiguracaoTodasAsFuncionalidades" name="criarConfiguracao" time="166.035"/>
  <testcase classname="com.timp.test.BCB.ExecucoesSalvas.HierarquiaConfiguracoesExecucoesSalvas.ExecucoesSalvasHierarquiaConfiguracaoTodasAsFuncionalidades" name="configurarConfiguracao" time="139.261"/>
  <testcase classname="com.timp.test.BCB.ExecucoesSalvas.HierarquiaConfiguracoesExecucoesSalvas.ExecucoesSalvasHierarquiaConfiguracaoTodasAsFuncionalidades" name="executar" time="94.611"/>
  <testcase classname="com.timp.test.BCB.ExecucoesSalvas.HierarquiaConfiguracoesExecucoesSalvas.ExecucoesSalvasHierarquiaConfiguracaoTodasAsFuncionalidades" name="resto" time="87.589"/>
  <testcase classname="com.timp.test.BCB.ExecucoesSalvas.HierarquiaConfiguracoesExecucoesSalvas.ExecucoesSalvasHierarquiaConfiguracaoTodasAsFuncionalidades" name="editar" time="73.609"/>
  <testcase classname="com.timp.test.BCB.ExecucoesSalvas.HierarquiaConfiguracoesExecucoesSalvas.ExecucoesSalvasHierarquiaConfiguracaoTodasAsFuncionalidades" name="excluirExecucoes" time="48.789"/>
  <testcase classname="com.timp.test.BCB.ExecucoesSalvas.HierarquiaConfiguracoesExecucoesSalvas.ExecucoesSalvasHierarquiaConfiguracaoTodasAsFuncionalidades" name="excluirConfiguracoes" time="72.265"/>
  <testcase classname="com.timp.test.BCB.ExecucoesSalvas.HierarquiaConfiguracoesExecucoesSalvas.ExecucoesSalvasHierarquiaConfiguracaoTodasAsFuncionalidades" name="excluirHierarquia" time="49.632"/>
</testsuite> <!-- com.timp.test.BCB.ExecucoesSalvas.HierarquiaConfiguracoesExecucoesSalvas.ExecucoesSalvasHierarquiaConfiguracaoTodasAsFuncionalidades -->
