<?xml version="1.0" encoding="UTF-8"?>
<!-- Generated by org.testng.reporters.JUnitReportReporter -->
<testsuite hostname="DESKTOP-JP1A9E6" failures="0" tests="1" name="com.timp.test.BRB.CampoOutput" time="104.427" errors="0" timestamp="15 jun. 2021 05:23:37 GMT" skipped="0">
  <testcase classname="com.timp.test.BRB.CampoOutput" name="campoOutput" time="104.427"/>
</testsuite> <!-- com.timp.test.BRB.CampoOutput -->
