<?xml version="1.0" encoding="UTF-8"?>
<!-- Generated by org.testng.reporters.JUnitReportReporter -->
<testsuite hostname="DESKTOP-JP1A9E6" failures="0" tests="3" name="com.timp.test.BPMA.ProcessodeNegocio.ProcessodeNegócioCriarProcessocomTarefadeUsuário" time="326.267" errors="0" timestamp="10 ago. 2021 16:10:01 GMT" skipped="0">
  <testcase classname="com.timp.test.BPMA.ProcessodeNegocio.ProcessodeNegócioCriarProcessocomTarefadeUsuário" name="login" time="13.747"/>
  <testcase classname="com.timp.test.BPMA.ProcessodeNegocio.ProcessodeNegócioCriarProcessocomTarefadeUsuário" name="BPMAEntrar" time="32.472"/>
  <testcase classname="com.timp.test.BPMA.ProcessodeNegocio.ProcessodeNegócioCriarProcessocomTarefadeUsuário" name="criar" time="280.048"/>
</testsuite> <!-- com.timp.test.BPMA.ProcessodeNegocio.ProcessodeNegócioCriarProcessocomTarefadeUsuário -->
