<?xml version="1.0" encoding="UTF-8"?>
<!-- Generated by org.testng.reporters.JUnitReportReporter -->
<testsuite hostname="Agile" failures="0" tests="2" name="com.timp.test.BRB.GruposAvancados" time="481.445" errors="0" timestamp="29 dic. 2021 01:37:04 GMT" skipped="0">
  <testcase classname="com.timp.test.BRB.GruposAvancados" name="eliminarGrupos" time="57.838"/>
  <testcase classname="com.timp.test.BRB.GruposAvancados" name="gruposAvanzados" time="423.607"/>
</testsuite> <!-- com.timp.test.BRB.GruposAvancados -->
