<?xml version="1.0" encoding="UTF-8"?>
<!-- Generated by org.testng.reporters.JUnitReportReporter -->
<testsuite hostname="MIGUEL" failures="0" tests="3" name="com.timp.test.BCB.ParametrosGeraisHierarquiaExcluirSelectFlag" time="68.917" errors="0" timestamp="10 Feb 2021 23:14:20 GMT">
  <testcase classname="com.timp.test.BCB.ParametrosGeraisHierarquiaExcluirSelectFlag" name="login" time="7.776"/>
  <testcase classname="com.timp.test.BCB.ParametrosGeraisHierarquiaExcluirSelectFlag" name="brbEntrar" time="14.433"/>
  <testcase classname="com.timp.test.BCB.ParametrosGeraisHierarquiaExcluirSelectFlag" name="excluir" time="46.708"/>
</testsuite> <!-- com.timp.test.BCB.ParametrosGeraisHierarquiaExcluirSelectFlag -->
