<?xml version="1.0" encoding="UTF-8"?>
<!-- Generated by org.testng.reporters.JUnitReportReporter -->
<testsuite hostname="DESKTOP-JP1A9E6" failures="0" tests="1" name="com.timp.test.MDR.TabelasApoioESocial.Tabela26.MotivosCesBeneficiosExcluir" time="86.543" errors="0" timestamp="29 may. 2021 05:56:41 GMT" skipped="0">
  <testcase classname="com.timp.test.MDR.TabelasApoioESocial.Tabela26.MotivosCesBeneficiosExcluir" name="excluir" time="86.543"/>
</testsuite> <!-- com.timp.test.MDR.TabelasApoioESocial.Tabela26.MotivosCesBeneficiosExcluir -->
