<?xml version="1.0" encoding="UTF-8"?>
<!-- Generated by org.testng.reporters.JUnitReportReporter -->
<testsuite hostname="DESKTOP-M23FVFN" failures="0" tests="1" name="com.timp.test.BRB.AtivarComentario" time="150.436" errors="0" timestamp="2022-06-06T14:49:52 CST" skipped="0">
  <testcase classname="com.timp.test.BRB.AtivarComentario" name="ativarComentarios" time="150.436"/>
  <system-out/>
</testsuite> <!-- com.timp.test.BRB.AtivarComentario -->
