<?xml version="1.0" encoding="UTF-8"?>
<!-- Generated by org.testng.reporters.JUnitReportReporter -->
<testsuite hostname="Agile" failures="0" tests="1" name="com.timp.test.MDR.TaxasDeAtualização.AlíquotasTaxaDeAtualização.AliquotaDeTaxaDeActualizacaoPesquisaPorID" time="50.289" errors="0" timestamp="16 feb. 2022 09:18:51 GMT" skipped="0">
  <testcase classname="com.timp.test.MDR.TaxasDeAtualização.AlíquotasTaxaDeAtualização.AliquotaDeTaxaDeActualizacaoPesquisaPorID" name="filtro" time="50.289"/>
</testsuite> <!-- com.timp.test.MDR.TaxasDeAtualização.AlíquotasTaxaDeAtualização.AliquotaDeTaxaDeActualizacaoPesquisaPorID -->
