<?xml version="1.0" encoding="UTF-8"?>
<!-- Generated by org.testng.reporters.JUnitReportReporter -->
<testsuite hostname="DESKTOP-BNBDMGT" failures="0" tests="1" name="com.timp.test.MDR.Reinf.R1070DadosAdicionais.R1070DadosAdicionaisExcluir" time="107.831" errors="0" timestamp="23 mar. 2021 23:01:20 GMT" skipped="0">
  <testcase classname="com.timp.test.MDR.Reinf.R1070DadosAdicionais.R1070DadosAdicionaisExcluir" name="Excluir" time="107.831"/>
</testsuite> <!-- com.timp.test.MDR.Reinf.R1070DadosAdicionais.R1070DadosAdicionaisExcluir -->
