<?xml version="1.0" encoding="UTF-8"?>
<!-- Generated by org.testng.reporters.JUnitReportReporter -->
<testsuite hostname="DESKTOP-M23FVFN" failures="0" tests="1" name="com.timp.test.MDR.CadastrosIRPJCSLL.DEPARAContasContábeis.DEPARAContasContábeisEditar" time="324.963" errors="0" timestamp="21 ene. 2022 03:26:52 GMT" skipped="0">
  <testcase classname="com.timp.test.MDR.CadastrosIRPJCSLL.DEPARAContasContábeis.DEPARAContasContábeisEditar" name="Editar" time="324.963"/>
</testsuite> <!-- com.timp.test.MDR.CadastrosIRPJCSLL.DEPARAContasContábeis.DEPARAContasContábeisEditar -->
