<?xml version="1.0" encoding="UTF-8"?>
<!-- Generated by org.testng.reporters.JUnitReportReporter -->
<testsuite hostname="Agile" failures="0" tests="1" name="com.timp.test.BRB.AtivarComentario" time="187.382" errors="0" timestamp="29 dic. 2021 01:42:08 GMT" skipped="0">
  <testcase classname="com.timp.test.BRB.AtivarComentario" name="ativarComentarios" time="187.382"/>
</testsuite> <!-- com.timp.test.BRB.AtivarComentario -->
