<?xml version="1.0" encoding="UTF-8"?>
<!-- Generated by org.testng.reporters.JUnitReportReporter -->
<testsuite hostname="MIGUEL" failures="0" tests="3" name="com.timp.test.MDR.EventosESocial.S1250AquisicaoDeProducaoRural.S1250DetProcessoJudicial.S1250DetProcessoJudicialExcluir" time="105.583" errors="0" timestamp="10 Jan 2021 02:20:58 GMT">
  <testcase classname="com.timp.test.MDR.EventosESocial.S1250AquisicaoDeProducaoRural.S1250DetProcessoJudicial.S1250DetProcessoJudicialExcluir" name="login" time="10.742"/>
  <testcase classname="com.timp.test.MDR.EventosESocial.S1250AquisicaoDeProducaoRural.S1250DetProcessoJudicial.S1250DetProcessoJudicialExcluir" name="acessarMDR" time="10.840"/>
  <testcase classname="com.timp.test.MDR.EventosESocial.S1250AquisicaoDeProducaoRural.S1250DetProcessoJudicial.S1250DetProcessoJudicialExcluir" name="excluir" time="84.001"/>
</testsuite> <!-- com.timp.test.MDR.EventosESocial.S1250AquisicaoDeProducaoRural.S1250DetProcessoJudicial.S1250DetProcessoJudicialExcluir -->
