<?xml version="1.0" encoding="UTF-8"?>
<!-- Generated by org.testng.reporters.JUnitReportReporter -->
<testsuite hostname="LitoSoler" name="com.timp.test.BRB.ReordenarColuna" tests="3" failures="0" timestamp="13 Nov 2020 18:57:28 GMT" time="166.121" errors="0">
  <testcase name="brbEntrar" time="78.606" classname="com.timp.test.BRB.ReordenarColuna"/>
  <testcase name="login" time="37.235" classname="com.timp.test.BRB.ReordenarColuna"/>
  <testcase name="reordenar" time="50.280" classname="com.timp.test.BRB.ReordenarColuna"/>
</testsuite> <!-- com.timp.test.BRB.ReordenarColuna -->
