<?xml version="1.0" encoding="UTF-8"?>
<!-- Generated by org.testng.reporters.JUnitReportReporter -->
<testsuite hostname="DESKTOP-JP1A9E6" failures="0" tests="1" name="com.timp.test.MDR.TabelasComplementaresParaObrigaçoesAcessorias.AgrupadorDeCFOP.AgrupadorDeCFOPDetalhes" time="86.826" errors="0" timestamp="17 ago. 2021 08:38:15 GMT" skipped="0">
  <testcase classname="com.timp.test.MDR.TabelasComplementaresParaObrigaçoesAcessorias.AgrupadorDeCFOP.AgrupadorDeCFOPDetalhes" name="detalhes" time="86.826"/>
</testsuite> <!-- com.timp.test.MDR.TabelasComplementaresParaObrigaçoesAcessorias.AgrupadorDeCFOP.AgrupadorDeCFOPDetalhes -->
