<?xml version="1.0" encoding="UTF-8"?>
<!-- Generated by org.testng.reporters.JUnitReportReporter -->
<testsuite hostname="Agile" failures="0" tests="1" name="com.timp.test.MDR.Empresas.EmpresaEditar" time="321.322" errors="0" timestamp="30 ene. 2022 21:16:01 GMT" skipped="0">
  <testcase classname="com.timp.test.MDR.Empresas.EmpresaEditar" name="editar" time="321.322"/>
</testsuite> <!-- com.timp.test.MDR.Empresas.EmpresaEditar -->
