<?xml version="1.0" encoding="UTF-8"?>
<!-- Generated by org.testng.reporters.JUnitReportReporter -->
<<<<<<< HEAD
<testsuite hostname="LitoSoler" name="com.timp.test.MDR.ValorAdicionado.Municipio.MunicipioCriar" tests="3" failures="0" timestamp="19 Nov 2020 17:11:24 GMT" time="70.978" errors="0">
  <testcase name="login" time="6.689" classname="com.timp.test.MDR.ValorAdicionado.Municipio.MunicipioCriar"/>
  <testcase name="acessarMDR" time="16.273" classname="com.timp.test.MDR.ValorAdicionado.Municipio.MunicipioCriar"/>
  <testcase name="criar" time="48.016" classname="com.timp.test.MDR.ValorAdicionado.Municipio.MunicipioCriar"/>
=======
<testsuite hostname="DESKTOP-BNBDMGT" failures="0" tests="3" name="com.timp.test.MDR.ValorAdicionado.Municipio.MunicipioCriar" time="74.737" errors="0" timestamp="20 Nov 2020 07:52:04 GMT">
  <testcase classname="com.timp.test.MDR.ValorAdicionado.Municipio.MunicipioCriar" name="login" time="7.177"/>
  <testcase classname="com.timp.test.MDR.ValorAdicionado.Municipio.MunicipioCriar" name="criar" time="45.921"/>
  <testcase classname="com.timp.test.MDR.ValorAdicionado.Municipio.MunicipioCriar" name="acessarMDR" time="21.639"/>
>>>>>>> branch 'master' of https://github.com/salc1997/TIMP_R1.git
</testsuite> <!-- com.timp.test.MDR.ValorAdicionado.Municipio.MunicipioCriar -->
