<?xml version="1.0" encoding="UTF-8"?>
<!-- Generated by org.testng.reporters.JUnitReportReporter -->
<testsuite hostname="DESKTOP-BNBDMGT" failures="0" tests="3" name="com.timp.test.BRE.RegrasDeNegocio.RegradeNegócioEdiçãoValoresCalculados" time="153.761" errors="0" timestamp="11 Jan 2021 21:52:38 GMT">
  <testcase classname="com.timp.test.BRE.RegrasDeNegocio.RegradeNegócioEdiçãoValoresCalculados" name="login" time="8.978"/>
  <testcase classname="com.timp.test.BRE.RegrasDeNegocio.RegradeNegócioEdiçãoValoresCalculados" name="acessarBRE" time="16.795"/>
  <testcase classname="com.timp.test.BRE.RegrasDeNegocio.RegradeNegócioEdiçãoValoresCalculados" name="editar" time="127.988"/>
</testsuite> <!-- com.timp.test.BRE.RegrasDeNegocio.RegradeNegócioEdiçãoValoresCalculados -->
