<?xml version="1.0" encoding="UTF-8"?>
<!-- Generated by org.testng.reporters.JUnitReportReporter -->
<testsuite hostname="LitoSoler" name="com.timp.test.BCB.ParametrosGeraisHierarquiaCriar" tests="3" failures="0" timestamp="20 Jan 2021 23:58:18 GMT" time="116.803" errors="0">
  <testcase name="brbEntrar" time="14.946" classname="com.timp.test.BCB.ParametrosGeraisHierarquiaCriar"/>
  <testcase name="criarConfiguracaoHierarquia" time="94.158" classname="com.timp.test.BCB.ParametrosGeraisHierarquiaCriar"/>
  <testcase name="login" time="7.699" classname="com.timp.test.BCB.ParametrosGeraisHierarquiaCriar"/>
</testsuite> <!-- com.timp.test.BCB.ParametrosGeraisHierarquiaCriar -->
