<?xml version="1.0" encoding="UTF-8"?>
<!-- Generated by org.testng.reporters.JUnitReportReporter -->
<testsuite hostname="DESKTOP-C57COV6" failures="0" tests="1" name="com.timp.test.MDR.TabelasApoioESocial.Tabela05.TiposDeRegistroExcluir" time="142.429" errors="0" timestamp="06 oct. 2021 14:02:03 GMT" skipped="0">
  <testcase classname="com.timp.test.MDR.TabelasApoioESocial.Tabela05.TiposDeRegistroExcluir" name="excluir" time="142.429"/>
</testsuite> <!-- com.timp.test.MDR.TabelasApoioESocial.Tabela05.TiposDeRegistroExcluir -->
