<?xml version="1.0" encoding="UTF-8"?>
<!-- Generated by org.testng.reporters.JUnitReportReporter -->
<testsuite hostname="LAPTOP-IN7IV9K5" failures="0" tests="1" name="com.timp.test.MDR.TaxasDeActualizacao.AliquotaDeTaxaDeActualizacaoCriar" time="92.900" errors="0" timestamp="09 abr. 2021 00:28:47 GMT" skipped="0">
  <testcase classname="com.timp.test.MDR.TaxasDeActualizacao.AliquotaDeTaxaDeActualizacaoCriar" name="criar" time="92.900"/>
</testsuite> <!-- com.timp.test.MDR.TaxasDeActualizacao.AliquotaDeTaxaDeActualizacaoCriar -->
