<?xml version="1.0" encoding="UTF-8"?>
<!-- Generated by org.testng.reporters.JUnitReportReporter -->
<testsuite skipped="0" hostname="LitoSoler" name="com.timp.test.MDR.CEP.Bairro.BairroDetalhes" tests="1" failures="0" timestamp="16 feb 2021 21:44:22 GMT" time="77.203" errors="0">
  <testcase name="visualizar" time="77.203" classname="com.timp.test.MDR.CEP.Bairro.BairroDetalhes"/>
</testsuite> <!-- com.timp.test.MDR.CEP.Bairro.BairroDetalhes -->
