<?xml version="1.0" encoding="UTF-8"?>
<!-- Generated by org.testng.reporters.JUnitReportReporter -->
<testsuite hostname="MassielV" failures="0" tests="2" name="com.timp.test.BRB.ExcluirRelatorio" time="148.939" errors="0" timestamp="20 oct. 2021 06:44:40 GMT" skipped="0">
  <testcase classname="com.timp.test.BRB.ExcluirRelatorio" name="eliminar" time="93.590"/>
  <testcase classname="com.timp.test.BRB.ExcluirRelatorio" name="eliminarLixeira" time="55.349"/>
</testsuite> <!-- com.timp.test.BRB.ExcluirRelatorio -->
