<?xml version="1.0" encoding="UTF-8"?>
<!-- Generated by org.testng.reporters.JUnitReportReporter -->
<testsuite hostname="DESKTOP-SUF121B" failures="0" tests="3" name="com.timp.test.MDR.Tributos.TributosCriar" time="148.549" errors="0" timestamp="27 Jul 2020 07:45:53 GMT">
  <testcase classname="com.timp.test.MDR.Tributos.TributosCriar" name="tributoCriar" time="125.739"/>
  <testcase classname="com.timp.test.MDR.Tributos.TributosCriar" name="acessarMDR" time="11.956"/>
  <testcase classname="com.timp.test.MDR.Tributos.TributosCriar" name="login" time="10.854"/>
</testsuite> <!-- com.timp.test.MDR.Tributos.TributosCriar -->
