<?xml version="1.0" encoding="UTF-8"?>
<!-- Generated by org.testng.reporters.JUnitReportReporter -->
<testsuite hostname="EC2AMAZ-8HCHO4G" failures="0" tests="1" name="com.timp.test.BRB.CriarComCopia" time="165.988" errors="0" timestamp="2023-02-17T19:27:57 UTC" skipped="0">
  <testcase classname="com.timp.test.BRB.CriarComCopia" name="criarCopia" time="165.988"/>
  <system-out/>
</testsuite> <!-- com.timp.test.BRB.CriarComCopia -->
