<?xml version="1.0" encoding="UTF-8"?>
<!-- Generated by org.testng.reporters.JUnitReportReporter -->
<testsuite skipped="0" hostname="LitoSoler" name="com.timp.test.BRB.AgrupadoPeloCampo" tests="1" failures="0" timestamp="24 feb 2021 16:20:01 GMT" time="155.840" errors="0">
  <testcase name="agrupadoPeloCampo" time="155.840" classname="com.timp.test.BRB.AgrupadoPeloCampo"/>
</testsuite> <!-- com.timp.test.BRB.AgrupadoPeloCampo -->
