<?xml version="1.0" encoding="UTF-8"?>
<!-- Generated by org.testng.reporters.JUnitReportReporter -->
<testsuite hostname="DESKTOP-M23FVFN" failures="0" tests="1" name="com.timp.test.MDR.ValorAdicionado.InclusaoDeCamposMar.InclusaoDeCamposMarVisualizar" time="80.690" errors="0" timestamp="16 feb. 2022 14:02:44 GMT" skipped="0">
  <testcase classname="com.timp.test.MDR.ValorAdicionado.InclusaoDeCamposMar.InclusaoDeCamposMarVisualizar" name="Visualizar" time="80.690"/>
</testsuite> <!-- com.timp.test.MDR.ValorAdicionado.InclusaoDeCamposMar.InclusaoDeCamposMarVisualizar -->
