<?xml version="1.0" encoding="UTF-8"?>
<!-- Generated by org.testng.reporters.JUnitReportReporter -->
<testsuite hostname="LAPTOP-IN7IV9K5" failures="0" tests="1" name="com.timp.test.BRB.ExcluirColuna" time="115.513" errors="0" timestamp="10 may. 2021 21:40:10 GMT" skipped="0">
  <testcase classname="com.timp.test.BRB.ExcluirColuna" name="excluirColunaDragNDrop" time="115.513"/>
</testsuite> <!-- com.timp.test.BRB.ExcluirColuna -->
