<?xml version="1.0" encoding="UTF-8"?>
<!-- Generated by org.testng.reporters.JUnitReportReporter -->
<testsuite hostname="EC2AMAZ-8HCHO4G" failures="0" tests="3" name="com.timp.test.BRB.FiltrosRelatorio" time="318.362" errors="0" timestamp="2023-02-15T16:57:03 UTC" skipped="0">
  <testcase classname="com.timp.test.BRB.FiltrosRelatorio" name="BfiltrosBiblioteca" time="107.112"/>
  <system-out/>
  <testcase classname="com.timp.test.BRB.FiltrosRelatorio" name="CasignarValores" time="27.400"/>
  <system-out/>
  <testcase classname="com.timp.test.BRB.FiltrosRelatorio" name="AfiltrosEditor" time="183.850"/>
  <system-out/>
</testsuite> <!-- com.timp.test.BRB.FiltrosRelatorio -->
