<?xml version="1.0" encoding="UTF-8"?>
<!-- Generated by org.testng.reporters.JUnitReportReporter -->
<testsuite hostname="DESKTOP-JP1A9E6" failures="0" tests="1" name="com.timp.test.MDR.CadastrosIRPJCSLL.ContasParteBLALUR.ContasParteBLALURFiltroID" time="111.168" errors="0" timestamp="07 sep. 2021 21:55:59 GMT" skipped="0">
  <testcase classname="com.timp.test.MDR.CadastrosIRPJCSLL.ContasParteBLALUR.ContasParteBLALURFiltroID" name="filtro" time="111.168"/>
</testsuite> <!-- com.timp.test.MDR.CadastrosIRPJCSLL.ContasParteBLALUR.ContasParteBLALURFiltroID -->
