<?xml version="1.0" encoding="UTF-8"?>
<!-- Generated by org.testng.reporters.JUnitReportReporter -->
<testsuite hostname="DESKTOP-HB7TMPD" failures="0" tests="17" name="com.timp.test.BCB.OrigenBFBHierarquiaConfiguracaoTodasAsFuncionalidades" time="540.160" errors="0" timestamp="5 Jan 2021 03:59:27 GMT">
  <testcase classname="com.timp.test.BCB.OrigenBFBHierarquiaConfiguracaoTodasAsFuncionalidades" name="abrirSubnivel1" time="41.058"/>
  <testcase classname="com.timp.test.BCB.OrigenBFBHierarquiaConfiguracaoTodasAsFuncionalidades" name="excluirConfiguracoes" time="51.830"/>
  <testcase classname="com.timp.test.BCB.OrigenBFBHierarquiaConfiguracaoTodasAsFuncionalidades" name="abrirSubnivel2" time="5.215"/>
  <testcase classname="com.timp.test.BCB.OrigenBFBHierarquiaConfiguracaoTodasAsFuncionalidades" name="abrirSubnivel3" time="5.195"/>
  <testcase classname="com.timp.test.BCB.OrigenBFBHierarquiaConfiguracaoTodasAsFuncionalidades" name="brbEntrar" time="14.464"/>
  <testcase classname="com.timp.test.BCB.OrigenBFBHierarquiaConfiguracaoTodasAsFuncionalidades" name="abrirSubnivel5" time="5.190"/>
  <testcase classname="com.timp.test.BCB.OrigenBFBHierarquiaConfiguracaoTodasAsFuncionalidades" name="outputBCB" time="23.953"/>
  <testcase classname="com.timp.test.BCB.OrigenBFBHierarquiaConfiguracaoTodasAsFuncionalidades" name="subNivel5" time="24.526"/>
  <testcase classname="com.timp.test.BCB.OrigenBFBHierarquiaConfiguracaoTodasAsFuncionalidades" name="login" time="7.985"/>
  <testcase classname="com.timp.test.BCB.OrigenBFBHierarquiaConfiguracaoTodasAsFuncionalidades" name="excluirHierarquia" time="56.845"/>
  <testcase classname="com.timp.test.BCB.OrigenBFBHierarquiaConfiguracaoTodasAsFuncionalidades" name="abrirSubnivel4" time="5.201"/>
  <testcase classname="com.timp.test.BCB.OrigenBFBHierarquiaConfiguracaoTodasAsFuncionalidades" name="criarConfiguracao" time="54.093"/>
  <testcase classname="com.timp.test.BCB.OrigenBFBHierarquiaConfiguracaoTodasAsFuncionalidades" name="subNivel4" time="30.760"/>
  <testcase classname="com.timp.test.BCB.OrigenBFBHierarquiaConfiguracaoTodasAsFuncionalidades" name="criarConfiguracionConfiguracao" time="78.681"/>
  <testcase classname="com.timp.test.BCB.OrigenBFBHierarquiaConfiguracaoTodasAsFuncionalidades" name="subNivel3" time="30.741"/>
  <testcase classname="com.timp.test.BCB.OrigenBFBHierarquiaConfiguracaoTodasAsFuncionalidades" name="subNivel2" time="28.446"/>
  <testcase classname="com.timp.test.BCB.OrigenBFBHierarquiaConfiguracaoTodasAsFuncionalidades" name="criarConfiguracaoExecucoes" time="75.977"/>
</testsuite> <!-- com.timp.test.BCB.OrigenBFBHierarquiaConfiguracaoTodasAsFuncionalidades -->
