<?xml version="1.0" encoding="UTF-8"?>
<!-- Generated by org.testng.reporters.JUnitReportReporter -->
<testsuite hostname="LitoSoler" name="com.timp.test.CALENDAR.AcessarCalendar" tests="2" failures="0" timestamp="21 Dec 2020 12:17:50 GMT" time="33.252" errors="0">
  <testcase name="CalendarEntrar" time="26.861" classname="com.timp.test.CALENDAR.AcessarCalendar"/>
  <testcase name="login" time="6.391" classname="com.timp.test.CALENDAR.AcessarCalendar"/>
</testsuite> <!-- com.timp.test.CALENDAR.AcessarCalendar -->
