<?xml version="1.0" encoding="UTF-8"?>
<!-- Generated by org.testng.reporters.JUnitReportReporter -->
<testsuite hostname="DESKTOP-C57COV6" failures="0" tests="1" name="com.timp.test.TDK.Kpis.Raiz.KpisRaizFiltroPorId" time="90.882" errors="0" timestamp="07 sep. 2021 00:20:08 GMT" skipped="0">
  <testcase classname="com.timp.test.TDK.Kpis.Raiz.KpisRaizFiltroPorId" name="filtro" time="90.882"/>
</testsuite> <!-- com.timp.test.TDK.Kpis.Raiz.KpisRaizFiltroPorId -->
