<?xml version="1.0" encoding="UTF-8"?>
<!-- Generated by org.testng.reporters.JUnitReportReporter -->
<testsuite hostname="DESKTOP-35UG9UP" name="com.timp.test.MDR.Antecipacao.AntecipacaoEliminar" tests="3" failures="0" timestamp="24 Sep 2020 13:29:38 GMT" time="101.468" errors="0">
  <testcase name="visualizar" time="81.369" classname="com.timp.test.MDR.Antecipacao.AntecipacaoEliminar"/>
  <testcase name="login" time="8.971" classname="com.timp.test.MDR.Antecipacao.AntecipacaoEliminar"/>
  <testcase name="acessarMDR" time="11.128" classname="com.timp.test.MDR.Antecipacao.AntecipacaoEliminar"/>
</testsuite> <!-- com.timp.test.MDR.Antecipacao.AntecipacaoEliminar -->
