<?xml version="1.0" encoding="UTF-8"?>
<!-- Generated by org.testng.reporters.JUnitReportReporter -->
<testsuite hostname="LAPTOP-IN7IV9K5" failures="0" tests="1" name="com.timp.test.TFP.Periodos.Periodos.PeriodosAlterarSubPeriodoEmMassa" time="511.287" errors="0" timestamp="03 mar. 2021 22:23:02 GMT" skipped="0">
  <testcase classname="com.timp.test.TFP.Periodos.Periodos.PeriodosAlterarSubPeriodoEmMassa" name="alterarPeriodoEmMassa" time="511.287"/>
</testsuite> <!-- com.timp.test.TFP.Periodos.Periodos.PeriodosAlterarSubPeriodoEmMassa -->
