<?xml version="1.0" encoding="UTF-8"?>
<!-- Generated by org.testng.reporters.JUnitReportReporter -->
<testsuite hostname="DESKTOP-JP1A9E6" failures="0" tests="3" name="com.timp.test.TFP.Configurações.Status.SubPeriodo.ConfiguracoesStatusSubPeriodoVer" time="88.307" errors="0" timestamp="24 sep. 2021 00:32:23 GMT" skipped="0">
  <testcase classname="com.timp.test.TFP.Configurações.Status.SubPeriodo.ConfiguracoesStatusSubPeriodoVer" name="login" time="8.346"/>
  <testcase classname="com.timp.test.TFP.Configurações.Status.SubPeriodo.ConfiguracoesStatusSubPeriodoVer" name="TFPEntrar" time="29.724"/>
  <testcase classname="com.timp.test.TFP.Configurações.Status.SubPeriodo.ConfiguracoesStatusSubPeriodoVer" name="ver" time="50.237"/>
</testsuite> <!-- com.timp.test.TFP.Configurações.Status.SubPeriodo.ConfiguracoesStatusSubPeriodoVer -->
