<?xml version="1.0" encoding="UTF-8"?>
<!-- Generated by org.testng.reporters.JUnitReportReporter -->
<testsuite hostname="LitoSoler" name="com.timp.test.MDR.Antecipacao.AntecipacaoEliminar" tests="3" failures="0" timestamp="5 Aug 2020 18:06:55 GMT" time="137.906" errors="0">
  <testcase name="acessarMDR" time="33.118" classname="com.timp.test.MDR.Antecipacao.AntecipacaoEliminar"/>
  <testcase name="login" time="6.157" classname="com.timp.test.MDR.Antecipacao.AntecipacaoEliminar"/>
  <testcase name="visualizar" time="98.631" classname="com.timp.test.MDR.Antecipacao.AntecipacaoEliminar"/>
</testsuite> <!-- com.timp.test.MDR.Antecipacao.AntecipacaoEliminar -->
