<?xml version="1.0" encoding="UTF-8"?>
<!-- Generated by org.testng.reporters.JUnitReportReporter -->
<testsuite hostname="DESKTOP-C57COV6" failures="0" tests="11" name="com.timp.test.DFG.Arquivos.Funcionalidades" time="540.421" errors="0" timestamp="13 may. 2021 19:41:09 GMT" skipped="0">
  <testcase classname="com.timp.test.DFG.Arquivos.Funcionalidades" name="ingresar" time="7.840"/>
  <testcase classname="com.timp.test.DFG.Arquivos.Funcionalidades" name="dfgEntrar" time="16.824"/>
  <testcase classname="com.timp.test.DFG.Arquivos.Funcionalidades" name="criarNovoLeiaute" time="94.241"/>
  <testcase classname="com.timp.test.DFG.Arquivos.Funcionalidades" name="registros" time="46.756"/>
  <testcase classname="com.timp.test.DFG.Arquivos.Funcionalidades" name="criarConfiguracao" time="78.749"/>
  <testcase classname="com.timp.test.DFG.Arquivos.Funcionalidades" name="executar" time="102.727"/>
  <testcase classname="com.timp.test.DFG.Arquivos.Funcionalidades" name="idPublicoPrivado" time="30.983"/>
  <testcase classname="com.timp.test.DFG.Arquivos.Funcionalidades" name="favorito" time="42.175"/>
  <testcase classname="com.timp.test.DFG.Arquivos.Funcionalidades" name="informacao" time="8.969"/>
  <testcase classname="com.timp.test.DFG.Arquivos.Funcionalidades" name="oficializarArquivo" time="27.722"/>
  <testcase classname="com.timp.test.DFG.Arquivos.Funcionalidades" name="lixeira" time="83.435"/>
</testsuite> <!-- com.timp.test.DFG.Arquivos.Funcionalidades -->
