<?xml version="1.0" encoding="UTF-8"?>
<!-- Generated by org.testng.reporters.JUnitReportReporter -->
<testsuite hostname="DESKTOP-M23FVFN" failures="0" tests="1" name="com.timp.test.BRB.AtivarCorrecao" time="119.173" errors="0" timestamp="2022-07-18T16:02:19 CST" skipped="0">
  <testcase classname="com.timp.test.BRB.AtivarCorrecao" name="ativarCorreccion" time="119.173"/>
  <system-out/>
</testsuite> <!-- com.timp.test.BRB.AtivarCorrecao -->
