<?xml version="1.0" encoding="UTF-8"?>
<!-- Generated by org.testng.reporters.JUnitReportReporter -->
<testsuite hostname="EC2AMAZ-8HCHO4G" failures="0" tests="1" name="com.timp.test.BRB.CrescenteEDecrescente" time="301.785" errors="0" timestamp="2023-12-20T18:24:05 UTC" skipped="0">
  <testcase classname="com.timp.test.BRB.CrescenteEDecrescente" name="crescenteEDecrescente" time="301.785"/>
  <system-out/>
</testsuite> <!-- com.timp.test.BRB.CrescenteEDecrescente -->
