<?xml version="1.0" encoding="UTF-8"?>
<!-- Generated by org.testng.reporters.JUnitReportReporter -->
<testsuite hostname="DESKTOP-BNBDMGT" failures="0" tests="17" name="com.timp.test.BCB.OrigenBFBHierarquiaConfiguracaoTodasAsFuncionalidades" time="710.836" errors="0" timestamp="27 Jan 2021 22:45:14 GMT">
  <testcase classname="com.timp.test.BCB.OrigenBFBHierarquiaConfiguracaoTodasAsFuncionalidades" name="criarConfiguracao" time="117.028"/>
  <testcase classname="com.timp.test.BCB.OrigenBFBHierarquiaConfiguracaoTodasAsFuncionalidades" name="abrirSubnivel4" time="5.133"/>
  <testcase classname="com.timp.test.BCB.OrigenBFBHierarquiaConfiguracaoTodasAsFuncionalidades" name="subNivel4" time="30.313"/>
  <testcase classname="com.timp.test.BCB.OrigenBFBHierarquiaConfiguracaoTodasAsFuncionalidades" name="excluirConfiguracoes" time="64.143"/>
  <testcase classname="com.timp.test.BCB.OrigenBFBHierarquiaConfiguracaoTodasAsFuncionalidades" name="abrirSubnivel2" time="5.131"/>
  <testcase classname="com.timp.test.BCB.OrigenBFBHierarquiaConfiguracaoTodasAsFuncionalidades" name="abrirSubnivel1" time="48.129"/>
  <testcase classname="com.timp.test.BCB.OrigenBFBHierarquiaConfiguracaoTodasAsFuncionalidades" name="subNivel2" time="28.100"/>
  <testcase classname="com.timp.test.BCB.OrigenBFBHierarquiaConfiguracaoTodasAsFuncionalidades" name="abrirSubnivel3" time="5.128"/>
  <testcase classname="com.timp.test.BCB.OrigenBFBHierarquiaConfiguracaoTodasAsFuncionalidades" name="criarConfiguracaoExecucoes" time="83.373"/>
  <testcase classname="com.timp.test.BCB.OrigenBFBHierarquiaConfiguracaoTodasAsFuncionalidades" name="subNivel5" time="25.987"/>
  <testcase classname="com.timp.test.BCB.OrigenBFBHierarquiaConfiguracaoTodasAsFuncionalidades" name="criarConfiguracionConfiguracao" time="158.373"/>
  <testcase classname="com.timp.test.BCB.OrigenBFBHierarquiaConfiguracaoTodasAsFuncionalidades" name="excluirHierarquia" time="58.915"/>
  <testcase classname="com.timp.test.BCB.OrigenBFBHierarquiaConfiguracaoTodasAsFuncionalidades" name="abrirSubnivel5" time="5.212"/>
  <testcase classname="com.timp.test.BCB.OrigenBFBHierarquiaConfiguracaoTodasAsFuncionalidades" name="subNivel3" time="30.180"/>
  <testcase classname="com.timp.test.BCB.OrigenBFBHierarquiaConfiguracaoTodasAsFuncionalidades" name="login" time="6.313"/>
  <testcase classname="com.timp.test.BCB.OrigenBFBHierarquiaConfiguracaoTodasAsFuncionalidades" name="outputBCB" time="23.673"/>
  <testcase classname="com.timp.test.BCB.OrigenBFBHierarquiaConfiguracaoTodasAsFuncionalidades" name="brbEntrar" time="15.705"/>
</testsuite> <!-- com.timp.test.BCB.OrigenBFBHierarquiaConfiguracaoTodasAsFuncionalidades -->
