<?xml version="1.0" encoding="UTF-8"?>
<!-- Generated by org.testng.reporters.JUnitReportReporter -->
<testsuite hostname="LitoSoler" name="com.timp.test.BRB.paginacion" tests="3" failures="0" timestamp="1 Oct 2020 19:29:23 GMT" time="59.944" errors="0">
  <testcase name="login" time="6.268" classname="com.timp.test.BRB.paginacion"/>
  <testcase name="paginacion" time="33.342" classname="com.timp.test.BRB.paginacion"/>
  <testcase name="brbEntrar" time="20.334" classname="com.timp.test.BRB.paginacion"/>
</testsuite> <!-- com.timp.test.BRB.paginacion -->
