<?xml version="1.0" encoding="UTF-8"?>
<!-- Generated by org.testng.reporters.JUnitReportReporter -->
<testsuite hostname="DESKTOP-C57COV6" failures="0" tests="3" name="com.timp.test.BRE.Estruturas.ParametrosGerais.EstruturasFiltrosAvançadosLimpaFiltros" time="72.323" errors="0" timestamp="12 oct. 2021 16:18:53 GMT" skipped="0">
  <testcase classname="com.timp.test.BRE.Estruturas.ParametrosGerais.EstruturasFiltrosAvançadosLimpaFiltros" name="login" time="13.214"/>
  <testcase classname="com.timp.test.BRE.Estruturas.ParametrosGerais.EstruturasFiltrosAvançadosLimpaFiltros" name="acessarBRE" time="33.069"/>
  <testcase classname="com.timp.test.BRE.Estruturas.ParametrosGerais.EstruturasFiltrosAvançadosLimpaFiltros" name="Filtro" time="26.040"/>
</testsuite> <!-- com.timp.test.BRE.Estruturas.ParametrosGerais.EstruturasFiltrosAvançadosLimpaFiltros -->
