<?xml version="1.0" encoding="UTF-8"?>
<!-- Generated by org.testng.reporters.JUnitReportReporter -->
<testsuite hostname="DESKTOP-35UG9UP" name="com.timp.test.MDR.Centralizacao.EstornoCreditoEditar" tests="3" failures="0" timestamp="30 Jul 2020 15:14:14 GMT" time="63.947" errors="0">
  <testcase name="login" time="9.284" classname="com.timp.test.MDR.Centralizacao.EstornoCreditoEditar"/>
  <testcase name="acessarMDR" time="11.557" classname="com.timp.test.MDR.Centralizacao.EstornoCreditoEditar"/>
  <testcase name="editar" time="43.106" classname="com.timp.test.MDR.Centralizacao.EstornoCreditoEditar"/>
</testsuite> <!-- com.timp.test.MDR.Centralizacao.EstornoCreditoEditar -->
