<?xml version="1.0" encoding="UTF-8"?>
<!-- Generated by org.testng.reporters.JUnitReportReporter -->
<testsuite hostname="DESKTOP-C57COV6" failures="0" tests="1" name="com.timp.test.TFP.Periodos.SubPeriodoPeriodicidade.SubPeriodoPeriodicidadeAlterarStatusSubperiodoAvulso" time="120.670" errors="0" timestamp="22 abr. 2021 23:02:03 GMT" skipped="0">
  <testcase classname="com.timp.test.TFP.Periodos.SubPeriodoPeriodicidade.SubPeriodoPeriodicidadeAlterarStatusSubperiodoAvulso" name="filtro" time="120.670"/>
</testsuite> <!-- com.timp.test.TFP.Periodos.SubPeriodoPeriodicidade.SubPeriodoPeriodicidadeAlterarStatusSubperiodoAvulso -->
