<?xml version="1.0" encoding="UTF-8"?>
<!-- Generated by org.testng.reporters.JUnitReportReporter -->
<testsuite skipped="0" hostname="LitoSoler" name="com.timp.test.MDR.AtividadesFiscais.AtividadeFiscal.AtividadeEliminar" tests="1" failures="0" timestamp="16 mar 2021 03:00:24 GMT" time="91.709" errors="0">
  <testcase name="eliminar" time="91.709" classname="com.timp.test.MDR.AtividadesFiscais.AtividadeFiscal.AtividadeEliminar"/>
</testsuite> <!-- com.timp.test.MDR.AtividadesFiscais.AtividadeFiscal.AtividadeEliminar -->
