<?xml version="1.0" encoding="UTF-8"?>
<!-- Generated by org.testng.reporters.JUnitReportReporter -->
<testsuite hostname="CRISTHIAN-VASQUEZ" failures="0" tests="3" name="com.timp.test.BRE.CalculoDeTributos.CálculodeTributosValoresCalculados" time="274.720" errors="0" timestamp="10 Dec 2020 18:02:31 GMT">
  <testcase classname="com.timp.test.BRE.CalculoDeTributos.CálculodeTributosValoresCalculados" name="editar" time="245.481"/>
  <testcase classname="com.timp.test.BRE.CalculoDeTributos.CálculodeTributosValoresCalculados" name="login" time="9.162"/>
  <testcase classname="com.timp.test.BRE.CalculoDeTributos.CálculodeTributosValoresCalculados" name="acessarBRE" time="20.077"/>
</testsuite> <!-- com.timp.test.BRE.CalculoDeTributos.CálculodeTributosValoresCalculados -->
