<?xml version="1.0" encoding="UTF-8"?>
<!-- Generated by org.testng.reporters.JUnitReportReporter -->
<testsuite hostname="EC2AMAZ-8HCHO4G" failures="0" tests="1" name="com.timp.test.TFP.Configuracoes.Configuracoes.Periodo.ConfiguracoesPeríodoFiltroPorId" time="60.462" errors="0" timestamp="2023-08-07T16:15:35 UTC" skipped="0">
  <testcase classname="com.timp.test.TFP.Configuracoes.Configuracoes.Periodo.ConfiguracoesPeríodoFiltroPorId" name="filtro" time="60.462"/>
  <system-out/>
</testsuite> <!-- com.timp.test.TFP.Configuracoes.Configuracoes.Periodo.ConfiguracoesPeríodoFiltroPorId -->
