<?xml version="1.0" encoding="UTF-8"?>
<!-- Generated by org.testng.reporters.JUnitReportReporter -->
<testsuite hostname="LitoSoler" name="com.timp.test.MDR.Automacoes.AutomacoesMDR" tests="1" failures="0" timestamp="25 Sep 2020 19:43:49 GMT" time="92.097" errors="0">
  <testcase name="contasParteBLALURCriarFiscalCriar" time="92.097" classname="com.timp.test.MDR.Automacoes.AutomacoesMDR"/>
</testsuite> <!-- com.timp.test.MDR.Automacoes.AutomacoesMDR -->
