<?xml version="1.0" encoding="UTF-8"?>
<!-- Generated by org.testng.reporters.JUnitReportReporter -->
<testsuite hostname="LitoSoler" name="com.timp.test.TCC.AcessarTCC" tests="2" failures="0" timestamp="24 Dec 2020 15:34:43 GMT" time="28.643" errors="0">
  <testcase name="taaEntrar" time="20.272" classname="com.timp.test.TCC.AcessarTCC"/>
  <testcase name="login" time="8.371" classname="com.timp.test.TCC.AcessarTCC"/>
</testsuite> <!-- com.timp.test.TCC.AcessarTCC -->
