<?xml version="1.0" encoding="UTF-8"?>
<!-- Generated by org.testng.reporters.JUnitReportReporter -->
<testsuite hostname="LitoSoler" name="com.timp.test.BRB.ValidacaoEstruturas.CIAP" tests="3" failures="0" timestamp="19 Jan 2021 19:56:25 GMT" time="157.827" errors="0">
  <testcase name="login" time="7.732" classname="com.timp.test.BRB.ValidacaoEstruturas.CIAP"/>
  <testcase name="brbEntrar" time="28.470" classname="com.timp.test.BRB.ValidacaoEstruturas.CIAP"/>
  <testcase name="verificar" time="121.625" classname="com.timp.test.BRB.ValidacaoEstruturas.CIAP"/>
</testsuite> <!-- com.timp.test.BRB.ValidacaoEstruturas.CIAP -->
