<?xml version="1.0" encoding="UTF-8"?>
<<<<<<< HEAD
<!-- Generated by org.testng.reporters.JUnitReportReporter -->
<testsuite skipped="0" hostname="LitoSoler" name="com.timp.test.MDR.Antecipacao.AntecipacaoCriar" tests="1" failures="0" timestamp="16 mar 2021 02:29:43 GMT" time="153.810" errors="0">
  <testcase name="criar" time="153.810" classname="com.timp.test.MDR.Antecipacao.AntecipacaoCriar"/>
=======
<!-- Generated by org.testng.reporters.JUnitReportReporter -->
<testsuite skipped="0" hostname="LitoSoler" name="com.timp.test.MDR.Antecipacao.AntecipacaoCriar" tests="1" failures="0" timestamp="09 mar 2021 00:23:11 GMT" time="159.422" errors="0">
  <testcase name="criar" time="159.422" classname="com.timp.test.MDR.Antecipacao.AntecipacaoCriar"/>
>>>>>>> refs/heads/Cristhian
</testsuite> <!-- com.timp.test.MDR.Antecipacao.AntecipacaoCriar -->
