<?xml version="1.0" encoding="UTF-8"?>
<!-- Generated by org.testng.reporters.JUnitReportReporter -->
<testsuite hostname="LitoSoler" name="com.timp.test.BRB.AtivarComentario" tests="3" failures="0" timestamp="12 Nov 2020 00:41:19 GMT" time="85.949" errors="0">
  <testcase name="login" time="7.185" classname="com.timp.test.BRB.AtivarComentario"/>
  <testcase name="brbEntrar" time="40.472" classname="com.timp.test.BRB.AtivarComentario"/>
  <testcase name="ativarComentarios" time="38.292" classname="com.timp.test.BRB.AtivarComentario"/>
</testsuite> <!-- com.timp.test.BRB.AtivarComentario -->
