<?xml version="1.0" encoding="UTF-8"?>
<!-- Generated by org.testng.reporters.JUnitReportReporter -->
<testsuite hostname="MassielV" failures="0" tests="1" name="com.timp.test.MDR.TaxasDeAtualização.ConfiguraçãoDeTipoTaxaDeAtualização.ConfiguraçãoDeTipoTaxaDeAtualizaçãoDetalle" time="173.999" errors="0" timestamp="18 oct. 2021 16:25:17 GMT" skipped="0">
  <testcase classname="com.timp.test.MDR.TaxasDeAtualização.ConfiguraçãoDeTipoTaxaDeAtualização.ConfiguraçãoDeTipoTaxaDeAtualizaçãoDetalle" name="detalle" time="173.999"/>
</testsuite> <!-- com.timp.test.MDR.TaxasDeAtualização.ConfiguraçãoDeTipoTaxaDeAtualização.ConfiguraçãoDeTipoTaxaDeAtualizaçãoDetalle -->
