<?xml version="1.0" encoding="UTF-8"?>
<!-- Generated by org.testng.reporters.JUnitReportReporter -->
<testsuite hostname="DESKTOP-M23FVFN" failures="0" tests="3" name="com.timp.test.BRB.Formula" time="273.985" errors="0" timestamp="09 feb. 2022 15:10:29 GMT" skipped="0">
  <testcase classname="com.timp.test.BRB.Formula" name="formulaBoton" time="120.496"/>
  <testcase classname="com.timp.test.BRB.Formula" name="formulaColuna" time="137.148"/>
  <testcase classname="com.timp.test.BRB.Formula" name="aplicar" time="16.341"/>
</testsuite> <!-- com.timp.test.BRB.Formula -->
