<?xml version="1.0" encoding="UTF-8"?>
<!-- Generated by org.testng.reporters.JUnitReportReporter -->
<testsuite hostname="DESKTOP-JP1A9E6" failures="0" tests="1" name="com.timp.test.MDR.ValorAdicionado.Municipio.MunicipioDetalhes" time="328.986" errors="0" timestamp="15 sep. 2021 17:22:48 GMT" skipped="0">
  <testcase classname="com.timp.test.MDR.ValorAdicionado.Municipio.MunicipioDetalhes" name="detalhes" time="328.986"/>
</testsuite> <!-- com.timp.test.MDR.ValorAdicionado.Municipio.MunicipioDetalhes -->
