<?xml version="1.0" encoding="UTF-8"?>
<!-- Generated by org.testng.reporters.JUnitReportReporter -->
<testsuite hostname="MIGUEL" failures="0" tests="3" name="com.timp.test.TAA.AtribuiçõesDeRegras.RegraDeCampos.RegraDeCamposCriar" time="123.079" errors="0" timestamp="12 Jan 2021 16:45:27 GMT">
  <testcase classname="com.timp.test.TAA.AtribuiçõesDeRegras.RegraDeCampos.RegraDeCamposCriar" name="ingresarTAA" time="21.313"/>
  <testcase classname="com.timp.test.TAA.AtribuiçõesDeRegras.RegraDeCampos.RegraDeCamposCriar" name="ingresar" time="8.076"/>
  <testcase classname="com.timp.test.TAA.AtribuiçõesDeRegras.RegraDeCampos.RegraDeCamposCriar" name="criar" time="93.690"/>
</testsuite> <!-- com.timp.test.TAA.AtribuiçõesDeRegras.RegraDeCampos.RegraDeCamposCriar -->
