<?xml version="1.0" encoding="UTF-8"?>
<!-- Generated by org.testng.reporters.JUnitReportReporter -->
<testsuite hostname="DESKTOP-M23FVFN" failures="0" tests="1" name="com.timp.test.TCC.BancoDeCreditoExtemporaneo.PainelBCE.Executados.PainelBCEExecutadosEditar" time="359.752" errors="0" timestamp="2022-08-07T12:11:15 CST" skipped="0">
  <testcase classname="com.timp.test.TCC.BancoDeCreditoExtemporaneo.PainelBCE.Executados.PainelBCEExecutadosEditar" name="editar" time="359.752"/>
  <system-out/>
</testsuite> <!-- com.timp.test.TCC.BancoDeCreditoExtemporaneo.PainelBCE.Executados.PainelBCEExecutadosEditar -->
