<?xml version="1.0" encoding="UTF-8"?>
<!-- Generated by org.testng.reporters.JUnitReportReporter -->
<testsuite hostname="EC2AMAZ-8HCHO4G" failures="0" tests="3" name="com.timp.test.ATR.Estruturas.Estruturas.EstruturasTodasAsFunc" time="125.260" errors="0" timestamp="2023-05-22T21:15:44 UTC" skipped="0">
  <testcase classname="com.timp.test.ATR.Estruturas.Estruturas.EstruturasTodasAsFunc" name="visualizarFiltros" time="31.514"/>
  <system-out/>
  <testcase classname="com.timp.test.ATR.Estruturas.Estruturas.EstruturasTodasAsFunc" name="Detalles" time="46.081"/>
  <system-out/>
  <testcase classname="com.timp.test.ATR.Estruturas.Estruturas.EstruturasTodasAsFunc" name="visualizar" time="47.665"/>
  <system-out/>
</testsuite> <!-- com.timp.test.ATR.Estruturas.Estruturas.EstruturasTodasAsFunc -->
