<?xml version="1.0" encoding="UTF-8"?>
<!-- Generated by org.testng.reporters.JUnitReportReporter -->
<testsuite hostname="MIGUEL" failures="0" tests="1" name="com.timp.test.TCM.Configuracao.ModeloDeDados.ConfiguracaoModeloDeDadosExcluir" time="76.724" errors="0" timestamp="23 mar. 2021 17:28:55 GMT" skipped="0">
  <testcase classname="com.timp.test.TCM.Configuracao.ModeloDeDados.ConfiguracaoModeloDeDadosExcluir" name="excluir" time="76.724"/>
</testsuite> <!-- com.timp.test.TCM.Configuracao.ModeloDeDados.ConfiguracaoModeloDeDadosExcluir -->
