<?xml version="1.0" encoding="UTF-8"?>
<!-- Generated by org.testng.reporters.JUnitReportReporter -->
<testsuite hostname="CRISTHIAN-VASQUEZ" failures="0" tests="3" name="com.timp.test.BRE.RegrasdeAuditoriaN2.RegrasDeAuditoriaN2CriarCaminhos" time="137.480" errors="0" timestamp="8 Dec 2020 16:51:11 GMT">
  <testcase classname="com.timp.test.BRE.RegrasdeAuditoriaN2.RegrasDeAuditoriaN2CriarCaminhos" name="acessarBRE" time="12.372"/>
  <testcase classname="com.timp.test.BRE.RegrasdeAuditoriaN2.RegrasDeAuditoriaN2CriarCaminhos" name="criar" time="118.203"/>
  <testcase classname="com.timp.test.BRE.RegrasdeAuditoriaN2.RegrasDeAuditoriaN2CriarCaminhos" name="login" time="6.905"/>
</testsuite> <!-- com.timp.test.BRE.RegrasdeAuditoriaN2.RegrasDeAuditoriaN2CriarCaminhos -->
