<?xml version="1.0" encoding="UTF-8"?>
<!-- Generated by org.testng.reporters.JUnitReportReporter -->
<testsuite hostname="LitoSoler" name="com.timp.test.BRB.AtivarComentario" tests="3" failures="0" timestamp="13 Nov 2020 21:13:32 GMT" time="67.509" errors="0">
  <testcase name="login" time="7.704" classname="com.timp.test.BRB.AtivarComentario"/>
  <testcase name="brbEntrar" time="23.582" classname="com.timp.test.BRB.AtivarComentario"/>
  <testcase name="ativarComentarios" time="36.223" classname="com.timp.test.BRB.AtivarComentario"/>
</testsuite> <!-- com.timp.test.BRB.AtivarComentario -->
