<?xml version="1.0" encoding="UTF-8"?>
<!-- Generated by org.testng.reporters.JUnitReportReporter -->
<testsuite hostname="DESKTOP-5P4F1JE" failures="0" tests="3" name="com.timp.test.MDR.AtividadesParaTributacao.AtividadeDeTributacaoXFornecedor.AtividadeDeTributacaoXFornecedorVisualizar" time="107.876" errors="0" timestamp="14 Dec 2020 22:16:19 GMT">
  <testcase classname="com.timp.test.MDR.AtividadesParaTributacao.AtividadeDeTributacaoXFornecedor.AtividadeDeTributacaoXFornecedorVisualizar" name="login" time="9.913"/>
  <testcase classname="com.timp.test.MDR.AtividadesParaTributacao.AtividadeDeTributacaoXFornecedor.AtividadeDeTributacaoXFornecedorVisualizar" name="acessarMDR" time="12.020"/>
  <testcase classname="com.timp.test.MDR.AtividadesParaTributacao.AtividadeDeTributacaoXFornecedor.AtividadeDeTributacaoXFornecedorVisualizar" name="Visualizar" time="85.943"/>
</testsuite> <!-- com.timp.test.MDR.AtividadesParaTributacao.AtividadeDeTributacaoXFornecedor.AtividadeDeTributacaoXFornecedorVisualizar -->
