<?xml version="1.0" encoding="UTF-8"?>
<!-- Generated by org.testng.reporters.JUnitReportReporter -->
<testsuite hostname="MassielV" failures="0" tests="3" name="com.timp.test.BRB.Formula" time="199.026" errors="0" timestamp="22 oct. 2021 21:06:44 GMT" skipped="0">
  <testcase classname="com.timp.test.BRB.Formula" name="aplicar" time="3.034"/>
  <testcase classname="com.timp.test.BRB.Formula" name="formulaColuna" time="96.136"/>
  <testcase classname="com.timp.test.BRB.Formula" name="formulaBoton" time="99.856"/>
</testsuite> <!-- com.timp.test.BRB.Formula -->
