<?xml version="1.0" encoding="UTF-8"?>
<!-- Generated by org.testng.reporters.JUnitReportReporter -->
<testsuite skipped="0" hostname="LitoSoler" name="com.timp.test.MDR.ValorAdicionado.Municipio.MunicipioDetalhes" tests="1" failures="0" timestamp="09 mar 2021 00:04:35 GMT" time="73.672" errors="0">
  <testcase name="detalhes" time="73.672" classname="com.timp.test.MDR.ValorAdicionado.Municipio.MunicipioDetalhes"/>
</testsuite> <!-- com.timp.test.MDR.ValorAdicionado.Municipio.MunicipioDetalhes -->
