<?xml version="1.0" encoding="UTF-8"?>
<!-- Generated by org.testng.reporters.JUnitReportReporter -->
<testsuite hostname="LitoSoler" name="com.timp.test.BRB.CrescenteEDecrescente" tests="3" failures="0" timestamp="23 Sep 2020 21:35:11 GMT" time="126.494" errors="0">
  <testcase name="login" time="8.902" classname="com.timp.test.BRB.CrescenteEDecrescente"/>
  <testcase name="brbEntrar" time="19.316" classname="com.timp.test.BRB.CrescenteEDecrescente"/>
  <testcase name="crescenteEDecrescente" time="98.276" classname="com.timp.test.BRB.CrescenteEDecrescente"/>
</testsuite> <!-- com.timp.test.BRB.CrescenteEDecrescente -->
