<?xml version="1.0" encoding="UTF-8"?>
<!-- Generated by org.testng.reporters.JUnitReportReporter -->
<testsuite hostname="LitoSoler" name="com.timp.test.MDR.SequenciaAcesso.SequenciaEditar" tests="3" failures="0" timestamp="14 Nov 2020 19:49:55 GMT" time="109.258" errors="0">
  <testcase name="login" time="7.633" classname="com.timp.test.MDR.SequenciaAcesso.SequenciaEditar"/>
  <testcase name="acessarMDR" time="33.380" classname="com.timp.test.MDR.SequenciaAcesso.SequenciaEditar"/>
  <testcase name="Editar" time="68.245" classname="com.timp.test.MDR.SequenciaAcesso.SequenciaEditar"/>
</testsuite> <!-- com.timp.test.MDR.SequenciaAcesso.SequenciaEditar -->
