<?xml version="1.0" encoding="UTF-8"?>
<!-- Generated by org.testng.reporters.JUnitReportReporter -->
<testsuite hostname="LitoSoler" name="com.timp.test.BRB.ExcluirColuna" tests="4" failures="0" timestamp="2 Jul 2020 14:58:40 GMT" time="168.211" errors="0">
  <testcase name="login" time="13.440" classname="com.timp.test.BRB.ExcluirColuna"/>
  <testcase name="brbEntrar" time="29.414" classname="com.timp.test.BRB.ExcluirColuna"/>
  <testcase name="excluirColunaDragNDrop" time="68.370" classname="com.timp.test.BRB.ExcluirColuna"/>
  <testcase name="excluirColunaOpcao" time="56.987" classname="com.timp.test.BRB.ExcluirColuna"/>
</testsuite> <!-- com.timp.test.BRB.ExcluirColuna -->
