<?xml version="1.0" encoding="UTF-8"?>
<!-- Generated by org.testng.reporters.JUnitReportReporter -->
<testsuite hostname="Agile" failures="0" tests="1" name="com.timp.test.MDR.Siscoserv.RegistroRP.RegistroRPFiltroID" time="72.645" errors="0" timestamp="21 ene. 2022 09:00:17 GMT" skipped="0">
  <testcase classname="com.timp.test.MDR.Siscoserv.RegistroRP.RegistroRPFiltroID" name="filtroId" time="72.645"/>
</testsuite> <!-- com.timp.test.MDR.Siscoserv.RegistroRP.RegistroRPFiltroID -->
