<?xml version="1.0" encoding="UTF-8"?>
<!-- Generated by org.testng.reporters.JUnitReportReporter -->
<testsuite hostname="DESKTOP-C57COV6" failures="0" tests="2" name="com.timp.test.TDK.Kpis.KpisCriar" time="294.883" errors="0" timestamp="25 jun. 2021 16:03:55 GMT" skipped="0">
  <testcase classname="com.timp.test.TDK.Kpis.KpisCriar" name="criar" time="152.705"/>
  <testcase classname="com.timp.test.TDK.Kpis.KpisCriar" name="criar" time="142.178"/>
</testsuite> <!-- com.timp.test.TDK.Kpis.KpisCriar -->
