<?xml version="1.0" encoding="UTF-8"?>
<!-- Generated by org.testng.reporters.JUnitReportReporter -->
<testsuite hostname="DESKTOP-M23FVFN" failures="0" tests="3" name="com.timp.test.BRB.Formula" time="199.684" errors="0" timestamp="2022-09-14T05:20:16 BRT" skipped="0">
  <testcase classname="com.timp.test.BRB.Formula" name="formulaColuna" time="80.863"/>
  <system-out/>
  <testcase classname="com.timp.test.BRB.Formula" name="aplicar" time="13.777"/>
  <system-out/>
  <testcase classname="com.timp.test.BRB.Formula" name="formulaBoton" time="105.044"/>
  <system-out/>
</testsuite> <!-- com.timp.test.BRB.Formula -->
