<?xml version="1.0" encoding="UTF-8"?>
<!-- Generated by org.testng.reporters.JUnitReportReporter -->
<testsuite skipped="0" hostname="LitoSoler" name="com.timp.test.MDR.AtividadesFiscais.AtividadeFiscal.AtividadeEditar" tests="1" failures="0" timestamp="17 feb 2021 15:02:47 GMT" time="86.304" errors="0">
  <testcase name="editar" time="86.304" classname="com.timp.test.MDR.AtividadesFiscais.AtividadeFiscal.AtividadeEditar"/>
</testsuite> <!-- com.timp.test.MDR.AtividadesFiscais.AtividadeFiscal.AtividadeEditar -->
