<?xml version="1.0" encoding="UTF-8"?>
<!-- Generated by org.testng.reporters.JUnitReportReporter -->
<testsuite hostname="DESKTOP-C57COV6" failures="0" tests="2" name="com.timp.test.MDR.ValorAdicionado.Municipio.MunicipioExcluirEmMassa" time="159.520" errors="0" timestamp="27 oct. 2021 11:02:02 GMT" skipped="0">
  <testcase classname="com.timp.test.MDR.ValorAdicionado.Municipio.MunicipioExcluirEmMassa" name="Criar" time="130.837"/>
  <testcase classname="com.timp.test.MDR.ValorAdicionado.Municipio.MunicipioExcluirEmMassa" name="ExcluirEmMassa" time="28.683"/>
</testsuite> <!-- com.timp.test.MDR.ValorAdicionado.Municipio.MunicipioExcluirEmMassa -->
