<?xml version="1.0" encoding="UTF-8"?>
<!-- Generated by org.testng.reporters.JUnitReportReporter -->
<<<<<<< HEAD
<<<<<<< HEAD
<testsuite hostname="DESKTOP-5P4F1JE" failures="0" tests="3" name="com.timp.test.TDK.Dashboard.DashboardCriar" time="134.199" errors="0" timestamp="27 Jan 2021 16:42:33 GMT">
  <testcase classname="com.timp.test.TDK.Dashboard.DashboardCriar" name="criar" time="102.129"/>
  <testcase classname="com.timp.test.TDK.Dashboard.DashboardCriar" name="login" time="8.213"/>
  <testcase classname="com.timp.test.TDK.Dashboard.DashboardCriar" name="acessarTDK" time="23.857"/>
=======
<testsuite hostname="DESKTOP-BNBDMGT" failures="0" tests="3" name="com.timp.test.TDK.Dashboard.DashboardCriar" time="122.404" errors="0" timestamp="28 Jan 2021 19:36:48 GMT">
  <testcase classname="com.timp.test.TDK.Dashboard.DashboardCriar" name="criar" time="92.865"/>
  <testcase classname="com.timp.test.TDK.Dashboard.DashboardCriar" name="login" time="6.552"/>
  <testcase classname="com.timp.test.TDK.Dashboard.DashboardCriar" name="acessarTDK" time="22.987"/>
>>>>>>> refs/remotes/origin/Yessy
=======
<testsuite hostname="DESKTOP-5P4F1JE" failures="0" tests="3" name="com.timp.test.TDK.Dashboard.DashboardCriar" time="133.367" errors="0" timestamp="4 Feb 2021 14:16:09 GMT">
  <testcase classname="com.timp.test.TDK.Dashboard.DashboardCriar" name="login" time="8.532"/>
  <testcase classname="com.timp.test.TDK.Dashboard.DashboardCriar" name="criar" time="101.096"/>
  <testcase classname="com.timp.test.TDK.Dashboard.DashboardCriar" name="acessarTDK" time="23.739"/>
>>>>>>> refs/heads/Eliel
</testsuite> <!-- com.timp.test.TDK.Dashboard.DashboardCriar -->
