<?xml version="1.0" encoding="UTF-8"?>
<!-- Generated by org.testng.reporters.JUnitReportReporter -->
<testsuite hostname="DESKTOP-35UG9UP" name="com.timp.test.MDR.Antecipacao.AntecipacaoEditar" tests="3" failures="0" timestamp="24 Sep 2020 13:20:13 GMT" time="111.257" errors="0">
  <testcase name="visualizar" time="90.916" classname="com.timp.test.MDR.Antecipacao.AntecipacaoEditar"/>
  <testcase name="login" time="8.819" classname="com.timp.test.MDR.Antecipacao.AntecipacaoEditar"/>
  <testcase name="acessarMDR" time="11.522" classname="com.timp.test.MDR.Antecipacao.AntecipacaoEditar"/>
</testsuite> <!-- com.timp.test.MDR.Antecipacao.AntecipacaoEditar -->
