<?xml version="1.0" encoding="UTF-8"?>
<!-- Generated by org.testng.reporters.JUnitReportReporter -->
<testsuite hostname="LitoSoler" name="com.timp.test.MDR.Siscoserv.RegistroRF.RegistroRFCriar" tests="3" failures="0" timestamp="22 Oct 2020 22:58:30 GMT" time="95.868" errors="0">
  <testcase name="acessarMDR" time="15.614" classname="com.timp.test.MDR.Siscoserv.RegistroRF.RegistroRFCriar"/>
  <testcase name="login" time="8.791" classname="com.timp.test.MDR.Siscoserv.RegistroRF.RegistroRFCriar"/>
  <testcase name="criar" time="71.463" classname="com.timp.test.MDR.Siscoserv.RegistroRF.RegistroRFCriar"/>
</testsuite> <!-- com.timp.test.MDR.Siscoserv.RegistroRF.RegistroRFCriar -->
