<?xml version="1.0" encoding="UTF-8"?>
<!-- Generated by org.testng.reporters.JUnitReportReporter -->
<testsuite hostname="LitoSoler" name="com.timp.test.BRB.RenomearColuna" tests="3" failures="0" timestamp="2 Jul 2020 15:15:22 GMT" time="102.232" errors="0">
  <testcase name="renomearColuna" time="51.332" classname="com.timp.test.BRB.RenomearColuna"/>
  <testcase name="brbEntrar" time="26.555" classname="com.timp.test.BRB.RenomearColuna"/>
  <testcase name="login" time="24.345" classname="com.timp.test.BRB.RenomearColuna"/>
</testsuite> <!-- com.timp.test.BRB.RenomearColuna -->
