<?xml version="1.0" encoding="UTF-8"?>
<!-- Generated by org.testng.reporters.JUnitReportReporter -->
<testsuite hostname="LitoSoler" name="com.timp.test.BCB.ParametrosGeraisHierarquiaVisualizar" tests="3" failures="0" timestamp="21 Jan 2021 00:07:27 GMT" time="58.802" errors="0">
  <testcase name="login" time="6.947" classname="com.timp.test.BCB.ParametrosGeraisHierarquiaVisualizar"/>
  <testcase name="brbEntrar" time="15.854" classname="com.timp.test.BCB.ParametrosGeraisHierarquiaVisualizar"/>
  <testcase name="visualizar" time="36.001" classname="com.timp.test.BCB.ParametrosGeraisHierarquiaVisualizar"/>
</testsuite> <!-- com.timp.test.BCB.ParametrosGeraisHierarquiaVisualizar -->
