<?xml version="1.0" encoding="UTF-8"?>
<!-- Generated by org.testng.reporters.JUnitReportReporter -->
<testsuite hostname="DESKTOP-C57COV6" failures="0" tests="1" name="com.timp.test.ADM.Configuração.ConfiguraçãoTributo.ConfiguraçãoTributoAgrupamento.ConfiguraçãoTributoAgrupamentoEditar" time="82.134" errors="0" timestamp="23 sep. 2021 00:31:26 GMT" skipped="0">
  <testcase classname="com.timp.test.ADM.Configuração.ConfiguraçãoTributo.ConfiguraçãoTributoAgrupamento.ConfiguraçãoTributoAgrupamentoEditar" name="Editar" time="82.134"/>
</testsuite> <!-- com.timp.test.ADM.Configuração.ConfiguraçãoTributo.ConfiguraçãoTributoAgrupamento.ConfiguraçãoTributoAgrupamentoEditar -->
