<?xml version="1.0" encoding="UTF-8"?>
<!-- Generated by org.testng.reporters.JUnitReportReporter -->
<testsuite hostname="DESKTOP-BNBDMGT" failures="0" tests="3" name="com.timp.test.MDR.Centralizacao.EstornoCredito.EstornoCreditoEditar" time="101.238" errors="0" timestamp="2 Nov 2020 23:29:48 GMT">
  <testcase classname="com.timp.test.MDR.Centralizacao.EstornoCredito.EstornoCreditoEditar" name="editar" time="80.785"/>
  <testcase classname="com.timp.test.MDR.Centralizacao.EstornoCredito.EstornoCreditoEditar" name="acessarMDR" time="11.875"/>
  <testcase classname="com.timp.test.MDR.Centralizacao.EstornoCredito.EstornoCreditoEditar" name="login" time="8.578"/>
</testsuite> <!-- com.timp.test.MDR.Centralizacao.EstornoCredito.EstornoCreditoEditar -->
