<?xml version="1.0" encoding="UTF-8"?>
<!-- Generated by org.testng.reporters.JUnitReportReporter -->
<testsuite hostname="DESKTOP-BNBDMGT" failures="0" tests="1" name="com.timp.test.MDR.ValorAdicionado.Municipio.MunicipioExcluir" time="71.611" errors="0" timestamp="30 mar. 2021 04:03:26 GMT" skipped="0">
  <testcase classname="com.timp.test.MDR.ValorAdicionado.Municipio.MunicipioExcluir" name="excluir" time="71.611"/>
</testsuite> <!-- com.timp.test.MDR.ValorAdicionado.Municipio.MunicipioExcluir -->
