<?xml version="1.0" encoding="UTF-8"?>
<!-- Generated by org.testng.reporters.JUnitReportReporter -->
<testsuite hostname="LitoSoler" name="com.timp.test.MDR.TabelasApoioESocial.Tabela23.FactoresDeRiscoVisualizar" tests="3" failures="0" timestamp="22 Jan 2021 23:37:09 GMT" time="56.159" errors="0">
  <testcase name="login" time="6.505" classname="com.timp.test.MDR.TabelasApoioESocial.Tabela23.FactoresDeRiscoVisualizar"/>
  <testcase name="visualizar" time="33.657" classname="com.timp.test.MDR.TabelasApoioESocial.Tabela23.FactoresDeRiscoVisualizar"/>
  <testcase name="acessarMDR" time="15.997" classname="com.timp.test.MDR.TabelasApoioESocial.Tabela23.FactoresDeRiscoVisualizar"/>
</testsuite> <!-- com.timp.test.MDR.TabelasApoioESocial.Tabela23.FactoresDeRiscoVisualizar -->
