<?xml version="1.0" encoding="UTF-8"?>
<!-- Generated by org.testng.reporters.JUnitReportReporter -->
<testsuite hostname="DESKTOP-35UG9UP" name="com.timp.test.MDR.RegistroDeExportaçao.RegistroDeExportaçaoCriar" tests="3" failures="0" timestamp="11 Aug 2020 13:33:18 GMT" time="239.168" errors="0">
  <testcase name="login" time="11.946" classname="com.timp.test.MDR.RegistroDeExportaçao.RegistroDeExportaçaoCriar"/>
  <testcase name="criar" time="205.267" classname="com.timp.test.MDR.RegistroDeExportaçao.RegistroDeExportaçaoCriar"/>
  <testcase name="acessarMDR" time="21.955" classname="com.timp.test.MDR.RegistroDeExportaçao.RegistroDeExportaçaoCriar"/>
</testsuite> <!-- com.timp.test.MDR.RegistroDeExportaçao.RegistroDeExportaçaoCriar -->
