<?xml version="1.0" encoding="UTF-8"?>
<!-- Generated by org.testng.reporters.JUnitReportReporter -->
<testsuite hostname="DESKTOP-5P4F1JE" failures="0" tests="3" name="com.timp.test.TBD.ArmazenagemDeArquivos.ArmazenarArquivo.ArmazenarArquivoEditar" time="170.267" errors="0" timestamp="28 Dec 2020 20:02:00 GMT">
  <testcase classname="com.timp.test.TBD.ArmazenagemDeArquivos.ArmazenarArquivo.ArmazenarArquivoEditar" name="login" time="21.405"/>
  <testcase classname="com.timp.test.TBD.ArmazenagemDeArquivos.ArmazenarArquivo.ArmazenarArquivoEditar" name="TBDEntrar" time="15.300"/>
  <testcase classname="com.timp.test.TBD.ArmazenagemDeArquivos.ArmazenarArquivo.ArmazenarArquivoEditar" name="editar" time="133.562"/>
</testsuite> <!-- com.timp.test.TBD.ArmazenagemDeArquivos.ArmazenarArquivo.ArmazenarArquivoEditar -->
