<?xml version="1.0" encoding="UTF-8"?>
<!-- Generated by org.testng.reporters.JUnitReportReporter -->
<testsuite hostname="DESKTOP-BNBDMGT" failures="0" tests="3" name="com.timp.test.BCB.ParametrosGeraisFiltrosAvancados" time="76.913" errors="0" timestamp="10 Feb 2021 22:35:34 GMT">
  <testcase classname="com.timp.test.BCB.ParametrosGeraisFiltrosAvancados" name="criarConfiguracao" time="54.515"/>
  <testcase classname="com.timp.test.BCB.ParametrosGeraisFiltrosAvancados" name="login" time="5.658"/>
  <testcase classname="com.timp.test.BCB.ParametrosGeraisFiltrosAvancados" name="brbEntrar" time="16.740"/>
</testsuite> <!-- com.timp.test.BCB.ParametrosGeraisFiltrosAvancados -->
