<?xml version="1.0" encoding="UTF-8"?>
<!-- Generated by org.testng.reporters.JUnitReportReporter -->
<testsuite hostname="DESKTOP-5P4F1JE" failures="0" tests="3" name="com.timp.test.MDR.TabelasComplementaresParaObrigaçoesAcessorias.TabelaComplementarParaDIRF.TabelaComplementarParaDIRFCriar" time="83.246" errors="0" timestamp="11 Dec 2020 20:24:20 GMT">
  <testcase classname="com.timp.test.MDR.TabelasComplementaresParaObrigaçoesAcessorias.TabelaComplementarParaDIRF.TabelaComplementarParaDIRFCriar" name="acessarMDR" time="15.896"/>
  <testcase classname="com.timp.test.MDR.TabelasComplementaresParaObrigaçoesAcessorias.TabelaComplementarParaDIRF.TabelaComplementarParaDIRFCriar" name="login" time="8.207"/>
  <testcase classname="com.timp.test.MDR.TabelasComplementaresParaObrigaçoesAcessorias.TabelaComplementarParaDIRF.TabelaComplementarParaDIRFCriar" name="criar" time="59.143"/>
</testsuite> <!-- com.timp.test.MDR.TabelasComplementaresParaObrigaçoesAcessorias.TabelaComplementarParaDIRF.TabelaComplementarParaDIRFCriar -->
