<?xml version="1.0" encoding="UTF-8"?>
<!-- Generated by org.testng.reporters.JUnitReportReporter -->
<testsuite hostname="DESKTOP-35UG9UP" name="com.timp.test.MDR.MapeamentoDeRelevanciaParaPisCofins.MapeamentoDeRelevanciaParaPisCofinsCriar" tests="3" failures="0" timestamp="25 Aug 2020 12:56:43 GMT" time="125.490" errors="0">
  <testcase name="login" time="10.477" classname="com.timp.test.MDR.MapeamentoDeRelevanciaParaPisCofins.MapeamentoDeRelevanciaParaPisCofinsCriar"/>
  <testcase name="criar" time="102.435" classname="com.timp.test.MDR.MapeamentoDeRelevanciaParaPisCofins.MapeamentoDeRelevanciaParaPisCofinsCriar"/>
  <testcase name="acessarMDR" time="12.578" classname="com.timp.test.MDR.MapeamentoDeRelevanciaParaPisCofins.MapeamentoDeRelevanciaParaPisCofinsCriar"/>
</testsuite> <!-- com.timp.test.MDR.MapeamentoDeRelevanciaParaPisCofins.MapeamentoDeRelevanciaParaPisCofinsCriar -->
