<?xml version="1.0" encoding="UTF-8"?>
<!-- Generated by org.testng.reporters.JUnitReportReporter -->
<testsuite hostname="LitoSoler" name="com.timp.test.MDR.RegistroDeExportaçao.RegistroDeExportaçaoExcluir" tests="3" failures="0" timestamp="20 Aug 2020 01:08:01 GMT" time="61.726" errors="0">
  <testcase name="Excluir" time="46.479" classname="com.timp.test.MDR.RegistroDeExportaçao.RegistroDeExportaçaoExcluir"/>
  <testcase name="login" time="6.544" classname="com.timp.test.MDR.RegistroDeExportaçao.RegistroDeExportaçaoExcluir"/>
  <testcase name="acessarMDR" time="8.703" classname="com.timp.test.MDR.RegistroDeExportaçao.RegistroDeExportaçaoExcluir"/>
</testsuite> <!-- com.timp.test.MDR.RegistroDeExportaçao.RegistroDeExportaçaoExcluir -->
