<?xml version="1.0" encoding="UTF-8"?>
<!-- Generated by org.testng.reporters.JUnitReportReporter -->
<testsuite hostname="LitoSoler" name="com.timp.test.MDR.SaldoInicial.SaldoInicialVisualizar" tests="3" failures="0" timestamp="25 Jan 2021 20:17:41 GMT" time="94.751" errors="0">
  <testcase name="login" time="6.821" classname="com.timp.test.MDR.SaldoInicial.SaldoInicialVisualizar"/>
  <testcase name="acessarMDR" time="23.907" classname="com.timp.test.MDR.SaldoInicial.SaldoInicialVisualizar"/>
  <testcase name="VisualizarSaldoInicial" time="64.023" classname="com.timp.test.MDR.SaldoInicial.SaldoInicialVisualizar"/>
</testsuite> <!-- com.timp.test.MDR.SaldoInicial.SaldoInicialVisualizar -->
