<?xml version="1.0" encoding="UTF-8"?>
<!-- Generated by org.testng.reporters.JUnitReportReporter -->
<testsuite hostname="LitoSoler" name="com.timp.test.MDR.ValorAdicionado.Municipio.MunicipioCriar" tests="3" failures="0" timestamp="12 Oct 2020 20:20:27 GMT" time="127.073" errors="0">
  <testcase name="acessarMDR" time="23.137" classname="com.timp.test.MDR.ValorAdicionado.Municipio.MunicipioCriar"/>
  <testcase name="login" time="8.406" classname="com.timp.test.MDR.ValorAdicionado.Municipio.MunicipioCriar"/>
  <testcase name="criar" time="95.530" classname="com.timp.test.MDR.ValorAdicionado.Municipio.MunicipioCriar"/>
</testsuite> <!-- com.timp.test.MDR.ValorAdicionado.Municipio.MunicipioCriar -->
