<?xml version="1.0" encoding="UTF-8"?>
<!-- Generated by org.testng.reporters.JUnitReportReporter -->
<testsuite hostname="MassielV" failures="0" tests="1" name="com.timp.test.BRB.CrescenteEDecrescente" time="253.318" errors="0" timestamp="05 nov. 2021 19:25:07 GMT" skipped="0">
  <testcase classname="com.timp.test.BRB.CrescenteEDecrescente" name="crescenteEDecrescente" time="253.318"/>
</testsuite> <!-- com.timp.test.BRB.CrescenteEDecrescente -->
