<?xml version="1.0" encoding="UTF-8"?>
<!-- Generated by org.testng.reporters.JUnitReportReporter -->
<<<<<<< HEAD
<testsuite hostname="CRISTHIAN-VASQUEZ" failures="0" tests="3" name="com.timp.test.BRE.RegrasdeAuditoriaN1.RegrasdeAuditoriaN1LixeiraemMassaExcluiremMassa" time="176.809" errors="0" timestamp="11 Jan 2021 18:52:57 GMT">
  <testcase classname="com.timp.test.BRE.RegrasdeAuditoriaN1.RegrasdeAuditoriaN1LixeiraemMassaExcluiremMassa" name="acessarBRE" time="13.861"/>
  <testcase classname="com.timp.test.BRE.RegrasdeAuditoriaN1.RegrasdeAuditoriaN1LixeiraemMassaExcluiremMassa" name="criar" time="149.655"/>
  <testcase classname="com.timp.test.BRE.RegrasdeAuditoriaN1.RegrasdeAuditoriaN1LixeiraemMassaExcluiremMassa" name="login" time="13.293"/>
</testsuite> <!-- com.timp.test.BRE.RegrasdeAuditoriaN1.RegrasdeAuditoriaN1LixeiraemMassaExcluiremMassa -->
=======
<testsuite hostname="MIGUEL" failures="0" tests="3" name="com.timp.test.BRE.RegrasdeAuditoriaN1.RegrasdeAuditoriaN1LixeiraemMassaExcluiremMassa" time="189.174" errors="0" timestamp="11 Jan 2021 23:43:05 GMT">
  <testcase classname="com.timp.test.BRE.RegrasdeAuditoriaN1.RegrasdeAuditoriaN1LixeiraemMassaExcluiremMassa" name="login" time="10.227"/>
  <testcase classname="com.timp.test.BRE.RegrasdeAuditoriaN1.RegrasdeAuditoriaN1LixeiraemMassaExcluiremMassa" name="criar" time="162.634"/>
  <testcase classname="com.timp.test.BRE.RegrasdeAuditoriaN1.RegrasdeAuditoriaN1LixeiraemMassaExcluiremMassa" name="acessarBRE" time="16.313"/>
</testsuite> <!-- com.timp.test.BRE.RegrasdeAuditoriaN1.RegrasdeAuditoriaN1LixeiraemMassaExcluiremMassa -->
>>>>>>> refs/heads/Fernando
