<?xml version="1.0" encoding="UTF-8"?>
<!-- Generated by org.testng.reporters.JUnitReportReporter -->
<testsuite hostname="DESKTOP-5P4F1JE" failures="0" tests="3" name="com.timp.test.BRE.RegrasDeAuditoriaN3.ParametrosGerais.RegrasDeAuditoriaN3LixeiraEmMassaMaisExcluirEmMassa" time="255.150" errors="0" timestamp="11 Jan 2021 21:46:16 GMT">
  <testcase classname="com.timp.test.BRE.RegrasDeAuditoriaN3.ParametrosGerais.RegrasDeAuditoriaN3LixeiraEmMassaMaisExcluirEmMassa" name="criar" time="228.718"/>
  <testcase classname="com.timp.test.BRE.RegrasDeAuditoriaN3.ParametrosGerais.RegrasDeAuditoriaN3LixeiraEmMassaMaisExcluirEmMassa" name="login" time="8.679"/>
  <testcase classname="com.timp.test.BRE.RegrasDeAuditoriaN3.ParametrosGerais.RegrasDeAuditoriaN3LixeiraEmMassaMaisExcluirEmMassa" name="acessarBRE" time="17.753"/>
</testsuite> <!-- com.timp.test.BRE.RegrasDeAuditoriaN3.ParametrosGerais.RegrasDeAuditoriaN3LixeiraEmMassaMaisExcluirEmMassa -->
