<?xml version="1.0" encoding="UTF-8"?>
<!-- Generated by org.testng.reporters.JUnitReportReporter -->
<testsuite hostname="MassielV" failures="0" tests="1" name="com.timp.test.MDR.TabelasComplementaresParaObrigaçoesAcessorias.TabelaDeDetalhamentosParaRegistro10.TabelaDeDetalhamentosParaRegistro10Excluir" time="181.164" errors="0" timestamp="18 oct. 2021 03:28:36 GMT" skipped="0">
  <testcase classname="com.timp.test.MDR.TabelasComplementaresParaObrigaçoesAcessorias.TabelaDeDetalhamentosParaRegistro10.TabelaDeDetalhamentosParaRegistro10Excluir" name="excluir" time="181.164"/>
</testsuite> <!-- com.timp.test.MDR.TabelasComplementaresParaObrigaçoesAcessorias.TabelaDeDetalhamentosParaRegistro10.TabelaDeDetalhamentosParaRegistro10Excluir -->
