<?xml version="1.0" encoding="UTF-8"?>
<!-- Generated by org.testng.reporters.JUnitReportReporter -->
<testsuite hostname="LitoSoler" name="com.timp.test.MDR.CodigoReceita.CodigoReceitaDetalhes" tests="3" failures="0" timestamp="26 Aug 2020 22:43:10 GMT" time="61.984" errors="0">
  <testcase name="detalhes" time="47.314" classname="com.timp.test.MDR.CodigoReceita.CodigoReceitaDetalhes"/>
  <testcase name="acessarMDR" time="8.599" classname="com.timp.test.MDR.CodigoReceita.CodigoReceitaDetalhes"/>
  <testcase name="login" time="6.071" classname="com.timp.test.MDR.CodigoReceita.CodigoReceitaDetalhes"/>
</testsuite> <!-- com.timp.test.MDR.CodigoReceita.CodigoReceitaDetalhes -->
