<?xml version="1.0" encoding="UTF-8"?>
<!-- Generated by org.testng.reporters.JUnitReportReporter -->
<testsuite hostname="SALC-PC" failures="0" tests="4" name="com.timp.test.BRB.PublicoEPrivado" time="210.803" errors="0" timestamp="2023-08-07T12:27:14 CST" skipped="0">
  <testcase classname="com.timp.test.BRB.PublicoEPrivado" name="publicoYPRivado" time="90.086"/>
  <system-out/>
  <testcase classname="com.timp.test.BRB.PublicoEPrivado" name="PrivadoEditor" time="50.230"/>
  <system-out/>
  <testcase classname="com.timp.test.BRB.PublicoEPrivado" name="PublicoBiblioteca" time="36.611"/>
  <system-out/>
  <testcase classname="com.timp.test.BRB.PublicoEPrivado" name="PrivadoBiblioteca" time="33.876"/>
  <system-out/>
</testsuite> <!-- com.timp.test.BRB.PublicoEPrivado -->
