<?xml version="1.0" encoding="UTF-8"?>
<!-- Generated by org.testng.reporters.JUnitReportReporter -->
<testsuite hostname="LitoSoler" name="com.timp.test.BRB.NovoRelatorio" tests="4" failures="0" timestamp="30 Sep 2020 15:50:49 GMT" time="137.244" errors="0">
  <testcase name="novoRelatorio" time="47.981" classname="com.timp.test.BRB.NovoRelatorio"/>
  <testcase name="login" time="10.373" classname="com.timp.test.BRB.NovoRelatorio"/>
  <testcase name="colunas" time="38.256" classname="com.timp.test.BRB.NovoRelatorio"/>
  <testcase name="brbEntrar" time="40.634" classname="com.timp.test.BRB.NovoRelatorio"/>
</testsuite> <!-- com.timp.test.BRB.NovoRelatorio -->
