<?xml version="1.0" encoding="UTF-8"?>
<!-- Generated by org.testng.reporters.JUnitReportReporter -->
<testsuite hostname="Agile" failures="0" tests="2" name="com.timp.test.MDR.TabelasApoioESocial.Tabela24.CodificaçãoDeAcDeTrabExcluiMassa" time="180.454" errors="0" timestamp="11 mar. 2022 17:05:45 GMT" skipped="0">
  <testcase classname="com.timp.test.MDR.TabelasApoioESocial.Tabela24.CodificaçãoDeAcDeTrabExcluiMassa" name="criar" time="122.857"/>
  <testcase classname="com.timp.test.MDR.TabelasApoioESocial.Tabela24.CodificaçãoDeAcDeTrabExcluiMassa" name="excluir" time="57.597"/>
</testsuite> <!-- com.timp.test.MDR.TabelasApoioESocial.Tabela24.CodificaçãoDeAcDeTrabExcluiMassa -->
