<?xml version="1.0" encoding="UTF-8"?>
<!-- Generated by org.testng.reporters.JUnitReportReporter -->
<testsuite hostname="LitoSoler" name="com.timp.test.SCANC.RelatoriosRefineriaGerados.RelatorioRefinariaGeradosCriarCampoDeSaida" tests="3" failures="0" timestamp="16 Dec 2020 16:56:46 GMT" time="123.541" errors="0">
  <testcase name="criarCampoDeSaida" time="74.152" classname="com.timp.test.SCANC.RelatoriosRefineriaGerados.RelatorioRefinariaGeradosCriarCampoDeSaida"/>
  <testcase name="scancEntrar" time="33.887" classname="com.timp.test.SCANC.RelatoriosRefineriaGerados.RelatorioRefinariaGeradosCriarCampoDeSaida"/>
  <testcase name="ingresar" time="15.502" classname="com.timp.test.SCANC.RelatoriosRefineriaGerados.RelatorioRefinariaGeradosCriarCampoDeSaida"/>
</testsuite> <!-- com.timp.test.SCANC.RelatoriosRefineriaGerados.RelatorioRefinariaGeradosCriarCampoDeSaida -->
