<?xml version="1.0" encoding="UTF-8"?>
<<<<<<< HEAD
<!-- Generated by org.testng.reporters.JUnitReportReporter -->
<testsuite hostname="MIGUEL" failures="0" tests="3" name="com.timp.test.BRE.CalculoDeTributos.CalculoDeTributosFiltrosAvansados" time="45.604" errors="0" timestamp="8 Jan 2021 02:38:49 GMT">
  <testcase classname="com.timp.test.BRE.CalculoDeTributos.CalculoDeTributosFiltrosAvansados" name="Filtro" time="21.969"/>
  <testcase classname="com.timp.test.BRE.CalculoDeTributos.CalculoDeTributosFiltrosAvansados" name="login" time="7.928"/>
  <testcase classname="com.timp.test.BRE.CalculoDeTributos.CalculoDeTributosFiltrosAvansados" name="acessarBRE" time="15.707"/>
=======
<!-- Generated by org.testng.reporters.JUnitReportReporter -->
<testsuite hostname="MIGUEL" failures="0" tests="3" name="com.timp.test.BRE.CalculoDeTributos.CalculoDeTributosFiltrosAvansados" time="42.572" errors="0" timestamp="10 Jan 2021 05:18:06 GMT">
  <testcase classname="com.timp.test.BRE.CalculoDeTributos.CalculoDeTributosFiltrosAvansados" name="acessarBRE" time="12.909"/>
  <testcase classname="com.timp.test.BRE.CalculoDeTributos.CalculoDeTributosFiltrosAvansados" name="Filtro" time="21.406"/>
  <testcase classname="com.timp.test.BRE.CalculoDeTributos.CalculoDeTributosFiltrosAvansados" name="login" time="8.257"/>
>>>>>>> refs/heads/Fernando
</testsuite> <!-- com.timp.test.BRE.CalculoDeTributos.CalculoDeTributosFiltrosAvansados -->
