<?xml version="1.0" encoding="UTF-8"?>
<!-- Generated by org.testng.reporters.JUnitReportReporter -->
<testsuite hostname="DESKTOP-M23FVFN" failures="0" tests="1" name="com.timp.test.BRB.ComentarioLibre" time="216.553" errors="0" timestamp="09 feb. 2022 15:55:44 GMT" skipped="0">
  <testcase classname="com.timp.test.BRB.ComentarioLibre" name="comentarioLibre" time="216.553"/>
</testsuite> <!-- com.timp.test.BRB.ComentarioLibre -->
