<?xml version="1.0" encoding="UTF-8"?>
<!-- Generated by org.testng.reporters.JUnitReportReporter -->
<testsuite hostname="DESKTOP-M23FVFN" failures="0" tests="1" name="com.timp.test.MDR.PrecoDeTransferencia.ValoresParaMetodo.ValoresParaMetodoCAP.ValoresParaMetodoCAPExcluir" time="94.079" errors="0" timestamp="09 dic. 2021 07:59:53 GMT" skipped="0">
  <testcase classname="com.timp.test.MDR.PrecoDeTransferencia.ValoresParaMetodo.ValoresParaMetodoCAP.ValoresParaMetodoCAPExcluir" name="excluir" time="94.079"/>
</testsuite> <!-- com.timp.test.MDR.PrecoDeTransferencia.ValoresParaMetodo.ValoresParaMetodoCAP.ValoresParaMetodoCAPExcluir -->
