<?xml version="1.0" encoding="UTF-8"?>
<!-- Generated by org.testng.reporters.JUnitReportReporter -->
<testsuite hostname="DESKTOP-C57COV6" failures="0" tests="2" name="com.timp.test.MDR.TabelasApoioESocial.Tabela24.CodificaçãoDeAcDeTrabExcluiMassa" time="141.932" errors="0" timestamp="17 ago. 2021 07:10:48 GMT" skipped="0">
  <testcase classname="com.timp.test.MDR.TabelasApoioESocial.Tabela24.CodificaçãoDeAcDeTrabExcluiMassa" name="criar" time="96.927"/>
  <testcase classname="com.timp.test.MDR.TabelasApoioESocial.Tabela24.CodificaçãoDeAcDeTrabExcluiMassa" name="excluir" time="45.005"/>
</testsuite> <!-- com.timp.test.MDR.TabelasApoioESocial.Tabela24.CodificaçãoDeAcDeTrabExcluiMassa -->
