<?xml version="1.0" encoding="UTF-8"?>
<!-- Generated by org.testng.reporters.JUnitReportReporter -->
<testsuite hostname="DESKTOP-C57COV6" failures="0" tests="3" name="com.timp.test.BRB.Formula" time="217.661" errors="0" timestamp="18 oct. 2021 00:06:40 GMT" skipped="0">
  <testcase classname="com.timp.test.BRB.Formula" name="formulaColuna" time="117.545"/>
  <testcase classname="com.timp.test.BRB.Formula" name="formulaBoton" time="97.071"/>
  <testcase classname="com.timp.test.BRB.Formula" name="aplicar" time="3.045"/>
</testsuite> <!-- com.timp.test.BRB.Formula -->
