<?xml version="1.0" encoding="UTF-8"?>
<!-- Generated by org.testng.reporters.JUnitReportReporter -->
<testsuite hostname="LAPTOP-IN7IV9K5" failures="0" tests="1" name="com.timp.test.MDR.CadastroDerex.InstituicaoFinanceira.InstituicaoEditar" time="86.760" errors="0" timestamp="19 feb. 2021 18:48:02 GMT" skipped="0">
  <testcase classname="com.timp.test.MDR.CadastroDerex.InstituicaoFinanceira.InstituicaoEditar" name="editar" time="86.760"/>
</testsuite> <!-- com.timp.test.MDR.CadastroDerex.InstituicaoFinanceira.InstituicaoEditar -->
