<?xml version="1.0" encoding="UTF-8"?>
<!-- Generated by org.testng.reporters.JUnitReportReporter -->
<testsuite hostname="LitoSoler" name="com.timp.test.BRB.NovoRelatorio" tests="4" failures="0" timestamp="22 Jul 2020 20:51:02 GMT" time="112.481" errors="0">
  <testcase name="colunas" time="52.371" classname="com.timp.test.BRB.NovoRelatorio"/>
  <testcase name="brbEntrar" time="14.510" classname="com.timp.test.BRB.NovoRelatorio"/>
  <testcase name="novoRelatorio" time="39.821" classname="com.timp.test.BRB.NovoRelatorio"/>
  <testcase name="login" time="5.779" classname="com.timp.test.BRB.NovoRelatorio"/>
</testsuite> <!-- com.timp.test.BRB.NovoRelatorio -->
