<?xml version="1.0" encoding="UTF-8"?>
<!-- Generated by org.testng.reporters.JUnitReportReporter -->
<testsuite hostname="MassielV" failures="0" tests="1" name="com.timp.test.MDR.TabelasApoioESocial.Tabela23.FatoresDeRiscoDetalhes" time="83.116" errors="0" timestamp="30 sep. 2021 14:40:17 GMT" skipped="0">
  <testcase classname="com.timp.test.MDR.TabelasApoioESocial.Tabela23.FatoresDeRiscoDetalhes" name="detalhes" time="83.116"/>
</testsuite> <!-- com.timp.test.MDR.TabelasApoioESocial.Tabela23.FatoresDeRiscoDetalhes -->
