<?xml version="1.0" encoding="UTF-8"?>
<!-- Generated by org.testng.reporters.JUnitReportReporter -->
<testsuite hostname="DESKTOP-JP1A9E6" failures="0" tests="1" name="com.timp.test.TDK.Kpis.KpisPublicos.KpisPublicosDetalhes" time="72.016" errors="0" timestamp="14 jun. 2021 01:39:04 GMT" skipped="0">
  <testcase classname="com.timp.test.TDK.Kpis.KpisPublicos.KpisPublicosDetalhes" name="filtro" time="72.016"/>
</testsuite> <!-- com.timp.test.TDK.Kpis.KpisPublicos.KpisPublicosDetalhes -->
