<?xml version="1.0" encoding="UTF-8"?>
<!-- Generated by org.testng.reporters.JUnitReportReporter -->
<testsuite hostname="DESKTOP-SUF121B" failures="0" tests="3" name="com.timp.test.MDR.CEP.Municipio.MunicipioFiltros" time="34.319" errors="0" timestamp="28 Jul 2020 23:43:53 GMT">
  <testcase classname="com.timp.test.MDR.CEP.Municipio.MunicipioFiltros" name="acessarMDR" time="13.202"/>
  <testcase classname="com.timp.test.MDR.CEP.Municipio.MunicipioFiltros" name="login" time="8.687"/>
  <testcase classname="com.timp.test.MDR.CEP.Municipio.MunicipioFiltros" name="filtro" time="12.430"/>
</testsuite> <!-- com.timp.test.MDR.CEP.Municipio.MunicipioFiltros -->
