<?xml version="1.0" encoding="UTF-8"?>
<!-- Generated by org.testng.reporters.JUnitReportReporter -->
<testsuite hostname="LitoSoler" name="com.timp.test.MDR.SequenciaAcesso.SequenciaExcluir" tests="3" failures="0" timestamp="8 Aug 2020 18:15:27 GMT" time="93.450" errors="0">
  <testcase name="login" time="12.105" classname="com.timp.test.MDR.SequenciaAcesso.SequenciaExcluir"/>
  <testcase name="acessarMDR" time="35.327" classname="com.timp.test.MDR.SequenciaAcesso.SequenciaExcluir"/>
  <testcase name="Excluir" time="46.018" classname="com.timp.test.MDR.SequenciaAcesso.SequenciaExcluir"/>
</testsuite> <!-- com.timp.test.MDR.SequenciaAcesso.SequenciaExcluir -->
