<?xml version="1.0" encoding="UTF-8"?>
<!-- Generated by org.testng.reporters.JUnitReportReporter -->
<testsuite hostname="LitoSoler" name="com.timp.test.MDR.Centralizacao.Tributos.TributosCriar" tests="3" failures="0" timestamp="7 Aug 2020 01:56:02 GMT" time="158.053" errors="0">
  <testcase name="login" time="5.807" classname="com.timp.test.MDR.Centralizacao.Tributos.TributosCriar"/>
  <testcase name="acessarMDR" time="8.393" classname="com.timp.test.MDR.Centralizacao.Tributos.TributosCriar"/>
  <testcase name="tributoCriar" time="143.853" classname="com.timp.test.MDR.Centralizacao.Tributos.TributosCriar"/>
</testsuite> <!-- com.timp.test.MDR.Centralizacao.Tributos.TributosCriar -->
