<?xml version="1.0" encoding="UTF-8"?>
<!-- Generated by org.testng.reporters.JUnitReportReporter -->
<testsuite hostname="DESKTOP-5P4F1JE" failures="0" tests="2" name="com.timp.test.ATR.AcessarATR" time="26.162" errors="0" timestamp="4 Jan 2021 12:53:02 GMT">
  <testcase classname="com.timp.test.ATR.AcessarATR" name="login" time="10.602"/>
  <testcase classname="com.timp.test.ATR.AcessarATR" name="ATREntrar" time="15.560"/>
</testsuite> <!-- com.timp.test.ATR.AcessarATR -->
