<?xml version="1.0" encoding="UTF-8"?>
<!-- Generated by org.testng.reporters.JUnitReportReporter -->
<testsuite hostname="DESKTOP-C57COV6" failures="0" tests="3" name="com.timp.test.BRB.Formula" time="209.502" errors="0" timestamp="05 jul. 2021 15:39:05 GMT" skipped="0">
  <testcase classname="com.timp.test.BRB.Formula" name="formulaColuna" time="106.730"/>
  <testcase classname="com.timp.test.BRB.Formula" name="formulaBoton" time="92.824"/>
  <testcase classname="com.timp.test.BRB.Formula" name="aplicar" time="9.948"/>
</testsuite> <!-- com.timp.test.BRB.Formula -->
