<?xml version="1.0" encoding="UTF-8"?>
<!-- Generated by org.testng.reporters.JUnitReportReporter -->
<testsuite hostname="DESKTOP-M23FVFN" failures="0" tests="1" name="com.timp.test.MDR.TabelasComplementaresParaObrigaçoesAcessorias.TabelaDeDetalhamentosParaRegistro10.TabelaDeDetalhamentosParaRegistro10Excluir" time="110.815" errors="0" timestamp="04 mar. 2022 06:15:28 GMT" skipped="0">
  <testcase classname="com.timp.test.MDR.TabelasComplementaresParaObrigaçoesAcessorias.TabelaDeDetalhamentosParaRegistro10.TabelaDeDetalhamentosParaRegistro10Excluir" name="excluir" time="110.815"/>
</testsuite> <!-- com.timp.test.MDR.TabelasComplementaresParaObrigaçoesAcessorias.TabelaDeDetalhamentosParaRegistro10.TabelaDeDetalhamentosParaRegistro10Excluir -->
