<?xml version="1.0" encoding="UTF-8"?>
<!-- Generated by org.testng.reporters.JUnitReportReporter -->
<testsuite hostname="LitoSoler" name="com.timp.test.MDR.CenariosCorrecao.CenariosCorrecaoCriar" tests="3" failures="0" timestamp="21 Oct 2020 00:00:19 GMT" time="74.021" errors="0">
  <testcase name="criar" time="44.704" classname="com.timp.test.MDR.CenariosCorrecao.CenariosCorrecaoCriar"/>
  <testcase name="login" time="6.989" classname="com.timp.test.MDR.CenariosCorrecao.CenariosCorrecaoCriar"/>
  <testcase name="acessarMDR" time="22.328" classname="com.timp.test.MDR.CenariosCorrecao.CenariosCorrecaoCriar"/>
</testsuite> <!-- com.timp.test.MDR.CenariosCorrecao.CenariosCorrecaoCriar -->
