<?xml version="1.0" encoding="UTF-8"?>
<!-- Generated by org.testng.reporters.JUnitReportReporter -->
<testsuite hostname="DESKTOP-JP1A9E6" failures="0" tests="1" name="com.timp.test.MDR.ContratoIOF.ContratoIOFExcluir" time="77.402" errors="0" timestamp="29 may. 2021 08:32:06 GMT" skipped="0">
  <testcase classname="com.timp.test.MDR.ContratoIOF.ContratoIOFExcluir" name="excluir" time="77.402"/>
</testsuite> <!-- com.timp.test.MDR.ContratoIOF.ContratoIOFExcluir -->
