<?xml version="1.0" encoding="UTF-8"?>
<!-- Generated by org.testng.reporters.JUnitReportReporter -->
<testsuite hostname="DESKTOP-M23FVFN" failures="0" tests="1" name="com.timp.test.ATR.Estruturas.Estruturas.EstruturasVisualizar" time="71.515" errors="0" timestamp="2022-11-22T21:26:44 BRT" skipped="0">
  <testcase classname="com.timp.test.ATR.Estruturas.Estruturas.EstruturasVisualizar" name="visualizar" time="71.515"/>
  <system-out/>
</testsuite> <!-- com.timp.test.ATR.Estruturas.Estruturas.EstruturasVisualizar -->
