<?xml version="1.0" encoding="UTF-8"?>
<!-- Generated by org.testng.reporters.JUnitReportReporter -->
<testsuite hostname="DESKTOP-M23FVFN" failures="0" tests="1" name="com.timp.test.ATR.Arquivos.CarregamentoDeArquivos.CarregamentoDeArquivosFiltroPorID" time="91.707" errors="0" timestamp="19 ene. 2022 14:43:53 GMT" skipped="0">
  <testcase classname="com.timp.test.ATR.Arquivos.CarregamentoDeArquivos.CarregamentoDeArquivosFiltroPorID" name="filtro" time="91.707"/>
</testsuite> <!-- com.timp.test.ATR.Arquivos.CarregamentoDeArquivos.CarregamentoDeArquivosFiltroPorID -->
