<?xml version="1.0" encoding="UTF-8"?>
<!-- Generated by org.testng.reporters.JUnitReportReporter -->
<testsuite hostname="CRISTHIAN-VASQUEZ" failures="0" tests="1" name="com.timp.test.MDR.TabelasComplementaresParaObrigaçoesAcessorias.TabelaDeCodigoDaReceitas.TabelaDeCodigosDeReceitasExcluirEmMassa" time="197.434" errors="0" timestamp="24 feb. 2021 13:14:24 GMT" skipped="0">
  <testcase classname="com.timp.test.MDR.TabelasComplementaresParaObrigaçoesAcessorias.TabelaDeCodigoDaReceitas.TabelaDeCodigosDeReceitasExcluirEmMassa" name="criar" time="197.434"/>
</testsuite> <!-- com.timp.test.MDR.TabelasComplementaresParaObrigaçoesAcessorias.TabelaDeCodigoDaReceitas.TabelaDeCodigosDeReceitasExcluirEmMassa -->
