<?xml version="1.0" encoding="UTF-8"?>
<!-- Generated by org.testng.reporters.JUnitReportReporter -->
<testsuite hostname="DESKTOP-M23FVFN" failures="0" tests="2" name="com.timp.test.MDR.TabelasApoioESocial.Tabela28.DadosDeRATExcluirEmMassa" time="233.305" errors="0" timestamp="30 nov. 2021 08:27:56 GMT" skipped="0">
  <testcase classname="com.timp.test.MDR.TabelasApoioESocial.Tabela28.DadosDeRATExcluirEmMassa" name="criar" time="195.018"/>
  <testcase classname="com.timp.test.MDR.TabelasApoioESocial.Tabela28.DadosDeRATExcluirEmMassa" name="excluir" time="38.287"/>
</testsuite> <!-- com.timp.test.MDR.TabelasApoioESocial.Tabela28.DadosDeRATExcluirEmMassa -->
