<?xml version="1.0" encoding="UTF-8"?>
<!-- Generated by org.testng.reporters.JUnitReportReporter -->
<testsuite hostname="DESKTOP-35UG9UP" name="com.timp.test.MDR.AtividadesParaTributacao.TiposDeServicos.TiposDeServicosEditar" tests="3" failures="0" timestamp="5 Oct 2020 20:26:24 GMT" time="186.299" errors="0">
  <testcase name="editar" time="161.084" classname="com.timp.test.MDR.AtividadesParaTributacao.TiposDeServicos.TiposDeServicosEditar"/>
  <testcase name="login" time="11.672" classname="com.timp.test.MDR.AtividadesParaTributacao.TiposDeServicos.TiposDeServicosEditar"/>
  <testcase name="acessarMDR" time="13.543" classname="com.timp.test.MDR.AtividadesParaTributacao.TiposDeServicos.TiposDeServicosEditar"/>
</testsuite> <!-- com.timp.test.MDR.AtividadesParaTributacao.TiposDeServicos.TiposDeServicosEditar -->
