<?xml version="1.0" encoding="UTF-8"?>
<!-- Generated by org.testng.reporters.JUnitReportReporter -->
<testsuite hostname="MIGUEL" failures="0" tests="3" name="com.timp.test.TDK.Kpis.KpisPublicos.KpisPublicosDetalhes" time="64.067" errors="0" timestamp="01 mar. 2021 21:16:16 GMT" skipped="0">
  <testcase classname="com.timp.test.TDK.Kpis.KpisPublicos.KpisPublicosDetalhes" name="login" time="7.212"/>
  <testcase classname="com.timp.test.TDK.Kpis.KpisPublicos.KpisPublicosDetalhes" name="acessarTDK" time="21.668"/>
  <testcase classname="com.timp.test.TDK.Kpis.KpisPublicos.KpisPublicosDetalhes" name="filtro" time="35.187"/>
</testsuite> <!-- com.timp.test.TDK.Kpis.KpisPublicos.KpisPublicosDetalhes -->
