<?xml version="1.0" encoding="UTF-8"?>
<!-- Generated by org.testng.reporters.JUnitReportReporter -->
<testsuite hostname="LitoSoler" name="com.timp.test.BCB.ParametrosGeraisHierarquiaRaiz" tests="3" failures="0" timestamp="27 Jan 2021 20:25:46 GMT" time="48.691" errors="0">
  <testcase name="login" time="7.065" classname="com.timp.test.BCB.ParametrosGeraisHierarquiaRaiz"/>
  <testcase name="brbEntrar" time="14.377" classname="com.timp.test.BCB.ParametrosGeraisHierarquiaRaiz"/>
  <testcase name="criarConfiguracao" time="27.249" classname="com.timp.test.BCB.ParametrosGeraisHierarquiaRaiz"/>
</testsuite> <!-- com.timp.test.BCB.ParametrosGeraisHierarquiaRaiz -->
