<?xml version="1.0" encoding="UTF-8"?>
<!-- Generated by org.testng.reporters.JUnitReportReporter -->
<testsuite hostname="LitoSoler" name="com.timp.test.MDR.CEP.Bairro.BairroVisualizar" tests="3" failures="0" timestamp="24 Sep 2020 14:21:22 GMT" time="67.170" errors="0">
  <testcase name="filtro" time="37.450" classname="com.timp.test.MDR.CEP.Bairro.BairroVisualizar"/>
  <testcase name="login" time="10.282" classname="com.timp.test.MDR.CEP.Bairro.BairroVisualizar"/>
  <testcase name="acessarMDR" time="19.438" classname="com.timp.test.MDR.CEP.Bairro.BairroVisualizar"/>
</testsuite> <!-- com.timp.test.MDR.CEP.Bairro.BairroVisualizar -->
