<?xml version="1.0" encoding="UTF-8"?>
<!-- Generated by org.testng.reporters.JUnitReportReporter -->
<testsuite hostname="DESKTOP-C57COV6" failures="0" tests="1" name="com.timp.test.TDK.Kpis.KpisPublicos.KpisFiltroPorId" time="161.612" errors="0" timestamp="22 oct. 2021 19:05:41 GMT" skipped="0">
  <testcase classname="com.timp.test.TDK.Kpis.KpisPublicos.KpisFiltroPorId" name="filtro" time="161.612"/>
</testsuite> <!-- com.timp.test.TDK.Kpis.KpisPublicos.KpisFiltroPorId -->
