<?xml version="1.0" encoding="UTF-8"?>
<!-- Generated by org.testng.reporters.JUnitReportReporter -->
<testsuite hostname="DESKTOP-C57COV6" failures="0" tests="1" name="com.timp.test.ADM.Configuração.ConfiguraçãoTributo.ConfiguraçãodeTributoXTributoGrupo.ConfiguraçãodeTributoXTributoGrupoEditar" time="109.166" errors="0" timestamp="17 ago. 2021 21:48:12 GMT" skipped="0">
  <testcase classname="com.timp.test.ADM.Configuração.ConfiguraçãoTributo.ConfiguraçãodeTributoXTributoGrupo.ConfiguraçãodeTributoXTributoGrupoEditar" name="Editar" time="109.166"/>
</testsuite> <!-- com.timp.test.ADM.Configuração.ConfiguraçãoTributo.ConfiguraçãodeTributoXTributoGrupo.ConfiguraçãodeTributoXTributoGrupoEditar -->
