<?xml version="1.0" encoding="UTF-8"?>
<!-- Generated by org.testng.reporters.JUnitReportReporter -->
<testsuite hostname="DESKTOP-JP1A9E6" failures="0" tests="1" name="com.timp.test.MDR.TabelasApoioESocial.Tabela06.PaisesDetalhe" time="64.749" errors="0" timestamp="14 jul. 2021 09:31:56 GMT" skipped="0">
  <testcase classname="com.timp.test.MDR.TabelasApoioESocial.Tabela06.PaisesDetalhe" name="detalhes" time="64.749"/>
</testsuite> <!-- com.timp.test.MDR.TabelasApoioESocial.Tabela06.PaisesDetalhe -->
