<?xml version="1.0" encoding="UTF-8"?>
<!-- Generated by org.testng.reporters.JUnitReportReporter -->
<testsuite hostname="DESKTOP-C57COV6" failures="0" tests="1" name="com.timp.test.MDR.CEP.Municipio.MunicipioVisualizar" time="184.484" errors="0" timestamp="18 nov. 2021 02:12:52 GMT" skipped="0">
  <testcase classname="com.timp.test.MDR.CEP.Municipio.MunicipioVisualizar" name="visualizar" time="184.484"/>
</testsuite> <!-- com.timp.test.MDR.CEP.Municipio.MunicipioVisualizar -->
