<?xml version="1.0" encoding="UTF-8"?>
<!-- Generated by org.testng.reporters.JUnitReportReporter -->
<testsuite skipped="0" hostname="LitoSoler" name="com.timp.test.MDR.Antecipacao.AntecipacaoEditar" tests="1" failures="0" timestamp="16 feb 2021 22:48:51 GMT" time="92.994" errors="0">
  <testcase name="editar" time="92.994" classname="com.timp.test.MDR.Antecipacao.AntecipacaoEditar"/>
</testsuite> <!-- com.timp.test.MDR.Antecipacao.AntecipacaoEditar -->
