<?xml version="1.0" encoding="UTF-8"?>
<!-- Generated by org.testng.reporters.JUnitReportReporter -->
<testsuite hostname="DESKTOP-C57COV6" failures="0" tests="2" name="com.timp.test.MDR.CodigoReceita.CodigoReceitaExcluirEmMassa" time="200.500" errors="0" timestamp="17 nov. 2021 15:53:18 GMT" skipped="0">
  <testcase classname="com.timp.test.MDR.CodigoReceita.CodigoReceitaExcluirEmMassa" name="excluir" time="45.603"/>
  <testcase classname="com.timp.test.MDR.CodigoReceita.CodigoReceitaExcluirEmMassa" name="criar" time="154.897"/>
</testsuite> <!-- com.timp.test.MDR.CodigoReceita.CodigoReceitaExcluirEmMassa -->
