<?xml version="1.0" encoding="UTF-8"?>
<!-- Generated by org.testng.reporters.JUnitReportReporter -->
<testsuite hostname="LitoSoler" name="com.timp.test.BRB.CriarCopia" tests="3" failures="0" timestamp="30 Sep 2020 16:57:48 GMT" time="114.096" errors="0">
  <testcase name="brbEntrar" time="18.657" classname="com.timp.test.BRB.CriarCopia"/>
  <testcase name="login" time="7.016" classname="com.timp.test.BRB.CriarCopia"/>
  <testcase name="criarCopia" time="88.423" classname="com.timp.test.BRB.CriarCopia"/>
</testsuite> <!-- com.timp.test.BRB.CriarCopia -->
