<?xml version="1.0" encoding="UTF-8"?>
<!-- Generated by org.testng.reporters.JUnitReportReporter -->
<testsuite hostname="DESKTOP-BNBDMGT" failures="0" tests="2" name="com.timp.test.CALENDAR.AcessarCalendar" time="74.826" errors="0" timestamp="02 mar. 2021 18:34:09 GMT" skipped="0">
  <testcase classname="com.timp.test.CALENDAR.AcessarCalendar" name="login" time="21.355"/>
  <testcase classname="com.timp.test.CALENDAR.AcessarCalendar" name="CalendarEntrar" time="53.471"/>
</testsuite> <!-- com.timp.test.CALENDAR.AcessarCalendar -->
