<?xml version="1.0" encoding="UTF-8"?>
<!-- Generated by org.testng.reporters.JUnitReportReporter -->
<testsuite hostname="LitoSoler" name="com.timp.test.MDR.AtivaçaoParaMunicipio.AtivaçaoParaMunicipioCriar" tests="3" failures="0" timestamp="13 Nov 2020 17:24:53 GMT" time="145.473" errors="0">
  <testcase name="criar" time="58.619" classname="com.timp.test.MDR.AtivaçaoParaMunicipio.AtivaçaoParaMunicipioCriar"/>
  <testcase name="login" time="21.142" classname="com.timp.test.MDR.AtivaçaoParaMunicipio.AtivaçaoParaMunicipioCriar"/>
  <testcase name="acessarMDR" time="65.712" classname="com.timp.test.MDR.AtivaçaoParaMunicipio.AtivaçaoParaMunicipioCriar"/>
</testsuite> <!-- com.timp.test.MDR.AtivaçaoParaMunicipio.AtivaçaoParaMunicipioCriar -->
