<?xml version="1.0" encoding="UTF-8"?>
<!-- Generated by org.testng.reporters.JUnitReportReporter -->
<testsuite hostname="DESKTOP-C57COV6" failures="0" tests="1" name="com.timp.test.MDR.TabelasComplementaresParaObrigaçoesAcessorias.CodigoDeOutrasSaidas.CodigoDeOutrasSaidasEditar" time="93.762" errors="0" timestamp="15 oct. 2021 08:21:30 GMT" skipped="0">
  <testcase classname="com.timp.test.MDR.TabelasComplementaresParaObrigaçoesAcessorias.CodigoDeOutrasSaidas.CodigoDeOutrasSaidasEditar" name="editar" time="93.762"/>
</testsuite> <!-- com.timp.test.MDR.TabelasComplementaresParaObrigaçoesAcessorias.CodigoDeOutrasSaidas.CodigoDeOutrasSaidasEditar -->
