<?xml version="1.0" encoding="UTF-8"?>
<!-- Generated by org.testng.reporters.JUnitReportReporter -->
<testsuite hostname="DESKTOP-BNBDMGT" failures="0" tests="1" name="com.timp.test.MDR.Reinf.R1070DadosSuspenso.R1070DadosSuspensoCriar" time="154.209" errors="0" timestamp="24 mar. 2021 06:17:38 GMT" skipped="0">
  <testcase classname="com.timp.test.MDR.Reinf.R1070DadosSuspenso.R1070DadosSuspensoCriar" name="criar" time="154.209"/>
</testsuite> <!-- com.timp.test.MDR.Reinf.R1070DadosSuspenso.R1070DadosSuspensoCriar -->
