<?xml version="1.0" encoding="UTF-8"?>
<!-- Generated by org.testng.reporters.JUnitReportReporter -->
<testsuite hostname="LitoSoler" name="com.timp.test.MDR.CEP.Bairro.BairroEliminar" tests="3" failures="0" timestamp="24 Sep 2020 14:28:42 GMT" time="52.288" errors="0">
  <testcase name="eliminar" time="24.119" classname="com.timp.test.MDR.CEP.Bairro.BairroEliminar"/>
  <testcase name="login" time="7.001" classname="com.timp.test.MDR.CEP.Bairro.BairroEliminar"/>
  <testcase name="acessarMDR" time="21.168" classname="com.timp.test.MDR.CEP.Bairro.BairroEliminar"/>
</testsuite> <!-- com.timp.test.MDR.CEP.Bairro.BairroEliminar -->
