<?xml version="1.0" encoding="UTF-8"?>
<!-- Generated by org.testng.reporters.JUnitReportReporter -->
<testsuite hostname="DESKTOP-C57COV6" failures="0" tests="1" name="com.timp.test.MDR.TabelasComplementaresParaObrigaçoesAcessorias.TabelaDeLogradouros.TabelaLogradouroExcluirEmMassa" time="367.694" errors="0" timestamp="15 oct. 2021 07:16:32 GMT" skipped="0">
  <testcase classname="com.timp.test.MDR.TabelasComplementaresParaObrigaçoesAcessorias.TabelaDeLogradouros.TabelaLogradouroExcluirEmMassa" name="criar" time="367.694"/>
</testsuite> <!-- com.timp.test.MDR.TabelasComplementaresParaObrigaçoesAcessorias.TabelaDeLogradouros.TabelaLogradouroExcluirEmMassa -->
