<?xml version="1.0" encoding="UTF-8"?>
<<<<<<< HEAD
<!-- Generated by org.testng.reporters.JUnitReportReporter -->
<testsuite hostname="MIGUEL" failures="0" tests="1" name="com.timp.test.MDR.TabelasComplementaresParaObrigaçoesAcessorias.TabelaServicos.TabelaServicosVisualizar" time="155.245" errors="0" timestamp="20 mar. 2021 03:11:52 GMT" skipped="0">
  <testcase classname="com.timp.test.MDR.TabelasComplementaresParaObrigaçoesAcessorias.TabelaServicos.TabelaServicosVisualizar" name="visualizar" time="155.245"/>
=======
<!-- Generated by org.testng.reporters.JUnitReportReporter -->
<testsuite hostname="MIGUEL" failures="0" tests="1" name="com.timp.test.MDR.TabelasComplementaresParaObrigaçoesAcessorias.TabelaServicos.TabelaServicosVisualizar" time="86.567" errors="0" timestamp="09 mar. 2021 01:50:45 GMT" skipped="0">
  <testcase classname="com.timp.test.MDR.TabelasComplementaresParaObrigaçoesAcessorias.TabelaServicos.TabelaServicosVisualizar" name="visualizar" time="86.567"/>
>>>>>>> refs/heads/Cristhian
</testsuite> <!-- com.timp.test.MDR.TabelasComplementaresParaObrigaçoesAcessorias.TabelaServicos.TabelaServicosVisualizar -->
