<?xml version="1.0" encoding="UTF-8"?>
<!-- Generated by org.testng.reporters.JUnitReportReporter -->
<testsuite skipped="0" hostname="LitoSoler" name="com.timp.test.MDR.CodigoReceita.CodigoReceitaExcluirEmMassa" tests="2" failures="0" timestamp="19 mar 2021 21:15:27 GMT" time="158.537" errors="0">
  <testcase name="criar" time="124.344" classname="com.timp.test.MDR.CodigoReceita.CodigoReceitaExcluirEmMassa"/>
  <testcase name="excluir" time="34.193" classname="com.timp.test.MDR.CodigoReceita.CodigoReceitaExcluirEmMassa"/>
</testsuite> <!-- com.timp.test.MDR.CodigoReceita.CodigoReceitaExcluirEmMassa -->
