<?xml version="1.0" encoding="UTF-8"?>
<!-- Generated by org.testng.reporters.JUnitReportReporter -->
<testsuite hostname="DESKTOP-C57COV6" failures="0" tests="2" name="com.timp.test.BRB.FiltroColunas" time="165.836" errors="0" timestamp="01 jul. 2021 17:59:30 GMT" skipped="0">
  <testcase classname="com.timp.test.BRB.FiltroColunas" name="filtroConFerramenta1" time="135.649"/>
  <testcase classname="com.timp.test.BRB.FiltroColunas" name="filtroConFerramenta2" time="30.187"/>
</testsuite> <!-- com.timp.test.BRB.FiltroColunas -->
