<?xml version="1.0" encoding="UTF-8"?>
<!-- Generated by org.testng.reporters.JUnitReportReporter -->
<testsuite hostname="DESKTOP-C57COV6" failures="0" tests="1" name="com.timp.test.TDK.Kpis.Lixeira.LixeiraFiltroPorID" time="86.148" errors="0" timestamp="17 ago. 2021 14:27:02 GMT" skipped="0">
  <testcase classname="com.timp.test.TDK.Kpis.Lixeira.LixeiraFiltroPorID" name="filtro" time="86.148"/>
</testsuite> <!-- com.timp.test.TDK.Kpis.Lixeira.LixeiraFiltroPorID -->
