<?xml version="1.0" encoding="UTF-8"?>
<!-- Generated by org.testng.reporters.JUnitReportReporter -->
<testsuite hostname="DESKTOP-C57COV6" failures="0" tests="1" name="com.timp.test.MDR.DetalheTipoTributo.DetalheDetalhes" time="84.151" errors="0" timestamp="23 oct. 2021 19:20:15 GMT" skipped="0">
  <testcase classname="com.timp.test.MDR.DetalheTipoTributo.DetalheDetalhes" name="detalhes" time="84.151"/>
</testsuite> <!-- com.timp.test.MDR.DetalheTipoTributo.DetalheDetalhes -->
