<?xml version="1.0" encoding="UTF-8"?>
<!-- Generated by org.testng.reporters.JUnitReportReporter -->
<<<<<<< HEAD
<testsuite hostname="CRISTHIAN-VASQUEZ" failures="0" tests="1" name="com.timp.test.MDR.TabelasComplementaresParaObrigaçoesAcessorias.CodigoDIPAM.CodigoDIPAMExcluirEmMassa" time="139.021" errors="0" timestamp="19 mar. 2021 18:05:45 GMT" skipped="0">
  <testcase classname="com.timp.test.MDR.TabelasComplementaresParaObrigaçoesAcessorias.CodigoDIPAM.CodigoDIPAMExcluirEmMassa" name="criar" time="139.021"/>
=======
<testsuite hostname="CRISTHIAN-VASQUEZ" failures="0" tests="1" name="com.timp.test.MDR.TabelasComplementaresParaObrigaçoesAcessorias.CodigoDIPAM.CodigoDIPAMExcluirEmMassa" time="137.602" errors="0" timestamp="16 mar. 2021 03:43:28 GMT" skipped="0">
  <testcase classname="com.timp.test.MDR.TabelasComplementaresParaObrigaçoesAcessorias.CodigoDIPAM.CodigoDIPAMExcluirEmMassa" name="criar" time="137.602"/>
>>>>>>> branch 'Cristhian' of https://github.com/salc1997/TIMP_R1.git
</testsuite> <!-- com.timp.test.MDR.TabelasComplementaresParaObrigaçoesAcessorias.CodigoDIPAM.CodigoDIPAMExcluirEmMassa -->
