<?xml version="1.0" encoding="UTF-8"?>
<!-- Generated by org.testng.reporters.JUnitReportReporter -->
<testsuite hostname="MIGUEL" failures="0" tests="1" name="com.timp.test.MDR.TabelasComplementaresParaObrigaçoesAcessorias.TabelaOutrosDebitos.TabelaOutrosDebitosCriar" time="79.868" errors="0" timestamp="09 mar. 2021 01:50:45 GMT" skipped="0">
  <testcase classname="com.timp.test.MDR.TabelasComplementaresParaObrigaçoesAcessorias.TabelaOutrosDebitos.TabelaOutrosDebitosCriar" name="criar" time="79.868"/>
</testsuite> <!-- com.timp.test.MDR.TabelasComplementaresParaObrigaçoesAcessorias.TabelaOutrosDebitos.TabelaOutrosDebitosCriar -->
