<?xml version="1.0" encoding="UTF-8"?>
<!-- Generated by org.testng.reporters.JUnitReportReporter -->
<testsuite skipped="0" hostname="LitoSoler" name="com.timp.test.MDR.ValorAdicionado.Municipio.MunicipioExcluirEmMassa" tests="2" failures="0" timestamp="19 mar 2021 20:52:57 GMT" time="150.827" errors="0">
  <testcase name="Criar" time="124.453" classname="com.timp.test.MDR.ValorAdicionado.Municipio.MunicipioExcluirEmMassa"/>
  <testcase name="ExcluirEmMassa" time="26.374" classname="com.timp.test.MDR.ValorAdicionado.Municipio.MunicipioExcluirEmMassa"/>
</testsuite> <!-- com.timp.test.MDR.ValorAdicionado.Municipio.MunicipioExcluirEmMassa -->
