<?xml version="1.0" encoding="UTF-8"?>
<!-- Generated by org.testng.reporters.JUnitReportReporter -->
<testsuite hostname="DESKTOP-JP1A9E6" failures="0" tests="2" name="com.timp.test.MDR.IncentivosFiscais.IncentivosFiscaisExcluirEmMassa" time="248.229" errors="0" timestamp="10 sep. 2021 18:16:35 GMT" skipped="0">
  <testcase classname="com.timp.test.MDR.IncentivosFiscais.IncentivosFiscaisExcluirEmMassa" name="excluirEmMassa" time="42.400"/>
  <testcase classname="com.timp.test.MDR.IncentivosFiscais.IncentivosFiscaisExcluirEmMassa" name="criar" time="205.829"/>
</testsuite> <!-- com.timp.test.MDR.IncentivosFiscais.IncentivosFiscaisExcluirEmMassa -->
