<?xml version="1.0" encoding="UTF-8"?>
<!-- Generated by org.testng.reporters.JUnitReportReporter -->
<<<<<<< HEAD
<<<<<<< HEAD
<testsuite hostname="DESKTOP-JP1A9E6" failures="0" tests="1" name="com.timp.test.MDR.IncentivosFiscais.IncentivosFiscaisCriar" time="102.008" errors="0" timestamp="26 may. 2021 17:54:02 GMT" skipped="0">
  <testcase classname="com.timp.test.MDR.IncentivosFiscais.IncentivosFiscaisCriar" name="CriarIncentivosFiscais" time="102.008"/>
=======
<testsuite hostname="LAPTOP-IN7IV9K5" failures="0" tests="1" name="com.timp.test.MDR.IncentivosFiscais.IncentivosFiscaisCriar" time="107.774" errors="0" timestamp="25 jun. 2021 12:00:21 GMT" skipped="0">
  <testcase classname="com.timp.test.MDR.IncentivosFiscais.IncentivosFiscaisCriar" name="CriarIncentivosFiscais" time="107.774"/>
>>>>>>> refs/remotes/origin/Kenssy
=======
<testsuite hostname="DESKTOP-C57COV6" failures="0" tests="1" name="com.timp.test.MDR.IncentivosFiscais.IncentivosFiscaisCriar" time="125.062" errors="0" timestamp="15 sep. 2021 10:02:59 GMT" skipped="0">
  <testcase classname="com.timp.test.MDR.IncentivosFiscais.IncentivosFiscaisCriar" name="CriarIncentivosFiscais" time="125.062"/>
>>>>>>> refs/remotes/origin/Yessy
</testsuite> <!-- com.timp.test.MDR.IncentivosFiscais.IncentivosFiscaisCriar -->
