<?xml version="1.0" encoding="UTF-8"?>
<!-- Generated by org.testng.reporters.JUnitReportReporter -->
<testsuite hostname="DESKTOP-M23FVFN" failures="0" tests="1" name="com.timp.test.BRE.Estruturas.ParametrosGerais.EstruturasCriarMaisEditarMaisVisualizar" time="151.777" errors="0" timestamp="2022-11-01T12:21:43 BRT" skipped="0">
  <testcase classname="com.timp.test.BRE.Estruturas.ParametrosGerais.EstruturasCriarMaisEditarMaisVisualizar" name="criar" time="151.777"/>
  <system-out/>
</testsuite> <!-- com.timp.test.BRE.Estruturas.ParametrosGerais.EstruturasCriarMaisEditarMaisVisualizar -->
