<?xml version="1.0" encoding="UTF-8"?>
<!-- Generated by org.testng.reporters.JUnitReportReporter -->
<testsuite hostname="DESKTOP-C57COV6" failures="0" tests="1" name="com.timp.test.BRB.Paginacao" time="108.848" errors="0" timestamp="17 ago. 2021 05:45:51 GMT" skipped="0">
  <testcase classname="com.timp.test.BRB.Paginacao" name="paginacion" time="108.848"/>
</testsuite> <!-- com.timp.test.BRB.Paginacao -->
