<?xml version="1.0" encoding="UTF-8"?>
<!-- Generated by org.testng.reporters.JUnitReportReporter -->
<testsuite hostname="DESKTOP-JP1A9E6" failures="0" tests="2" name="com.timp.test.MDR.TabelasApoioESocial.Tabela19.MotivosdeDesligamentoExcluirMasa" time="118.131" errors="0" timestamp="10 sep. 2021 18:16:35 GMT" skipped="0">
  <testcase classname="com.timp.test.MDR.TabelasApoioESocial.Tabela19.MotivosdeDesligamentoExcluirMasa" name="criar" time="86.315"/>
  <testcase classname="com.timp.test.MDR.TabelasApoioESocial.Tabela19.MotivosdeDesligamentoExcluirMasa" name="excluirEmMassa" time="31.816"/>
</testsuite> <!-- com.timp.test.MDR.TabelasApoioESocial.Tabela19.MotivosdeDesligamentoExcluirMasa -->
