<?xml version="1.0" encoding="UTF-8"?>
<!-- Generated by org.testng.reporters.JUnitReportReporter -->
<testsuite hostname="MIGUEL" failures="0" tests="3" name="com.timp.test.TDK.Dashboard.Edicao.DashboardCartaoIndicador" time="101.592" errors="0" timestamp="12 mar. 2021 21:21:28 GMT" skipped="0">
  <testcase classname="com.timp.test.TDK.Dashboard.Edicao.DashboardCartaoIndicador" name="login" time="7.269"/>
  <testcase classname="com.timp.test.TDK.Dashboard.Edicao.DashboardCartaoIndicador" name="acessarTDK" time="20.620"/>
  <testcase classname="com.timp.test.TDK.Dashboard.Edicao.DashboardCartaoIndicador" name="criar" time="73.703"/>
</testsuite> <!-- com.timp.test.TDK.Dashboard.Edicao.DashboardCartaoIndicador -->
