<?xml version="1.0" encoding="UTF-8"?>
<!-- Generated by org.testng.reporters.JUnitReportReporter -->
<testsuite hostname="DESKTOP-BNBDMGT" failures="0" tests="3" name="com.timp.test.BSC.CorreçãodeNFVisualizarHistorico" time="239.653" errors="0" timestamp="8 Dec 2020 05:08:11 GMT">
  <testcase classname="com.timp.test.BSC.CorreçãodeNFVisualizarHistorico" name="login" time="6.401"/>
  <testcase classname="com.timp.test.BSC.CorreçãodeNFVisualizarHistorico" name="brbEntrar" time="18.786"/>
  <testcase classname="com.timp.test.BSC.CorreçãodeNFVisualizarHistorico" name="Aprovar" time="214.466"/>
</testsuite> <!-- com.timp.test.BSC.CorreçãodeNFVisualizarHistorico -->
