<?xml version="1.0" encoding="UTF-8"?>
<!-- Generated by org.testng.reporters.JUnitReportReporter -->
<testsuite hostname="DESKTOP-BNBDMGT" failures="0" tests="1" name="com.timp.test.MDR.SequenciaAcesso.SequenciaExcluir" time="64.779" errors="0" timestamp="16 mar. 2021 04:17:09 GMT" skipped="0">
  <testcase classname="com.timp.test.MDR.SequenciaAcesso.SequenciaExcluir" name="Excluir" time="64.779"/>
</testsuite> <!-- com.timp.test.MDR.SequenciaAcesso.SequenciaExcluir -->
