<?xml version="1.0" encoding="UTF-8"?>
<!-- Generated by org.testng.reporters.JUnitReportReporter -->
<testsuite hostname="Agile" failures="0" tests="1" name="com.timp.test.MDR.DeterminacaoRelevanciaTarefaMotivoReabertura.CadastroMotivosReabertura.CadastroMotivosReaberturaVisualizar" time="90.127" errors="0" timestamp="06 ene. 2022 10:49:11 GMT" skipped="0">
  <testcase classname="com.timp.test.MDR.DeterminacaoRelevanciaTarefaMotivoReabertura.CadastroMotivosReabertura.CadastroMotivosReaberturaVisualizar" name="visualizar" time="90.127"/>
</testsuite> <!-- com.timp.test.MDR.DeterminacaoRelevanciaTarefaMotivoReabertura.CadastroMotivosReabertura.CadastroMotivosReaberturaVisualizar -->
