<?xml version="1.0" encoding="UTF-8"?>
<!-- Generated by org.testng.reporters.JUnitReportReporter -->
<testsuite skipped="0" hostname="LitoSoler" name="com.timp.test.MDR.Antecipacao.AntecipacaoFiltros" tests="1" failures="0" timestamp="17 feb 2021 15:02:47 GMT" time="57.179" errors="0">
  <testcase name="filtros" time="57.179" classname="com.timp.test.MDR.Antecipacao.AntecipacaoFiltros"/>
</testsuite> <!-- com.timp.test.MDR.Antecipacao.AntecipacaoFiltros -->
