<?xml version="1.0" encoding="UTF-8"?>
<!-- Generated by org.testng.reporters.JUnitReportReporter -->
<testsuite hostname="Agile" failures="0" tests="1" name="com.timp.test.MDR.TabelasApoioSped.CodigoContribuiçaoSocialApurada.CodigoContribuiçaoSocialApuradaExcluir" time="100.347" errors="0" timestamp="16 feb. 2022 10:43:43 GMT" skipped="0">
  <testcase classname="com.timp.test.MDR.TabelasApoioSped.CodigoContribuiçaoSocialApurada.CodigoContribuiçaoSocialApuradaExcluir" name="excluir" time="100.347"/>
</testsuite> <!-- com.timp.test.MDR.TabelasApoioSped.CodigoContribuiçaoSocialApurada.CodigoContribuiçaoSocialApuradaExcluir -->
