<?xml version="1.0" encoding="UTF-8"?>
<!-- Generated by org.testng.reporters.JUnitReportReporter -->
<<<<<<< HEAD
<testsuite hostname="MIGUEL" failures="0" tests="1" name="com.timp.test.MDR.ValorAdicionado.Confrontacao.ConfratacaoCriar" time="114.037" errors="0" timestamp="08 abr. 2021 22:32:38 GMT" skipped="0">
  <testcase classname="com.timp.test.MDR.ValorAdicionado.Confrontacao.ConfratacaoCriar" name="criar" time="114.037"/>
=======
<testsuite hostname="MIGUEL" failures="0" tests="1" name="com.timp.test.MDR.ValorAdicionado.Confrontacao.ConfratacaoCriar" time="85.317" errors="0" timestamp="09 abr. 2021 01:32:08 GMT" skipped="0">
  <testcase classname="com.timp.test.MDR.ValorAdicionado.Confrontacao.ConfratacaoCriar" name="criar" time="85.317"/>
>>>>>>> branch 'Fernando' of https://github.com/salc1997/TIMP_R1.git
</testsuite> <!-- com.timp.test.MDR.ValorAdicionado.Confrontacao.ConfratacaoCriar -->
