<?xml version="1.0" encoding="UTF-8"?>
<!-- Generated by org.testng.reporters.JUnitReportReporter -->
<testsuite skipped="0" hostname="LitoSoler" name="com.timp.test.MDR.CEP.Bairro.BairroDetalhes" tests="1" failures="0" timestamp="16 mar 2021 03:10:11 GMT" time="81.991" errors="0">
  <testcase name="visualizar" time="81.991" classname="com.timp.test.MDR.CEP.Bairro.BairroDetalhes"/>
</testsuite> <!-- com.timp.test.MDR.CEP.Bairro.BairroDetalhes -->
