<?xml version="1.0" encoding="UTF-8"?>
<<<<<<< HEAD
<!-- Generated by org.testng.reporters.JUnitReportReporter -->
<testsuite hostname="DESKTOP-C57COV6" failures="0" tests="1" name="com.timp.test.TCC.BancoDeOcorrencias.ConfiguracaoEExecucao.ConfiguracaoEExecucaoCriar" time="637.282" errors="0" timestamp="23 ago. 2021 17:09:58 GMT" skipped="0">
  <testcase classname="com.timp.test.TCC.BancoDeOcorrencias.ConfiguracaoEExecucao.ConfiguracaoEExecucaoCriar" name="criar" time="637.282"/>
=======
<!-- Generated by org.testng.reporters.JUnitReportReporter -->
<testsuite hostname="DESKTOP-C57COV6" failures="0" tests="1" name="com.timp.test.TCC.BancoDeOcorrencias.ConfiguracaoEExecucao.ConfiguracaoEExecucaoCriar" time="647.489" errors="0" timestamp="17 ago. 2021 20:40:33 GMT" skipped="0">
  <testcase classname="com.timp.test.TCC.BancoDeOcorrencias.ConfiguracaoEExecucao.ConfiguracaoEExecucaoCriar" name="criar" time="647.489"/>
>>>>>>> branch 'Yessy' of https://github.com/salc1997/TIMP_R1.git
</testsuite> <!-- com.timp.test.TCC.BancoDeOcorrencias.ConfiguracaoEExecucao.ConfiguracaoEExecucaoCriar -->
