<?xml version="1.0" encoding="UTF-8"?>
<!-- Generated by org.testng.reporters.JUnitReportReporter -->
<<<<<<< HEAD
<testsuite hostname="DESKTOP-C57COV6" failures="0" tests="1" name="com.timp.test.MDR.SequenciaAcesso.SequenciaCriar" time="275.849" errors="0" timestamp="23 sep. 2021 08:12:11 GMT" skipped="0">
  <testcase classname="com.timp.test.MDR.SequenciaAcesso.SequenciaCriar" name="criar" time="275.849"/>
=======
<testsuite hostname="MassielV" failures="0" tests="1" name="com.timp.test.MDR.SequenciaAcesso.SequenciaCriar" time="281.317" errors="0" timestamp="30 sep. 2021 14:34:47 GMT" skipped="0">
  <testcase classname="com.timp.test.MDR.SequenciaAcesso.SequenciaCriar" name="criar" time="281.317"/>
>>>>>>> branch 'Yessy' of https://github.com/salc1997/TIMP_R1.git
</testsuite> <!-- com.timp.test.MDR.SequenciaAcesso.SequenciaCriar -->
