<?xml version="1.0" encoding="UTF-8"?>
<!-- Generated by org.testng.reporters.JUnitReportReporter -->
<testsuite hostname="MIGUEL" failures="0" tests="3" name="com.timp.test.TDK.Kpis.KpisCriarCopia" time="226.596" errors="0" timestamp="19 mar. 2021 18:52:56 GMT" skipped="0">
  <testcase classname="com.timp.test.TDK.Kpis.KpisCriarCopia" name="login" time="7.865"/>
  <testcase classname="com.timp.test.TDK.Kpis.KpisCriarCopia" name="acessarTDK" time="21.123"/>
  <testcase classname="com.timp.test.TDK.Kpis.KpisCriarCopia" name="criarCopia" time="197.608"/>
</testsuite> <!-- com.timp.test.TDK.Kpis.KpisCriarCopia -->
