<?xml version="1.0" encoding="UTF-8"?>
<!-- Generated by org.testng.reporters.JUnitReportReporter -->
<<<<<<< HEAD
<testsuite hostname="DESKTOP-C57COV6" failures="0" tests="1" name="com.timp.test.MDR.CodigoReceita.CodigoReceitaExcluir" time="193.939" errors="0" timestamp="18 nov. 2021 01:05:50 GMT" skipped="0">
  <testcase classname="com.timp.test.MDR.CodigoReceita.CodigoReceitaExcluir" name="excluir" time="193.939"/>
=======
<testsuite hostname="MassielV" failures="0" tests="1" name="com.timp.test.MDR.CodigoReceita.CodigoReceitaExcluir" time="135.124" errors="0" timestamp="17 nov. 2021 09:08:58 GMT" skipped="0">
  <testcase classname="com.timp.test.MDR.CodigoReceita.CodigoReceitaExcluir" name="excluir" time="135.124"/>
>>>>>>> branch 'Yessy' of https://github.com/salc1997/TIMP_R1.git
</testsuite> <!-- com.timp.test.MDR.CodigoReceita.CodigoReceitaExcluir -->
