<?xml version="1.0" encoding="UTF-8"?>
<!-- Generated by org.testng.reporters.JUnitReportReporter -->
<testsuite hostname="MIGUEL" failures="0" tests="1" name="com.timp.test.BRE.CalculoDeTributos.ParametroGerais.CalculoDeTributosLixeiraEmMassaMaisExcluirEmMassa" time="286.162" errors="0" timestamp="26 mar. 2021 21:38:03 GMT" skipped="0">
  <testcase classname="com.timp.test.BRE.CalculoDeTributos.ParametroGerais.CalculoDeTributosLixeiraEmMassaMaisExcluirEmMassa" name="criar" time="286.162"/>
</testsuite> <!-- com.timp.test.BRE.CalculoDeTributos.ParametroGerais.CalculoDeTributosLixeiraEmMassaMaisExcluirEmMassa -->
