<?xml version="1.0" encoding="UTF-8"?>
<!-- Generated by org.testng.reporters.JUnitReportReporter -->
<testsuite hostname="LitoSoler" name="com.timp.test.MDR.SCANC.MovimentoSCANC.MovimentoSCANCEditar" tests="3" failures="0" timestamp="14 Nov 2020 19:01:20 GMT" time="81.590" errors="0">
  <testcase name="acessarMDR" time="22.323" classname="com.timp.test.MDR.SCANC.MovimentoSCANC.MovimentoSCANCEditar"/>
  <testcase name="editar" time="52.661" classname="com.timp.test.MDR.SCANC.MovimentoSCANC.MovimentoSCANCEditar"/>
  <testcase name="login" time="6.606" classname="com.timp.test.MDR.SCANC.MovimentoSCANC.MovimentoSCANCEditar"/>
</testsuite> <!-- com.timp.test.MDR.SCANC.MovimentoSCANC.MovimentoSCANCEditar -->
