<?xml version="1.0" encoding="UTF-8"?>
<!-- Generated by org.testng.reporters.JUnitReportReporter -->
<testsuite skipped="0" hostname="LitoSoler" name="com.timp.test.MDR.CodigoReceita.CodigoReceitaFiltrosAvan" tests="1" failures="0" timestamp="09 mar 2021 00:34:16 GMT" time="84.307" errors="0">
  <testcase name="filtrosAvanzados" time="84.307" classname="com.timp.test.MDR.CodigoReceita.CodigoReceitaFiltrosAvan"/>
</testsuite> <!-- com.timp.test.MDR.CodigoReceita.CodigoReceitaFiltrosAvan -->
