<?xml version="1.0" encoding="UTF-8"?>
<!-- Generated by org.testng.reporters.JUnitReportReporter -->
<testsuite hostname="DESKTOP-C57COV6" failures="0" tests="1" name="com.timp.test.TFP.Periodos.Periodos.PeriodosAlterarStatusSubPeriodoAvulso" time="124.744" errors="0" timestamp="22 abr. 2021 22:32:25 GMT" skipped="0">
  <testcase classname="com.timp.test.TFP.Periodos.Periodos.PeriodosAlterarStatusSubPeriodoAvulso" name="alterarStatusSubPeriodo" time="124.744"/>
</testsuite> <!-- com.timp.test.TFP.Periodos.Periodos.PeriodosAlterarStatusSubPeriodoAvulso -->
