<?xml version="1.0" encoding="UTF-8"?>
<!-- Generated by org.testng.reporters.JUnitReportReporter -->
<testsuite skipped="0" hostname="LitoSoler" name="com.timp.test.MDR.CodigoReceita.CodigoReceitaDetalhes" tests="1" failures="0" timestamp="09 mar 2021 00:34:16 GMT" time="72.403" errors="0">
  <testcase name="detalhes" time="72.403" classname="com.timp.test.MDR.CodigoReceita.CodigoReceitaDetalhes"/>
</testsuite> <!-- com.timp.test.MDR.CodigoReceita.CodigoReceitaDetalhes -->
