<?xml version="1.0" encoding="UTF-8"?>
<!-- Generated by org.testng.reporters.JUnitReportReporter -->
<testsuite hostname="DESKTOP-BNBDMGT" failures="0" tests="3" name="com.timp.test.TBD.ConsultaDeDocumentos.ConsultaDeDocumentosDetalhes" time="59.511" errors="0" timestamp="9 Feb 2021 23:12:08 GMT">
  <testcase classname="com.timp.test.TBD.ConsultaDeDocumentos.ConsultaDeDocumentosDetalhes" name="detalle" time="15.770"/>
  <testcase classname="com.timp.test.TBD.ConsultaDeDocumentos.ConsultaDeDocumentosDetalhes" name="TBDEntrar" time="31.357"/>
  <testcase classname="com.timp.test.TBD.ConsultaDeDocumentos.ConsultaDeDocumentosDetalhes" name="login" time="12.384"/>
</testsuite> <!-- com.timp.test.TBD.ConsultaDeDocumentos.ConsultaDeDocumentosDetalhes -->
