<?xml version="1.0" encoding="UTF-8"?>
<!-- Generated by org.testng.reporters.JUnitReportReporter -->
<testsuite hostname="Agile" failures="0" tests="1" name="com.timp.test.MDR.PrecoDeTransferencia.ValoresParaMetodo.ValoresParaMetodoCAP.ValoresParaMetodoCAPExcluir" time="144.187" errors="0" timestamp="04 mar. 2022 23:38:46 GMT" skipped="0">
  <testcase classname="com.timp.test.MDR.PrecoDeTransferencia.ValoresParaMetodo.ValoresParaMetodoCAP.ValoresParaMetodoCAPExcluir" name="excluir" time="144.187"/>
</testsuite> <!-- com.timp.test.MDR.PrecoDeTransferencia.ValoresParaMetodo.ValoresParaMetodoCAP.ValoresParaMetodoCAPExcluir -->
