<?xml version="1.0" encoding="UTF-8"?>
<!-- Generated by org.testng.reporters.JUnitReportReporter -->
<testsuite hostname="LitoSoler" name="com.timp.test.BRB.PublicoYPrivado" tests="3" failures="0" timestamp="2 Dec 2020 20:36:00 GMT" time="212.228" errors="0">
  <testcase name="publicoYPRivado" time="157.458" classname="com.timp.test.BRB.PublicoYPrivado"/>
  <testcase name="brbEntrar" time="41.034" classname="com.timp.test.BRB.PublicoYPrivado"/>
  <testcase name="login" time="13.736" classname="com.timp.test.BRB.PublicoYPrivado"/>
</testsuite> <!-- com.timp.test.BRB.PublicoYPrivado -->
