<?xml version="1.0" encoding="UTF-8"?>
<!-- Generated by org.testng.reporters.JUnitReportReporter -->
<testsuite hostname="MassielV" failures="0" tests="1" name="com.timp.test.BRB.ExcluirColuna" time="169.226" errors="0" timestamp="05 nov. 2021 16:52:54 GMT" skipped="0">
  <testcase classname="com.timp.test.BRB.ExcluirColuna" name="excluirColunaDragNDrop" time="169.226"/>
</testsuite> <!-- com.timp.test.BRB.ExcluirColuna -->
