<?xml version="1.0" encoding="UTF-8"?>
<!-- Generated by org.testng.reporters.JUnitReportReporter -->
<testsuite hostname="LAPTOP-IN7IV9K5" failures="0" tests="1" name="com.timp.test.MDR.PrecoDeTransferencia.ValoresParaMetodosDeImportacao.ValoresParaMetodoPRL.ValoresParaMetodoPRLFiltroID" time="52.447" errors="0" timestamp="17 abr. 2021 14:52:02 GMT" skipped="0">
  <testcase classname="com.timp.test.MDR.PrecoDeTransferencia.ValoresParaMetodosDeImportacao.ValoresParaMetodoPRL.ValoresParaMetodoPRLFiltroID" name="filtro" time="52.447"/>
</testsuite> <!-- com.timp.test.MDR.PrecoDeTransferencia.ValoresParaMetodosDeImportacao.ValoresParaMetodoPRL.ValoresParaMetodoPRLFiltroID -->
