<?xml version="1.0" encoding="UTF-8"?>
<!-- Generated by org.testng.reporters.JUnitReportReporter -->
<testsuite hostname="DESKTOP-5P4F1JE" failures="0" tests="3" name="com.timp.test.MDR.ValorAdicionado.Municipio.MunicipioCriar" time="78.238" errors="0" timestamp="19 Jan 2021 18:03:36 GMT">
  <testcase classname="com.timp.test.MDR.ValorAdicionado.Municipio.MunicipioCriar" name="login" time="8.611"/>
  <testcase classname="com.timp.test.MDR.ValorAdicionado.Municipio.MunicipioCriar" name="acessarMDR" time="24.962"/>
  <testcase classname="com.timp.test.MDR.ValorAdicionado.Municipio.MunicipioCriar" name="criar" time="44.665"/>
</testsuite> <!-- com.timp.test.MDR.ValorAdicionado.Municipio.MunicipioCriar -->
