<?xml version="1.0" encoding="UTF-8"?>
<!-- Generated by org.testng.reporters.JUnitReportReporter -->
<testsuite hostname="DESKTOP-C57COV6" failures="0" tests="1" name="com.timp.test.MDR.Filiais.FiliaisVisualizar" time="90.502" errors="0" timestamp="17 nov. 2021 18:12:04 GMT" skipped="0">
  <testcase classname="com.timp.test.MDR.Filiais.FiliaisVisualizar" name="visualizar" time="90.502"/>
</testsuite> <!-- com.timp.test.MDR.Filiais.FiliaisVisualizar -->
