<?xml version="1.0" encoding="UTF-8"?>
<!-- Generated by org.testng.reporters.JUnitReportReporter -->
<testsuite hostname="EC2AMAZ-8HCHO4G" failures="0" tests="3" name="com.timp.test.BRB.Formula" time="148.956" errors="0" timestamp="2023-02-15T16:57:03 UTC" skipped="0">
  <testcase classname="com.timp.test.BRB.Formula" name="formulaColuna" time="60.566"/>
  <system-out/>
  <testcase classname="com.timp.test.BRB.Formula" name="aplicar" time="3.026"/>
  <system-out/>
  <testcase classname="com.timp.test.BRB.Formula" name="formulaBoton" time="85.364"/>
  <system-out/>
</testsuite> <!-- com.timp.test.BRB.Formula -->
