<?xml version="1.0" encoding="UTF-8"?>
<!-- Generated by org.testng.reporters.JUnitReportReporter -->
<testsuite hostname="DESKTOP-M23FVFN" failures="0" tests="3" name="com.timp.test.BRB.FiltrosRelatorio" time="389.262" errors="0" timestamp="09 feb. 2022 15:20:22 GMT" skipped="0">
  <testcase classname="com.timp.test.BRB.FiltrosRelatorio" name="AfiltrosEditor" time="217.871"/>
  <testcase classname="com.timp.test.BRB.FiltrosRelatorio" name="BfiltrosBiblioteca" time="137.948"/>
  <testcase classname="com.timp.test.BRB.FiltrosRelatorio" name="CasignarValores" time="33.443"/>
</testsuite> <!-- com.timp.test.BRB.FiltrosRelatorio -->
