<?xml version="1.0" encoding="UTF-8"?>
<!-- Generated by org.testng.reporters.JUnitReportReporter -->
<testsuite hostname="MassielV" failures="0" tests="2" name="com.timp.test.MDR.TabelasApoioESocial.Tabela27.CodigosDeLotacaoExcluirEmMasa" time="309.220" errors="0" timestamp="15 oct. 2021 12:09:09 GMT" skipped="0">
  <testcase classname="com.timp.test.MDR.TabelasApoioESocial.Tabela27.CodigosDeLotacaoExcluirEmMasa" name="excluir" time="35.066"/>
  <testcase classname="com.timp.test.MDR.TabelasApoioESocial.Tabela27.CodigosDeLotacaoExcluirEmMasa" name="criar" time="274.154"/>
</testsuite> <!-- com.timp.test.MDR.TabelasApoioESocial.Tabela27.CodigosDeLotacaoExcluirEmMasa -->
