<?xml version="1.0" encoding="UTF-8"?>
<!-- Generated by org.testng.reporters.JUnitReportReporter -->
<testsuite hostname="DESKTOP-JP1A9E6" failures="0" tests="1" name="com.timp.test.MDR.TabelasComplementaresParaObrigaçoesAcessorias.TabelaMunicipiosIBGE.TabelaMunicipioIBGEVisualizar" time="92.843" errors="0" timestamp="29 may. 2021 08:25:26 GMT" skipped="0">
  <testcase classname="com.timp.test.MDR.TabelasComplementaresParaObrigaçoesAcessorias.TabelaMunicipiosIBGE.TabelaMunicipioIBGEVisualizar" name="visualizar" time="92.843"/>
</testsuite> <!-- com.timp.test.MDR.TabelasComplementaresParaObrigaçoesAcessorias.TabelaMunicipiosIBGE.TabelaMunicipioIBGEVisualizar -->
