<?xml version="1.0" encoding="UTF-8"?>
<!-- Generated by org.testng.reporters.JUnitReportReporter -->
<testsuite hostname="DESKTOP-JP1A9E6" failures="0" tests="1" name="com.timp.test.TDK.Kpis.KpisCriar" time="147.343" errors="0" timestamp="14 jun. 2021 01:52:46 GMT" skipped="0">
  <testcase classname="com.timp.test.TDK.Kpis.KpisCriar" name="criar" time="147.343"/>
</testsuite> <!-- com.timp.test.TDK.Kpis.KpisCriar -->
