<?xml version="1.0" encoding="UTF-8"?>
<!-- Generated by org.testng.reporters.JUnitReportReporter -->
<testsuite hostname="DESKTOP-5P4F1JE" failures="0" tests="3" name="com.timp.test.TCC.GestaoDeCreditoTributarioPISCONFINS.ApuracaoDeCreditoTributarioCOFINS.ConfiguracaoEExecucao.RegistroM505.RegitroM505Editar" time="88.486" errors="0" timestamp="8 Feb 2021 14:04:36 GMT">
  <testcase classname="com.timp.test.TCC.GestaoDeCreditoTributarioPISCONFINS.ApuracaoDeCreditoTributarioCOFINS.ConfiguracaoEExecucao.RegistroM505.RegitroM505Editar" name="login" time="9.452"/>
  <testcase classname="com.timp.test.TCC.GestaoDeCreditoTributarioPISCONFINS.ApuracaoDeCreditoTributarioCOFINS.ConfiguracaoEExecucao.RegistroM505.RegitroM505Editar" name="Editar" time="57.092"/>
  <testcase classname="com.timp.test.TCC.GestaoDeCreditoTributarioPISCONFINS.ApuracaoDeCreditoTributarioCOFINS.ConfiguracaoEExecucao.RegistroM505.RegitroM505Editar" name="acessarTCC" time="21.942"/>
</testsuite> <!-- com.timp.test.TCC.GestaoDeCreditoTributarioPISCONFINS.ApuracaoDeCreditoTributarioCOFINS.ConfiguracaoEExecucao.RegistroM505.RegitroM505Editar -->
