<?xml version="1.0" encoding="UTF-8"?>
<!-- Generated by org.testng.reporters.JUnitReportReporter -->
<testsuite hostname="DESKTOP-BNBDMGT" failures="0" tests="3" name="com.timp.test.BRE.CalculoDeTributos.ParametroGerais.CalculoDeTributoLixeiraMaisExcluirDefinitivamente" time="84.963" errors="0" timestamp="6 Jan 2021 09:07:48 GMT">
  <testcase classname="com.timp.test.BRE.CalculoDeTributos.ParametroGerais.CalculoDeTributoLixeiraMaisExcluirDefinitivamente" name="criar" time="61.230"/>
  <testcase classname="com.timp.test.BRE.CalculoDeTributos.ParametroGerais.CalculoDeTributoLixeiraMaisExcluirDefinitivamente" name="login" time="7.422"/>
  <testcase classname="com.timp.test.BRE.CalculoDeTributos.ParametroGerais.CalculoDeTributoLixeiraMaisExcluirDefinitivamente" name="acessarBRE" time="16.311"/>
</testsuite> <!-- com.timp.test.BRE.CalculoDeTributos.ParametroGerais.CalculoDeTributoLixeiraMaisExcluirDefinitivamente -->
