<?xml version="1.0" encoding="UTF-8"?>
<!-- Generated by org.testng.reporters.JUnitReportReporter -->
<testsuite hostname="LitoSoler" name="com.timp.test.MDR.Centralizacao.FatorCreditamento.FatorCreditamentoEditar" tests="3" failures="0" timestamp="7 Dec 2020 19:47:20 GMT" time="87.501" errors="0">
  <testcase name="acessarMDR" time="25.651" classname="com.timp.test.MDR.Centralizacao.FatorCreditamento.FatorCreditamentoEditar"/>
  <testcase name="criar" time="54.836" classname="com.timp.test.MDR.Centralizacao.FatorCreditamento.FatorCreditamentoEditar"/>
  <testcase name="login" time="7.014" classname="com.timp.test.MDR.Centralizacao.FatorCreditamento.FatorCreditamentoEditar"/>
</testsuite> <!-- com.timp.test.MDR.Centralizacao.FatorCreditamento.FatorCreditamentoEditar -->
