<?xml version="1.0" encoding="UTF-8"?>
<!-- Generated by org.testng.reporters.JUnitReportReporter -->
<testsuite hostname="DESKTOP-BNBDMGT" failures="0" tests="3" name="com.timp.test.MDR.ParametrosContabilizacao.ContasDefaultParaExtemporaneo.ContasDefaultParaExtemporaneoExcluir" time="52.521" errors="0" timestamp="25 Dec 2020 08:07:58 GMT">
  <testcase classname="com.timp.test.MDR.ParametrosContabilizacao.ContasDefaultParaExtemporaneo.ContasDefaultParaExtemporaneoExcluir" name="login" time="6.762"/>
  <testcase classname="com.timp.test.MDR.ParametrosContabilizacao.ContasDefaultParaExtemporaneo.ContasDefaultParaExtemporaneoExcluir" name="excluir" time="19.788"/>
  <testcase classname="com.timp.test.MDR.ParametrosContabilizacao.ContasDefaultParaExtemporaneo.ContasDefaultParaExtemporaneoExcluir" name="acessarMDR" time="25.971"/>
</testsuite> <!-- com.timp.test.MDR.ParametrosContabilizacao.ContasDefaultParaExtemporaneo.ContasDefaultParaExtemporaneoExcluir -->
