<?xml version="1.0" encoding="UTF-8"?>
<!-- Generated by org.testng.reporters.JUnitReportReporter -->
<testsuite hostname="MIGUEL" failures="0" tests="3" name="com.timp.test.MDR.Centralizacao.Tributos.TributosFiltrar" time="43.436" errors="0" timestamp="22 Oct 2020 14:36:35 GMT">
  <testcase classname="com.timp.test.MDR.Centralizacao.Tributos.TributosFiltrar" name="ingresar" time="7.861"/>
  <testcase classname="com.timp.test.MDR.Centralizacao.Tributos.TributosFiltrar" name="filtrar" time="25.458"/>
  <testcase classname="com.timp.test.MDR.Centralizacao.Tributos.TributosFiltrar" name="ingresarMDR" time="10.117"/>
</testsuite> <!-- com.timp.test.MDR.Centralizacao.Tributos.TributosFiltrar -->
