<?xml version="1.0" encoding="UTF-8"?>
<!-- Generated by org.testng.reporters.JUnitReportReporter -->
<testsuite hostname="DESKTOP-JP1A9E6" failures="0" tests="1" name="com.timp.test.TCC.GestaoDeCreditoTributarioPISCONFINS.GestaoDeCreditoTributarioPIS.ConfiguracaoEExecucao.Registro1102.Registro1102Excluir" time="109.453" errors="0" timestamp="26 ago. 2021 19:27:56 GMT" skipped="0">
  <testcase classname="com.timp.test.TCC.GestaoDeCreditoTributarioPISCONFINS.GestaoDeCreditoTributarioPIS.ConfiguracaoEExecucao.Registro1102.Registro1102Excluir" name="Excluir" time="109.453"/>
</testsuite> <!-- com.timp.test.TCC.GestaoDeCreditoTributarioPISCONFINS.GestaoDeCreditoTributarioPIS.ConfiguracaoEExecucao.Registro1102.Registro1102Excluir -->
