<?xml version="1.0" encoding="UTF-8"?>
<!-- Generated by org.testng.reporters.JUnitReportReporter -->
<testsuite hostname="DESKTOP-C57COV6" failures="0" tests="1" name="com.timp.test.TFP.Periodos.Periodos.PeriodosAlterarSubPeriodoEmMassa" time="288.654" errors="0" timestamp="22 abr. 2021 22:39:21 GMT" skipped="0">
  <testcase classname="com.timp.test.TFP.Periodos.Periodos.PeriodosAlterarSubPeriodoEmMassa" name="alterarPeriodoEmMassa" time="288.654"/>
</testsuite> <!-- com.timp.test.TFP.Periodos.Periodos.PeriodosAlterarSubPeriodoEmMassa -->
