<?xml version="1.0" encoding="UTF-8"?>
<!-- Generated by org.testng.reporters.JUnitReportReporter -->
<testsuite hostname="DESKTOP-M23FVFN" failures="0" tests="1" name="com.timp.test.BRB.AdicionarColunas" time="153.297" errors="0" timestamp="2023-01-11T12:01:20 BRT" skipped="0">
  <testcase classname="com.timp.test.BRB.AdicionarColunas" name="adicionarColunas" time="153.297"/>
  <system-out/>
</testsuite> <!-- com.timp.test.BRB.AdicionarColunas -->
