<?xml version="1.0" encoding="UTF-8"?>
<!-- Generated by org.testng.reporters.JUnitReportReporter -->
<testsuite skipped="0" hostname="LitoSoler" name="com.timp.test.MDR.CodigoContabilizacao.CodigoContabilizacaoExcluir" tests="1" failures="0" timestamp="24 feb 2021 17:37:36 GMT" time="83.071" errors="0">
  <testcase name="excluir" time="83.071" classname="com.timp.test.MDR.CodigoContabilizacao.CodigoContabilizacaoExcluir"/>
</testsuite> <!-- com.timp.test.MDR.CodigoContabilizacao.CodigoContabilizacaoExcluir -->
