<?xml version="1.0" encoding="UTF-8"?>
<!-- Generated by org.testng.reporters.JUnitReportReporter -->
<<<<<<< HEAD
<testsuite hostname="DESKTOP-C57COV6" failures="2" tests="8" name="com.timp.test.DFG.Leiautes.ParametrosGeraisFiltroAvancados" time="284.269" errors="0" timestamp="16 sep. 2021 06:30:26 GMT" skipped="0">
  <testcase classname="com.timp.test.DFG.Leiautes.ParametrosGeraisFiltroAvancados" name="filtroNombre" time="69.792">
=======
<testsuite hostname="DESKTOP-JP1A9E6" failures="2" tests="8" name="com.timp.test.DFG.Leiautes.ParametrosGeraisFiltroAvancados" time="273.399" errors="0" timestamp="20 sep. 2021 05:39:51 GMT" skipped="0">
  <testcase classname="com.timp.test.DFG.Leiautes.ParametrosGeraisFiltroAvancados" name="filtroNombre" time="62.697">
>>>>>>> branch 'Yessy' of https://github.com/salc1997/TIMP_R1.git
    <failure message="Os resultados não são acorde aos filtros expected [true] but found [false]" type="java.lang.AssertionError">
      <![CDATA[java.lang.AssertionError: Os resultados não são acorde aos filtros expected [true] but found [false]
at org.testng.Assert.fail(Assert.java:96)
at org.testng.Assert.failNotEquals(Assert.java:776)
at org.testng.Assert.assertTrue(Assert.java:44)
at com.timp.test.DFG.Leiautes.ParametrosGeraisFiltroAvancados.filtroNombre(ParametrosGeraisFiltroAvancados.java:50)
at java.base/jdk.internal.reflect.NativeMethodAccessorImpl.invoke0(Native Method)
at java.base/jdk.internal.reflect.NativeMethodAccessorImpl.invoke(NativeMethodAccessorImpl.java:64)
at java.base/jdk.internal.reflect.DelegatingMethodAccessorImpl.invoke(DelegatingMethodAccessorImpl.java:43)
at java.base/java.lang.reflect.Method.invoke(Method.java:564)
at org.testng.internal.MethodInvocationHelper.invokeMethod(MethodInvocationHelper.java:124)
at org.testng.internal.Invoker.invokeMethod(Invoker.java:583)
at org.testng.internal.Invoker.invokeTestMethod(Invoker.java:719)
at org.testng.internal.Invoker.invokeTestMethods(Invoker.java:989)
at org.testng.internal.TestMethodWorker.invokeTestMethods(TestMethodWorker.java:125)
at org.testng.internal.TestMethodWorker.run(TestMethodWorker.java:109)
at org.testng.TestRunner.privateRun(TestRunner.java:648)
at org.testng.TestRunner.run(TestRunner.java:505)
at org.testng.SuiteRunner.runTest(SuiteRunner.java:455)
at org.testng.SuiteRunner.runSequentially(SuiteRunner.java:450)
at org.testng.SuiteRunner.privateRun(SuiteRunner.java:415)
at org.testng.SuiteRunner.run(SuiteRunner.java:364)
at org.testng.SuiteRunnerWorker.runSuite(SuiteRunnerWorker.java:52)
at org.testng.SuiteRunnerWorker.run(SuiteRunnerWorker.java:84)
at org.testng.TestNG.runSuitesSequentially(TestNG.java:1208)
at org.testng.TestNG.runSuitesLocally(TestNG.java:1137)
at org.testng.TestNG.runSuites(TestNG.java:1049)
at org.testng.TestNG.run(TestNG.java:1017)
at org.testng.remote.AbstractRemoteTestNG.run(AbstractRemoteTestNG.java:115)
at org.testng.remote.RemoteTestNG.initAndRun(RemoteTestNG.java:251)
at org.testng.remote.RemoteTestNG.main(RemoteTestNG.java:77)
]]>
    </failure>
  </testcase> <!-- filtroNombre -->
<<<<<<< HEAD
  <testcase classname="com.timp.test.DFG.Leiautes.ParametrosGeraisFiltroAvancados" name="filtrosId" time="29.052"/>
  <testcase classname="com.timp.test.DFG.Leiautes.ParametrosGeraisFiltroAvancados" name="filtrosVersao" time="29.684"/>
  <testcase classname="com.timp.test.DFG.Leiautes.ParametrosGeraisFiltroAvancados" name="filtrosFiltroTipo" time="30.211">
=======
  <testcase classname="com.timp.test.DFG.Leiautes.ParametrosGeraisFiltroAvancados" name="filtrosId" time="27.832"/>
  <testcase classname="com.timp.test.DFG.Leiautes.ParametrosGeraisFiltroAvancados" name="filtrosVersao" time="29.203"/>
  <testcase classname="com.timp.test.DFG.Leiautes.ParametrosGeraisFiltroAvancados" name="filtrosFiltroTipo" time="30.299">
>>>>>>> branch 'Yessy' of https://github.com/salc1997/TIMP_R1.git
    <failure message="Os resultados não são acorde aos filtros expected [true] but found [false]" type="java.lang.AssertionError">
      <![CDATA[java.lang.AssertionError: Os resultados não são acorde aos filtros expected [true] but found [false]
at org.testng.Assert.fail(Assert.java:96)
at org.testng.Assert.failNotEquals(Assert.java:776)
at org.testng.Assert.assertTrue(Assert.java:44)
at com.timp.test.DFG.Leiautes.ParametrosGeraisFiltroAvancados.filtrosFiltroTipo(ParametrosGeraisFiltroAvancados.java:90)
at java.base/jdk.internal.reflect.NativeMethodAccessorImpl.invoke0(Native Method)
at java.base/jdk.internal.reflect.NativeMethodAccessorImpl.invoke(NativeMethodAccessorImpl.java:64)
at java.base/jdk.internal.reflect.DelegatingMethodAccessorImpl.invoke(DelegatingMethodAccessorImpl.java:43)
at java.base/java.lang.reflect.Method.invoke(Method.java:564)
at org.testng.internal.MethodInvocationHelper.invokeMethod(MethodInvocationHelper.java:124)
at org.testng.internal.Invoker.invokeMethod(Invoker.java:583)
at org.testng.internal.Invoker.invokeTestMethod(Invoker.java:719)
at org.testng.internal.Invoker.invokeTestMethods(Invoker.java:989)
at org.testng.internal.TestMethodWorker.invokeTestMethods(TestMethodWorker.java:125)
at org.testng.internal.TestMethodWorker.run(TestMethodWorker.java:109)
at org.testng.TestRunner.privateRun(TestRunner.java:648)
at org.testng.TestRunner.run(TestRunner.java:505)
at org.testng.SuiteRunner.runTest(SuiteRunner.java:455)
at org.testng.SuiteRunner.runSequentially(SuiteRunner.java:450)
at org.testng.SuiteRunner.privateRun(SuiteRunner.java:415)
at org.testng.SuiteRunner.run(SuiteRunner.java:364)
at org.testng.SuiteRunnerWorker.runSuite(SuiteRunnerWorker.java:52)
at org.testng.SuiteRunnerWorker.run(SuiteRunnerWorker.java:84)
at org.testng.TestNG.runSuitesSequentially(TestNG.java:1208)
at org.testng.TestNG.runSuitesLocally(TestNG.java:1137)
at org.testng.TestNG.runSuites(TestNG.java:1049)
at org.testng.TestNG.run(TestNG.java:1017)
at org.testng.remote.AbstractRemoteTestNG.run(AbstractRemoteTestNG.java:115)
at org.testng.remote.RemoteTestNG.initAndRun(RemoteTestNG.java:251)
at org.testng.remote.RemoteTestNG.main(RemoteTestNG.java:77)
]]>
    </failure>
  </testcase> <!-- filtrosFiltroTipo -->
<<<<<<< HEAD
  <testcase classname="com.timp.test.DFG.Leiautes.ParametrosGeraisFiltroAvancados" name="filtrosUsuarioCriado" time="29.076"/>
  <testcase classname="com.timp.test.DFG.Leiautes.ParametrosGeraisFiltroAvancados" name="filtrosUsuarioModificado" time="29.853"/>
  <testcase classname="com.timp.test.DFG.Leiautes.ParametrosGeraisFiltroAvancados" name="filtrosFechaUsuarioModificado" time="33.418"/>
  <testcase classname="com.timp.test.DFG.Leiautes.ParametrosGeraisFiltroAvancados" name="filtrosFechaUsuarioCriado" time="33.183"/>
=======
  <testcase classname="com.timp.test.DFG.Leiautes.ParametrosGeraisFiltroAvancados" name="filtrosUsuarioCriado" time="28.028"/>
  <testcase classname="com.timp.test.DFG.Leiautes.ParametrosGeraisFiltroAvancados" name="filtrosUsuarioModificado" time="30.763"/>
  <testcase classname="com.timp.test.DFG.Leiautes.ParametrosGeraisFiltroAvancados" name="filtrosFechaUsuarioModificado" time="31.495"/>
  <testcase classname="com.timp.test.DFG.Leiautes.ParametrosGeraisFiltroAvancados" name="filtrosFechaUsuarioCriado" time="33.082"/>
>>>>>>> branch 'Yessy' of https://github.com/salc1997/TIMP_R1.git
</testsuite> <!-- com.timp.test.DFG.Leiautes.ParametrosGeraisFiltroAvancados -->
