<?xml version="1.0" encoding="UTF-8"?>
<!-- Generated by org.testng.reporters.JUnitReportReporter -->
<testsuite hostname="MIGUEL" failures="0" tests="3" name="com.timp.test.MDR.EventosESocial.S1210PagamentosDeRendimentosDoTrabalho.S1210PagamentosDeRendimientosDoTrabalhoEditar" time="99.068" errors="0" timestamp="19 Oct 2020 20:25:56 GMT">
  <testcase classname="com.timp.test.MDR.EventosESocial.S1210PagamentosDeRendimentosDoTrabalho.S1210PagamentosDeRendimientosDoTrabalhoEditar" name="ingresar" time="8.385"/>
  <testcase classname="com.timp.test.MDR.EventosESocial.S1210PagamentosDeRendimentosDoTrabalho.S1210PagamentosDeRendimientosDoTrabalhoEditar" name="ingresarMDR" time="9.613"/>
  <testcase classname="com.timp.test.MDR.EventosESocial.S1210PagamentosDeRendimentosDoTrabalho.S1210PagamentosDeRendimientosDoTrabalhoEditar" name="editar" time="81.070"/>
</testsuite> <!-- com.timp.test.MDR.EventosESocial.S1210PagamentosDeRendimentosDoTrabalho.S1210PagamentosDeRendimientosDoTrabalhoEditar -->
