<?xml version="1.0" encoding="UTF-8"?>
<!-- Generated by org.testng.reporters.JUnitReportReporter -->
<testsuite hostname="LitoSoler" name="com.timp.test.MDR.Centralizacao.FatorCreditamento.FatorCreditamentoExcluir" tests="3" failures="0" timestamp="7 Dec 2020 19:53:42 GMT" time="238.328" errors="0">
  <testcase name="acessarMDR" time="25.720" classname="com.timp.test.MDR.Centralizacao.FatorCreditamento.FatorCreditamentoExcluir"/>
  <testcase name="excluir" time="205.028" classname="com.timp.test.MDR.Centralizacao.FatorCreditamento.FatorCreditamentoExcluir"/>
  <testcase name="login" time="7.580" classname="com.timp.test.MDR.Centralizacao.FatorCreditamento.FatorCreditamentoExcluir"/>
</testsuite> <!-- com.timp.test.MDR.Centralizacao.FatorCreditamento.FatorCreditamentoExcluir -->
