<?xml version="1.0" encoding="UTF-8"?>
<!-- Generated by org.testng.reporters.JUnitReportReporter -->
<testsuite hostname="MIGUEL" failures="0" tests="15" name="com.timp.test.DFG.SPED.ESocial.Eventos.S1250.S1250AlterarDadosDoEvento" time="390.845" errors="0" timestamp="28 Dec 2020 15:03:39 GMT">
  <testcase classname="com.timp.test.DFG.SPED.ESocial.Eventos.S1250.S1250AlterarDadosDoEvento" name="atualizarEstructuras" time="10.696"/>
  <testcase classname="com.timp.test.DFG.SPED.ESocial.Eventos.S1250.S1250AlterarDadosDoEvento" name="gravar" time="10.382"/>
  <testcase classname="com.timp.test.DFG.SPED.ESocial.Eventos.S1250.S1250AlterarDadosDoEvento" name="visualizarCriarAN3" time="26.026"/>
  <testcase classname="com.timp.test.DFG.SPED.ESocial.Eventos.S1250.S1250AlterarDadosDoEvento" name="execucao" time="68.064"/>
  <testcase classname="com.timp.test.DFG.SPED.ESocial.Eventos.S1250.S1250AlterarDadosDoEvento" name="enviarSeleccionado" time="8.812"/>
  <testcase classname="com.timp.test.DFG.SPED.ESocial.Eventos.S1250.S1250AlterarDadosDoEvento" name="ingresar" time="8.836"/>
  <testcase classname="com.timp.test.DFG.SPED.ESocial.Eventos.S1250.S1250AlterarDadosDoEvento" name="dfgEntrar" time="16.168"/>
  <testcase classname="com.timp.test.DFG.SPED.ESocial.Eventos.S1250.S1250AlterarDadosDoEvento" name="informacao2" time="22.033"/>
  <testcase classname="com.timp.test.DFG.SPED.ESocial.Eventos.S1250.S1250AlterarDadosDoEvento" name="visualizar" time="28.283"/>
  <testcase classname="com.timp.test.DFG.SPED.ESocial.Eventos.S1250.S1250AlterarDadosDoEvento" name="enviarPendencias" time="8.146"/>
  <testcase classname="com.timp.test.DFG.SPED.ESocial.Eventos.S1250.S1250AlterarDadosDoEvento" name="informacao" time="19.010"/>
  <testcase classname="com.timp.test.DFG.SPED.ESocial.Eventos.S1250.S1250AlterarDadosDoEvento" name="editar" time="39.924"/>
  <testcase classname="com.timp.test.DFG.SPED.ESocial.Eventos.S1250.S1250AlterarDadosDoEvento" name="criarNovoEvento" time="57.339"/>
  <testcase classname="com.timp.test.DFG.SPED.ESocial.Eventos.S1250.S1250AlterarDadosDoEvento" name="visualizarActualizacoes" time="26.524"/>
  <testcase classname="com.timp.test.DFG.SPED.ESocial.Eventos.S1250.S1250AlterarDadosDoEvento" name="gravarAN3" time="40.602"/>
</testsuite> <!-- com.timp.test.DFG.SPED.ESocial.Eventos.S1250.S1250AlterarDadosDoEvento -->
