<?xml version="1.0" encoding="UTF-8"?>
<!-- Generated by org.testng.reporters.JUnitReportReporter -->
<testsuite hostname="DESKTOP-HB7TMPD" failures="0" tests="3" name="com.timp.test.MDR.ThinCapitalization.Emprestimos.EmprestimosExcluir" time="75.346" errors="0" timestamp="24 Dec 2020 23:25:02 GMT">
  <testcase classname="com.timp.test.MDR.ThinCapitalization.Emprestimos.EmprestimosExcluir" name="excluirEmprestimos" time="40.728"/>
  <testcase classname="com.timp.test.MDR.ThinCapitalization.Emprestimos.EmprestimosExcluir" name="ingresar" time="8.338"/>
  <testcase classname="com.timp.test.MDR.ThinCapitalization.Emprestimos.EmprestimosExcluir" name="mdrEntrar" time="26.280"/>
</testsuite> <!-- com.timp.test.MDR.ThinCapitalization.Emprestimos.EmprestimosExcluir -->
