<?xml version="1.0" encoding="UTF-8"?>
<!-- Generated by org.testng.reporters.JUnitReportReporter -->
<testsuite hostname="LitoSoler" name="com.timp.test.BRB.Automacoes.AutomacoesBrbTest" tests="28" failures="1" timestamp="23 Sep 2020 23:52:07 GMT" time="3175.214" errors="0">
  <testcase name="novoRelatorio" time="141.699" classname="com.timp.test.BRB.Automacoes.AutomacoesBrbTest"/>
  <testcase name="renomearColuna" time="84.684" classname="com.timp.test.BRB.Automacoes.AutomacoesBrbTest"/>
  <testcase name="exportar" time="101.733" classname="com.timp.test.BRB.Automacoes.AutomacoesBrbTest"/>
  <testcase name="login" time="29.510" classname="com.timp.test.BRB.Automacoes.AutomacoesBrbTest"/>
  <testcase name="publicoYPrivado" time="152.000" classname="com.timp.test.BRB.Automacoes.AutomacoesBrbTest"/>
  <testcase name="gruposAvanzados" time="239.565" classname="com.timp.test.BRB.Automacoes.AutomacoesBrbTest"/>
  <testcase name="excluirColuna" time="111.080" classname="com.timp.test.BRB.Automacoes.AutomacoesBrbTest">
    <failure type="org.openqa.selenium.JavascriptException" message="javascript error: Failed to execute &#039;elementsFromPoint&#039; on &#039;Document&#039;: The provided double value is non-finite.
  (Session info: chrome=83.0.4103.106)
Build info: version: &#039;3.141.59&#039;, revision: &#039;e82be7d358&#039;, time: &#039;2018-11-14T08:17:03&#039;
System info: host: &#039;LITOSOLER&#039;, ip: &#039;192.168.0.5&#039;, os.name: &#039;Windows 10&#039;, os.arch: &#039;amd64&#039;, os.version: &#039;10.0&#039;, java.version: &#039;1.8.0_251&#039;
Driver info: org.openqa.selenium.chrome.ChromeDriver
Capabilities {acceptInsecureCerts: false, browserName: chrome, browserVersion: 83.0.4103.106, chrome: {chromedriverVersion: 83.0.4103.39 (ccbf011cb2d2b..., userDataDir: C:\Users\AGILES~1\AppData\L...}, goog:chromeOptions: {debuggerAddress: localhost:54964}, javascriptEnabled: true, networkConnectionEnabled: false, pageLoadStrategy: normal, platform: WINDOWS, platformName: WINDOWS, proxy: Proxy(), setWindowRect: true, strictFileInteractability: false, timeouts: {implicit: 0, pageLoad: 300000, script: 30000}, unhandledPromptBehavior: dismiss and notify, webauthn:virtualAuthenticators: true}
Session ID: 17c10d16c292e260680149419a3187ec">
      <![CDATA[org.openqa.selenium.JavascriptException: javascript error: Failed to execute 'elementsFromPoint' on 'Document': The provided double value is non-finite.
  (Session info: chrome=83.0.4103.106)
Build info: version: '3.141.59', revision: 'e82be7d358', time: '2018-11-14T08:17:03'
System info: host: 'LITOSOLER', ip: '192.168.0.5', os.name: 'Windows 10', os.arch: 'amd64', os.version: '10.0', java.version: '1.8.0_251'
Driver info: org.openqa.selenium.chrome.ChromeDriver
Capabilities {acceptInsecureCerts: false, browserName: chrome, browserVersion: 83.0.4103.106, chrome: {chromedriverVersion: 83.0.4103.39 (ccbf011cb2d2b..., userDataDir: C:\Users\AGILES~1\AppData\L...}, goog:chromeOptions: {debuggerAddress: localhost:54964}, javascriptEnabled: true, networkConnectionEnabled: false, pageLoadStrategy: normal, platform: WINDOWS, platformName: WINDOWS, proxy: Proxy(), setWindowRect: true, strictFileInteractability: false, timeouts: {implicit: 0, pageLoad: 300000, script: 30000}, unhandledPromptBehavior: dismiss and notify, webauthn:virtualAuthenticators: true}
Session ID: 17c10d16c292e260680149419a3187ec
	at sun.reflect.NativeConstructorAccessorImpl.newInstance0(Native Method)
	at sun.reflect.NativeConstructorAccessorImpl.newInstance(NativeConstructorAccessorImpl.java:62)
	at sun.reflect.DelegatingConstructorAccessorImpl.newInstance(DelegatingConstructorAccessorImpl.java:45)
	at java.lang.reflect.Constructor.newInstance(Constructor.java:423)
	at org.openqa.selenium.remote.http.W3CHttpResponseCodec.createException(W3CHttpResponseCodec.java:187)
	at org.openqa.selenium.remote.http.W3CHttpResponseCodec.decode(W3CHttpResponseCodec.java:122)
	at org.openqa.selenium.remote.http.W3CHttpResponseCodec.decode(W3CHttpResponseCodec.java:49)
	at org.openqa.selenium.remote.HttpCommandExecutor.execute(HttpCommandExecutor.java:158)
	at org.openqa.selenium.remote.service.DriverCommandExecutor.execute(DriverCommandExecutor.java:83)
	at org.openqa.selenium.remote.RemoteWebDriver.execute(RemoteWebDriver.java:552)
	at org.openqa.selenium.remote.RemoteWebDriver.perform(RemoteWebDriver.java:618)
	at org.openqa.selenium.interactions.Actions$BuiltAction.perform(Actions.java:639)
	at org.openqa.selenium.interactions.Actions.perform(Actions.java:595)
	at com.sap.timp.pageObjectModel.BRB.ExcluirColunaPO.ExcluirColuna(ExcluirColunaPO.java:165)
	at com.timp.test.BRB.ExcluirColuna.excluirColunaOpcao(ExcluirColuna.java:91)
	at com.timp.test.BRB.Automacoes.AutomacoesBrbTest.excluirColuna(AutomacoesBrbTest.java:157)
	at sun.reflect.NativeMethodAccessorImpl.invoke0(Native Method)
	at sun.reflect.NativeMethodAccessorImpl.invoke(NativeMethodAccessorImpl.java:62)
	at sun.reflect.DelegatingMethodAccessorImpl.invoke(DelegatingMethodAccessorImpl.java:43)
	at java.lang.reflect.Method.invoke(Method.java:498)
	at org.testng.internal.MethodInvocationHelper.invokeMethod(MethodInvocationHelper.java:80)
	at org.testng.internal.Invoker.invokeMethod(Invoker.java:714)
	at org.testng.internal.Invoker.invokeTestMethod(Invoker.java:901)
	at org.testng.internal.Invoker.invokeTestMethods(Invoker.java:1231)
	at org.testng.internal.TestMethodWorker.invokeTestMethods(TestMethodWorker.java:127)
	at org.testng.internal.TestMethodWorker.run(TestMethodWorker.java:111)
	at org.testng.TestRunner.privateRun(TestRunner.java:767)
	at org.testng.TestRunner.run(TestRunner.java:617)
	at org.testng.SuiteRunner.runTest(SuiteRunner.java:334)
	at org.testng.SuiteRunner.runSequentially(SuiteRunner.java:329)
	at org.testng.SuiteRunner.privateRun(SuiteRunner.java:291)
	at org.testng.SuiteRunner.run(SuiteRunner.java:240)
	at org.testng.SuiteRunnerWorker.runSuite(SuiteRunnerWorker.java:52)
	at org.testng.SuiteRunnerWorker.run(SuiteRunnerWorker.java:86)
	at org.testng.TestNG.runSuitesSequentially(TestNG.java:1198)
	at org.testng.TestNG.runSuitesLocally(TestNG.java:1123)
	at org.testng.TestNG.run(TestNG.java:1031)
	at org.testng.remote.AbstractRemoteTestNG.run(AbstractRemoteTestNG.java:115)
	at org.testng.remote.RemoteTestNG.initAndRun(RemoteTestNG.java:251)
	at org.testng.remote.RemoteTestNG.main(RemoteTestNG.java:77)
]]>
    </failure>
  </testcase> <!-- excluirColuna -->
  <testcase name="filtrosRelatorio" time="184.969" classname="com.timp.test.BRB.Automacoes.AutomacoesBrbTest"/>
  <testcase name="ativarComentario" time="83.755" classname="com.timp.test.BRB.Automacoes.AutomacoesBrbTest"/>
  <testcase name="imprimir" time="79.858" classname="com.timp.test.BRB.Automacoes.AutomacoesBrbTest"/>
  <testcase name="comentarioListaSuspensa" time="165.177" classname="com.timp.test.BRB.Automacoes.AutomacoesBrbTest"/>
  <testcase name="formula" time="192.486" classname="com.timp.test.BRB.Automacoes.AutomacoesBrbTest"/>
  <testcase name="criarCopia" time="156.938" classname="com.timp.test.BRB.Automacoes.AutomacoesBrbTest"/>
  <testcase name="ExcluirRelatorio" time="169.357" classname="com.timp.test.BRB.Automacoes.AutomacoesBrbTest"/>
  <testcase name="paginacion" time="68.079" classname="com.timp.test.BRB.Automacoes.AutomacoesBrbTest"/>
  <testcase name="visualizar" time="66.169" classname="com.timp.test.BRB.Automacoes.AutomacoesBrbTest"/>
  <testcase name="ativarCorrecao" time="79.846" classname="com.timp.test.BRB.Automacoes.AutomacoesBrbTest"/>
  <testcase name="acessarBRB" time="36.814" classname="com.timp.test.BRB.Automacoes.AutomacoesBrbTest"/>
  <testcase name="comentarioLibre" time="134.099" classname="com.timp.test.BRB.Automacoes.AutomacoesBrbTest"/>
  <testcase name="cabeçalho" time="101.499" classname="com.timp.test.BRB.Automacoes.AutomacoesBrbTest"/>
  <testcase name="campoOutput" time="79.378" classname="com.timp.test.BRB.Automacoes.AutomacoesBrbTest"/>
  <testcase name="reordenarColuna" time="85.753" classname="com.timp.test.BRB.Automacoes.AutomacoesBrbTest"/>
  <testcase name="formatacaoEVariante" time="129.804" classname="com.timp.test.BRB.Automacoes.AutomacoesBrbTest"/>
  <testcase name="editarRelatorio" time="86.350" classname="com.timp.test.BRB.Automacoes.AutomacoesBrbTest"/>
  <testcase name="agrupadoPeloCampo" time="122.631" classname="com.timp.test.BRB.Automacoes.AutomacoesBrbTest"/>
  <testcase name="crescenteEDecrescente" time="130.505" classname="com.timp.test.BRB.Automacoes.AutomacoesBrbTest"/>
  <testcase name="filtrosAvanzados" time="49.601" classname="com.timp.test.BRB.Automacoes.AutomacoesBrbTest"/>
  <testcase name="filtroColunas" time="111.875" classname="com.timp.test.BRB.Automacoes.AutomacoesBrbTest"/>
</testsuite> <!-- com.timp.test.BRB.Automacoes.AutomacoesBrbTest -->
