<?xml version="1.0" encoding="UTF-8"?>
<!-- Generated by org.testng.reporters.JUnitReportReporter -->
<testsuite hostname="DESKTOP-C57COV6" failures="0" tests="2" name="com.timp.test.MDR.HierarquiaDeCenariosDeCorreçao.HierarquiaDeCenariosDeCorreçaoExcluirMasas" time="163.609" errors="0" timestamp="10 ago. 2021 07:42:10 GMT" skipped="0">
  <testcase classname="com.timp.test.MDR.HierarquiaDeCenariosDeCorreçao.HierarquiaDeCenariosDeCorreçaoExcluirMasas" name="excluir" time="28.395"/>
  <testcase classname="com.timp.test.MDR.HierarquiaDeCenariosDeCorreçao.HierarquiaDeCenariosDeCorreçaoExcluirMasas" name="criar" time="135.214"/>
</testsuite> <!-- com.timp.test.MDR.HierarquiaDeCenariosDeCorreçao.HierarquiaDeCenariosDeCorreçaoExcluirMasas -->
