<?xml version="1.0" encoding="UTF-8"?>
<!-- Generated by org.testng.reporters.JUnitReportReporter -->
<testsuite hostname="DESKTOP-35UG9UP" name="com.timp.test.MDR.RegistroECAC.RegistroECACExcluir" tests="3" failures="0" timestamp="8 Oct 2020 19:16:05 GMT" time="136.428" errors="0">
  <testcase name="login" time="9.829" classname="com.timp.test.MDR.RegistroECAC.RegistroECACExcluir"/>
  <testcase name="acessarMDR" time="38.872" classname="com.timp.test.MDR.RegistroECAC.RegistroECACExcluir"/>
  <testcase name="excluir" time="87.727" classname="com.timp.test.MDR.RegistroECAC.RegistroECACExcluir"/>
</testsuite> <!-- com.timp.test.MDR.RegistroECAC.RegistroECACExcluir -->
