<?xml version="1.0" encoding="UTF-8"?>
<!-- Generated by org.testng.reporters.JUnitReportReporter -->
<testsuite hostname="LitoSoler" name="com.timp.test.MDR.SequenciaAcesso.SequenciaExcluir" tests="3" failures="0" timestamp="14 Nov 2020 19:53:46 GMT" time="66.415" errors="0">
  <testcase name="Excluir" time="32.399" classname="com.timp.test.MDR.SequenciaAcesso.SequenciaExcluir"/>
  <testcase name="login" time="7.164" classname="com.timp.test.MDR.SequenciaAcesso.SequenciaExcluir"/>
  <testcase name="acessarMDR" time="26.852" classname="com.timp.test.MDR.SequenciaAcesso.SequenciaExcluir"/>
</testsuite> <!-- com.timp.test.MDR.SequenciaAcesso.SequenciaExcluir -->
