<?xml version="1.0" encoding="UTF-8"?>
<!-- Generated by org.testng.reporters.JUnitReportReporter -->
<testsuite hostname="DESKTOP-M23FVFN" failures="0" tests="1" name="com.timp.test.TFP.Periodos.Periodos.PeriodosFiltroPorId" time="93.109" errors="0" timestamp="2022-09-05T11:43:29 CST" skipped="0">
  <testcase classname="com.timp.test.TFP.Periodos.Periodos.PeriodosFiltroPorId" name="filtro" time="93.109"/>
  <system-out/>
</testsuite> <!-- com.timp.test.TFP.Periodos.Periodos.PeriodosFiltroPorId -->
