<?xml version="1.0" encoding="UTF-8"?>
<!-- Generated by org.testng.reporters.JUnitReportReporter -->
<testsuite hostname="DESKTOP-BNBDMGT" failures="0" tests="10" name="com.timp.test.BCB.HierarquiaExecucoesTodasAsFuncionalidades" time="911.246" errors="0" timestamp="08 mar. 2021 23:46:10 GMT" skipped="0">
  <testcase classname="com.timp.test.BCB.HierarquiaExecucoesTodasAsFuncionalidades" name="login" time="11.757"/>
  <testcase classname="com.timp.test.BCB.HierarquiaExecucoesTodasAsFuncionalidades" name="brbEntrar" time="17.938"/>
  <testcase classname="com.timp.test.BCB.HierarquiaExecucoesTodasAsFuncionalidades" name="criarConfiguracaoExecucoes" time="88.863"/>
  <testcase classname="com.timp.test.BCB.HierarquiaExecucoesTodasAsFuncionalidades" name="criarConfiguracao" time="320.035"/>
  <testcase classname="com.timp.test.BCB.HierarquiaExecucoesTodasAsFuncionalidades" name="executar" time="98.925"/>
  <testcase classname="com.timp.test.BCB.HierarquiaExecucoesTodasAsFuncionalidades" name="resto" time="104.133"/>
  <testcase classname="com.timp.test.BCB.HierarquiaExecucoesTodasAsFuncionalidades" name="editar" time="65.501"/>
  <testcase classname="com.timp.test.BCB.HierarquiaExecucoesTodasAsFuncionalidades" name="excluirExecucoes" time="52.444"/>
  <testcase classname="com.timp.test.BCB.HierarquiaExecucoesTodasAsFuncionalidades" name="excluirConfiguracoes" time="83.378"/>
  <testcase classname="com.timp.test.BCB.HierarquiaExecucoesTodasAsFuncionalidades" name="excluirHierarquia" time="68.272"/>
</testsuite> <!-- com.timp.test.BCB.HierarquiaExecucoesTodasAsFuncionalidades -->
