<?xml version="1.0" encoding="UTF-8"?>
<!-- Generated by org.testng.reporters.JUnitReportReporter -->
<testsuite hostname="DESKTOP-BNBDMGT" failures="0" tests="3" name="com.timp.test.TDK.Dashboard.DashboardLixeiraEmMassa" time="227.983" errors="0" timestamp="11 Feb 2021 04:27:05 GMT">
  <testcase classname="com.timp.test.TDK.Dashboard.DashboardLixeiraEmMassa" name="login" time="8.762"/>
  <testcase classname="com.timp.test.TDK.Dashboard.DashboardLixeiraEmMassa" name="acessarTDK" time="35.832"/>
  <testcase classname="com.timp.test.TDK.Dashboard.DashboardLixeiraEmMassa" name="criar" time="183.389"/>
</testsuite> <!-- com.timp.test.TDK.Dashboard.DashboardLixeiraEmMassa -->
