<?xml version="1.0" encoding="UTF-8"?>
<!-- Generated by org.testng.reporters.JUnitReportReporter -->
<testsuite hostname="DESKTOP-JP1A9E6" failures="0" tests="2" name="com.timp.test.MDR.ICMSSTTransporte.ICMSSTTransporteExcluirEmMassa" time="181.994" errors="0" timestamp="07 sep. 2021 20:39:31 GMT" skipped="0">
  <testcase classname="com.timp.test.MDR.ICMSSTTransporte.ICMSSTTransporteExcluirEmMassa" name="criar" time="151.897"/>
  <testcase classname="com.timp.test.MDR.ICMSSTTransporte.ICMSSTTransporteExcluirEmMassa" name="excluir" time="30.097"/>
</testsuite> <!-- com.timp.test.MDR.ICMSSTTransporte.ICMSSTTransporteExcluirEmMassa -->
