<?xml version="1.0" encoding="UTF-8"?>
<!-- Generated by org.testng.reporters.JUnitReportReporter -->
<testsuite skipped="0" hostname="LitoSoler" name="com.timp.test.TFP.Configurações.Status.SubPeriodo.SubPeriodoFiltroPorId" tests="1" failures="0" timestamp="17 feb 2021 23:06:56 GMT" time="49.376" errors="0">
  <testcase name="filtro" time="49.376" classname="com.timp.test.TFP.Configurações.Status.SubPeriodo.SubPeriodoFiltroPorId"/>
</testsuite> <!-- com.timp.test.TFP.Configurações.Status.SubPeriodo.SubPeriodoFiltroPorId -->
