<?xml version="1.0" encoding="UTF-8"?>
<!-- Generated by org.testng.reporters.JUnitReportReporter -->
<testsuite hostname="DESKTOP-C57COV6" failures="0" tests="1" name="com.timp.test.MDR.DetalheTipoTributo.DetalheEditar" time="108.276" errors="0" timestamp="08 abr. 2021 21:50:40 GMT" skipped="0">
  <testcase classname="com.timp.test.MDR.DetalheTipoTributo.DetalheEditar" name="editar" time="108.276"/>
</testsuite> <!-- com.timp.test.MDR.DetalheTipoTributo.DetalheEditar -->
