<?xml version="1.0" encoding="UTF-8"?>
<!-- Generated by org.testng.reporters.JUnitReportReporter -->
<testsuite skipped="0" hostname="LitoSoler" name="com.timp.test.MDR.AtividadesFiscais.AtividadeFiscal.AtividadeFiltro" tests="1" failures="0" timestamp="09 mar 2021 00:23:11 GMT" time="47.755" errors="0">
  <testcase name="filtro" time="47.755" classname="com.timp.test.MDR.AtividadesFiscais.AtividadeFiscal.AtividadeFiltro"/>
</testsuite> <!-- com.timp.test.MDR.AtividadesFiscais.AtividadeFiscal.AtividadeFiltro -->
