<?xml version="1.0" encoding="UTF-8"?>
<!-- Generated by org.testng.reporters.JUnitReportReporter -->
<testsuite hostname="MIGUEL" failures="0" tests="3" name="com.timp.test.TDK.Execucoes.ExecucoesPublicas.ExecucoesFiltroPorIDMasLimpiarFiltros" time="51.207" errors="0" timestamp="01 mar. 2021 16:32:11 GMT" skipped="0">
  <testcase classname="com.timp.test.TDK.Execucoes.ExecucoesPublicas.ExecucoesFiltroPorIDMasLimpiarFiltros" name="login" time="7.227"/>
  <testcase classname="com.timp.test.TDK.Execucoes.ExecucoesPublicas.ExecucoesFiltroPorIDMasLimpiarFiltros" name="acessarTDK" time="18.556"/>
  <testcase classname="com.timp.test.TDK.Execucoes.ExecucoesPublicas.ExecucoesFiltroPorIDMasLimpiarFiltros" name="detalhes" time="25.424"/>
</testsuite> <!-- com.timp.test.TDK.Execucoes.ExecucoesPublicas.ExecucoesFiltroPorIDMasLimpiarFiltros -->
