<?xml version="1.0" encoding="UTF-8"?>
<!-- Generated by org.testng.reporters.JUnitReportReporter -->
<testsuite hostname="MassielV" failures="0" tests="1" name="com.timp.test.MDR.TabelasComplementaresParaObrigaçoesAcessorias.CodigoDIPAM.CodigoDIPAMExcluirEmMassa" time="180.964" errors="0" timestamp="17 nov. 2021 15:54:46 GMT" skipped="0">
  <testcase classname="com.timp.test.MDR.TabelasComplementaresParaObrigaçoesAcessorias.CodigoDIPAM.CodigoDIPAMExcluirEmMassa" name="criar" time="180.964"/>
</testsuite> <!-- com.timp.test.MDR.TabelasComplementaresParaObrigaçoesAcessorias.CodigoDIPAM.CodigoDIPAMExcluirEmMassa -->
