<?xml version="1.0" encoding="UTF-8"?>
<!-- Generated by org.testng.reporters.JUnitReportReporter -->
<testsuite hostname="EC2AMAZ-8HCHO4G" failures="0" tests="1" name="com.timp.test.ADM.Configuracao.ManuaisDeComponente.ManuaisDeComponenteCriar" time="85.678" errors="0" timestamp="2023-03-02T17:28:59 UTC" skipped="0">
  <testcase classname="com.timp.test.ADM.Configuracao.ManuaisDeComponente.ManuaisDeComponenteCriar" name="criar" time="85.678"/>
  <system-out/>
</testsuite> <!-- com.timp.test.ADM.Configuracao.ManuaisDeComponente.ManuaisDeComponenteCriar -->
