<?xml version="1.0" encoding="UTF-8"?>
<!-- Generated by org.testng.reporters.JUnitReportReporter -->
<testsuite hostname="DESKTOP-C57COV6" failures="0" tests="1" name="com.timp.test.MDR.CodigoReceita.CodigoReceitaVisualizar" time="113.346" errors="0" timestamp="10 ago. 2021 10:24:32 GMT" skipped="0">
  <testcase classname="com.timp.test.MDR.CodigoReceita.CodigoReceitaVisualizar" name="visualizar" time="113.346"/>
</testsuite> <!-- com.timp.test.MDR.CodigoReceita.CodigoReceitaVisualizar -->
