<?xml version="1.0" encoding="UTF-8"?>
<!-- Generated by org.testng.reporters.JUnitReportReporter -->
<testsuite hostname="EC2AMAZ-8HCHO4G" failures="0" tests="3" name="com.timp.test.BRB.Formula" time="198.203" errors="0" timestamp="2024-01-29T15:36:06 UTC" skipped="0">
  <testcase classname="com.timp.test.BRB.Formula" name="formulaColuna" time="59.523"/>
  <system-out/>
  <testcase classname="com.timp.test.BRB.Formula" name="aplicar" time="16.664"/>
  <system-out/>
  <testcase classname="com.timp.test.BRB.Formula" name="formulaBoton" time="122.016"/>
  <system-out/>
</testsuite> <!-- com.timp.test.BRB.Formula -->
