<?xml version="1.0" encoding="UTF-8"?>
<!-- Generated by org.testng.reporters.JUnitReportReporter -->
<testsuite hostname="DESKTOP-C57COV6" failures="0" tests="10" name="com.timp.test.BCB.Formula.HierarquiaConfiguracao.FormulaHierarquiaConfiguracaoTodasAsFuncionalidadesParte2" time="515.523" errors="0" timestamp="25 jun. 2021 16:50:59 GMT" skipped="0">
  <testcase classname="com.timp.test.BCB.Formula.HierarquiaConfiguracao.FormulaHierarquiaConfiguracaoTodasAsFuncionalidadesParte2" name="login" time="7.646"/>
  <testcase classname="com.timp.test.BCB.Formula.HierarquiaConfiguracao.FormulaHierarquiaConfiguracaoTodasAsFuncionalidadesParte2" name="brbEntrar" time="17.764"/>
  <testcase classname="com.timp.test.BCB.Formula.HierarquiaConfiguracao.FormulaHierarquiaConfiguracaoTodasAsFuncionalidadesParte2" name="subNivel5" time="265.737"/>
  <testcase classname="com.timp.test.BCB.Formula.HierarquiaConfiguracao.FormulaHierarquiaConfiguracaoTodasAsFuncionalidadesParte2" name="abrirSubnivel1" time="69.289"/>
  <testcase classname="com.timp.test.BCB.Formula.HierarquiaConfiguracao.FormulaHierarquiaConfiguracaoTodasAsFuncionalidadesParte2" name="abrirSubnivel2" time="5.317"/>
  <testcase classname="com.timp.test.BCB.Formula.HierarquiaConfiguracao.FormulaHierarquiaConfiguracaoTodasAsFuncionalidadesParte2" name="abrirSubnivel3" time="5.280"/>
  <testcase classname="com.timp.test.BCB.Formula.HierarquiaConfiguracao.FormulaHierarquiaConfiguracaoTodasAsFuncionalidadesParte2" name="abrirSubnivel4" time="5.273"/>
  <testcase classname="com.timp.test.BCB.Formula.HierarquiaConfiguracao.FormulaHierarquiaConfiguracaoTodasAsFuncionalidadesParte2" name="abrirSubnivel5" time="5.188"/>
  <testcase classname="com.timp.test.BCB.Formula.HierarquiaConfiguracao.FormulaHierarquiaConfiguracaoTodasAsFuncionalidadesParte2" name="excluirConfiguracoes" time="67.017"/>
  <testcase classname="com.timp.test.BCB.Formula.HierarquiaConfiguracao.FormulaHierarquiaConfiguracaoTodasAsFuncionalidadesParte2" name="excluirHierarquia" time="67.012"/>
</testsuite> <!-- com.timp.test.BCB.Formula.HierarquiaConfiguracao.FormulaHierarquiaConfiguracaoTodasAsFuncionalidadesParte2 -->
