<?xml version="1.0" encoding="UTF-8"?>
<!-- Generated by org.testng.reporters.JUnitReportReporter -->
<testsuite hostname="DESKTOP-M23FVFN" failures="0" tests="1" name="com.timp.test.MDR.TabelasApoioSped.TiposDeUtilizacaoDosCreditosFiscais.TiposDeUtilizacaoDosCreditosFiscaisCriar" time="175.333" errors="0" timestamp="11 mar. 2022 07:03:44 GMT" skipped="0">
  <testcase classname="com.timp.test.MDR.TabelasApoioSped.TiposDeUtilizacaoDosCreditosFiscais.TiposDeUtilizacaoDosCreditosFiscaisCriar" name="criar" time="175.333"/>
</testsuite> <!-- com.timp.test.MDR.TabelasApoioSped.TiposDeUtilizacaoDosCreditosFiscais.TiposDeUtilizacaoDosCreditosFiscaisCriar -->
