<?xml version="1.0" encoding="UTF-8"?>
<!-- Generated by org.testng.reporters.JUnitReportReporter -->
<testsuite hostname="DESKTOP-BNBDMGT" failures="0" tests="3" name="com.timp.test.MDR.LimiteCompetencia.LimiteCompetenciaEditar" time="305.724" errors="0" timestamp="9 Jan 2021 02:45:49 GMT">
  <testcase classname="com.timp.test.MDR.LimiteCompetencia.LimiteCompetenciaEditar" name="acessarMDR" time="182.910"/>
  <testcase classname="com.timp.test.MDR.LimiteCompetencia.LimiteCompetenciaEditar" name="login" time="28.434"/>
  <testcase classname="com.timp.test.MDR.LimiteCompetencia.LimiteCompetenciaEditar" name="editar" time="94.380"/>
</testsuite> <!-- com.timp.test.MDR.LimiteCompetencia.LimiteCompetenciaEditar -->
