<?xml version="1.0" encoding="UTF-8"?>
<!-- Generated by org.testng.reporters.JUnitReportReporter -->
<<<<<<< HEAD
<testsuite hostname="DESKTOP-BNBDMGT" failures="0" tests="1" name="com.timp.test.MDR.TabelasApoioESocial.Tabela18.MotivoDeAfastamentoCriar" time="66.320" errors="0" timestamp="09 mar. 2021 15:22:24 GMT" skipped="0">
  <testcase classname="com.timp.test.MDR.TabelasApoioESocial.Tabela18.MotivoDeAfastamentoCriar" name="criar" time="66.320"/>
=======
<testsuite hostname="LAPTOP-IN7IV9K5" failures="0" tests="1" name="com.timp.test.MDR.TabelasApoioESocial.Tabela18.MotivoDeAfastamentoCriar" time="79.901" errors="0" timestamp="09 mar. 2021 01:08:00 GMT" skipped="0">
  <testcase classname="com.timp.test.MDR.TabelasApoioESocial.Tabela18.MotivoDeAfastamentoCriar" name="criar" time="79.901"/>
>>>>>>> refs/remotes/origin/Kenssy
</testsuite> <!-- com.timp.test.MDR.TabelasApoioESocial.Tabela18.MotivoDeAfastamentoCriar -->
