<?xml version="1.0" encoding="UTF-8"?>
<!-- Generated by org.testng.reporters.JUnitReportReporter -->
<testsuite hostname="DESKTOP-HB7TMPD" failures="0" tests="3" name="com.timp.test.BCB.ParametrosGeraisHierarquiaExcluirSelectFlag" time="68.432" errors="0" timestamp="25 Nov 2020 03:54:56 GMT">
  <testcase classname="com.timp.test.BCB.ParametrosGeraisHierarquiaExcluirSelectFlag" name="excluir" time="45.089"/>
  <testcase classname="com.timp.test.BCB.ParametrosGeraisHierarquiaExcluirSelectFlag" name="login" time="7.960"/>
  <testcase classname="com.timp.test.BCB.ParametrosGeraisHierarquiaExcluirSelectFlag" name="brbEntrar" time="15.383"/>
</testsuite> <!-- com.timp.test.BCB.ParametrosGeraisHierarquiaExcluirSelectFlag -->
