<?xml version="1.0" encoding="UTF-8"?>
<!-- Generated by org.testng.reporters.JUnitReportReporter -->
<testsuite hostname="DESKTOP-C57COV6" failures="0" tests="1" name="com.timp.test.TDK.Kpis.Edicao.KpisCartaoIndicadorEditar" time="276.430" errors="0" timestamp="02 jul. 2021 19:19:45 GMT" skipped="0">
  <testcase classname="com.timp.test.TDK.Kpis.Edicao.KpisCartaoIndicadorEditar" name="CartaoIndicador" time="276.430"/>
</testsuite> <!-- com.timp.test.TDK.Kpis.Edicao.KpisCartaoIndicadorEditar -->
