<?xml version="1.0" encoding="UTF-8"?>
<!-- Generated by org.testng.reporters.JUnitReportReporter -->
<testsuite hostname="LitoSoler" name="com.timp.test.MDR.Antecipacao.AntecipacaoFiltros" tests="3" failures="0" timestamp="17 Jul 2020 23:00:21 GMT" time="36.466" errors="0">
  <testcase name="login" time="7.317" classname="com.timp.test.MDR.Antecipacao.AntecipacaoFiltros"/>
  <testcase name="acessarMDR" time="8.229" classname="com.timp.test.MDR.Antecipacao.AntecipacaoFiltros"/>
  <testcase name="visualizar" time="20.920" classname="com.timp.test.MDR.Antecipacao.AntecipacaoFiltros"/>
</testsuite> <!-- com.timp.test.MDR.Antecipacao.AntecipacaoFiltros -->
