<?xml version="1.0" encoding="UTF-8"?>
<!-- Generated by org.testng.reporters.JUnitReportReporter -->
<testsuite hostname="DESKTOP-BNBDMGT" failures="0" tests="3" name="com.timp.test.MDR.DetalheTipoTributo.DetalheCriar" time="90.736" errors="0" timestamp="19 Jan 2021 21:37:26 GMT">
  <testcase classname="com.timp.test.MDR.DetalheTipoTributo.DetalheCriar" name="acessarMDR" time="26.889"/>
  <testcase classname="com.timp.test.MDR.DetalheTipoTributo.DetalheCriar" name="login" time="6.562"/>
  <testcase classname="com.timp.test.MDR.DetalheTipoTributo.DetalheCriar" name="criar" time="57.285"/>
</testsuite> <!-- com.timp.test.MDR.DetalheTipoTributo.DetalheCriar -->
