<?xml version="1.0" encoding="UTF-8"?>
<!-- Generated by org.testng.reporters.JUnitReportReporter -->
<testsuite hostname="LitoSoler" name="com.timp.test.MDR.AtividadesFiscais.AtividadeFiscal.AtividadeVisualizar" tests="3" failures="0" timestamp="31 Aug 2020 17:44:45 GMT" time="95.223" errors="0">
  <testcase name="login" time="7.368" classname="com.timp.test.MDR.AtividadesFiscais.AtividadeFiscal.AtividadeVisualizar"/>
  <testcase name="filtro" time="60.608" classname="com.timp.test.MDR.AtividadesFiscais.AtividadeFiscal.AtividadeVisualizar"/>
  <testcase name="acessarMDR" time="27.247" classname="com.timp.test.MDR.AtividadesFiscais.AtividadeFiscal.AtividadeVisualizar"/>
</testsuite> <!-- com.timp.test.MDR.AtividadesFiscais.AtividadeFiscal.AtividadeVisualizar -->
