<?xml version="1.0" encoding="UTF-8"?>
<!-- Generated by org.testng.reporters.JUnitReportReporter -->
<testsuite hostname="DESKTOP-JP1A9E6" failures="0" tests="2" name="com.timp.test.BRB.ExcluirRelatorio" time="178.187" errors="0" timestamp="12 jul. 2021 23:15:00 GMT" skipped="0">
  <testcase classname="com.timp.test.BRB.ExcluirRelatorio" name="eliminarLixeira" time="48.573"/>
  <testcase classname="com.timp.test.BRB.ExcluirRelatorio" name="eliminar" time="129.614"/>
</testsuite> <!-- com.timp.test.BRB.ExcluirRelatorio -->
