<?xml version="1.0" encoding="UTF-8"?>
<!-- Generated by org.testng.reporters.JUnitReportReporter -->
<testsuite hostname="DESKTOP-M23FVFN" failures="0" tests="1" name="com.timp.test.ADM.Usuários.Pacotes.PacotesCriar" time="116.044" errors="0" timestamp="2022-10-13T02:03:33 BRT" skipped="0">
  <testcase classname="com.timp.test.ADM.Usuários.Pacotes.PacotesCriar" name="Crear" time="116.044"/>
  <system-out/>
</testsuite> <!-- com.timp.test.ADM.Usuários.Pacotes.PacotesCriar -->
