<?xml version="1.0" encoding="UTF-8"?>
<!-- Generated by org.testng.reporters.JUnitReportReporter -->
<testsuite hostname="DESKTOP-JP1A9E6" failures="0" tests="1" name="com.timp.test.BRB.AcessarBRB" time="133.923" errors="0" timestamp="15 jun. 2021 05:23:37 GMT" skipped="0">
  <testcase classname="com.timp.test.BRB.AcessarBRB" name="brbEntrar" time="133.923"/>
</testsuite> <!-- com.timp.test.BRB.AcessarBRB -->
