<?xml version="1.0" encoding="UTF-8"?>
<!-- Generated by org.testng.reporters.JUnitReportReporter -->
<testsuite hostname="EC2AMAZ-8HCHO4G" failures="0" tests="1" name="com.timp.test.ADM.Usuarios.Pacotes.PacotesCriar" time="87.569" errors="0" timestamp="2023-04-26T22:04:37 UTC" skipped="0">
  <testcase classname="com.timp.test.ADM.Usuarios.Pacotes.PacotesCriar" name="Crear" time="87.569"/>
  <system-out/>
</testsuite> <!-- com.timp.test.ADM.Usuarios.Pacotes.PacotesCriar -->
