<?xml version="1.0" encoding="UTF-8"?>
<!-- Generated by org.testng.reporters.JUnitReportReporter -->
<testsuite hostname="DESKTOP-M23FVFN" failures="0" tests="1" name="com.timp.test.MDR.Centralizacao.Saldos.SaldosExcluir" time="382.917" errors="0" timestamp="28 dic. 2021 02:47:22 GMT" skipped="0">
  <testcase classname="com.timp.test.MDR.Centralizacao.Saldos.SaldosExcluir" name="excluir" time="382.917"/>
</testsuite> <!-- com.timp.test.MDR.Centralizacao.Saldos.SaldosExcluir -->
