<?xml version="1.0" encoding="UTF-8"?>
<!-- Generated by org.testng.reporters.JUnitReportReporter -->
<<<<<<< HEAD
<testsuite hostname="Agile" failures="0" tests="1" name="com.timp.test.MDR.TabelasApoioSped.TabelaCodigoDaSituaçaoTributaria.TabelaCodigoDaSituaçaoTributariaEditar" time="367.474" errors="0" timestamp="06 ene. 2022 00:57:40 GMT" skipped="0">
  <testcase classname="com.timp.test.MDR.TabelasApoioSped.TabelaCodigoDaSituaçaoTributaria.TabelaCodigoDaSituaçaoTributariaEditar" name="editar" time="367.474"/>
=======
<testsuite hostname="DESKTOP-M23FVFN" failures="0" tests="1" name="com.timp.test.MDR.TabelasApoioSped.TabelaCodigoDaSituaçaoTributaria.TabelaCodigoDaSituaçaoTributariaEditar" time="347.433" errors="0" timestamp="06 ene. 2022 06:38:42 GMT" skipped="0">
  <testcase classname="com.timp.test.MDR.TabelasApoioSped.TabelaCodigoDaSituaçaoTributaria.TabelaCodigoDaSituaçaoTributariaEditar" name="editar" time="347.433"/>
>>>>>>> branch 'Yessy' of https://github.com/salc1997/TIMP_R1
</testsuite> <!-- com.timp.test.MDR.TabelasApoioSped.TabelaCodigoDaSituaçaoTributaria.TabelaCodigoDaSituaçaoTributariaEditar -->
