<?xml version="1.0" encoding="UTF-8"?>
<!-- Generated by org.testng.reporters.JUnitReportReporter -->
<testsuite hostname="MIGUEL" failures="0" tests="3" name="com.timp.test.BRE.RegrasDeEscrituração.RegrasDeEscrituraçãoEdiçãoRelacionamento" time="194.044" errors="0" timestamp="18 Jan 2021 21:29:17 GMT">
  <testcase classname="com.timp.test.BRE.RegrasDeEscrituração.RegrasDeEscrituraçãoEdiçãoRelacionamento" name="acessarBRE" time="15.360"/>
  <testcase classname="com.timp.test.BRE.RegrasDeEscrituração.RegrasDeEscrituraçãoEdiçãoRelacionamento" name="relacionamento" time="171.544"/>
  <testcase classname="com.timp.test.BRE.RegrasDeEscrituração.RegrasDeEscrituraçãoEdiçãoRelacionamento" name="login" time="7.140"/>
</testsuite> <!-- com.timp.test.BRE.RegrasDeEscrituração.RegrasDeEscrituraçãoEdiçãoRelacionamento -->
