<?xml version="1.0" encoding="UTF-8"?>
<!-- Generated by org.testng.reporters.JUnitReportReporter -->
<testsuite hostname="DESKTOP-BNBDMGT" failures="0" tests="3" name="com.timp.test.MDR.DetalheTipoTributo.DetalheEditar" time="116.848" errors="0" timestamp="25 Dec 2020 05:44:26 GMT">
  <testcase classname="com.timp.test.MDR.DetalheTipoTributo.DetalheEditar" name="acessarMDR" time="25.763"/>
  <testcase classname="com.timp.test.MDR.DetalheTipoTributo.DetalheEditar" name="login" time="10.217"/>
  <testcase classname="com.timp.test.MDR.DetalheTipoTributo.DetalheEditar" name="editar" time="80.868"/>
</testsuite> <!-- com.timp.test.MDR.DetalheTipoTributo.DetalheEditar -->
