<?xml version="1.0" encoding="UTF-8"?>
<<<<<<< HEAD
<<<<<<< HEAD
<!-- Generated by org.testng.reporters.JUnitReportReporter -->
<<<<<<< HEAD
<testsuite hostname="DESKTOP-BNBDMGT" failures="0" tests="1" name="com.timp.test.MDR.TabelasApoioESocial.Tabela16.SGDPCriar" time="144.123" errors="0" timestamp="30 mar. 2021 02:47:08 GMT" skipped="0">
  <testcase classname="com.timp.test.MDR.TabelasApoioESocial.Tabela16.SGDPCriar" name="criar" time="144.123"/>
=======
<testsuite hostname="LAPTOP-IN7IV9K5" failures="0" tests="1" name="com.timp.test.MDR.TabelasApoioESocial.Tabela16.SGDPCriar" time="90.595" errors="0" timestamp="29 mar. 2021 21:07:29 GMT" skipped="0">
  <testcase classname="com.timp.test.MDR.TabelasApoioESocial.Tabela16.SGDPCriar" name="criar" time="90.595"/>
>>>>>>> refs/remotes/origin/Kenssy
=======
<!-- Generated by org.testng.reporters.JUnitReportReporter -->
<testsuite hostname="DESKTOP-BNBDMGT" failures="0" tests="1" name="com.timp.test.MDR.TabelasApoioESocial.Tabela16.SGDPCriar" time="74.202" errors="0" timestamp="08 abr. 2021 22:18:57 GMT" skipped="0">
  <testcase classname="com.timp.test.MDR.TabelasApoioESocial.Tabela16.SGDPCriar" name="criar" time="74.202"/>
>>>>>>> refs/remotes/origin/Yessy
=======
<!-- Generated by org.testng.reporters.JUnitReportReporter -->
<testsuite hostname="LAPTOP-IN7IV9K5" failures="0" tests="1" name="com.timp.test.MDR.TabelasApoioESocial.Tabela16.SGDPCriar" time="69.050" errors="0" timestamp="09 abr. 2021 06:02:04 GMT" skipped="0">
  <testcase classname="com.timp.test.MDR.TabelasApoioESocial.Tabela16.SGDPCriar" name="criar" time="69.050"/>
>>>>>>> refs/remotes/origin/Kenssy
</testsuite> <!-- com.timp.test.MDR.TabelasApoioESocial.Tabela16.SGDPCriar -->
