<?xml version="1.0" encoding="UTF-8"?>
<!-- Generated by org.testng.reporters.JUnitReportReporter -->
<testsuite hostname="EC2AMAZ-8HCHO4G" failures="0" tests="1" name="com.timp.test.BRB.AdicionarColunas" time="151.947" errors="0" timestamp="2023-08-31T01:25:35 UTC" skipped="0">
  <testcase classname="com.timp.test.BRB.AdicionarColunas" name="adicionarColunas" time="151.947"/>
  <system-out/>
</testsuite> <!-- com.timp.test.BRB.AdicionarColunas -->
