<?xml version="1.0" encoding="UTF-8"?>
<!-- Generated by org.testng.reporters.JUnitReportReporter -->
<testsuite skipped="0" hostname="LitoSoler" name="com.timp.test.MDR.CEP.Municipio.MunicipioFiltros" tests="1" failures="0" timestamp="09 mar 2021 01:00:52 GMT" time="37.253" errors="0">
  <testcase name="filtros" time="37.253" classname="com.timp.test.MDR.CEP.Municipio.MunicipioFiltros"/>
</testsuite> <!-- com.timp.test.MDR.CEP.Municipio.MunicipioFiltros -->
