<?xml version="1.0" encoding="UTF-8"?>
<!-- Generated by org.testng.reporters.JUnitReportReporter -->
<testsuite hostname="LitoSoler" name="com.timp.test.BRE.RegrasDeMensagens.Edicao.RegrasDeMensagensSimular" tests="3" failures="0" timestamp="2 Feb 2021 14:24:48 GMT" time="132.099" errors="0">
  <testcase name="editar" time="107.741" classname="com.timp.test.BRE.RegrasDeMensagens.Edicao.RegrasDeMensagensSimular"/>
  <testcase name="login" time="7.956" classname="com.timp.test.BRE.RegrasDeMensagens.Edicao.RegrasDeMensagensSimular"/>
  <testcase name="acessarBRE" time="16.402" classname="com.timp.test.BRE.RegrasDeMensagens.Edicao.RegrasDeMensagensSimular"/>
</testsuite> <!-- com.timp.test.BRE.RegrasDeMensagens.Edicao.RegrasDeMensagensSimular -->
