<?xml version="1.0" encoding="UTF-8"?>
<!-- Generated by org.testng.reporters.JUnitReportReporter -->
<testsuite hostname="DESKTOP-JP1A9E6" failures="0" tests="3" name="com.timp.test.BRB.Formula" time="176.478" errors="0" timestamp="24 ago. 2021 06:08:11 GMT" skipped="0">
  <testcase classname="com.timp.test.BRB.Formula" name="formulaBoton" time="95.517"/>
  <testcase classname="com.timp.test.BRB.Formula" name="formulaColuna" time="70.260"/>
  <testcase classname="com.timp.test.BRB.Formula" name="aplicar" time="10.701"/>
</testsuite> <!-- com.timp.test.BRB.Formula -->
