<?xml version="1.0" encoding="UTF-8"?>
<!-- Generated by org.testng.reporters.JUnitReportReporter -->
<testsuite hostname="DESKTOP-M23FVFN" failures="0" tests="1" name="com.timp.test.MDR.RegistroECAC.RegistroECACCriar" time="229.336" errors="0" timestamp="07 ene. 2022 01:39:16 GMT" skipped="0">
  <testcase classname="com.timp.test.MDR.RegistroECAC.RegistroECACCriar" name="criar" time="229.336"/>
</testsuite> <!-- com.timp.test.MDR.RegistroECAC.RegistroECACCriar -->
