<?xml version="1.0" encoding="UTF-8"?>
<!-- Generated by org.testng.reporters.JUnitReportReporter -->
<testsuite hostname="LitoSoler" name="com.timp.test.MDR.DetalheTipoTributo.DetalheExcluir" tests="3" failures="0" timestamp="14 Jul 2020 00:23:17 GMT" time="100.583" errors="0">
  <testcase name="visualizar" time="85.791" classname="com.timp.test.MDR.DetalheTipoTributo.DetalheExcluir"/>
  <testcase name="login" time="6.964" classname="com.timp.test.MDR.DetalheTipoTributo.DetalheExcluir"/>
  <testcase name="acessarMDR" time="7.828" classname="com.timp.test.MDR.DetalheTipoTributo.DetalheExcluir"/>
</testsuite> <!-- com.timp.test.MDR.DetalheTipoTributo.DetalheExcluir -->
