<?xml version="1.0" encoding="UTF-8"?>
<!-- Generated by org.testng.reporters.JUnitReportReporter -->
<testsuite hostname="DESKTOP-C57COV6" failures="0" tests="1" name="com.timp.test.MDR.TabelasComplementaresParaObrigaçoesAcessorias.AtribuicaoMunicipioEstado.AtribuicaoMunicipioEstadoVisualizar" time="216.639" errors="0" timestamp="18 oct. 2021 04:51:00 GMT" skipped="0">
  <testcase classname="com.timp.test.MDR.TabelasComplementaresParaObrigaçoesAcessorias.AtribuicaoMunicipioEstado.AtribuicaoMunicipioEstadoVisualizar" name="visualizar" time="216.639"/>
</testsuite> <!-- com.timp.test.MDR.TabelasComplementaresParaObrigaçoesAcessorias.AtribuicaoMunicipioEstado.AtribuicaoMunicipioEstadoVisualizar -->
