<?xml version="1.0" encoding="UTF-8"?>
<!-- Generated by org.testng.reporters.JUnitReportReporter -->
<testsuite hostname="EC2AMAZ-8HCHO4G" failures="0" tests="5" name="com.timp.test.TAA.AtribuiçõesdeRegras.RegraDeCampos.RegraDeCamposTodasAsFunc" time="433.896" errors="0" timestamp="2023-09-04T15:48:31 UTC" skipped="0">
  <testcase classname="com.timp.test.TAA.AtribuiçõesdeRegras.RegraDeCampos.RegraDeCamposTodasAsFunc" name="criar" time="157.354"/>
  <system-out/>
  <testcase classname="com.timp.test.TAA.AtribuiçõesdeRegras.RegraDeCampos.RegraDeCamposTodasAsFunc" name="editar" time="89.198"/>
  <system-out/>
  <testcase classname="com.timp.test.TAA.AtribuiçõesdeRegras.RegraDeCampos.RegraDeCamposTodasAsFunc" name="Detalle" time="74.342"/>
  <system-out/>
  <testcase classname="com.timp.test.TAA.AtribuiçõesdeRegras.RegraDeCampos.RegraDeCamposTodasAsFunc" name="ver" time="81.335"/>
  <system-out/>
  <testcase classname="com.timp.test.TAA.AtribuiçõesdeRegras.RegraDeCampos.RegraDeCamposTodasAsFunc" name="excluir" time="31.667"/>
  <system-out/>
</testsuite> <!-- com.timp.test.TAA.AtribuiçõesdeRegras.RegraDeCampos.RegraDeCamposTodasAsFunc -->
