<?xml version="1.0" encoding="UTF-8"?>
<!-- Generated by org.testng.reporters.JUnitReportReporter -->
<<<<<<< HEAD
<testsuite hostname="LAPTOP-IN7IV9K5" failures="0" tests="1" name="com.timp.test.TDK.Execucoes.MinhasExecuções.MeusFavoritos.MeusFavoritosFiltroId" time="81.909" errors="0" timestamp="25 jun. 2021 09:13:32 GMT" skipped="0">
  <testcase classname="com.timp.test.TDK.Execucoes.MinhasExecuções.MeusFavoritos.MeusFavoritosFiltroId" name="filtro" time="81.909"/>
=======
<testsuite hostname="DESKTOP-C57COV6" failures="0" tests="1" name="com.timp.test.TDK.Execucoes.MinhasExecuções.MeusFavoritos.MeusFavoritosFiltroId" time="122.773" errors="0" timestamp="17 ago. 2021 15:48:24 GMT" skipped="0">
  <testcase classname="com.timp.test.TDK.Execucoes.MinhasExecuções.MeusFavoritos.MeusFavoritosFiltroId" name="filtro" time="122.773"/>
>>>>>>> refs/remotes/origin/Yessy
</testsuite> <!-- com.timp.test.TDK.Execucoes.MinhasExecuções.MeusFavoritos.MeusFavoritosFiltroId -->
