<?xml version="1.0" encoding="UTF-8"?>
<!-- Generated by org.testng.reporters.JUnitReportReporter -->
<testsuite hostname="DESKTOP-5P4F1JE" failures="0" tests="4" name="com.timp.test.BRB.NovoRelatorio" time="165.396" errors="0" timestamp="13 Nov 2020 18:47:52 GMT">
  <testcase classname="com.timp.test.BRB.NovoRelatorio" name="brbEntrar" time="23.400"/>
  <testcase classname="com.timp.test.BRB.NovoRelatorio" name="colunas" time="75.990"/>
  <testcase classname="com.timp.test.BRB.NovoRelatorio" name="novoRelatorio" time="57.679"/>
  <testcase classname="com.timp.test.BRB.NovoRelatorio" name="login" time="8.327"/>
</testsuite> <!-- com.timp.test.BRB.NovoRelatorio -->
