<?xml version="1.0" encoding="UTF-8"?>
<!-- Generated by org.testng.reporters.JUnitReportReporter -->
<testsuite hostname="MassielV" failures="0" tests="1" name="com.timp.test.BRB.CriarComCopia" time="250.324" errors="0" timestamp="14 oct. 2021 20:46:59 GMT" skipped="0">
  <testcase classname="com.timp.test.BRB.CriarComCopia" name="criarCopia" time="250.324"/>
</testsuite> <!-- com.timp.test.BRB.CriarComCopia -->
