<?xml version="1.0" encoding="UTF-8"?>
<!-- Generated by org.testng.reporters.JUnitReportReporter -->
<testsuite hostname="EC2AMAZ-8HCHO4G" failures="0" tests="2" name="com.timp.test.TFB.LivrosOficiais.LivrosOficiais" time="505.315" errors="0" timestamp="2024-10-09T20:23:55 UTC" skipped="0">
  <testcase classname="com.timp.test.TFB.LivrosOficiais.LivrosOficiais" name="livrosOficias" time="36.304"/>
  <system-out/>
  <testcase classname="com.timp.test.TFB.LivrosOficiais.LivrosOficiais" name="livrosICMSST" time="469.011"/>
  <system-out/>
</testsuite> <!-- com.timp.test.TFB.LivrosOficiais.LivrosOficiais -->
