<?xml version="1.0" encoding="UTF-8"?>
<!-- Generated by org.testng.reporters.JUnitReportReporter -->
<testsuite hostname="DESKTOP-HB7TMPD" failures="0" tests="3" name="com.timp.test.MDR.PrecoDeTransferencia.ValoresParaMetodo.ValoresParaMetodoCPL.ValoresParaMetodoCPLCriar" time="138.995" errors="0" timestamp="14 Nov 2020 05:55:33 GMT">
  <testcase classname="com.timp.test.MDR.PrecoDeTransferencia.ValoresParaMetodo.ValoresParaMetodoCPL.ValoresParaMetodoCPLCriar" name="acessarMDR" time="42.745"/>
  <testcase classname="com.timp.test.MDR.PrecoDeTransferencia.ValoresParaMetodo.ValoresParaMetodoCPL.ValoresParaMetodoCPLCriar" name="login" time="12.339"/>
  <testcase classname="com.timp.test.MDR.PrecoDeTransferencia.ValoresParaMetodo.ValoresParaMetodoCPL.ValoresParaMetodoCPLCriar" name="criar" time="83.911"/>
</testsuite> <!-- com.timp.test.MDR.PrecoDeTransferencia.ValoresParaMetodo.ValoresParaMetodoCPL.ValoresParaMetodoCPLCriar -->
