<?xml version="1.0" encoding="UTF-8"?>
<!-- Generated by org.testng.reporters.JUnitReportReporter -->
<testsuite hostname="DESKTOP-5P4F1JE" failures="0" tests="3" name="com.timp.test.TDK.Kpis.Edicao.KpisTabelas" time="195.730" errors="0" timestamp="22 Jan 2021 12:49:34 GMT">
  <testcase classname="com.timp.test.TDK.Kpis.Edicao.KpisTabelas" name="acessarTDK" time="23.662"/>
  <testcase classname="com.timp.test.TDK.Kpis.Edicao.KpisTabelas" name="criar" time="164.390"/>
  <testcase classname="com.timp.test.TDK.Kpis.Edicao.KpisTabelas" name="login" time="7.678"/>
</testsuite> <!-- com.timp.test.TDK.Kpis.Edicao.KpisTabelas -->
