<?xml version="1.0" encoding="UTF-8"?>
<!-- Generated by org.testng.reporters.JUnitReportReporter -->
<testsuite hostname="DESKTOP-M23FVFN" failures="0" tests="1" name="com.timp.test.ADM.Configuração.ConfiguraçãoDeTributos.ConfiguraçãoDeTipoTributo.ConfiguracaoDeTipoTributoVisualizar" time="71.141" errors="0" timestamp="2022-11-30T00:44:20 BRT" skipped="0">
  <testcase classname="com.timp.test.ADM.Configuração.ConfiguraçãoDeTributos.ConfiguraçãoDeTipoTributo.ConfiguracaoDeTipoTributoVisualizar" name="Visualizar" time="71.141"/>
  <system-out/>
</testsuite> <!-- com.timp.test.ADM.Configuração.ConfiguraçãoDeTributos.ConfiguraçãoDeTipoTributo.ConfiguracaoDeTipoTributoVisualizar -->
