<?xml version="1.0" encoding="UTF-8"?>
<!-- Generated by org.testng.reporters.JUnitReportReporter -->
<testsuite hostname="EC2AMAZ-8HCHO4G" failures="0" tests="3" name="com.timp.test.SCANC.RelatoriosRefineriaGerados.RRGConfiguracaoDeAjustePresquisaPorIDOuCodigoDeAjuste" time="85.566" errors="0" timestamp="2023-05-04T14:43:24 UTC" skipped="0">
  <testcase classname="com.timp.test.SCANC.RelatoriosRefineriaGerados.RRGConfiguracaoDeAjustePresquisaPorIDOuCodigoDeAjuste" name="ingresar" time="6.507"/>
  <system-out/>
  <testcase classname="com.timp.test.SCANC.RelatoriosRefineriaGerados.RRGConfiguracaoDeAjustePresquisaPorIDOuCodigoDeAjuste" name="scancEntrar" time="16.886"/>
  <system-out/>
  <testcase classname="com.timp.test.SCANC.RelatoriosRefineriaGerados.RRGConfiguracaoDeAjustePresquisaPorIDOuCodigoDeAjuste" name="pesquisar" time="62.173"/>
  <system-out/>
</testsuite> <!-- com.timp.test.SCANC.RelatoriosRefineriaGerados.RRGConfiguracaoDeAjustePresquisaPorIDOuCodigoDeAjuste -->
