<?xml version="1.0" encoding="UTF-8"?>
<!-- Generated by org.testng.reporters.JUnitReportReporter -->
<testsuite hostname="LitoSoler" name="com.timp.test.MDR.AtividadesFiscais.AtividadeFiscal.AtividadeCriar" tests="3" failures="0" timestamp="31 Aug 2020 17:41:47 GMT" time="117.722" errors="0">
  <testcase name="login" time="7.616" classname="com.timp.test.MDR.AtividadesFiscais.AtividadeFiscal.AtividadeCriar"/>
  <testcase name="acessarMDR" time="27.578" classname="com.timp.test.MDR.AtividadesFiscais.AtividadeFiscal.AtividadeCriar"/>
  <testcase name="visualizar" time="82.528" classname="com.timp.test.MDR.AtividadesFiscais.AtividadeFiscal.AtividadeCriar"/>
</testsuite> <!-- com.timp.test.MDR.AtividadesFiscais.AtividadeFiscal.AtividadeCriar -->
