<?xml version="1.0" encoding="UTF-8"?>
<!-- Generated by org.testng.reporters.JUnitReportReporter -->
<testsuite hostname="LAPTOP-IN7IV9K5" failures="0" tests="1" name="com.timp.test.MDR.CEP.Logradouro.LogradouroFiltros" time="34.571" errors="0" timestamp="23 abr. 2021 17:46:26 GMT" skipped="0">
  <testcase classname="com.timp.test.MDR.CEP.Logradouro.LogradouroFiltros" name="filtros" time="34.571"/>
</testsuite> <!-- com.timp.test.MDR.CEP.Logradouro.LogradouroFiltros -->
