<?xml version="1.0" encoding="UTF-8"?>
<!-- Generated by org.testng.reporters.JUnitReportReporter -->
<testsuite hostname="DESKTOP-M23FVFN" failures="0" tests="1" name="com.timp.test.MDR.Ajustes.CodigosAjustes.CodigosAjustesVisualizar" time="118.653" errors="0" timestamp="22 dic. 2021 23:45:23 GMT" skipped="0">
  <testcase classname="com.timp.test.MDR.Ajustes.CodigosAjustes.CodigosAjustesVisualizar" name="visualizar" time="118.653"/>
</testsuite> <!-- com.timp.test.MDR.Ajustes.CodigosAjustes.CodigosAjustesVisualizar -->
