<?xml version="1.0" encoding="UTF-8"?>
<!-- Generated by org.testng.reporters.JUnitReportReporter -->
<testsuite hostname="DESKTOP-BNBDMGT" failures="0" tests="3" name="com.timp.test.TDK.Kpis.KpisPublicos.KpisPublicosFiltroId" time="66.498" errors="0" timestamp="12 Feb 2021 04:31:04 GMT">
  <testcase classname="com.timp.test.TDK.Kpis.KpisPublicos.KpisPublicosFiltroId" name="acessarTDK" time="25.129"/>
  <testcase classname="com.timp.test.TDK.Kpis.KpisPublicos.KpisPublicosFiltroId" name="filtro" time="31.624"/>
  <testcase classname="com.timp.test.TDK.Kpis.KpisPublicos.KpisPublicosFiltroId" name="login" time="9.745"/>
</testsuite> <!-- com.timp.test.TDK.Kpis.KpisPublicos.KpisPublicosFiltroId -->
