<?xml version="1.0" encoding="UTF-8"?>
<!-- Generated by org.testng.reporters.JUnitReportReporter -->
<testsuite hostname="DESKTOP-5P4F1JE" failures="0" tests="3" name="com.timp.test.MDR.DeterminacaoRelevanciaTarefaMotivoReabertura.CadastroMotivosReabertura.CadastroMotivosReaberturaCriar" time="79.777" errors="0" timestamp="25 Jan 2021 17:38:14 GMT">
  <testcase classname="com.timp.test.MDR.DeterminacaoRelevanciaTarefaMotivoReabertura.CadastroMotivosReabertura.CadastroMotivosReaberturaCriar" name="acessarMDR" time="25.043"/>
  <testcase classname="com.timp.test.MDR.DeterminacaoRelevanciaTarefaMotivoReabertura.CadastroMotivosReabertura.CadastroMotivosReaberturaCriar" name="criar" time="46.124"/>
  <testcase classname="com.timp.test.MDR.DeterminacaoRelevanciaTarefaMotivoReabertura.CadastroMotivosReabertura.CadastroMotivosReaberturaCriar" name="login" time="8.610"/>
</testsuite> <!-- com.timp.test.MDR.DeterminacaoRelevanciaTarefaMotivoReabertura.CadastroMotivosReabertura.CadastroMotivosReaberturaCriar -->
