<?xml version="1.0" encoding="UTF-8"?>
<!-- Generated by org.testng.reporters.JUnitReportReporter -->
<testsuite hostname="SALC-PC" failures="0" tests="1" name="com.timp.test.ATR.Arquivos.NotaFiscalEletronicaDeTransporte.NotaFiscalEletronicaDeTransporteFiltrosAvancados" time="68.621" errors="0" timestamp="2023-05-29T13:16:24 CST" skipped="0">
  <testcase classname="com.timp.test.ATR.Arquivos.NotaFiscalEletronicaDeTransporte.NotaFiscalEletronicaDeTransporteFiltrosAvancados" name="filtro" time="68.621"/>
  <system-out/>
</testsuite> <!-- com.timp.test.ATR.Arquivos.NotaFiscalEletronicaDeTransporte.NotaFiscalEletronicaDeTransporteFiltrosAvancados -->
