<?xml version="1.0" encoding="UTF-8"?>
<!-- Generated by org.testng.reporters.JUnitReportReporter -->
<testsuite hostname="DESKTOP-BNBDMGT" failures="0" tests="3" name="com.timp.test.BRE.RegrasDeNegocio.RegrasdeNegócioLixeiraExcluirdefinitivamenteCriarAbas" time="126.026" errors="0" timestamp="15 Feb 2021 21:03:38 GMT">
  <testcase classname="com.timp.test.BRE.RegrasDeNegocio.RegrasdeNegócioLixeiraExcluirdefinitivamenteCriarAbas" name="login" time="9.620"/>
  <testcase classname="com.timp.test.BRE.RegrasDeNegocio.RegrasdeNegócioLixeiraExcluirdefinitivamenteCriarAbas" name="lexeira" time="95.568"/>
  <testcase classname="com.timp.test.BRE.RegrasDeNegocio.RegrasdeNegócioLixeiraExcluirdefinitivamenteCriarAbas" name="acessarBRE" time="20.838"/>
</testsuite> <!-- com.timp.test.BRE.RegrasDeNegocio.RegrasdeNegócioLixeiraExcluirdefinitivamenteCriarAbas -->
