<?xml version="1.0" encoding="UTF-8"?>
<!-- Generated by org.testng.reporters.JUnitReportReporter -->
<testsuite hostname="DESKTOP-M23FVFN" failures="0" tests="2" name="com.timp.test.TFB.AccesarTFB" time="57.420" errors="0" timestamp="05 may. 2022 23:49:27 GMT" skipped="0">
  <testcase classname="com.timp.test.TFB.AccesarTFB" name="login" time="20.840"/>
  <testcase classname="com.timp.test.TFB.AccesarTFB" name="tfbEntrar" time="36.580"/>
</testsuite> <!-- com.timp.test.TFB.AccesarTFB -->
