<?xml version="1.0" encoding="UTF-8"?>
<!-- Generated by org.testng.reporters.JUnitReportReporter -->
<testsuite hostname="DESKTOP-C57COV6" failures="0" tests="1" name="com.timp.test.MDR.TabelasApoioSped.CodigoAjustesContribuiçoesCreditos.CodigoAjustesContribuiçaoCreditosCriar" time="148.770" errors="0" timestamp="02 sep. 2021 16:11:43 GMT" skipped="0">
  <testcase classname="com.timp.test.MDR.TabelasApoioSped.CodigoAjustesContribuiçoesCreditos.CodigoAjustesContribuiçaoCreditosCriar" name="criar" time="148.770"/>
</testsuite> <!-- com.timp.test.MDR.TabelasApoioSped.CodigoAjustesContribuiçoesCreditos.CodigoAjustesContribuiçaoCreditosCriar -->
