<?xml version="1.0" encoding="UTF-8"?>
<!-- Generated by org.testng.reporters.JUnitReportReporter -->
<testsuite hostname="MIGUEL" failures="0" tests="1" name="com.timp.test.BRB.AtivarCorrecao" time="72.010" errors="0" timestamp="31 mar. 2021 00:35:49 GMT" skipped="0">
  <testcase classname="com.timp.test.BRB.AtivarCorrecao" name="ativarCorreccion" time="72.010"/>
</testsuite> <!-- com.timp.test.BRB.AtivarCorrecao -->
