<?xml version="1.0" encoding="UTF-8"?>
<!-- Generated by org.testng.reporters.JUnitReportReporter -->
<testsuite hostname="LitoSoler" name="com.timp.test.MDR.ContratoIOF.ContratoIOFExcluir" tests="3" failures="0" timestamp="20 Aug 2020 00:34:51 GMT" time="107.571" errors="0">
  <testcase name="acessarMDR" time="36.672" classname="com.timp.test.MDR.ContratoIOF.ContratoIOFExcluir"/>
  <testcase name="Excluir" time="63.999" classname="com.timp.test.MDR.ContratoIOF.ContratoIOFExcluir"/>
  <testcase name="login" time="6.900" classname="com.timp.test.MDR.ContratoIOF.ContratoIOFExcluir"/>
</testsuite> <!-- com.timp.test.MDR.ContratoIOF.ContratoIOFExcluir -->
