<?xml version="1.0" encoding="UTF-8"?>
<!-- Generated by org.testng.reporters.JUnitReportReporter -->
<testsuite hostname="CRISTHIAN-VASQUEZ" failures="0" tests="3" name="com.timp.test.MDR.TabelasApoioESocial.Tabela23.FactoresDeRiscoExcluir" time="81.735" errors="0" timestamp="29 Oct 2020 12:03:52 GMT">
  <testcase classname="com.timp.test.MDR.TabelasApoioESocial.Tabela23.FactoresDeRiscoExcluir" name="login" time="8.034"/>
  <testcase classname="com.timp.test.MDR.TabelasApoioESocial.Tabela23.FactoresDeRiscoExcluir" name="excluirr" time="63.527"/>
  <testcase classname="com.timp.test.MDR.TabelasApoioESocial.Tabela23.FactoresDeRiscoExcluir" name="acessarMDR" time="10.174"/>
</testsuite> <!-- com.timp.test.MDR.TabelasApoioESocial.Tabela23.FactoresDeRiscoExcluir -->
