<?xml version="1.0" encoding="UTF-8"?>
<!-- Generated by org.testng.reporters.JUnitReportReporter -->
<testsuite hostname="DESKTOP-C57COV6" failures="0" tests="1" name="com.timp.test.MDR.ThinCapitalization.Subcapitalizacao.SubcapitalizacaoExcluir" time="74.929" errors="0" timestamp="27 abr. 2021 23:06:26 GMT" skipped="0">
  <testcase classname="com.timp.test.MDR.ThinCapitalization.Subcapitalizacao.SubcapitalizacaoExcluir" name="excluir" time="74.929"/>
</testsuite> <!-- com.timp.test.MDR.ThinCapitalization.Subcapitalizacao.SubcapitalizacaoExcluir -->
