<?xml version="1.0" encoding="UTF-8"?>
<!-- Generated by org.testng.reporters.JUnitReportReporter -->
<testsuite hostname="LitoSoler" name="com.timp.test.BRB.ReordenarColuna" tests="3" failures="0" timestamp="30 Jul 2020 22:47:17 GMT" time="59.029" errors="0">
  <testcase name="login" time="5.558" classname="com.timp.test.BRB.ReordenarColuna"/>
  <testcase name="reordenar" time="40.051" classname="com.timp.test.BRB.ReordenarColuna"/>
  <testcase name="brbEntrar" time="13.420" classname="com.timp.test.BRB.ReordenarColuna"/>
</testsuite> <!-- com.timp.test.BRB.ReordenarColuna -->
