<?xml version="1.0" encoding="UTF-8"?>
<!-- Generated by org.testng.reporters.JUnitReportReporter -->
<testsuite hostname="LitoSoler" name="com.timp.test.BRB.NovoRelatorio" tests="4" failures="0" timestamp="23 Dec 2020 16:15:02 GMT" time="206.672" errors="0">
  <testcase name="novoRelatorio" time="68.865" classname="com.timp.test.BRB.NovoRelatorio"/>
  <testcase name="colunas" time="99.963" classname="com.timp.test.BRB.NovoRelatorio"/>
  <testcase name="brbEntrar" time="30.590" classname="com.timp.test.BRB.NovoRelatorio"/>
  <testcase name="login" time="7.254" classname="com.timp.test.BRB.NovoRelatorio"/>
</testsuite> <!-- com.timp.test.BRB.NovoRelatorio -->
