<?xml version="1.0" encoding="UTF-8"?>
<!-- Generated by org.testng.reporters.JUnitReportReporter -->
<testsuite hostname="EC2AMAZ-8HCHO4G" failures="0" tests="1" name="com.timp.test.BRB.AdicionarColunas" time="207.946" errors="0" timestamp="2023-05-08T20:40:16 UTC" skipped="0">
  <testcase classname="com.timp.test.BRB.AdicionarColunas" name="adicionarColunas" time="207.946"/>
  <system-out/>
</testsuite> <!-- com.timp.test.BRB.AdicionarColunas -->
