<?xml version="1.0" encoding="UTF-8"?>
<!-- Generated by org.testng.reporters.JUnitReportReporter -->
<testsuite hostname="LitoSoler" name="com.timp.test.BRB.PublicoYPrivado" tests="3" failures="0" timestamp="30 Sep 2020 16:17:53 GMT" time="137.033" errors="0">
  <testcase name="login" time="13.692" classname="com.timp.test.BRB.PublicoYPrivado"/>
  <testcase name="brbEntrar" time="32.410" classname="com.timp.test.BRB.PublicoYPrivado"/>
  <testcase name="publicoYPRivado" time="90.931" classname="com.timp.test.BRB.PublicoYPrivado"/>
</testsuite> <!-- com.timp.test.BRB.PublicoYPrivado -->
