<?xml version="1.0" encoding="UTF-8"?>
<!-- Generated by org.testng.reporters.JUnitReportReporter -->
<testsuite hostname="EC2AMAZ-8HCHO4G" failures="0" tests="1" name="com.timp.test.BRB.EditarRelatorio" time="95.743" errors="0" timestamp="2023-05-29T19:59:22 UTC" skipped="0">
  <testcase classname="com.timp.test.BRB.EditarRelatorio" name="editar" time="95.743"/>
  <system-out/>
</testsuite> <!-- com.timp.test.BRB.EditarRelatorio -->
