<?xml version="1.0" encoding="UTF-8"?>
<!-- Generated by org.testng.reporters.JUnitReportReporter -->
<<<<<<< HEAD
<testsuite hostname="LAPTOP-IN7IV9K5" failures="0" tests="1" name="com.timp.test.MDR.PrecoDeTransferencia.ValoresParaMetodosDeImportacao.ValoresParaMetodoPRL.ValoresParaMetodoPRLFiltroID" time="54.984" errors="0" timestamp="25 jun. 2021 17:51:27 GMT" skipped="0">
  <testcase classname="com.timp.test.MDR.PrecoDeTransferencia.ValoresParaMetodosDeImportacao.ValoresParaMetodoPRL.ValoresParaMetodoPRLFiltroID" name="filtro" time="54.984"/>
=======
<testsuite hostname="DESKTOP-JP1A9E6" failures="0" tests="1" name="com.timp.test.MDR.PrecoDeTransferencia.ValoresParaMetodosDeImportacao.ValoresParaMetodoPRL.ValoresParaMetodoPRLFiltroID" time="152.572" errors="0" timestamp="16 sep. 2021 03:01:06 GMT" skipped="0">
  <testcase classname="com.timp.test.MDR.PrecoDeTransferencia.ValoresParaMetodosDeImportacao.ValoresParaMetodoPRL.ValoresParaMetodoPRLFiltroID" name="filtro" time="152.572"/>
>>>>>>> refs/remotes/origin/Yessy
</testsuite> <!-- com.timp.test.MDR.PrecoDeTransferencia.ValoresParaMetodosDeImportacao.ValoresParaMetodoPRL.ValoresParaMetodoPRLFiltroID -->
