<?xml version="1.0" encoding="UTF-8"?>
<!-- Generated by org.testng.reporters.JUnitReportReporter -->
<testsuite hostname="DESKTOP-JP1A9E6" failures="0" tests="3" name="com.timp.test.BPMA.ProcessodeNegocio.ProcessodeNegocioCriarCopia" time="244.250" errors="0" timestamp="10 ago. 2021 15:55:51 GMT" skipped="0">
  <testcase classname="com.timp.test.BPMA.ProcessodeNegocio.ProcessodeNegocioCriarCopia" name="login" time="7.191"/>
  <testcase classname="com.timp.test.BPMA.ProcessodeNegocio.ProcessodeNegocioCriarCopia" name="CriarCopia" time="209.612"/>
  <testcase classname="com.timp.test.BPMA.ProcessodeNegocio.ProcessodeNegocioCriarCopia" name="BPMAEntrar" time="27.447"/>
</testsuite> <!-- com.timp.test.BPMA.ProcessodeNegocio.ProcessodeNegocioCriarCopia -->
