<?xml version="1.0" encoding="UTF-8"?>
<!-- Generated by org.testng.reporters.JUnitReportReporter -->
<testsuite hostname="LitoSoler" name="com.timp.test.MDR.RegistroDeExportaçao.RegistroDeExportaçaoExcluir" tests="3" failures="0" timestamp="6 Dec 2020 18:12:43 GMT" time="64.232" errors="0">
  <testcase name="Excluir" time="39.385" classname="com.timp.test.MDR.RegistroDeExportaçao.RegistroDeExportaçaoExcluir"/>
  <testcase name="login" time="6.478" classname="com.timp.test.MDR.RegistroDeExportaçao.RegistroDeExportaçaoExcluir"/>
  <testcase name="acessarMDR" time="18.369" classname="com.timp.test.MDR.RegistroDeExportaçao.RegistroDeExportaçaoExcluir"/>
</testsuite> <!-- com.timp.test.MDR.RegistroDeExportaçao.RegistroDeExportaçaoExcluir -->
