<?xml version="1.0" encoding="UTF-8"?>
<!-- Generated by org.testng.reporters.JUnitReportReporter -->
<testsuite hostname="DESKTOP-C57COV6" failures="0" tests="1" name="com.timp.test.TDK.Dashboard.DashboardCriar" time="190.364" errors="0" timestamp="23 jul. 2021 22:46:52 GMT" skipped="0">
  <testcase classname="com.timp.test.TDK.Dashboard.DashboardCriar" name="criar" time="190.364"/>
</testsuite> <!-- com.timp.test.TDK.Dashboard.DashboardCriar -->
