<?xml version="1.0" encoding="UTF-8"?>
<!-- Generated by org.testng.reporters.JUnitReportReporter -->
<testsuite hostname="LitoSoler" name="com.timp.test.BRB.AtivarComentario" tests="3" failures="0" timestamp="30 Sep 2020 21:11:52 GMT" time="75.750" errors="0">
  <testcase name="login" time="8.834" classname="com.timp.test.BRB.AtivarComentario"/>
  <testcase name="ativarComentarios" time="36.096" classname="com.timp.test.BRB.AtivarComentario"/>
  <testcase name="brbEntrar" time="30.820" classname="com.timp.test.BRB.AtivarComentario"/>
</testsuite> <!-- com.timp.test.BRB.AtivarComentario -->
