<?xml version="1.0" encoding="UTF-8"?>
<!-- Generated by org.testng.reporters.JUnitReportReporter -->
<testsuite hostname="DESKTOP-35UG9UP" name="com.timp.test.BRB.Formula" tests="5" failures="0" timestamp="1 Oct 2020 15:15:26 GMT" time="224.823" errors="0">
  <testcase name="brbEntrar" time="24.927" classname="com.timp.test.BRB.Formula"/>
  <testcase name="formulaBoton" time="87.185" classname="com.timp.test.BRB.Formula"/>
  <testcase name="login" time="16.082" classname="com.timp.test.BRB.Formula"/>
  <testcase name="formulaColuna" time="73.155" classname="com.timp.test.BRB.Formula"/>
  <testcase name="aplicar" time="23.474" classname="com.timp.test.BRB.Formula"/>
</testsuite> <!-- com.timp.test.BRB.Formula -->
