<?xml version="1.0" encoding="UTF-8"?>
<!-- Generated by org.testng.reporters.JUnitReportReporter -->
<testsuite hostname="DESKTOP-BNBDMGT" failures="0" tests="3" name="com.timp.test.BSC.CorrecaoDeNFAprovarEmMassaCJOB" time="153.839" errors="0" timestamp="1 Dec 2020 17:26:08 GMT">
  <testcase classname="com.timp.test.BSC.CorrecaoDeNFAprovarEmMassaCJOB" name="login" time="9.309"/>
  <testcase classname="com.timp.test.BSC.CorrecaoDeNFAprovarEmMassaCJOB" name="brbEntrar" time="28.042"/>
  <testcase classname="com.timp.test.BSC.CorrecaoDeNFAprovarEmMassaCJOB" name="Aprovar" time="116.488"/>
</testsuite> <!-- com.timp.test.BSC.CorrecaoDeNFAprovarEmMassaCJOB -->
