<?xml version="1.0" encoding="UTF-8"?>
<!-- Generated by org.testng.reporters.JUnitReportReporter -->
<testsuite hostname="DESKTOP-BNBDMGT" failures="0" tests="2" name="com.timp.test.BSC.AcessarBSC" time="21.574" errors="0" timestamp="25 Nov 2020 04:54:21 GMT">
  <testcase classname="com.timp.test.BSC.AcessarBSC" name="login" time="6.699"/>
  <testcase classname="com.timp.test.BSC.AcessarBSC" name="BSCEntrar" time="14.875"/>
</testsuite> <!-- com.timp.test.BSC.AcessarBSC -->
