<?xml version="1.0" encoding="UTF-8"?>
<!-- Generated by org.testng.reporters.JUnitReportReporter -->
<testsuite hostname="DESKTOP-HB7TMPD" failures="0" tests="3" name="com.timp.test.BRE.RegrasDeAuditoriaN4.ParametrosGerais.RegrasDeAuditoriaN4LixeiraEmMassaMaisExcluirEmMassa" time="276.914" errors="0" timestamp="6 Jan 2021 08:49:10 GMT">
  <testcase classname="com.timp.test.BRE.RegrasDeAuditoriaN4.ParametrosGerais.RegrasDeAuditoriaN4LixeiraEmMassaMaisExcluirEmMassa" name="login" time="7.861"/>
  <testcase classname="com.timp.test.BRE.RegrasDeAuditoriaN4.ParametrosGerais.RegrasDeAuditoriaN4LixeiraEmMassaMaisExcluirEmMassa" name="criar" time="251.662"/>
  <testcase classname="com.timp.test.BRE.RegrasDeAuditoriaN4.ParametrosGerais.RegrasDeAuditoriaN4LixeiraEmMassaMaisExcluirEmMassa" name="acessarBRE" time="17.391"/>
</testsuite> <!-- com.timp.test.BRE.RegrasDeAuditoriaN4.ParametrosGerais.RegrasDeAuditoriaN4LixeiraEmMassaMaisExcluirEmMassa -->
