<?xml version="1.0" encoding="UTF-8"?>
<!-- Generated by org.testng.reporters.JUnitReportReporter -->
<testsuite hostname="DESKTOP-C57COV6" failures="0" tests="1" name="com.timp.test.MDR.Filiais.FiliaisDetalle" time="153.306" errors="0" timestamp="17 nov. 2021 18:12:05 GMT" skipped="0">
  <testcase classname="com.timp.test.MDR.Filiais.FiliaisDetalle" name="detalle" time="153.306"/>
</testsuite> <!-- com.timp.test.MDR.Filiais.FiliaisDetalle -->
