<?xml version="1.0" encoding="UTF-8"?>
<!-- Generated by org.testng.reporters.JUnitReportReporter -->
<testsuite hostname="LitoSoler" name="com.timp.test.MDR.Ajustes.CodigosAjustes.CodigosAjustesEditar" tests="3" failures="0" timestamp="24 Aug 2020 20:53:53 GMT" time="120.555" errors="0">
  <testcase name="login" time="6.255" classname="com.timp.test.MDR.Ajustes.CodigosAjustes.CodigosAjustesEditar"/>
  <testcase name="criar" time="105.685" classname="com.timp.test.MDR.Ajustes.CodigosAjustes.CodigosAjustesEditar"/>
  <testcase name="acessarMDR" time="8.615" classname="com.timp.test.MDR.Ajustes.CodigosAjustes.CodigosAjustesEditar"/>
</testsuite> <!-- com.timp.test.MDR.Ajustes.CodigosAjustes.CodigosAjustesEditar -->
