<?xml version="1.0" encoding="UTF-8"?>
<!-- Generated by org.testng.reporters.JUnitReportReporter -->
<testsuite hostname="Agile" failures="0" tests="2" name="com.timp.test.BRB.FiltroColunas" time="169.438" errors="0" timestamp="28 feb. 2022 07:49:40 GMT" skipped="0">
  <testcase classname="com.timp.test.BRB.FiltroColunas" name="filtroConFerramenta1" time="134.140"/>
  <testcase classname="com.timp.test.BRB.FiltroColunas" name="filtroConFerramenta2" time="35.298"/>
</testsuite> <!-- com.timp.test.BRB.FiltroColunas -->
