<?xml version="1.0" encoding="UTF-8"?>
<!-- Generated by org.testng.reporters.JUnitReportReporter -->
<testsuite hostname="EC2AMAZ-8HCHO4G" failures="0" tests="5" name="com.timp.test.ADM.Configuracao.ConfiguracaoDeTributos.ConfiguracaodeTributoXTributoGrupo.ConfiguracaodeTributoXTributoGrupoTodasFunc" time="210.934" errors="0" timestamp="2023-03-06T17:33:23 UTC" skipped="0">
  <testcase classname="com.timp.test.ADM.Configuracao.ConfiguracaoDeTributos.ConfiguracaodeTributoXTributoGrupo.ConfiguracaodeTributoXTributoGrupoTodasFunc" name="criar" time="70.445"/>
  <system-out/>
  <testcase classname="com.timp.test.ADM.Configuracao.ConfiguracaoDeTributos.ConfiguracaodeTributoXTributoGrupo.ConfiguracaodeTributoXTributoGrupoTodasFunc" name="Editar" time="38.147"/>
  <system-out/>
  <testcase classname="com.timp.test.ADM.Configuracao.ConfiguracaoDeTributos.ConfiguracaodeTributoXTributoGrupo.ConfiguracaodeTributoXTributoGrupoTodasFunc" name="visualizar" time="60.218"/>
  <system-out/>
  <testcase classname="com.timp.test.ADM.Configuracao.ConfiguracaoDeTributos.ConfiguracaodeTributoXTributoGrupo.ConfiguracaodeTributoXTributoGrupoTodasFunc" name="filtros" time="19.334"/>
  <system-out/>
  <testcase classname="com.timp.test.ADM.Configuracao.ConfiguracaoDeTributos.ConfiguracaodeTributoXTributoGrupo.ConfiguracaodeTributoXTributoGrupoTodasFunc" name="Excluir" time="22.790"/>
  <system-out/>
</testsuite> <!-- com.timp.test.ADM.Configuracao.ConfiguracaoDeTributos.ConfiguracaodeTributoXTributoGrupo.ConfiguracaodeTributoXTributoGrupoTodasFunc -->
