<?xml version="1.0" encoding="UTF-8"?>
<!-- Generated by org.testng.reporters.JUnitReportReporter -->
<testsuite hostname="MassielV" failures="0" tests="1" name="com.timp.test.MDR.TaxasDeActualizacao.AliquotaDeTaxaDeActualizacaoCriar" time="306.946" errors="0" timestamp="24 oct. 2021 00:20:39 GMT" skipped="0">
  <testcase classname="com.timp.test.MDR.TaxasDeActualizacao.AliquotaDeTaxaDeActualizacaoCriar" name="criar" time="306.946"/>
</testsuite> <!-- com.timp.test.MDR.TaxasDeActualizacao.AliquotaDeTaxaDeActualizacaoCriar -->
