<?xml version="1.0" encoding="UTF-8"?>
<!-- Generated by org.testng.reporters.JUnitReportReporter -->
<testsuite hostname="DESKTOP-M23FVFN" failures="0" tests="2" name="com.timp.test.TDK.Dashboard.DashboardCriar" time="506.367" errors="0" timestamp="23 ene. 2022 14:12:04 GMT" skipped="0">
  <testcase classname="com.timp.test.TDK.Dashboard.DashboardCriar" name="criar" time="264.968"/>
  <testcase classname="com.timp.test.TDK.Dashboard.DashboardCriar" name="criar" time="241.399"/>
</testsuite> <!-- com.timp.test.TDK.Dashboard.DashboardCriar -->
