<?xml version="1.0" encoding="UTF-8"?>
<!-- Generated by org.testng.reporters.JUnitReportReporter -->
<testsuite hostname="LitoSoler" name="com.timp.test.BRB.NovoRelatorio" tests="4" failures="0" timestamp="30 Sep 2020 21:06:30 GMT" time="171.950" errors="0">
  <testcase name="brbEntrar" time="32.301" classname="com.timp.test.BRB.NovoRelatorio"/>
  <testcase name="colunas" time="78.852" classname="com.timp.test.BRB.NovoRelatorio"/>
  <testcase name="login" time="14.370" classname="com.timp.test.BRB.NovoRelatorio"/>
  <testcase name="novoRelatorio" time="46.427" classname="com.timp.test.BRB.NovoRelatorio"/>
</testsuite> <!-- com.timp.test.BRB.NovoRelatorio -->
