<?xml version="1.0" encoding="UTF-8"?>
<!-- Generated by org.testng.reporters.JUnitReportReporter -->
<testsuite hostname="Agile" failures="0" tests="1" name="com.timp.test.MDR.CadastroPISCONFINS.TipoDeTributoContaContabil.TipoDeTributoContaContabilExcluir" time="148.328" errors="0" timestamp="29 ene. 2022 22:27:48 GMT" skipped="0">
  <testcase classname="com.timp.test.MDR.CadastroPISCONFINS.TipoDeTributoContaContabil.TipoDeTributoContaContabilExcluir" name="excluir" time="148.328"/>
</testsuite> <!-- com.timp.test.MDR.CadastroPISCONFINS.TipoDeTributoContaContabil.TipoDeTributoContaContabilExcluir -->
