<?xml version="1.0" encoding="UTF-8"?>
<!-- Generated by org.testng.reporters.JUnitReportReporter -->
<testsuite hostname="MIGUEL" failures="0" tests="17" name="com.timp.test.BCB.DemaisHierarquiaConfiguracaoTodasAsFuncionalidadesParte1" time="820.836" errors="0" timestamp="22 Jan 2021 14:12:26 GMT">
  <testcase classname="com.timp.test.BCB.DemaisHierarquiaConfiguracaoTodasAsFuncionalidadesParte1" name="brbEntrar" time="14.208"/>
  <testcase classname="com.timp.test.BCB.DemaisHierarquiaConfiguracaoTodasAsFuncionalidadesParte1" name="resultadoDoAbaParte1" time="45.052"/>
  <testcase classname="com.timp.test.BCB.DemaisHierarquiaConfiguracaoTodasAsFuncionalidadesParte1" name="criarConfiguracionConfiguracao" time="78.621"/>
  <testcase classname="com.timp.test.BCB.DemaisHierarquiaConfiguracaoTodasAsFuncionalidadesParte1" name="criarConfiguracaoExecucoes" time="55.484"/>
  <testcase classname="com.timp.test.BCB.DemaisHierarquiaConfiguracaoTodasAsFuncionalidadesParte1" name="criarConfiguracao" time="45.619"/>
  <testcase classname="com.timp.test.BCB.DemaisHierarquiaConfiguracaoTodasAsFuncionalidadesParte1" name="executar2" time="19.785"/>
  <testcase classname="com.timp.test.BCB.DemaisHierarquiaConfiguracaoTodasAsFuncionalidadesParte1" name="configurarConfiguracaoRelacionamiento" time="55.929"/>
  <testcase classname="com.timp.test.BCB.DemaisHierarquiaConfiguracaoTodasAsFuncionalidadesParte1" name="resultadoFinalParte2" time="23.787"/>
  <testcase classname="com.timp.test.BCB.DemaisHierarquiaConfiguracaoTodasAsFuncionalidadesParte1" name="criarConfiguracaoHierarquia2" time="69.708"/>
  <testcase classname="com.timp.test.BCB.DemaisHierarquiaConfiguracaoTodasAsFuncionalidadesParte1" name="adicionarEntradaManual2" time="44.235"/>
  <testcase classname="com.timp.test.BCB.DemaisHierarquiaConfiguracaoTodasAsFuncionalidadesParte1" name="relacionamentoTotalizadorSubperiodoFixoReplicar" time="68.524"/>
  <testcase classname="com.timp.test.BCB.DemaisHierarquiaConfiguracaoTodasAsFuncionalidadesParte1" name="campoOutput" time="49.916"/>
  <testcase classname="com.timp.test.BCB.DemaisHierarquiaConfiguracaoTodasAsFuncionalidadesParte1" name="login" time="6.535"/>
  <testcase classname="com.timp.test.BCB.DemaisHierarquiaConfiguracaoTodasAsFuncionalidadesParte1" name="executar1" time="49.927"/>
  <testcase classname="com.timp.test.BCB.DemaisHierarquiaConfiguracaoTodasAsFuncionalidadesParte1" name="resultadoFinalParte1" time="70.522"/>
  <testcase classname="com.timp.test.BCB.DemaisHierarquiaConfiguracaoTodasAsFuncionalidadesParte1" name="entradaManual" time="35.584"/>
  <testcase classname="com.timp.test.BCB.DemaisHierarquiaConfiguracaoTodasAsFuncionalidadesParte1" name="criarConfiguracionConfiguracao2" time="87.400"/>
</testsuite> <!-- com.timp.test.BCB.DemaisHierarquiaConfiguracaoTodasAsFuncionalidadesParte1 -->
