<?xml version="1.0" encoding="UTF-8"?>
<!-- Generated by org.testng.reporters.JUnitReportReporter -->
<testsuite hostname="DESKTOP-M23FVFN" failures="0" tests="1" name="com.timp.test.MDR.ConfiguracoesFundoSocial.ConfiguracaoFundoSocailCriar" time="170.157" errors="0" timestamp="20 dic. 2021 06:05:20 GMT" skipped="0">
  <testcase classname="com.timp.test.MDR.ConfiguracoesFundoSocial.ConfiguracaoFundoSocailCriar" name="criar" time="170.157"/>
</testsuite> <!-- com.timp.test.MDR.ConfiguracoesFundoSocial.ConfiguracaoFundoSocailCriar -->
