<?xml version="1.0" encoding="UTF-8"?>
<!-- Generated by org.testng.reporters.JUnitReportReporter -->
<testsuite hostname="DESKTOP-M23FVFN" failures="0" tests="3" name="com.timp.test.BRB.Formula" time="221.348" errors="0" timestamp="24 may. 2022 20:30:22 GMT" skipped="0">
  <testcase classname="com.timp.test.BRB.Formula" name="aplicar" time="14.004"/>
  <testcase classname="com.timp.test.BRB.Formula" name="formulaColuna" time="104.886"/>
  <testcase classname="com.timp.test.BRB.Formula" name="formulaBoton" time="102.458"/>
</testsuite> <!-- com.timp.test.BRB.Formula -->
