<?xml version="1.0" encoding="UTF-8"?>
<!-- Generated by org.testng.reporters.JUnitReportReporter -->
<testsuite hostname="DESKTOP-C57COV6" failures="0" tests="1" name="com.timp.test.MDR.CadastrosIRPJCSLL.DEPARAContasContábeis.DEPARAContasContábeisEditar" time="283.412" errors="0" timestamp="02 nov. 2021 04:34:19 GMT" skipped="0">
  <testcase classname="com.timp.test.MDR.CadastrosIRPJCSLL.DEPARAContasContábeis.DEPARAContasContábeisEditar" name="Editar" time="283.412"/>
</testsuite> <!-- com.timp.test.MDR.CadastrosIRPJCSLL.DEPARAContasContábeis.DEPARAContasContábeisEditar -->
