<?xml version="1.0" encoding="UTF-8"?>
<!-- Generated by org.testng.reporters.JUnitReportReporter -->
<testsuite hostname="DESKTOP-M23FVFN" failures="0" tests="1" name="com.timp.test.BRB.ComentarioLibre" time="315.861" errors="0" timestamp="17 dic. 2021 03:20:03 GMT" skipped="0">
  <testcase classname="com.timp.test.BRB.ComentarioLibre" name="comentarioLibre" time="315.861"/>
</testsuite> <!-- com.timp.test.BRB.ComentarioLibre -->
