<?xml version="1.0" encoding="UTF-8"?>
<!-- Generated by org.testng.reporters.JUnitReportReporter -->
<testsuite hostname="DESKTOP-5P4F1JE" failures="0" tests="3" name="com.timp.test.BRB.ComentarioLibre" time="146.697" errors="0" timestamp="13 Nov 2020 19:46:35 GMT">
  <testcase classname="com.timp.test.BRB.ComentarioLibre" name="login" time="8.564"/>
  <testcase classname="com.timp.test.BRB.ComentarioLibre" name="brbEntrar" time="22.698"/>
  <testcase classname="com.timp.test.BRB.ComentarioLibre" name="comentarioLibre" time="115.435"/>
</testsuite> <!-- com.timp.test.BRB.ComentarioLibre -->
