<?xml version="1.0" encoding="UTF-8"?>
<!-- Generated by org.testng.reporters.JUnitReportReporter -->
<testsuite hostname="MIGUEL" failures="0" tests="3" name="com.timp.test.ADM.Configuração.Usuarios.UsuáriosDetalhes" time="71.648" errors="0" timestamp="30 mar. 2021 01:10:42 GMT" skipped="0">
  <testcase classname="com.timp.test.ADM.Configuração.Usuarios.UsuáriosDetalhes" name="login" time="15.169"/>
  <testcase classname="com.timp.test.ADM.Configuração.Usuarios.UsuáriosDetalhes" name="AcessarADM" time="18.186"/>
  <testcase classname="com.timp.test.ADM.Configuração.Usuarios.UsuáriosDetalhes" name="ver" time="38.293"/>
</testsuite> <!-- com.timp.test.ADM.Configuração.Usuarios.UsuáriosDetalhes -->
