<?xml version="1.0" encoding="UTF-8"?>
<!-- Generated by org.testng.reporters.JUnitReportReporter -->
<testsuite hostname="DESKTOP-JP1A9E6" failures="0" tests="2" name="com.timp.test.MDR.TabelasApoioESocial.Tabela13.ParteDoCorpoAtingidaExcluirEmMassa" time="189.821" errors="0" timestamp="03 ago. 2021 20:15:23 GMT" skipped="0">
  <testcase classname="com.timp.test.MDR.TabelasApoioESocial.Tabela13.ParteDoCorpoAtingidaExcluirEmMassa" name="excluirEmMassa" time="34.822"/>
  <testcase classname="com.timp.test.MDR.TabelasApoioESocial.Tabela13.ParteDoCorpoAtingidaExcluirEmMassa" name="criar" time="154.999"/>
</testsuite> <!-- com.timp.test.MDR.TabelasApoioESocial.Tabela13.ParteDoCorpoAtingidaExcluirEmMassa -->
