<?xml version="1.0" encoding="UTF-8"?>
<!-- Generated by org.testng.reporters.JUnitReportReporter -->
<testsuite skipped="0" hostname="LitoSoler" name="com.timp.test.MDR.AtivaçaoParaMunicipio.AtivaçaoParaMunicipioCriar" tests="1" failures="0" timestamp="24 feb 2021 16:56:23 GMT" time="96.471" errors="0">
  <testcase name="criar" time="96.471" classname="com.timp.test.MDR.AtivaçaoParaMunicipio.AtivaçaoParaMunicipioCriar"/>
</testsuite> <!-- com.timp.test.MDR.AtivaçaoParaMunicipio.AtivaçaoParaMunicipioCriar -->
