<?xml version="1.0" encoding="UTF-8"?>
<!-- Generated by org.testng.reporters.JUnitReportReporter -->
<testsuite hostname="DESKTOP-35UG9UP" name="com.timp.test.MDR.TabelasApoioSped.DeParaLivroApuraçaoXSpedFiscal.DeParaLivroApuraçaoXSpedFiscalVisualizar" tests="3" failures="0" timestamp="21 Aug 2020 13:55:14 GMT" time="113.128" errors="0">
  <testcase name="login" time="10.506" classname="com.timp.test.MDR.TabelasApoioSped.DeParaLivroApuraçaoXSpedFiscal.DeParaLivroApuraçaoXSpedFiscalVisualizar"/>
  <testcase name="Visualizar" time="91.428" classname="com.timp.test.MDR.TabelasApoioSped.DeParaLivroApuraçaoXSpedFiscal.DeParaLivroApuraçaoXSpedFiscalVisualizar"/>
  <testcase name="acessarMDR" time="11.194" classname="com.timp.test.MDR.TabelasApoioSped.DeParaLivroApuraçaoXSpedFiscal.DeParaLivroApuraçaoXSpedFiscalVisualizar"/>
</testsuite> <!-- com.timp.test.MDR.TabelasApoioSped.DeParaLivroApuraçaoXSpedFiscal.DeParaLivroApuraçaoXSpedFiscalVisualizar -->
