<?xml version="1.0" encoding="UTF-8"?>
<!-- Generated by org.testng.reporters.JUnitReportReporter -->
<testsuite hostname="DESKTOP-HB7TMPD" failures="0" tests="3" name="com.timp.test.MDR.ThinCapitalization.Emprestimos.EmprestimosCriar" time="116.742" errors="0" timestamp="24 Dec 2020 23:20:37 GMT">
  <testcase classname="com.timp.test.MDR.ThinCapitalization.Emprestimos.EmprestimosCriar" name="login" time="7.213"/>
  <testcase classname="com.timp.test.MDR.ThinCapitalization.Emprestimos.EmprestimosCriar" name="criarEmprestimos" time="78.976"/>
  <testcase classname="com.timp.test.MDR.ThinCapitalization.Emprestimos.EmprestimosCriar" name="acessarMDR" time="30.553"/>
</testsuite> <!-- com.timp.test.MDR.ThinCapitalization.Emprestimos.EmprestimosCriar -->
