<?xml version="1.0" encoding="UTF-8"?>
<!-- Generated by org.testng.reporters.JUnitReportReporter -->
<<<<<<< HEAD
<testsuite hostname="DESKTOP-C57COV6" failures="0" tests="2" name="com.timp.test.MDR.TabelasApoioESocial.Tabela13.ParteDoCorpoAtingidaExcluirEmMassa" time="146.890" errors="0" timestamp="10 ago. 2021 13:24:05 GMT" skipped="0">
  <testcase classname="com.timp.test.MDR.TabelasApoioESocial.Tabela13.ParteDoCorpoAtingidaExcluirEmMassa" name="excluirEmMassa" time="35.066"/>
  <testcase classname="com.timp.test.MDR.TabelasApoioESocial.Tabela13.ParteDoCorpoAtingidaExcluirEmMassa" name="criar" time="111.824"/>
=======
<testsuite hostname="DESKTOP-JP1A9E6" failures="0" tests="2" name="com.timp.test.MDR.TabelasApoioESocial.Tabela13.ParteDoCorpoAtingidaExcluirEmMassa" time="127.375" errors="0" timestamp="05 ago. 2021 13:26:22 GMT" skipped="0">
  <testcase classname="com.timp.test.MDR.TabelasApoioESocial.Tabela13.ParteDoCorpoAtingidaExcluirEmMassa" name="excluirEmMassa" time="31.981"/>
  <testcase classname="com.timp.test.MDR.TabelasApoioESocial.Tabela13.ParteDoCorpoAtingidaExcluirEmMassa" name="criar" time="95.394"/>
>>>>>>> branch 'Yessy' of https://github.com/salc1997/TIMP_R1.git
</testsuite> <!-- com.timp.test.MDR.TabelasApoioESocial.Tabela13.ParteDoCorpoAtingidaExcluirEmMassa -->
