<?xml version="1.0" encoding="UTF-8"?>
<!-- Generated by org.testng.reporters.JUnitReportReporter -->
<testsuite hostname="LitoSoler" name="com.timp.test.MDR.LimiteCompetencia.LimiteCompetenciaCriar" tests="3" failures="0" timestamp="26 Aug 2020 17:04:34 GMT" time="162.458" errors="0">
  <testcase name="login" time="6.572" classname="com.timp.test.MDR.LimiteCompetencia.LimiteCompetenciaCriar"/>
  <testcase name="criar" time="134.008" classname="com.timp.test.MDR.LimiteCompetencia.LimiteCompetenciaCriar"/>
  <testcase name="acessarMDR" time="21.878" classname="com.timp.test.MDR.LimiteCompetencia.LimiteCompetenciaCriar"/>
</testsuite> <!-- com.timp.test.MDR.LimiteCompetencia.LimiteCompetenciaCriar -->
