<?xml version="1.0" encoding="UTF-8"?>
<!-- Generated by org.testng.reporters.JUnitReportReporter -->
<testsuite hostname="MassielV" failures="0" tests="1" name="com.timp.test.MDR.Siscoserv.NBS.NBSDetalhes" time="76.693" errors="0" timestamp="02 nov. 2021 10:14:05 GMT" skipped="0">
  <testcase classname="com.timp.test.MDR.Siscoserv.NBS.NBSDetalhes" name="detalhes" time="76.693"/>
</testsuite> <!-- com.timp.test.MDR.Siscoserv.NBS.NBSDetalhes -->
