<?xml version="1.0" encoding="UTF-8"?>
<!-- Generated by org.testng.reporters.JUnitReportReporter -->
<testsuite hostname="DESKTOP-5P4F1JE" failures="0" tests="19" name="com.timp.test.BCB.OrigenBCBHierarquiaConfiguracaoTodasAsFuncionalidades" time="650.401" errors="0" timestamp="21 Jan 2021 23:12:42 GMT">
  <testcase classname="com.timp.test.BCB.OrigenBCBHierarquiaConfiguracaoTodasAsFuncionalidades" name="subNivel5" time="30.635"/>
  <testcase classname="com.timp.test.BCB.OrigenBCBHierarquiaConfiguracaoTodasAsFuncionalidades" name="abrirSubnivel3" time="5.156"/>
  <testcase classname="com.timp.test.BCB.OrigenBCBHierarquiaConfiguracaoTodasAsFuncionalidades" name="abrirSubnivel5" time="5.205"/>
  <testcase classname="com.timp.test.BCB.OrigenBCBHierarquiaConfiguracaoTodasAsFuncionalidades" name="subNivel6Negativo" time="24.206"/>
  <testcase classname="com.timp.test.BCB.OrigenBCBHierarquiaConfiguracaoTodasAsFuncionalidades" name="criarConfiguracaoHierarquia" time="79.192"/>
  <testcase classname="com.timp.test.BCB.OrigenBCBHierarquiaConfiguracaoTodasAsFuncionalidades" name="outputBCB" time="39.021"/>
  <testcase classname="com.timp.test.BCB.OrigenBCBHierarquiaConfiguracaoTodasAsFuncionalidades" name="abrirSubnivel4" time="5.149"/>
  <testcase classname="com.timp.test.BCB.OrigenBCBHierarquiaConfiguracaoTodasAsFuncionalidades" name="subNivel2" time="28.345"/>
  <testcase classname="com.timp.test.BCB.OrigenBCBHierarquiaConfiguracaoTodasAsFuncionalidades" name="criarConfiguracionConfiguracao" time="80.088"/>
  <testcase classname="com.timp.test.BCB.OrigenBCBHierarquiaConfiguracaoTodasAsFuncionalidades" name="excluirHierarquia" time="58.464"/>
  <testcase classname="com.timp.test.BCB.OrigenBCBHierarquiaConfiguracaoTodasAsFuncionalidades" name="criarConfiguracao" time="99.264"/>
  <testcase classname="com.timp.test.BCB.OrigenBCBHierarquiaConfiguracaoTodasAsFuncionalidades" name="abrirSubnivel1" time="41.299"/>
  <testcase classname="com.timp.test.BCB.OrigenBCBHierarquiaConfiguracaoTodasAsFuncionalidades" name="excluirConfiguracoes" time="52.709"/>
  <testcase classname="com.timp.test.BCB.OrigenBCBHierarquiaConfiguracaoTodasAsFuncionalidades" name="abrirSubnivel6" time="5.202"/>
  <testcase classname="com.timp.test.BCB.OrigenBCBHierarquiaConfiguracaoTodasAsFuncionalidades" name="subNivel3" time="28.347"/>
  <testcase classname="com.timp.test.BCB.OrigenBCBHierarquiaConfiguracaoTodasAsFuncionalidades" name="subNivel4" time="39.336"/>
  <testcase classname="com.timp.test.BCB.OrigenBCBHierarquiaConfiguracaoTodasAsFuncionalidades" name="abrirSubnivel2" time="5.164"/>
  <testcase classname="com.timp.test.BCB.OrigenBCBHierarquiaConfiguracaoTodasAsFuncionalidades" name="login" time="8.101"/>
  <testcase classname="com.timp.test.BCB.OrigenBCBHierarquiaConfiguracaoTodasAsFuncionalidades" name="brbEntrar" time="15.518"/>
</testsuite> <!-- com.timp.test.BCB.OrigenBCBHierarquiaConfiguracaoTodasAsFuncionalidades -->
