<?xml version="1.0" encoding="UTF-8"?>
<!-- Generated by org.testng.reporters.JUnitReportReporter -->
<testsuite hostname="DESKTOP-5P4F1JE" failures="0" tests="3" name="com.timp.test.MDR.Siscoserv.NBS.NBSDetalhes" time="91.302" errors="0" timestamp="19 Oct 2020 21:31:40 GMT">
  <testcase classname="com.timp.test.MDR.Siscoserv.NBS.NBSDetalhes" name="detalhes" time="50.462"/>
  <testcase classname="com.timp.test.MDR.Siscoserv.NBS.NBSDetalhes" name="login" time="8.417"/>
  <testcase classname="com.timp.test.MDR.Siscoserv.NBS.NBSDetalhes" name="acessarMDR" time="32.423"/>
</testsuite> <!-- com.timp.test.MDR.Siscoserv.NBS.NBSDetalhes -->
