<?xml version="1.0" encoding="UTF-8"?>
<!-- Generated by org.testng.reporters.JUnitReportReporter -->
<testsuite hostname="MassielV" failures="0" tests="1" name="com.timp.test.MDR.SequenciaAcesso.SequenciaFiltros" time="121.856" errors="0" timestamp="15 oct. 2021 17:00:05 GMT" skipped="0">
  <testcase classname="com.timp.test.MDR.SequenciaAcesso.SequenciaFiltros" name="filtro" time="121.856"/>
</testsuite> <!-- com.timp.test.MDR.SequenciaAcesso.SequenciaFiltros -->
