<?xml version="1.0" encoding="UTF-8"?>
<!-- Generated by org.testng.reporters.JUnitReportReporter -->
<testsuite hostname="DESKTOP-JP1A9E6" failures="0" tests="11" name="com.timp.test.DFG.Leiautes.LeiautesExecucaoFuncionalidades4" time="505.294" errors="0" timestamp="20 sep. 2021 05:50:13 GMT" skipped="0">
  <testcase classname="com.timp.test.DFG.Leiautes.LeiautesExecucaoFuncionalidades4" name="ingresar" time="8.231"/>
  <testcase classname="com.timp.test.DFG.Leiautes.LeiautesExecucaoFuncionalidades4" name="mdrEntrar" time="20.969"/>
  <testcase classname="com.timp.test.DFG.Leiautes.LeiautesExecucaoFuncionalidades4" name="criar" time="52.177"/>
  <testcase classname="com.timp.test.DFG.Leiautes.LeiautesExecucaoFuncionalidades4" name="separadores" time="88.399"/>
  <testcase classname="com.timp.test.DFG.Leiautes.LeiautesExecucaoFuncionalidades4" name="dataInicialDeReferencia" time="120.997"/>
  <testcase classname="com.timp.test.DFG.Leiautes.LeiautesExecucaoFuncionalidades4" name="saltodeLinha" time="21.657"/>
  <testcase classname="com.timp.test.DFG.Leiautes.LeiautesExecucaoFuncionalidades4" name="dataFinalDeReferencia" time="39.250"/>
  <testcase classname="com.timp.test.DFG.Leiautes.LeiautesExecucaoFuncionalidades4" name="versao" time="26.109"/>
  <testcase classname="com.timp.test.DFG.Leiautes.LeiautesExecucaoFuncionalidades4" name="horaDaExecucao" time="39.378"/>
  <testcase classname="com.timp.test.DFG.Leiautes.LeiautesExecucaoFuncionalidades4" name="dataDaExecucao" time="40.417"/>
  <testcase classname="com.timp.test.DFG.Leiautes.LeiautesExecucaoFuncionalidades4" name="periodoDaReferencia" time="47.710"/>
</testsuite> <!-- com.timp.test.DFG.Leiautes.LeiautesExecucaoFuncionalidades4 -->
