<?xml version="1.0" encoding="UTF-8"?>
<!-- Generated by org.testng.reporters.JUnitReportReporter -->
<testsuite hostname="DESKTOP-5P4F1JE" failures="0" tests="3" name="com.timp.test.BRE.RegrasDeAuditoriaN4.ParametrosGerais.RegrasDeAuditoriaN4Editar" time="81.973" errors="0" timestamp="9 Jan 2021 19:00:51 GMT">
  <testcase classname="com.timp.test.BRE.RegrasDeAuditoriaN4.ParametrosGerais.RegrasDeAuditoriaN4Editar" name="criar" time="54.199"/>
  <testcase classname="com.timp.test.BRE.RegrasDeAuditoriaN4.ParametrosGerais.RegrasDeAuditoriaN4Editar" name="acessarBRE" time="17.748"/>
  <testcase classname="com.timp.test.BRE.RegrasDeAuditoriaN4.ParametrosGerais.RegrasDeAuditoriaN4Editar" name="login" time="10.026"/>
</testsuite> <!-- com.timp.test.BRE.RegrasDeAuditoriaN4.ParametrosGerais.RegrasDeAuditoriaN4Editar -->
