<?xml version="1.0" encoding="UTF-8"?>
<!-- Generated by org.testng.reporters.JUnitReportReporter -->
<testsuite hostname="MassielV" failures="0" tests="1" name="com.timp.test.BRB.AdicionarColunas" time="214.154" errors="0" timestamp="14 oct. 2021 19:34:03 GMT" skipped="0">
  <testcase classname="com.timp.test.BRB.AdicionarColunas" name="adicionarColunas" time="214.154"/>
</testsuite> <!-- com.timp.test.BRB.AdicionarColunas -->
