<?xml version="1.0" encoding="UTF-8"?>
<!-- Generated by org.testng.reporters.JUnitReportReporter -->
<<<<<<< HEAD
<testsuite hostname="Agile" failures="0" tests="1" name="com.timp.test.MDR.TabelasApoioSped.DocumentosFiscaisICMS.DocumentosFiscaisICMSCriar" time="171.717" errors="0" timestamp="22 dic. 2021 15:02:05 GMT" skipped="0">
  <testcase classname="com.timp.test.MDR.TabelasApoioSped.DocumentosFiscaisICMS.DocumentosFiscaisICMSCriar" name="criar" time="171.717"/>
=======
<testsuite hostname="DESKTOP-M23FVFN" failures="0" tests="1" name="com.timp.test.MDR.TabelasApoioSped.DocumentosFiscaisICMS.DocumentosFiscaisICMSCriar" time="133.716" errors="0" timestamp="22 dic. 2021 10:06:17 GMT" skipped="0">
  <testcase classname="com.timp.test.MDR.TabelasApoioSped.DocumentosFiscaisICMS.DocumentosFiscaisICMSCriar" name="criar" time="133.716"/>
>>>>>>> branch 'Yessy' of https://github.com/salc1997/TIMP_R1
</testsuite> <!-- com.timp.test.MDR.TabelasApoioSped.DocumentosFiscaisICMS.DocumentosFiscaisICMSCriar -->
