<?xml version="1.0" encoding="UTF-8"?>
<!-- Generated by org.testng.reporters.JUnitReportReporter -->
<testsuite hostname="LitoSoler" name="com.timp.test.BRB.RenomearColuna" tests="3" failures="0" timestamp="2 Dec 2020 21:55:48 GMT" time="144.539" errors="0">
  <testcase name="renomearColuna" time="86.784" classname="com.timp.test.BRB.RenomearColuna"/>
  <testcase name="login" time="15.954" classname="com.timp.test.BRB.RenomearColuna"/>
  <testcase name="brbEntrar" time="41.801" classname="com.timp.test.BRB.RenomearColuna"/>
</testsuite> <!-- com.timp.test.BRB.RenomearColuna -->
