<?xml version="1.0" encoding="UTF-8"?>
<!-- Generated by org.testng.reporters.JUnitReportReporter -->
<testsuite hostname="LitoSoler" name="com.timp.test.BRB.ValidacaoEstruturas.NFsEntradaSaidaeDadosComplementares" tests="3" failures="0" timestamp="14 Sep 2020 17:43:16 GMT" time="163.247" errors="0">
  <testcase name="verificar" time="138.398" classname="com.timp.test.BRB.ValidacaoEstruturas.NFsEntradaSaidaeDadosComplementares"/>
  <testcase name="login" time="7.630" classname="com.timp.test.BRB.ValidacaoEstruturas.NFsEntradaSaidaeDadosComplementares"/>
  <testcase name="brbEntrar" time="17.219" classname="com.timp.test.BRB.ValidacaoEstruturas.NFsEntradaSaidaeDadosComplementares"/>
</testsuite> <!-- com.timp.test.BRB.ValidacaoEstruturas.NFsEntradaSaidaeDadosComplementares -->
