<?xml version="1.0" encoding="UTF-8"?>
<!-- Generated by org.testng.reporters.JUnitReportReporter -->
<testsuite hostname="LitoSoler" name="com.timp.test.MDR.ValorAdicionado.Municipio.MunicipioCriar" tests="3" failures="0" timestamp="19 Nov 2020 17:11:24 GMT" time="70.978" errors="0">
  <testcase name="login" time="6.689" classname="com.timp.test.MDR.ValorAdicionado.Municipio.MunicipioCriar"/>
  <testcase name="acessarMDR" time="16.273" classname="com.timp.test.MDR.ValorAdicionado.Municipio.MunicipioCriar"/>
  <testcase name="criar" time="48.016" classname="com.timp.test.MDR.ValorAdicionado.Municipio.MunicipioCriar"/>
</testsuite> <!-- com.timp.test.MDR.ValorAdicionado.Municipio.MunicipioCriar -->
