<?xml version="1.0" encoding="UTF-8"?>
<<<<<<< HEAD
<<<<<<< HEAD
<!-- Generated by org.testng.reporters.JUnitReportReporter -->
<testsuite hostname="MIGUEL" failures="0" tests="3" name="com.timp.test.TDK.Dashboard.DashboardCriar" time="103.009" errors="0" timestamp="12 mar. 2021 21:19:15 GMT" skipped="0">
  <testcase classname="com.timp.test.TDK.Dashboard.DashboardCriar" name="login" time="6.774"/>
  <testcase classname="com.timp.test.TDK.Dashboard.DashboardCriar" name="acessarTDK" time="20.128"/>
  <testcase classname="com.timp.test.TDK.Dashboard.DashboardCriar" name="criar" time="76.107"/>
=======
<!-- Generated by org.testng.reporters.JUnitReportReporter -->
<testsuite hostname="MIGUEL" failures="0" tests="3" name="com.timp.test.TDK.Dashboard.DashboardCriar" time="227.008" errors="0" timestamp="15 mar. 2021 21:47:21 GMT" skipped="0">
  <testcase classname="com.timp.test.TDK.Dashboard.DashboardCriar" name="login" time="8.405"/>
  <testcase classname="com.timp.test.TDK.Dashboard.DashboardCriar" name="acessarTDK" time="21.103"/>
  <testcase classname="com.timp.test.TDK.Dashboard.DashboardCriar" name="criar" time="197.500"/>
>>>>>>> refs/heads/Fernando
=======
<!-- Generated by org.testng.reporters.JUnitReportReporter -->
<testsuite hostname="MIGUEL" failures="0" tests="3" name="com.timp.test.TDK.Dashboard.DashboardCriar" time="128.271" errors="0" timestamp="17 mar. 2021 17:00:50 GMT" skipped="0">
  <testcase classname="com.timp.test.TDK.Dashboard.DashboardCriar" name="login" time="8.182"/>
  <testcase classname="com.timp.test.TDK.Dashboard.DashboardCriar" name="acessarTDK" time="25.717"/>
  <testcase classname="com.timp.test.TDK.Dashboard.DashboardCriar" name="criar" time="94.372"/>
>>>>>>> refs/heads/Fernando
</testsuite> <!-- com.timp.test.TDK.Dashboard.DashboardCriar -->
