<?xml version="1.0" encoding="UTF-8"?>
<!-- Generated by org.testng.reporters.JUnitReportReporter -->
<testsuite hostname="LitoSoler" name="com.timp.test.SCANC.ArquivosImportados.ArquivosImportadosPesquisa" tests="3" failures="0" timestamp="16 Dec 2020 16:21:03 GMT" time="75.034" errors="0">
  <testcase name="pesquisar" time="36.777" classname="com.timp.test.SCANC.ArquivosImportados.ArquivosImportadosPesquisa"/>
  <testcase name="scancEntrar" time="30.029" classname="com.timp.test.SCANC.ArquivosImportados.ArquivosImportadosPesquisa"/>
  <testcase name="ingresar" time="8.228" classname="com.timp.test.SCANC.ArquivosImportados.ArquivosImportadosPesquisa"/>
</testsuite> <!-- com.timp.test.SCANC.ArquivosImportados.ArquivosImportadosPesquisa -->
