<?xml version="1.0" encoding="UTF-8"?>
<!-- Generated by org.testng.reporters.JUnitReportReporter -->
<testsuite hostname="LitoSoler" name="com.timp.test.MDR.ContratoIOF.ContratoIOFCriar" tests="3" failures="0" timestamp="7 Aug 2020 20:11:54 GMT" time="63.953" errors="0">
  <testcase name="criar" time="50.602" classname="com.timp.test.MDR.ContratoIOF.ContratoIOFCriar"/>
  <testcase name="acessarMDR" time="7.634" classname="com.timp.test.MDR.ContratoIOF.ContratoIOFCriar"/>
  <testcase name="login" time="5.717" classname="com.timp.test.MDR.ContratoIOF.ContratoIOFCriar"/>
</testsuite> <!-- com.timp.test.MDR.ContratoIOF.ContratoIOFCriar -->
