<?xml version="1.0" encoding="UTF-8"?>
<!-- Generated by org.testng.reporters.JUnitReportReporter -->
<testsuite hostname="MIGUEL" failures="0" tests="3" name="com.timp.test.TDK.Execucoes.ExecucoesPublicas.ExecucoesExecucoesPublicasExcluirDefinitivamenteKpis" time="97.269" errors="0" timestamp="21 mar. 2021 23:49:34 GMT" skipped="0">
  <testcase classname="com.timp.test.TDK.Execucoes.ExecucoesPublicas.ExecucoesExecucoesPublicasExcluirDefinitivamenteKpis" name="login" time="9.016"/>
  <testcase classname="com.timp.test.TDK.Execucoes.ExecucoesPublicas.ExecucoesExecucoesPublicasExcluirDefinitivamenteKpis" name="acessarTDK" time="22.348"/>
  <testcase classname="com.timp.test.TDK.Execucoes.ExecucoesPublicas.ExecucoesExecucoesPublicasExcluirDefinitivamenteKpis" name="excluir" time="65.905"/>
</testsuite> <!-- com.timp.test.TDK.Execucoes.ExecucoesPublicas.ExecucoesExecucoesPublicasExcluirDefinitivamenteKpis -->
