<?xml version="1.0" encoding="UTF-8"?>
<!-- Generated by org.testng.reporters.JUnitReportReporter -->
<testsuite hostname="DESKTOP-C57COV6" failures="0" tests="1" name="com.timp.test.MDR.CEP.Municipio.MunicipioVisualizar" time="103.238" errors="0" timestamp="06 nov. 2021 07:43:21 GMT" skipped="0">
  <testcase classname="com.timp.test.MDR.CEP.Municipio.MunicipioVisualizar" name="visualizar" time="103.238"/>
</testsuite> <!-- com.timp.test.MDR.CEP.Municipio.MunicipioVisualizar -->
