<?xml version="1.0" encoding="UTF-8"?>
<!-- Generated by org.testng.reporters.JUnitReportReporter -->
<testsuite skipped="0" hostname="LitoSoler" name="com.timp.test.MDR.CodigoContabilizacao.CodigoContabalizacaoDetalhes" tests="1" failures="0" timestamp="17 feb 2021 21:28:32 GMT" time="74.338" errors="0">
  <testcase name="detalhes" time="74.338" classname="com.timp.test.MDR.CodigoContabilizacao.CodigoContabalizacaoDetalhes"/>
</testsuite> <!-- com.timp.test.MDR.CodigoContabilizacao.CodigoContabalizacaoDetalhes -->
