<?xml version="1.0" encoding="UTF-8"?>
<!-- Generated by org.testng.reporters.JUnitReportReporter -->
<testsuite hostname="DESKTOP-C57COV6" failures="0" tests="1" name="com.timp.test.ADM.Configuração.ManuaisDeComponente.ManuaisDeComponenteEditar" time="83.106" errors="0" timestamp="25 may. 2021 12:50:36 GMT" skipped="0">
  <testcase classname="com.timp.test.ADM.Configuração.ManuaisDeComponente.ManuaisDeComponenteEditar" name="editar" time="83.106"/>
</testsuite> <!-- com.timp.test.ADM.Configuração.ManuaisDeComponente.ManuaisDeComponenteEditar -->
