<?xml version="1.0" encoding="UTF-8"?>
<!-- Generated by org.testng.reporters.JUnitReportReporter -->
<testsuite hostname="DESKTOP-5P4F1JE" failures="0" tests="3" name="com.timp.test.TDK.Kpis.Edicao.KpisLinksRapidosExcluir" time="133.515" errors="0" timestamp="21 Jan 2021 16:23:44 GMT">
  <testcase classname="com.timp.test.TDK.Kpis.Edicao.KpisLinksRapidosExcluir" name="acessarTDK" time="24.051"/>
  <testcase classname="com.timp.test.TDK.Kpis.Edicao.KpisLinksRapidosExcluir" name="login" time="10.971"/>
  <testcase classname="com.timp.test.TDK.Kpis.Edicao.KpisLinksRapidosExcluir" name="linkrapidoexcluir" time="98.493"/>
</testsuite> <!-- com.timp.test.TDK.Kpis.Edicao.KpisLinksRapidosExcluir -->
