<?xml version="1.0" encoding="UTF-8"?>
<!-- Generated by org.testng.reporters.JUnitReportReporter -->
<testsuite hostname="DESKTOP-M23FVFN" failures="0" tests="1" name="com.timp.test.MDR.Centralizacao.Saldos.SaldosVisualizar" time="163.390" errors="0" timestamp="2022-10-13T12:53:45 BRT" skipped="0">
  <testcase classname="com.timp.test.MDR.Centralizacao.Saldos.SaldosVisualizar" name="visualizar" time="163.390"/>
  <system-out/>
</testsuite> <!-- com.timp.test.MDR.Centralizacao.Saldos.SaldosVisualizar -->
