<?xml version="1.0" encoding="UTF-8"?>
<!-- Generated by org.testng.reporters.JUnitReportReporter -->
<testsuite hostname="LitoSoler" name="com.timp.test.MDR.TabelasComplementaresParaObrigaçoesAcessorias.TabelaLogradouros.TabelaLogradouroCriar" tests="3" failures="0" timestamp="9 Sep 2020 16:29:11 GMT" time="140.202" errors="0">
  <testcase name="criar" time="76.052" classname="com.timp.test.MDR.TabelasComplementaresParaObrigaçoesAcessorias.TabelaLogradouros.TabelaLogradouroCriar"/>
  <testcase name="acessarMDR" time="55.915" classname="com.timp.test.MDR.TabelasComplementaresParaObrigaçoesAcessorias.TabelaLogradouros.TabelaLogradouroCriar"/>
  <testcase name="login" time="8.235" classname="com.timp.test.MDR.TabelasComplementaresParaObrigaçoesAcessorias.TabelaLogradouros.TabelaLogradouroCriar"/>
</testsuite> <!-- com.timp.test.MDR.TabelasComplementaresParaObrigaçoesAcessorias.TabelaLogradouros.TabelaLogradouroCriar -->
