<?xml version="1.0" encoding="UTF-8"?>
<!-- Generated by org.testng.reporters.JUnitReportReporter -->
<testsuite hostname="DESKTOP-M23FVFN" failures="0" tests="1" name="com.timp.test.BRB.OutputdeReferência" time="277.175" errors="0" timestamp="2022-08-20T16:31:39 CST" skipped="0">
  <testcase classname="com.timp.test.BRB.OutputdeReferência" name="outputReferencia" time="277.175"/>
  <system-out/>
</testsuite> <!-- com.timp.test.BRB.OutputdeReferência -->
