<?xml version="1.0" encoding="UTF-8"?>
<!-- Generated by org.testng.reporters.JUnitReportReporter -->
<testsuite hostname="DESKTOP-M23FVFN" failures="0" tests="1" name="com.timp.test.ADM.Configuração.ConfiguraçãoDeTributos.ConfiguraçãoTributoAgrupamento.ConfiguraçãoTributoAgrupamentofiltrar" time="82.077" errors="0" timestamp="2022-10-13T01:29:44 BRT" skipped="0">
  <testcase classname="com.timp.test.ADM.Configuração.ConfiguraçãoDeTributos.ConfiguraçãoTributoAgrupamento.ConfiguraçãoTributoAgrupamentofiltrar" name="filtros" time="82.077"/>
  <system-out/>
</testsuite> <!-- com.timp.test.ADM.Configuração.ConfiguraçãoDeTributos.ConfiguraçãoTributoAgrupamento.ConfiguraçãoTributoAgrupamentofiltrar -->
