<?xml version="1.0" encoding="UTF-8"?>
<!-- Generated by org.testng.reporters.JUnitReportReporter -->
<testsuite hostname="LitoSoler" name="com.timp.test.BRB.Eliminar" tests="4" failures="0" timestamp="23 Dec 2020 16:06:33 GMT" time="107.248" errors="0">
  <testcase name="brbEntrar" time="21.621" classname="com.timp.test.BRB.Eliminar"/>
  <testcase name="eliminarLixeira" time="35.224" classname="com.timp.test.BRB.Eliminar"/>
  <testcase name="eliminar" time="44.065" classname="com.timp.test.BRB.Eliminar"/>
  <testcase name="login" time="6.338" classname="com.timp.test.BRB.Eliminar"/>
</testsuite> <!-- com.timp.test.BRB.Eliminar -->
