<?xml version="1.0" encoding="UTF-8"?>
<!-- Generated by org.testng.reporters.JUnitReportReporter -->
<testsuite hostname="DESKTOP-C57COV6" failures="0" tests="3" name="com.timp.test.BCB.Formula.Configuracao.Percentual" time="445.776" errors="0" timestamp="20 ago. 2021 19:37:57 GMT" skipped="0">
  <testcase classname="com.timp.test.BCB.Formula.Configuracao.Percentual" name="login" time="298.792"/>
  <testcase classname="com.timp.test.BCB.Formula.Configuracao.Percentual" name="brbEntrar" time="39.183"/>
  <testcase classname="com.timp.test.BCB.Formula.Configuracao.Percentual" name="criarConfiguracionConfiguracao" time="107.801"/>
</testsuite> <!-- com.timp.test.BCB.Formula.Configuracao.Percentual -->
