<?xml version="1.0" encoding="UTF-8"?>
<!-- Generated by org.testng.reporters.JUnitReportReporter -->
<testsuite skipped="0" hostname="LitoSoler" name="com.timp.test.MDR.ValorAdicionado.Municipio.MunicipioExcluirEmMassa" tests="2" failures="0" timestamp="24 feb 2021 17:33:34 GMT" time="144.009" errors="0">
  <testcase name="ExcluirEmMassa" time="25.078" classname="com.timp.test.MDR.ValorAdicionado.Municipio.MunicipioExcluirEmMassa"/>
  <testcase name="Criar" time="118.931" classname="com.timp.test.MDR.ValorAdicionado.Municipio.MunicipioExcluirEmMassa"/>
</testsuite> <!-- com.timp.test.MDR.ValorAdicionado.Municipio.MunicipioExcluirEmMassa -->
