<?xml version="1.0" encoding="UTF-8"?>
<!-- Generated by org.testng.reporters.JUnitReportReporter -->
<testsuite skipped="0" hostname="LitoSoler" name="com.timp.test.MDR.SPCBFederaisRetidos.SPCBFederaisRetidosCriar" tests="1" failures="0" timestamp="09 mar 2021 00:34:16 GMT" time="80.597" errors="0">
  <testcase name="criar" time="80.597" classname="com.timp.test.MDR.SPCBFederaisRetidos.SPCBFederaisRetidosCriar"/>
</testsuite> <!-- com.timp.test.MDR.SPCBFederaisRetidos.SPCBFederaisRetidosCriar -->
