<?xml version="1.0" encoding="UTF-8"?>
<!-- Generated by org.testng.reporters.JUnitReportReporter -->
<testsuite hostname="EC2AMAZ-8HCHO4G" failures="0" tests="2" name="com.timp.test.TFB.AccesarTFB" time="19.821" errors="0" timestamp="2023-08-23T14:55:00 UTC" skipped="0">
  <testcase classname="com.timp.test.TFB.AccesarTFB" name="login" time="5.585"/>
  <system-out/>
  <testcase classname="com.timp.test.TFB.AccesarTFB" name="tfbEntrar" time="14.236"/>
  <system-out/>
</testsuite> <!-- com.timp.test.TFB.AccesarTFB -->
