<?xml version="1.0" encoding="UTF-8"?>
<!-- Generated by org.testng.reporters.JUnitReportReporter -->
<testsuite skipped="0" hostname="LitoSoler" name="com.timp.test.MDR.CodigoReceita.CodigoReceitaExcluirEmMassa" tests="2" failures="0" timestamp="16 feb 2021 21:58:27 GMT" time="143.215" errors="0">
  <testcase name="excluir" time="31.331" classname="com.timp.test.MDR.CodigoReceita.CodigoReceitaExcluirEmMassa"/>
  <testcase name="criar" time="111.884" classname="com.timp.test.MDR.CodigoReceita.CodigoReceitaExcluirEmMassa"/>
</testsuite> <!-- com.timp.test.MDR.CodigoReceita.CodigoReceitaExcluirEmMassa -->
