<?xml version="1.0" encoding="UTF-8"?>
<!-- Generated by org.testng.reporters.JUnitReportReporter -->
<testsuite hostname="DESKTOP-C57COV6" failures="0" tests="1" name="com.timp.test.MDR.CEP.Municipio.MunicipioFiltros" time="234.034" errors="0" timestamp="20 oct. 2021 19:20:02 GMT" skipped="0">
  <testcase classname="com.timp.test.MDR.CEP.Municipio.MunicipioFiltros" name="filtros" time="234.034"/>
</testsuite> <!-- com.timp.test.MDR.CEP.Municipio.MunicipioFiltros -->
