<?xml version="1.0" encoding="UTF-8"?>
<!-- Generated by org.testng.reporters.JUnitReportReporter -->
<testsuite hostname="DESKTOP-M23FVFN" failures="0" tests="1" name="com.timp.test.MDR.TabelasApoioESocial.Tabela05.TiposDeRegistroExcluir" time="91.103" errors="0" timestamp="16 feb. 2022 07:57:52 GMT" skipped="0">
  <testcase classname="com.timp.test.MDR.TabelasApoioESocial.Tabela05.TiposDeRegistroExcluir" name="excluir" time="91.103"/>
</testsuite> <!-- com.timp.test.MDR.TabelasApoioESocial.Tabela05.TiposDeRegistroExcluir -->
