<?xml version="1.0" encoding="UTF-8"?>
<!-- Generated by org.testng.reporters.JUnitReportReporter -->
<testsuite hostname="LitoSoler" name="com.timp.test.BRE.RegrasDeEscrituração.RegrasDeEscrituraçãoCriarComCopia" tests="3" failures="0" timestamp="2 Feb 2021 13:32:02 GMT" time="141.516" errors="0">
  <testcase name="login" time="7.147" classname="com.timp.test.BRE.RegrasDeEscrituração.RegrasDeEscrituraçãoCriarComCopia"/>
  <testcase name="acessarBRE" time="16.141" classname="com.timp.test.BRE.RegrasDeEscrituração.RegrasDeEscrituraçãoCriarComCopia"/>
  <testcase name="criar" time="118.228" classname="com.timp.test.BRE.RegrasDeEscrituração.RegrasDeEscrituraçãoCriarComCopia"/>
</testsuite> <!-- com.timp.test.BRE.RegrasDeEscrituração.RegrasDeEscrituraçãoCriarComCopia -->
