<?xml version="1.0" encoding="UTF-8"?>
<!-- Generated by org.testng.reporters.JUnitReportReporter -->
<testsuite hostname="Agile" failures="0" tests="2" name="com.timp.test.BRB.ExcluirRelatorio" time="238.021" errors="0" timestamp="04 feb. 2022 21:44:08 GMT" skipped="0">
  <testcase classname="com.timp.test.BRB.ExcluirRelatorio" name="eliminarLixeira" time="52.364"/>
  <testcase classname="com.timp.test.BRB.ExcluirRelatorio" name="eliminar" time="185.657"/>
</testsuite> <!-- com.timp.test.BRB.ExcluirRelatorio -->
