<?xml version="1.0" encoding="UTF-8"?>
<!-- Generated by org.testng.reporters.JUnitReportReporter -->
<testsuite hostname="MIGUEL" failures="0" tests="1" name="com.timp.test.BRB.AtribuiçãodeRegra" time="163.414" errors="0" timestamp="14 abr. 2021 21:27:08 GMT" skipped="0">
  <testcase classname="com.timp.test.BRB.AtribuiçãodeRegra" name="editar" time="163.414"/>
</testsuite> <!-- com.timp.test.BRB.AtribuiçãodeRegra -->
