<?xml version="1.0" encoding="UTF-8"?>
<!-- Generated by org.testng.reporters.JUnitReportReporter -->
<testsuite hostname="DESKTOP-JP1A9E6" failures="0" tests="3" name="com.timp.test.BRB.Formula" time="170.445" errors="0" timestamp="05 ago. 2021 15:53:07 GMT" skipped="0">
  <testcase classname="com.timp.test.BRB.Formula" name="aplicar" time="9.731"/>
  <testcase classname="com.timp.test.BRB.Formula" name="formulaBoton" time="90.786"/>
  <testcase classname="com.timp.test.BRB.Formula" name="formulaColuna" time="69.928"/>
</testsuite> <!-- com.timp.test.BRB.Formula -->
