<?xml version="1.0" encoding="UTF-8"?>
<!-- Generated by org.testng.reporters.JUnitReportReporter -->
<testsuite hostname="MassielV" failures="0" tests="1" name="com.timp.test.BRB.OutputdeReferência" time="347.143" errors="0" timestamp="22 oct. 2021 22:50:06 GMT" skipped="0">
  <testcase classname="com.timp.test.BRB.OutputdeReferência" name="outputReferencia" time="347.143"/>
</testsuite> <!-- com.timp.test.BRB.OutputdeReferência -->
