<?xml version="1.0" encoding="UTF-8"?>
<!-- Generated by org.testng.reporters.JUnitReportReporter -->
<testsuite hostname="DESKTOP-BNBDMGT" failures="0" tests="3" name="com.timp.test.MDR.ValorAdicionado.Confrontacao.ConfrontacaoExcluir" time="80.970" errors="0" timestamp="19 Nov 2020 00:00:23 GMT">
  <testcase classname="com.timp.test.MDR.ValorAdicionado.Confrontacao.ConfrontacaoExcluir" name="ingresar" time="5.697"/>
  <testcase classname="com.timp.test.MDR.ValorAdicionado.Confrontacao.ConfrontacaoExcluir" name="ingresarMDR" time="17.049"/>
  <testcase classname="com.timp.test.MDR.ValorAdicionado.Confrontacao.ConfrontacaoExcluir" name="excluir" time="58.224"/>
</testsuite> <!-- com.timp.test.MDR.ValorAdicionado.Confrontacao.ConfrontacaoExcluir -->
