<?xml version="1.0" encoding="UTF-8"?>
<!-- Generated by org.testng.reporters.JUnitReportReporter -->
<testsuite hostname="MIGUEL" failures="0" tests="3" name="com.timp.test.BRE.CalculoDeTributos.CalculoDeTributosFiltrosAvansados" time="42.572" errors="0" timestamp="10 Jan 2021 05:18:06 GMT">
  <testcase classname="com.timp.test.BRE.CalculoDeTributos.CalculoDeTributosFiltrosAvansados" name="acessarBRE" time="12.909"/>
  <testcase classname="com.timp.test.BRE.CalculoDeTributos.CalculoDeTributosFiltrosAvansados" name="Filtro" time="21.406"/>
  <testcase classname="com.timp.test.BRE.CalculoDeTributos.CalculoDeTributosFiltrosAvansados" name="login" time="8.257"/>
</testsuite> <!-- com.timp.test.BRE.CalculoDeTributos.CalculoDeTributosFiltrosAvansados -->
