<?xml version="1.0" encoding="UTF-8"?>
<!-- Generated by org.testng.reporters.JUnitReportReporter -->
<testsuite hostname="DESKTOP-C57COV6" failures="0" tests="1" name="com.timp.test.DFG.Configuracoes.ConfiguracoesFavoritos" time="119.976" errors="0" timestamp="11 sep. 2021 04:56:09 GMT" skipped="0">
  <testcase classname="com.timp.test.DFG.Configuracoes.ConfiguracoesFavoritos" name="favoritos" time="119.976"/>
</testsuite> <!-- com.timp.test.DFG.Configuracoes.ConfiguracoesFavoritos -->
