<?xml version="1.0" encoding="UTF-8"?>
<!-- Generated by org.testng.reporters.JUnitReportReporter -->
<testsuite hostname="MIGUEL" failures="0" tests="1" name="com.timp.test.BRB.RenomearColuna" time="99.905" errors="0" timestamp="16 mar. 2021 15:02:19 GMT" skipped="0">
  <testcase classname="com.timp.test.BRB.RenomearColuna" name="renomearColuna" time="99.905"/>
</testsuite> <!-- com.timp.test.BRB.RenomearColuna -->
