<?xml version="1.0" encoding="UTF-8"?>
<!-- Generated by org.testng.reporters.JUnitReportReporter -->
<testsuite hostname="Agile" failures="0" tests="1" name="com.timp.test.MDR.RegistroECAC.RegistroECACExcluir" time="103.182" errors="0" timestamp="22 dic. 2021 18:46:15 GMT" skipped="0">
  <testcase classname="com.timp.test.MDR.RegistroECAC.RegistroECACExcluir" name="excluir" time="103.182"/>
</testsuite> <!-- com.timp.test.MDR.RegistroECAC.RegistroECACExcluir -->
