<?xml version="1.0" encoding="UTF-8"?>
<!-- Generated by org.testng.reporters.JUnitReportReporter -->
<testsuite hostname="Agile" failures="0" tests="1" name="com.timp.test.MDR.TabelasApoioSped.ClassificaçaoDeContribuintesDoIPI.ClassificaçaoDeContribuintesDoIPIFiltrosAvançados" time="91.733" errors="0" timestamp="04 mar. 2022 19:07:25 GMT" skipped="0">
  <testcase classname="com.timp.test.MDR.TabelasApoioSped.ClassificaçaoDeContribuintesDoIPI.ClassificaçaoDeContribuintesDoIPIFiltrosAvançados" name="filtros" time="91.733"/>
</testsuite> <!-- com.timp.test.MDR.TabelasApoioSped.ClassificaçaoDeContribuintesDoIPI.ClassificaçaoDeContribuintesDoIPIFiltrosAvançados -->
