<?xml version="1.0" encoding="UTF-8"?>
<!-- Generated by org.testng.reporters.JUnitReportReporter -->
<testsuite hostname="DESKTOP-5P4F1JE" failures="0" tests="3" name="com.timp.test.TDK.Kpis.Edicao.KpisCartaoIndicador" time="137.425" errors="0" timestamp="18 Jan 2021 20:12:39 GMT">
  <testcase classname="com.timp.test.TDK.Kpis.Edicao.KpisCartaoIndicador" name="acessarTDK" time="23.796"/>
  <testcase classname="com.timp.test.TDK.Kpis.Edicao.KpisCartaoIndicador" name="login" time="7.895"/>
  <testcase classname="com.timp.test.TDK.Kpis.Edicao.KpisCartaoIndicador" name="criar" time="105.734"/>
</testsuite> <!-- com.timp.test.TDK.Kpis.Edicao.KpisCartaoIndicador -->
