<?xml version="1.0" encoding="UTF-8"?>
<<<<<<< HEAD
<!-- Generated by org.testng.reporters.JUnitReportReporter -->
<testsuite hostname="DESKTOP-BNBDMGT" failures="0" tests="3" name="com.timp.test.BCB.ParametrosGeraisHierarquiaCriar" time="117.118" errors="0" timestamp="27 Jan 2021 22:57:17 GMT">
  <testcase classname="com.timp.test.BCB.ParametrosGeraisHierarquiaCriar" name="login" time="9.001"/>
  <testcase classname="com.timp.test.BCB.ParametrosGeraisHierarquiaCriar" name="brbEntrar" time="15.473"/>
  <testcase classname="com.timp.test.BCB.ParametrosGeraisHierarquiaCriar" name="criarConfiguracaoHierarquia" time="92.644"/>
=======
<!-- Generated by org.testng.reporters.JUnitReportReporter -->
<testsuite hostname="LitoSoler" name="com.timp.test.BCB.ParametrosGeraisHierarquiaCriar" tests="3" failures="0" timestamp="27 Jan 2021 20:15:20 GMT" time="194.609" errors="0">
  <testcase name="login" time="6.946" classname="com.timp.test.BCB.ParametrosGeraisHierarquiaCriar"/>
  <testcase name="brbEntrar" time="14.881" classname="com.timp.test.BCB.ParametrosGeraisHierarquiaCriar"/>
  <testcase name="criarConfiguracaoHierarquia" time="172.782" classname="com.timp.test.BCB.ParametrosGeraisHierarquiaCriar"/>
>>>>>>> refs/remotes/origin/Steven
</testsuite> <!-- com.timp.test.BCB.ParametrosGeraisHierarquiaCriar -->
