<?xml version="1.0" encoding="UTF-8"?>
<!-- Generated by org.testng.reporters.JUnitReportReporter -->
<testsuite hostname="DESKTOP-M23FVFN" failures="0" tests="1" name="com.timp.test.ATR.Arquivos.CarregamentoDeArquivos.CarregamentoDeArquivosFiltroPorID" time="114.209" errors="0" timestamp="18 dic. 2021 03:58:19 GMT" skipped="0">
  <testcase classname="com.timp.test.ATR.Arquivos.CarregamentoDeArquivos.CarregamentoDeArquivosFiltroPorID" name="filtro" time="114.209"/>
</testsuite> <!-- com.timp.test.ATR.Arquivos.CarregamentoDeArquivos.CarregamentoDeArquivosFiltroPorID -->
