<?xml version="1.0" encoding="UTF-8"?>
<!-- Generated by org.testng.reporters.JUnitReportReporter -->
<testsuite hostname="LitoSoler" name="com.timp.test.BRE.RegrasDeEscrituração.RegrasDeEscrituraçãoCriarComCopia" tests="3" failures="0" timestamp="1 Dec 2020 22:46:43 GMT" time="130.195" errors="0">
  <testcase name="criar" time="108.227" classname="com.timp.test.BRE.RegrasDeEscrituração.RegrasDeEscrituraçãoCriarComCopia"/>
  <testcase name="login" time="7.777" classname="com.timp.test.BRE.RegrasDeEscrituração.RegrasDeEscrituraçãoCriarComCopia"/>
  <testcase name="acessarBRE" time="14.191" classname="com.timp.test.BRE.RegrasDeEscrituração.RegrasDeEscrituraçãoCriarComCopia"/>
</testsuite> <!-- com.timp.test.BRE.RegrasDeEscrituração.RegrasDeEscrituraçãoCriarComCopia -->
