<?xml version="1.0" encoding="UTF-8"?>
<!-- Generated by org.testng.reporters.JUnitReportReporter -->
<testsuite hostname="MassielV" failures="0" tests="1" name="com.timp.test.BRB.ComentarioLibre" time="243.190" errors="0" timestamp="05 nov. 2021 20:07:37 GMT" skipped="0">
  <testcase classname="com.timp.test.BRB.ComentarioLibre" name="comentarioLibre" time="243.190"/>
</testsuite> <!-- com.timp.test.BRB.ComentarioLibre -->
