<?xml version="1.0" encoding="UTF-8"?>
<!-- Generated by org.testng.reporters.JUnitReportReporter -->
<testsuite hostname="DESKTOP-M23FVFN" failures="0" tests="1" name="com.timp.test.MDR.CadastrosIRPJCSLL.CadastroContaisContabeis.CadastroContaisContabeisFiltroID" time="61.391" errors="0" timestamp="30 ene. 2022 13:21:39 GMT" skipped="0">
  <testcase classname="com.timp.test.MDR.CadastrosIRPJCSLL.CadastroContaisContabeis.CadastroContaisContabeisFiltroID" name="filtro" time="61.391"/>
</testsuite> <!-- com.timp.test.MDR.CadastrosIRPJCSLL.CadastroContaisContabeis.CadastroContaisContabeisFiltroID -->
