<?xml version="1.0" encoding="UTF-8"?>
<!-- Generated by org.testng.reporters.JUnitReportReporter -->
<testsuite hostname="SALC-PC" failures="0" tests="1" name="com.timp.test.TFP.Configuracoes.Status.Periodo.ConfiguracoesStatusPeriodoEditar" time="113.315" errors="0" timestamp="2023-05-10T16:47:27 CST" skipped="0">
  <testcase classname="com.timp.test.TFP.Configuracoes.Status.Periodo.ConfiguracoesStatusPeriodoEditar" name="editar" time="113.315"/>
  <system-out/>
</testsuite> <!-- com.timp.test.TFP.Configuracoes.Status.Periodo.ConfiguracoesStatusPeriodoEditar -->
