<?xml version="1.0" encoding="UTF-8"?>
<!-- Generated by org.testng.reporters.JUnitReportReporter -->
<testsuite hostname="DESKTOP-35UG9UP" name="com.timp.test.MDR.RegistroDeExportaçao.RegistroDeExportaçaoEditar" tests="3" failures="0" timestamp="10 Aug 2020 23:04:58 GMT" time="135.702" errors="0">
  <testcase name="login" time="10.353" classname="com.timp.test.MDR.RegistroDeExportaçao.RegistroDeExportaçaoEditar"/>
  <testcase name="editar" time="91.123" classname="com.timp.test.MDR.RegistroDeExportaçao.RegistroDeExportaçaoEditar"/>
  <testcase name="acessarMDR" time="34.226" classname="com.timp.test.MDR.RegistroDeExportaçao.RegistroDeExportaçaoEditar"/>
</testsuite> <!-- com.timp.test.MDR.RegistroDeExportaçao.RegistroDeExportaçaoEditar -->
