<?xml version="1.0" encoding="UTF-8"?>
<!-- Generated by org.testng.reporters.JUnitReportReporter -->
<testsuite hostname="LitoSoler" name="com.timp.test.MDR.Centralizacao.EstornoCredito.EstornoCreditoEditar" tests="3" failures="0" timestamp="22 Dec 2020 03:39:35 GMT" time="96.782" errors="0">
  <testcase name="login" time="7.123" classname="com.timp.test.MDR.Centralizacao.EstornoCredito.EstornoCreditoEditar"/>
  <testcase name="editar" time="66.429" classname="com.timp.test.MDR.Centralizacao.EstornoCredito.EstornoCreditoEditar"/>
  <testcase name="acessarMDR" time="23.230" classname="com.timp.test.MDR.Centralizacao.EstornoCredito.EstornoCreditoEditar"/>
</testsuite> <!-- com.timp.test.MDR.Centralizacao.EstornoCredito.EstornoCreditoEditar -->
