<?xml version="1.0" encoding="UTF-8"?>
<!-- Generated by org.testng.reporters.JUnitReportReporter -->
<testsuite hostname="DESKTOP-BNBDMGT" failures="0" tests="3" name="com.timp.test.BCB.ParametrosGeraisFiltrosAvancados" time="75.886" errors="0" timestamp="27 Jan 2021 23:18:41 GMT">
  <testcase classname="com.timp.test.BCB.ParametrosGeraisFiltrosAvancados" name="criarConfiguracao" time="52.342"/>
  <testcase classname="com.timp.test.BCB.ParametrosGeraisFiltrosAvancados" name="brbEntrar" time="15.178"/>
  <testcase classname="com.timp.test.BCB.ParametrosGeraisFiltrosAvancados" name="login" time="8.366"/>
</testsuite> <!-- com.timp.test.BCB.ParametrosGeraisFiltrosAvancados -->
