<?xml version="1.0" encoding="UTF-8"?>
<!-- Generated by org.testng.reporters.JUnitReportReporter -->
<testsuite hostname="DESKTOP-C57COV6" failures="0" tests="1" name="com.timp.test.MDR.Antecipacao.AntecipacaoEliminar" time="142.168" errors="0" timestamp="13 sep. 2021 16:01:55 GMT" skipped="0">
  <testcase classname="com.timp.test.MDR.Antecipacao.AntecipacaoEliminar" name="excluir" time="142.168"/>
</testsuite> <!-- com.timp.test.MDR.Antecipacao.AntecipacaoEliminar -->
