<?xml version="1.0" encoding="UTF-8"?>
<!-- Generated by org.testng.reporters.JUnitReportReporter -->
<testsuite hostname="LitoSoler" name="com.timp.test.BRB.GruposAvanzados" tests="4" failures="0" timestamp="23 Sep 2020 22:41:40 GMT" time="257.738" errors="0">
  <testcase name="brbEntrar" time="16.017" classname="com.timp.test.BRB.GruposAvanzados"/>
  <testcase name="gruposAvanzados" time="217.088" classname="com.timp.test.BRB.GruposAvanzados"/>
  <testcase name="eliminarGrupos" time="19.136" classname="com.timp.test.BRB.GruposAvanzados"/>
  <testcase name="login" time="5.497" classname="com.timp.test.BRB.GruposAvanzados"/>
</testsuite> <!-- com.timp.test.BRB.GruposAvanzados -->
