<?xml version="1.0" encoding="UTF-8"?>
<!-- Generated by org.testng.reporters.JUnitReportReporter -->
<testsuite hostname="DESKTOP-M23FVFN" failures="0" tests="3" name="com.timp.test.CALENDAR.Tarefas.TarefasGatewayAprovação" time="448.289" errors="0" timestamp="12 abr. 2022 22:35:13 GMT" skipped="0">
  <testcase classname="com.timp.test.CALENDAR.Tarefas.TarefasGatewayAprovação" name="login" time="7.523"/>
  <testcase classname="com.timp.test.CALENDAR.Tarefas.TarefasGatewayAprovação" name="acessarCalendar" time="63.345"/>
  <testcase classname="com.timp.test.CALENDAR.Tarefas.TarefasGatewayAprovação" name="Calendar" time="377.421"/>
</testsuite> <!-- com.timp.test.CALENDAR.Tarefas.TarefasGatewayAprovação -->
