<?xml version="1.0" encoding="UTF-8"?>
<!-- Generated by org.testng.reporters.JUnitReportReporter -->
<testsuite hostname="DESKTOP-BNBDMGT" failures="0" tests="3" name="com.timp.test.TDK.Dashboard.DashboardCriar" time="122.404" errors="0" timestamp="28 Jan 2021 19:36:48 GMT">
  <testcase classname="com.timp.test.TDK.Dashboard.DashboardCriar" name="criar" time="92.865"/>
  <testcase classname="com.timp.test.TDK.Dashboard.DashboardCriar" name="login" time="6.552"/>
  <testcase classname="com.timp.test.TDK.Dashboard.DashboardCriar" name="acessarTDK" time="22.987"/>
</testsuite> <!-- com.timp.test.TDK.Dashboard.DashboardCriar -->
