<?xml version="1.0" encoding="UTF-8"?>
<!-- Generated by org.testng.reporters.JUnitReportReporter -->
<testsuite hostname="DESKTOP-M23FVFN" failures="0" tests="1" name="com.timp.test.BRE.RegrasdeAuditoriaN2.edicao.RegrasDeAuditoriaN2EdicaoRelacionamento" time="182.586" errors="0" timestamp="10 may. 2022 22:53:56 GMT" skipped="0">
  <testcase classname="com.timp.test.BRE.RegrasdeAuditoriaN2.edicao.RegrasDeAuditoriaN2EdicaoRelacionamento" name="editar" time="182.586"/>
</testsuite> <!-- com.timp.test.BRE.RegrasdeAuditoriaN2.edicao.RegrasDeAuditoriaN2EdicaoRelacionamento -->
