<?xml version="1.0" encoding="UTF-8"?>
<!-- Generated by org.testng.reporters.JUnitReportReporter -->
<testsuite hostname="DESKTOP-C57COV6" failures="0" tests="1" name="com.timp.test.MDR.CEP.Logradouro.LogradouroExcluir" time="156.354" errors="0" timestamp="30 sep. 2021 14:55:02 GMT" skipped="0">
  <testcase classname="com.timp.test.MDR.CEP.Logradouro.LogradouroExcluir" name="excluir" time="156.354"/>
</testsuite> <!-- com.timp.test.MDR.CEP.Logradouro.LogradouroExcluir -->
