<?xml version="1.0" encoding="UTF-8"?>
<!-- Generated by org.testng.reporters.JUnitReportReporter -->
<testsuite hostname="CRISTHIAN-VASQUEZ" failures="0" tests="24" name="com.timp.test.DFG.Leiautes.LeiautesExecucaoFuncionalidades4" time="969.723" errors="0" timestamp="12 Feb 2021 12:31:45 GMT">
  <testcase classname="com.timp.test.DFG.Leiautes.LeiautesExecucaoFuncionalidades4" name="dataInicialDeReferencia" time="99.684"/>
  <testcase classname="com.timp.test.DFG.Leiautes.LeiautesExecucaoFuncionalidades4" name="periodoDaReferencia" time="46.058"/>
  <testcase classname="com.timp.test.DFG.Leiautes.LeiautesExecucaoFuncionalidades4" name="verBloco3" time="6.351"/>
  <testcase classname="com.timp.test.DFG.Leiautes.LeiautesExecucaoFuncionalidades4" name="comparar" time="16.191"/>
  <testcase classname="com.timp.test.DFG.Leiautes.LeiautesExecucaoFuncionalidades4" name="executar" time="84.587"/>
  <testcase classname="com.timp.test.DFG.Leiautes.LeiautesExecucaoFuncionalidades4" name="versao" time="24.269"/>
  <testcase classname="com.timp.test.DFG.Leiautes.LeiautesExecucaoFuncionalidades4" name="separadores" time="71.382"/>
  <testcase classname="com.timp.test.DFG.Leiautes.LeiautesExecucaoFuncionalidades4" name="sequenciaDeItemPorDocumento" time="57.295"/>
  <testcase classname="com.timp.test.DFG.Leiautes.LeiautesExecucaoFuncionalidades4" name="dataFinalDeReferencia" time="38.895"/>
  <testcase classname="com.timp.test.DFG.Leiautes.LeiautesExecucaoFuncionalidades4" name="criar" time="38.936"/>
  <testcase classname="com.timp.test.DFG.Leiautes.LeiautesExecucaoFuncionalidades4" name="verBloco2" time="4.300"/>
  <testcase classname="com.timp.test.DFG.Leiautes.LeiautesExecucaoFuncionalidades4" name="verBloco5" time="6.463"/>
  <testcase classname="com.timp.test.DFG.Leiautes.LeiautesExecucaoFuncionalidades4" name="campoFixo" time="106.645"/>
  <testcase classname="com.timp.test.DFG.Leiautes.LeiautesExecucaoFuncionalidades4" name="verBloco1" time="10.563"/>
  <testcase classname="com.timp.test.DFG.Leiautes.LeiautesExecucaoFuncionalidades4" name="ingresar" time="8.870"/>
  <testcase classname="com.timp.test.DFG.Leiautes.LeiautesExecucaoFuncionalidades4" name="campoFixoManual" time="36.019"/>
  <testcase classname="com.timp.test.DFG.Leiautes.LeiautesExecucaoFuncionalidades4" name="verBloco4" time="21.084"/>
  <testcase classname="com.timp.test.DFG.Leiautes.LeiautesExecucaoFuncionalidades4" name="dataDaExecucao" time="38.781"/>
  <testcase classname="com.timp.test.DFG.Leiautes.LeiautesExecucaoFuncionalidades4" name="horaDaExecucao" time="38.830"/>
  <testcase classname="com.timp.test.DFG.Leiautes.LeiautesExecucaoFuncionalidades4" name="distinto" time="52.844"/>
  <testcase classname="com.timp.test.DFG.Leiautes.LeiautesExecucaoFuncionalidades4" name="criarConfiguracao" time="62.041"/>
  <testcase classname="com.timp.test.DFG.Leiautes.LeiautesExecucaoFuncionalidades4" name="mdrEntrar" time="17.537"/>
  <testcase classname="com.timp.test.DFG.Leiautes.LeiautesExecucaoFuncionalidades4" name="sequencia" time="62.454"/>
  <testcase classname="com.timp.test.DFG.Leiautes.LeiautesExecucaoFuncionalidades4" name="saltodeLinha" time="19.644"/>
</testsuite> <!-- com.timp.test.DFG.Leiautes.LeiautesExecucaoFuncionalidades4 -->
