<?xml version="1.0" encoding="UTF-8"?>
<!-- Generated by org.testng.reporters.JUnitReportReporter -->
<testsuite hostname="DESKTOP-BNBDMGT" failures="0" tests="3" name="com.timp.test.MDR.DetalheTipoTributo.DetalheVisualizar" time="86.678" errors="0" timestamp="25 Dec 2020 05:48:17 GMT">
  <testcase classname="com.timp.test.MDR.DetalheTipoTributo.DetalheVisualizar" name="login" time="7.201"/>
  <testcase classname="com.timp.test.MDR.DetalheTipoTributo.DetalheVisualizar" name="acessarMDR" time="33.126"/>
  <testcase classname="com.timp.test.MDR.DetalheTipoTributo.DetalheVisualizar" name="visualizar" time="46.351"/>
</testsuite> <!-- com.timp.test.MDR.DetalheTipoTributo.DetalheVisualizar -->
