<?xml version="1.0" encoding="UTF-8"?>
<!-- Generated by org.testng.reporters.JUnitReportReporter -->
<testsuite hostname="DESKTOP-BNBDMGT" failures="0" tests="1" name="com.timp.test.MDR.Filiais.FiliaisEditar" time="127.760" errors="0" timestamp="19 feb. 2021 20:07:19 GMT" skipped="0">
  <testcase classname="com.timp.test.MDR.Filiais.FiliaisEditar" name="editar" time="127.760"/>
</testsuite> <!-- com.timp.test.MDR.Filiais.FiliaisEditar -->
