<?xml version="1.0" encoding="UTF-8"?>
<!-- Generated by org.testng.reporters.JUnitReportReporter -->
<testsuite hostname="MassielV" failures="0" tests="1" name="com.timp.test.BRB.NovoRelatorio" time="245.278" errors="0" timestamp="05 nov. 2021 16:43:58 GMT" skipped="0">
  <testcase classname="com.timp.test.BRB.NovoRelatorio" name="novoRelatorio" time="245.278"/>
</testsuite> <!-- com.timp.test.BRB.NovoRelatorio -->
