<?xml version="1.0" encoding="UTF-8"?>
<!-- Generated by org.testng.reporters.JUnitReportReporter -->
<testsuite hostname="DESKTOP-JP1A9E6" failures="0" tests="1" name="com.timp.test.BRB.CrescenteEDecrescente" time="270.520" errors="0" timestamp="07 sep. 2021 19:30:54 GMT" skipped="0">
  <testcase classname="com.timp.test.BRB.CrescenteEDecrescente" name="crescenteEDecrescente" time="270.520"/>
</testsuite> <!-- com.timp.test.BRB.CrescenteEDecrescente -->
