<?xml version="1.0" encoding="UTF-8"?>
<!-- Generated by org.testng.reporters.JUnitReportReporter -->
<testsuite hostname="DESKTOP-SUF121B" failures="0" tests="3" name="com.timp.test.MDR.Tributos.TributosVisualizar" time="85.333" errors="0" timestamp="27 Jul 2020 15:18:27 GMT">
  <testcase classname="com.timp.test.MDR.Tributos.TributosVisualizar" name="acessarMDR" time="32.035"/>
  <testcase classname="com.timp.test.MDR.Tributos.TributosVisualizar" name="login" time="8.664"/>
  <testcase classname="com.timp.test.MDR.Tributos.TributosVisualizar" name="visualizar" time="44.634"/>
</testsuite> <!-- com.timp.test.MDR.Tributos.TributosVisualizar -->
