<?xml version="1.0" encoding="UTF-8"?>
<!-- Generated by org.testng.reporters.JUnitReportReporter -->
<testsuite hostname="Agile" failures="0" tests="1" name="com.timp.test.ADM.Configuração.ConfiguraçãoTributo.ConfiguraçãoTributoAgrupamento.ConfiguraçãoTributoAgrupamentoEditar" time="100.868" errors="0" timestamp="19 feb. 2022 00:25:48 GMT" skipped="0">
  <testcase classname="com.timp.test.ADM.Configuração.ConfiguraçãoTributo.ConfiguraçãoTributoAgrupamento.ConfiguraçãoTributoAgrupamentoEditar" name="Editar" time="100.868"/>
</testsuite> <!-- com.timp.test.ADM.Configuração.ConfiguraçãoTributo.ConfiguraçãoTributoAgrupamento.ConfiguraçãoTributoAgrupamentoEditar -->
