<?xml version="1.0" encoding="UTF-8"?>
<!-- Generated by org.testng.reporters.JUnitReportReporter -->
<<<<<<< HEAD
<testsuite hostname="CRISTHIAN-VASQUEZ" failures="0" tests="1" name="com.timp.test.MDR.TabelasApoioESocial.Tabela09.TiposDeArquivosESocialCriar" time="82.137" errors="0" timestamp="09 mar. 2021 12:47:07 GMT" skipped="0">
  <testcase classname="com.timp.test.MDR.TabelasApoioESocial.Tabela09.TiposDeArquivosESocialCriar" name="criar" time="82.137"/>
=======
<testsuite hostname="LAPTOP-IN7IV9K5" failures="0" tests="1" name="com.timp.test.MDR.TabelasApoioESocial.Tabela09.TiposDeArquivosESocialCriar" time="74.086" errors="0" timestamp="24 feb. 2021 15:49:44 GMT" skipped="0">
  <testcase classname="com.timp.test.MDR.TabelasApoioESocial.Tabela09.TiposDeArquivosESocialCriar" name="criar" time="74.086"/>
>>>>>>> branch 'Cristhian' of https://github.com/salc1997/TIMP_R1.git
</testsuite> <!-- com.timp.test.MDR.TabelasApoioESocial.Tabela09.TiposDeArquivosESocialCriar -->
