<?xml version="1.0" encoding="UTF-8"?>
<!-- Generated by org.testng.reporters.JUnitReportReporter -->
<testsuite hostname="DESKTOP-C57COV6" failures="0" tests="1" name="com.timp.test.MDR.ParametrosContabilizacao.ContasDefaultPorTributo.ContasDefaultPorTributoEditar" time="120.618" errors="0" timestamp="24 jul. 2021 15:27:33 GMT" skipped="0">
  <testcase classname="com.timp.test.MDR.ParametrosContabilizacao.ContasDefaultPorTributo.ContasDefaultPorTributoEditar" name="editar" time="120.618"/>
</testsuite> <!-- com.timp.test.MDR.ParametrosContabilizacao.ContasDefaultPorTributo.ContasDefaultPorTributoEditar -->
