<?xml version="1.0" encoding="UTF-8"?>
<!-- Generated by org.testng.reporters.JUnitReportReporter -->
<testsuite hostname="DESKTOP-35UG9UP" name="com.timp.test.BRB.Editar" tests="3" failures="0" timestamp="1 Oct 2020 20:39:07 GMT" time="88.173" errors="0">
  <testcase name="editar" time="50.618" classname="com.timp.test.BRB.Editar"/>
  <testcase name="login" time="9.526" classname="com.timp.test.BRB.Editar"/>
  <testcase name="brbEntrar" time="28.029" classname="com.timp.test.BRB.Editar"/>
</testsuite> <!-- com.timp.test.BRB.Editar -->
