<?xml version="1.0" encoding="UTF-8"?>
<!-- Generated by org.testng.reporters.JUnitReportReporter -->
<testsuite hostname="DESKTOP-C57COV6" failures="0" tests="1" name="com.timp.test.BRB.OutputdeReferência" time="187.793" errors="0" timestamp="26 oct. 2021 07:51:19 GMT" skipped="0">
  <testcase classname="com.timp.test.BRB.OutputdeReferência" name="outputReferencia" time="187.793"/>
</testsuite> <!-- com.timp.test.BRB.OutputdeReferência -->
