<?xml version="1.0" encoding="UTF-8"?>
<!-- Generated by org.testng.reporters.JUnitReportReporter -->
<testsuite hostname="DESKTOP-JP1A9E6" failures="0" tests="2" name="com.timp.test.BRB.FiltroColunas" time="157.207" errors="0" timestamp="26 ago. 2021 16:37:31 GMT" skipped="0">
  <testcase classname="com.timp.test.BRB.FiltroColunas" name="filtroConFerramenta2" time="26.775"/>
  <testcase classname="com.timp.test.BRB.FiltroColunas" name="filtroConFerramenta1" time="130.432"/>
</testsuite> <!-- com.timp.test.BRB.FiltroColunas -->
