<?xml version="1.0" encoding="UTF-8"?>
<!-- Generated by org.testng.reporters.JUnitReportReporter -->
<testsuite hostname="DESKTOP-M23FVFN" failures="0" tests="1" name="com.timp.test.BRB.CampoOutput" time="129.263" errors="0" timestamp="2022-09-07T14:14:43 BRT" skipped="0">
  <testcase classname="com.timp.test.BRB.CampoOutput" name="campoOutput" time="129.263"/>
  <system-out/>
</testsuite> <!-- com.timp.test.BRB.CampoOutput -->
