<?xml version="1.0" encoding="UTF-8"?>
<!-- Generated by org.testng.reporters.JUnitReportReporter -->
<testsuite hostname="DESKTOP-5P4F1JE" failures="0" tests="3" name="com.timp.test.BRE.RegrasDeAuditoriaN1Criar" time="124.228" errors="0" timestamp="8 Dec 2020 15:36:30 GMT">
  <testcase classname="com.timp.test.BRE.RegrasDeAuditoriaN1Criar" name="login" time="8.827"/>
  <testcase classname="com.timp.test.BRE.RegrasDeAuditoriaN1Criar" name="criar" time="98.900"/>
  <testcase classname="com.timp.test.BRE.RegrasDeAuditoriaN1Criar" name="acessarBRE" time="16.501"/>
</testsuite> <!-- com.timp.test.BRE.RegrasDeAuditoriaN1Criar -->
