<?xml version="1.0" encoding="UTF-8"?>
<!-- Generated by org.testng.reporters.JUnitReportReporter -->
<<<<<<< HEAD
<testsuite hostname="DESKTOP-C57COV6" failures="0" tests="2" name="com.timp.test.MDR.DetalheTipoTributo.DetalheExcluirMassa" time="241.730" errors="0" timestamp="24 jul. 2021 14:32:57 GMT" skipped="0">
  <testcase classname="com.timp.test.MDR.DetalheTipoTributo.DetalheExcluirMassa" name="excluirMassa" time="52.870"/>
  <testcase classname="com.timp.test.MDR.DetalheTipoTributo.DetalheExcluirMassa" name="criar" time="188.860"/>
=======
<testsuite hostname="DESKTOP-JP1A9E6" failures="0" tests="2" name="com.timp.test.MDR.DetalheTipoTributo.DetalheExcluirMassa" time="234.195" errors="0" timestamp="24 jul. 2021 07:56:26 GMT" skipped="0">
  <testcase classname="com.timp.test.MDR.DetalheTipoTributo.DetalheExcluirMassa" name="criar" time="185.348"/>
  <testcase classname="com.timp.test.MDR.DetalheTipoTributo.DetalheExcluirMassa" name="excluirMassa" time="48.847"/>
>>>>>>> branch 'Yessy' of https://github.com/salc1997/TIMP_R1.git
</testsuite> <!-- com.timp.test.MDR.DetalheTipoTributo.DetalheExcluirMassa -->
