<?xml version="1.0" encoding="UTF-8"?>
<!-- Generated by org.testng.reporters.JUnitReportReporter -->
<testsuite hostname="DESKTOP-35UG9UP" name="com.timp.test.MDR.CodigoContabilizacao.CodigoContabilizacaoEditar" tests="3" failures="0" timestamp="31 Jul 2020 16:59:12 GMT" time="110.621" errors="0">
  <testcase name="Editar" time="89.965" classname="com.timp.test.MDR.CodigoContabilizacao.CodigoContabilizacaoEditar"/>
  <testcase name="login" time="9.290" classname="com.timp.test.MDR.CodigoContabilizacao.CodigoContabilizacaoEditar"/>
  <testcase name="acessarMDR" time="11.366" classname="com.timp.test.MDR.CodigoContabilizacao.CodigoContabilizacaoEditar"/>
</testsuite> <!-- com.timp.test.MDR.CodigoContabilizacao.CodigoContabilizacaoEditar -->
