<?xml version="1.0" encoding="UTF-8"?>
<!-- Generated by org.testng.reporters.JUnitReportReporter -->
<<<<<<< HEAD
=======
<<<<<<< HEAD
>>>>>>> branch 'master' of https://github.com/salc1997/TIMP_R1.git
<testsuite hostname="CRISTHIAN-VASQUEZ" failures="0" tests="3" name="com.timp.test.MDR.TabelasApoioESocial.Tabela11.CompatibilidadeEnCatTrabCriar" time="79.684" errors="0" timestamp="2 Feb 2021 17:44:39 GMT">
  <testcase classname="com.timp.test.MDR.TabelasApoioESocial.Tabela11.CompatibilidadeEnCatTrabCriar" name="criar" time="43.221"/>
  <testcase classname="com.timp.test.MDR.TabelasApoioESocial.Tabela11.CompatibilidadeEnCatTrabCriar" name="login" time="13.243"/>
  <testcase classname="com.timp.test.MDR.TabelasApoioESocial.Tabela11.CompatibilidadeEnCatTrabCriar" name="acessarMDR" time="23.220"/>
=======
<testsuite hostname="LAPTOP-IN7IV9K5" failures="0" tests="1" name="com.timp.test.MDR.TabelasApoioESocial.Tabela11.CompatibilidadeEnCatTrabCriar" time="88.984" errors="0" timestamp="19 feb. 2021 22:56:18 GMT" skipped="0">
  <testcase classname="com.timp.test.MDR.TabelasApoioESocial.Tabela11.CompatibilidadeEnCatTrabCriar" name="criar" time="88.984"/>
>>>>>>> refs/remotes/origin/Kenssy
</testsuite> <!-- com.timp.test.MDR.TabelasApoioESocial.Tabela11.CompatibilidadeEnCatTrabCriar -->
