<?xml version="1.0" encoding="UTF-8"?>
<!-- Generated by org.testng.reporters.JUnitReportReporter -->
<testsuite hostname="LitoSoler" name="com.timp.test.MDR.CEP.Municipio.MunicipioCriar" tests="3" failures="0" timestamp="24 Sep 2020 14:58:10 GMT" time="55.397" errors="0">
  <testcase name="login" time="7.140" classname="com.timp.test.MDR.CEP.Municipio.MunicipioCriar"/>
  <testcase name="filtro" time="31.902" classname="com.timp.test.MDR.CEP.Municipio.MunicipioCriar"/>
  <testcase name="acessarMDR" time="16.355" classname="com.timp.test.MDR.CEP.Municipio.MunicipioCriar"/>
</testsuite> <!-- com.timp.test.MDR.CEP.Municipio.MunicipioCriar -->
