<?xml version="1.0" encoding="UTF-8"?>
<!-- Generated by org.testng.reporters.JUnitReportReporter -->
<testsuite hostname="LitoSoler" name="com.timp.test.BRB.ListaSuspensa" tests="3" failures="0" timestamp="23 Sep 2020 22:55:23 GMT" time="153.461" errors="0">
  <testcase name="brbEntrar" time="17.132" classname="com.timp.test.BRB.ListaSuspensa"/>
  <testcase name="login" time="5.602" classname="com.timp.test.BRB.ListaSuspensa"/>
  <testcase name="listaSuspensa" time="130.727" classname="com.timp.test.BRB.ListaSuspensa"/>
</testsuite> <!-- com.timp.test.BRB.ListaSuspensa -->
