<?xml version="1.0" encoding="UTF-8"?>
<!-- Generated by org.testng.reporters.JUnitReportReporter -->
<testsuite hostname="DESKTOP-M23FVFN" failures="0" tests="2" name="com.timp.test.MDR.RegistroECAC.RegistroECACExcluirMassa" time="209.130" errors="0" timestamp="06 ene. 2022 10:51:38 GMT" skipped="0">
  <testcase classname="com.timp.test.MDR.RegistroECAC.RegistroECACExcluirMassa" name="excluirMassa" time="39.445"/>
  <testcase classname="com.timp.test.MDR.RegistroECAC.RegistroECACExcluirMassa" name="criar" time="169.685"/>
</testsuite> <!-- com.timp.test.MDR.RegistroECAC.RegistroECACExcluirMassa -->
