<?xml version="1.0" encoding="UTF-8"?>
<!-- Generated by org.testng.reporters.JUnitReportReporter -->
<testsuite hostname="DESKTOP-SUF121B" failures="0" tests="3" name="com.timp.test.MDR.CenariosCorrecao.CenariosCorrecaoCriar" time="222.054" errors="0" timestamp="31 Jul 2020 02:22:15 GMT">
  <testcase classname="com.timp.test.MDR.CenariosCorrecao.CenariosCorrecaoCriar" name="cenariosCorrecaoCriar" time="139.407"/>
  <testcase classname="com.timp.test.MDR.CenariosCorrecao.CenariosCorrecaoCriar" name="login" time="21.204"/>
  <testcase classname="com.timp.test.MDR.CenariosCorrecao.CenariosCorrecaoCriar" name="acessarMDR" time="61.443"/>
</testsuite> <!-- com.timp.test.MDR.CenariosCorrecao.CenariosCorrecaoCriar -->
