<?xml version="1.0" encoding="UTF-8"?>
<!-- Generated by org.testng.reporters.JUnitReportReporter -->
<testsuite hostname="Agile" failures="0" tests="1" name="com.timp.test.MDR.CEP.Bairro.BairroFiltros" time="73.013" errors="0" timestamp="11 mar. 2022 16:42:52 GMT" skipped="0">
  <testcase classname="com.timp.test.MDR.CEP.Bairro.BairroFiltros" name="filtro" time="73.013"/>
</testsuite> <!-- com.timp.test.MDR.CEP.Bairro.BairroFiltros -->
