<?xml version="1.0" encoding="UTF-8"?>
<!-- Generated by org.testng.reporters.JUnitReportReporter -->
<testsuite hostname="DESKTOP-BNBDMGT" failures="0" tests="3" name="com.timp.test.BCB.ParametrosGeraisConfiguraçãoEditar" time="258.292" errors="0" timestamp="21 Jan 2021 06:42:26 GMT">
  <testcase classname="com.timp.test.BCB.ParametrosGeraisConfiguraçãoEditar" name="brbEntrar" time="17.142"/>
  <testcase classname="com.timp.test.BCB.ParametrosGeraisConfiguraçãoEditar" name="login" time="7.188"/>
  <testcase classname="com.timp.test.BCB.ParametrosGeraisConfiguraçãoEditar" name="editar" time="233.962"/>
</testsuite> <!-- com.timp.test.BCB.ParametrosGeraisConfiguraçãoEditar -->
