<?xml version="1.0" encoding="UTF-8"?>
<!-- Generated by org.testng.reporters.JUnitReportReporter -->
<testsuite hostname="DESKTOP-35UG9UP" name="com.timp.test.MDR.CEP.Logradouro.LogradouroVisualizar" tests="3" failures="0" timestamp="1 Sep 2020 16:32:57 GMT" time="147.141" errors="0">
  <testcase name="logradouroVisualizar" time="92.836" classname="com.timp.test.MDR.CEP.Logradouro.LogradouroVisualizar"/>
  <testcase name="login" time="11.288" classname="com.timp.test.MDR.CEP.Logradouro.LogradouroVisualizar"/>
  <testcase name="acessarMDR" time="43.017" classname="com.timp.test.MDR.CEP.Logradouro.LogradouroVisualizar"/>
</testsuite> <!-- com.timp.test.MDR.CEP.Logradouro.LogradouroVisualizar -->
