<?xml version="1.0" encoding="UTF-8"?>
<!-- Generated by org.testng.reporters.JUnitReportReporter -->
<testsuite hostname="MassielV" failures="0" tests="1" name="com.timp.test.MDR.EventosESocial.S1200RemuneracaoDeTrabalhador.S1200RemuneracaoDeTrabalhadorExcluir" time="100.664" errors="0" timestamp="18 oct. 2021 10:02:30 GMT" skipped="0">
  <testcase classname="com.timp.test.MDR.EventosESocial.S1200RemuneracaoDeTrabalhador.S1200RemuneracaoDeTrabalhadorExcluir" name="excluir" time="100.664"/>
</testsuite> <!-- com.timp.test.MDR.EventosESocial.S1200RemuneracaoDeTrabalhador.S1200RemuneracaoDeTrabalhadorExcluir -->
