<?xml version="1.0" encoding="UTF-8"?>
<!-- Generated by org.testng.reporters.JUnitReportReporter -->
<testsuite hostname="LitoSoler" name="com.timp.test.DFG.SPED.ECD.ECDFuncionalidades" tests="4" failures="0" timestamp="14 Dec 2020 23:11:47 GMT" time="67.504" errors="0">
  <testcase name="ingresar" time="7.896" classname="com.timp.test.DFG.SPED.ECD.ECDFuncionalidades"/>
  <testcase name="mdrEntrar" time="16.576" classname="com.timp.test.DFG.SPED.ECD.ECDFuncionalidades"/>
  <testcase name="criarECD" time="25.784" classname="com.timp.test.DFG.SPED.ECD.ECDFuncionalidades"/>
  <testcase name="VisualizarECD" time="17.248" classname="com.timp.test.DFG.SPED.ECD.ECDFuncionalidades"/>
</testsuite> <!-- com.timp.test.DFG.SPED.ECD.ECDFuncionalidades -->
