<?xml version="1.0" encoding="UTF-8"?>
<!-- Generated by org.testng.reporters.JUnitReportReporter -->
<testsuite hostname="DESKTOP-M23FVFN" failures="0" tests="1" name="com.timp.test.BRB.AdicionarColunas" time="156.756" errors="0" timestamp="2023-01-25T14:06:16 BRT" skipped="0">
  <testcase classname="com.timp.test.BRB.AdicionarColunas" name="adicionarColunas" time="156.756"/>
  <system-out/>
</testsuite> <!-- com.timp.test.BRB.AdicionarColunas -->
