<?xml version="1.0" encoding="UTF-8"?>
<!-- Generated by org.testng.reporters.JUnitReportReporter -->
<testsuite hostname="MIGUEL" failures="0" tests="3" name="com.timp.test.BRE.CalculoDeTributos.Edicao.CalculoDeTributosFiltrosAvansados" time="47.149" errors="0" timestamp="02 mar. 2021 19:10:10 GMT" skipped="0">
  <testcase classname="com.timp.test.BRE.CalculoDeTributos.Edicao.CalculoDeTributosFiltrosAvansados" name="login" time="7.165"/>
  <testcase classname="com.timp.test.BRE.CalculoDeTributos.Edicao.CalculoDeTributosFiltrosAvansados" name="acessarBRE" time="16.448"/>
  <testcase classname="com.timp.test.BRE.CalculoDeTributos.Edicao.CalculoDeTributosFiltrosAvansados" name="Filtro" time="23.536"/>
</testsuite> <!-- com.timp.test.BRE.CalculoDeTributos.Edicao.CalculoDeTributosFiltrosAvansados -->
