<?xml version="1.0" encoding="UTF-8"?>
<!-- Generated by org.testng.reporters.JUnitReportReporter -->
<testsuite hostname="LitoSoler" name="com.timp.test.BCB.ParametrosGeraisHierarquiaRaiz" tests="3" failures="0" timestamp="21 Jan 2021 00:11:19 GMT" time="48.873" errors="0">
  <testcase name="criarConfiguracao" time="27.258" classname="com.timp.test.BCB.ParametrosGeraisHierarquiaRaiz"/>
  <testcase name="brbEntrar" time="15.249" classname="com.timp.test.BCB.ParametrosGeraisHierarquiaRaiz"/>
  <testcase name="login" time="6.366" classname="com.timp.test.BCB.ParametrosGeraisHierarquiaRaiz"/>
</testsuite> <!-- com.timp.test.BCB.ParametrosGeraisHierarquiaRaiz -->
