<?xml version="1.0" encoding="UTF-8"?>
<!-- Generated by org.testng.reporters.JUnitReportReporter -->
<testsuite hostname="CRISTHIAN-VASQUEZ" failures="0" tests="3" name="com.timp.test.BRE.RegrasdeAuditoriaN2.RegrasdeAuditoriaN2LixeiraExcluirdefinitivamente" time="141.534" errors="0" timestamp="7 Jan 2021 23:54:56 GMT">
  <testcase classname="com.timp.test.BRE.RegrasdeAuditoriaN2.RegrasdeAuditoriaN2LixeiraExcluirdefinitivamente" name="login" time="7.153"/>
  <testcase classname="com.timp.test.BRE.RegrasdeAuditoriaN2.RegrasdeAuditoriaN2LixeiraExcluirdefinitivamente" name="lexeira" time="114.704"/>
  <testcase classname="com.timp.test.BRE.RegrasdeAuditoriaN2.RegrasdeAuditoriaN2LixeiraExcluirdefinitivamente" name="acessarBRE" time="19.677"/>
</testsuite> <!-- com.timp.test.BRE.RegrasdeAuditoriaN2.RegrasdeAuditoriaN2LixeiraExcluirdefinitivamente -->
