<?xml version="1.0" encoding="UTF-8"?>
<!-- Generated by org.testng.reporters.JUnitReportReporter -->
<testsuite hostname="DESKTOP-BNBDMGT" failures="0" tests="10" name="com.timp.test.BCB.HierarquiaExecucoesTodasAsFuncionalidades" time="899.702" errors="0" timestamp="02 mar. 2021 21:34:42 GMT" skipped="0">
  <testcase classname="com.timp.test.BCB.HierarquiaExecucoesTodasAsFuncionalidades" name="login" time="12.894"/>
  <testcase classname="com.timp.test.BCB.HierarquiaExecucoesTodasAsFuncionalidades" name="brbEntrar" time="18.550"/>
  <testcase classname="com.timp.test.BCB.HierarquiaExecucoesTodasAsFuncionalidades" name="criarConfiguracaoExecucoes" time="86.471"/>
  <testcase classname="com.timp.test.BCB.HierarquiaExecucoesTodasAsFuncionalidades" name="criarConfiguracao" time="310.060"/>
  <testcase classname="com.timp.test.BCB.HierarquiaExecucoesTodasAsFuncionalidades" name="executar" time="98.446"/>
  <testcase classname="com.timp.test.BCB.HierarquiaExecucoesTodasAsFuncionalidades" name="resto" time="103.734"/>
  <testcase classname="com.timp.test.BCB.HierarquiaExecucoesTodasAsFuncionalidades" name="editar" time="66.287"/>
  <testcase classname="com.timp.test.BCB.HierarquiaExecucoesTodasAsFuncionalidades" name="excluirExecucoes" time="51.883"/>
  <testcase classname="com.timp.test.BCB.HierarquiaExecucoesTodasAsFuncionalidades" name="excluirConfiguracoes" time="83.223"/>
  <testcase classname="com.timp.test.BCB.HierarquiaExecucoesTodasAsFuncionalidades" name="excluirHierarquia" time="68.154"/>
</testsuite> <!-- com.timp.test.BCB.HierarquiaExecucoesTodasAsFuncionalidades -->
