<?xml version="1.0" encoding="UTF-8"?>
<!-- Generated by org.testng.reporters.JUnitReportReporter -->
<testsuite hostname="DESKTOP-JP1A9E6" failures="0" tests="3" name="com.timp.test.BRB.Formula" time="164.220" errors="0" timestamp="15 jun. 2021 05:23:37 GMT" skipped="0">
  <testcase classname="com.timp.test.BRB.Formula" name="formulaBoton" time="86.392"/>
  <testcase classname="com.timp.test.BRB.Formula" name="aplicar" time="10.028"/>
  <testcase classname="com.timp.test.BRB.Formula" name="formulaColuna" time="67.800"/>
</testsuite> <!-- com.timp.test.BRB.Formula -->
