<?xml version="1.0" encoding="UTF-8"?>
<!-- Generated by org.testng.reporters.JUnitReportReporter -->
<testsuite hostname="CRISTHIAN-VASQUEZ" failures="0" tests="1" name="com.timp.test.BRB.OutputAutomático" time="220.975" errors="0" timestamp="22 feb. 2021 20:06:11 GMT" skipped="0">
  <testcase classname="com.timp.test.BRB.OutputAutomático" name="editar" time="220.975"/>
</testsuite> <!-- com.timp.test.BRB.OutputAutomático -->
