<?xml version="1.0" encoding="UTF-8"?>
<!-- Generated by org.testng.reporters.JUnitReportReporter -->
<<<<<<< HEAD
<testsuite hostname="DESKTOP-C57COV6" failures="0" tests="1" name="com.timp.test.MDR.SCANC.MovimentoSCANC.MovimentoSCANCExcluir" time="216.145" errors="0" timestamp="08 sep. 2021 05:21:55 GMT" skipped="0">
  <testcase classname="com.timp.test.MDR.SCANC.MovimentoSCANC.MovimentoSCANCExcluir" name="excluir" time="216.145"/>
=======
<testsuite hostname="DESKTOP-JP1A9E6" failures="0" tests="1" name="com.timp.test.MDR.SCANC.MovimentoSCANC.MovimentoSCANCExcluir" time="106.612" errors="0" timestamp="02 sep. 2021 09:43:19 GMT" skipped="0">
  <testcase classname="com.timp.test.MDR.SCANC.MovimentoSCANC.MovimentoSCANCExcluir" name="excluir" time="106.612"/>
>>>>>>> branch 'Yessy' of https://github.com/salc1997/TIMP_R1.git
</testsuite> <!-- com.timp.test.MDR.SCANC.MovimentoSCANC.MovimentoSCANCExcluir -->
