<?xml version="1.0" encoding="UTF-8"?>
<!-- Generated by org.testng.reporters.JUnitReportReporter -->
<testsuite skipped="0" hostname="LitoSoler" name="com.timp.test.MDR.AtividadesFiscais.AtividadeFiscal.AtividadeVisualizar" tests="1" failures="0" timestamp="16 feb 2021 20:49:44 GMT" time="67.031" errors="0">
  <testcase name="visualizar" time="67.031" classname="com.timp.test.MDR.AtividadesFiscais.AtividadeFiscal.AtividadeVisualizar"/>
</testsuite> <!-- com.timp.test.MDR.AtividadesFiscais.AtividadeFiscal.AtividadeVisualizar -->
