<?xml version="1.0" encoding="UTF-8"?>
<!-- Generated by org.testng.reporters.JUnitReportReporter -->
<testsuite hostname="DESKTOP-M23FVFN" failures="0" tests="1" name="com.timp.test.BRE.RegrasDeMensagens.Edicao.RegrasDeMensagensSimular" time="181.669" errors="0" timestamp="2022-06-30T14:12:00 CST" skipped="0">
  <testcase classname="com.timp.test.BRE.RegrasDeMensagens.Edicao.RegrasDeMensagensSimular" name="simular" time="181.669"/>
  <system-out/>
</testsuite> <!-- com.timp.test.BRE.RegrasDeMensagens.Edicao.RegrasDeMensagensSimular -->
