<?xml version="1.0" encoding="UTF-8"?>
<!-- Generated by org.testng.reporters.JUnitReportReporter -->
<testsuite hostname="DESKTOP-M23FVFN" failures="0" tests="1" name="com.timp.test.MDR.SaldoInicial.SaldoInicialEditar" time="192.530" errors="0" timestamp="30 ene. 2022 05:58:23 GMT" skipped="0">
  <testcase classname="com.timp.test.MDR.SaldoInicial.SaldoInicialEditar" name="editarSaldo" time="192.530"/>
</testsuite> <!-- com.timp.test.MDR.SaldoInicial.SaldoInicialEditar -->
