<?xml version="1.0" encoding="UTF-8"?>
<!-- Generated by org.testng.reporters.JUnitReportReporter -->
<testsuite hostname="DESKTOP-5P4F1JE" failures="0" tests="3" name="com.timp.test.TDK.Dashboard.Edicao.DashboardLinksRapidos" time="296.033" errors="0" timestamp="2 Feb 2021 17:12:38 GMT">
  <testcase classname="com.timp.test.TDK.Dashboard.Edicao.DashboardLinksRapidos" name="acessarTDK" time="25.237"/>
  <testcase classname="com.timp.test.TDK.Dashboard.Edicao.DashboardLinksRapidos" name="login" time="9.141"/>
  <testcase classname="com.timp.test.TDK.Dashboard.Edicao.DashboardLinksRapidos" name="linksrapidos" time="261.655"/>
</testsuite> <!-- com.timp.test.TDK.Dashboard.Edicao.DashboardLinksRapidos -->
