<?xml version="1.0" encoding="UTF-8"?>
<!-- Generated by org.testng.reporters.JUnitReportReporter -->
<testsuite hostname="SALC-PC" failures="0" tests="1" name="com.timp.test.BRB.ComentarioListaSuspensa" time="301.651" errors="0" timestamp="2023-05-13T16:19:15 CST" skipped="0">
  <testcase classname="com.timp.test.BRB.ComentarioListaSuspensa" name="listaSuspensa" time="301.651"/>
  <system-out/>
</testsuite> <!-- com.timp.test.BRB.ComentarioListaSuspensa -->
