<?xml version="1.0" encoding="UTF-8"?>
<!-- Generated by org.testng.reporters.JUnitReportReporter -->
<testsuite hostname="MIGUEL" failures="0" tests="3" name="com.timp.test.MDR.RegistroECAC.RegistroECACEditar" time="77.629" errors="0" timestamp="22 Jan 2021 06:06:56 GMT">
  <testcase classname="com.timp.test.MDR.RegistroECAC.RegistroECACEditar" name="acessarMDR" time="13.900"/>
  <testcase classname="com.timp.test.MDR.RegistroECAC.RegistroECACEditar" name="login" time="8.747"/>
  <testcase classname="com.timp.test.MDR.RegistroECAC.RegistroECACEditar" name="editar" time="54.982"/>
</testsuite> <!-- com.timp.test.MDR.RegistroECAC.RegistroECACEditar -->
