<?xml version="1.0" encoding="UTF-8"?>
<!-- Generated by org.testng.reporters.JUnitReportReporter -->
<testsuite hostname="DESKTOP-35UG9UP" name="com.timp.test.BRB.AtivarComentario" tests="3" failures="0" timestamp="1 Oct 2020 21:42:56 GMT" time="81.869" errors="0">
  <testcase name="ativarComentarios" time="46.773" classname="com.timp.test.BRB.AtivarComentario"/>
  <testcase name="brbEntrar" time="25.513" classname="com.timp.test.BRB.AtivarComentario"/>
  <testcase name="login" time="9.583" classname="com.timp.test.BRB.AtivarComentario"/>
</testsuite> <!-- com.timp.test.BRB.AtivarComentario -->
