<?xml version="1.0" encoding="UTF-8"?>
<!-- Generated by org.testng.reporters.JUnitReportReporter -->
<testsuite hostname="CRISTHIAN-VASQUEZ" failures="0" tests="3" name="com.timp.test.BRE.RegrasdeAuditoriaN2.RegrasdeAuditoriaN2LixeiraExcluirdefinitivamente" time="105.293" errors="0" timestamp="24 Nov 2020 13:56:06 GMT">
  <testcase classname="com.timp.test.BRE.RegrasdeAuditoriaN2.RegrasdeAuditoriaN2LixeiraExcluirdefinitivamente" name="login" time="7.637"/>
  <testcase classname="com.timp.test.BRE.RegrasdeAuditoriaN2.RegrasdeAuditoriaN2LixeiraExcluirdefinitivamente" name="acessarBRE" time="16.010"/>
  <testcase classname="com.timp.test.BRE.RegrasdeAuditoriaN2.RegrasdeAuditoriaN2LixeiraExcluirdefinitivamente" name="lexeira" time="81.646"/>
</testsuite> <!-- com.timp.test.BRE.RegrasdeAuditoriaN2.RegrasdeAuditoriaN2LixeiraExcluirdefinitivamente -->
