<?xml version="1.0" encoding="UTF-8"?>
<!-- Generated by org.testng.reporters.JUnitReportReporter -->
<testsuite hostname="DESKTOP-C57COV6" failures="0" tests="1" name="com.timp.test.MDR.CEP.Logradouro.LogradouroEditar" time="104.017" errors="0" timestamp="15 oct. 2021 12:29:45 GMT" skipped="0">
  <testcase classname="com.timp.test.MDR.CEP.Logradouro.LogradouroEditar" name="editar" time="104.017"/>
</testsuite> <!-- com.timp.test.MDR.CEP.Logradouro.LogradouroEditar -->
