<?xml version="1.0" encoding="UTF-8"?>
<!-- Generated by org.testng.reporters.JUnitReportReporter -->
<testsuite hostname="DESKTOP-35UG9UP" name="com.timp.test.MDR.AtivaçaoParaMunicipio.AtivaçaoParaMunicipioEditar" tests="3" failures="0" timestamp="11 Aug 2020 20:35:49 GMT" time="126.507" errors="0">
  <testcase name="login" time="9.814" classname="com.timp.test.MDR.AtivaçaoParaMunicipio.AtivaçaoParaMunicipioEditar"/>
  <testcase name="acessarMDR" time="42.600" classname="com.timp.test.MDR.AtivaçaoParaMunicipio.AtivaçaoParaMunicipioEditar"/>
  <testcase name="editar" time="74.093" classname="com.timp.test.MDR.AtivaçaoParaMunicipio.AtivaçaoParaMunicipioEditar"/>
</testsuite> <!-- com.timp.test.MDR.AtivaçaoParaMunicipio.AtivaçaoParaMunicipioEditar -->
