<?xml version="1.0" encoding="UTF-8"?>
<!-- Generated by org.testng.reporters.JUnitReportReporter -->
<testsuite hostname="DESKTOP-M23FVFN" failures="0" tests="1" name="com.timp.test.MDR.SequenciaAcesso.SequenciaFiltros" time="63.539" errors="0" timestamp="06 ene. 2022 08:39:58 GMT" skipped="0">
  <testcase classname="com.timp.test.MDR.SequenciaAcesso.SequenciaFiltros" name="filtro" time="63.539"/>
</testsuite> <!-- com.timp.test.MDR.SequenciaAcesso.SequenciaFiltros -->
