<?xml version="1.0" encoding="UTF-8"?>
<!-- Generated by org.testng.reporters.JUnitReportReporter -->
<testsuite hostname="LitoSoler" name="com.timp.test.MDR.CEP.Bairro.BairroFiltros" tests="3" failures="0" timestamp="24 Sep 2020 14:25:54 GMT" time="30.526" errors="0">
  <testcase name="login" time="7.652" classname="com.timp.test.MDR.CEP.Bairro.BairroFiltros"/>
  <testcase name="filtro" time="4.913" classname="com.timp.test.MDR.CEP.Bairro.BairroFiltros"/>
  <testcase name="acessarMDR" time="17.961" classname="com.timp.test.MDR.CEP.Bairro.BairroFiltros"/>
</testsuite> <!-- com.timp.test.MDR.CEP.Bairro.BairroFiltros -->
