<?xml version="1.0" encoding="UTF-8"?>
<!-- Generated by org.testng.reporters.JUnitReportReporter -->
<testsuite hostname="DESKTOP-BNBDMGT" failures="0" tests="2" name="com.timp.test.BRE.AcessarBRE" time="24.559" errors="0" timestamp="11 Jan 2021 22:48:44 GMT">
  <testcase classname="com.timp.test.BRE.AcessarBRE" name="MDREntrar" time="17.464"/>
  <testcase classname="com.timp.test.BRE.AcessarBRE" name="login" time="7.095"/>
</testsuite> <!-- com.timp.test.BRE.AcessarBRE -->
