<?xml version="1.0" encoding="UTF-8"?>
<!-- Generated by org.testng.reporters.JUnitReportReporter -->
<testsuite hostname="DESKTOP-C57COV6" failures="0" tests="1" name="com.timp.test.BRB.ComentarioListaSuspensa" time="268.982" errors="0" timestamp="03 ago. 2021 18:19:10 GMT" skipped="0">
  <testcase classname="com.timp.test.BRB.ComentarioListaSuspensa" name="listaSuspensa" time="268.982"/>
</testsuite> <!-- com.timp.test.BRB.ComentarioListaSuspensa -->
