<?xml version="1.0" encoding="UTF-8"?>
<!-- Generated by org.testng.reporters.JUnitReportReporter -->
<testsuite hostname="DESKTOP-M23FVFN" failures="0" tests="1" name="com.timp.test.MDR.TabelasApoioSped.CodigosDasObrigaçoesDeICMSaRecolher.CodigosDasObrigaçoesDeICMSaRecolherEditar" time="147.304" errors="0" timestamp="22 dic. 2021 10:06:17 GMT" skipped="0">
  <testcase classname="com.timp.test.MDR.TabelasApoioSped.CodigosDasObrigaçoesDeICMSaRecolher.CodigosDasObrigaçoesDeICMSaRecolherEditar" name="editar" time="147.304"/>
</testsuite> <!-- com.timp.test.MDR.TabelasApoioSped.CodigosDasObrigaçoesDeICMSaRecolher.CodigosDasObrigaçoesDeICMSaRecolherEditar -->
