<?xml version="1.0" encoding="UTF-8"?>
<!-- Generated by org.testng.reporters.JUnitReportReporter -->
<testsuite hostname="LitoSoler" name="com.timp.test.BRE.RegrasDeEscrituração.RegrasDeEscrituraçãoVisualizar" tests="3" failures="0" timestamp="6 Jan 2021 06:55:52 GMT" time="80.076" errors="0">
  <testcase name="login" time="7.688" classname="com.timp.test.BRE.RegrasDeEscrituração.RegrasDeEscrituraçãoVisualizar"/>
  <testcase name="visualizar" time="55.913" classname="com.timp.test.BRE.RegrasDeEscrituração.RegrasDeEscrituraçãoVisualizar"/>
  <testcase name="acessarBRE" time="16.475" classname="com.timp.test.BRE.RegrasDeEscrituração.RegrasDeEscrituraçãoVisualizar"/>
</testsuite> <!-- com.timp.test.BRE.RegrasDeEscrituração.RegrasDeEscrituraçãoVisualizar -->
