<?xml version="1.0" encoding="UTF-8"?>
<!-- Generated by org.testng.reporters.JUnitReportReporter -->
<testsuite hostname="LitoSoler" name="com.timp.test.DFG.Configuracoes.ConfiguracoesCriar" tests="3" failures="0" timestamp="25 Nov 2020 21:08:51 GMT" time="215.814" errors="0">
  <testcase name="mdrEntrar" time="15.528" classname="com.timp.test.DFG.Configuracoes.ConfiguracoesCriar"/>
  <testcase name="criar" time="192.688" classname="com.timp.test.DFG.Configuracoes.ConfiguracoesCriar"/>
  <testcase name="ingresar" time="7.598" classname="com.timp.test.DFG.Configuracoes.ConfiguracoesCriar"/>
</testsuite> <!-- com.timp.test.DFG.Configuracoes.ConfiguracoesCriar -->
