<?xml version="1.0" encoding="UTF-8"?>
<!-- Generated by org.testng.reporters.JUnitReportReporter -->
<testsuite hostname="MIGUEL" failures="0" tests="3" name="com.timp.test.BRE.CalculoDeTributos.Edicao.CálculodeTributosValoresCalculados" time="251.463" errors="0" timestamp="02 mar. 2021 19:22:05 GMT" skipped="0">
  <testcase classname="com.timp.test.BRE.CalculoDeTributos.Edicao.CálculodeTributosValoresCalculados" name="login" time="7.212"/>
  <testcase classname="com.timp.test.BRE.CalculoDeTributos.Edicao.CálculodeTributosValoresCalculados" name="acessarBRE" time="16.220"/>
  <testcase classname="com.timp.test.BRE.CalculoDeTributos.Edicao.CálculodeTributosValoresCalculados" name="editar" time="228.031"/>
</testsuite> <!-- com.timp.test.BRE.CalculoDeTributos.Edicao.CálculodeTributosValoresCalculados -->
