<?xml version="1.0" encoding="UTF-8"?>
<!-- Generated by org.testng.reporters.JUnitReportReporter -->
<testsuite hostname="LitoSoler" name="com.timp.test.MDR.AtividadesFiscais.AtividadeFiscal.AtividadeEditar" tests="3" failures="0" timestamp="6 Aug 2020 19:12:03 GMT" time="109.269" errors="0">
  <testcase name="login" time="6.417" classname="com.timp.test.MDR.AtividadesFiscais.AtividadeFiscal.AtividadeEditar"/>
  <testcase name="visualizar" time="83.003" classname="com.timp.test.MDR.AtividadesFiscais.AtividadeFiscal.AtividadeEditar"/>
  <testcase name="acessarMDR" time="19.849" classname="com.timp.test.MDR.AtividadesFiscais.AtividadeFiscal.AtividadeEditar"/>
</testsuite> <!-- com.timp.test.MDR.AtividadesFiscais.AtividadeFiscal.AtividadeEditar -->
