<?xml version="1.0" encoding="UTF-8"?>
<!-- Generated by org.testng.reporters.JUnitReportReporter -->
<testsuite hostname="DESKTOP-C57COV6" failures="0" tests="1" name="com.timp.test.MDR.EventosESocial.S1200RemuneracaoDeTrabalhador.S1200RemuneracaoDeTrabalhadorExcluir" time="92.858" errors="0" timestamp="10 ago. 2021 12:01:04 GMT" skipped="0">
  <testcase classname="com.timp.test.MDR.EventosESocial.S1200RemuneracaoDeTrabalhador.S1200RemuneracaoDeTrabalhadorExcluir" name="excluir" time="92.858"/>
</testsuite> <!-- com.timp.test.MDR.EventosESocial.S1200RemuneracaoDeTrabalhador.S1200RemuneracaoDeTrabalhadorExcluir -->
