<?xml version="1.0" encoding="UTF-8"?>
<!-- Generated by org.testng.reporters.JUnitReportReporter -->
<testsuite hostname="DESKTOP-M23FVFN" failures="0" tests="1" name="com.timp.test.ADM.Configuração.ConfiguracaoDeTributos.ConfiguracaoDeTipoTributo.ConfiguracaoDeTipoTributoVisualizar" time="111.364" errors="0" timestamp="15 dic. 2021 01:28:39 GMT" skipped="0">
  <testcase classname="com.timp.test.ADM.Configuração.ConfiguracaoDeTributos.ConfiguracaoDeTipoTributo.ConfiguracaoDeTipoTributoVisualizar" name="Visualizar" time="111.364"/>
</testsuite> <!-- com.timp.test.ADM.Configuração.ConfiguracaoDeTributos.ConfiguracaoDeTipoTributo.ConfiguracaoDeTipoTributoVisualizar -->
