<?xml version="1.0" encoding="UTF-8"?>
<!-- Generated by org.testng.reporters.JUnitReportReporter -->
<testsuite hostname="EC2AMAZ-8HCHO4G" failures="0" tests="3" name="com.timp.test.BRE.Lixeira.ParametrosGerais.LixeiraTodasFunc" time="276.136" errors="0" timestamp="2023-07-19T15:58:58 UTC" skipped="0">
  <testcase classname="com.timp.test.BRE.Lixeira.ParametrosGerais.LixeiraTodasFunc" name="criar" time="168.934"/>
  <system-out/>
  <testcase classname="com.timp.test.BRE.Lixeira.ParametrosGerais.LixeiraTodasFunc" name="restaurar" time="35.736"/>
  <system-out/>
  <testcase classname="com.timp.test.BRE.Lixeira.ParametrosGerais.LixeiraTodasFunc" name="excluir" time="71.466"/>
  <system-out/>
</testsuite> <!-- com.timp.test.BRE.Lixeira.ParametrosGerais.LixeiraTodasFunc -->
