<?xml version="1.0" encoding="UTF-8"?>
<!-- Generated by org.testng.reporters.JUnitReportReporter -->
<testsuite hostname="DESKTOP-C57COV6" failures="0" tests="1" name="com.timp.test.MDR.CEP.Bairro.BairroFiltros" time="53.340" errors="0" timestamp="15 oct. 2021 12:17:29 GMT" skipped="0">
  <testcase classname="com.timp.test.MDR.CEP.Bairro.BairroFiltros" name="filtro" time="53.340"/>
</testsuite> <!-- com.timp.test.MDR.CEP.Bairro.BairroFiltros -->
