<?xml version="1.0" encoding="UTF-8"?>
<!-- Generated by org.testng.reporters.JUnitReportReporter -->
<testsuite hostname="LAPTOP-IN7IV9K5" failures="0" tests="2" name="com.timp.test.TDK.Dashboard.DashboardCriar" time="363.362" errors="0" timestamp="25 jun. 2021 09:13:32 GMT" skipped="0">
  <testcase classname="com.timp.test.TDK.Dashboard.DashboardCriar" name="criar" time="172.554"/>
  <testcase classname="com.timp.test.TDK.Dashboard.DashboardCriar" name="criar" time="190.808"/>
</testsuite> <!-- com.timp.test.TDK.Dashboard.DashboardCriar -->
