<?xml version="1.0" encoding="UTF-8"?>
<!-- Generated by org.testng.reporters.JUnitReportReporter -->
<testsuite hostname="LAPTOP-IN7IV9K5" failures="0" tests="1" name="com.timp.test.BRB.Paginacao" time="79.110" errors="0" timestamp="25 jun. 2021 02:47:19 GMT" skipped="0">
  <testcase classname="com.timp.test.BRB.Paginacao" name="paginacion" time="79.110"/>
</testsuite> <!-- com.timp.test.BRB.Paginacao -->
