<?xml version="1.0" encoding="UTF-8"?>
<!-- Generated by org.testng.reporters.JUnitReportReporter -->
<testsuite hostname="DESKTOP-C57COV6" failures="0" tests="1" name="com.timp.test.MDR.TabelasComplementaresParaObrigaçoesAcessorias.TabelaDeCodigoDaReceitas.TabelaDeCodigosDeReceitasExcluirEmMassa" time="160.758" errors="0" timestamp="27 oct. 2021 07:05:40 GMT" skipped="0">
  <testcase classname="com.timp.test.MDR.TabelasComplementaresParaObrigaçoesAcessorias.TabelaDeCodigoDaReceitas.TabelaDeCodigosDeReceitasExcluirEmMassa" name="criar" time="160.758"/>
</testsuite> <!-- com.timp.test.MDR.TabelasComplementaresParaObrigaçoesAcessorias.TabelaDeCodigoDaReceitas.TabelaDeCodigosDeReceitasExcluirEmMassa -->
