<?xml version="1.0" encoding="UTF-8"?>
<!-- Generated by org.testng.reporters.JUnitReportReporter -->
<testsuite hostname="DESKTOP-M23FVFN" failures="0" tests="1" name="com.timp.test.TCC.GestaoDeCreditoTributarioPISCONFINS.ApuracaoDeCreditoTributarioPIS.ConfiguracaoEExecucao.RegistroM410.RegistroM410Criar" time="181.854" errors="0" timestamp="2022-10-19T12:21:42 BRT" skipped="0">
  <testcase classname="com.timp.test.TCC.GestaoDeCreditoTributarioPISCONFINS.ApuracaoDeCreditoTributarioPIS.ConfiguracaoEExecucao.RegistroM410.RegistroM410Criar" name="criar" time="181.854"/>
  <system-out/>
</testsuite> <!-- com.timp.test.TCC.GestaoDeCreditoTributarioPISCONFINS.ApuracaoDeCreditoTributarioPIS.ConfiguracaoEExecucao.RegistroM410.RegistroM410Criar -->
