<?xml version="1.0" encoding="UTF-8"?>
<!-- Generated by org.testng.reporters.JUnitReportReporter -->
<testsuite hostname="LitoSoler" name="com.timp.test.MDR.CEP.Municipio.MunicipioCriar" tests="3" failures="0" timestamp="29 Jul 2020 21:56:44 GMT" time="91.539" errors="0">
  <testcase name="filtro" time="60.140" classname="com.timp.test.MDR.CEP.Municipio.MunicipioCriar"/>
  <testcase name="acessarMDR" time="19.285" classname="com.timp.test.MDR.CEP.Municipio.MunicipioCriar"/>
  <testcase name="login" time="12.114" classname="com.timp.test.MDR.CEP.Municipio.MunicipioCriar"/>
</testsuite> <!-- com.timp.test.MDR.CEP.Municipio.MunicipioCriar -->
