<?xml version="1.0" encoding="UTF-8"?>
<!-- Generated by org.testng.reporters.JUnitReportReporter -->
<testsuite hostname="DESKTOP-M23FVFN" failures="0" tests="1" name="com.timp.test.ADM.Usuários.Pacotes.PacotesCriar" time="90.942" errors="0" timestamp="2022-11-30T02:16:49 BRT" skipped="0">
  <testcase classname="com.timp.test.ADM.Usuários.Pacotes.PacotesCriar" name="Crear" time="90.942"/>
  <system-out/>
</testsuite> <!-- com.timp.test.ADM.Usuários.Pacotes.PacotesCriar -->
