<?xml version="1.0" encoding="UTF-8"?>
<<<<<<< HEAD
<!-- Generated by org.testng.reporters.JUnitReportReporter -->
<testsuite hostname="MIGUEL" failures="0" tests="1" name="com.timp.test.MDR.PrecoDeTransferencia.ParametrosModeloDeApuracaoTP.ParametrosModeloDeApuracaoTPExcluir" time="197.970" errors="0" timestamp="20 mar. 2021 03:22:48 GMT" skipped="0">
  <testcase classname="com.timp.test.MDR.PrecoDeTransferencia.ParametrosModeloDeApuracaoTP.ParametrosModeloDeApuracaoTPExcluir" name="excluir" time="197.970"/>
=======
<!-- Generated by org.testng.reporters.JUnitReportReporter -->
<testsuite hostname="MIGUEL" failures="0" tests="1" name="com.timp.test.MDR.PrecoDeTransferencia.ParametrosModeloDeApuracaoTP.ParametrosModeloDeApuracaoTPExcluir" time="72.888" errors="0" timestamp="09 mar. 2021 02:39:03 GMT" skipped="0">
  <testcase classname="com.timp.test.MDR.PrecoDeTransferencia.ParametrosModeloDeApuracaoTP.ParametrosModeloDeApuracaoTPExcluir" name="excluir" time="72.888"/>
>>>>>>> refs/heads/Cristhian
</testsuite> <!-- com.timp.test.MDR.PrecoDeTransferencia.ParametrosModeloDeApuracaoTP.ParametrosModeloDeApuracaoTPExcluir -->
