<?xml version="1.0" encoding="UTF-8"?>
<!-- Generated by org.testng.reporters.JUnitReportReporter -->
<<<<<<< HEAD
<testsuite hostname="DESKTOP-C57COV6" failures="0" tests="2" name="com.timp.test.MDR.SPCBFederaisRetidos.SPCBFederaisRetidosExcluirMassa" time="156.185" errors="0" timestamp="15 oct. 2021 11:52:10 GMT" skipped="0">
  <testcase classname="com.timp.test.MDR.SPCBFederaisRetidos.SPCBFederaisRetidosExcluirMassa" name="criar" time="117.694"/>
  <testcase classname="com.timp.test.MDR.SPCBFederaisRetidos.SPCBFederaisRetidosExcluirMassa" name="excluir" time="38.491"/>
=======
<testsuite hostname="MassielV" failures="0" tests="2" name="com.timp.test.MDR.SPCBFederaisRetidos.SPCBFederaisRetidosExcluirMassa" time="165.978" errors="0" timestamp="13 oct. 2021 17:11:34 GMT" skipped="0">
  <testcase classname="com.timp.test.MDR.SPCBFederaisRetidos.SPCBFederaisRetidosExcluirMassa" name="criar" time="129.669"/>
  <testcase classname="com.timp.test.MDR.SPCBFederaisRetidos.SPCBFederaisRetidosExcluirMassa" name="excluir" time="36.309"/>
>>>>>>> branch 'Yessy' of https://github.com/salc1997/TIMP_R1.git
</testsuite> <!-- com.timp.test.MDR.SPCBFederaisRetidos.SPCBFederaisRetidosExcluirMassa -->
