<?xml version="1.0" encoding="UTF-8"?>
<!-- Generated by org.testng.reporters.JUnitReportReporter -->
<testsuite hostname="MassielV" failures="0" tests="1" name="com.timp.test.MDR.SaldoInicial.SaldoInicialExcluir" time="209.993" errors="0" timestamp="18 oct. 2021 05:20:18 GMT" skipped="0">
  <testcase classname="com.timp.test.MDR.SaldoInicial.SaldoInicialExcluir" name="ExcluirSaldoInicial" time="209.993"/>
</testsuite> <!-- com.timp.test.MDR.SaldoInicial.SaldoInicialExcluir -->
