<?xml version="1.0" encoding="UTF-8"?>
<!-- Generated by org.testng.reporters.JUnitReportReporter -->
<testsuite hostname="LAPTOP-IN7IV9K5" failures="0" tests="2" name="com.timp.test.MDR.TabelasApoioESocial.Tabela13.ParteDoCorpoAtingidaExcluirEmMassa" time="145.035" errors="0" timestamp="24 feb. 2021 15:49:44 GMT" skipped="0">
  <testcase classname="com.timp.test.MDR.TabelasApoioESocial.Tabela13.ParteDoCorpoAtingidaExcluirEmMassa" name="excluirEmMassa" time="31.828"/>
  <testcase classname="com.timp.test.MDR.TabelasApoioESocial.Tabela13.ParteDoCorpoAtingidaExcluirEmMassa" name="criar" time="113.207"/>
</testsuite> <!-- com.timp.test.MDR.TabelasApoioESocial.Tabela13.ParteDoCorpoAtingidaExcluirEmMassa -->
