<?xml version="1.0" encoding="UTF-8"?>
<!-- Generated by org.testng.reporters.JUnitReportReporter -->
<<<<<<< HEAD
<testsuite hostname="LitoSoler" name="com.timp.test.MDR.CEP.Municipio.MunicipioEditar" tests="3" failures="0" timestamp="2 Feb 2021 17:00:56 GMT" time="90.889" errors="0">
  <testcase name="login" time="8.731" classname="com.timp.test.MDR.CEP.Municipio.MunicipioEditar"/>
  <testcase name="editar" time="49.915" classname="com.timp.test.MDR.CEP.Municipio.MunicipioEditar"/>
  <testcase name="acessarMDR" time="32.243" classname="com.timp.test.MDR.CEP.Municipio.MunicipioEditar"/>
=======
<testsuite skipped="0" hostname="LitoSoler" name="com.timp.test.MDR.CEP.Municipio.MunicipioEditar" tests="1" failures="0" timestamp="16 feb 2021 21:44:21 GMT" time="68.898" errors="0">
  <testcase name="editar" time="68.898" classname="com.timp.test.MDR.CEP.Municipio.MunicipioEditar"/>
>>>>>>> refs/heads/master
</testsuite> <!-- com.timp.test.MDR.CEP.Municipio.MunicipioEditar -->
