<?xml version="1.0" encoding="UTF-8"?>
<!-- Generated by org.testng.reporters.JUnitReportReporter -->
<testsuite hostname="EC2AMAZ-8HCHO4G" failures="0" tests="3" name="com.timp.test.BRB.Formula" time="193.601" errors="0" timestamp="2023-04-14T19:26:00 UTC" skipped="0">
  <testcase classname="com.timp.test.BRB.Formula" name="formulaBoton" time="106.136"/>
  <system-out/>
  <testcase classname="com.timp.test.BRB.Formula" name="aplicar" time="18.632"/>
  <system-out/>
  <testcase classname="com.timp.test.BRB.Formula" name="formulaColuna" time="68.833"/>
  <system-out/>
</testsuite> <!-- com.timp.test.BRB.Formula -->
