<?xml version="1.0" encoding="UTF-8"?>
<!-- Generated by org.testng.reporters.JUnitReportReporter -->
<testsuite hostname="LitoSoler" name="com.timp.test.MDR.CadastroDerex.InstituicaoFinanceira.InstituicaoEditar" tests="3" failures="0" timestamp="6 Aug 2020 21:08:40 GMT" time="91.303" errors="0">
  <testcase name="editar" time="73.146" classname="com.timp.test.MDR.CadastroDerex.InstituicaoFinanceira.InstituicaoEditar"/>
  <testcase name="acessarMDR" time="9.917" classname="com.timp.test.MDR.CadastroDerex.InstituicaoFinanceira.InstituicaoEditar"/>
  <testcase name="login" time="8.240" classname="com.timp.test.MDR.CadastroDerex.InstituicaoFinanceira.InstituicaoEditar"/>
</testsuite> <!-- com.timp.test.MDR.CadastroDerex.InstituicaoFinanceira.InstituicaoEditar -->
