<?xml version="1.0" encoding="UTF-8"?>
<!-- Generated by org.testng.reporters.JUnitReportReporter -->
<testsuite hostname="DESKTOP-JP1A9E6" failures="0" tests="1" name="com.timp.test.BSC.CorreçãodeNFRejeitarEmMassa" time="274.727" errors="0" timestamp="17 sep. 2021 20:52:18 GMT" skipped="0">
  <testcase classname="com.timp.test.BSC.CorreçãodeNFRejeitarEmMassa" name="rejeitar" time="274.727"/>
</testsuite> <!-- com.timp.test.BSC.CorreçãodeNFRejeitarEmMassa -->
