<?xml version="1.0" encoding="UTF-8"?>
<!-- Generated by org.testng.reporters.JUnitReportReporter -->
<<<<<<< HEAD
<testsuite hostname="DESKTOP-C57COV6" failures="0" tests="1" name="com.timp.test.MDR.TabelasApoioESocial.Tabela10.TiposDeLotacaoTributarioExcluir" time="126.981" errors="0" timestamp="23 sep. 2021 14:53:11 GMT" skipped="0">
  <testcase classname="com.timp.test.MDR.TabelasApoioESocial.Tabela10.TiposDeLotacaoTributarioExcluir" name="excluir" time="126.981"/>
=======
<testsuite hostname="MassielV" failures="0" tests="1" name="com.timp.test.MDR.TabelasApoioESocial.Tabela10.TiposDeLotacaoTributarioExcluir" time="83.473" errors="0" timestamp="30 sep. 2021 10:17:24 GMT" skipped="0">
  <testcase classname="com.timp.test.MDR.TabelasApoioESocial.Tabela10.TiposDeLotacaoTributarioExcluir" name="excluir" time="83.473"/>
>>>>>>> branch 'Yessy' of https://github.com/salc1997/TIMP_R1.git
</testsuite> <!-- com.timp.test.MDR.TabelasApoioESocial.Tabela10.TiposDeLotacaoTributarioExcluir -->
