<?xml version="1.0" encoding="UTF-8"?>
<!-- Generated by org.testng.reporters.JUnitReportReporter -->
<testsuite hostname="MassielV" failures="0" tests="1" name="com.timp.test.BRB.NovoRelatorio" time="232.885" errors="0" timestamp="25 nov. 2021 05:00:49 GMT" skipped="0">
  <testcase classname="com.timp.test.BRB.NovoRelatorio" name="novoRelatorio" time="232.885"/>
</testsuite> <!-- com.timp.test.BRB.NovoRelatorio -->
