<?xml version="1.0" encoding="UTF-8"?>
<!-- Generated by org.testng.reporters.JUnitReportReporter -->
<<<<<<< HEAD
<testsuite hostname="LAPTOP-IN7IV9K5" failures="0" tests="2" name="com.timp.test.MDR.CEP.Bairro.BairroExcluirMassa" time="142.190" errors="0" timestamp="25 jun. 2021 10:36:12 GMT" skipped="0">
  <testcase classname="com.timp.test.MDR.CEP.Bairro.BairroExcluirMassa" name="criar" time="104.672"/>
  <testcase classname="com.timp.test.MDR.CEP.Bairro.BairroExcluirMassa" name="excluirMassa" time="37.518"/>
=======
<testsuite hostname="DESKTOP-C57COV6" failures="0" tests="2" name="com.timp.test.MDR.CEP.Bairro.BairroExcluirMassa" time="216.522" errors="0" timestamp="15 sep. 2021 21:06:08 GMT" skipped="0">
  <testcase classname="com.timp.test.MDR.CEP.Bairro.BairroExcluirMassa" name="excluirMassa" time="47.786"/>
  <testcase classname="com.timp.test.MDR.CEP.Bairro.BairroExcluirMassa" name="criar" time="168.736"/>
>>>>>>> refs/remotes/origin/Yessy
</testsuite> <!-- com.timp.test.MDR.CEP.Bairro.BairroExcluirMassa -->
