<?xml version="1.0" encoding="UTF-8"?>
<!-- Generated by org.testng.reporters.JUnitReportReporter -->
<testsuite hostname="DESKTOP-35UG9UP" name="com.timp.test.MDR.MapeamentoDeRelevanciaParaPisCofins.MapeamentoDeRelevanciaParaPisCofinsCriar" tests="3" failures="0" timestamp="25 Aug 2020 20:02:29 GMT" time="94.342" errors="0">
  <testcase name="login" time="9.954" classname="com.timp.test.MDR.MapeamentoDeRelevanciaParaPisCofins.MapeamentoDeRelevanciaParaPisCofinsCriar"/>
  <testcase name="acessarMDR" time="11.729" classname="com.timp.test.MDR.MapeamentoDeRelevanciaParaPisCofins.MapeamentoDeRelevanciaParaPisCofinsCriar"/>
  <testcase name="criar" time="72.659" classname="com.timp.test.MDR.MapeamentoDeRelevanciaParaPisCofins.MapeamentoDeRelevanciaParaPisCofinsCriar"/>
</testsuite> <!-- com.timp.test.MDR.MapeamentoDeRelevanciaParaPisCofins.MapeamentoDeRelevanciaParaPisCofinsCriar -->
