<?xml version="1.0" encoding="UTF-8"?>
<!-- Generated by org.testng.reporters.JUnitReportReporter -->
<testsuite hostname="DESKTOP-M23FVFN" failures="0" tests="1" name="com.timp.test.BRB.OutputdeReferência" time="220.947" errors="0" timestamp="2022-10-25T14:46:39 BRT" skipped="0">
  <testcase classname="com.timp.test.BRB.OutputdeReferência" name="outputReferencia" time="220.947"/>
  <system-out/>
</testsuite> <!-- com.timp.test.BRB.OutputdeReferência -->
