<?xml version="1.0" encoding="UTF-8"?>
<!-- Generated by org.testng.reporters.JUnitReportReporter -->
<testsuite hostname="DESKTOP-5P4F1JE" failures="0" tests="3" name="com.timp.test.TCC.GestaoDeCreditoTributarioICMS.Executados.Registro1200.Executados1200Visualizar" time="79.889" errors="0" timestamp="18 Jan 2021 20:06:01 GMT">
  <testcase classname="com.timp.test.TCC.GestaoDeCreditoTributarioICMS.Executados.Registro1200.Executados1200Visualizar" name="visualizar" time="49.445"/>
  <testcase classname="com.timp.test.TCC.GestaoDeCreditoTributarioICMS.Executados.Registro1200.Executados1200Visualizar" name="acessarTCC" time="22.346"/>
  <testcase classname="com.timp.test.TCC.GestaoDeCreditoTributarioICMS.Executados.Registro1200.Executados1200Visualizar" name="login" time="8.098"/>
</testsuite> <!-- com.timp.test.TCC.GestaoDeCreditoTributarioICMS.Executados.Registro1200.Executados1200Visualizar -->
