<?xml version="1.0" encoding="UTF-8"?>
<!-- Generated by org.testng.reporters.JUnitReportReporter -->
<testsuite hostname="DESKTOP-C57COV6" failures="0" tests="3" name="com.timp.test.DFG.Configuracoes.ConfiguracoesVisualizar" time="153.350" errors="0" timestamp="24 ago. 2021 14:39:41 GMT" skipped="0">
  <testcase classname="com.timp.test.DFG.Configuracoes.ConfiguracoesVisualizar" name="ingresar" time="20.619"/>
  <testcase classname="com.timp.test.DFG.Configuracoes.ConfiguracoesVisualizar" name="mdrEntrar" time="25.995"/>
  <testcase classname="com.timp.test.DFG.Configuracoes.ConfiguracoesVisualizar" name="criar" time="106.736"/>
</testsuite> <!-- com.timp.test.DFG.Configuracoes.ConfiguracoesVisualizar -->
