<?xml version="1.0" encoding="UTF-8"?>
<!-- Generated by org.testng.reporters.JUnitReportReporter -->
<testsuite hostname="CRISTHIAN-VASQUEZ" failures="0" tests="3" name="com.timp.test.TPC.ParâmetrosGeraisCamposManuais" time="120.491" errors="0" timestamp="18 Jan 2021 18:41:46 GMT">
  <testcase classname="com.timp.test.TPC.ParâmetrosGeraisCamposManuais" name="ingresarTPC" time="18.482"/>
  <testcase classname="com.timp.test.TPC.ParâmetrosGeraisCamposManuais" name="aprovado" time="93.493"/>
  <testcase classname="com.timp.test.TPC.ParâmetrosGeraisCamposManuais" name="ingresar" time="8.516"/>
</testsuite> <!-- com.timp.test.TPC.ParâmetrosGeraisCamposManuais -->
