<?xml version="1.0" encoding="UTF-8"?>
<!-- Generated by org.testng.reporters.JUnitReportReporter -->
<testsuite hostname="DESKTOP-M23FVFN" failures="0" tests="1" name="com.timp.test.MDR.TabelasApoioESocial.Tabela18.MotivoDeAfastamentoCriar" time="76.265" errors="0" timestamp="16 feb. 2022 10:02:48 GMT" skipped="0">
  <testcase classname="com.timp.test.MDR.TabelasApoioESocial.Tabela18.MotivoDeAfastamentoCriar" name="criar" time="76.265"/>
</testsuite> <!-- com.timp.test.MDR.TabelasApoioESocial.Tabela18.MotivoDeAfastamentoCriar -->
