<?xml version="1.0" encoding="UTF-8"?>
<!-- Generated by org.testng.reporters.JUnitReportReporter -->
<testsuite hostname="Agile" failures="0" tests="2" name="com.timp.test.BRB.GruposAvancados" time="448.373" errors="0" timestamp="28 feb. 2022 08:32:03 GMT" skipped="0">
  <testcase classname="com.timp.test.BRB.GruposAvancados" name="gruposAvanzados" time="399.206"/>
  <testcase classname="com.timp.test.BRB.GruposAvancados" name="eliminarGrupos" time="49.167"/>
</testsuite> <!-- com.timp.test.BRB.GruposAvancados -->
