<?xml version="1.0" encoding="UTF-8"?>
<!-- Generated by org.testng.reporters.JUnitReportReporter -->
<testsuite hostname="DESKTOP-M23FVFN" failures="0" tests="1" name="com.timp.test.BRB.CriarComCopia" time="226.884" errors="0" timestamp="2022-09-07T14:14:43 BRT" skipped="0">
  <testcase classname="com.timp.test.BRB.CriarComCopia" name="criarCopia" time="226.884"/>
  <system-out/>
</testsuite> <!-- com.timp.test.BRB.CriarComCopia -->
