<?xml version="1.0" encoding="UTF-8"?>
<!-- Generated by org.testng.reporters.JUnitReportReporter -->
<testsuite hostname="DESKTOP-BNBDMGT" failures="0" tests="3" name="com.timp.test.DFG.Configuracoes.ConfiguracoesExecutar" time="259.810" errors="0" timestamp="12 mar. 2021 07:40:04 GMT" skipped="0">
  <testcase classname="com.timp.test.DFG.Configuracoes.ConfiguracoesExecutar" name="ingresar" time="12.112"/>
  <testcase classname="com.timp.test.DFG.Configuracoes.ConfiguracoesExecutar" name="dfgEntrar" time="14.870"/>
  <testcase classname="com.timp.test.DFG.Configuracoes.ConfiguracoesExecutar" name="executar" time="232.828"/>
</testsuite> <!-- com.timp.test.DFG.Configuracoes.ConfiguracoesExecutar -->
