<?xml version="1.0" encoding="UTF-8"?>
<!-- Generated by org.testng.reporters.JUnitReportReporter -->
<testsuite hostname="LitoSoler" name="com.timp.test.DFG.Configuracoes.ConfiguracoesEditar" tests="3" failures="0" timestamp="25 Nov 2020 15:55:54 GMT" time="96.814" errors="0">
  <testcase name="ingresar" time="6.240" classname="com.timp.test.DFG.Configuracoes.ConfiguracoesEditar"/>
  <testcase name="mdrEntrar" time="16.734" classname="com.timp.test.DFG.Configuracoes.ConfiguracoesEditar"/>
  <testcase name="criar" time="73.840" classname="com.timp.test.DFG.Configuracoes.ConfiguracoesEditar"/>
</testsuite> <!-- com.timp.test.DFG.Configuracoes.ConfiguracoesEditar -->
