<?xml version="1.0" encoding="UTF-8"?>
<!-- Generated by org.testng.reporters.JUnitReportReporter -->
<testsuite hostname="MassielV" failures="0" tests="1" name="com.timp.test.TCC.GestaoDeCreditoTributarioPISCONFINS.GestaoDeCreditoTributarioPIS.ConfiguracaoEExecucao.Registro1102.Registro1102Excluir" time="186.086" errors="0" timestamp="14 oct. 2021 17:49:04 GMT" skipped="0">
  <testcase classname="com.timp.test.TCC.GestaoDeCreditoTributarioPISCONFINS.GestaoDeCreditoTributarioPIS.ConfiguracaoEExecucao.Registro1102.Registro1102Excluir" name="Excluir" time="186.086"/>
</testsuite> <!-- com.timp.test.TCC.GestaoDeCreditoTributarioPISCONFINS.GestaoDeCreditoTributarioPIS.ConfiguracaoEExecucao.Registro1102.Registro1102Excluir -->
