<?xml version="1.0" encoding="UTF-8"?>
<!-- Generated by org.testng.reporters.JUnitReportReporter -->
<testsuite hostname="DESKTOP-M23FVFN" failures="0" tests="1" name="com.timp.test.MDR.ValorAdicionado.Municipio.MunicipioEditar" time="120.123" errors="0" timestamp="16 feb. 2022 09:15:01 GMT" skipped="0">
  <testcase classname="com.timp.test.MDR.ValorAdicionado.Municipio.MunicipioEditar" name="editar" time="120.123"/>
</testsuite> <!-- com.timp.test.MDR.ValorAdicionado.Municipio.MunicipioEditar -->
