<?xml version="1.0" encoding="UTF-8"?>
<!-- Generated by org.testng.reporters.JUnitReportReporter -->
<testsuite hostname="Agile" failures="0" tests="3" name="com.timp.test.CALENDAR.ParametrosGerais.CalendarioDeUsuarios" time="110.012" errors="0" timestamp="12 abr. 2022 13:27:41 GMT" skipped="0">
  <testcase classname="com.timp.test.CALENDAR.ParametrosGerais.CalendarioDeUsuarios" name="login" time="9.863"/>
  <testcase classname="com.timp.test.CALENDAR.ParametrosGerais.CalendarioDeUsuarios" name="acessarCalendar" time="62.373"/>
  <testcase classname="com.timp.test.CALENDAR.ParametrosGerais.CalendarioDeUsuarios" name="CalendarEntrar" time="37.776"/>
</testsuite> <!-- com.timp.test.CALENDAR.ParametrosGerais.CalendarioDeUsuarios -->
