<?xml version="1.0" encoding="UTF-8"?>
<!-- Generated by org.testng.reporters.JUnitReportReporter -->
<testsuite hostname="Agile" failures="0" tests="1" name="com.timp.test.TFP.Configurações.Bloqueios.Periodo.PeriodoFiltroId" time="96.388" errors="0" timestamp="27 abr. 2022 21:20:07 GMT" skipped="0">
  <testcase classname="com.timp.test.TFP.Configurações.Bloqueios.Periodo.PeriodoFiltroId" name="Filtro" time="96.388"/>
</testsuite> <!-- com.timp.test.TFP.Configurações.Bloqueios.Periodo.PeriodoFiltroId -->
