<?xml version="1.0" encoding="UTF-8"?>
<!-- Generated by org.testng.reporters.JUnitReportReporter -->
<testsuite hostname="LitoSoler" name="com.timp.test.MDR.CEP.Bairro.BairroFiltros" tests="3" failures="0" timestamp="23 Jul 2020 18:09:31 GMT" time="16.659" errors="0">
  <testcase name="login" time="5.507" classname="com.timp.test.MDR.CEP.Bairro.BairroFiltros"/>
  <testcase name="filtro" time="4.432" classname="com.timp.test.MDR.CEP.Bairro.BairroFiltros"/>
  <testcase name="acessarMDR" time="6.720" classname="com.timp.test.MDR.CEP.Bairro.BairroFiltros"/>
</testsuite> <!-- com.timp.test.MDR.CEP.Bairro.BairroFiltros -->
