<?xml version="1.0" encoding="UTF-8"?>
<!-- Generated by org.testng.reporters.JUnitReportReporter -->
<testsuite hostname="DESKTOP-C57COV6" failures="0" tests="2" name="com.timp.test.MDR.RegistroECAC.RegistroECACExcluirMassa" time="221.435" errors="0" timestamp="17 ago. 2021 12:49:44 GMT" skipped="0">
  <testcase classname="com.timp.test.MDR.RegistroECAC.RegistroECACExcluirMassa" name="criar" time="181.428"/>
  <testcase classname="com.timp.test.MDR.RegistroECAC.RegistroECACExcluirMassa" name="excluirMassa" time="40.007"/>
</testsuite> <!-- com.timp.test.MDR.RegistroECAC.RegistroECACExcluirMassa -->
