<?xml version="1.0" encoding="UTF-8"?>
<!-- Generated by org.testng.reporters.JUnitReportReporter -->
<testsuite hostname="DESKTOP-BNBDMGT" failures="0" tests="3" name="com.timp.test.BRE.RegrasDeNegocio.RegrasdeNegócioLixeiraExcluirdefinitivamenteCriarAbas" time="114.097" errors="0" timestamp="2 Feb 2021 14:09:00 GMT">
  <testcase classname="com.timp.test.BRE.RegrasDeNegocio.RegrasdeNegócioLixeiraExcluirdefinitivamenteCriarAbas" name="acessarBRE" time="17.328"/>
  <testcase classname="com.timp.test.BRE.RegrasDeNegocio.RegrasdeNegócioLixeiraExcluirdefinitivamenteCriarAbas" name="login" time="6.493"/>
  <testcase classname="com.timp.test.BRE.RegrasDeNegocio.RegrasdeNegócioLixeiraExcluirdefinitivamenteCriarAbas" name="lexeira" time="90.276"/>
</testsuite> <!-- com.timp.test.BRE.RegrasDeNegocio.RegrasdeNegócioLixeiraExcluirdefinitivamenteCriarAbas -->
