<?xml version="1.0" encoding="UTF-8"?>
<!-- Generated by org.testng.reporters.JUnitReportReporter -->
<testsuite hostname="MassielV" failures="0" tests="1" name="com.timp.test.MDR.ControleDeCreditoTributario.StatusParaBCE.StatusParaBCEExcluir" time="92.914" errors="0" timestamp="18 nov. 2021 06:17:10 GMT" skipped="0">
  <testcase classname="com.timp.test.MDR.ControleDeCreditoTributario.StatusParaBCE.StatusParaBCEExcluir" name="excluir" time="92.914"/>
</testsuite> <!-- com.timp.test.MDR.ControleDeCreditoTributario.StatusParaBCE.StatusParaBCEExcluir -->
