<?xml version="1.0" encoding="UTF-8"?>
<!-- Generated by org.testng.reporters.JUnitReportReporter -->
<testsuite hostname="DESKTOP-M23FVFN" failures="0" tests="3" name="com.timp.test.SCANC.ArquivosImportados.ArquivosImportadosInformacao" time="82.913" errors="0" timestamp="29 mar. 2022 16:41:17 GMT" skipped="0">
  <testcase classname="com.timp.test.SCANC.ArquivosImportados.ArquivosImportadosInformacao" name="ingresar" time="11.787"/>
  <testcase classname="com.timp.test.SCANC.ArquivosImportados.ArquivosImportadosInformacao" name="scancEntrar" time="23.396"/>
  <testcase classname="com.timp.test.SCANC.ArquivosImportados.ArquivosImportadosInformacao" name="informacao" time="47.730"/>
</testsuite> <!-- com.timp.test.SCANC.ArquivosImportados.ArquivosImportadosInformacao -->
