<?xml version="1.0" encoding="UTF-8"?>
<!-- Generated by org.testng.reporters.JUnitReportReporter -->
<testsuite hostname="EC2AMAZ-8HCHO4G" failures="0" tests="1" name="com.timp.test.BRB.AgrupadoPeloCampo" time="190.894" errors="0" timestamp="2023-12-20T17:43:51 UTC" skipped="0">
  <testcase classname="com.timp.test.BRB.AgrupadoPeloCampo" name="agrupadoPeloCampo" time="190.894"/>
  <system-out/>
</testsuite> <!-- com.timp.test.BRB.AgrupadoPeloCampo -->
