<?xml version="1.0" encoding="UTF-8"?>
<!-- Generated by org.testng.reporters.JUnitReportReporter -->
<testsuite hostname="DESKTOP-JP1A9E6" failures="0" tests="1" name="com.timp.test.MDR.CodigoReceita.CodigoReceitaEditar" time="151.403" errors="0" timestamp="23 sep. 2021 14:45:08 GMT" skipped="0">
  <testcase classname="com.timp.test.MDR.CodigoReceita.CodigoReceitaEditar" name="editar" time="151.403"/>
</testsuite> <!-- com.timp.test.MDR.CodigoReceita.CodigoReceitaEditar -->
