<?xml version="1.0" encoding="UTF-8"?>
<!-- Generated by org.testng.reporters.JUnitReportReporter -->
<testsuite hostname="DESKTOP-BNBDMGT" failures="0" tests="3" name="com.timp.test.ADM.Configuração.Usuarios.UsuariosFiltrosAvancados" time="77.173" errors="0" timestamp="27 abr. 2021 15:18:58 GMT" skipped="0">
  <testcase classname="com.timp.test.ADM.Configuração.Usuarios.UsuariosFiltrosAvancados" name="login" time="8.949"/>
  <testcase classname="com.timp.test.ADM.Configuração.Usuarios.UsuariosFiltrosAvancados" name="AcessarADM" time="15.719"/>
  <testcase classname="com.timp.test.ADM.Configuração.Usuarios.UsuariosFiltrosAvancados" name="filtros" time="52.505"/>
</testsuite> <!-- com.timp.test.ADM.Configuração.Usuarios.UsuariosFiltrosAvancados -->
