<?xml version="1.0" encoding="UTF-8"?>
<!-- Generated by org.testng.reporters.JUnitReportReporter -->
<testsuite hostname="DESKTOP-BNBDMGT" failures="0" tests="3" name="com.timp.test.MDR.PrecoDeTransferencia.CommoditieParaTP.CommoditieParaTPCriar" time="113.556" errors="0" timestamp="26 Oct 2020 14:25:39 GMT">
  <testcase classname="com.timp.test.MDR.PrecoDeTransferencia.CommoditieParaTP.CommoditieParaTPCriar" name="criar" time="81.318"/>
  <testcase classname="com.timp.test.MDR.PrecoDeTransferencia.CommoditieParaTP.CommoditieParaTPCriar" name="ingresar" time="10.318"/>
  <testcase classname="com.timp.test.MDR.PrecoDeTransferencia.CommoditieParaTP.CommoditieParaTPCriar" name="ingresarMDR" time="21.920"/>
</testsuite> <!-- com.timp.test.MDR.PrecoDeTransferencia.CommoditieParaTP.CommoditieParaTPCriar -->
