<?xml version="1.0" encoding="UTF-8"?>
<!-- Generated by org.testng.reporters.JUnitReportReporter -->
<testsuite hostname="MIGUEL" failures="0" tests="3" name="com.timp.test.TDK.Kpis.Edicao.KpisTabelasEditar" time="149.957" errors="0" timestamp="19 mar. 2021 17:45:18 GMT" skipped="0">
  <testcase classname="com.timp.test.TDK.Kpis.Edicao.KpisTabelasEditar" name="login" time="9.498"/>
  <testcase classname="com.timp.test.TDK.Kpis.Edicao.KpisTabelasEditar" name="acessarTDK" time="22.716"/>
  <testcase classname="com.timp.test.TDK.Kpis.Edicao.KpisTabelasEditar" name="Editar" time="117.743"/>
</testsuite> <!-- com.timp.test.TDK.Kpis.Edicao.KpisTabelasEditar -->
