<?xml version="1.0" encoding="UTF-8"?>
<!-- Generated by org.testng.reporters.JUnitReportReporter -->
<testsuite hostname="LitoSoler" name="com.timp.test.MDR.ParametrosCriacaoNF.CadastroFornecedor.CadastroFornecedorCriar" tests="3" failures="0" timestamp="14 Oct 2020 17:29:50 GMT" time="93.219" errors="0">
  <testcase name="login" time="7.095" classname="com.timp.test.MDR.ParametrosCriacaoNF.CadastroFornecedor.CadastroFornecedorCriar"/>
  <testcase name="acessarMDR" time="9.748" classname="com.timp.test.MDR.ParametrosCriacaoNF.CadastroFornecedor.CadastroFornecedorCriar"/>
  <testcase name="criar" time="76.376" classname="com.timp.test.MDR.ParametrosCriacaoNF.CadastroFornecedor.CadastroFornecedorCriar"/>
</testsuite> <!-- com.timp.test.MDR.ParametrosCriacaoNF.CadastroFornecedor.CadastroFornecedorCriar -->
