<?xml version="1.0" encoding="UTF-8"?>
<!-- Generated by org.testng.reporters.JUnitReportReporter -->
<testsuite hostname="LAPTOP-IN7IV9K5" failures="0" tests="3" name="com.timp.test.TDK.Execucoes.Lixeira.LixeiraRestaurarEmMassa" time="143.735" errors="0" timestamp="23 feb. 2021 04:11:04 GMT" skipped="0">
  <testcase classname="com.timp.test.TDK.Execucoes.Lixeira.LixeiraRestaurarEmMassa" name="login" time="22.342"/>
  <testcase classname="com.timp.test.TDK.Execucoes.Lixeira.LixeiraRestaurarEmMassa" name="acessarTDK" time="65.149"/>
  <testcase classname="com.timp.test.TDK.Execucoes.Lixeira.LixeiraRestaurarEmMassa" name="retaurar" time="56.244"/>
</testsuite> <!-- com.timp.test.TDK.Execucoes.Lixeira.LixeiraRestaurarEmMassa -->
