<?xml version="1.0" encoding="UTF-8"?>
<!-- Generated by org.testng.reporters.JUnitReportReporter -->
<testsuite hostname="DESKTOP-JP1A9E6" failures="0" tests="1" name="com.timp.test.BRB.AtivarCorrecao" time="80.619" errors="0" timestamp="31 may. 2021 16:54:13 GMT" skipped="0">
  <testcase classname="com.timp.test.BRB.AtivarCorrecao" name="ativarCorreccion" time="80.619"/>
</testsuite> <!-- com.timp.test.BRB.AtivarCorrecao -->
