<?xml version="1.0" encoding="UTF-8"?>
<!-- Generated by org.testng.reporters.JUnitReportReporter -->
<testsuite hostname="CRISTHIAN-VASQUEZ" failures="0" tests="3" name="com.timp.test.BCB.ParametrosGeraisHierarquiaVisualizar" time="55.060" errors="0" timestamp="3 Nov 2020 14:04:45 GMT">
  <testcase classname="com.timp.test.BCB.ParametrosGeraisHierarquiaVisualizar" name="brbEntrar" time="13.205"/>
  <testcase classname="com.timp.test.BCB.ParametrosGeraisHierarquiaVisualizar" name="login" time="7.123"/>
  <testcase classname="com.timp.test.BCB.ParametrosGeraisHierarquiaVisualizar" name="visualizar" time="34.732"/>
</testsuite> <!-- com.timp.test.BCB.ParametrosGeraisHierarquiaVisualizar -->
