<?xml version="1.0" encoding="UTF-8"?>
<!-- Generated by org.testng.reporters.JUnitReportReporter -->
<testsuite hostname="DESKTOP-HB7TMPD" failures="0" tests="3" name="com.timp.test.MDR.IncentivosFiscais.IncentivosFiscaisFiltroId" time="49.373" errors="0" timestamp="22 Oct 2020 17:23:55 GMT">
  <testcase classname="com.timp.test.MDR.IncentivosFiscais.IncentivosFiscaisFiltroId" name="login" time="11.123"/>
  <testcase classname="com.timp.test.MDR.IncentivosFiscais.IncentivosFiscaisFiltroId" name="acessarMDR" time="11.927"/>
  <testcase classname="com.timp.test.MDR.IncentivosFiscais.IncentivosFiscaisFiltroId" name="FiltrarIncentivosFiscaisId" time="26.323"/>
</testsuite> <!-- com.timp.test.MDR.IncentivosFiscais.IncentivosFiscaisFiltroId -->
