<?xml version="1.0" encoding="UTF-8"?>
<!-- Generated by org.testng.reporters.JUnitReportReporter -->
<testsuite hostname="DESKTOP-35UG9UP" name="com.timp.test.MDR.PrecoDeTransferencia.ParametrosParaTP.ParametrosParaTPExcluir" tests="3" failures="0" timestamp="2 Oct 2020 19:20:26 GMT" time="86.420" errors="0">
  <testcase name="login" time="12.641" classname="com.timp.test.MDR.PrecoDeTransferencia.ParametrosParaTP.ParametrosParaTPExcluir"/>
  <testcase name="acessarMDR" time="13.084" classname="com.timp.test.MDR.PrecoDeTransferencia.ParametrosParaTP.ParametrosParaTPExcluir"/>
  <testcase name="excluir" time="60.695" classname="com.timp.test.MDR.PrecoDeTransferencia.ParametrosParaTP.ParametrosParaTPExcluir"/>
</testsuite> <!-- com.timp.test.MDR.PrecoDeTransferencia.ParametrosParaTP.ParametrosParaTPExcluir -->
