<?xml version="1.0" encoding="UTF-8"?>
<!-- Generated by org.testng.reporters.JUnitReportReporter -->
<testsuite hostname="MassielV" failures="0" tests="1" name="com.timp.test.MDR.DetalheTipoTributo.DetalheFiltroId" time="87.730" errors="0" timestamp="21 oct. 2021 01:42:54 GMT" skipped="0">
  <testcase classname="com.timp.test.MDR.DetalheTipoTributo.DetalheFiltroId" name="filtroId" time="87.730"/>
</testsuite> <!-- com.timp.test.MDR.DetalheTipoTributo.DetalheFiltroId -->
