<?xml version="1.0" encoding="UTF-8"?>
<!-- Generated by org.testng.reporters.JUnitReportReporter -->
<testsuite hostname="MIGUEL" failures="0" tests="3" name="com.timp.test.MDR.AtividadesFiscais.GrupoAtividadeFiscal.GrupoAtividadeExcluir" time="58.487" errors="0" timestamp="21 Oct 2020 22:35:36 GMT">
  <testcase classname="com.timp.test.MDR.AtividadesFiscais.GrupoAtividadeFiscal.GrupoAtividadeExcluir" name="excluir" time="35.026"/>
  <testcase classname="com.timp.test.MDR.AtividadesFiscais.GrupoAtividadeFiscal.GrupoAtividadeExcluir" name="mdrEntrar" time="15.435"/>
  <testcase classname="com.timp.test.MDR.AtividadesFiscais.GrupoAtividadeFiscal.GrupoAtividadeExcluir" name="ingresar" time="8.026"/>
</testsuite> <!-- com.timp.test.MDR.AtividadesFiscais.GrupoAtividadeFiscal.GrupoAtividadeExcluir -->
