<?xml version="1.0" encoding="UTF-8"?>
<!-- Generated by org.testng.reporters.JUnitReportReporter -->
<testsuite hostname="Agile" failures="0" tests="3" name="com.timp.test.BRB.Formula" time="284.319" errors="0" timestamp="04 feb. 2022 20:12:21 GMT" skipped="0">
  <testcase classname="com.timp.test.BRB.Formula" name="formulaColuna" time="160.837"/>
  <testcase classname="com.timp.test.BRB.Formula" name="aplicar" time="17.739"/>
  <testcase classname="com.timp.test.BRB.Formula" name="formulaBoton" time="105.743"/>
</testsuite> <!-- com.timp.test.BRB.Formula -->
