<?xml version="1.0" encoding="UTF-8"?>
<!-- Generated by org.testng.reporters.JUnitReportReporter -->
<testsuite hostname="DESKTOP-5P4F1JE" failures="0" tests="3" name="com.timp.test.BRB.Cabeçalho" time="100.957" errors="0" timestamp="13 Nov 2020 19:53:39 GMT">
  <testcase classname="com.timp.test.BRB.Cabeçalho" name="cabeçalho" time="67.152"/>
  <testcase classname="com.timp.test.BRB.Cabeçalho" name="login" time="8.211"/>
  <testcase classname="com.timp.test.BRB.Cabeçalho" name="brbEntrar" time="25.594"/>
</testsuite> <!-- com.timp.test.BRB.Cabeçalho -->
