<?xml version="1.0" encoding="UTF-8"?>
<!-- Generated by org.testng.reporters.JUnitReportReporter -->
<testsuite hostname="EC2AMAZ-8HCHO4G" failures="0" tests="1" name="com.timp.test.TAA.AtribuiçõesdeRegras.RegrasdeAbas.RegradeAbasVer" time="209.371" errors="0" timestamp="2024-02-16T20:07:31 UTC" skipped="0">
  <testcase classname="com.timp.test.TAA.AtribuiçõesdeRegras.RegrasdeAbas.RegradeAbasVer" name="ver" time="209.371"/>
  <system-out/>
</testsuite> <!-- com.timp.test.TAA.AtribuiçõesdeRegras.RegrasdeAbas.RegradeAbasVer -->
