<?xml version="1.0" encoding="UTF-8"?>
<!-- Generated by org.testng.reporters.JUnitReportReporter -->
<<<<<<< HEAD
<testsuite hostname="Agile" failures="0" tests="2" name="com.timp.test.BRB.ExcluirRelatorio" time="493.922" errors="0" timestamp="2022-06-06T13:03:58 CST" skipped="0">
  <testcase classname="com.timp.test.BRB.ExcluirRelatorio" name="eliminar" time="431.004"/>
  <system-out/>
  <testcase classname="com.timp.test.BRB.ExcluirRelatorio" name="eliminarLixeira" time="62.918"/>
=======
<testsuite hostname="DESKTOP-M23FVFN" failures="0" tests="2" name="com.timp.test.BRB.ExcluirRelatorio" time="174.006" errors="0" timestamp="2022-06-15T14:29:14 CST" skipped="0">
  <testcase classname="com.timp.test.BRB.ExcluirRelatorio" name="eliminar" time="113.808"/>
  <system-out/>
  <testcase classname="com.timp.test.BRB.ExcluirRelatorio" name="eliminarLixeira" time="60.198"/>
>>>>>>> branch 'Yessy' of https://github.com/salc1997/TIMP_R1
  <system-out/>
</testsuite> <!-- com.timp.test.BRB.ExcluirRelatorio -->
