<?xml version="1.0" encoding="UTF-8"?>
<<<<<<< HEAD
<!-- Generated by org.testng.reporters.JUnitReportReporter -->
<<<<<<< HEAD
<testsuite hostname="DESKTOP-C57COV6" failures="0" tests="1" name="com.timp.test.BRB.RenomearColuna" time="112.337" errors="0" timestamp="05 jul. 2021 15:11:16 GMT" skipped="0">
  <testcase classname="com.timp.test.BRB.RenomearColuna" name="renomearColuna" time="112.337"/>
=======
<!-- Generated by org.testng.reporters.JUnitReportReporter -->
<testsuite hostname="LAPTOP-IN7IV9K5" failures="0" tests="1" name="com.timp.test.BRB.RenomearColuna" time="91.315" errors="0" timestamp="10 may. 2021 20:08:26 GMT" skipped="0">
  <testcase classname="com.timp.test.BRB.RenomearColuna" name="renomearColuna" time="91.315"/>
>>>>>>> refs/remotes/origin/Kenssy
=======
<testsuite hostname="DESKTOP-JP1A9E6" failures="0" tests="1" name="com.timp.test.BRB.RenomearColuna" time="117.835" errors="0" timestamp="15 sep. 2021 07:01:46 GMT" skipped="0">
  <testcase classname="com.timp.test.BRB.RenomearColuna" name="renomearColuna" time="117.835"/>
>>>>>>> refs/remotes/origin/Yessy
</testsuite> <!-- com.timp.test.BRB.RenomearColuna -->
