<?xml version="1.0" encoding="UTF-8"?>
<!-- Generated by org.testng.reporters.JUnitReportReporter -->
<testsuite hostname="LitoSoler" name="com.timp.test.MDR.ContratoIOF.ContratoIOFCriar" tests="3" failures="0" timestamp="20 Aug 2020 00:32:35 GMT" time="120.845" errors="0">
  <testcase name="acessarMDR" time="35.789" classname="com.timp.test.MDR.ContratoIOF.ContratoIOFCriar"/>
  <testcase name="criar" time="77.570" classname="com.timp.test.MDR.ContratoIOF.ContratoIOFCriar"/>
  <testcase name="login" time="7.486" classname="com.timp.test.MDR.ContratoIOF.ContratoIOFCriar"/>
</testsuite> <!-- com.timp.test.MDR.ContratoIOF.ContratoIOFCriar -->
