<?xml version="1.0" encoding="UTF-8"?>
<!-- Generated by org.testng.reporters.JUnitReportReporter -->
<testsuite hostname="CRISTHIAN-VASQUEZ" failures="0" tests="3" name="com.timp.test.BRE.CalculoDeTributos.CálculodeTributosEdiçãoEstruturas" time="288.210" errors="0" timestamp="4 Feb 2021 13:46:44 GMT">
  <testcase classname="com.timp.test.BRE.CalculoDeTributos.CálculodeTributosEdiçãoEstruturas" name="acessarBRE" time="16.984"/>
  <testcase classname="com.timp.test.BRE.CalculoDeTributos.CálculodeTributosEdiçãoEstruturas" name="editar" time="254.976"/>
  <testcase classname="com.timp.test.BRE.CalculoDeTributos.CálculodeTributosEdiçãoEstruturas" name="login" time="16.250"/>
</testsuite> <!-- com.timp.test.BRE.CalculoDeTributos.CálculodeTributosEdiçãoEstruturas -->
