<?xml version="1.0" encoding="UTF-8"?>
<!-- Generated by org.testng.reporters.JUnitReportReporter -->
<testsuite hostname="EC2AMAZ-8HCHO4G" failures="0" tests="3" name="com.timp.test.BRB.Formula" time="193.672" errors="0" timestamp="2023-07-17T15:42:55 UTC" skipped="0">
  <testcase classname="com.timp.test.BRB.Formula" name="formulaBoton" time="112.459"/>
  <system-out/>
  <testcase classname="com.timp.test.BRB.Formula" name="aplicar" time="16.253"/>
  <system-out/>
  <testcase classname="com.timp.test.BRB.Formula" name="formulaColuna" time="64.960"/>
  <system-out/>
</testsuite> <!-- com.timp.test.BRB.Formula -->
