<?xml version="1.0" encoding="UTF-8"?>
<!-- Generated by org.testng.reporters.JUnitReportReporter -->
<testsuite hostname="MassielV" failures="0" tests="2" name="com.timp.test.MDR.ICMSSTTransporte.ICMSSTTransporteExcluirEmMassa" time="148.497" errors="0" timestamp="30 sep. 2021 14:40:17 GMT" skipped="0">
  <testcase classname="com.timp.test.MDR.ICMSSTTransporte.ICMSSTTransporteExcluirEmMassa" name="criar" time="118.563"/>
  <testcase classname="com.timp.test.MDR.ICMSSTTransporte.ICMSSTTransporteExcluirEmMassa" name="excluir" time="29.934"/>
</testsuite> <!-- com.timp.test.MDR.ICMSSTTransporte.ICMSSTTransporteExcluirEmMassa -->
