<?xml version="1.0" encoding="UTF-8"?>
<!-- Generated by org.testng.reporters.JUnitReportReporter -->
<testsuite hostname="LAPTOP-IN7IV9K5" failures="0" tests="1" name="com.timp.test.MDR.TabelasApoioESocial.Tabela18.MotivoDeAfastamentoCriar" time="112.447" errors="0" timestamp="19 feb. 2021 22:56:18 GMT" skipped="0">
  <testcase classname="com.timp.test.MDR.TabelasApoioESocial.Tabela18.MotivoDeAfastamentoCriar" name="criar" time="112.447"/>
</testsuite> <!-- com.timp.test.MDR.TabelasApoioESocial.Tabela18.MotivoDeAfastamentoCriar -->
