<?xml version="1.0" encoding="UTF-8"?>
<!-- Generated by org.testng.reporters.JUnitReportReporter -->
<testsuite hostname="MIGUEL" failures="0" tests="1" name="com.timp.test.MDR.RegistroECAC.RegistroECACEditar" time="93.310" errors="0" timestamp="30 mar. 2021 01:30:48 GMT" skipped="0">
  <testcase classname="com.timp.test.MDR.RegistroECAC.RegistroECACEditar" name="editar" time="93.310"/>
</testsuite> <!-- com.timp.test.MDR.RegistroECAC.RegistroECACEditar -->
