<?xml version="1.0" encoding="UTF-8"?>
<!-- Generated by org.testng.reporters.JUnitReportReporter -->
<testsuite hostname="MIGUEL" failures="0" tests="3" name="com.timp.test.TDK.Kpis.KpisLixeiraExcluir" time="70.997" errors="0" timestamp="19 mar. 2021 00:12:51 GMT" skipped="0">
  <testcase classname="com.timp.test.TDK.Kpis.KpisLixeiraExcluir" name="login" time="6.949"/>
  <testcase classname="com.timp.test.TDK.Kpis.KpisLixeiraExcluir" name="acessarTDK" time="21.151"/>
  <testcase classname="com.timp.test.TDK.Kpis.KpisLixeiraExcluir" name="lixeira" time="42.897"/>
</testsuite> <!-- com.timp.test.TDK.Kpis.KpisLixeiraExcluir -->
