<?xml version="1.0" encoding="UTF-8"?>
<!-- Generated by org.testng.reporters.JUnitReportReporter -->
<testsuite hostname="LitoSoler" name="com.timp.test.MDR.CEP.Logradouro.LogradouroCriar" tests="3" failures="0" timestamp="21 Oct 2020 00:20:39 GMT" time="66.016" errors="0">
  <testcase name="criar" time="36.792" classname="com.timp.test.MDR.CEP.Logradouro.LogradouroCriar"/>
  <testcase name="acessarMDR" time="21.937" classname="com.timp.test.MDR.CEP.Logradouro.LogradouroCriar"/>
  <testcase name="login" time="7.287" classname="com.timp.test.MDR.CEP.Logradouro.LogradouroCriar"/>
</testsuite> <!-- com.timp.test.MDR.CEP.Logradouro.LogradouroCriar -->
