<?xml version="1.0" encoding="UTF-8"?>
<!-- Generated by org.testng.reporters.JUnitReportReporter -->
<testsuite hostname="CRISTHIAN-VASQUEZ" failures="0" tests="3" name="com.timp.test.BRE.RegrasdeAuditoriaN1.RegrasdeAuditoriaN1EdiçãoSimula" time="153.414" errors="0" timestamp="21 Dec 2020 12:15:51 GMT">
  <testcase classname="com.timp.test.BRE.RegrasdeAuditoriaN1.RegrasdeAuditoriaN1EdiçãoSimula" name="login" time="7.984"/>
  <testcase classname="com.timp.test.BRE.RegrasdeAuditoriaN1.RegrasdeAuditoriaN1EdiçãoSimula" name="acessarBRE" time="13.287"/>
  <testcase classname="com.timp.test.BRE.RegrasdeAuditoriaN1.RegrasdeAuditoriaN1EdiçãoSimula" name="editar" time="132.143"/>
</testsuite> <!-- com.timp.test.BRE.RegrasdeAuditoriaN1.RegrasdeAuditoriaN1EdiçãoSimula -->
