<?xml version="1.0" encoding="UTF-8"?>
<!-- Generated by org.testng.reporters.JUnitReportReporter -->
<testsuite hostname="DESKTOP-35UG9UP" name="com.timp.test.MDR.ICMSSTTransporte.ICMSSTTransporteCriar" tests="3" failures="0" timestamp="23 Sep 2020 13:03:28 GMT" time="100.345" errors="0">
  <testcase name="criar" time="74.608" classname="com.timp.test.MDR.ICMSSTTransporte.ICMSSTTransporteCriar"/>
  <testcase name="login" time="12.398" classname="com.timp.test.MDR.ICMSSTTransporte.ICMSSTTransporteCriar"/>
  <testcase name="acessarMDR" time="13.339" classname="com.timp.test.MDR.ICMSSTTransporte.ICMSSTTransporteCriar"/>
</testsuite> <!-- com.timp.test.MDR.ICMSSTTransporte.ICMSSTTransporteCriar -->
