<?xml version="1.0" encoding="UTF-8"?>
<!-- Generated by org.testng.reporters.JUnitReportReporter -->
<testsuite hostname="DESKTOP-M23FVFN" failures="0" tests="3" name="com.timp.test.BRB.Formula" time="225.512" errors="0" timestamp="31 dic. 2021 01:56:35 GMT" skipped="0">
  <testcase classname="com.timp.test.BRB.Formula" name="aplicar" time="20.285"/>
  <testcase classname="com.timp.test.BRB.Formula" name="formulaBoton" time="94.557"/>
  <testcase classname="com.timp.test.BRB.Formula" name="formulaColuna" time="110.670"/>
</testsuite> <!-- com.timp.test.BRB.Formula -->
