<?xml version="1.0" encoding="UTF-8"?>
<!-- Generated by org.testng.reporters.JUnitReportReporter -->
<testsuite hostname="DESKTOP-M23FVFN" failures="0" tests="1" name="com.timp.test.TFP.Configurações.Bloqueios.SubPeriodo.BloqueioSubPeriodoEditar" time="230.418" errors="0" timestamp="2022-11-15T11:46:33 BRT" skipped="0">
  <testcase classname="com.timp.test.TFP.Configurações.Bloqueios.SubPeriodo.BloqueioSubPeriodoEditar" name="editar" time="230.418"/>
  <system-out/>
</testsuite> <!-- com.timp.test.TFP.Configurações.Bloqueios.SubPeriodo.BloqueioSubPeriodoEditar -->
