<?xml version="1.0" encoding="UTF-8"?>
<!-- Generated by org.testng.reporters.JUnitReportReporter -->
<testsuite hostname="MIGUEL" failures="0" tests="1" name="com.timp.test.BRE.CalculoDeTributos.ParametroGerais.CalculoDeTributoLixeiraMaisExcluirDefinitivamente" time="88.736" errors="0" timestamp="26 mar. 2021 21:32:37 GMT" skipped="0">
  <testcase classname="com.timp.test.BRE.CalculoDeTributos.ParametroGerais.CalculoDeTributoLixeiraMaisExcluirDefinitivamente" name="criar" time="88.736"/>
</testsuite> <!-- com.timp.test.BRE.CalculoDeTributos.ParametroGerais.CalculoDeTributoLixeiraMaisExcluirDefinitivamente -->
