<?xml version="1.0" encoding="UTF-8"?>
<!-- Generated by org.testng.reporters.JUnitReportReporter -->
<testsuite hostname="LAPTOP-IN7IV9K5" failures="0" tests="1" name="com.timp.test.MDR.Siscoserv.NBS.NBSDetalhes" time="78.376" errors="0" timestamp="19 mar. 2021 22:54:49 GMT" skipped="0">
  <testcase classname="com.timp.test.MDR.Siscoserv.NBS.NBSDetalhes" name="detalhes" time="78.376"/>
</testsuite> <!-- com.timp.test.MDR.Siscoserv.NBS.NBSDetalhes -->
