<?xml version="1.0" encoding="UTF-8"?>
<!-- Generated by org.testng.reporters.JUnitReportReporter -->
<testsuite hostname="Agile" failures="0" tests="1" name="com.timp.test.MDR.CadastroCondiçao.cadastrocondicaoDetalle" time="157.334" errors="0" timestamp="04 mar. 2022 18:03:09 GMT" skipped="0">
  <testcase classname="com.timp.test.MDR.CadastroCondiçao.cadastrocondicaoDetalle" name="detalle" time="157.334"/>
</testsuite> <!-- com.timp.test.MDR.CadastroCondiçao.cadastrocondicaoDetalle -->
