<?xml version="1.0" encoding="UTF-8"?>
<!-- Generated by org.testng.reporters.JUnitReportReporter -->
<testsuite hostname="EC2AMAZ-8HCHO4G" failures="0" tests="1" name="com.timp.test.TFP.Configuracoes.Bloqueios.Periodo.PeriodoFiltroId" time="81.280" errors="0" timestamp="2023-09-13T19:04:14 UTC" skipped="0">
  <testcase classname="com.timp.test.TFP.Configuracoes.Bloqueios.Periodo.PeriodoFiltroId" name="Filtro" time="81.280"/>
  <system-out/>
</testsuite> <!-- com.timp.test.TFP.Configuracoes.Bloqueios.Periodo.PeriodoFiltroId -->
