<?xml version="1.0" encoding="UTF-8"?>
<!-- Generated by org.testng.reporters.JUnitReportReporter -->
<testsuite hostname="DESKTOP-5P4F1JE" failures="0" tests="3" name="com.timp.test.TDK.Dashboard.Edicao.DashboardGraficoExcluir" time="113.241" errors="0" timestamp="1 Feb 2021 20:22:16 GMT">
  <testcase classname="com.timp.test.TDK.Dashboard.Edicao.DashboardGraficoExcluir" name="login" time="11.625"/>
  <testcase classname="com.timp.test.TDK.Dashboard.Edicao.DashboardGraficoExcluir" name="acessarTDK" time="26.862"/>
  <testcase classname="com.timp.test.TDK.Dashboard.Edicao.DashboardGraficoExcluir" name="grafico" time="74.754"/>
</testsuite> <!-- com.timp.test.TDK.Dashboard.Edicao.DashboardGraficoExcluir -->
