<?xml version="1.0" encoding="UTF-8"?>
<!-- Generated by org.testng.reporters.JUnitReportReporter -->
<testsuite hostname="DESKTOP-JP1A9E6" failures="0" tests="2" name="com.timp.test.MDR.SCANC.MovimentoSCANC.MovimentoSCANCExcluirMasas" time="160.352" errors="0" timestamp="26 may. 2021 00:47:40 GMT" skipped="0">
  <testcase classname="com.timp.test.MDR.SCANC.MovimentoSCANC.MovimentoSCANCExcluirMasas" name="Criar" time="131.983"/>
  <testcase classname="com.timp.test.MDR.SCANC.MovimentoSCANC.MovimentoSCANCExcluirMasas" name="Excluir" time="28.369"/>
</testsuite> <!-- com.timp.test.MDR.SCANC.MovimentoSCANC.MovimentoSCANCExcluirMasas -->
