<?xml version="1.0" encoding="UTF-8"?>
<!-- Generated by org.testng.reporters.JUnitReportReporter -->
<testsuite hostname="DESKTOP-JP1A9E6" failures="0" tests="1" name="com.timp.test.MDR.CEP.Bairro.BairroVisualizar" time="108.619" errors="0" timestamp="08 sep. 2021 05:52:39 GMT" skipped="0">
  <testcase classname="com.timp.test.MDR.CEP.Bairro.BairroVisualizar" name="visualizar" time="108.619"/>
</testsuite> <!-- com.timp.test.MDR.CEP.Bairro.BairroVisualizar -->
