<?xml version="1.0" encoding="UTF-8"?>
<!-- Generated by org.testng.reporters.JUnitReportReporter -->
<testsuite hostname="CRISTHIAN-VASQUEZ" failures="0" tests="3" name="com.timp.test.BRE.CalculoDeTributos.CalculoDeTributoCriar" time="171.219" errors="0" timestamp="10 Dec 2020 17:57:32 GMT">
  <testcase classname="com.timp.test.BRE.CalculoDeTributos.CalculoDeTributoCriar" name="acessarBRE" time="20.294"/>
  <testcase classname="com.timp.test.BRE.CalculoDeTributos.CalculoDeTributoCriar" name="login" time="8.930"/>
  <testcase classname="com.timp.test.BRE.CalculoDeTributos.CalculoDeTributoCriar" name="criar" time="141.995"/>
</testsuite> <!-- com.timp.test.BRE.CalculoDeTributos.CalculoDeTributoCriar -->
