<?xml version="1.0" encoding="UTF-8"?>
<!-- Generated by org.testng.reporters.JUnitReportReporter -->
<testsuite hostname="DESKTOP-M23FVFN" failures="0" tests="2" name="com.timp.test.MDR.CadastrosIRPJCSLL.TabelaDeApoioECF.TabelaDeApoioECFTabela" time="111.354" errors="0" timestamp="30 ene. 2022 09:35:10 GMT" skipped="0">
  <testcase classname="com.timp.test.MDR.CadastrosIRPJCSLL.TabelaDeApoioECF.TabelaDeApoioECFTabela" name="novaTabela" time="73.998"/>
  <testcase classname="com.timp.test.MDR.CadastrosIRPJCSLL.TabelaDeApoioECF.TabelaDeApoioECFTabela" name="excluir" time="37.356"/>
</testsuite> <!-- com.timp.test.MDR.CadastrosIRPJCSLL.TabelaDeApoioECF.TabelaDeApoioECFTabela -->
