<?xml version="1.0" encoding="UTF-8"?>
<!-- Generated by org.testng.reporters.JUnitReportReporter -->
<testsuite hostname="DESKTOP-M23FVFN" failures="0" tests="1" name="com.timp.test.MDR.RegistroECAC.RegistroECACFiltrosAvan" time="148.910" errors="0" timestamp="12 mar. 2022 05:51:55 GMT" skipped="0">
  <testcase classname="com.timp.test.MDR.RegistroECAC.RegistroECACFiltrosAvan" name="filtrarAvanRegistroECAC" time="148.910"/>
</testsuite> <!-- com.timp.test.MDR.RegistroECAC.RegistroECACFiltrosAvan -->
