<?xml version="1.0" encoding="UTF-8"?>
<!-- Generated by org.testng.reporters.JUnitReportReporter -->
<testsuite hostname="DESKTOP-M23FVFN" failures="0" tests="2" name="com.timp.test.MDR.SCANC.SCANCDistribuidoras.SCANCDistribuidorasExcluirEmMasa" time="190.723" errors="0" timestamp="30 ene. 2022 09:46:03 GMT" skipped="0">
  <testcase classname="com.timp.test.MDR.SCANC.SCANCDistribuidoras.SCANCDistribuidorasExcluirEmMasa" name="excluirMassa" time="29.944"/>
  <testcase classname="com.timp.test.MDR.SCANC.SCANCDistribuidoras.SCANCDistribuidorasExcluirEmMasa" name="Criar" time="160.779"/>
</testsuite> <!-- com.timp.test.MDR.SCANC.SCANCDistribuidoras.SCANCDistribuidorasExcluirEmMasa -->
