<?xml version="1.0" encoding="UTF-8"?>
<!-- Generated by org.testng.reporters.JUnitReportReporter -->
<testsuite hostname="LitoSoler" name="com.timp.test.MDR.LimiteCompetencia.LimiteCompetenciaFiltroID" tests="3" failures="0" timestamp="24 Nov 2020 16:36:26 GMT" time="65.064" errors="0">
  <testcase name="acessarMDR" time="23.215" classname="com.timp.test.MDR.LimiteCompetencia.LimiteCompetenciaFiltroID"/>
  <testcase name="login" time="11.641" classname="com.timp.test.MDR.LimiteCompetencia.LimiteCompetenciaFiltroID"/>
  <testcase name="filtro" time="30.208" classname="com.timp.test.MDR.LimiteCompetencia.LimiteCompetenciaFiltroID"/>
</testsuite> <!-- com.timp.test.MDR.LimiteCompetencia.LimiteCompetenciaFiltroID -->
