<?xml version="1.0" encoding="UTF-8"?>
<!-- Generated by org.testng.reporters.JUnitReportReporter -->
<testsuite hostname="DESKTOP-5P4F1JE" failures="0" tests="3" name="com.timp.test.BRE.RegrasDeNegocio.RegrasdeNegócioLixeiraExcluirdefinitivamenteCriarAbas" time="116.302" errors="0" timestamp="8 Jan 2021 05:04:11 GMT">
  <testcase classname="com.timp.test.BRE.RegrasDeNegocio.RegrasdeNegócioLixeiraExcluirdefinitivamenteCriarAbas" name="lexeira" time="92.484"/>
  <testcase classname="com.timp.test.BRE.RegrasDeNegocio.RegrasdeNegócioLixeiraExcluirdefinitivamenteCriarAbas" name="acessarBRE" time="16.746"/>
  <testcase classname="com.timp.test.BRE.RegrasDeNegocio.RegrasdeNegócioLixeiraExcluirdefinitivamenteCriarAbas" name="login" time="7.072"/>
</testsuite> <!-- com.timp.test.BRE.RegrasDeNegocio.RegrasdeNegócioLixeiraExcluirdefinitivamenteCriarAbas -->
