<?xml version="1.0" encoding="UTF-8"?>
<!-- Generated by org.testng.reporters.JUnitReportReporter -->
<testsuite hostname="DESKTOP-M23FVFN" failures="0" tests="1" name="com.timp.test.MDR.TabelasApoioESocial.Tabela11.CompatibilidadEnCatTrabExcluirMassa" time="114.068" errors="0" timestamp="08 dic. 2021 15:26:41 GMT" skipped="0">
  <testcase classname="com.timp.test.MDR.TabelasApoioESocial.Tabela11.CompatibilidadEnCatTrabExcluirMassa" name="criar" time="114.068"/>
</testsuite> <!-- com.timp.test.MDR.TabelasApoioESocial.Tabela11.CompatibilidadEnCatTrabExcluirMassa -->
