<?xml version="1.0" encoding="UTF-8"?>
<!-- Generated by org.testng.reporters.JUnitReportReporter -->
<testsuite hostname="Agile" failures="0" tests="1" name="com.timp.test.MDR.DeterminacaoDeRelevanciaDeTarefa.CadastroDeCódigoDeRegras.CadastroDeCódigoDeRegrasCriar" time="173.917" errors="0" timestamp="12 mar. 2022 06:04:08 GMT" skipped="0">
  <testcase classname="com.timp.test.MDR.DeterminacaoDeRelevanciaDeTarefa.CadastroDeCódigoDeRegras.CadastroDeCódigoDeRegrasCriar" name="criar" time="173.917"/>
</testsuite> <!-- com.timp.test.MDR.DeterminacaoDeRelevanciaDeTarefa.CadastroDeCódigoDeRegras.CadastroDeCódigoDeRegrasCriar -->
