<?xml version="1.0" encoding="UTF-8"?>
<!-- Generated by org.testng.reporters.JUnitReportReporter -->
<testsuite hostname="EC2AMAZ-8HCHO4G" failures="0" tests="2" name="com.timp.test.BRB.ExcluirRelatorio" time="120.373" errors="0" timestamp="2024-05-29T20:53:10 UTC" skipped="0">
  <testcase classname="com.timp.test.BRB.ExcluirRelatorio" name="eliminar" time="77.690"/>
  <system-out/>
  <testcase classname="com.timp.test.BRB.ExcluirRelatorio" name="eliminarLixeira" time="42.683"/>
  <system-out/>
</testsuite> <!-- com.timp.test.BRB.ExcluirRelatorio -->
