<?xml version="1.0" encoding="UTF-8"?>
<!-- Generated by org.testng.reporters.JUnitReportReporter -->
<testsuite hostname="LitoSoler" name="com.timp.test.BRB.ValidacaoEstruturas.ConciliacaoCIAP" tests="3" failures="0" timestamp="14 Sep 2020 18:15:10 GMT" time="74.290" errors="0">
  <testcase name="login" time="7.875" classname="com.timp.test.BRB.ValidacaoEstruturas.ConciliacaoCIAP"/>
  <testcase name="verificar" time="49.933" classname="com.timp.test.BRB.ValidacaoEstruturas.ConciliacaoCIAP"/>
  <testcase name="brbEntrar" time="16.482" classname="com.timp.test.BRB.ValidacaoEstruturas.ConciliacaoCIAP"/>
</testsuite> <!-- com.timp.test.BRB.ValidacaoEstruturas.ConciliacaoCIAP -->
