<?xml version="1.0" encoding="UTF-8"?>
<!-- Generated by org.testng.reporters.JUnitReportReporter -->
<testsuite hostname="DESKTOP-M23FVFN" failures="0" tests="1" name="com.timp.test.MDR.SaldoInicial.SaldoInicialVisualizar" time="130.651" errors="0" timestamp="30 nov. 2021 08:27:55 GMT" skipped="0">
  <testcase classname="com.timp.test.MDR.SaldoInicial.SaldoInicialVisualizar" name="VisualizarSaldoInicial" time="130.651"/>
</testsuite> <!-- com.timp.test.MDR.SaldoInicial.SaldoInicialVisualizar -->
