<?xml version="1.0" encoding="UTF-8"?>
<!-- Generated by org.testng.reporters.JUnitReportReporter -->
<testsuite hostname="MIGUEL" failures="0" tests="3" name="com.timp.test.MDR.Siscoserv.RegistroRF.RegistroRFCriar" time="75.068" errors="0" timestamp="22 Dec 2020 08:07:18 GMT">
  <testcase classname="com.timp.test.MDR.Siscoserv.RegistroRF.RegistroRFCriar" name="login" time="7.815"/>
  <testcase classname="com.timp.test.MDR.Siscoserv.RegistroRF.RegistroRFCriar" name="criar" time="44.868"/>
  <testcase classname="com.timp.test.MDR.Siscoserv.RegistroRF.RegistroRFCriar" name="acessarMDR" time="22.385"/>
</testsuite> <!-- com.timp.test.MDR.Siscoserv.RegistroRF.RegistroRFCriar -->
