<?xml version="1.0" encoding="UTF-8"?>
<!-- Generated by org.testng.reporters.JUnitReportReporter -->
<testsuite hostname="DESKTOP-35UG9UP" name="com.timp.test.MDR.TabelasApoioSped.DocumentosFiscaisICMS.DocumentosFiscaisICMSCriar" tests="3" failures="0" timestamp="21 Aug 2020 17:54:43 GMT" time="132.949" errors="0">
  <testcase name="login" time="11.042" classname="com.timp.test.MDR.TabelasApoioSped.DocumentosFiscaisICMS.DocumentosFiscaisICMSCriar"/>
  <testcase name="criar" time="83.046" classname="com.timp.test.MDR.TabelasApoioSped.DocumentosFiscaisICMS.DocumentosFiscaisICMSCriar"/>
  <testcase name="acessarMDR" time="38.861" classname="com.timp.test.MDR.TabelasApoioSped.DocumentosFiscaisICMS.DocumentosFiscaisICMSCriar"/>
</testsuite> <!-- com.timp.test.MDR.TabelasApoioSped.DocumentosFiscaisICMS.DocumentosFiscaisICMSCriar -->
