<?xml version="1.0" encoding="UTF-8"?>
<!-- Generated by org.testng.reporters.JUnitReportReporter -->
<testsuite hostname="DESKTOP-BNBDMGT" failures="0" tests="3" name="com.timp.test.TFP.Configurações.Período.ConfiguraçõesPeríodoCriar" time="137.537" errors="0" timestamp="9 Dec 2020 20:22:03 GMT">
  <testcase classname="com.timp.test.TFP.Configurações.Período.ConfiguraçõesPeríodoCriar" name="login" time="9.916"/>
  <testcase classname="com.timp.test.TFP.Configurações.Período.ConfiguraçõesPeríodoCriar" name="criar" time="101.071"/>
  <testcase classname="com.timp.test.TFP.Configurações.Período.ConfiguraçõesPeríodoCriar" name="TFPEntrar" time="26.550"/>
</testsuite> <!-- com.timp.test.TFP.Configurações.Período.ConfiguraçõesPeríodoCriar -->
