<?xml version="1.0" encoding="UTF-8"?>
<!-- Generated by org.testng.reporters.JUnitReportReporter -->
<testsuite hostname="DESKTOP-M23FVFN" failures="0" tests="1" name="com.timp.test.TBD.Configuração.CamposChaves.CamposChavesFiltroPorID" time="68.609" errors="0" timestamp="2022-07-21T16:27:29 CST" skipped="0">
  <testcase classname="com.timp.test.TBD.Configuração.CamposChaves.CamposChavesFiltroPorID" name="filtro" time="68.609"/>
  <system-out/>
</testsuite> <!-- com.timp.test.TBD.Configuração.CamposChaves.CamposChavesFiltroPorID -->
