<?xml version="1.0" encoding="UTF-8"?>
<!-- Generated by org.testng.reporters.JUnitReportReporter -->
<testsuite hostname="DESKTOP-BNBDMGT" failures="0" tests="3" name="com.timp.test.MDR.DetalheTipoTributo.DetalheCriar" time="102.450" errors="0" timestamp="25 Dec 2020 05:24:08 GMT">
  <testcase classname="com.timp.test.MDR.DetalheTipoTributo.DetalheCriar" name="login" time="12.560"/>
  <testcase classname="com.timp.test.MDR.DetalheTipoTributo.DetalheCriar" name="criar" time="54.122"/>
  <testcase classname="com.timp.test.MDR.DetalheTipoTributo.DetalheCriar" name="acessarMDR" time="35.768"/>
</testsuite> <!-- com.timp.test.MDR.DetalheTipoTributo.DetalheCriar -->
