<?xml version="1.0" encoding="UTF-8"?>
<!-- Generated by org.testng.reporters.JUnitReportReporter -->
<testsuite hostname="CRISTHIAN-VASQUEZ" failures="0" tests="3" name="com.timp.test.MDR.ContratoIOF.ContratoIOFCriar" time="122.669" errors="0" timestamp="18 Nov 2020 14:44:57 GMT">
  <testcase classname="com.timp.test.MDR.ContratoIOF.ContratoIOFCriar" name="login" time="7.768"/>
  <testcase classname="com.timp.test.MDR.ContratoIOF.ContratoIOFCriar" name="criar" time="88.705"/>
  <testcase classname="com.timp.test.MDR.ContratoIOF.ContratoIOFCriar" name="acessarMDR" time="26.196"/>
</testsuite> <!-- com.timp.test.MDR.ContratoIOF.ContratoIOFCriar -->
