<?xml version="1.0" encoding="UTF-8"?>
<!-- Generated by org.testng.reporters.JUnitReportReporter -->
<testsuite hostname="LAPTOP-IN7IV9K5" failures="0" tests="1" name="com.timp.test.BRE.RegrasdeAuditoriaN2.edicao.RegrasDeAuditoriaN2EdicaoRelacionamento" time="110.394" errors="0" timestamp="13 may. 2021 07:04:02 GMT" skipped="0">
  <testcase classname="com.timp.test.BRE.RegrasdeAuditoriaN2.edicao.RegrasDeAuditoriaN2EdicaoRelacionamento" name="editar" time="110.394"/>
</testsuite> <!-- com.timp.test.BRE.RegrasdeAuditoriaN2.edicao.RegrasDeAuditoriaN2EdicaoRelacionamento -->
