<?xml version="1.0" encoding="UTF-8"?>
<!-- Generated by org.testng.reporters.JUnitReportReporter -->
<testsuite hostname="DESKTOP-5P4F1JE" failures="0" tests="10" name="com.timp.test.BCB.HierarquiaExecucoesTodasAsFuncionalidades" time="937.791" errors="0" timestamp="27 Jan 2021 21:19:26 GMT">
  <testcase classname="com.timp.test.BCB.HierarquiaExecucoesTodasAsFuncionalidades" name="criarConfiguracao" time="358.293"/>
  <testcase classname="com.timp.test.BCB.HierarquiaExecucoesTodasAsFuncionalidades" name="resto" time="107.352"/>
  <testcase classname="com.timp.test.BCB.HierarquiaExecucoesTodasAsFuncionalidades" name="login" time="7.918"/>
  <testcase classname="com.timp.test.BCB.HierarquiaExecucoesTodasAsFuncionalidades" name="criarConfiguracaoExecucoes" time="84.695"/>
  <testcase classname="com.timp.test.BCB.HierarquiaExecucoesTodasAsFuncionalidades" name="executar" time="91.400"/>
  <testcase classname="com.timp.test.BCB.HierarquiaExecucoesTodasAsFuncionalidades" name="excluirHierarquia" time="69.052"/>
  <testcase classname="com.timp.test.BCB.HierarquiaExecucoesTodasAsFuncionalidades" name="excluirConfiguracoes" time="83.802"/>
  <testcase classname="com.timp.test.BCB.HierarquiaExecucoesTodasAsFuncionalidades" name="brbEntrar" time="16.966"/>
  <testcase classname="com.timp.test.BCB.HierarquiaExecucoesTodasAsFuncionalidades" name="excluirExecucoes" time="52.896"/>
  <testcase classname="com.timp.test.BCB.HierarquiaExecucoesTodasAsFuncionalidades" name="editar" time="65.417"/>
</testsuite> <!-- com.timp.test.BCB.HierarquiaExecucoesTodasAsFuncionalidades -->
