<?xml version="1.0" encoding="UTF-8"?>
<!-- Generated by org.testng.reporters.JUnitReportReporter -->
<testsuite hostname="DESKTOP-C57COV6" failures="0" tests="1" name="com.timp.test.BRB.AdicionarColunas" time="255.323" errors="0" timestamp="03 ago. 2021 17:26:42 GMT" skipped="0">
  <testcase classname="com.timp.test.BRB.AdicionarColunas" name="adicionarColunas" time="255.323"/>
</testsuite> <!-- com.timp.test.BRB.AdicionarColunas -->
