<?xml version="1.0" encoding="UTF-8"?>
<!-- Generated by org.testng.reporters.JUnitReportReporter -->
<testsuite hostname="Agile" failures="0" tests="1" name="com.timp.test.MDR.TabelaApoioECD.BalançoConsolidado.BalançoConsolidadoEditar" time="110.999" errors="0" timestamp="09 dic. 2021 08:51:14 GMT" skipped="0">
  <testcase classname="com.timp.test.MDR.TabelaApoioECD.BalançoConsolidado.BalançoConsolidadoEditar" name="editar" time="110.999"/>
</testsuite> <!-- com.timp.test.MDR.TabelaApoioECD.BalançoConsolidado.BalançoConsolidadoEditar -->
