<?xml version="1.0" encoding="UTF-8"?>
<!-- Generated by org.testng.reporters.JUnitReportReporter -->
<testsuite hostname="DESKTOP-35UG9UP" name="com.timp.test.MDR.Centralizacao.Tributos.TributosCriar" tests="3" failures="0" timestamp="1 Sep 2020 14:47:54 GMT" time="259.744" errors="0">
  <testcase name="acessarMDR" time="39.052" classname="com.timp.test.MDR.Centralizacao.Tributos.TributosCriar"/>
  <testcase name="tributoCriar" time="210.223" classname="com.timp.test.MDR.Centralizacao.Tributos.TributosCriar"/>
  <testcase name="login" time="10.469" classname="com.timp.test.MDR.Centralizacao.Tributos.TributosCriar"/>
</testsuite> <!-- com.timp.test.MDR.Centralizacao.Tributos.TributosCriar -->
