<?xml version="1.0" encoding="UTF-8"?>
<!-- Generated by org.testng.reporters.JUnitReportReporter -->
<testsuite hostname="LitoSoler" name="com.timp.test.BRB.Eliminar" tests="4" failures="0" timestamp="21 Sep 2020 21:28:07 GMT" time="170.418" errors="0">
  <testcase name="login" time="7.321" classname="com.timp.test.BRB.Eliminar"/>
  <testcase name="brbEntrar" time="24.525" classname="com.timp.test.BRB.Eliminar"/>
  <testcase name="eliminarLixeira" time="70.306" classname="com.timp.test.BRB.Eliminar"/>
  <testcase name="eliminar" time="68.266" classname="com.timp.test.BRB.Eliminar"/>
</testsuite> <!-- com.timp.test.BRB.Eliminar -->
