<?xml version="1.0" encoding="UTF-8"?>
<!-- Generated by org.testng.reporters.JUnitReportReporter -->
<testsuite hostname="DESKTOP-C57COV6" failures="0" tests="1" name="com.timp.test.MDR.TabelasApoioESocial.Tabela28.DadosDeRATCriar" time="171.088" errors="0" timestamp="26 nov. 2021 20:06:56 GMT" skipped="0">
  <testcase classname="com.timp.test.MDR.TabelasApoioESocial.Tabela28.DadosDeRATCriar" name="criar" time="171.088"/>
</testsuite> <!-- com.timp.test.MDR.TabelasApoioESocial.Tabela28.DadosDeRATCriar -->
