<?xml version="1.0" encoding="UTF-8"?>
<!-- Generated by org.testng.reporters.JUnitReportReporter -->
<testsuite hostname="EC2AMAZ-8HCHO4G" failures="0" tests="1" name="com.timp.test.ATR.Arquivos.NotaFiscalEletronicaDeEntradaDeSaida.NotaFiscalEletronicaDeEntradaDeSaidaFiltrosAvancados" time="64.063" errors="0" timestamp="2023-07-24T16:55:53 UTC" skipped="0">
  <testcase classname="com.timp.test.ATR.Arquivos.NotaFiscalEletronicaDeEntradaDeSaida.NotaFiscalEletronicaDeEntradaDeSaidaFiltrosAvancados" name="filtroAvansado" time="64.063"/>
  <system-out/>
</testsuite> <!-- com.timp.test.ATR.Arquivos.NotaFiscalEletronicaDeEntradaDeSaida.NotaFiscalEletronicaDeEntradaDeSaidaFiltrosAvancados -->
