<?xml version="1.0" encoding="UTF-8"?>
<!-- Generated by org.testng.reporters.JUnitReportReporter -->
<testsuite hostname="LitoSoler" name="com.timp.test.BRE.RegrasDeEscrituração.RegrasDeEscrituraçãoCriarComCopia" tests="3" failures="0" timestamp="6 Jan 2021 06:50:28 GMT" time="138.656" errors="0">
  <testcase name="login" time="6.614" classname="com.timp.test.BRE.RegrasDeEscrituração.RegrasDeEscrituraçãoCriarComCopia"/>
  <testcase name="criar" time="116.247" classname="com.timp.test.BRE.RegrasDeEscrituração.RegrasDeEscrituraçãoCriarComCopia"/>
  <testcase name="acessarBRE" time="15.795" classname="com.timp.test.BRE.RegrasDeEscrituração.RegrasDeEscrituraçãoCriarComCopia"/>
</testsuite> <!-- com.timp.test.BRE.RegrasDeEscrituração.RegrasDeEscrituraçãoCriarComCopia -->
