<?xml version="1.0" encoding="UTF-8"?>
<!-- Generated by org.testng.reporters.JUnitReportReporter -->
<testsuite hostname="Agile" failures="0" tests="1" name="com.timp.test.MDR.Siscoserv.NBS.NBSDetalhes" time="130.956" errors="0" timestamp="18 dic. 2021 19:16:37 GMT" skipped="0">
  <testcase classname="com.timp.test.MDR.Siscoserv.NBS.NBSDetalhes" name="detalhes" time="130.956"/>
</testsuite> <!-- com.timp.test.MDR.Siscoserv.NBS.NBSDetalhes -->
