<?xml version="1.0" encoding="UTF-8"?>
<!-- Generated by org.testng.reporters.JUnitReportReporter -->
<testsuite hostname="MIGUEL" failures="0" tests="3" name="com.timp.test.BCB.ParametrosGeraisConfiguraçãoEditar" time="178.579" errors="0" timestamp="22 Jan 2021 23:32:33 GMT">
  <testcase classname="com.timp.test.BCB.ParametrosGeraisConfiguraçãoEditar" name="editar" time="154.154"/>
  <testcase classname="com.timp.test.BCB.ParametrosGeraisConfiguraçãoEditar" name="login" time="10.260"/>
  <testcase classname="com.timp.test.BCB.ParametrosGeraisConfiguraçãoEditar" name="brbEntrar" time="14.165"/>
</testsuite> <!-- com.timp.test.BCB.ParametrosGeraisConfiguraçãoEditar -->
