<?xml version="1.0" encoding="UTF-8"?>
<!-- Generated by org.testng.reporters.JUnitReportReporter -->
<testsuite hostname="DESKTOP-M23FVFN" failures="0" tests="1" name="com.timp.test.TDK.Dashboard.Raiz.RaizFiltroId" time="101.592" errors="0" timestamp="23 ene. 2022 13:42:44 GMT" skipped="0">
  <testcase classname="com.timp.test.TDK.Dashboard.Raiz.RaizFiltroId" name="filtro" time="101.592"/>
</testsuite> <!-- com.timp.test.TDK.Dashboard.Raiz.RaizFiltroId -->
