<?xml version="1.0" encoding="UTF-8"?>
<!-- Generated by org.testng.reporters.JUnitReportReporter -->
<testsuite hostname="MIGUEL" failures="0" tests="3" name="com.timp.test.BRE.CalculoDeTributos.Edicao.CálculodeTributosEdiçãoEstruturas" time="292.848" errors="0" timestamp="02 mar. 2021 18:57:44 GMT" skipped="0">
  <testcase classname="com.timp.test.BRE.CalculoDeTributos.Edicao.CálculodeTributosEdiçãoEstruturas" name="login" time="7.859"/>
  <testcase classname="com.timp.test.BRE.CalculoDeTributos.Edicao.CálculodeTributosEdiçãoEstruturas" name="acessarBRE" time="19.042"/>
  <testcase classname="com.timp.test.BRE.CalculoDeTributos.Edicao.CálculodeTributosEdiçãoEstruturas" name="editar" time="265.947"/>
</testsuite> <!-- com.timp.test.BRE.CalculoDeTributos.Edicao.CálculodeTributosEdiçãoEstruturas -->
