<?xml version="1.0" encoding="UTF-8"?>
<!-- Generated by org.testng.reporters.JUnitReportReporter -->
<testsuite hostname="DESKTOP-35UG9UP" name="com.timp.test.MDR.CadastroCondiçao.CadastroCondicaoEditar" tests="3" failures="0" timestamp="29 Jul 2020 15:23:58 GMT" time="83.656" errors="0">
  <testcase name="criar" time="62.300" classname="com.timp.test.MDR.CadastroCondiçao.CadastroCondicaoEditar"/>
  <testcase name="login" time="10.038" classname="com.timp.test.MDR.CadastroCondiçao.CadastroCondicaoEditar"/>
  <testcase name="acessarMDR" time="11.318" classname="com.timp.test.MDR.CadastroCondiçao.CadastroCondicaoEditar"/>
</testsuite> <!-- com.timp.test.MDR.CadastroCondiçao.CadastroCondicaoEditar -->
