<?xml version="1.0" encoding="UTF-8"?>
<!-- Generated by org.testng.reporters.JUnitReportReporter -->
<testsuite hostname="Agile" failures="0" tests="1" name="com.timp.test.TCC.BancoDeCreditoExtemporaneo.Executados.ExecutadosExcluir" time="135.967" errors="0" timestamp="08 dic. 2021 23:05:24 GMT" skipped="0">
  <testcase classname="com.timp.test.TCC.BancoDeCreditoExtemporaneo.Executados.ExecutadosExcluir" name="excluir" time="135.967"/>
</testsuite> <!-- com.timp.test.TCC.BancoDeCreditoExtemporaneo.Executados.ExecutadosExcluir -->
