<?xml version="1.0" encoding="UTF-8"?>
<!-- Generated by org.testng.reporters.JUnitReportReporter -->
<testsuite hostname="DESKTOP-M23FVFN" failures="0" tests="1" name="com.timp.test.BRB.ComentarioListaSuspensa" time="369.490" errors="0" timestamp="10 may. 2022 20:08:42 GMT" skipped="0">
  <testcase classname="com.timp.test.BRB.ComentarioListaSuspensa" name="listaSuspensa" time="369.490"/>
</testsuite> <!-- com.timp.test.BRB.ComentarioListaSuspensa -->
