<?xml version="1.0" encoding="UTF-8"?>
<!-- Generated by org.testng.reporters.JUnitReportReporter -->
<testsuite hostname="LitoSoler" name="com.timp.test.MDR.TabelasApoioESocial.Tabela26.MotivosCesBeneficiosEliminar" tests="3" failures="0" timestamp="9 Aug 2020 17:49:37 GMT" time="68.726" errors="0">
  <testcase name="criar" time="41.363" classname="com.timp.test.MDR.TabelasApoioESocial.Tabela26.MotivosCesBeneficiosEliminar"/>
  <testcase name="login" time="6.385" classname="com.timp.test.MDR.TabelasApoioESocial.Tabela26.MotivosCesBeneficiosEliminar"/>
  <testcase name="acessarMDR" time="20.978" classname="com.timp.test.MDR.TabelasApoioESocial.Tabela26.MotivosCesBeneficiosEliminar"/>
</testsuite> <!-- com.timp.test.MDR.TabelasApoioESocial.Tabela26.MotivosCesBeneficiosEliminar -->
