<?xml version="1.0" encoding="UTF-8"?>
<!-- Generated by org.testng.reporters.JUnitReportReporter -->
<testsuite hostname="DESKTOP-M23FVFN" failures="0" tests="1" name="com.timp.test.ADM.Configuração.ConfiguraçãoDeTributos.ConfiguraçãoDeTipoTributo.ConfiguracaoDeTipoTributoFiltrosAvancados" time="95.251" errors="0" timestamp="2022-10-13T01:56:18 BRT" skipped="0">
  <testcase classname="com.timp.test.ADM.Configuração.ConfiguraçãoDeTributos.ConfiguraçãoDeTipoTributo.ConfiguracaoDeTipoTributoFiltrosAvancados" name="filtro" time="95.251"/>
  <system-out/>
</testsuite> <!-- com.timp.test.ADM.Configuração.ConfiguraçãoDeTributos.ConfiguraçãoDeTipoTributo.ConfiguracaoDeTipoTributoFiltrosAvancados -->
