<?xml version="1.0" encoding="UTF-8"?>
<!-- Generated by org.testng.reporters.JUnitReportReporter -->
<testsuite hostname="LitoSoler" name="com.timp.test.MDR.ConfiguracoesFundoSocial.ConfiguracaoFundoSocailCriar" tests="3" failures="0" timestamp="14 Nov 2020 18:21:44 GMT" time="147.122" errors="0">
  <testcase name="criar" time="117.868" classname="com.timp.test.MDR.ConfiguracoesFundoSocial.ConfiguracaoFundoSocailCriar"/>
  <testcase name="login" time="6.174" classname="com.timp.test.MDR.ConfiguracoesFundoSocial.ConfiguracaoFundoSocailCriar"/>
  <testcase name="acessarMDR" time="23.080" classname="com.timp.test.MDR.ConfiguracoesFundoSocial.ConfiguracaoFundoSocailCriar"/>
</testsuite> <!-- com.timp.test.MDR.ConfiguracoesFundoSocial.ConfiguracaoFundoSocailCriar -->
