<?xml version="1.0" encoding="UTF-8"?>
<!-- Generated by org.testng.reporters.JUnitReportReporter -->
<testsuite hostname="DESKTOP-5P4F1JE" failures="0" tests="4" name="com.timp.test.BRB.NovoRelatorio" time="169.022" errors="0" timestamp="5 Nov 2020 18:39:54 GMT">
  <testcase classname="com.timp.test.BRB.NovoRelatorio" name="novoRelatorio" time="58.134"/>
  <testcase classname="com.timp.test.BRB.NovoRelatorio" name="colunas" time="81.325"/>
  <testcase classname="com.timp.test.BRB.NovoRelatorio" name="brbEntrar" time="21.984"/>
  <testcase classname="com.timp.test.BRB.NovoRelatorio" name="login" time="7.579"/>
</testsuite> <!-- com.timp.test.BRB.NovoRelatorio -->
