<?xml version="1.0" encoding="UTF-8"?>
<!-- Generated by org.testng.reporters.JUnitReportReporter -->
<<<<<<< HEAD
<testsuite hostname="MIGUEL" failures="0" tests="3" name="com.timp.test.DFG.Configuracoes.ConfiguracoesCriar" time="205.774" errors="0" timestamp="25 Nov 2020 21:13:27 GMT">
  <testcase classname="com.timp.test.DFG.Configuracoes.ConfiguracoesCriar" name="ingresar" time="9.871"/>
  <testcase classname="com.timp.test.DFG.Configuracoes.ConfiguracoesCriar" name="criar" time="181.367"/>
  <testcase classname="com.timp.test.DFG.Configuracoes.ConfiguracoesCriar" name="mdrEntrar" time="14.536"/>
=======
<testsuite hostname="LitoSoler" name="com.timp.test.DFG.Configuracoes.ConfiguracoesCriar" tests="3" failures="0" timestamp="25 Nov 2020 21:08:51 GMT" time="215.814" errors="0">
  <testcase name="mdrEntrar" time="15.528" classname="com.timp.test.DFG.Configuracoes.ConfiguracoesCriar"/>
  <testcase name="criar" time="192.688" classname="com.timp.test.DFG.Configuracoes.ConfiguracoesCriar"/>
  <testcase name="ingresar" time="7.598" classname="com.timp.test.DFG.Configuracoes.ConfiguracoesCriar"/>
>>>>>>> branch 'Steven' of https://github.com/salc1997/TIMP_R1.git
</testsuite> <!-- com.timp.test.DFG.Configuracoes.ConfiguracoesCriar -->
