<?xml version="1.0" encoding="UTF-8"?>
<!-- Generated by org.testng.reporters.JUnitReportReporter -->
<testsuite skipped="0" hostname="LitoSoler" name="com.timp.test.MDR.Centralizacao.EstornoCredito.EstornoCreditoFiltros" tests="1" failures="0" timestamp="24 feb 2021 17:37:36 GMT" time="44.227" errors="0">
  <testcase name="filtro" time="44.227" classname="com.timp.test.MDR.Centralizacao.EstornoCredito.EstornoCreditoFiltros"/>
</testsuite> <!-- com.timp.test.MDR.Centralizacao.EstornoCredito.EstornoCreditoFiltros -->
