<?xml version="1.0" encoding="UTF-8"?>
<!-- Generated by org.testng.reporters.JUnitReportReporter -->
<testsuite hostname="DESKTOP-M23FVFN" failures="0" tests="1" name="com.timp.test.BRB.ComentarioLibre" time="273.603" errors="0" timestamp="24 may. 2022 21:53:39 GMT" skipped="0">
  <testcase classname="com.timp.test.BRB.ComentarioLibre" name="comentarioLibre" time="273.603"/>
</testsuite> <!-- com.timp.test.BRB.ComentarioLibre -->
