<?xml version="1.0" encoding="UTF-8"?>
<!-- Generated by org.testng.reporters.JUnitReportReporter -->
<testsuite hostname="LitoSoler" name="com.timp.test.MDR.CodigoReceita.CodigoReceitaEditar" tests="3" failures="0" timestamp="22 Dec 2020 03:28:34 GMT" time="89.244" errors="0">
  <testcase name="login" time="7.015" classname="com.timp.test.MDR.CodigoReceita.CodigoReceitaEditar"/>
  <testcase name="editar" time="60.082" classname="com.timp.test.MDR.CodigoReceita.CodigoReceitaEditar"/>
  <testcase name="acessarMDR" time="22.147" classname="com.timp.test.MDR.CodigoReceita.CodigoReceitaEditar"/>
</testsuite> <!-- com.timp.test.MDR.CodigoReceita.CodigoReceitaEditar -->
