<?xml version="1.0" encoding="UTF-8"?>
<!-- Generated by org.testng.reporters.JUnitReportReporter -->
<testsuite hostname="CRISTHIAN-VASQUEZ" failures="0" tests="3" name="com.timp.test.BRE.RegrasdeAuditoriaN1.ParametrosGerais.RegrasdeAuditoriaN1ParâmetrosgeraisSimular" time="205.308" errors="0" timestamp="15 Feb 2021 18:14:51 GMT">
  <testcase classname="com.timp.test.BRE.RegrasdeAuditoriaN1.ParametrosGerais.RegrasdeAuditoriaN1ParâmetrosgeraisSimular" name="login" time="8.656"/>
  <testcase classname="com.timp.test.BRE.RegrasdeAuditoriaN1.ParametrosGerais.RegrasdeAuditoriaN1ParâmetrosgeraisSimular" name="editar" time="178.611"/>
  <testcase classname="com.timp.test.BRE.RegrasdeAuditoriaN1.ParametrosGerais.RegrasdeAuditoriaN1ParâmetrosgeraisSimular" name="acessarBRE" time="18.041"/>
</testsuite> <!-- com.timp.test.BRE.RegrasdeAuditoriaN1.ParametrosGerais.RegrasdeAuditoriaN1ParâmetrosgeraisSimular -->
