<?xml version="1.0" encoding="UTF-8"?>
<!-- Generated by org.testng.reporters.JUnitReportReporter -->
<testsuite hostname="DESKTOP-C57COV6" failures="0" tests="1" name="com.timp.test.TCC.GestaoDeCreditoTributarioPISCONFINS.PainelCredito.ConfiguraçãoeExecução.ConfiguraçãoeExecuçãoCriar" time="211.257" errors="0" timestamp="13 jun. 2021 15:33:15 GMT" skipped="0">
  <testcase classname="com.timp.test.TCC.GestaoDeCreditoTributarioPISCONFINS.PainelCredito.ConfiguraçãoeExecução.ConfiguraçãoeExecuçãoCriar" name="criar" time="211.257"/>
</testsuite> <!-- com.timp.test.TCC.GestaoDeCreditoTributarioPISCONFINS.PainelCredito.ConfiguraçãoeExecução.ConfiguraçãoeExecuçãoCriar -->
