<?xml version="1.0" encoding="UTF-8"?>
<!-- Generated by org.testng.reporters.JUnitReportReporter -->
<testsuite hostname="LitoSoler" name="com.timp.test.MDR.IncentivosFiscais.IncentivosFiscaisDetalles" tests="3" failures="0" timestamp="25 Jan 2021 20:04:00 GMT" time="80.480" errors="0">
  <testcase name="ingresar" time="6.669" classname="com.timp.test.MDR.IncentivosFiscais.IncentivosFiscaisDetalles"/>
  <testcase name="detalhes" time="50.917" classname="com.timp.test.MDR.IncentivosFiscais.IncentivosFiscaisDetalles"/>
  <testcase name="ingresarMDR" time="22.894" classname="com.timp.test.MDR.IncentivosFiscais.IncentivosFiscaisDetalles"/>
</testsuite> <!-- com.timp.test.MDR.IncentivosFiscais.IncentivosFiscaisDetalles -->
