<?xml version="1.0" encoding="UTF-8"?>
<!-- Generated by org.testng.reporters.JUnitReportReporter -->
<testsuite hostname="LitoSoler" name="com.timp.test.MDR.RepresentanteLegais.RepresentanteLegaisCriar" tests="3" failures="0" timestamp="24 Sep 2020 19:59:33 GMT" time="117.909" errors="0">
  <testcase name="acessarMDR" time="20.162" classname="com.timp.test.MDR.RepresentanteLegais.RepresentanteLegaisCriar"/>
  <testcase name="login" time="6.485" classname="com.timp.test.MDR.RepresentanteLegais.RepresentanteLegaisCriar"/>
  <testcase name="criar" time="91.262" classname="com.timp.test.MDR.RepresentanteLegais.RepresentanteLegaisCriar"/>
</testsuite> <!-- com.timp.test.MDR.RepresentanteLegais.RepresentanteLegaisCriar -->
