<?xml version="1.0" encoding="UTF-8"?>
<!-- Generated by org.testng.reporters.JUnitReportReporter -->
<testsuite hostname="MIGUEL" failures="0" tests="3" name="com.timp.test.TDK.Kpis.KpisCriar" time="117.120" errors="0" timestamp="19 mar. 2021 18:47:20 GMT" skipped="0">
  <testcase classname="com.timp.test.TDK.Kpis.KpisCriar" name="login" time="8.419"/>
  <testcase classname="com.timp.test.TDK.Kpis.KpisCriar" name="acessarTDK" time="21.488"/>
  <testcase classname="com.timp.test.TDK.Kpis.KpisCriar" name="criar" time="87.213"/>
</testsuite> <!-- com.timp.test.TDK.Kpis.KpisCriar -->
