<?xml version="1.0" encoding="UTF-8"?>
<!-- Generated by org.testng.reporters.JUnitReportReporter -->
<testsuite hostname="LitoSoler" name="com.timp.test.BRB.ValidacaoEstruturas.DadosBalancoConsolidadoGerdau" tests="3" failures="0" timestamp="19 Jan 2021 20:29:11 GMT" time="125.107" errors="0">
  <testcase name="verificar" time="64.361" classname="com.timp.test.BRB.ValidacaoEstruturas.DadosBalancoConsolidadoGerdau"/>
  <testcase name="brbEntrar" time="52.611" classname="com.timp.test.BRB.ValidacaoEstruturas.DadosBalancoConsolidadoGerdau"/>
  <testcase name="login" time="8.135" classname="com.timp.test.BRB.ValidacaoEstruturas.DadosBalancoConsolidadoGerdau"/>
</testsuite> <!-- com.timp.test.BRB.ValidacaoEstruturas.DadosBalancoConsolidadoGerdau -->
