<?xml version="1.0" encoding="UTF-8"?>
<!-- Generated by org.testng.reporters.JUnitReportReporter -->
<testsuite hostname="DESKTOP-JP1A9E6" failures="0" tests="2" name="com.timp.test.BRB.GruposAvancados" time="408.390" errors="0" timestamp="24 ago. 2021 06:08:11 GMT" skipped="0">
  <testcase classname="com.timp.test.BRB.GruposAvancados" name="eliminarGrupos" time="43.270"/>
  <testcase classname="com.timp.test.BRB.GruposAvancados" name="gruposAvanzados" time="365.120"/>
</testsuite> <!-- com.timp.test.BRB.GruposAvancados -->
