<?xml version="1.0" encoding="UTF-8"?>
<!-- Generated by org.testng.reporters.JUnitReportReporter -->
<testsuite hostname="MIGUEL" failures="0" tests="11" name="com.timp.test.BCB.ExecucoesSalvas.HierarquiaConfiguracoesExecucoesSalvas.ExecucoesSalvasHierarquiaConfiguracaoTodasAsFuncionalidades" time="903.915" errors="0" timestamp="17 abr. 2021 04:05:11 GMT" skipped="0">
  <testcase classname="com.timp.test.BCB.ExecucoesSalvas.HierarquiaConfiguracoesExecucoesSalvas.ExecucoesSalvasHierarquiaConfiguracaoTodasAsFuncionalidades" name="login" time="7.945"/>
  <testcase classname="com.timp.test.BCB.ExecucoesSalvas.HierarquiaConfiguracoesExecucoesSalvas.ExecucoesSalvasHierarquiaConfiguracaoTodasAsFuncionalidades" name="brbEntrar" time="17.306"/>
  <testcase classname="com.timp.test.BCB.ExecucoesSalvas.HierarquiaConfiguracoesExecucoesSalvas.ExecucoesSalvasHierarquiaConfiguracaoTodasAsFuncionalidades" name="criarConfiguracaoExecucoes" time="79.654"/>
  <testcase classname="com.timp.test.BCB.ExecucoesSalvas.HierarquiaConfiguracoesExecucoesSalvas.ExecucoesSalvasHierarquiaConfiguracaoTodasAsFuncionalidades" name="criarConfiguracao" time="196.401"/>
  <testcase classname="com.timp.test.BCB.ExecucoesSalvas.HierarquiaConfiguracoesExecucoesSalvas.ExecucoesSalvasHierarquiaConfiguracaoTodasAsFuncionalidades" name="configurarConfiguracao" time="164.561"/>
  <testcase classname="com.timp.test.BCB.ExecucoesSalvas.HierarquiaConfiguracoesExecucoesSalvas.ExecucoesSalvasHierarquiaConfiguracaoTodasAsFuncionalidades" name="executar" time="100.760"/>
  <testcase classname="com.timp.test.BCB.ExecucoesSalvas.HierarquiaConfiguracoesExecucoesSalvas.ExecucoesSalvasHierarquiaConfiguracaoTodasAsFuncionalidades" name="resto" time="88.175"/>
  <testcase classname="com.timp.test.BCB.ExecucoesSalvas.HierarquiaConfiguracoesExecucoesSalvas.ExecucoesSalvasHierarquiaConfiguracaoTodasAsFuncionalidades" name="editar" time="74.197"/>
  <testcase classname="com.timp.test.BCB.ExecucoesSalvas.HierarquiaConfiguracoesExecucoesSalvas.ExecucoesSalvasHierarquiaConfiguracaoTodasAsFuncionalidades" name="excluirExecucoes" time="50.504"/>
  <testcase classname="com.timp.test.BCB.ExecucoesSalvas.HierarquiaConfiguracoesExecucoesSalvas.ExecucoesSalvasHierarquiaConfiguracaoTodasAsFuncionalidades" name="excluirConfiguracoes" time="71.057"/>
  <testcase classname="com.timp.test.BCB.ExecucoesSalvas.HierarquiaConfiguracoesExecucoesSalvas.ExecucoesSalvasHierarquiaConfiguracaoTodasAsFuncionalidades" name="excluirHierarquia" time="53.355"/>
</testsuite> <!-- com.timp.test.BCB.ExecucoesSalvas.HierarquiaConfiguracoesExecucoesSalvas.ExecucoesSalvasHierarquiaConfiguracaoTodasAsFuncionalidades -->
