<?xml version="1.0" encoding="UTF-8"?>
<!-- Generated by org.testng.reporters.JUnitReportReporter -->
<testsuite hostname="CRISTHIAN-VASQUEZ" failures="0" tests="3" name="com.timp.test.TDK.Kpis.Edicao.KpisTabelas" time="213.238" errors="0" timestamp="28 Jan 2021 17:09:46 GMT">
  <testcase classname="com.timp.test.TDK.Kpis.Edicao.KpisTabelas" name="acessarTDK" time="27.715"/>
  <testcase classname="com.timp.test.TDK.Kpis.Edicao.KpisTabelas" name="login" time="9.067"/>
  <testcase classname="com.timp.test.TDK.Kpis.Edicao.KpisTabelas" name="criar" time="176.456"/>
</testsuite> <!-- com.timp.test.TDK.Kpis.Edicao.KpisTabelas -->
