<?xml version="1.0" encoding="UTF-8"?>
<!-- Generated by org.testng.reporters.JUnitReportReporter -->
<testsuite hostname="EC2AMAZ-8HCHO4G" failures="0" tests="3" name="com.timp.test.SCANC.ArquivosImportados.ArquivosImportadosFiltrosAvancados" time="79.442" errors="0" timestamp="2023-08-28T16:38:59 UTC" skipped="0">
  <testcase classname="com.timp.test.SCANC.ArquivosImportados.ArquivosImportadosFiltrosAvancados" name="ingresar" time="5.768"/>
  <system-out/>
  <testcase classname="com.timp.test.SCANC.ArquivosImportados.ArquivosImportadosFiltrosAvancados" name="scancEntrar" time="16.166"/>
  <system-out/>
  <testcase classname="com.timp.test.SCANC.ArquivosImportados.ArquivosImportadosFiltrosAvancados" name="filtrosAvancados" time="57.508"/>
  <system-out/>
</testsuite> <!-- com.timp.test.SCANC.ArquivosImportados.ArquivosImportadosFiltrosAvancados -->
