<?xml version="1.0" encoding="UTF-8"?>
<!-- Generated by org.testng.reporters.JUnitReportReporter -->
<testsuite hostname="DESKTOP-BNBDMGT" failures="0" tests="2" name="com.timp.test.BSC.AcessarBSC" time="23.324" errors="0" timestamp="30 Nov 2020 05:08:06 GMT">
  <testcase classname="com.timp.test.BSC.AcessarBSC" name="BSCEntrar" time="15.148"/>
  <testcase classname="com.timp.test.BSC.AcessarBSC" name="login" time="8.176"/>
</testsuite> <!-- com.timp.test.BSC.AcessarBSC -->
