<?xml version="1.0" encoding="UTF-8"?>
<!-- Generated by org.testng.reporters.JUnitReportReporter -->
<testsuite hostname="MIGUEL" failures="0" tests="3" name="com.timp.test.TAA.AtribuiçõesDeRegras.RegraDeCampos.RegraDeCamposEditar" time="118.742" errors="0" timestamp="12 Jan 2021 03:43:42 GMT">
  <testcase classname="com.timp.test.TAA.AtribuiçõesDeRegras.RegraDeCampos.RegraDeCamposEditar" name="ingresarTAA" time="22.106"/>
  <testcase classname="com.timp.test.TAA.AtribuiçõesDeRegras.RegraDeCampos.RegraDeCamposEditar" name="editar" time="58.570"/>
  <testcase classname="com.timp.test.TAA.AtribuiçõesDeRegras.RegraDeCampos.RegraDeCamposEditar" name="ingresar" time="38.066"/>
</testsuite> <!-- com.timp.test.TAA.AtribuiçõesDeRegras.RegraDeCampos.RegraDeCamposEditar -->
