<?xml version="1.0" encoding="UTF-8"?>
<!-- Generated by org.testng.reporters.JUnitReportReporter -->
<testsuite hostname="DESKTOP-BNBDMGT" failures="0" tests="3" name="com.timp.test.TAA.Ajustes.AjusteCancelar" time="82.714" errors="0" timestamp="8 Jan 2021 08:03:42 GMT">
  <testcase classname="com.timp.test.TAA.Ajustes.AjusteCancelar" name="ajustesContabilizar" time="57.985"/>
  <testcase classname="com.timp.test.TAA.Ajustes.AjusteCancelar" name="TAAEntrar" time="17.237"/>
  <testcase classname="com.timp.test.TAA.Ajustes.AjusteCancelar" name="ingresar" time="7.492"/>
</testsuite> <!-- com.timp.test.TAA.Ajustes.AjusteCancelar -->
