<?xml version="1.0" encoding="UTF-8"?>
<!-- Generated by org.testng.reporters.JUnitReportReporter -->
<testsuite hostname="MIGUEL" failures="0" tests="3" name="com.timp.test.BRE.CalculoDeTributos.ParametroGerais.CalculoDeTributoLixeiraMaisExcluirDefinitivamente" time="94.759" errors="0" timestamp="02 mar. 2021 18:31:11 GMT" skipped="0">
  <testcase classname="com.timp.test.BRE.CalculoDeTributos.ParametroGerais.CalculoDeTributoLixeiraMaisExcluirDefinitivamente" name="login" time="10.599"/>
  <testcase classname="com.timp.test.BRE.CalculoDeTributos.ParametroGerais.CalculoDeTributoLixeiraMaisExcluirDefinitivamente" name="acessarBRE" time="17.782"/>
  <testcase classname="com.timp.test.BRE.CalculoDeTributos.ParametroGerais.CalculoDeTributoLixeiraMaisExcluirDefinitivamente" name="criar" time="66.378"/>
</testsuite> <!-- com.timp.test.BRE.CalculoDeTributos.ParametroGerais.CalculoDeTributoLixeiraMaisExcluirDefinitivamente -->
