<?xml version="1.0" encoding="UTF-8"?>
<!-- Generated by org.testng.reporters.JUnitReportReporter -->
<testsuite hostname="DESKTOP-C57COV6" failures="0" tests="3" name="com.timp.test.DFG.Configuracoes.ConfiguracoesCriar" time="335.181" errors="0" timestamp="24 ago. 2021 15:34:28 GMT" skipped="0">
  <testcase classname="com.timp.test.DFG.Configuracoes.ConfiguracoesCriar" name="ingresar" time="10.523"/>
  <testcase classname="com.timp.test.DFG.Configuracoes.ConfiguracoesCriar" name="mdrEntrar" time="26.355"/>
  <testcase classname="com.timp.test.DFG.Configuracoes.ConfiguracoesCriar" name="criar" time="298.303"/>
</testsuite> <!-- com.timp.test.DFG.Configuracoes.ConfiguracoesCriar -->
