<?xml version="1.0" encoding="UTF-8"?>
<!-- Generated by org.testng.reporters.JUnitReportReporter -->
<testsuite hostname="MIGUEL" failures="0" tests="1" name="com.timp.test.BRE.RegrasdeAuditoriaN1.ParametrosGerais.RegrasdeAuditoriaN1ParâmetrosgeraisSimular" time="194.914" errors="0" timestamp="26 mar. 2021 23:46:51 GMT" skipped="0">
  <testcase classname="com.timp.test.BRE.RegrasdeAuditoriaN1.ParametrosGerais.RegrasdeAuditoriaN1ParâmetrosgeraisSimular" name="editar" time="194.914"/>
</testsuite> <!-- com.timp.test.BRE.RegrasdeAuditoriaN1.ParametrosGerais.RegrasdeAuditoriaN1ParâmetrosgeraisSimular -->
