<?xml version="1.0" encoding="UTF-8"?>
<!-- Generated by org.testng.reporters.JUnitReportReporter -->
<testsuite hostname="DESKTOP-M23FVFN" failures="0" tests="1" name="com.timp.test.ADM.Configuração.Usuarios.UsuariosFiltrosAvancados" time="109.749" errors="0" timestamp="19 dic. 2021 04:44:41 GMT" skipped="0">
  <testcase classname="com.timp.test.ADM.Configuração.Usuarios.UsuariosFiltrosAvancados" name="filtros" time="109.749"/>
</testsuite> <!-- com.timp.test.ADM.Configuração.Usuarios.UsuariosFiltrosAvancados -->
