<?xml version="1.0" encoding="UTF-8"?>
<!-- Generated by org.testng.reporters.JUnitReportReporter -->
<testsuite hostname="DESKTOP-M23FVFN" failures="0" tests="1" name="com.timp.test.MDR.SaldoInicial.SaldoInicialEditar" time="167.498" errors="0" timestamp="22 dic. 2021 11:46:20 GMT" skipped="0">
  <testcase classname="com.timp.test.MDR.SaldoInicial.SaldoInicialEditar" name="editarSaldo" time="167.498"/>
</testsuite> <!-- com.timp.test.MDR.SaldoInicial.SaldoInicialEditar -->
