<?xml version="1.0" encoding="UTF-8"?>
<!-- Generated by org.testng.reporters.JUnitReportReporter -->
<<<<<<< HEAD
<testsuite hostname="DESKTOP-C57COV6" failures="0" tests="1" name="com.timp.test.MDR.RepresentanteLegais.RepresentantesLegaisDetalhes" time="104.622" errors="0" timestamp="23 sep. 2021 08:12:10 GMT" skipped="0">
  <testcase classname="com.timp.test.MDR.RepresentanteLegais.RepresentantesLegaisDetalhes" name="detalhes" time="104.622"/>
=======
<testsuite hostname="MassielV" failures="0" tests="1" name="com.timp.test.MDR.RepresentanteLegais.RepresentantesLegaisDetalhes" time="100.523" errors="0" timestamp="30 sep. 2021 14:34:47 GMT" skipped="0">
  <testcase classname="com.timp.test.MDR.RepresentanteLegais.RepresentantesLegaisDetalhes" name="detalhes" time="100.523"/>
>>>>>>> branch 'Yessy' of https://github.com/salc1997/TIMP_R1.git
</testsuite> <!-- com.timp.test.MDR.RepresentanteLegais.RepresentantesLegaisDetalhes -->
