<?xml version="1.0" encoding="UTF-8"?>
<!-- Generated by org.testng.reporters.JUnitReportReporter -->
<testsuite hostname="EC2AMAZ-8HCHO4G" failures="0" tests="1" name="com.timp.test.BRB.OutputAutomatico" time="196.629" errors="0" timestamp="2023-05-19T15:45:34 UTC" skipped="0">
  <testcase classname="com.timp.test.BRB.OutputAutomatico" name="outputAutomatico" time="196.629"/>
  <system-out/>
</testsuite> <!-- com.timp.test.BRB.OutputAutomatico -->
