<?xml version="1.0" encoding="UTF-8"?>
<!-- Generated by org.testng.reporters.JUnitReportReporter -->
<testsuite hostname="LitoSoler" name="com.timp.test.BRB.testNg.NovoRelatorio" tests="4" failures="0" timestamp="3 Aug 2020 17:09:31 GMT" time="137.003" errors="0">
  <testcase name="brbEntrar" time="24.180" classname="com.timp.test.BRB.testNg.NovoRelatorio"/>
  <testcase name="novoRelatorio" time="46.227" classname="com.timp.test.BRB.testNg.NovoRelatorio"/>
  <testcase name="colunas" time="53.572" classname="com.timp.test.BRB.testNg.NovoRelatorio"/>
  <testcase name="login" time="13.024" classname="com.timp.test.BRB.testNg.NovoRelatorio"/>
</testsuite> <!-- com.timp.test.BRB.testNg.NovoRelatorio -->
