<?xml version="1.0" encoding="UTF-8"?>
<!-- Generated by org.testng.reporters.JUnitReportReporter -->
<testsuite hostname="DESKTOP-JP1A9E6" failures="0" tests="2" name="com.timp.test.BCB.ParametrosGeraisConfiguracao.Configuracao.ParametrosGeraisConfiguraçãoConfiguraçãoCriarComCópia" time="185.114" errors="0" timestamp="10 sep. 2021 00:07:49 GMT" skipped="0">
  <testcase classname="com.timp.test.BCB.ParametrosGeraisConfiguracao.Configuracao.ParametrosGeraisConfiguraçãoConfiguraçãoCriarComCópia" name="criarConfiguracaoHierarquia" time="133.797"/>
  <testcase classname="com.timp.test.BCB.ParametrosGeraisConfiguracao.Configuracao.ParametrosGeraisConfiguraçãoConfiguraçãoCriarComCópia" name="excluirr" time="51.317"/>
</testsuite> <!-- com.timp.test.BCB.ParametrosGeraisConfiguracao.Configuracao.ParametrosGeraisConfiguraçãoConfiguraçãoCriarComCópia -->
