<?xml version="1.0" encoding="UTF-8"?>
<!-- Generated by org.testng.reporters.JUnitReportReporter -->
<testsuite hostname="EC2AMAZ-8HCHO4G" failures="0" tests="1" name="com.timp.test.MDR.DeterminacaoAutomaticaDeGuias.DeterminacaoAutomaticaDeGuiasExcluir" time="154.816" errors="0" timestamp="2024-05-15T15:23:48 UTC" skipped="0">
  <testcase classname="com.timp.test.MDR.DeterminacaoAutomaticaDeGuias.DeterminacaoAutomaticaDeGuiasExcluir" name="excluir" time="154.816"/>
  <system-out/>
</testsuite> <!-- com.timp.test.MDR.DeterminacaoAutomaticaDeGuias.DeterminacaoAutomaticaDeGuiasExcluir -->
