<?xml version="1.0" encoding="UTF-8"?>
<!-- Generated by org.testng.reporters.JUnitReportReporter -->
<testsuite hostname="DESKTOP-5P4F1JE" failures="0" tests="3" name="com.timp.test.TCC.GestaoDeCreditoTributarioPISCONFINS.ApuracaoDeCreditoTributarioPIS.ConfiguracaoEExecucao.RegistroM410.RegistroM410Criar" time="107.738" errors="0" timestamp="12 Feb 2021 12:20:41 GMT">
  <testcase classname="com.timp.test.TCC.GestaoDeCreditoTributarioPISCONFINS.ApuracaoDeCreditoTributarioPIS.ConfiguracaoEExecucao.RegistroM410.RegistroM410Criar" name="acessarTCC" time="24.619"/>
  <testcase classname="com.timp.test.TCC.GestaoDeCreditoTributarioPISCONFINS.ApuracaoDeCreditoTributarioPIS.ConfiguracaoEExecucao.RegistroM410.RegistroM410Criar" name="login" time="11.232"/>
  <testcase classname="com.timp.test.TCC.GestaoDeCreditoTributarioPISCONFINS.ApuracaoDeCreditoTributarioPIS.ConfiguracaoEExecucao.RegistroM410.RegistroM410Criar" name="criar" time="71.887"/>
</testsuite> <!-- com.timp.test.TCC.GestaoDeCreditoTributarioPISCONFINS.ApuracaoDeCreditoTributarioPIS.ConfiguracaoEExecucao.RegistroM410.RegistroM410Criar -->
