<?xml version="1.0" encoding="UTF-8"?>
<!-- Generated by org.testng.reporters.JUnitReportReporter -->
<testsuite hostname="LitoSoler" name="com.timp.test.MDR.Reinf.ProcessosAdmJudiciais.ProcessosAdmJudiciaisExcluirEmMasa" tests="3" failures="0" timestamp="8 Jan 2021 20:28:24 GMT" time="235.028" errors="0">
  <testcase name="login" time="7.805" classname="com.timp.test.MDR.Reinf.ProcessosAdmJudiciais.ProcessosAdmJudiciaisExcluirEmMasa"/>
  <testcase name="excluir" time="216.278" classname="com.timp.test.MDR.Reinf.ProcessosAdmJudiciais.ProcessosAdmJudiciaisExcluirEmMasa"/>
  <testcase name="acessarMDR" time="10.945" classname="com.timp.test.MDR.Reinf.ProcessosAdmJudiciais.ProcessosAdmJudiciaisExcluirEmMasa"/>
</testsuite> <!-- com.timp.test.MDR.Reinf.ProcessosAdmJudiciais.ProcessosAdmJudiciaisExcluirEmMasa -->
