<?xml version="1.0" encoding="UTF-8"?>
<!-- Generated by org.testng.reporters.JUnitReportReporter -->
<testsuite hostname="EC2AMAZ-8HCHO4G" failures="0" tests="1" name="com.timp.test.TCC.BancoDeCreditoExtemporaneo.ConfiguracaoEExecucao.ConfiguracaoEExecucaoEditar" time="103.767" errors="0" timestamp="2023-08-21T19:46:12 UTC" skipped="0">
  <testcase classname="com.timp.test.TCC.BancoDeCreditoExtemporaneo.ConfiguracaoEExecucao.ConfiguracaoEExecucaoEditar" name="editar" time="103.767"/>
  <system-out/>
</testsuite> <!-- com.timp.test.TCC.BancoDeCreditoExtemporaneo.ConfiguracaoEExecucao.ConfiguracaoEExecucaoEditar -->
