<?xml version="1.0" encoding="UTF-8"?>
<!-- Generated by org.testng.reporters.JUnitReportReporter -->
<testsuite hostname="DESKTOP-BNBDMGT" failures="0" tests="3" name="com.timp.test.BCB.ParametrosGeraisConfiguraçãoCriar" time="186.371" errors="0" timestamp="21 Jan 2021 07:26:27 GMT">
  <testcase classname="com.timp.test.BCB.ParametrosGeraisConfiguraçãoCriar" name="login" time="8.208"/>
  <testcase classname="com.timp.test.BCB.ParametrosGeraisConfiguraçãoCriar" name="brbEntrar" time="14.913"/>
  <testcase classname="com.timp.test.BCB.ParametrosGeraisConfiguraçãoCriar" name="criarConfiguracao" time="163.250"/>
</testsuite> <!-- com.timp.test.BCB.ParametrosGeraisConfiguraçãoCriar -->
