<?xml version="1.0" encoding="UTF-8"?>
<!-- Generated by org.testng.reporters.JUnitReportReporter -->
<testsuite hostname="DESKTOP-HB7TMPD" failures="0" tests="3" name="com.timp.test.BRE.RegrasDeAuditoriaN4.ParametrosGerais.RegrasDeAuditoriaN4Editar" time="93.185" errors="0" timestamp="6 Jan 2021 07:25:38 GMT">
  <testcase classname="com.timp.test.BRE.RegrasDeAuditoriaN4.ParametrosGerais.RegrasDeAuditoriaN4Editar" name="acessarBRE" time="18.026"/>
  <testcase classname="com.timp.test.BRE.RegrasDeAuditoriaN4.ParametrosGerais.RegrasDeAuditoriaN4Editar" name="criar" time="66.159"/>
  <testcase classname="com.timp.test.BRE.RegrasDeAuditoriaN4.ParametrosGerais.RegrasDeAuditoriaN4Editar" name="login" time="9.000"/>
</testsuite> <!-- com.timp.test.BRE.RegrasDeAuditoriaN4.ParametrosGerais.RegrasDeAuditoriaN4Editar -->
