<?xml version="1.0" encoding="UTF-8"?>
<!-- Generated by org.testng.reporters.JUnitReportReporter -->
<testsuite hostname="DESKTOP-HB7TMPD" failures="0" tests="3" name="com.timp.test.MDR.EventosESocial.S2240CondiçõesAmbDoTrabFatDeRisco.S2240CondiçõesAmbDoTrabFatDeRiscoExcluirEmMassa" time="57.462" errors="0" timestamp="16 Nov 2020 03:38:57 GMT">
  <testcase classname="com.timp.test.MDR.EventosESocial.S2240CondiçõesAmbDoTrabFatDeRisco.S2240CondiçõesAmbDoTrabFatDeRiscoExcluirEmMassa" name="filtroPorId" time="26.550"/>
  <testcase classname="com.timp.test.MDR.EventosESocial.S2240CondiçõesAmbDoTrabFatDeRisco.S2240CondiçõesAmbDoTrabFatDeRiscoExcluirEmMassa" name="login" time="12.511"/>
  <testcase classname="com.timp.test.MDR.EventosESocial.S2240CondiçõesAmbDoTrabFatDeRisco.S2240CondiçõesAmbDoTrabFatDeRiscoExcluirEmMassa" name="acessarMDR" time="18.401"/>
</testsuite> <!-- com.timp.test.MDR.EventosESocial.S2240CondiçõesAmbDoTrabFatDeRisco.S2240CondiçõesAmbDoTrabFatDeRiscoExcluirEmMassa -->
