<?xml version="1.0" encoding="UTF-8"?>
<!-- Generated by org.testng.reporters.JUnitReportReporter -->
<testsuite skipped="0" hostname="LitoSoler" name="com.timp.test.MDR.Ajustes.CodigosAjustes.CodigosAjustesVisualizar" tests="1" failures="0" timestamp="16 mar 2021 02:29:43 GMT" time="118.167" errors="0">
  <testcase name="visualizar" time="118.167" classname="com.timp.test.MDR.Ajustes.CodigosAjustes.CodigosAjustesVisualizar"/>
</testsuite> <!-- com.timp.test.MDR.Ajustes.CodigosAjustes.CodigosAjustesVisualizar -->
