<?xml version="1.0" encoding="UTF-8"?>
<!-- Generated by org.testng.reporters.JUnitReportReporter -->
<testsuite hostname="DESKTOP-BNBDMGT" failures="0" tests="1" name="com.timp.test.MDR.Empresas.EmpresasVisualizar" time="89.766" errors="0" timestamp="24 feb. 2021 16:52:20 GMT" skipped="0">
  <testcase classname="com.timp.test.MDR.Empresas.EmpresasVisualizar" name="visualizar" time="89.766"/>
</testsuite> <!-- com.timp.test.MDR.Empresas.EmpresasVisualizar -->
