<?xml version="1.0" encoding="UTF-8"?>
<!-- Generated by org.testng.reporters.JUnitReportReporter -->
<testsuite hostname="LitoSoler" name="com.timp.test.SCANC.ArquivosImportados.ArquivosImportadosInformacao" tests="3" failures="0" timestamp="27 Jan 2021 21:34:46 GMT" time="155.274" errors="0">
  <testcase name="ingresar" time="7.093" classname="com.timp.test.SCANC.ArquivosImportados.ArquivosImportadosInformacao"/>
  <testcase name="scancEntrar" time="26.358" classname="com.timp.test.SCANC.ArquivosImportados.ArquivosImportadosInformacao"/>
  <testcase name="informacao" time="121.823" classname="com.timp.test.SCANC.ArquivosImportados.ArquivosImportadosInformacao"/>
</testsuite> <!-- com.timp.test.SCANC.ArquivosImportados.ArquivosImportadosInformacao -->
