<?xml version="1.0" encoding="UTF-8"?>
<!-- Generated by org.testng.reporters.JUnitReportReporter -->
<testsuite hostname="DESKTOP-M23FVFN" failures="0" tests="2" name="com.timp.test.BRB.FiltroColunas" time="177.816" errors="0" timestamp="09 feb. 2022 15:10:29 GMT" skipped="0">
  <testcase classname="com.timp.test.BRB.FiltroColunas" name="filtroConFerramenta1" time="145.540"/>
  <testcase classname="com.timp.test.BRB.FiltroColunas" name="filtroConFerramenta2" time="32.276"/>
</testsuite> <!-- com.timp.test.BRB.FiltroColunas -->
