<?xml version="1.0" encoding="UTF-8"?>
<!-- Generated by org.testng.reporters.JUnitReportReporter -->
<<<<<<< HEAD
<testsuite hostname="DESKTOP-C57COV6" failures="0" tests="1" name="com.timp.test.MDR.TipoDeTributoContaContabil.TipoDeTributoContaContabilCriar" time="96.507" errors="0" timestamp="08 sep. 2021 09:12:21 GMT" skipped="0">
  <testcase classname="com.timp.test.MDR.TipoDeTributoContaContabil.TipoDeTributoContaContabilCriar" name="criar" time="96.507"/>
=======
<testsuite hostname="DESKTOP-JP1A9E6" failures="0" tests="1" name="com.timp.test.MDR.TipoDeTributoContaContabil.TipoDeTributoContaContabilCriar" time="150.719" errors="0" timestamp="02 sep. 2021 15:40:28 GMT" skipped="0">
  <testcase classname="com.timp.test.MDR.TipoDeTributoContaContabil.TipoDeTributoContaContabilCriar" name="criar" time="150.719"/>
>>>>>>> branch 'Yessy' of https://github.com/salc1997/TIMP_R1.git
</testsuite> <!-- com.timp.test.MDR.TipoDeTributoContaContabil.TipoDeTributoContaContabilCriar -->
