<?xml version="1.0" encoding="UTF-8"?>
<!-- Generated by org.testng.reporters.JUnitReportReporter -->
<testsuite hostname="EC2AMAZ-8HCHO4G" failures="0" tests="4" name="com.timp.test.BRB.PublicoEPrivado" time="250.548" errors="0" timestamp="2024-09-18T22:17:35 UTC" skipped="0">
  <testcase classname="com.timp.test.BRB.PublicoEPrivado" name="publicoYPRivado" time="91.127"/>
  <system-out/>
  <testcase classname="com.timp.test.BRB.PublicoEPrivado" name="PrivadoEditor" time="58.549"/>
  <system-out/>
  <testcase classname="com.timp.test.BRB.PublicoEPrivado" name="PublicoBiblioteca" time="40.250"/>
  <system-out/>
  <testcase classname="com.timp.test.BRB.PublicoEPrivado" name="PrivadoBiblioteca" time="60.622"/>
  <system-out/>
</testsuite> <!-- com.timp.test.BRB.PublicoEPrivado -->
