<?xml version="1.0" encoding="UTF-8"?>
<!-- Generated by org.testng.reporters.JUnitReportReporter -->
<testsuite hostname="LitoSoler" name="com.timp.test.MDR.RepresentanteLegais.RepresentantesLegaisDetalhes" tests="3" failures="0" timestamp="24 Sep 2020 20:06:31 GMT" time="59.702" errors="0">
  <testcase name="Visualizar" time="27.984" classname="com.timp.test.MDR.RepresentanteLegais.RepresentantesLegaisDetalhes"/>
  <testcase name="login" time="9.448" classname="com.timp.test.MDR.RepresentanteLegais.RepresentantesLegaisDetalhes"/>
  <testcase name="acessarMDR" time="22.270" classname="com.timp.test.MDR.RepresentanteLegais.RepresentantesLegaisDetalhes"/>
</testsuite> <!-- com.timp.test.MDR.RepresentanteLegais.RepresentantesLegaisDetalhes -->
