<?xml version="1.0" encoding="UTF-8"?>
<!-- Generated by org.testng.reporters.JUnitReportReporter -->
<testsuite skipped="0" hostname="LitoSoler" name="com.timp.test.MDR.Antecipacao.AntecipacaoEliminar" tests="1" failures="0" timestamp="16 mar 2021 02:29:43 GMT" time="88.867" errors="0">
  <testcase name="excluir" time="88.867" classname="com.timp.test.MDR.Antecipacao.AntecipacaoEliminar"/>
</testsuite> <!-- com.timp.test.MDR.Antecipacao.AntecipacaoEliminar -->
