<?xml version="1.0" encoding="UTF-8"?>
<!-- Generated by org.testng.reporters.JUnitReportReporter -->
<testsuite hostname="DESKTOP-JP1A9E6" failures="0" tests="3" name="com.timp.test.BPMA.ProcessodeNegocio.ProcessodeNegocioCriarCopia" time="245.955" errors="0" timestamp="27 ago. 2021 14:22:59 GMT" skipped="0">
  <testcase classname="com.timp.test.BPMA.ProcessodeNegocio.ProcessodeNegocioCriarCopia" name="login" time="9.288"/>
  <testcase classname="com.timp.test.BPMA.ProcessodeNegocio.ProcessodeNegocioCriarCopia" name="BPMAEntrar" time="23.201"/>
  <testcase classname="com.timp.test.BPMA.ProcessodeNegocio.ProcessodeNegocioCriarCopia" name="CriarCopia" time="213.466"/>
</testsuite> <!-- com.timp.test.BPMA.ProcessodeNegocio.ProcessodeNegocioCriarCopia -->
