<?xml version="1.0" encoding="UTF-8"?>
<!-- Generated by org.testng.reporters.JUnitReportReporter -->
<testsuite hostname="DESKTOP-JP1A9E6" failures="0" tests="3" name="com.timp.test.BRB.Formula" time="141.900" errors="0" timestamp="31 may. 2021 16:54:13 GMT" skipped="0">
  <testcase classname="com.timp.test.BRB.Formula" name="formulaColuna" time="57.745"/>
  <testcase classname="com.timp.test.BRB.Formula" name="formulaBoton" time="74.263"/>
  <testcase classname="com.timp.test.BRB.Formula" name="aplicar" time="9.892"/>
</testsuite> <!-- com.timp.test.BRB.Formula -->
