<?xml version="1.0" encoding="UTF-8"?>
<!-- Generated by org.testng.reporters.JUnitReportReporter -->
<testsuite hostname="DESKTOP-35UG9UP" name="com.timp.test.MDR.Centralizacao.EstornoCreditoEditar" tests="3" failures="0" timestamp="31 Jul 2020 22:30:51 GMT" time="81.383" errors="0">
  <testcase name="editar" time="60.674" classname="com.timp.test.MDR.Centralizacao.EstornoCreditoEditar"/>
  <testcase name="login" time="9.184" classname="com.timp.test.MDR.Centralizacao.EstornoCreditoEditar"/>
  <testcase name="acessarMDR" time="11.525" classname="com.timp.test.MDR.Centralizacao.EstornoCreditoEditar"/>
</testsuite> <!-- com.timp.test.MDR.Centralizacao.EstornoCreditoEditar -->
