<?xml version="1.0" encoding="UTF-8"?>
<!-- Generated by org.testng.reporters.JUnitReportReporter -->
<testsuite hostname="DESKTOP-C57COV6" failures="0" tests="1" name="com.timp.test.MDR.Empresas.EmpresasFiltros" time="79.398" errors="0" timestamp="18 may. 2021 03:29:09 GMT" skipped="0">
  <testcase classname="com.timp.test.MDR.Empresas.EmpresasFiltros" name="filtros" time="79.398"/>
</testsuite> <!-- com.timp.test.MDR.Empresas.EmpresasFiltros -->
