<?xml version="1.0" encoding="UTF-8"?>
<!-- Generated by org.testng.reporters.JUnitReportReporter -->
<testsuite hostname="DESKTOP-BNBDMGT" failures="0" tests="3" name="com.timp.test.BCB.ParametrosGeraisConfiguraçãoConfiguraçãoFavoritos" time="76.617" errors="0" timestamp="10 Feb 2021 22:45:32 GMT">
  <testcase classname="com.timp.test.BCB.ParametrosGeraisConfiguraçãoConfiguraçãoFavoritos" name="criarConfiguracao" time="47.326"/>
  <testcase classname="com.timp.test.BCB.ParametrosGeraisConfiguraçãoConfiguraçãoFavoritos" name="brbEntrar" time="20.936"/>
  <testcase classname="com.timp.test.BCB.ParametrosGeraisConfiguraçãoConfiguraçãoFavoritos" name="login" time="8.355"/>
</testsuite> <!-- com.timp.test.BCB.ParametrosGeraisConfiguraçãoConfiguraçãoFavoritos -->
