<?xml version="1.0" encoding="UTF-8"?>
<!-- Generated by org.testng.reporters.JUnitReportReporter -->
<testsuite hostname="EC2AMAZ-8HCHO4G" failures="0" tests="1" name="com.timp.test.MDR.CodigoContabilizacao.CodigoContabilizacaoCriar" time="143.347" errors="0" timestamp="2024-01-24T17:23:52 UTC" skipped="0">
  <testcase classname="com.timp.test.MDR.CodigoContabilizacao.CodigoContabilizacaoCriar" name="criar" time="143.347"/>
  <system-out/>
</testsuite> <!-- com.timp.test.MDR.CodigoContabilizacao.CodigoContabilizacaoCriar -->
