<?xml version="1.0" encoding="UTF-8"?>
<!-- Generated by org.testng.reporters.JUnitReportReporter -->
<testsuite hostname="LitoSoler" name="com.timp.test.MDR.DetalheTipoTributo.DetalheCriar" tests="3" failures="0" timestamp="19 Nov 2020 19:39:57 GMT" time="70.221" errors="0">
  <testcase name="login" time="6.648" classname="com.timp.test.MDR.DetalheTipoTributo.DetalheCriar"/>
  <testcase name="criar" time="42.392" classname="com.timp.test.MDR.DetalheTipoTributo.DetalheCriar"/>
  <testcase name="acessarMDR" time="21.181" classname="com.timp.test.MDR.DetalheTipoTributo.DetalheCriar"/>
</testsuite> <!-- com.timp.test.MDR.DetalheTipoTributo.DetalheCriar -->
