<?xml version="1.0" encoding="UTF-8"?>
<!-- Generated by org.testng.reporters.JUnitReportReporter -->
<<<<<<< HEAD
<testsuite hostname="LitoSoler" name="com.timp.test.BRE.RegrasDeMensagens.Edicao.RegraDeMensagensRelacionamento" tests="3" failures="0" timestamp="2 Feb 2021 14:11:04 GMT" time="117.831" errors="0">
  <testcase name="login" time="8.321" classname="com.timp.test.BRE.RegrasDeMensagens.Edicao.RegraDeMensagensRelacionamento"/>
  <testcase name="acessarBRE" time="17.532" classname="com.timp.test.BRE.RegrasDeMensagens.Edicao.RegraDeMensagensRelacionamento"/>
  <testcase name="relacionamento" time="91.978" classname="com.timp.test.BRE.RegrasDeMensagens.Edicao.RegraDeMensagensRelacionamento"/>
=======
<testsuite hostname="LAPTOP-IN7IV9K5" failures="0" tests="3" name="com.timp.test.BRE.RegrasDeMensagens.Edicao.RegraDeMensagensRelacionamento" time="126.959" errors="0" timestamp="15 Feb 2021 22:40:01 GMT">
  <testcase classname="com.timp.test.BRE.RegrasDeMensagens.Edicao.RegraDeMensagensRelacionamento" name="relacionamento" time="99.027"/>
  <testcase classname="com.timp.test.BRE.RegrasDeMensagens.Edicao.RegraDeMensagensRelacionamento" name="login" time="9.443"/>
  <testcase classname="com.timp.test.BRE.RegrasDeMensagens.Edicao.RegraDeMensagensRelacionamento" name="acessarBRE" time="18.489"/>
>>>>>>> refs/heads/master
</testsuite> <!-- com.timp.test.BRE.RegrasDeMensagens.Edicao.RegraDeMensagensRelacionamento -->
