<?xml version="1.0" encoding="UTF-8"?>
<!-- Generated by org.testng.reporters.JUnitReportReporter -->
<testsuite skipped="0" hostname="LitoSoler" name="com.timp.test.MDR.CodigoReceita.CodigoReceitaCriar" tests="1" failures="0" timestamp="09 mar 2021 00:34:17 GMT" time="108.061" errors="0">
  <testcase name="criar" time="108.061" classname="com.timp.test.MDR.CodigoReceita.CodigoReceitaCriar"/>
</testsuite> <!-- com.timp.test.MDR.CodigoReceita.CodigoReceitaCriar -->
