<?xml version="1.0" encoding="UTF-8"?>
<!-- Generated by org.testng.reporters.JUnitReportReporter -->
<testsuite hostname="DESKTOP-JP1A9E6" failures="0" tests="1" name="com.timp.test.MDR.TabelasApoioESocial.Tabela14.AgenteCausadorDeAcidenteCriar" time="192.921" errors="0" timestamp="03 ago. 2021 20:15:23 GMT" skipped="0">
  <testcase classname="com.timp.test.MDR.TabelasApoioESocial.Tabela14.AgenteCausadorDeAcidenteCriar" name="criar" time="192.921"/>
</testsuite> <!-- com.timp.test.MDR.TabelasApoioESocial.Tabela14.AgenteCausadorDeAcidenteCriar -->
