<?xml version="1.0" encoding="UTF-8"?>
<!-- Generated by org.testng.reporters.JUnitReportReporter -->
<testsuite hostname="LitoSoler" name="com.timp.test.MDR.CEP.Bairro.BairroCriar" tests="3" failures="0" timestamp="3 Aug 2020 14:04:56 GMT" time="67.416" errors="0">
  <testcase name="acessarMDR" time="7.536" classname="com.timp.test.MDR.CEP.Bairro.BairroCriar"/>
  <testcase name="criar" time="54.200" classname="com.timp.test.MDR.CEP.Bairro.BairroCriar"/>
  <testcase name="login" time="5.680" classname="com.timp.test.MDR.CEP.Bairro.BairroCriar"/>
</testsuite> <!-- com.timp.test.MDR.CEP.Bairro.BairroCriar -->
