<?xml version="1.0" encoding="UTF-8"?>
<!-- Generated by org.testng.reporters.JUnitReportReporter -->
<testsuite hostname="DESKTOP-M23FVFN" failures="0" tests="1" name="com.timp.test.TFP.Periodos.SubPeriodoPeriodicidade.SubPeriodoPeriodicidadeAlterarStatusSubperiodoAvulso" time="121.571" errors="0" timestamp="2022-09-02T16:16:54 COT" skipped="0">
  <testcase classname="com.timp.test.TFP.Periodos.SubPeriodoPeriodicidade.SubPeriodoPeriodicidadeAlterarStatusSubperiodoAvulso" name="filtro" time="121.571"/>
  <system-out/>
</testsuite> <!-- com.timp.test.TFP.Periodos.SubPeriodoPeriodicidade.SubPeriodoPeriodicidadeAlterarStatusSubperiodoAvulso -->
