<?xml version="1.0" encoding="UTF-8"?>
<!-- Generated by org.testng.reporters.JUnitReportReporter -->
<testsuite hostname="DESKTOP-35UG9UP" name="com.timp.test.BRB.FiltrosAvançados" tests="3" failures="0" timestamp="30 Sep 2020 17:47:48 GMT" time="54.193" errors="0">
  <testcase name="login" time="12.873" classname="com.timp.test.BRB.FiltrosAvançados"/>
  <testcase name="filtrosAvanzados" time="16.455" classname="com.timp.test.BRB.FiltrosAvançados"/>
  <testcase name="brbEntrar" time="24.865" classname="com.timp.test.BRB.FiltrosAvançados"/>
</testsuite> <!-- com.timp.test.BRB.FiltrosAvançados -->
