<?xml version="1.0" encoding="UTF-8"?>
<!-- Generated by org.testng.reporters.JUnitReportReporter -->
<testsuite hostname="DESKTOP-35UG9UP" name="com.timp.test.BRB.CampoOutput" tests="3" failures="0" timestamp="1 Oct 2020 15:43:25 GMT" time="85.494" errors="0">
  <testcase name="brbEntrar" time="23.152" classname="com.timp.test.BRB.CampoOutput"/>
  <testcase name="campoOutput" time="49.874" classname="com.timp.test.BRB.CampoOutput"/>
  <testcase name="login" time="12.468" classname="com.timp.test.BRB.CampoOutput"/>
</testsuite> <!-- com.timp.test.BRB.CampoOutput -->
