<?xml version="1.0" encoding="UTF-8"?>
<!-- Generated by org.testng.reporters.JUnitReportReporter -->
<<<<<<< HEAD
<testsuite hostname="LitoSoler" name="com.timp.test.MDR.IncentivosFiscais.IncentivosFiscaisDetalles" tests="3" failures="0" timestamp="25 Jan 2021 20:04:00 GMT" time="80.480" errors="0">
  <testcase name="ingresar" time="6.669" classname="com.timp.test.MDR.IncentivosFiscais.IncentivosFiscaisDetalles"/>
  <testcase name="detalhes" time="50.917" classname="com.timp.test.MDR.IncentivosFiscais.IncentivosFiscaisDetalles"/>
  <testcase name="ingresarMDR" time="22.894" classname="com.timp.test.MDR.IncentivosFiscais.IncentivosFiscaisDetalles"/>
=======
<testsuite hostname="DESKTOP-BNBDMGT" failures="0" tests="3" name="com.timp.test.MDR.IncentivosFiscais.IncentivosFiscaisDetalles" time="112.401" errors="0" timestamp="22 Jan 2021 16:22:08 GMT">
  <testcase classname="com.timp.test.MDR.IncentivosFiscais.IncentivosFiscaisDetalles" name="ingresarMDR" time="22.294"/>
  <testcase classname="com.timp.test.MDR.IncentivosFiscais.IncentivosFiscaisDetalles" name="ingresar" time="9.603"/>
  <testcase classname="com.timp.test.MDR.IncentivosFiscais.IncentivosFiscaisDetalles" name="detalhes" time="80.504"/>
>>>>>>> refs/remotes/origin/Yessy
</testsuite> <!-- com.timp.test.MDR.IncentivosFiscais.IncentivosFiscaisDetalles -->
