<?xml version="1.0" encoding="UTF-8"?>
<!-- Generated by org.testng.reporters.JUnitReportReporter -->
<testsuite hostname="EC2AMAZ-8HCHO4G" failures="0" tests="5" name="com.timp.test.ADM.Configuracao.ConfiguracaoDeTributos.ConfiguracaoTributoAgrupamento.ConfiguracaoTributoAgrupamentoTodasFunc" time="215.712" errors="0" timestamp="2023-08-21T14:53:44 UTC" skipped="0">
  <testcase classname="com.timp.test.ADM.Configuracao.ConfiguracaoDeTributos.ConfiguracaoTributoAgrupamento.ConfiguracaoTributoAgrupamentoTodasFunc" name="criar" time="67.115"/>
  <system-out/>
  <testcase classname="com.timp.test.ADM.Configuracao.ConfiguracaoDeTributos.ConfiguracaoTributoAgrupamento.ConfiguracaoTributoAgrupamentoTodasFunc" name="Editar" time="36.889"/>
  <system-out/>
  <testcase classname="com.timp.test.ADM.Configuracao.ConfiguracaoDeTributos.ConfiguracaoTributoAgrupamento.ConfiguracaoTributoAgrupamentoTodasFunc" name="visualizar" time="60.437"/>
  <system-out/>
  <testcase classname="com.timp.test.ADM.Configuracao.ConfiguracaoDeTributos.ConfiguracaoTributoAgrupamento.ConfiguracaoTributoAgrupamentoTodasFunc" name="filtros" time="23.371"/>
  <system-out/>
  <testcase classname="com.timp.test.ADM.Configuracao.ConfiguracaoDeTributos.ConfiguracaoTributoAgrupamento.ConfiguracaoTributoAgrupamentoTodasFunc" name="Excluir" time="27.900"/>
  <system-out/>
</testsuite> <!-- com.timp.test.ADM.Configuracao.ConfiguracaoDeTributos.ConfiguracaoTributoAgrupamento.ConfiguracaoTributoAgrupamentoTodasFunc -->
