<?xml version="1.0" encoding="UTF-8"?>
<!-- Generated by org.testng.reporters.JUnitReportReporter -->
<testsuite hostname="MIGUEL" failures="0" tests="3" name="com.timp.test.MDR.RegistroECAC.RegistroECACCriar" time="85.303" errors="0" timestamp="22 Jan 2021 06:12:41 GMT">
  <testcase classname="com.timp.test.MDR.RegistroECAC.RegistroECACCriar" name="login" time="8.069"/>
  <testcase classname="com.timp.test.MDR.RegistroECAC.RegistroECACCriar" name="acessarMDR" time="15.290"/>
  <testcase classname="com.timp.test.MDR.RegistroECAC.RegistroECACCriar" name="criar" time="61.944"/>
</testsuite> <!-- com.timp.test.MDR.RegistroECAC.RegistroECACCriar -->
