<?xml version="1.0" encoding="UTF-8"?>
<!-- Generated by org.testng.reporters.JUnitReportReporter -->
<testsuite hostname="DESKTOP-BNBDMGT" failures="0" tests="3" name="com.timp.test.MDR.TabelasApoioSped.DocumentosFiscaisICMS.DocumentosFiscaisICMSCriar" time="76.850" errors="0" timestamp="2 Dec 2020 09:33:27 GMT">
  <testcase classname="com.timp.test.MDR.TabelasApoioSped.DocumentosFiscaisICMS.DocumentosFiscaisICMSCriar" name="acessarMDR" time="26.565"/>
  <testcase classname="com.timp.test.MDR.TabelasApoioSped.DocumentosFiscaisICMS.DocumentosFiscaisICMSCriar" name="login" time="5.805"/>
  <testcase classname="com.timp.test.MDR.TabelasApoioSped.DocumentosFiscaisICMS.DocumentosFiscaisICMSCriar" name="criar" time="44.480"/>
</testsuite> <!-- com.timp.test.MDR.TabelasApoioSped.DocumentosFiscaisICMS.DocumentosFiscaisICMSCriar -->
