<?xml version="1.0" encoding="UTF-8"?>
<!-- Generated by org.testng.reporters.JUnitReportReporter -->
<testsuite hostname="DESKTOP-M23FVFN" failures="0" tests="1" name="com.timp.test.MDR.TabelasComplementaresParaObrigaçoesAcessorias.SubItensValidos.SubItensValidosDetalhes" time="68.240" errors="0" timestamp="16 feb. 2022 07:37:47 GMT" skipped="0">
  <testcase classname="com.timp.test.MDR.TabelasComplementaresParaObrigaçoesAcessorias.SubItensValidos.SubItensValidosDetalhes" name="detalhes" time="68.240"/>
</testsuite> <!-- com.timp.test.MDR.TabelasComplementaresParaObrigaçoesAcessorias.SubItensValidos.SubItensValidosDetalhes -->
