<?xml version="1.0" encoding="UTF-8"?>
<!-- Generated by org.testng.reporters.JUnitReportReporter -->
<testsuite hostname="DESKTOP-M23FVFN" failures="0" tests="1" name="com.timp.test.ADM.Configuração.ConfiguraçãoDeTributos.ConfiguraçãoDeTributoGrupo.ConfiguracaoDeTributoGrupoCriar" time="94.893" errors="0" timestamp="2022-11-30T00:44:20 BRT" skipped="0">
  <testcase classname="com.timp.test.ADM.Configuração.ConfiguraçãoDeTributos.ConfiguraçãoDeTributoGrupo.ConfiguracaoDeTributoGrupoCriar" name="criar" time="94.893"/>
  <system-out/>
</testsuite> <!-- com.timp.test.ADM.Configuração.ConfiguraçãoDeTributos.ConfiguraçãoDeTributoGrupo.ConfiguracaoDeTributoGrupoCriar -->
