<?xml version="1.0" encoding="UTF-8"?>
<!-- Generated by org.testng.reporters.JUnitReportReporter -->
<testsuite hostname="DESKTOP-C57COV6" failures="0" tests="1" name="com.timp.test.MDR.CodigoReceita.CodigoReceitaExcluir" time="129.568" errors="0" timestamp="06 oct. 2021 18:34:43 GMT" skipped="0">
  <testcase classname="com.timp.test.MDR.CodigoReceita.CodigoReceitaExcluir" name="excluir" time="129.568"/>
</testsuite> <!-- com.timp.test.MDR.CodigoReceita.CodigoReceitaExcluir -->
