<?xml version="1.0" encoding="UTF-8"?>
<!-- Generated by org.testng.reporters.JUnitReportReporter -->
<testsuite hostname="DESKTOP-M23FVFN" failures="0" tests="2" name="com.timp.test.MDR.CenariosCorrecao.CenariosCorrecaoExcluirMassa" time="196.208" errors="0" timestamp="09 dic. 2021 10:28:46 GMT" skipped="0">
  <testcase classname="com.timp.test.MDR.CenariosCorrecao.CenariosCorrecaoExcluirMassa" name="excluirMassa" time="49.445"/>
  <testcase classname="com.timp.test.MDR.CenariosCorrecao.CenariosCorrecaoExcluirMassa" name="criar" time="146.763"/>
</testsuite> <!-- com.timp.test.MDR.CenariosCorrecao.CenariosCorrecaoExcluirMassa -->
