<?xml version="1.0" encoding="UTF-8"?>
<!-- Generated by org.testng.reporters.JUnitReportReporter -->
<<<<<<< HEAD
<<<<<<< HEAD
<testsuite hostname="SALC-PC" failures="0" tests="1" name="com.timp.test.BRB.EditarRelatorio" time="99.285" errors="0" timestamp="2023-08-07T12:27:14 CST" skipped="0">
  <testcase classname="com.timp.test.BRB.EditarRelatorio" name="editar" time="99.285"/>
=======
<testsuite hostname="EC2AMAZ-8HCHO4G" failures="0" tests="1" name="com.timp.test.BRB.EditarRelatorio" time="96.783" errors="0" timestamp="2023-08-16T15:47:19 UTC" skipped="0">
  <testcase classname="com.timp.test.BRB.EditarRelatorio" name="editar" time="96.783"/>
>>>>>>> refs/heads/Yessy
=======
<testsuite hostname="EC2AMAZ-8HCHO4G" failures="0" tests="1" name="com.timp.test.BRB.EditarRelatorio" time="97.120" errors="0" timestamp="2023-09-29T23:27:16 UTC" skipped="0">
  <testcase classname="com.timp.test.BRB.EditarRelatorio" name="editar" time="97.120"/>
>>>>>>> refs/remotes/origin/Yessy
  <system-out/>
</testsuite> <!-- com.timp.test.BRB.EditarRelatorio -->
