<?xml version="1.0" encoding="UTF-8"?>
<!-- Generated by org.testng.reporters.JUnitReportReporter -->
<<<<<<< HEAD
<<<<<<< HEAD
<testsuite hostname="DESKTOP-M23FVFN" failures="0" tests="1" name="com.timp.test.MDR.ICMSSTTransporte.ICMSSTTransporteFiltroID" time="72.334" errors="0" timestamp="30 nov. 2021 08:27:55 GMT" skipped="0">
  <testcase classname="com.timp.test.MDR.ICMSSTTransporte.ICMSSTTransporteFiltroID" name="filtro" time="72.334"/>
=======
<<<<<<< HEAD
<testsuite hostname="DESKTOP-C57COV6" failures="0" tests="1" name="com.timp.test.MDR.ICMSSTTransporte.ICMSSTTransporteFiltroID" time="127.006" errors="0" timestamp="26 nov. 2021 20:06:57 GMT" skipped="0">
  <testcase classname="com.timp.test.MDR.ICMSSTTransporte.ICMSSTTransporteFiltroID" name="filtro" time="127.006"/>
=======
<testsuite hostname="MassielV" failures="0" tests="1" name="com.timp.test.MDR.ICMSSTTransporte.ICMSSTTransporteFiltroID" time="78.691" errors="0" timestamp="25 nov. 2021 09:03:54 GMT" skipped="0">
  <testcase classname="com.timp.test.MDR.ICMSSTTransporte.ICMSSTTransporteFiltroID" name="filtro" time="78.691"/>
>>>>>>> branch 'Yessy' of https://github.com/salc1997/TIMP_R1.git
>>>>>>> branch 'master' of https://github.com/salc1997/TIMP_R1.git
=======
<testsuite hostname="Agile" failures="0" tests="1" name="com.timp.test.MDR.ICMSSTTransporte.ICMSSTTransporteFiltroID" time="76.839" errors="0" timestamp="04 mar. 2022 09:52:12 GMT" skipped="0">
  <testcase classname="com.timp.test.MDR.ICMSSTTransporte.ICMSSTTransporteFiltroID" name="filtro" time="76.839"/>
>>>>>>> refs/heads/Yessy
</testsuite> <!-- com.timp.test.MDR.ICMSSTTransporte.ICMSSTTransporteFiltroID -->
