<?xml version="1.0" encoding="UTF-8"?>
<!-- Generated by org.testng.reporters.JUnitReportReporter -->
<testsuite hostname="MassielV" failures="0" tests="2" name="com.timp.test.MDR.AtividadesFiscais.AtividadeFiscal.AtividadeExcluirMassa" time="192.447" errors="0" timestamp="27 oct. 2021 11:20:05 GMT" skipped="0">
  <testcase classname="com.timp.test.MDR.AtividadesFiscais.AtividadeFiscal.AtividadeExcluirMassa" name="excluirMassa" time="45.542"/>
  <testcase classname="com.timp.test.MDR.AtividadesFiscais.AtividadeFiscal.AtividadeExcluirMassa" name="criar" time="146.905"/>
</testsuite> <!-- com.timp.test.MDR.AtividadesFiscais.AtividadeFiscal.AtividadeExcluirMassa -->
