<?xml version="1.0" encoding="UTF-8"?>
<!-- Generated by org.testng.reporters.JUnitReportReporter -->
<<<<<<< HEAD
<testsuite hostname="Agile" failures="0" tests="1" name="com.timp.test.TCC.BancoDeCreditoExtemporaneo.Executados.ExecutadosExcluir" time="167.736" errors="0" timestamp="08 ene. 2022 02:46:00 GMT" skipped="0">
  <testcase classname="com.timp.test.TCC.BancoDeCreditoExtemporaneo.Executados.ExecutadosExcluir" name="excluir" time="167.736"/>
=======
<testsuite hostname="DESKTOP-M23FVFN" failures="0" tests="1" name="com.timp.test.TCC.BancoDeCreditoExtemporaneo.Executados.ExecutadosExcluir" time="88.243" errors="0" timestamp="09 ene. 2022 15:27:29 GMT" skipped="0">
  <testcase classname="com.timp.test.TCC.BancoDeCreditoExtemporaneo.Executados.ExecutadosExcluir" name="excluir" time="88.243"/>
>>>>>>> branch 'Yessy' of https://github.com/salc1997/TIMP_R1
</testsuite> <!-- com.timp.test.TCC.BancoDeCreditoExtemporaneo.Executados.ExecutadosExcluir -->
