<?xml version="1.0" encoding="UTF-8"?>
<!-- Generated by org.testng.reporters.JUnitReportReporter -->
<testsuite hostname="CRISTHIAN-VASQUEZ" failures="0" tests="3" name="com.timp.test.TPC.ParâmetrosGeraisCancelar" time="63.344" errors="0" timestamp="18 Jan 2021 15:36:31 GMT">
  <testcase classname="com.timp.test.TPC.ParâmetrosGeraisCancelar" name="ingresarTPC" time="18.111"/>
  <testcase classname="com.timp.test.TPC.ParâmetrosGeraisCancelar" name="ingresar" time="7.708"/>
  <testcase classname="com.timp.test.TPC.ParâmetrosGeraisCancelar" name="aprovado" time="37.525"/>
</testsuite> <!-- com.timp.test.TPC.ParâmetrosGeraisCancelar -->
