<?xml version="1.0" encoding="UTF-8"?>
<!-- Generated by org.testng.reporters.JUnitReportReporter -->
<testsuite skipped="0" hostname="LitoSoler" name="com.timp.test.MDR.CadastroDerex.InstituicaoFinanceira.InstitucaoVisualizar" tests="1" failures="0" timestamp="16 feb 2021 20:49:44 GMT" time="71.665" errors="0">
  <testcase name="visualizar" time="71.665" classname="com.timp.test.MDR.CadastroDerex.InstituicaoFinanceira.InstitucaoVisualizar"/>
</testsuite> <!-- com.timp.test.MDR.CadastroDerex.InstituicaoFinanceira.InstitucaoVisualizar -->
