<?xml version="1.0" encoding="UTF-8"?>
<!-- Generated by org.testng.reporters.JUnitReportReporter -->
<testsuite hostname="DESKTOP-C57COV6" failures="0" tests="1" name="com.timp.test.MDR.TabelasApoioESocial.Tabela11.CompatibilidadEnCatTrabExcluirMassa" time="101.948" errors="0" timestamp="16 sep. 2021 07:06:22 GMT" skipped="0">
  <testcase classname="com.timp.test.MDR.TabelasApoioESocial.Tabela11.CompatibilidadEnCatTrabExcluirMassa" name="criar" time="101.948"/>
</testsuite> <!-- com.timp.test.MDR.TabelasApoioESocial.Tabela11.CompatibilidadEnCatTrabExcluirMassa -->
