<?xml version="1.0" encoding="UTF-8"?>
<!-- Generated by org.testng.reporters.JUnitReportReporter -->
<testsuite hostname="Agile" failures="0" tests="1" name="com.timp.test.TCC.BancoDeCréditoTributário.ConfiguraçãodeBancodeCréditoTributário.ConfiguraçãodeBancodeCréditoTributárioCriar" time="511.778" errors="0" timestamp="20 abr. 2022 00:45:27 GMT" skipped="0">
  <testcase classname="com.timp.test.TCC.BancoDeCréditoTributário.ConfiguraçãodeBancodeCréditoTributário.ConfiguraçãodeBancodeCréditoTributárioCriar" name="criar" time="511.778"/>
</testsuite> <!-- com.timp.test.TCC.BancoDeCréditoTributário.ConfiguraçãodeBancodeCréditoTributário.ConfiguraçãodeBancodeCréditoTributárioCriar -->
