<?xml version="1.0" encoding="UTF-8"?>
<!-- Generated by org.testng.reporters.JUnitReportReporter -->
<testsuite hostname="DESKTOP-HB7TMPD" failures="0" tests="3" name="com.timp.test.MDR.TabelasApoioESocial.Tabela19.MotivosdeDesligamentoVisualizar" time="88.396" errors="0" timestamp="27 Oct 2020 20:18:50 GMT">
  <testcase classname="com.timp.test.MDR.TabelasApoioESocial.Tabela19.MotivosdeDesligamentoVisualizar" name="mdrEntrar" time="10.802"/>
  <testcase classname="com.timp.test.MDR.TabelasApoioESocial.Tabela19.MotivosdeDesligamentoVisualizar" name="ingresar" time="6.733"/>
  <testcase classname="com.timp.test.MDR.TabelasApoioESocial.Tabela19.MotivosdeDesligamentoVisualizar" name="visualizarMotivosDesligamento" time="70.861"/>
</testsuite> <!-- com.timp.test.MDR.TabelasApoioESocial.Tabela19.MotivosdeDesligamentoVisualizar -->
