<?xml version="1.0" encoding="UTF-8"?>
<!-- Generated by org.testng.reporters.JUnitReportReporter -->
<testsuite skipped="0" hostname="LitoSoler" name="com.timp.test.MDR.CenariosCorrecao.CenariosCorrecaoFiltrosAvanzados" tests="1" failures="0" timestamp="16 feb 2021 21:44:22 GMT" time="122.327" errors="0">
  <testcase name="filtros" time="122.327" classname="com.timp.test.MDR.CenariosCorrecao.CenariosCorrecaoFiltrosAvanzados"/>
</testsuite> <!-- com.timp.test.MDR.CenariosCorrecao.CenariosCorrecaoFiltrosAvanzados -->
