<?xml version="1.0" encoding="UTF-8"?>
<!-- Generated by org.testng.reporters.JUnitReportReporter -->
<<<<<<< HEAD
<testsuite hostname="DESKTOP-C57COV6" failures="0" tests="1" name="com.timp.test.BSC.CorreçãodeNFRejeitarEmMassa" time="337.286" errors="0" timestamp="24 sep. 2021 21:25:15 GMT" skipped="0">
  <testcase classname="com.timp.test.BSC.CorreçãodeNFRejeitarEmMassa" name="rejeitar" time="337.286"/>
=======
<testsuite hostname="DESKTOP-JP1A9E6" failures="0" tests="1" name="com.timp.test.BSC.CorreçãodeNFRejeitarEmMassa" time="295.509" errors="0" timestamp="23 sep. 2021 21:51:38 GMT" skipped="0">
  <testcase classname="com.timp.test.BSC.CorreçãodeNFRejeitarEmMassa" name="rejeitar" time="295.509"/>
>>>>>>> branch 'Yessy' of https://github.com/salc1997/TIMP_R1.git
</testsuite> <!-- com.timp.test.BSC.CorreçãodeNFRejeitarEmMassa -->
