<?xml version="1.0" encoding="UTF-8"?>
<!-- Generated by org.testng.reporters.JUnitReportReporter -->
<testsuite hostname="DESKTOP-JP1A9E6" failures="0" tests="1" name="com.timp.test.MDR.LimiteCompetencia.LimiteCompetenciaExcluir" time="88.949" errors="0" timestamp="03 ago. 2021 08:21:43 GMT" skipped="0">
  <testcase classname="com.timp.test.MDR.LimiteCompetencia.LimiteCompetenciaExcluir" name="excluir" time="88.949"/>
</testsuite> <!-- com.timp.test.MDR.LimiteCompetencia.LimiteCompetenciaExcluir -->
