<?xml version="1.0" encoding="UTF-8"?>
<!-- Generated by org.testng.reporters.JUnitReportReporter -->
<testsuite hostname="DESKTOP-M23FVFN" failures="0" tests="1" name="com.timp.test.MDR.TabelasComplementaresParaObrigaçoesAcessorias.TabelaReceitasCreditoFiscalAntecipado.TabelaReceitasCreditoFiscalAntecipadoDetalhes" time="118.276" errors="0" timestamp="21 ene. 2022 20:00:09 GMT" skipped="0">
  <testcase classname="com.timp.test.MDR.TabelasComplementaresParaObrigaçoesAcessorias.TabelaReceitasCreditoFiscalAntecipado.TabelaReceitasCreditoFiscalAntecipadoDetalhes" name="detalhes" time="118.276"/>
</testsuite> <!-- com.timp.test.MDR.TabelasComplementaresParaObrigaçoesAcessorias.TabelaReceitasCreditoFiscalAntecipado.TabelaReceitasCreditoFiscalAntecipadoDetalhes -->
