<?xml version="1.0" encoding="UTF-8"?>
<!-- Generated by org.testng.reporters.JUnitReportReporter -->
<testsuite hostname="LitoSoler" name="com.timp.test.MDR.RegistroDeExportaçao.RegistroDeExportaçaoCriar" tests="3" failures="0" timestamp="6 Dec 2020 18:08:35 GMT" time="67.250" errors="0">
  <testcase name="criar" time="46.586" classname="com.timp.test.MDR.RegistroDeExportaçao.RegistroDeExportaçaoCriar"/>
  <testcase name="login" time="6.019" classname="com.timp.test.MDR.RegistroDeExportaçao.RegistroDeExportaçaoCriar"/>
  <testcase name="acessarMDR" time="14.645" classname="com.timp.test.MDR.RegistroDeExportaçao.RegistroDeExportaçaoCriar"/>
</testsuite> <!-- com.timp.test.MDR.RegistroDeExportaçao.RegistroDeExportaçaoCriar -->
