<?xml version="1.0" encoding="UTF-8"?>
<!-- Generated by org.testng.reporters.JUnitReportReporter -->
<testsuite hostname="DESKTOP-M23FVFN" failures="0" tests="1" name="com.timp.test.BRB.EditarRelatorio" time="127.726" errors="0" timestamp="2022-07-08T12:32:46 CST" skipped="0">
  <testcase classname="com.timp.test.BRB.EditarRelatorio" name="editar" time="127.726"/>
  <system-out/>
</testsuite> <!-- com.timp.test.BRB.EditarRelatorio -->
