<?xml version="1.0" encoding="UTF-8"?>
<!-- Generated by org.testng.reporters.JUnitReportReporter -->
<testsuite hostname="DESKTOP-BNBDMGT" failures="0" tests="3" name="com.timp.test.MDR.ValorAdicionado.Municipio.MunicipioEditar" time="84.841" errors="0" timestamp="20 Nov 2020 07:54:04 GMT">
  <testcase classname="com.timp.test.MDR.ValorAdicionado.Municipio.MunicipioEditar" name="editar" time="62.863"/>
  <testcase classname="com.timp.test.MDR.ValorAdicionado.Municipio.MunicipioEditar" name="ingresar" time="6.380"/>
  <testcase classname="com.timp.test.MDR.ValorAdicionado.Municipio.MunicipioEditar" name="ingresarMDR" time="15.598"/>
</testsuite> <!-- com.timp.test.MDR.ValorAdicionado.Municipio.MunicipioEditar -->
