<?xml version="1.0" encoding="UTF-8"?>
<!-- Generated by org.testng.reporters.JUnitReportReporter -->
<<<<<<< HEAD
<testsuite hostname="LAPTOP-IN7IV9K5" failures="0" tests="1" name="com.timp.test.MDR.TabelasApoioESocial.Tabela10.TiposDeLotacaoTributarioExcluir" time="77.450" errors="0" timestamp="25 jun. 2021 18:07:20 GMT" skipped="0">
  <testcase classname="com.timp.test.MDR.TabelasApoioESocial.Tabela10.TiposDeLotacaoTributarioExcluir" name="excluir" time="77.450"/>
=======
<testsuite hostname="DESKTOP-JP1A9E6" failures="0" tests="1" name="com.timp.test.MDR.TabelasApoioESocial.Tabela10.TiposDeLotacaoTributarioExcluir" time="168.491" errors="0" timestamp="15 sep. 2021 23:02:06 GMT" skipped="0">
  <testcase classname="com.timp.test.MDR.TabelasApoioESocial.Tabela10.TiposDeLotacaoTributarioExcluir" name="excluir" time="168.491"/>
>>>>>>> refs/remotes/origin/Yessy
</testsuite> <!-- com.timp.test.MDR.TabelasApoioESocial.Tabela10.TiposDeLotacaoTributarioExcluir -->
