<?xml version="1.0" encoding="UTF-8"?>
<!-- Generated by org.testng.reporters.JUnitReportReporter -->
<testsuite hostname="DESKTOP-35UG9UP" name="com.timp.test.MDR.EventosESocial.S1060AmbientesDeTrablho.S1060AmbientesDeTrablhoCriar" tests="3" failures="0" timestamp="25 Sep 2020 20:13:49 GMT" time="116.125" errors="0">
  <testcase name="login" time="11.757" classname="com.timp.test.MDR.EventosESocial.S1060AmbientesDeTrablho.S1060AmbientesDeTrablhoCriar"/>
  <testcase name="acessarMDR" time="13.929" classname="com.timp.test.MDR.EventosESocial.S1060AmbientesDeTrablho.S1060AmbientesDeTrablhoCriar"/>
  <testcase name="criar" time="90.439" classname="com.timp.test.MDR.EventosESocial.S1060AmbientesDeTrablho.S1060AmbientesDeTrablhoCriar"/>
</testsuite> <!-- com.timp.test.MDR.EventosESocial.S1060AmbientesDeTrablho.S1060AmbientesDeTrablhoCriar -->
