<?xml version="1.0" encoding="UTF-8"?>
<!-- Generated by org.testng.reporters.JUnitReportReporter -->
<testsuite hostname="DESKTOP-BNBDMGT" failures="0" tests="17" name="com.timp.test.BCB.OrigenBFBHierarquiaConfiguracaoTodasAsFuncionalidades" time="741.924" errors="0" timestamp="10 Feb 2021 22:14:01 GMT">
  <testcase classname="com.timp.test.BCB.OrigenBFBHierarquiaConfiguracaoTodasAsFuncionalidades" name="abrirSubnivel4" time="5.145"/>
  <testcase classname="com.timp.test.BCB.OrigenBFBHierarquiaConfiguracaoTodasAsFuncionalidades" name="subNivel4" time="30.362"/>
  <testcase classname="com.timp.test.BCB.OrigenBFBHierarquiaConfiguracaoTodasAsFuncionalidades" name="excluirHierarquia" time="58.814"/>
  <testcase classname="com.timp.test.BCB.OrigenBFBHierarquiaConfiguracaoTodasAsFuncionalidades" name="abrirSubnivel2" time="5.146"/>
  <testcase classname="com.timp.test.BCB.OrigenBFBHierarquiaConfiguracaoTodasAsFuncionalidades" name="criarConfiguracao" time="118.490"/>
  <testcase classname="com.timp.test.BCB.OrigenBFBHierarquiaConfiguracaoTodasAsFuncionalidades" name="subNivel3" time="30.235"/>
  <testcase classname="com.timp.test.BCB.OrigenBFBHierarquiaConfiguracaoTodasAsFuncionalidades" name="subNivel5" time="25.957"/>
  <testcase classname="com.timp.test.BCB.OrigenBFBHierarquiaConfiguracaoTodasAsFuncionalidades" name="abrirSubnivel5" time="5.136"/>
  <testcase classname="com.timp.test.BCB.OrigenBFBHierarquiaConfiguracaoTodasAsFuncionalidades" name="excluirConfiguracoes" time="64.956"/>
  <testcase classname="com.timp.test.BCB.OrigenBFBHierarquiaConfiguracaoTodasAsFuncionalidades" name="criarConfiguracaoExecucoes" time="104.186"/>
  <testcase classname="com.timp.test.BCB.OrigenBFBHierarquiaConfiguracaoTodasAsFuncionalidades" name="brbEntrar" time="17.727"/>
  <testcase classname="com.timp.test.BCB.OrigenBFBHierarquiaConfiguracaoTodasAsFuncionalidades" name="outputBCB" time="23.705"/>
  <testcase classname="com.timp.test.BCB.OrigenBFBHierarquiaConfiguracaoTodasAsFuncionalidades" name="subNivel2" time="28.198"/>
  <testcase classname="com.timp.test.BCB.OrigenBFBHierarquiaConfiguracaoTodasAsFuncionalidades" name="criarConfiguracionConfiguracao" time="160.337"/>
  <testcase classname="com.timp.test.BCB.OrigenBFBHierarquiaConfiguracaoTodasAsFuncionalidades" name="abrirSubnivel1" time="46.949"/>
  <testcase classname="com.timp.test.BCB.OrigenBFBHierarquiaConfiguracaoTodasAsFuncionalidades" name="login" time="11.445"/>
  <testcase classname="com.timp.test.BCB.OrigenBFBHierarquiaConfiguracaoTodasAsFuncionalidades" name="abrirSubnivel3" time="5.136"/>
</testsuite> <!-- com.timp.test.BCB.OrigenBFBHierarquiaConfiguracaoTodasAsFuncionalidades -->
