<?xml version="1.0" encoding="UTF-8"?>
<!-- Generated by org.testng.reporters.JUnitReportReporter -->
<testsuite hostname="DESKTOP-M23FVFN" failures="0" tests="1" name="com.timp.test.MDR.CadastroPISCONFINS.TipoDeTributoContaContabil.TipoDeTributoContaContabilExcluir" time="102.358" errors="0" timestamp="04 mar. 2022 15:33:29 GMT" skipped="0">
  <testcase classname="com.timp.test.MDR.CadastroPISCONFINS.TipoDeTributoContaContabil.TipoDeTributoContaContabilExcluir" name="excluir" time="102.358"/>
</testsuite> <!-- com.timp.test.MDR.CadastroPISCONFINS.TipoDeTributoContaContabil.TipoDeTributoContaContabilExcluir -->
