<?xml version="1.0" encoding="UTF-8"?>
<!-- Generated by org.testng.reporters.JUnitReportReporter -->
<testsuite hostname="DESKTOP-5P4F1JE" failures="0" tests="3" name="com.timp.test.TDK.Kpis.Edicao.KpisGraficoEditar" time="111.411" errors="0" timestamp="19 Jan 2021 21:59:55 GMT">
  <testcase classname="com.timp.test.TDK.Kpis.Edicao.KpisGraficoEditar" name="acessarTDK" time="31.305"/>
  <testcase classname="com.timp.test.TDK.Kpis.Edicao.KpisGraficoEditar" name="Grafico" time="66.358"/>
  <testcase classname="com.timp.test.TDK.Kpis.Edicao.KpisGraficoEditar" name="login" time="13.748"/>
</testsuite> <!-- com.timp.test.TDK.Kpis.Edicao.KpisGraficoEditar -->
