<?xml version="1.0" encoding="UTF-8"?>
<!-- Generated by org.testng.reporters.JUnitReportReporter -->
<testsuite hostname="MIGUEL" failures="0" tests="3" name="com.timp.test.TDK.Dashboard.Edicao.DashboardTabelaExcluir" time="109.847" errors="0" timestamp="15 mar. 2021 21:42:45 GMT" skipped="0">
  <testcase classname="com.timp.test.TDK.Dashboard.Edicao.DashboardTabelaExcluir" name="login" time="8.068"/>
  <testcase classname="com.timp.test.TDK.Dashboard.Edicao.DashboardTabelaExcluir" name="acessarTDK" time="21.103"/>
  <testcase classname="com.timp.test.TDK.Dashboard.Edicao.DashboardTabelaExcluir" name="excluir" time="80.676"/>
</testsuite> <!-- com.timp.test.TDK.Dashboard.Edicao.DashboardTabelaExcluir -->
