<?xml version="1.0" encoding="UTF-8"?>
<!-- Generated by org.testng.reporters.JUnitReportReporter -->
<testsuite hostname="EC2AMAZ-8HCHO4G" failures="0" tests="5" name="com.timp.test.BRE.RegrasdeAuditoriaN1.RegrasDeAuditoriaN1TodasFunc" time="631.392" errors="0" timestamp="2023-03-13T17:58:49 UTC" skipped="0">
  <testcase classname="com.timp.test.BRE.RegrasdeAuditoriaN1.RegrasDeAuditoriaN1TodasFunc" name="criar" time="271.106"/>
  <system-out/>
  <testcase classname="com.timp.test.BRE.RegrasdeAuditoriaN1.RegrasDeAuditoriaN1TodasFunc" name="criarCopia" time="127.914"/>
  <system-out/>
  <testcase classname="com.timp.test.BRE.RegrasdeAuditoriaN1.RegrasDeAuditoriaN1TodasFunc" name="Editar" time="136.434"/>
  <system-out/>
  <testcase classname="com.timp.test.BRE.RegrasdeAuditoriaN1.RegrasDeAuditoriaN1TodasFunc" name="detalhes" time="45.470"/>
  <system-out/>
  <testcase classname="com.timp.test.BRE.RegrasdeAuditoriaN1.RegrasDeAuditoriaN1TodasFunc" name="visualizar" time="50.468"/>
  <system-out/>
</testsuite> <!-- com.timp.test.BRE.RegrasdeAuditoriaN1.RegrasDeAuditoriaN1TodasFunc -->
