<?xml version="1.0" encoding="UTF-8"?>
<!-- Generated by org.testng.reporters.JUnitReportReporter -->
<testsuite hostname="Agile" failures="0" tests="1" name="com.timp.test.BRB.AgrupadoPeloCampo" time="203.414" errors="0" timestamp="28 feb. 2022 07:49:40 GMT" skipped="0">
  <testcase classname="com.timp.test.BRB.AgrupadoPeloCampo" name="agrupadoPeloCampo" time="203.414"/>
</testsuite> <!-- com.timp.test.BRB.AgrupadoPeloCampo -->
