<?xml version="1.0" encoding="UTF-8"?>
<!-- Generated by org.testng.reporters.JUnitReportReporter -->
<testsuite hostname="LitoSoler" name="com.timp.test.BRB.AgrupadoPeloCampo" tests="3" failures="0" timestamp="2 Dec 2020 22:12:13 GMT" time="203.971" errors="0">
  <testcase name="login" time="10.087" classname="com.timp.test.BRB.AgrupadoPeloCampo"/>
  <testcase name="agrupadoPeloCampo" time="140.312" classname="com.timp.test.BRB.AgrupadoPeloCampo"/>
  <testcase name="brbEntrar" time="53.572" classname="com.timp.test.BRB.AgrupadoPeloCampo"/>
</testsuite> <!-- com.timp.test.BRB.AgrupadoPeloCampo -->
