<?xml version="1.0" encoding="UTF-8"?>
<!-- Generated by org.testng.reporters.JUnitReportReporter -->
<testsuite hostname="CRISTHIAN-VASQUEZ" failures="0" tests="3" name="com.timp.test.MDR.EventosESocial.S1250AquisicaoDeProducaoRural.S1250AquisiçãoTotal.S1250AquisiçãoTotalCriar" time="105.044" errors="0" timestamp="7 Jan 2021 11:37:35 GMT">
  <testcase classname="com.timp.test.MDR.EventosESocial.S1250AquisicaoDeProducaoRural.S1250AquisiçãoTotal.S1250AquisiçãoTotalCriar" name="acessarMDR" time="11.803"/>
  <testcase classname="com.timp.test.MDR.EventosESocial.S1250AquisicaoDeProducaoRural.S1250AquisiçãoTotal.S1250AquisiçãoTotalCriar" name="criar" time="85.398"/>
  <testcase classname="com.timp.test.MDR.EventosESocial.S1250AquisicaoDeProducaoRural.S1250AquisiçãoTotal.S1250AquisiçãoTotalCriar" name="login" time="7.843"/>
</testsuite> <!-- com.timp.test.MDR.EventosESocial.S1250AquisicaoDeProducaoRural.S1250AquisiçãoTotal.S1250AquisiçãoTotalCriar -->
