<?xml version="1.0" encoding="UTF-8"?>
<!-- Generated by org.testng.reporters.JUnitReportReporter -->
<testsuite hostname="LAPTOP-IN7IV9K5" failures="0" tests="1" name="com.timp.test.MDR.CEP.Municipio.MunicipioCriar" time="73.089" errors="0" timestamp="25 jun. 2021 10:36:12 GMT" skipped="0">
  <testcase classname="com.timp.test.MDR.CEP.Municipio.MunicipioCriar" name="criar" time="73.089"/>
</testsuite> <!-- com.timp.test.MDR.CEP.Municipio.MunicipioCriar -->
