<?xml version="1.0" encoding="UTF-8"?>
<!-- Generated by org.testng.reporters.JUnitReportReporter -->
<testsuite hostname="DESKTOP-35UG9UP" name="com.timp.test.MDR.CEP.Logradouro.LogradouroCriar" tests="3" failures="0" timestamp="1 Sep 2020 16:29:58 GMT" time="140.861" errors="0">
  <testcase name="logradouroCriar" time="87.414" classname="com.timp.test.MDR.CEP.Logradouro.LogradouroCriar"/>
  <testcase name="login" time="10.426" classname="com.timp.test.MDR.CEP.Logradouro.LogradouroCriar"/>
  <testcase name="acessarMDR" time="43.021" classname="com.timp.test.MDR.CEP.Logradouro.LogradouroCriar"/>
</testsuite> <!-- com.timp.test.MDR.CEP.Logradouro.LogradouroCriar -->
