<?xml version="1.0" encoding="UTF-8"?>
<!-- Generated by org.testng.reporters.JUnitReportReporter -->
<testsuite hostname="MIGUEL" failures="0" tests="3" name="com.timp.test.TBD.Configuração.TipoDeDocumento.TipoDeDocumentoVisualizar" time="72.924" errors="0" timestamp="22 abr. 2021 15:49:25 GMT" skipped="0">
  <testcase classname="com.timp.test.TBD.Configuração.TipoDeDocumento.TipoDeDocumentoVisualizar" name="login" time="10.068"/>
  <testcase classname="com.timp.test.TBD.Configuração.TipoDeDocumento.TipoDeDocumentoVisualizar" name="TBDEntrar" time="15.173"/>
  <testcase classname="com.timp.test.TBD.Configuração.TipoDeDocumento.TipoDeDocumentoVisualizar" name="visualizar" time="47.683"/>
</testsuite> <!-- com.timp.test.TBD.Configuração.TipoDeDocumento.TipoDeDocumentoVisualizar -->
