<?xml version="1.0" encoding="UTF-8"?>
<!-- Generated by org.testng.reporters.JUnitReportReporter -->
<testsuite hostname="DESKTOP-JP1A9E6" failures="0" tests="1" name="com.timp.test.BRB.PublicoEPrivado" time="192.436" errors="0" timestamp="13 sep. 2021 22:52:57 GMT" skipped="0">
  <testcase classname="com.timp.test.BRB.PublicoEPrivado" name="publicoYPRivado" time="192.436"/>
</testsuite> <!-- com.timp.test.BRB.PublicoEPrivado -->
