<?xml version="1.0" encoding="UTF-8"?>
<!-- Generated by org.testng.reporters.JUnitReportReporter -->
<testsuite hostname="DESKTOP-BNBDMGT" failures="0" tests="1" name="com.timp.test.MDR.DetalheTipoTributo.DetalheVisualizar" time="87.736" errors="0" timestamp="29 mar. 2021 22:36:43 GMT" skipped="0">
  <testcase classname="com.timp.test.MDR.DetalheTipoTributo.DetalheVisualizar" name="visualizar" time="87.736"/>
</testsuite> <!-- com.timp.test.MDR.DetalheTipoTributo.DetalheVisualizar -->
