<?xml version="1.0" encoding="UTF-8"?>
<!-- Generated by org.testng.reporters.JUnitReportReporter -->
<testsuite hostname="LitoSoler" name="com.timp.test.MDR.SaldoInicial.SaldoInicialDetalhe" tests="3" failures="0" timestamp="25 Jan 2021 20:13:01 GMT" time="66.870" errors="0">
  <testcase name="login" time="7.254" classname="com.timp.test.MDR.SaldoInicial.SaldoInicialDetalhe"/>
  <testcase name="acessarMDR" time="23.592" classname="com.timp.test.MDR.SaldoInicial.SaldoInicialDetalhe"/>
  <testcase name="detalheSaldoInicial" time="36.024" classname="com.timp.test.MDR.SaldoInicial.SaldoInicialDetalhe"/>
</testsuite> <!-- com.timp.test.MDR.SaldoInicial.SaldoInicialDetalhe -->
