<?xml version="1.0" encoding="UTF-8"?>
<!-- Generated by org.testng.reporters.JUnitReportReporter -->
<testsuite hostname="CRISTHIAN-VASQUEZ" failures="0" tests="3" name="com.timp.test.BCB.ParametrosGeraisHierarquiaEditar" time="76.329" errors="0" timestamp="2 Nov 2020 17:08:50 GMT">
  <testcase classname="com.timp.test.BCB.ParametrosGeraisHierarquiaEditar" name="brbEntrar" time="13.938"/>
  <testcase classname="com.timp.test.BCB.ParametrosGeraisHierarquiaEditar" name="editar" time="55.418"/>
  <testcase classname="com.timp.test.BCB.ParametrosGeraisHierarquiaEditar" name="login" time="6.973"/>
</testsuite> <!-- com.timp.test.BCB.ParametrosGeraisHierarquiaEditar -->
