<?xml version="1.0" encoding="UTF-8"?>
<!-- Generated by org.testng.reporters.JUnitReportReporter -->
<testsuite hostname="DESKTOP-JP1A9E6" failures="0" tests="1" name="com.timp.test.MDR.Antecipacao.AntecipacaoCriar" time="198.483" errors="0" timestamp="27 ago. 2021 07:22:27 GMT" skipped="0">
  <testcase classname="com.timp.test.MDR.Antecipacao.AntecipacaoCriar" name="criar" time="198.483"/>
</testsuite> <!-- com.timp.test.MDR.Antecipacao.AntecipacaoCriar -->
