<?xml version="1.0" encoding="UTF-8"?>
<!-- Generated by org.testng.reporters.JUnitReportReporter -->
<testsuite hostname="DESKTOP-5P4F1JE" failures="0" tests="3" name="com.timp.test.MDR.TabelasApoioSped.CodigosDasObrigaçoesDeICMSaRecolher.CodigosDasObrigaçoesDeICMSaRecolherEditar" time="84.845" errors="0" timestamp="2 Feb 2021 21:03:24 GMT">
  <testcase classname="com.timp.test.MDR.TabelasApoioSped.CodigosDasObrigaçoesDeICMSaRecolher.CodigosDasObrigaçoesDeICMSaRecolherEditar" name="login" time="7.653"/>
  <testcase classname="com.timp.test.MDR.TabelasApoioSped.CodigosDasObrigaçoesDeICMSaRecolher.CodigosDasObrigaçoesDeICMSaRecolherEditar" name="editar" time="53.787"/>
  <testcase classname="com.timp.test.MDR.TabelasApoioSped.CodigosDasObrigaçoesDeICMSaRecolher.CodigosDasObrigaçoesDeICMSaRecolherEditar" name="acessarMDR" time="23.405"/>
</testsuite> <!-- com.timp.test.MDR.TabelasApoioSped.CodigosDasObrigaçoesDeICMSaRecolher.CodigosDasObrigaçoesDeICMSaRecolherEditar -->
