<?xml version="1.0" encoding="UTF-8"?>
<!-- Generated by org.testng.reporters.JUnitReportReporter -->
<testsuite hostname="DESKTOP-5P4F1JE" failures="0" tests="3" name="com.timp.test.MDR.Siscoserv.PaisMoeda.PaisMoedaCriar" time="118.601" errors="0" timestamp="19 Oct 2020 19:51:43 GMT">
  <testcase classname="com.timp.test.MDR.Siscoserv.PaisMoeda.PaisMoedaCriar" name="criar" time="79.334"/>
  <testcase classname="com.timp.test.MDR.Siscoserv.PaisMoeda.PaisMoedaCriar" name="acessarMDR" time="31.546"/>
  <testcase classname="com.timp.test.MDR.Siscoserv.PaisMoeda.PaisMoedaCriar" name="login" time="7.721"/>
</testsuite> <!-- com.timp.test.MDR.Siscoserv.PaisMoeda.PaisMoedaCriar -->
