<?xml version="1.0" encoding="UTF-8"?>
<!-- Generated by org.testng.reporters.JUnitReportReporter -->
<testsuite hostname="LitoSoler" name="com.timp.test.BRB.BRBTest" tests="2" failures="0" timestamp="31 May 2020 04:41:13 GMT" time="12.582" errors="0">
  <testcase name="brbEntrar" time="9.643" classname="com.timp.test.BRB.BRBTest"/>
  <testcase name="login" time="2.939" classname="com.timp.test.BRB.BRBTest"/>
</testsuite> <!-- com.timp.test.BRB.BRBTest -->
