<?xml version="1.0" encoding="UTF-8"?>
<!-- Generated by org.testng.reporters.JUnitReportReporter -->
<testsuite hostname="DESKTOP-C57COV6" failures="0" tests="1" name="com.timp.test.BSC.CorreçãodeNFRejeitarEmMassa" time="337.286" errors="0" timestamp="24 sep. 2021 21:25:15 GMT" skipped="0">
  <testcase classname="com.timp.test.BSC.CorreçãodeNFRejeitarEmMassa" name="rejeitar" time="337.286"/>
</testsuite> <!-- com.timp.test.BSC.CorreçãodeNFRejeitarEmMassa -->
