<?xml version="1.0" encoding="UTF-8"?>
<!-- Generated by org.testng.reporters.JUnitReportReporter -->
<testsuite hostname="DESKTOP-M23FVFN" failures="0" tests="2" name="com.timp.test.TDK.Dashboard.DashboardCriar" time="519.113" errors="0" timestamp="06 ene. 2022 16:31:45 GMT" skipped="0">
  <testcase classname="com.timp.test.TDK.Dashboard.DashboardCriar" name="criar" time="270.877"/>
  <testcase classname="com.timp.test.TDK.Dashboard.DashboardCriar" name="criar" time="248.236"/>
</testsuite> <!-- com.timp.test.TDK.Dashboard.DashboardCriar -->
