<?xml version="1.0" encoding="UTF-8"?>
<!-- Generated by org.testng.reporters.JUnitReportReporter -->
<testsuite hostname="DESKTOP-C57COV6" failures="0" tests="8" name="com.timp.test.BCB.ExecucoesSalvas.ExecucoesSalvas.ExecuçõesSalvasFiltros" time="155.656" errors="0" timestamp="20 ago. 2021 22:14:23 GMT" skipped="0">
  <testcase classname="com.timp.test.BCB.ExecucoesSalvas.ExecucoesSalvas.ExecuçõesSalvasFiltros" name="login" time="8.774"/>
  <testcase classname="com.timp.test.BCB.ExecucoesSalvas.ExecucoesSalvas.ExecuçõesSalvasFiltros" name="brbEntrar" time="40.113"/>
  <testcase classname="com.timp.test.BCB.ExecucoesSalvas.ExecucoesSalvas.ExecuçõesSalvasFiltros" name="FiltroID" time="27.834"/>
  <testcase classname="com.timp.test.BCB.ExecucoesSalvas.ExecucoesSalvas.ExecuçõesSalvasFiltros" name="NombreHierarquia" time="19.873"/>
  <testcase classname="com.timp.test.BCB.ExecucoesSalvas.ExecucoesSalvas.ExecuçõesSalvasFiltros" name="FiltroEmpresa" time="14.828"/>
  <testcase classname="com.timp.test.BCB.ExecucoesSalvas.ExecucoesSalvas.ExecuçõesSalvasFiltros" name="FiltroUF" time="14.724"/>
  <testcase classname="com.timp.test.BCB.ExecucoesSalvas.ExecucoesSalvas.ExecuçõesSalvasFiltros" name="FiltroFilial" time="14.827"/>
  <testcase classname="com.timp.test.BCB.ExecucoesSalvas.ExecucoesSalvas.ExecuçõesSalvasFiltros" name="FiltroTributo" time="14.683"/>
</testsuite> <!-- com.timp.test.BCB.ExecucoesSalvas.ExecucoesSalvas.ExecuçõesSalvasFiltros -->
