<?xml version="1.0" encoding="UTF-8"?>
<!-- Generated by org.testng.reporters.JUnitReportReporter -->
<testsuite hostname="CRISTHIAN-VASQUEZ" failures="0" tests="3" name="com.timp.test.BRE.RegrasdeAuditoriaN1.RegrasdeAuditoriaN1LixeiraemMassaExcluiremMassa" time="191.347" errors="0" timestamp="2 Feb 2021 11:41:16 GMT">
  <testcase classname="com.timp.test.BRE.RegrasdeAuditoriaN1.RegrasdeAuditoriaN1LixeiraemMassaExcluiremMassa" name="login" time="6.898"/>
  <testcase classname="com.timp.test.BRE.RegrasdeAuditoriaN1.RegrasdeAuditoriaN1LixeiraemMassaExcluiremMassa" name="acessarBRE" time="16.813"/>
  <testcase classname="com.timp.test.BRE.RegrasdeAuditoriaN1.RegrasdeAuditoriaN1LixeiraemMassaExcluiremMassa" name="criar" time="167.636"/>
</testsuite> <!-- com.timp.test.BRE.RegrasdeAuditoriaN1.RegrasdeAuditoriaN1LixeiraemMassaExcluiremMassa -->
