<?xml version="1.0" encoding="UTF-8"?>
<!-- Generated by org.testng.reporters.JUnitReportReporter -->
<testsuite hostname="MassielV" failures="0" tests="1" name="com.timp.test.BRB.NovoRelatorio" time="177.714" errors="0" timestamp="20 oct. 2021 06:02:04 GMT" skipped="0">
  <testcase classname="com.timp.test.BRB.NovoRelatorio" name="novoRelatorio" time="177.714"/>
</testsuite> <!-- com.timp.test.BRB.NovoRelatorio -->
