<?xml version="1.0" encoding="UTF-8"?>
<!-- Generated by org.testng.reporters.JUnitReportReporter -->
<testsuite hostname="LitoSoler" name="com.timp.test.BRB.Formula" tests="5" failures="0" timestamp="2 Dec 2020 22:02:17 GMT" time="266.805" errors="0">
  <testcase name="formulaBoton" time="115.851" classname="com.timp.test.BRB.Formula"/>
  <testcase name="formulaColuna" time="75.229" classname="com.timp.test.BRB.Formula"/>
  <testcase name="login" time="11.972" classname="com.timp.test.BRB.Formula"/>
  <testcase name="aplicar" time="9.678" classname="com.timp.test.BRB.Formula"/>
  <testcase name="brbEntrar" time="54.075" classname="com.timp.test.BRB.Formula"/>
</testsuite> <!-- com.timp.test.BRB.Formula -->
