<?xml version="1.0" encoding="UTF-8"?>
<!-- Generated by org.testng.reporters.JUnitReportReporter -->
<testsuite hostname="DESKTOP-BNBDMGT" failures="0" tests="1" name="com.timp.test.TCC.GestaoDeCreditoTributarioPISCONFINS.GestaoDeCreditoTributarioCOFINS.ConfiguracaoEExecucao.Registro1600.Registro1600Excluir" time="158.238" errors="0" timestamp="21 abr. 2021 00:07:51 GMT" skipped="0">
  <testcase classname="com.timp.test.TCC.GestaoDeCreditoTributarioPISCONFINS.GestaoDeCreditoTributarioCOFINS.ConfiguracaoEExecucao.Registro1600.Registro1600Excluir" name="excluir" time="158.238"/>
</testsuite> <!-- com.timp.test.TCC.GestaoDeCreditoTributarioPISCONFINS.GestaoDeCreditoTributarioCOFINS.ConfiguracaoEExecucao.Registro1600.Registro1600Excluir -->
