<?xml version="1.0" encoding="UTF-8"?>
<!-- Generated by org.testng.reporters.JUnitReportReporter -->
<<<<<<< HEAD
<testsuite hostname="DESKTOP-C57COV6" failures="0" tests="2" name="com.timp.test.MDR.Siscoserv.RegistroRVS.RegistroRVSCriar" time="61.615" errors="1" timestamp="05 ago. 2021 13:18:08 GMT" skipped="1">
  <testcase classname="com.timp.test.MDR.Siscoserv.RegistroRVS.RegistroRVSCriar" name="beforeClass" time="61.615">
    <error message="chrome not reachable
Build info: version: &#039;3.141.59&#039;, revision: &#039;e82be7d358&#039;, time: &#039;2018-11-14T08:17:03&#039;
System info: host: &#039;DESKTOP-C57COV6&#039;, ip: &#039;192.168.0.108&#039;, os.name: &#039;Windows 10&#039;, os.arch: &#039;amd64&#039;, os.version: &#039;10.0&#039;, java.version: &#039;15.0.2&#039;
Driver info: driver.version: ChromeDriver
remote stacktrace: Backtrace:
	Ordinal0 [0x00A29563+2725219]
	Ordinal0 [0x00928551+1672529]
	Ordinal0 [0x00810202+524802]
	Ordinal0 [0x008098EA+497898]
	Ordinal0 [0x007A071A+67354]
	Ordinal0 [0x0079D32C+54060]
	Ordinal0 [0x007BCC37+183351]
	Ordinal0 [0x007BCA3D+182845]
	Ordinal0 [0x007BA94B+174411]
	Ordinal0 [0x007A2528+75048]
	Ordinal0 [0x007A35A0+79264]
	Ordinal0 [0x007A3539+79161]
	Ordinal0 [0x0093D607+1758727]
	GetHandleVerifier [0x00B46546+1050150]
	GetHandleVerifier [0x00B46291+1049457]
	GetHandleVerifier [0x00B510D7+1094071]
	GetHandleVerifier [0x00B46B46+1051686]
	Ordinal0 [0x00935B06+1727238]
	Ordinal0 [0x0093EB7B+1764219]
	Ordinal0 [0x0093ECE3+1764579]
	Ordinal0 [0x00954C05+1854469]
	BaseThreadInitThunk [0x75C1FA29+25]
	RtlGetAppContainerNamedObjectPath [0x76F07A7E+286]
	RtlGetAppContainerNamedObjectPath [0x76F07A4E+238]
" type="org.openqa.selenium.WebDriverException">
      <![CDATA[org.openqa.selenium.WebDriverException: chrome not reachable
Build info: version: '3.141.59', revision: 'e82be7d358', time: '2018-11-14T08:17:03'
System info: host: 'DESKTOP-C57COV6', ip: '192.168.0.108', os.name: 'Windows 10', os.arch: 'amd64', os.version: '10.0', java.version: '15.0.2'
Driver info: driver.version: ChromeDriver
remote stacktrace: Backtrace:
Ordinal0 [0x00A29563+2725219]
Ordinal0 [0x00928551+1672529]
Ordinal0 [0x00810202+524802]
Ordinal0 [0x008098EA+497898]
Ordinal0 [0x007A071A+67354]
Ordinal0 [0x0079D32C+54060]
Ordinal0 [0x007BCC37+183351]
Ordinal0 [0x007BCA3D+182845]
Ordinal0 [0x007BA94B+174411]
Ordinal0 [0x007A2528+75048]
Ordinal0 [0x007A35A0+79264]
Ordinal0 [0x007A3539+79161]
Ordinal0 [0x0093D607+1758727]
GetHandleVerifier [0x00B46546+1050150]
GetHandleVerifier [0x00B46291+1049457]
GetHandleVerifier [0x00B510D7+1094071]
GetHandleVerifier [0x00B46B46+1051686]
Ordinal0 [0x00935B06+1727238]
Ordinal0 [0x0093EB7B+1764219]
Ordinal0 [0x0093ECE3+1764579]
Ordinal0 [0x00954C05+1854469]
BaseThreadInitThunk [0x75C1FA29+25]
RtlGetAppContainerNamedObjectPath [0x76F07A7E+286]
RtlGetAppContainerNamedObjectPath [0x76F07A4E+238]

at jdk.internal.reflect.GeneratedConstructorAccessor23.newInstance(Unknown Source)
at java.base/jdk.internal.reflect.DelegatingConstructorAccessorImpl.newInstance(DelegatingConstructorAccessorImpl.java:45)
at java.base/java.lang.reflect.Constructor.newInstanceWithCaller(Constructor.java:500)
at java.base/java.lang.reflect.Constructor.newInstance(Constructor.java:481)
at org.openqa.selenium.remote.W3CHandshakeResponse.lambda$errorHandler$0(W3CHandshakeResponse.java:62)
at org.openqa.selenium.remote.HandshakeResponse.lambda$getResponseFunction$0(HandshakeResponse.java:30)
at org.openqa.selenium.remote.ProtocolHandshake.lambda$createSession$0(ProtocolHandshake.java:126)
at java.base/java.util.stream.ReferencePipeline$3$1.accept(ReferencePipeline.java:195)
at java.base/java.util.Spliterators$ArraySpliterator.tryAdvance(Spliterators.java:958)
at java.base/java.util.stream.ReferencePipeline.forEachWithCancel(ReferencePipeline.java:127)
at java.base/java.util.stream.AbstractPipeline.copyIntoWithCancel(AbstractPipeline.java:502)
at java.base/java.util.stream.AbstractPipeline.copyInto(AbstractPipeline.java:488)
at java.base/java.util.stream.AbstractPipeline.wrapAndCopyInto(AbstractPipeline.java:474)
at java.base/java.util.stream.FindOps$FindOp.evaluateSequential(FindOps.java:150)
at java.base/java.util.stream.AbstractPipeline.evaluate(AbstractPipeline.java:234)
at java.base/java.util.stream.ReferencePipeline.findFirst(ReferencePipeline.java:543)
at org.openqa.selenium.remote.ProtocolHandshake.createSession(ProtocolHandshake.java:128)
at org.openqa.selenium.remote.ProtocolHandshake.createSession(ProtocolHandshake.java:74)
at org.openqa.selenium.remote.HttpCommandExecutor.execute(HttpCommandExecutor.java:136)
at org.openqa.selenium.remote.service.DriverCommandExecutor.execute(DriverCommandExecutor.java:83)
at org.openqa.selenium.remote.RemoteWebDriver.execute(RemoteWebDriver.java:552)
at org.openqa.selenium.remote.RemoteWebDriver.startSession(RemoteWebDriver.java:213)
at org.openqa.selenium.remote.RemoteWebDriver.<init>(RemoteWebDriver.java:131)
at org.openqa.selenium.chrome.ChromeDriver.<init>(ChromeDriver.java:181)
at org.openqa.selenium.chrome.ChromeDriver.<init>(ChromeDriver.java:168)
at org.openqa.selenium.chrome.ChromeDriver.<init>(ChromeDriver.java:157)
at com.sap.timp.base.TestBaseSteven.initialization(TestBaseSteven.java:103)
at com.timp.test.MDR.Siscoserv.RegistroRVS.RegistroRVSCriar.beforeClass(RegistroRVSCriar.java:23)
at java.base/jdk.internal.reflect.NativeMethodAccessorImpl.invoke0(Native Method)
at java.base/jdk.internal.reflect.NativeMethodAccessorImpl.invoke(NativeMethodAccessorImpl.java:64)
at java.base/jdk.internal.reflect.DelegatingMethodAccessorImpl.invoke(DelegatingMethodAccessorImpl.java:43)
at java.base/java.lang.reflect.Method.invoke(Method.java:564)
at org.testng.internal.MethodInvocationHelper.invokeMethod(MethodInvocationHelper.java:124)
at org.testng.internal.MethodInvocationHelper.invokeMethodConsideringTimeout(MethodInvocationHelper.java:59)
at org.testng.internal.Invoker.invokeConfigurationMethod(Invoker.java:458)
at org.testng.internal.Invoker.invokeConfigurations(Invoker.java:222)
at org.testng.internal.Invoker.invokeConfigurations(Invoker.java:142)
at org.testng.internal.TestMethodWorker.invokeBeforeClassMethods(TestMethodWorker.java:168)
at org.testng.internal.TestMethodWorker.run(TestMethodWorker.java:105)
at org.testng.TestRunner.privateRun(TestRunner.java:648)
at org.testng.TestRunner.run(TestRunner.java:505)
at org.testng.SuiteRunner.runTest(SuiteRunner.java:455)
at org.testng.SuiteRunner.runSequentially(SuiteRunner.java:450)
at org.testng.SuiteRunner.privateRun(SuiteRunner.java:415)
at org.testng.SuiteRunner.run(SuiteRunner.java:364)
at org.testng.SuiteRunnerWorker.runSuite(SuiteRunnerWorker.java:52)
at org.testng.SuiteRunnerWorker.run(SuiteRunnerWorker.java:84)
at org.testng.TestNG.runSuitesSequentially(TestNG.java:1208)
at org.testng.TestNG.runSuitesLocally(TestNG.java:1137)
at org.testng.TestNG.runSuites(TestNG.java:1049)
at org.testng.TestNG.run(TestNG.java:1017)
at org.testng.remote.AbstractRemoteTestNG.run(AbstractRemoteTestNG.java:115)
at org.testng.remote.RemoteTestNG.initAndRun(RemoteTestNG.java:251)
at org.testng.remote.RemoteTestNG.main(RemoteTestNG.java:77)
]]>
    </error>
  </testcase> <!-- beforeClass -->
  <testcase classname="com.timp.test.MDR.Siscoserv.RegistroRVS.RegistroRVSCriar" name="criar" time="0.000">
    <skipped/>
  </testcase> <!-- criar -->
=======
<testsuite hostname="DESKTOP-JP1A9E6" failures="0" tests="1" name="com.timp.test.MDR.Siscoserv.RegistroRVS.RegistroRVSCriar" time="89.026" errors="0" timestamp="10 ago. 2021 13:33:48 GMT" skipped="0">
  <testcase classname="com.timp.test.MDR.Siscoserv.RegistroRVS.RegistroRVSCriar" name="criar" time="89.026"/>
>>>>>>> branch 'Yessy' of https://github.com/salc1997/TIMP_R1.git
</testsuite> <!-- com.timp.test.MDR.Siscoserv.RegistroRVS.RegistroRVSCriar -->
