<?xml version="1.0" encoding="UTF-8"?>
<!-- Generated by org.testng.reporters.JUnitReportReporter -->
<testsuite hostname="DESKTOP-C57COV6" failures="0" tests="1" name="com.timp.test.TDK.Kpis.KpisCriar" time="143.620" errors="0" timestamp="03 jul. 2021 05:42:22 GMT" skipped="0">
  <testcase classname="com.timp.test.TDK.Kpis.KpisCriar" name="criar" time="143.620"/>
</testsuite> <!-- com.timp.test.TDK.Kpis.KpisCriar -->
