<?xml version="1.0" encoding="UTF-8"?>
<!-- Generated by org.testng.reporters.JUnitReportReporter -->
<testsuite hostname="LitoSoler" name="com.timp.test.MDR.Antecipacao.AntecipacaoEliminar" tests="3" failures="0" timestamp="6 Aug 2020 17:41:41 GMT" time="85.109" errors="0">
  <testcase name="visualizar" time="58.394" classname="com.timp.test.MDR.Antecipacao.AntecipacaoEliminar"/>
  <testcase name="login" time="6.469" classname="com.timp.test.MDR.Antecipacao.AntecipacaoEliminar"/>
  <testcase name="acessarMDR" time="20.246" classname="com.timp.test.MDR.Antecipacao.AntecipacaoEliminar"/>
</testsuite> <!-- com.timp.test.MDR.Antecipacao.AntecipacaoEliminar -->
