<?xml version="1.0" encoding="UTF-8"?>
<!-- Generated by org.testng.reporters.JUnitReportReporter -->
<testsuite hostname="MIGUEL" failures="0" tests="3" name="com.timp.test.ADM.Configuração.Usuarios.UsuáriosAtivarDesativar" time="80.654" errors="0" timestamp="30 mar. 2021 01:04:59 GMT" skipped="0">
  <testcase classname="com.timp.test.ADM.Configuração.Usuarios.UsuáriosAtivarDesativar" name="login" time="9.996"/>
  <testcase classname="com.timp.test.ADM.Configuração.Usuarios.UsuáriosAtivarDesativar" name="AcessarADM" time="13.805"/>
  <testcase classname="com.timp.test.ADM.Configuração.Usuarios.UsuáriosAtivarDesativar" name="ver" time="56.853"/>
</testsuite> <!-- com.timp.test.ADM.Configuração.Usuarios.UsuáriosAtivarDesativar -->
