<?xml version="1.0" encoding="UTF-8"?>
<!-- Generated by org.testng.reporters.JUnitReportReporter -->
<testsuite hostname="LitoSoler" name="com.timp.test.MDR.Centralizacao.FatorCreditamento.FatorCreditamentoDetalhes" tests="3" failures="0" timestamp="25 Jan 2021 19:59:39 GMT" time="62.983" errors="0">
  <testcase name="detalhes" time="32.913" classname="com.timp.test.MDR.Centralizacao.FatorCreditamento.FatorCreditamentoDetalhes"/>
  <testcase name="acessarMDR" time="23.413" classname="com.timp.test.MDR.Centralizacao.FatorCreditamento.FatorCreditamentoDetalhes"/>
  <testcase name="login" time="6.657" classname="com.timp.test.MDR.Centralizacao.FatorCreditamento.FatorCreditamentoDetalhes"/>
</testsuite> <!-- com.timp.test.MDR.Centralizacao.FatorCreditamento.FatorCreditamentoDetalhes -->
