<?xml version="1.0" encoding="UTF-8"?>
<!-- Generated by org.testng.reporters.JUnitReportReporter -->
<testsuite hostname="MIGUEL" failures="0" tests="1" name="com.timp.test.ADM.LoginBRB" time="16.185" errors="0" timestamp="16 Oct 2020 14:41:11 GMT">
  <testcase classname="com.timp.test.ADM.LoginBRB" name="Login" time="16.185"/>
</testsuite> <!-- com.timp.test.ADM.LoginBRB -->
