<?xml version="1.0" encoding="UTF-8"?>
<!-- Generated by org.testng.reporters.JUnitReportReporter -->
<testsuite hostname="EC2AMAZ-8HCHO4G" failures="0" tests="1" name="com.timp.test.ADM.Usuarios.Pacotes.PacotesCriar" time="90.786" errors="0" timestamp="2024-10-14T23:45:17 UTC" skipped="0">
  <testcase classname="com.timp.test.ADM.Usuarios.Pacotes.PacotesCriar" name="Crear" time="90.786"/>
  <system-out/>
</testsuite> <!-- com.timp.test.ADM.Usuarios.Pacotes.PacotesCriar -->
