<?xml version="1.0" encoding="UTF-8"?>
<!-- Generated by org.testng.reporters.JUnitReportReporter -->
<testsuite hostname="DESKTOP-5P4F1JE" failures="0" tests="3" name="com.timp.test.BCB.ParametrosGeraisHierarquiaExcluirSelectFlag" time="71.267" errors="0" timestamp="10 Feb 2021 20:47:57 GMT">
  <testcase classname="com.timp.test.BCB.ParametrosGeraisHierarquiaExcluirSelectFlag" name="excluir" time="46.620"/>
  <testcase classname="com.timp.test.BCB.ParametrosGeraisHierarquiaExcluirSelectFlag" name="login" time="8.248"/>
  <testcase classname="com.timp.test.BCB.ParametrosGeraisHierarquiaExcluirSelectFlag" name="brbEntrar" time="16.399"/>
</testsuite> <!-- com.timp.test.BCB.ParametrosGeraisHierarquiaExcluirSelectFlag -->
