<?xml version="1.0" encoding="UTF-8"?>
<!-- Generated by org.testng.reporters.JUnitReportReporter -->
<<<<<<< HEAD
<testsuite hostname="DESKTOP-C57COV6" failures="0" tests="3" name="com.timp.test.BRB.FiltrosRelatorio" time="383.771" errors="0" timestamp="07 sep. 2021 18:28:32 GMT" skipped="0">
  <testcase classname="com.timp.test.BRB.FiltrosRelatorio" name="AfiltrosEditor" time="232.958"/>
  <testcase classname="com.timp.test.BRB.FiltrosRelatorio" name="BfiltrosBiblioteca" time="116.024"/>
  <testcase classname="com.timp.test.BRB.FiltrosRelatorio" name="CasignarValores" time="34.789"/>
=======
<testsuite hostname="DESKTOP-JP1A9E6" failures="0" tests="3" name="com.timp.test.BRB.FiltrosRelatorio" time="408.715" errors="0" timestamp="07 sep. 2021 19:10:55 GMT" skipped="0">
  <testcase classname="com.timp.test.BRB.FiltrosRelatorio" name="AfiltrosEditor" time="265.471"/>
  <testcase classname="com.timp.test.BRB.FiltrosRelatorio" name="BfiltrosBiblioteca" time="111.788"/>
  <testcase classname="com.timp.test.BRB.FiltrosRelatorio" name="CasignarValores" time="31.456"/>
>>>>>>> branch 'Yessy' of https://github.com/salc1997/TIMP_R1.git
</testsuite> <!-- com.timp.test.BRB.FiltrosRelatorio -->
