<?xml version="1.0" encoding="UTF-8"?>
<!-- Generated by org.testng.reporters.JUnitReportReporter -->
<testsuite hostname="DESKTOP-M23FVFN" failures="0" tests="1" name="com.timp.test.MDR.TabelasComplementaresParaObrigaçoesAcessorias.AgrupadorDeCFOP.AgrupadorDeCFOPDetalhes" time="186.823" errors="0" timestamp="06 ene. 2022 06:38:42 GMT" skipped="0">
  <testcase classname="com.timp.test.MDR.TabelasComplementaresParaObrigaçoesAcessorias.AgrupadorDeCFOP.AgrupadorDeCFOPDetalhes" name="detalhes" time="186.823"/>
</testsuite> <!-- com.timp.test.MDR.TabelasComplementaresParaObrigaçoesAcessorias.AgrupadorDeCFOP.AgrupadorDeCFOPDetalhes -->
