<?xml version="1.0" encoding="UTF-8"?>
<!-- Generated by org.testng.reporters.JUnitReportReporter -->
<testsuite hostname="DESKTOP-BNBDMGT" failures="0" tests="3" name="com.timp.test.TDK.Kpis.KpisCriar" time="93.312" errors="0" timestamp="15 Jan 2021 05:11:52 GMT">
  <testcase classname="com.timp.test.TDK.Kpis.KpisCriar" name="login" time="6.646"/>
  <testcase classname="com.timp.test.TDK.Kpis.KpisCriar" name="acessarTDK" time="22.123"/>
  <testcase classname="com.timp.test.TDK.Kpis.KpisCriar" name="criar" time="64.543"/>
</testsuite> <!-- com.timp.test.TDK.Kpis.KpisCriar -->
