<?xml version="1.0" encoding="UTF-8"?>
<!-- Generated by org.testng.reporters.JUnitReportReporter -->
<testsuite hostname="Agile" failures="0" tests="1" name="com.timp.test.BRB.EditarRelatorio" time="1191.836" errors="0" timestamp="29 dic. 2021 00:24:02 GMT" skipped="0">
  <testcase classname="com.timp.test.BRB.EditarRelatorio" name="editar" time="1191.836"/>
</testsuite> <!-- com.timp.test.BRB.EditarRelatorio -->
