<?xml version="1.0" encoding="UTF-8"?>
<!-- Generated by org.testng.reporters.JUnitReportReporter -->
<testsuite hostname="LitoSoler" name="com.timp.test.MDR.CenariosCorrecao.CenariosCorrecaoEditar" tests="3" failures="0" timestamp="20 Oct 2020 23:37:53 GMT" time="108.007" errors="0">
  <testcase name="acessarMDR" time="25.453" classname="com.timp.test.MDR.CenariosCorrecao.CenariosCorrecaoEditar"/>
  <testcase name="login" time="10.806" classname="com.timp.test.MDR.CenariosCorrecao.CenariosCorrecaoEditar"/>
  <testcase name="editar" time="71.748" classname="com.timp.test.MDR.CenariosCorrecao.CenariosCorrecaoEditar"/>
</testsuite> <!-- com.timp.test.MDR.CenariosCorrecao.CenariosCorrecaoEditar -->
