<?xml version="1.0" encoding="UTF-8"?>
<!-- Generated by org.testng.reporters.JUnitReportReporter -->
<testsuite hostname="DESKTOP-JP1A9E6" failures="0" tests="1" name="com.timp.test.BRB.AdicionarColunas" time="166.099" errors="0" timestamp="12 jul. 2021 23:22:52 GMT" skipped="0">
  <testcase classname="com.timp.test.BRB.AdicionarColunas" name="adicionarColunas" time="166.099"/>
</testsuite> <!-- com.timp.test.BRB.AdicionarColunas -->
