<?xml version="1.0" encoding="UTF-8"?>
<!-- Generated by org.testng.reporters.JUnitReportReporter -->
<testsuite hostname="DESKTOP-JP1A9E6" failures="0" tests="2" name="com.timp.test.MDR.RegistroECAC.RegistroECACExcluirMassa" time="191.675" errors="0" timestamp="10 ago. 2021 12:24:38 GMT" skipped="0">
  <testcase classname="com.timp.test.MDR.RegistroECAC.RegistroECACExcluirMassa" name="criar" time="153.342"/>
  <testcase classname="com.timp.test.MDR.RegistroECAC.RegistroECACExcluirMassa" name="excluirMassa" time="38.333"/>
</testsuite> <!-- com.timp.test.MDR.RegistroECAC.RegistroECACExcluirMassa -->
