<?xml version="1.0" encoding="UTF-8"?>
<!-- Generated by org.testng.reporters.JUnitReportReporter -->
<testsuite hostname="DESKTOP-JP1A9E6" failures="0" tests="1" name="com.timp.test.BRB.ComentarioListaSuspensa" time="316.860" errors="0" timestamp="15 sep. 2021 07:24:41 GMT" skipped="0">
  <testcase classname="com.timp.test.BRB.ComentarioListaSuspensa" name="listaSuspensa" time="316.860"/>
</testsuite> <!-- com.timp.test.BRB.ComentarioListaSuspensa -->
