<?xml version="1.0" encoding="UTF-8"?>
<!-- Generated by org.testng.reporters.JUnitReportReporter -->
<testsuite hostname="DESKTOP-M23FVFN" failures="0" tests="1" name="com.timp.test.MDR.Antecipacao.AntecipacaoEditar" time="161.210" errors="0" timestamp="06 ene. 2022 08:46:49 GMT" skipped="0">
  <testcase classname="com.timp.test.MDR.Antecipacao.AntecipacaoEditar" name="editar" time="161.210"/>
</testsuite> <!-- com.timp.test.MDR.Antecipacao.AntecipacaoEditar -->
