<?xml version="1.0" encoding="UTF-8"?>
<!-- Generated by org.testng.reporters.JUnitReportReporter -->
<<<<<<< HEAD
<testsuite hostname="SALC-PC" failures="0" tests="2" name="com.timp.test.BRB.CrescenteEDecrescente" time="0.100" errors="1" timestamp="2023-05-08T11:37:43 CST" skipped="1">
  <testcase classname="com.timp.test.BRB.CrescenteEDecrescente" name="beforeClass" time="0.100">
    <error message="unknown error: cannot find Chrome binary
=======
<<<<<<< HEAD
<testsuite hostname="EC2AMAZ-8HCHO4G" failures="0" tests="1" name="com.timp.test.BRB.CrescenteEDecrescente" time="310.464" errors="0" timestamp="2023-05-25T16:10:20 UTC" skipped="0">
  <testcase classname="com.timp.test.BRB.CrescenteEDecrescente" name="crescenteEDecrescente" time="310.464"/>
=======
<testsuite hostname="SALC-PC" failures="0" tests="1" name="com.timp.test.BRB.CrescenteEDecrescente" time="112.300" errors="1" timestamp="2023-05-13T16:19:15 CST" skipped="0">
  <testcase classname="com.timp.test.BRB.CrescenteEDecrescente" name="crescenteEDecrescente" time="112.300">
    <error message="element click intercepted: Element &lt;span class=&quot;menu-cell icon icon-font-Sign-and-Symbols icon-down&quot; aria-label=&quot;i18n[SORT OPTIONS]&quot; tabindex=&quot;0&quot;&gt;&lt;/span&gt; is not clickable at point (1480, 234). Other element would receive the click: &lt;div class=&quot;ui-resizable-handle ui-resizable-e&quot; style=&quot;z-index: 90; display: block;&quot;&gt;&lt;/div&gt;
  (Session info: chrome=113.0.5672.93)
>>>>>>> refs/remotes/origin/Steven
Build info: version: &#039;3.141.59&#039;, revision: &#039;e82be7d358&#039;, time: &#039;2018-11-14T08:17:03&#039;
<<<<<<< HEAD
System info: host: &#039;SALC-PC&#039;, ip: &#039;192.168.0.22&#039;, os.name: &#039;Windows 11&#039;, os.arch: &#039;amd64&#039;, os.version: &#039;10.0&#039;, java.version: &#039;19.0.1&#039;
Driver info: driver.version: ChromeDriver
remote stacktrace: Backtrace:
	Ordinal0 [0x00F29563+2725219]
	Ordinal0 [0x00E28551+1672529]
	Ordinal0 [0x00D10359+525145]
	Ordinal0 [0x00C9CA64+51812]
	Ordinal0 [0x00CBCC37+183351]
	Ordinal0 [0x00CBCA3D+182845]
	Ordinal0 [0x00CBA94B+174411]
	Ordinal0 [0x00CA2528+75048]
	Ordinal0 [0x00CA35A0+79264]
	Ordinal0 [0x00CA3539+79161]
	Ordinal0 [0x00E3D607+1758727]
	GetHandleVerifier [0x01046546+1050150]
	GetHandleVerifier [0x01046291+1049457]
	GetHandleVerifier [0x010510D7+1094071]
	GetHandleVerifier [0x01046B46+1051686]
	Ordinal0 [0x00E35B06+1727238]
	Ordinal0 [0x00E3EB7B+1764219]
	Ordinal0 [0x00E3ECE3+1764579]
	Ordinal0 [0x00E54C05+1854469]
	BaseThreadInitThunk [0x75C07D49+25]
	RtlInitializeExceptionChain [0x76F7B74B+107]
	RtlClearBits [0x76F7B6CF+191]
" type="org.openqa.selenium.WebDriverException">
      <![CDATA[org.openqa.selenium.WebDriverException: unknown error: cannot find Chrome binary
=======
System info: host: &#039;SALC-PC&#039;, ip: &#039;192.168.0.2&#039;, os.name: &#039;Windows 11&#039;, os.arch: &#039;amd64&#039;, os.version: &#039;10.0&#039;, java.version: &#039;19.0.1&#039;
Driver info: org.openqa.selenium.chrome.ChromeDriver
Capabilities {acceptInsecureCerts: false, browserName: chrome, browserVersion: 113.0.5672.93, chrome: {chromedriverVersion: 113.0.5672.63 (0e1a4471d5ae..., userDataDir: C:\Users\lezam\AppData\Loca...}, goog:chromeOptions: {debuggerAddress: localhost:59848}, javascriptEnabled: true, networkConnectionEnabled: false, pageLoadStrategy: normal, platform: WINDOWS, platformName: WINDOWS, proxy: Proxy(), setWindowRect: true, strictFileInteractability: false, timeouts: {implicit: 0, pageLoad: 300000, script: 30000}, unhandledPromptBehavior: dismiss and notify, webauthn:extension:credBlob: true, webauthn:extension:largeBlob: true, webauthn:extension:minPinLength: true, webauthn:extension:prf: true, webauthn:virtualAuthenticators: true}
Session ID: 36eabb642d70678b266b359e389feeec" type="org.openqa.selenium.ElementClickInterceptedException">
      <![CDATA[org.openqa.selenium.ElementClickInterceptedException: element click intercepted: Element <span class="menu-cell icon icon-font-Sign-and-Symbols icon-down" aria-label="i18n[SORT OPTIONS]" tabindex="0"></span> is not clickable at point (1480, 234). Other element would receive the click: <div class="ui-resizable-handle ui-resizable-e" style="z-index: 90; display: block;"></div>
  (Session info: chrome=113.0.5672.93)
>>>>>>> refs/remotes/origin/Steven
Build info: version: '3.141.59', revision: 'e82be7d358', time: '2018-11-14T08:17:03'
<<<<<<< HEAD
System info: host: 'SALC-PC', ip: '192.168.0.22', os.name: 'Windows 11', os.arch: 'amd64', os.version: '10.0', java.version: '19.0.1'
Driver info: driver.version: ChromeDriver
remote stacktrace: Backtrace:
Ordinal0 [0x00F29563+2725219]
Ordinal0 [0x00E28551+1672529]
Ordinal0 [0x00D10359+525145]
Ordinal0 [0x00C9CA64+51812]
Ordinal0 [0x00CBCC37+183351]
Ordinal0 [0x00CBCA3D+182845]
Ordinal0 [0x00CBA94B+174411]
Ordinal0 [0x00CA2528+75048]
Ordinal0 [0x00CA35A0+79264]
Ordinal0 [0x00CA3539+79161]
Ordinal0 [0x00E3D607+1758727]
GetHandleVerifier [0x01046546+1050150]
GetHandleVerifier [0x01046291+1049457]
GetHandleVerifier [0x010510D7+1094071]
GetHandleVerifier [0x01046B46+1051686]
Ordinal0 [0x00E35B06+1727238]
Ordinal0 [0x00E3EB7B+1764219]
Ordinal0 [0x00E3ECE3+1764579]
Ordinal0 [0x00E54C05+1854469]
BaseThreadInitThunk [0x75C07D49+25]
RtlInitializeExceptionChain [0x76F7B74B+107]
RtlClearBits [0x76F7B6CF+191]

at java.base/jdk.internal.reflect.DirectConstructorHandleAccessor.newInstance(DirectConstructorHandleAccessor.java:67)
at java.base/java.lang.reflect.Constructor.newInstanceWithCaller(Constructor.java:500)
at java.base/java.lang.reflect.Constructor.newInstance(Constructor.java:484)
at org.openqa.selenium.remote.W3CHandshakeResponse.lambda$errorHandler$0(W3CHandshakeResponse.java:62)
at org.openqa.selenium.remote.HandshakeResponse.lambda$getResponseFunction$0(HandshakeResponse.java:30)
at org.openqa.selenium.remote.ProtocolHandshake.lambda$createSession$0(ProtocolHandshake.java:126)
at java.base/java.util.stream.ReferencePipeline$3$1.accept(ReferencePipeline.java:197)
at java.base/java.util.Spliterators$ArraySpliterator.tryAdvance(Spliterators.java:1016)
at java.base/java.util.stream.ReferencePipeline.forEachWithCancel(ReferencePipeline.java:129)
at java.base/java.util.stream.AbstractPipeline.copyIntoWithCancel(AbstractPipeline.java:527)
at java.base/java.util.stream.AbstractPipeline.copyInto(AbstractPipeline.java:513)
at java.base/java.util.stream.AbstractPipeline.wrapAndCopyInto(AbstractPipeline.java:499)
at java.base/java.util.stream.FindOps$FindOp.evaluateSequential(FindOps.java:150)
at java.base/java.util.stream.AbstractPipeline.evaluate(AbstractPipeline.java:234)
at java.base/java.util.stream.ReferencePipeline.findFirst(ReferencePipeline.java:647)
at org.openqa.selenium.remote.ProtocolHandshake.createSession(ProtocolHandshake.java:128)
at org.openqa.selenium.remote.ProtocolHandshake.createSession(ProtocolHandshake.java:74)
at org.openqa.selenium.remote.HttpCommandExecutor.execute(HttpCommandExecutor.java:136)
=======
System info: host: 'SALC-PC', ip: '192.168.0.2', os.name: 'Windows 11', os.arch: 'amd64', os.version: '10.0', java.version: '19.0.1'
Driver info: org.openqa.selenium.chrome.ChromeDriver
Capabilities {acceptInsecureCerts: false, browserName: chrome, browserVersion: 113.0.5672.93, chrome: {chromedriverVersion: 113.0.5672.63 (0e1a4471d5ae..., userDataDir: C:\Users\lezam\AppData\Loca...}, goog:chromeOptions: {debuggerAddress: localhost:59848}, javascriptEnabled: true, networkConnectionEnabled: false, pageLoadStrategy: normal, platform: WINDOWS, platformName: WINDOWS, proxy: Proxy(), setWindowRect: true, strictFileInteractability: false, timeouts: {implicit: 0, pageLoad: 300000, script: 30000}, unhandledPromptBehavior: dismiss and notify, webauthn:extension:credBlob: true, webauthn:extension:largeBlob: true, webauthn:extension:minPinLength: true, webauthn:extension:prf: true, webauthn:virtualAuthenticators: true}
Session ID: 36eabb642d70678b266b359e389feeec
at java.base/jdk.internal.reflect.DirectConstructorHandleAccessor.newInstance(DirectConstructorHandleAccessor.java:67)
at java.base/java.lang.reflect.Constructor.newInstanceWithCaller(Constructor.java:500)
at java.base/java.lang.reflect.Constructor.newInstance(Constructor.java:484)
at org.openqa.selenium.remote.http.W3CHttpResponseCodec.createException(W3CHttpResponseCodec.java:187)
at org.openqa.selenium.remote.http.W3CHttpResponseCodec.decode(W3CHttpResponseCodec.java:122)
at org.openqa.selenium.remote.http.W3CHttpResponseCodec.decode(W3CHttpResponseCodec.java:49)
at org.openqa.selenium.remote.HttpCommandExecutor.execute(HttpCommandExecutor.java:158)
>>>>>>> refs/remotes/origin/Steven
at org.openqa.selenium.remote.service.DriverCommandExecutor.execute(DriverCommandExecutor.java:83)
at org.openqa.selenium.remote.RemoteWebDriver.execute(RemoteWebDriver.java:552)
<<<<<<< HEAD
at org.openqa.selenium.remote.RemoteWebDriver.startSession(RemoteWebDriver.java:213)
at org.openqa.selenium.remote.RemoteWebDriver.<init>(RemoteWebDriver.java:131)
at org.openqa.selenium.chrome.ChromeDriver.<init>(ChromeDriver.java:181)
at org.openqa.selenium.chrome.ChromeDriver.<init>(ChromeDriver.java:168)
at org.openqa.selenium.chrome.ChromeDriver.<init>(ChromeDriver.java:157)
at com.sap.timp.base.TestBaseSteven.initialization(TestBaseSteven.java:97)
at com.timp.test.BRB.CrescenteEDecrescente.beforeClass(CrescenteEDecrescente.java:25)
=======
at org.openqa.selenium.remote.RemoteWebElement.execute(RemoteWebElement.java:285)
at org.openqa.selenium.remote.RemoteWebElement.click(RemoteWebElement.java:84)
at java.base/jdk.internal.reflect.DirectMethodHandleAccessor.invoke(DirectMethodHandleAccessor.java:104)
at java.base/java.lang.reflect.Method.invoke(Method.java:578)
at org.openqa.selenium.support.pagefactory.internal.LocatingElementHandler.invoke(LocatingElementHandler.java:51)
at jdk.proxy2/jdk.proxy2.$Proxy11.click(Unknown Source)
at com.sap.timp.pageObjectModel.BRB.CrescenteEDecrescentePO.crescente(CrescenteEDecrescentePO.java:80)
at com.timp.test.BRB.CrescenteEDecrescente.crescenteEDecrescente(CrescenteEDecrescente.java:46)
>>>>>>> refs/remotes/origin/Steven
at java.base/jdk.internal.reflect.DirectMethodHandleAccessor.invoke(DirectMethodHandleAccessor.java:104)
at java.base/java.lang.reflect.Method.invoke(Method.java:578)
at org.testng.internal.invokers.MethodInvocationHelper.invokeMethod(MethodInvocationHelper.java:135)
at org.testng.internal.invokers.MethodInvocationHelper.invokeMethodConsideringTimeout(MethodInvocationHelper.java:65)
at org.testng.internal.invokers.ConfigInvoker.invokeConfigurationMethod(ConfigInvoker.java:381)
at org.testng.internal.invokers.ConfigInvoker.invokeConfigurations(ConfigInvoker.java:319)
at org.testng.internal.invokers.TestMethodWorker.invokeBeforeClassMethods(TestMethodWorker.java:178)
at org.testng.internal.invokers.TestMethodWorker.run(TestMethodWorker.java:122)
at java.base/java.util.ArrayList.forEach(ArrayList.java:1511)
at org.testng.TestRunner.privateRun(TestRunner.java:808)
at org.testng.TestRunner.run(TestRunner.java:603)
at org.testng.SuiteRunner.runTest(SuiteRunner.java:429)
at org.testng.SuiteRunner.runSequentially(SuiteRunner.java:423)
at org.testng.SuiteRunner.privateRun(SuiteRunner.java:383)
at org.testng.SuiteRunner.run(SuiteRunner.java:326)
at org.testng.SuiteRunnerWorker.runSuite(SuiteRunnerWorker.java:52)
at org.testng.SuiteRunnerWorker.run(SuiteRunnerWorker.java:95)
at org.testng.TestNG.runSuitesSequentially(TestNG.java:1249)
at org.testng.TestNG.runSuitesLocally(TestNG.java:1169)
at org.testng.TestNG.runSuites(TestNG.java:1092)
at org.testng.TestNG.run(TestNG.java:1060)
at org.testng.remote.AbstractRemoteTestNG.run(AbstractRemoteTestNG.java:115)
at org.testng.remote.RemoteTestNG.initAndRun(RemoteTestNG.java:251)
at org.testng.remote.RemoteTestNG.main(RemoteTestNG.java:77)
]]>
    </error>
  </testcase> <!-- beforeClass -->
  <system-out/>
  <testcase classname="com.timp.test.BRB.CrescenteEDecrescente" name="crescenteEDecrescente" time="0.000">
    <skipped/>
  </testcase> <!-- crescenteEDecrescente -->
>>>>>>> refs/remotes/origin/Steven
  <system-out/>
</testsuite> <!-- com.timp.test.BRB.CrescenteEDecrescente -->
