<?xml version="1.0" encoding="UTF-8"?>
<!-- Generated by org.testng.reporters.JUnitReportReporter -->
<testsuite hostname="DESKTOP-BNBDMGT" failures="0" tests="3" name="com.timp.test.TDK.Dashboard.Raiz.RaizFiltroId" time="207.942" errors="0" timestamp="12 Feb 2021 02:38:55 GMT">
  <testcase classname="com.timp.test.TDK.Dashboard.Raiz.RaizFiltroId" name="filtro" time="25.329"/>
  <testcase classname="com.timp.test.TDK.Dashboard.Raiz.RaizFiltroId" name="acessarTDK" time="165.700"/>
  <testcase classname="com.timp.test.TDK.Dashboard.Raiz.RaizFiltroId" name="login" time="16.913"/>
</testsuite> <!-- com.timp.test.TDK.Dashboard.Raiz.RaizFiltroId -->
