<?xml version="1.0" encoding="UTF-8"?>
<!-- Generated by org.testng.reporters.JUnitReportReporter -->
<testsuite hostname="Agile" failures="0" tests="2" name="com.timp.test.MDR.TabelasApoioESocial.Tabela17.DescricaoDeNatDeLes達oExcluirEmMassa" time="145.257" errors="0" timestamp="09 dic. 2021 08:51:14 GMT" skipped="0">
  <testcase classname="com.timp.test.MDR.TabelasApoioESocial.Tabela17.DescricaoDeNatDeLes達oExcluirEmMassa" name="criar" time="105.677"/>
  <testcase classname="com.timp.test.MDR.TabelasApoioESocial.Tabela17.DescricaoDeNatDeLes達oExcluirEmMassa" name="excluir" time="39.580"/>
</testsuite> <!-- com.timp.test.MDR.TabelasApoioESocial.Tabela17.DescricaoDeNatDeLes達oExcluirEmMassa -->
