<?xml version="1.0" encoding="UTF-8"?>
<!-- Generated by org.testng.reporters.JUnitReportReporter -->
<testsuite hostname="DESKTOP-M23FVFN" failures="0" tests="1" name="com.timp.test.DFG.Configuracoes.ConfiguracoesVisualizar" time="155.610" errors="0" timestamp="2022-12-12T17:20:50 BRT" skipped="0">
  <testcase classname="com.timp.test.DFG.Configuracoes.ConfiguracoesVisualizar" name="criar" time="155.610"/>
  <system-out/>
</testsuite> <!-- com.timp.test.DFG.Configuracoes.ConfiguracoesVisualizar -->
