<?xml version="1.0" encoding="UTF-8"?>
<!-- Generated by org.testng.reporters.JUnitReportReporter -->
<testsuite hostname="DESKTOP-M23FVFN" failures="0" tests="1" name="com.timp.test.BRB.AtivarCorrecao" time="135.079" errors="0" timestamp="2023-02-13T18:38:24 BRT" skipped="0">
  <testcase classname="com.timp.test.BRB.AtivarCorrecao" name="ativarCorreccion" time="135.079"/>
  <system-out/>
</testsuite> <!-- com.timp.test.BRB.AtivarCorrecao -->
