<?xml version="1.0" encoding="UTF-8"?>
<!-- Generated by org.testng.reporters.JUnitReportReporter -->
<testsuite hostname="LitoSoler" name="com.timp.test.BRB.NovoRelatorio" tests="4" failures="0" timestamp="23 Dec 2020 19:48:41 GMT" time="165.796" errors="0">
  <testcase name="novoRelatorio" time="46.832" classname="com.timp.test.BRB.NovoRelatorio"/>
  <testcase name="colunas" time="89.219" classname="com.timp.test.BRB.NovoRelatorio"/>
  <testcase name="brbEntrar" time="22.917" classname="com.timp.test.BRB.NovoRelatorio"/>
  <testcase name="login" time="6.828" classname="com.timp.test.BRB.NovoRelatorio"/>
</testsuite> <!-- com.timp.test.BRB.NovoRelatorio -->
