<?xml version="1.0" encoding="UTF-8"?>
<!-- Generated by org.testng.reporters.JUnitReportReporter -->
<testsuite hostname="DESKTOP-M23FVFN" failures="0" tests="1" name="com.timp.test.TFP.Configurações.Status.Periodo.ConfiguracoesStatusPeriodoEditar" time="109.431" errors="0" timestamp="2022-11-15T03:25:19 BRT" skipped="0">
  <testcase classname="com.timp.test.TFP.Configurações.Status.Periodo.ConfiguracoesStatusPeriodoEditar" name="editar" time="109.431"/>
  <system-out/>
</testsuite> <!-- com.timp.test.TFP.Configurações.Status.Periodo.ConfiguracoesStatusPeriodoEditar -->
