<?xml version="1.0" encoding="UTF-8"?>
<!-- Generated by org.testng.reporters.JUnitReportReporter -->
<testsuite skipped="0" hostname="LitoSoler" name="com.timp.test.MDR.Antecipacao.AntecipacaoVisualizar" tests="1" failures="0" timestamp="16 feb 2021 22:56:59 GMT" time="83.577" errors="0">
  <testcase name="visualizar" time="83.577" classname="com.timp.test.MDR.Antecipacao.AntecipacaoVisualizar"/>
</testsuite> <!-- com.timp.test.MDR.Antecipacao.AntecipacaoVisualizar -->
