<?xml version="1.0" encoding="UTF-8"?>
<!-- Generated by org.testng.reporters.JUnitReportReporter -->
<testsuite hostname="DESKTOP-C57COV6" failures="0" tests="1" name="com.timp.test.MDR.TabelasApoioESocial.Tabela02.FinanciamentoDeAposEspDetalhe" time="70.881" errors="0" timestamp="18 oct. 2021 12:30:43 GMT" skipped="0">
  <testcase classname="com.timp.test.MDR.TabelasApoioESocial.Tabela02.FinanciamentoDeAposEspDetalhe" name="detalhe" time="70.881"/>
</testsuite> <!-- com.timp.test.MDR.TabelasApoioESocial.Tabela02.FinanciamentoDeAposEspDetalhe -->
