<?xml version="1.0" encoding="UTF-8"?>
<!-- Generated by org.testng.reporters.JUnitReportReporter -->
<testsuite hostname="LitoSoler" name="com.timp.test.BRB.FiltrosAvançados" tests="3" failures="0" timestamp="31 Jul 2020 18:04:21 GMT" time="25.765" errors="0">
  <testcase name="login" time="5.594" classname="com.timp.test.BRB.FiltrosAvançados"/>
  <testcase name="brbEntrar" time="13.426" classname="com.timp.test.BRB.FiltrosAvançados"/>
  <testcase name="filtrosAvanzados" time="6.745" classname="com.timp.test.BRB.FiltrosAvançados"/>
</testsuite> <!-- com.timp.test.BRB.FiltrosAvançados -->
