<?xml version="1.0" encoding="UTF-8"?>
<!-- Generated by org.testng.reporters.JUnitReportReporter -->
<testsuite hostname="DESKTOP-C57COV6" failures="0" tests="2" name="com.timp.test.MDR.Siscoserv.NBS.NBSExcluirMassa" time="220.624" errors="0" timestamp="02 sep. 2021 22:15:15 GMT" skipped="0">
  <testcase classname="com.timp.test.MDR.Siscoserv.NBS.NBSExcluirMassa" name="criar" time="173.511"/>
  <testcase classname="com.timp.test.MDR.Siscoserv.NBS.NBSExcluirMassa" name="excluirMassa" time="47.113"/>
</testsuite> <!-- com.timp.test.MDR.Siscoserv.NBS.NBSExcluirMassa -->
