<?xml version="1.0" encoding="UTF-8"?>
<!-- Generated by org.testng.reporters.JUnitReportReporter -->
<testsuite hostname="LitoSoler" name="com.timp.test.BCB.ParametrosGeraisHierarquiaCriarComCópia" tests="3" failures="0" timestamp="27 Jan 2021 20:19:59 GMT" time="146.682" errors="0">
  <testcase name="criarConfiguracaoHierarquia" time="123.538" classname="com.timp.test.BCB.ParametrosGeraisHierarquiaCriarComCópia"/>
  <testcase name="brbEntrar" time="14.640" classname="com.timp.test.BCB.ParametrosGeraisHierarquiaCriarComCópia"/>
  <testcase name="login" time="8.504" classname="com.timp.test.BCB.ParametrosGeraisHierarquiaCriarComCópia"/>
</testsuite> <!-- com.timp.test.BCB.ParametrosGeraisHierarquiaCriarComCópia -->
