<?xml version="1.0" encoding="UTF-8"?>
<!-- Generated by org.testng.reporters.JUnitReportReporter -->
<testsuite skipped="0" hostname="LitoSoler" name="com.timp.test.MDR.CadastroDerex.InstituicaoFinanceira.InstituicaoExcluir" tests="1" failures="0" timestamp="24 feb 2021 16:56:23 GMT" time="74.733" errors="0">
  <testcase name="excluir" time="74.733" classname="com.timp.test.MDR.CadastroDerex.InstituicaoFinanceira.InstituicaoExcluir"/>
</testsuite> <!-- com.timp.test.MDR.CadastroDerex.InstituicaoFinanceira.InstituicaoExcluir -->
