<?xml version="1.0" encoding="UTF-8"?>
<!-- Generated by org.testng.reporters.JUnitReportReporter -->
<testsuite hostname="LitoSoler" name="com.timp.test.BRB.NovoRelatorio" tests="4" failures="0" timestamp="2 Dec 2020 20:27:09 GMT" time="230.794" errors="0">
  <testcase name="brbEntrar" time="35.246" classname="com.timp.test.BRB.NovoRelatorio"/>
  <testcase name="novoRelatorio" time="71.113" classname="com.timp.test.BRB.NovoRelatorio"/>
  <testcase name="colunas" time="105.634" classname="com.timp.test.BRB.NovoRelatorio"/>
  <testcase name="login" time="18.801" classname="com.timp.test.BRB.NovoRelatorio"/>
</testsuite> <!-- com.timp.test.BRB.NovoRelatorio -->
