<?xml version="1.0" encoding="UTF-8"?>
<!-- Generated by org.testng.reporters.JUnitReportReporter -->
<testsuite hostname="DESKTOP-M23FVFN" failures="0" tests="1" name="com.timp.test.BRB.RenomearColuna" time="137.893" errors="0" timestamp="2022-09-20T20:31:08 BRT" skipped="0">
  <testcase classname="com.timp.test.BRB.RenomearColuna" name="renomearColuna" time="137.893"/>
  <system-out/>
</testsuite> <!-- com.timp.test.BRB.RenomearColuna -->
