<?xml version="1.0" encoding="UTF-8"?>
<!-- Generated by org.testng.reporters.JUnitReportReporter -->
<testsuite hostname="DESKTOP-HB7TMPD" failures="0" tests="11" name="com.timp.test.BCB.ExecucoesSalvasHierarquiaConfiguracaoTodasAsFuncionalidades" time="931.796" errors="0" timestamp="4 Jan 2021 06:13:00 GMT">
  <testcase classname="com.timp.test.BCB.ExecucoesSalvasHierarquiaConfiguracaoTodasAsFuncionalidades" name="configurarConfiguracao" time="131.291"/>
  <testcase classname="com.timp.test.BCB.ExecucoesSalvasHierarquiaConfiguracaoTodasAsFuncionalidades" name="resto" time="86.996"/>
  <testcase classname="com.timp.test.BCB.ExecucoesSalvasHierarquiaConfiguracaoTodasAsFuncionalidades" name="executar" time="93.654"/>
  <testcase classname="com.timp.test.BCB.ExecucoesSalvasHierarquiaConfiguracaoTodasAsFuncionalidades" name="excluirExecucoes" time="64.383"/>
  <testcase classname="com.timp.test.BCB.ExecucoesSalvasHierarquiaConfiguracaoTodasAsFuncionalidades" name="login" time="6.742"/>
  <testcase classname="com.timp.test.BCB.ExecucoesSalvasHierarquiaConfiguracaoTodasAsFuncionalidades" name="editar" time="71.099"/>
  <testcase classname="com.timp.test.BCB.ExecucoesSalvasHierarquiaConfiguracaoTodasAsFuncionalidades" name="brbEntrar" time="15.077"/>
  <testcase classname="com.timp.test.BCB.ExecucoesSalvasHierarquiaConfiguracaoTodasAsFuncionalidades" name="excluirConfiguracoes" time="126.041"/>
  <testcase classname="com.timp.test.BCB.ExecucoesSalvasHierarquiaConfiguracaoTodasAsFuncionalidades" name="excluirHierarquia" time="106.238"/>
  <testcase classname="com.timp.test.BCB.ExecucoesSalvasHierarquiaConfiguracaoTodasAsFuncionalidades" name="criarConfiguracaoExecucoes" time="75.107"/>
  <testcase classname="com.timp.test.BCB.ExecucoesSalvasHierarquiaConfiguracaoTodasAsFuncionalidades" name="criarConfiguracao" time="155.168"/>
</testsuite> <!-- com.timp.test.BCB.ExecucoesSalvasHierarquiaConfiguracaoTodasAsFuncionalidades -->
