<?xml version="1.0" encoding="UTF-8"?>
<!-- Generated by org.testng.reporters.JUnitReportReporter -->
<testsuite hostname="LitoSoler" name="com.timp.test.CALENDAR.ParametrosGerais.CalendarioDeUsuarios" tests="3" failures="0" timestamp="21 Dec 2020 16:09:10 GMT" time="50.661" errors="0">
  <testcase name="acessarCalendar" time="26.727" classname="com.timp.test.CALENDAR.ParametrosGerais.CalendarioDeUsuarios"/>
  <testcase name="CalendarEntrar" time="15.227" classname="com.timp.test.CALENDAR.ParametrosGerais.CalendarioDeUsuarios"/>
  <testcase name="login" time="8.707" classname="com.timp.test.CALENDAR.ParametrosGerais.CalendarioDeUsuarios"/>
</testsuite> <!-- com.timp.test.CALENDAR.ParametrosGerais.CalendarioDeUsuarios -->
