<?xml version="1.0" encoding="UTF-8"?>
<!-- Generated by org.testng.reporters.JUnitReportReporter -->
<testsuite hostname="DESKTOP-BNBDMGT" failures="0" tests="1" name="com.timp.test.MDR.SequenciaAcesso.SequenciaVisualizar" time="111.254" errors="0" timestamp="24 feb. 2021 17:28:20 GMT" skipped="0">
  <testcase classname="com.timp.test.MDR.SequenciaAcesso.SequenciaVisualizar" name="Visualizar" time="111.254"/>
</testsuite> <!-- com.timp.test.MDR.SequenciaAcesso.SequenciaVisualizar -->
