<?xml version="1.0" encoding="UTF-8"?>
<!-- Generated by org.testng.reporters.JUnitReportReporter -->
<testsuite hostname="MIGUEL" failures="0" tests="1" name="com.timp.test.BRB.OutputdeReferência" time="146.801" errors="0" timestamp="14 abr. 2021 16:49:00 GMT" skipped="0">
  <testcase classname="com.timp.test.BRB.OutputdeReferência" name="editar" time="146.801"/>
</testsuite> <!-- com.timp.test.BRB.OutputdeReferência -->
