<?xml version="1.0" encoding="UTF-8"?>
<!-- Generated by org.testng.reporters.JUnitReportReporter -->
<testsuite hostname="DESKTOP-C57COV6" failures="0" tests="3" name="com.timp.test.SCANC.RelatoriosRefineriaGerados.RRFConfiguracaoDeAjusteFiltrosAvancados" time="355.211" errors="0" timestamp="30 sep. 2021 01:20:03 GMT" skipped="0">
  <testcase classname="com.timp.test.SCANC.RelatoriosRefineriaGerados.RRFConfiguracaoDeAjusteFiltrosAvancados" name="ingresar" time="58.585"/>
  <testcase classname="com.timp.test.SCANC.RelatoriosRefineriaGerados.RRFConfiguracaoDeAjusteFiltrosAvancados" name="scancEntrar" time="46.106"/>
  <testcase classname="com.timp.test.SCANC.RelatoriosRefineriaGerados.RRFConfiguracaoDeAjusteFiltrosAvancados" name="filtrosAvancados" time="250.520"/>
</testsuite> <!-- com.timp.test.SCANC.RelatoriosRefineriaGerados.RRFConfiguracaoDeAjusteFiltrosAvancados -->
