<?xml version="1.0" encoding="UTF-8"?>
<!-- Generated by org.testng.reporters.JUnitReportReporter -->
<testsuite hostname="DESKTOP-C57COV6" failures="0" tests="1" name="com.timp.test.MDR.ContratoIOF.ContratoIOFExcluir" time="91.256" errors="0" timestamp="10 ago. 2021 10:24:32 GMT" skipped="0">
  <testcase classname="com.timp.test.MDR.ContratoIOF.ContratoIOFExcluir" name="excluir" time="91.256"/>
</testsuite> <!-- com.timp.test.MDR.ContratoIOF.ContratoIOFExcluir -->
