<?xml version="1.0" encoding="UTF-8"?>
<!-- Generated by org.testng.reporters.JUnitReportReporter -->
<testsuite hostname="DESKTOP-JP1A9E6" failures="0" tests="1" name="com.timp.test.TDK.Kpis.Edicao.KpisTabelas" time="222.704" errors="0" timestamp="14 jun. 2021 05:44:38 GMT" skipped="0">
  <testcase classname="com.timp.test.TDK.Kpis.Edicao.KpisTabelas" name="criar" time="222.704"/>
</testsuite> <!-- com.timp.test.TDK.Kpis.Edicao.KpisTabelas -->
