<?xml version="1.0" encoding="UTF-8"?>
<!-- Generated by org.testng.reporters.JUnitReportReporter -->
<testsuite hostname="DESKTOP-C57COV6" failures="0" tests="1" name="com.timp.test.MDR.TabelasApoioESocial.Tabela17.DescriçãoDeNatDeLesãoExcluir" time="89.217" errors="0" timestamp="10 ago. 2021 09:07:08 GMT" skipped="0">
  <testcase classname="com.timp.test.MDR.TabelasApoioESocial.Tabela17.DescriçãoDeNatDeLesãoExcluir" name="excluir" time="89.217"/>
</testsuite> <!-- com.timp.test.MDR.TabelasApoioESocial.Tabela17.DescriçãoDeNatDeLesãoExcluir -->
