<?xml version="1.0" encoding="UTF-8"?>
<!-- Generated by org.testng.reporters.JUnitReportReporter -->
<testsuite hostname="DESKTOP-C57COV6" failures="0" tests="1" name="com.timp.test.MDR.AtividadesFiscais.GrupoAtividadeFiscal.GrupoAtividadeExcluir" time="110.990" errors="0" timestamp="08 sep. 2021 08:24:22 GMT" skipped="0">
  <testcase classname="com.timp.test.MDR.AtividadesFiscais.GrupoAtividadeFiscal.GrupoAtividadeExcluir" name="excluir" time="110.990"/>
</testsuite> <!-- com.timp.test.MDR.AtividadesFiscais.GrupoAtividadeFiscal.GrupoAtividadeExcluir -->
