<?xml version="1.0" encoding="UTF-8"?>
<!-- Generated by org.testng.reporters.JUnitReportReporter -->
<testsuite hostname="LAPTOP-IN7IV9K5" failures="0" tests="3" name="com.timp.test.TDK.Dashboard.DashboardCriar" time="107.069" errors="0" timestamp="05 mar. 2021 05:27:01 GMT" skipped="0">
  <testcase classname="com.timp.test.TDK.Dashboard.DashboardCriar" name="login" time="7.836"/>
  <testcase classname="com.timp.test.TDK.Dashboard.DashboardCriar" name="acessarTDK" time="21.691"/>
  <testcase classname="com.timp.test.TDK.Dashboard.DashboardCriar" name="criar" time="77.542"/>
</testsuite> <!-- com.timp.test.TDK.Dashboard.DashboardCriar -->
