<?xml version="1.0" encoding="UTF-8"?>
<!-- Generated by org.testng.reporters.JUnitReportReporter -->
<testsuite hostname="DESKTOP-M23FVFN" failures="0" tests="1" name="com.timp.test.MDR.Empresas.EmpresaEditar" time="719.997" errors="0" timestamp="2022-07-14T08:35:52 CST" skipped="0">
  <testcase classname="com.timp.test.MDR.Empresas.EmpresaEditar" name="editar" time="719.997"/>
  <system-out/>
</testsuite> <!-- com.timp.test.MDR.Empresas.EmpresaEditar -->
