<?xml version="1.0" encoding="UTF-8"?>
<!-- Generated by org.testng.reporters.JUnitReportReporter -->
<testsuite hostname="DESKTOP-M23FVFN" failures="0" tests="1" name="com.timp.test.MDR.Ajustes.AssociacaoCodigosAjustes.AssociaçãoCodigoAjusteDetalhe" time="114.009" errors="0" timestamp="06 ene. 2022 08:46:49 GMT" skipped="0">
  <testcase classname="com.timp.test.MDR.Ajustes.AssociacaoCodigosAjustes.AssociaçãoCodigoAjusteDetalhe" name="detalhe" time="114.009"/>
</testsuite> <!-- com.timp.test.MDR.Ajustes.AssociacaoCodigosAjustes.AssociaçãoCodigoAjusteDetalhe -->
