<?xml version="1.0" encoding="UTF-8"?>
<!-- Generated by org.testng.reporters.JUnitReportReporter -->
<testsuite hostname="EC2AMAZ-8HCHO4G" failures="0" tests="1" name="com.timp.test.BRB.AgrupadoPeloCampo" time="190.800" errors="0" timestamp="2023-05-29T19:59:22 UTC" skipped="0">
  <testcase classname="com.timp.test.BRB.AgrupadoPeloCampo" name="agrupadoPeloCampo" time="190.800"/>
  <system-out/>
</testsuite> <!-- com.timp.test.BRB.AgrupadoPeloCampo -->
