<?xml version="1.0" encoding="UTF-8"?>
<!-- Generated by org.testng.reporters.JUnitReportReporter -->
<testsuite hostname="DESKTOP-C57COV6" failures="0" tests="1" name="com.timp.test.BSC.CorreçãodeNFRejeitarEmMassa" time="282.143" errors="0" timestamp="19 ago. 2021 02:11:37 GMT" skipped="0">
  <testcase classname="com.timp.test.BSC.CorreçãodeNFRejeitarEmMassa" name="rejeitar" time="282.143"/>
</testsuite> <!-- com.timp.test.BSC.CorreçãodeNFRejeitarEmMassa -->
