<?xml version="1.0" encoding="UTF-8"?>
<!-- Generated by org.testng.reporters.JUnitReportReporter -->
<testsuite hostname="EC2AMAZ-8HCHO4G" failures="0" tests="1" name="com.timp.test.TDK.Kpis.KpisCriar" time="117.099" errors="0" timestamp="2024-01-22T19:04:58 UTC" skipped="0">
  <testcase classname="com.timp.test.TDK.Kpis.KpisCriar" name="criar" time="117.099"/>
  <system-out/>
</testsuite> <!-- com.timp.test.TDK.Kpis.KpisCriar -->
