<?xml version="1.0" encoding="UTF-8"?>
<!-- Generated by org.testng.reporters.JUnitReportReporter -->
<testsuite hostname="DESKTOP-35UG9UP" name="com.timp.test.MDR.RepresentanteLegais.RepresentanteLegaisEditar" tests="3" failures="0" timestamp="27 Aug 2020 20:55:12 GMT" time="118.441" errors="0">
  <testcase name="acessarMDR" time="12.457" classname="com.timp.test.MDR.RepresentanteLegais.RepresentanteLegaisEditar"/>
  <testcase name="login" time="10.449" classname="com.timp.test.MDR.RepresentanteLegais.RepresentanteLegaisEditar"/>
  <testcase name="editar" time="95.535" classname="com.timp.test.MDR.RepresentanteLegais.RepresentanteLegaisEditar"/>
</testsuite> <!-- com.timp.test.MDR.RepresentanteLegais.RepresentanteLegaisEditar -->
