<?xml version="1.0" encoding="UTF-8"?>
<!-- Generated by org.testng.reporters.JUnitReportReporter -->
<testsuite hostname="DESKTOP-C57COV6" failures="0" tests="1" name="com.timp.test.MDR.ContratoIOF.ContratoIOFEditar" time="218.159" errors="0" timestamp="06 oct. 2021 18:34:45 GMT" skipped="0">
  <testcase classname="com.timp.test.MDR.ContratoIOF.ContratoIOFEditar" name="editar" time="218.159"/>
</testsuite> <!-- com.timp.test.MDR.ContratoIOF.ContratoIOFEditar -->
