<?xml version="1.0" encoding="UTF-8"?>
<!-- Generated by org.testng.reporters.JUnitReportReporter -->
<testsuite hostname="DESKTOP-35UG9UP" name="com.timp.test.MDR.CodigoReceita.CodigoReceitaCriar" tests="3" failures="0" timestamp="24 Sep 2020 16:15:03 GMT" time="78.193" errors="0">
  <testcase name="login" time="10.401" classname="com.timp.test.MDR.CodigoReceita.CodigoReceitaCriar"/>
  <testcase name="acessarMDR" time="16.714" classname="com.timp.test.MDR.CodigoReceita.CodigoReceitaCriar"/>
  <testcase name="criar" time="51.078" classname="com.timp.test.MDR.CodigoReceita.CodigoReceitaCriar"/>
</testsuite> <!-- com.timp.test.MDR.CodigoReceita.CodigoReceitaCriar -->
