<?xml version="1.0" encoding="UTF-8"?>
<!-- Generated by org.testng.reporters.JUnitReportReporter -->
<testsuite hostname="LitoSoler" name="com.timp.test.MDR.SaldoInicialDiferido.SaldoInicialDiferidoEditar" tests="3" failures="0" timestamp="8 Oct 2020 00:21:47 GMT" time="104.012" errors="0">
  <testcase name="login" time="7.274" classname="com.timp.test.MDR.SaldoInicialDiferido.SaldoInicialDiferidoEditar"/>
  <testcase name="acessarMDR" time="9.195" classname="com.timp.test.MDR.SaldoInicialDiferido.SaldoInicialDiferidoEditar"/>
  <testcase name="editar" time="87.543" classname="com.timp.test.MDR.SaldoInicialDiferido.SaldoInicialDiferidoEditar"/>
</testsuite> <!-- com.timp.test.MDR.SaldoInicialDiferido.SaldoInicialDiferidoEditar -->
