<?xml version="1.0" encoding="UTF-8"?>
<!-- Generated by org.testng.reporters.JUnitReportReporter -->
<testsuite hostname="MassielV" failures="0" tests="1" name="com.timp.test.MDR.TabelasApoioESocial.Tabela02.FinanciamentoDeAposEspDetalhe" time="143.482" errors="0" timestamp="20 oct. 2021 22:34:44 GMT" skipped="0">
  <testcase classname="com.timp.test.MDR.TabelasApoioESocial.Tabela02.FinanciamentoDeAposEspDetalhe" name="detalhe" time="143.482"/>
</testsuite> <!-- com.timp.test.MDR.TabelasApoioESocial.Tabela02.FinanciamentoDeAposEspDetalhe -->
