<?xml version="1.0" encoding="UTF-8"?>
<!-- Generated by org.testng.reporters.JUnitReportReporter -->
<testsuite hostname="DESKTOP-M23FVFN" failures="0" tests="1" name="com.timp.test.TFP.Periodos.Periodos.PeriodosAlterarStatusSubPeriodoAvulso" time="100.978" errors="0" timestamp="2023-01-10T15:22:12 BRT" skipped="0">
  <testcase classname="com.timp.test.TFP.Periodos.Periodos.PeriodosAlterarStatusSubPeriodoAvulso" name="alterarStatusSubPeriodo" time="100.978"/>
  <system-out/>
</testsuite> <!-- com.timp.test.TFP.Periodos.Periodos.PeriodosAlterarStatusSubPeriodoAvulso -->
