<?xml version="1.0" encoding="UTF-8"?>
<!-- Generated by org.testng.reporters.JUnitReportReporter -->
<testsuite hostname="EC2AMAZ-8HCHO4G" failures="0" tests="2" name="com.timp.test.BRB.ExcluirColuna" time="203.377" errors="0" timestamp="2023-03-03T20:29:18 UTC" skipped="0">
  <testcase classname="com.timp.test.BRB.ExcluirColuna" name="excluirColunaDragNDrop" time="129.751"/>
  <system-out/>
  <testcase classname="com.timp.test.BRB.ExcluirColuna" name="excluirColunaOpcao" time="73.626"/>
  <system-out/>
</testsuite> <!-- com.timp.test.BRB.ExcluirColuna -->
