<?xml version="1.0" encoding="UTF-8"?>
<!-- Generated by org.testng.reporters.JUnitReportReporter -->
<testsuite hostname="LitoSoler" name="com.timp.test.BRB.ReordenarColuna" tests="3" failures="0" timestamp="21 Sep 2020 20:27:35 GMT" time="88.286" errors="0">
  <testcase name="login" time="9.934" classname="com.timp.test.BRB.ReordenarColuna"/>
  <testcase name="reordenar" time="53.292" classname="com.timp.test.BRB.ReordenarColuna"/>
  <testcase name="brbEntrar" time="25.060" classname="com.timp.test.BRB.ReordenarColuna"/>
</testsuite> <!-- com.timp.test.BRB.ReordenarColuna -->
