<?xml version="1.0" encoding="UTF-8"?>
<!-- Generated by org.testng.reporters.JUnitReportReporter -->
<<<<<<< HEAD
<<<<<<< HEAD
<testsuite hostname="DESKTOP-SUF121B" failures="0" tests="3" name="com.timp.test.BRB.ReordenarColuna" time="100.521" errors="1" timestamp="21 Jul 2020 21:49:26 GMT">
  <testcase classname="com.timp.test.BRB.ReordenarColuna" name="login" time="9.574"/>
  <testcase classname="com.timp.test.BRB.ReordenarColuna" name="brbEntrar" time="28.417"/>
  <testcase classname="com.timp.test.BRB.ReordenarColuna" name="reordenar" time="62.530">
    <error message="A coluna não foi reordenada com sucesso expected [true] but found [false]" type="java.lang.AssertionError">
      <![CDATA[java.lang.AssertionError: A coluna não foi reordenada com sucesso expected [true] but found [false]
	at org.testng.Assert.fail(Assert.java:94)
	at org.testng.Assert.failNotEquals(Assert.java:494)
	at org.testng.Assert.assertTrue(Assert.java:42)
	at com.timp.test.BRB.ReordenarColuna.reordenar(ReordenarColuna.java:80)
	at java.base/jdk.internal.reflect.NativeMethodAccessorImpl.invoke0(Native Method)
	at java.base/jdk.internal.reflect.NativeMethodAccessorImpl.invoke(NativeMethodAccessorImpl.java:62)
	at java.base/jdk.internal.reflect.DelegatingMethodAccessorImpl.invoke(DelegatingMethodAccessorImpl.java:43)
	at java.base/java.lang.reflect.Method.invoke(Method.java:564)
	at org.testng.internal.MethodInvocationHelper.invokeMethod(MethodInvocationHelper.java:80)
	at org.testng.internal.Invoker.invokeMethod(Invoker.java:714)
	at org.testng.internal.Invoker.invokeTestMethod(Invoker.java:901)
	at org.testng.internal.Invoker.invokeTestMethods(Invoker.java:1231)
	at org.testng.internal.TestMethodWorker.invokeTestMethods(TestMethodWorker.java:127)
	at org.testng.internal.TestMethodWorker.run(TestMethodWorker.java:111)
	at org.testng.TestRunner.privateRun(TestRunner.java:767)
	at org.testng.TestRunner.run(TestRunner.java:617)
	at org.testng.SuiteRunner.runTest(SuiteRunner.java:334)
	at org.testng.SuiteRunner.runSequentially(SuiteRunner.java:329)
	at org.testng.SuiteRunner.privateRun(SuiteRunner.java:291)
	at org.testng.SuiteRunner.run(SuiteRunner.java:240)
	at org.testng.SuiteRunnerWorker.runSuite(SuiteRunnerWorker.java:52)
	at org.testng.SuiteRunnerWorker.run(SuiteRunnerWorker.java:86)
	at org.testng.TestNG.runSuitesSequentially(TestNG.java:1198)
	at org.testng.TestNG.runSuitesLocally(TestNG.java:1123)
	at org.testng.TestNG.run(TestNG.java:1031)
	at org.testng.remote.AbstractRemoteTestNG.run(AbstractRemoteTestNG.java:115)
	at org.testng.remote.RemoteTestNG.initAndRun(RemoteTestNG.java:251)
	at org.testng.remote.RemoteTestNG.main(RemoteTestNG.java:77)
]]>
    </error>
  </testcase> <!-- reordenar -->
=======
<testsuite hostname="LitoSoler" name="com.timp.test.BRB.ReordenarColuna" tests="3" failures="0" timestamp="11 Aug 2020 15:00:32 GMT" time="84.148" errors="0">
  <testcase name="login" time="9.942" classname="com.timp.test.BRB.ReordenarColuna"/>
  <testcase name="reordenar" time="56.739" classname="com.timp.test.BRB.ReordenarColuna"/>
  <testcase name="brbEntrar" time="17.467" classname="com.timp.test.BRB.ReordenarColuna"/>
>>>>>>> branch 'master' of https://github.com/salc1997/TIMP_R1.git
=======
<testsuite hostname="DESKTOP-35UG9UP" name="com.timp.test.BRB.ReordenarColuna" tests="3" failures="0" timestamp="1 Oct 2020 20:47:21 GMT" time="91.297" errors="0">
  <testcase name="login" time="10.947" classname="com.timp.test.BRB.ReordenarColuna"/>
  <testcase name="reordenar" time="51.639" classname="com.timp.test.BRB.ReordenarColuna"/>
  <testcase name="brbEntrar" time="28.711" classname="com.timp.test.BRB.ReordenarColuna"/>
>>>>>>> branch 'master' of https://github.com/salc1997/TIMP_R1.git
</testsuite> <!-- com.timp.test.BRB.ReordenarColuna -->
