<?xml version="1.0" encoding="UTF-8"?>
<!-- Generated by org.testng.reporters.JUnitReportReporter -->
<testsuite hostname="LAPTOP-IN7IV9K5" failures="0" tests="1" name="com.timp.test.TDK.Execucoes.ExecucoesIdPublicoePrivado" time="135.514" errors="0" timestamp="14 abr. 2021 20:34:01 GMT" skipped="0">
  <testcase classname="com.timp.test.TDK.Execucoes.ExecucoesIdPublicoePrivado" name="criar" time="135.514"/>
</testsuite> <!-- com.timp.test.TDK.Execucoes.ExecucoesIdPublicoePrivado -->
