<?xml version="1.0" encoding="UTF-8"?>
<!-- Generated by org.testng.reporters.JUnitReportReporter -->
<testsuite hostname="MassielV" failures="0" tests="1" name="com.timp.test.MDR.CEP.Municipio.MunicipioCriar" time="111.679" errors="0" timestamp="02 nov. 2021 06:24:40 GMT" skipped="0">
  <testcase classname="com.timp.test.MDR.CEP.Municipio.MunicipioCriar" name="criar" time="111.679"/>
</testsuite> <!-- com.timp.test.MDR.CEP.Municipio.MunicipioCriar -->
