<?xml version="1.0" encoding="UTF-8"?>
<!-- Generated by org.testng.reporters.JUnitReportReporter -->
<testsuite hostname="LAPTOP-IN7IV9K5" failures="0" tests="1" name="com.timp.test.BRE.CalculoDeTributos.ParametroGerais.CalculoDeTributoLixeiraMaisExcluirDefinitivamente" time="89.940" errors="0" timestamp="13 may. 2021 15:26:43 GMT" skipped="0">
  <testcase classname="com.timp.test.BRE.CalculoDeTributos.ParametroGerais.CalculoDeTributoLixeiraMaisExcluirDefinitivamente" name="criar" time="89.940"/>
</testsuite> <!-- com.timp.test.BRE.CalculoDeTributos.ParametroGerais.CalculoDeTributoLixeiraMaisExcluirDefinitivamente -->
