<?xml version="1.0" encoding="UTF-8"?>
<!-- Generated by org.testng.reporters.JUnitReportReporter -->
<testsuite hostname="LAPTOP-IN7IV9K5" failures="0" tests="3" name="com.timp.test.BRE.RegrasDeEscrituração.RegrasDeEscrituracaoLixeiraEmMassaMaisExcluirEmMassa" time="274.875" errors="0" timestamp="15 Feb 2021 21:12:19 GMT">
  <testcase classname="com.timp.test.BRE.RegrasDeEscrituração.RegrasDeEscrituracaoLixeiraEmMassaMaisExcluirEmMassa" name="login" time="7.643"/>
  <testcase classname="com.timp.test.BRE.RegrasDeEscrituração.RegrasDeEscrituracaoLixeiraEmMassaMaisExcluirEmMassa" name="criar" time="250.354"/>
  <testcase classname="com.timp.test.BRE.RegrasDeEscrituração.RegrasDeEscrituracaoLixeiraEmMassaMaisExcluirEmMassa" name="acessarBRE" time="16.878"/>
</testsuite> <!-- com.timp.test.BRE.RegrasDeEscrituração.RegrasDeEscrituracaoLixeiraEmMassaMaisExcluirEmMassa -->
