<?xml version="1.0" encoding="UTF-8"?>
<!-- Generated by org.testng.reporters.JUnitReportReporter -->
<testsuite hostname="DESKTOP-M23FVFN" failures="0" tests="1" name="com.timp.test.TCC.GestaoDeCreditoTributarioPISCONFINS.GestaoDeCreditoTributarioCOFINS.ConfiguracaoEExecucao.Registro1600.Registro1600Excluir" time="111.761" errors="0" timestamp="2022-05-29T22:30:22 CST" skipped="0">
  <testcase classname="com.timp.test.TCC.GestaoDeCreditoTributarioPISCONFINS.GestaoDeCreditoTributarioCOFINS.ConfiguracaoEExecucao.Registro1600.Registro1600Excluir" name="excluir" time="111.761"/>
  <system-out/>
</testsuite> <!-- com.timp.test.TCC.GestaoDeCreditoTributarioPISCONFINS.GestaoDeCreditoTributarioCOFINS.ConfiguracaoEExecucao.Registro1600.Registro1600Excluir -->
