<?xml version="1.0" encoding="UTF-8"?>
<!-- Generated by org.testng.reporters.JUnitReportReporter -->
<<<<<<< HEAD
<testsuite hostname="Agile" failures="0" tests="2" name="com.timp.test.MDR.TabelasApoioESocial.Tabela17.DescricaoDeNatDeLesãoExcluirEmMassa" time="145.257" errors="0" timestamp="09 dic. 2021 08:51:14 GMT" skipped="0">
  <testcase classname="com.timp.test.MDR.TabelasApoioESocial.Tabela17.DescricaoDeNatDeLesãoExcluirEmMassa" name="criar" time="105.677"/>
  <testcase classname="com.timp.test.MDR.TabelasApoioESocial.Tabela17.DescricaoDeNatDeLesãoExcluirEmMassa" name="excluir" time="39.580"/>
=======
<testsuite hostname="DESKTOP-M23FVFN" failures="0" tests="2" name="com.timp.test.MDR.TabelasApoioESocial.Tabela17.DescricaoDeNatDeLesãoExcluirEmMassa" time="273.793" errors="0" timestamp="09 dic. 2021 04:59:50 GMT" skipped="0">
  <testcase classname="com.timp.test.MDR.TabelasApoioESocial.Tabela17.DescricaoDeNatDeLesãoExcluirEmMassa" name="criar" time="236.095"/>
  <testcase classname="com.timp.test.MDR.TabelasApoioESocial.Tabela17.DescricaoDeNatDeLesãoExcluirEmMassa" name="excluir" time="37.698"/>
>>>>>>> branch 'Yessy' of https://github.com/salc1997/TIMP_R1
</testsuite> <!-- com.timp.test.MDR.TabelasApoioESocial.Tabela17.DescricaoDeNatDeLesãoExcluirEmMassa -->
