<?xml version="1.0" encoding="UTF-8"?>
<!-- Generated by org.testng.reporters.JUnitReportReporter -->
<testsuite hostname="DESKTOP-M23FVFN" failures="0" tests="2" name="com.timp.test.TFB.LivrosOficiais.LivrosOficiais" time="258.277" errors="0" timestamp="2022-10-27T12:23:03 BRT" skipped="0">
  <testcase classname="com.timp.test.TFB.LivrosOficiais.LivrosOficiais" name="livrosOficias" time="48.433"/>
  <system-out/>
  <testcase classname="com.timp.test.TFB.LivrosOficiais.LivrosOficiais" name="livrosICMS" time="209.844"/>
  <system-out/>
</testsuite> <!-- com.timp.test.TFB.LivrosOficiais.LivrosOficiais -->
