<?xml version="1.0" encoding="UTF-8"?>
<!-- Generated by org.testng.reporters.JUnitReportReporter -->
<testsuite hostname="DESKTOP-M23FVFN" failures="0" tests="2" name="com.timp.test.BRB.FiltroColunas" time="185.054" errors="0" timestamp="2022-07-28T10:36:30 CST" skipped="0">
  <testcase classname="com.timp.test.BRB.FiltroColunas" name="filtroConFerramenta2" time="33.367"/>
  <system-out/>
  <testcase classname="com.timp.test.BRB.FiltroColunas" name="filtroConFerramenta1" time="151.687"/>
  <system-out/>
</testsuite> <!-- com.timp.test.BRB.FiltroColunas -->
