<?xml version="1.0" encoding="UTF-8"?>
<!-- Generated by org.testng.reporters.JUnitReportReporter -->
<testsuite hostname="DESKTOP-5P4F1JE" failures="0" tests="3" name="com.timp.test.ADM.Configuração.ConfiguracaoDeTributos.ConfiguracaoDeTributo.ConfiguracaoDeTributoExcluir" time="55.613" errors="0" timestamp="9 Feb 2021 15:53:13 GMT">
  <testcase classname="com.timp.test.ADM.Configuração.ConfiguracaoDeTributos.ConfiguracaoDeTributo.ConfiguracaoDeTributoExcluir" name="excluir" time="30.598"/>
  <testcase classname="com.timp.test.ADM.Configuração.ConfiguracaoDeTributos.ConfiguracaoDeTributo.ConfiguracaoDeTributoExcluir" name="login" time="10.194"/>
  <testcase classname="com.timp.test.ADM.Configuração.ConfiguracaoDeTributos.ConfiguracaoDeTributo.ConfiguracaoDeTributoExcluir" name="AcessarADM" time="14.821"/>
</testsuite> <!-- com.timp.test.ADM.Configuração.ConfiguracaoDeTributos.ConfiguracaoDeTributo.ConfiguracaoDeTributoExcluir -->
