<?xml version="1.0" encoding="UTF-8"?>
<!-- Generated by org.testng.reporters.JUnitReportReporter -->
<testsuite hostname="EC2AMAZ-8HCHO4G" failures="0" tests="3" name="com.timp.test.BRB.Formula" time="194.149" errors="0" timestamp="2023-09-29T23:27:16 UTC" skipped="0">
  <testcase classname="com.timp.test.BRB.Formula" name="formulaColuna" time="60.592"/>
  <system-out/>
  <testcase classname="com.timp.test.BRB.Formula" name="formulaBoton" time="115.704"/>
  <system-out/>
  <testcase classname="com.timp.test.BRB.Formula" name="aplicar" time="17.853"/>
  <system-out/>
</testsuite> <!-- com.timp.test.BRB.Formula -->
