<?xml version="1.0" encoding="UTF-8"?>
<!-- Generated by org.testng.reporters.JUnitReportReporter -->
<testsuite hostname="DESKTOP-BNBDMGT" failures="0" tests="2" name="com.timp.test.BRE.AcessarBRE" time="19.859" errors="0" timestamp="15 Feb 2021 21:21:01 GMT">
  <testcase classname="com.timp.test.BRE.AcessarBRE" name="login" time="7.113"/>
  <testcase classname="com.timp.test.BRE.AcessarBRE" name="MDREntrar" time="12.746"/>
</testsuite> <!-- com.timp.test.BRE.AcessarBRE -->
