<?xml version="1.0" encoding="UTF-8"?>
<!-- Generated by org.testng.reporters.JUnitReportReporter -->
<testsuite hostname="MIGUEL" failures="0" tests="1" name="com.timp.test.MDR.TabelasComplementaresParaObrigaçoesAcessorias.AtribuicaoMunicipioEstado.AtribuicaoMunicipioEstadoVisualizar" time="90.159" errors="0" timestamp="17 abr. 2021 16:01:15 GMT" skipped="0">
  <testcase classname="com.timp.test.MDR.TabelasComplementaresParaObrigaçoesAcessorias.AtribuicaoMunicipioEstado.AtribuicaoMunicipioEstadoVisualizar" name="visualizar" time="90.159"/>
</testsuite> <!-- com.timp.test.MDR.TabelasComplementaresParaObrigaçoesAcessorias.AtribuicaoMunicipioEstado.AtribuicaoMunicipioEstadoVisualizar -->
