<?xml version="1.0" encoding="UTF-8"?>
<!-- Generated by org.testng.reporters.JUnitReportReporter -->
<testsuite hostname="LitoSoler" name="com.timp.test.MDR.CadastroCondiçao.CadastroCondicaoCriar" tests="3" failures="0" timestamp="19 Aug 2020 20:55:08 GMT" time="171.220" errors="0">
  <testcase name="criar" time="126.611" classname="com.timp.test.MDR.CadastroCondiçao.CadastroCondicaoCriar"/>
  <testcase name="acessarMDR" time="37.811" classname="com.timp.test.MDR.CadastroCondiçao.CadastroCondicaoCriar"/>
  <testcase name="login" time="6.798" classname="com.timp.test.MDR.CadastroCondiçao.CadastroCondicaoCriar"/>
</testsuite> <!-- com.timp.test.MDR.CadastroCondiçao.CadastroCondicaoCriar -->
