<?xml version="1.0" encoding="UTF-8"?>
<!-- Generated by org.testng.reporters.JUnitReportReporter -->
<testsuite hostname="DESKTOP-M23FVFN" failures="0" tests="2" name="com.timp.test.BRB.GruposAvancados" time="509.169" errors="0" timestamp="31 dic. 2021 02:27:13 GMT" skipped="0">
  <testcase classname="com.timp.test.BRB.GruposAvancados" name="gruposAvanzados" time="453.589"/>
  <testcase classname="com.timp.test.BRB.GruposAvancados" name="eliminarGrupos" time="55.580"/>
</testsuite> <!-- com.timp.test.BRB.GruposAvancados -->
