<?xml version="1.0" encoding="UTF-8"?>
<!-- Generated by org.testng.reporters.JUnitReportReporter -->
<testsuite hostname="EC2AMAZ-8HCHO4G" failures="0" tests="5" name="com.timp.test.ADM.Configuracao.ConfiguracaoDeTributos.ConfiguracaoTributoAgrupamento.ConfiguracaoTributoAgrupamentoTodasFunc" time="221.606" errors="0" timestamp="2023-04-11T23:13:52 UTC" skipped="0">
  <testcase classname="com.timp.test.ADM.Configuracao.ConfiguracaoDeTributos.ConfiguracaoTributoAgrupamento.ConfiguracaoTributoAgrupamentoTodasFunc" name="criar" time="68.426"/>
  <system-out/>
  <testcase classname="com.timp.test.ADM.Configuracao.ConfiguracaoDeTributos.ConfiguracaoTributoAgrupamento.ConfiguracaoTributoAgrupamentoTodasFunc" name="Editar" time="40.183"/>
  <system-out/>
  <testcase classname="com.timp.test.ADM.Configuracao.ConfiguracaoDeTributos.ConfiguracaoTributoAgrupamento.ConfiguracaoTributoAgrupamentoTodasFunc" name="visualizar" time="61.025"/>
  <system-out/>
  <testcase classname="com.timp.test.ADM.Configuracao.ConfiguracaoDeTributos.ConfiguracaoTributoAgrupamento.ConfiguracaoTributoAgrupamentoTodasFunc" name="filtros" time="23.426"/>
  <system-out/>
  <testcase classname="com.timp.test.ADM.Configuracao.ConfiguracaoDeTributos.ConfiguracaoTributoAgrupamento.ConfiguracaoTributoAgrupamentoTodasFunc" name="Excluir" time="28.546"/>
  <system-out/>
</testsuite> <!-- com.timp.test.ADM.Configuracao.ConfiguracaoDeTributos.ConfiguracaoTributoAgrupamento.ConfiguracaoTributoAgrupamentoTodasFunc -->
