<?xml version="1.0" encoding="UTF-8"?>
<!-- Generated by org.testng.reporters.JUnitReportReporter -->
<testsuite hostname="MIGUEL" failures="3" tests="3" name="com.timp.test.MDR.TabelaDeApoioECF.TabelaDeApoioECFVisualizar" time="0.007" errors="0" timestamp="14 Nov 2020 22:36:47 GMT">
  <testcase classname="com.timp.test.MDR.TabelaDeApoioECF.TabelaDeApoioECFVisualizar" name="login" time="0.001">
    <failure message="session not created
from chrome not reachable
  (Session info: chrome=86.0.4240.198)
Build info: version: &#039;3.141.59&#039;, revision: &#039;e82be7d358&#039;, time: &#039;2018-11-14T08:17:03&#039;
System info: host: &#039;MIGUEL&#039;, ip: &#039;192.168.0.10&#039;, os.name: &#039;Windows 10&#039;, os.arch: &#039;amd64&#039;, os.version: &#039;10.0&#039;, java.version: &#039;14.0.2&#039;
Driver info: driver.version: ChromeDriver
remote stacktrace: Backtrace:
	Ordinal0 [0x0064C013+3194899]
	Ordinal0 [0x00536021+2056225]
	Ordinal0 [0x003CF4B0+586928]
	Ordinal0 [0x003C5894+546964]
	Ordinal0 [0x003C5F2C+548652]
	Ordinal0 [0x003C7175+553333]
	Ordinal0 [0x003C241E+533534]
	Ordinal0 [0x003D0620+591392]
	Ordinal0 [0x00372A0C+207372]
	Ordinal0 [0x00371D0D+204045]
	Ordinal0 [0x0036FC1B+195611]
	Ordinal0 [0x00353B7F+80767]
	Ordinal0 [0x00354B4E+84814]
	Ordinal0 [0x00354AD9+84697]
	Ordinal0 [0x0054CE64+2149988]
	GetHandleVerifier [0x007BBE95+1400773]
	GetHandleVerifier [0x007BBB61+1399953]
	GetHandleVerifier [0x007C31FA+1430314]
	GetHandleVerifier [0x007BC69F+1402831]
	Ordinal0 [0x00543D61+2112865]
	Ordinal0 [0x0054E5CB+2155979]
	Ordinal0 [0x0054E6F5+2156277]
	Ordinal0 [0x0055F26E+2224750]
	BaseThreadInitThunk [0x772E6359+25]
	RtlGetAppContainerNamedObjectPath [0x77448944+228]
	RtlGetAppContainerNamedObjectPath [0x77448914+180]
" type="org.openqa.selenium.SessionNotCreatedException">
      <![CDATA[org.openqa.selenium.SessionNotCreatedException: session not created
from chrome not reachable
  (Session info: chrome=86.0.4240.198)
Build info: version: '3.141.59', revision: 'e82be7d358', time: '2018-11-14T08:17:03'
System info: host: 'MIGUEL', ip: '192.168.0.10', os.name: 'Windows 10', os.arch: 'amd64', os.version: '10.0', java.version: '14.0.2'
Driver info: driver.version: ChromeDriver
remote stacktrace: Backtrace:
	Ordinal0 [0x0064C013+3194899]
	Ordinal0 [0x00536021+2056225]
	Ordinal0 [0x003CF4B0+586928]
	Ordinal0 [0x003C5894+546964]
	Ordinal0 [0x003C5F2C+548652]
	Ordinal0 [0x003C7175+553333]
	Ordinal0 [0x003C241E+533534]
	Ordinal0 [0x003D0620+591392]
	Ordinal0 [0x00372A0C+207372]
	Ordinal0 [0x00371D0D+204045]
	Ordinal0 [0x0036FC1B+195611]
	Ordinal0 [0x00353B7F+80767]
	Ordinal0 [0x00354B4E+84814]
	Ordinal0 [0x00354AD9+84697]
	Ordinal0 [0x0054CE64+2149988]
	GetHandleVerifier [0x007BBE95+1400773]
	GetHandleVerifier [0x007BBB61+1399953]
	GetHandleVerifier [0x007C31FA+1430314]
	GetHandleVerifier [0x007BC69F+1402831]
	Ordinal0 [0x00543D61+2112865]
	Ordinal0 [0x0054E5CB+2155979]
	Ordinal0 [0x0054E6F5+2156277]
	Ordinal0 [0x0055F26E+2224750]
	BaseThreadInitThunk [0x772E6359+25]
	RtlGetAppContainerNamedObjectPath [0x77448944+228]
	RtlGetAppContainerNamedObjectPath [0x77448914+180]

	at java.base/jdk.internal.reflect.NativeConstructorAccessorImpl.newInstance0(Native Method)
	at java.base/jdk.internal.reflect.NativeConstructorAccessorImpl.newInstance(NativeConstructorAccessorImpl.java:62)
	at java.base/jdk.internal.reflect.DelegatingConstructorAccessorImpl.newInstance(DelegatingConstructorAccessorImpl.java:45)
	at java.base/java.lang.reflect.Constructor.newInstanceWithCaller(Constructor.java:500)
	at java.base/java.lang.reflect.Constructor.newInstance(Constructor.java:481)
	at org.openqa.selenium.remote.W3CHandshakeResponse.lambda$errorHandler$0(W3CHandshakeResponse.java:62)
	at org.openqa.selenium.remote.HandshakeResponse.lambda$getResponseFunction$0(HandshakeResponse.java:30)
	at org.openqa.selenium.remote.ProtocolHandshake.lambda$createSession$0(ProtocolHandshake.java:126)
	at java.base/java.util.stream.ReferencePipeline$3$1.accept(ReferencePipeline.java:195)
	at java.base/java.util.Spliterators$ArraySpliterator.tryAdvance(Spliterators.java:958)
	at java.base/java.util.stream.ReferencePipeline.forEachWithCancel(ReferencePipeline.java:127)
	at java.base/java.util.stream.AbstractPipeline.copyIntoWithCancel(AbstractPipeline.java:502)
	at java.base/java.util.stream.AbstractPipeline.copyInto(AbstractPipeline.java:488)
	at java.base/java.util.stream.AbstractPipeline.wrapAndCopyInto(AbstractPipeline.java:474)
	at java.base/java.util.stream.FindOps$FindOp.evaluateSequential(FindOps.java:150)
	at java.base/java.util.stream.AbstractPipeline.evaluate(AbstractPipeline.java:234)
	at java.base/java.util.stream.ReferencePipeline.findFirst(ReferencePipeline.java:543)
	at org.openqa.selenium.remote.ProtocolHandshake.createSession(ProtocolHandshake.java:128)
	at org.openqa.selenium.remote.ProtocolHandshake.createSession(ProtocolHandshake.java:74)
	at org.openqa.selenium.remote.HttpCommandExecutor.execute(HttpCommandExecutor.java:136)
	at org.openqa.selenium.remote.service.DriverCommandExecutor.execute(DriverCommandExecutor.java:83)
	at org.openqa.selenium.remote.RemoteWebDriver.execute(RemoteWebDriver.java:552)
	at org.openqa.selenium.remote.RemoteWebDriver.startSession(RemoteWebDriver.java:213)
	at org.openqa.selenium.remote.RemoteWebDriver.<init>(RemoteWebDriver.java:131)
	at org.openqa.selenium.chrome.ChromeDriver.<init>(ChromeDriver.java:181)
	at org.openqa.selenium.chrome.ChromeDriver.<init>(ChromeDriver.java:168)
	at org.openqa.selenium.chrome.ChromeDriver.<init>(ChromeDriver.java:123)
	at com.sap.timp.base.TestBaseSteven.initialization(TestBaseSteven.java:74)
	at com.timp.test.MDR.TabelaDeApoioECF.TabelaDeApoioECFVisualizar.beforeClass(TabelaDeApoioECFVisualizar.java:26)
	at java.base/jdk.internal.reflect.NativeMethodAccessorImpl.invoke0(Native Method)
	at java.base/jdk.internal.reflect.NativeMethodAccessorImpl.invoke(NativeMethodAccessorImpl.java:62)
	at java.base/jdk.internal.reflect.DelegatingMethodAccessorImpl.invoke(DelegatingMethodAccessorImpl.java:43)
	at java.base/java.lang.reflect.Method.invoke(Method.java:564)
	at org.testng.internal.MethodInvocationHelper.invokeMethod(MethodInvocationHelper.java:80)
	at org.testng.internal.Invoker.invokeConfigurationMethod(Invoker.java:564)
	at org.testng.internal.Invoker.invokeConfigurations(Invoker.java:213)
	at org.testng.internal.Invoker.invokeConfigurations(Invoker.java:138)
	at org.testng.internal.TestMethodWorker.invokeBeforeClassMethods(TestMethodWorker.java:175)
	at org.testng.internal.TestMethodWorker.run(TestMethodWorker.java:107)
	at org.testng.TestRunner.privateRun(TestRunner.java:767)
	at org.testng.TestRunner.run(TestRunner.java:617)
	at org.testng.SuiteRunner.runTest(SuiteRunner.java:334)
	at org.testng.SuiteRunner.runSequentially(SuiteRunner.java:329)
	at org.testng.SuiteRunner.privateRun(SuiteRunner.java:291)
	at org.testng.SuiteRunner.run(SuiteRunner.java:240)
	at org.testng.SuiteRunnerWorker.runSuite(SuiteRunnerWorker.java:52)
	at org.testng.SuiteRunnerWorker.run(SuiteRunnerWorker.java:86)
	at org.testng.TestNG.runSuitesSequentially(TestNG.java:1198)
	at org.testng.TestNG.runSuitesLocally(TestNG.java:1123)
	at org.testng.TestNG.run(TestNG.java:1031)
	at org.testng.remote.AbstractRemoteTestNG.run(AbstractRemoteTestNG.java:115)
	at org.testng.remote.RemoteTestNG.initAndRun(RemoteTestNG.java:251)
	at org.testng.remote.RemoteTestNG.main(RemoteTestNG.java:77)
]]>
    </failure>
  </testcase> <!-- login -->
  <testcase classname="com.timp.test.MDR.TabelaDeApoioECF.TabelaDeApoioECFVisualizar" name="acessarMDR" time="0.003">
    <failure message="session not created
from chrome not reachable
  (Session info: chrome=86.0.4240.198)
Build info: version: &#039;3.141.59&#039;, revision: &#039;e82be7d358&#039;, time: &#039;2018-11-14T08:17:03&#039;
System info: host: &#039;MIGUEL&#039;, ip: &#039;192.168.0.10&#039;, os.name: &#039;Windows 10&#039;, os.arch: &#039;amd64&#039;, os.version: &#039;10.0&#039;, java.version: &#039;14.0.2&#039;
Driver info: driver.version: ChromeDriver
remote stacktrace: Backtrace:
	Ordinal0 [0x0064C013+3194899]
	Ordinal0 [0x00536021+2056225]
	Ordinal0 [0x003CF4B0+586928]
	Ordinal0 [0x003C5894+546964]
	Ordinal0 [0x003C5F2C+548652]
	Ordinal0 [0x003C7175+553333]
	Ordinal0 [0x003C241E+533534]
	Ordinal0 [0x003D0620+591392]
	Ordinal0 [0x00372A0C+207372]
	Ordinal0 [0x00371D0D+204045]
	Ordinal0 [0x0036FC1B+195611]
	Ordinal0 [0x00353B7F+80767]
	Ordinal0 [0x00354B4E+84814]
	Ordinal0 [0x00354AD9+84697]
	Ordinal0 [0x0054CE64+2149988]
	GetHandleVerifier [0x007BBE95+1400773]
	GetHandleVerifier [0x007BBB61+1399953]
	GetHandleVerifier [0x007C31FA+1430314]
	GetHandleVerifier [0x007BC69F+1402831]
	Ordinal0 [0x00543D61+2112865]
	Ordinal0 [0x0054E5CB+2155979]
	Ordinal0 [0x0054E6F5+2156277]
	Ordinal0 [0x0055F26E+2224750]
	BaseThreadInitThunk [0x772E6359+25]
	RtlGetAppContainerNamedObjectPath [0x77448944+228]
	RtlGetAppContainerNamedObjectPath [0x77448914+180]
" type="org.openqa.selenium.SessionNotCreatedException">
      <![CDATA[org.openqa.selenium.SessionNotCreatedException: session not created
from chrome not reachable
  (Session info: chrome=86.0.4240.198)
Build info: version: '3.141.59', revision: 'e82be7d358', time: '2018-11-14T08:17:03'
System info: host: 'MIGUEL', ip: '192.168.0.10', os.name: 'Windows 10', os.arch: 'amd64', os.version: '10.0', java.version: '14.0.2'
Driver info: driver.version: ChromeDriver
remote stacktrace: Backtrace:
	Ordinal0 [0x0064C013+3194899]
	Ordinal0 [0x00536021+2056225]
	Ordinal0 [0x003CF4B0+586928]
	Ordinal0 [0x003C5894+546964]
	Ordinal0 [0x003C5F2C+548652]
	Ordinal0 [0x003C7175+553333]
	Ordinal0 [0x003C241E+533534]
	Ordinal0 [0x003D0620+591392]
	Ordinal0 [0x00372A0C+207372]
	Ordinal0 [0x00371D0D+204045]
	Ordinal0 [0x0036FC1B+195611]
	Ordinal0 [0x00353B7F+80767]
	Ordinal0 [0x00354B4E+84814]
	Ordinal0 [0x00354AD9+84697]
	Ordinal0 [0x0054CE64+2149988]
	GetHandleVerifier [0x007BBE95+1400773]
	GetHandleVerifier [0x007BBB61+1399953]
	GetHandleVerifier [0x007C31FA+1430314]
	GetHandleVerifier [0x007BC69F+1402831]
	Ordinal0 [0x00543D61+2112865]
	Ordinal0 [0x0054E5CB+2155979]
	Ordinal0 [0x0054E6F5+2156277]
	Ordinal0 [0x0055F26E+2224750]
	BaseThreadInitThunk [0x772E6359+25]
	RtlGetAppContainerNamedObjectPath [0x77448944+228]
	RtlGetAppContainerNamedObjectPath [0x77448914+180]

	at java.base/jdk.internal.reflect.NativeConstructorAccessorImpl.newInstance0(Native Method)
	at java.base/jdk.internal.reflect.NativeConstructorAccessorImpl.newInstance(NativeConstructorAccessorImpl.java:62)
	at java.base/jdk.internal.reflect.DelegatingConstructorAccessorImpl.newInstance(DelegatingConstructorAccessorImpl.java:45)
	at java.base/java.lang.reflect.Constructor.newInstanceWithCaller(Constructor.java:500)
	at java.base/java.lang.reflect.Constructor.newInstance(Constructor.java:481)
	at org.openqa.selenium.remote.W3CHandshakeResponse.lambda$errorHandler$0(W3CHandshakeResponse.java:62)
	at org.openqa.selenium.remote.HandshakeResponse.lambda$getResponseFunction$0(HandshakeResponse.java:30)
	at org.openqa.selenium.remote.ProtocolHandshake.lambda$createSession$0(ProtocolHandshake.java:126)
	at java.base/java.util.stream.ReferencePipeline$3$1.accept(ReferencePipeline.java:195)
	at java.base/java.util.Spliterators$ArraySpliterator.tryAdvance(Spliterators.java:958)
	at java.base/java.util.stream.ReferencePipeline.forEachWithCancel(ReferencePipeline.java:127)
	at java.base/java.util.stream.AbstractPipeline.copyIntoWithCancel(AbstractPipeline.java:502)
	at java.base/java.util.stream.AbstractPipeline.copyInto(AbstractPipeline.java:488)
	at java.base/java.util.stream.AbstractPipeline.wrapAndCopyInto(AbstractPipeline.java:474)
	at java.base/java.util.stream.FindOps$FindOp.evaluateSequential(FindOps.java:150)
	at java.base/java.util.stream.AbstractPipeline.evaluate(AbstractPipeline.java:234)
	at java.base/java.util.stream.ReferencePipeline.findFirst(ReferencePipeline.java:543)
	at org.openqa.selenium.remote.ProtocolHandshake.createSession(ProtocolHandshake.java:128)
	at org.openqa.selenium.remote.ProtocolHandshake.createSession(ProtocolHandshake.java:74)
	at org.openqa.selenium.remote.HttpCommandExecutor.execute(HttpCommandExecutor.java:136)
	at org.openqa.selenium.remote.service.DriverCommandExecutor.execute(DriverCommandExecutor.java:83)
	at org.openqa.selenium.remote.RemoteWebDriver.execute(RemoteWebDriver.java:552)
	at org.openqa.selenium.remote.RemoteWebDriver.startSession(RemoteWebDriver.java:213)
	at org.openqa.selenium.remote.RemoteWebDriver.<init>(RemoteWebDriver.java:131)
	at org.openqa.selenium.chrome.ChromeDriver.<init>(ChromeDriver.java:181)
	at org.openqa.selenium.chrome.ChromeDriver.<init>(ChromeDriver.java:168)
	at org.openqa.selenium.chrome.ChromeDriver.<init>(ChromeDriver.java:123)
	at com.sap.timp.base.TestBaseSteven.initialization(TestBaseSteven.java:74)
	at com.timp.test.MDR.TabelaDeApoioECF.TabelaDeApoioECFVisualizar.beforeClass(TabelaDeApoioECFVisualizar.java:26)
	at java.base/jdk.internal.reflect.NativeMethodAccessorImpl.invoke0(Native Method)
	at java.base/jdk.internal.reflect.NativeMethodAccessorImpl.invoke(NativeMethodAccessorImpl.java:62)
	at java.base/jdk.internal.reflect.DelegatingMethodAccessorImpl.invoke(DelegatingMethodAccessorImpl.java:43)
	at java.base/java.lang.reflect.Method.invoke(Method.java:564)
	at org.testng.internal.MethodInvocationHelper.invokeMethod(MethodInvocationHelper.java:80)
	at org.testng.internal.Invoker.invokeConfigurationMethod(Invoker.java:564)
	at org.testng.internal.Invoker.invokeConfigurations(Invoker.java:213)
	at org.testng.internal.Invoker.invokeConfigurations(Invoker.java:138)
	at org.testng.internal.TestMethodWorker.invokeBeforeClassMethods(TestMethodWorker.java:175)
	at org.testng.internal.TestMethodWorker.run(TestMethodWorker.java:107)
	at org.testng.TestRunner.privateRun(TestRunner.java:767)
	at org.testng.TestRunner.run(TestRunner.java:617)
	at org.testng.SuiteRunner.runTest(SuiteRunner.java:334)
	at org.testng.SuiteRunner.runSequentially(SuiteRunner.java:329)
	at org.testng.SuiteRunner.privateRun(SuiteRunner.java:291)
	at org.testng.SuiteRunner.run(SuiteRunner.java:240)
	at org.testng.SuiteRunnerWorker.runSuite(SuiteRunnerWorker.java:52)
	at org.testng.SuiteRunnerWorker.run(SuiteRunnerWorker.java:86)
	at org.testng.TestNG.runSuitesSequentially(TestNG.java:1198)
	at org.testng.TestNG.runSuitesLocally(TestNG.java:1123)
	at org.testng.TestNG.run(TestNG.java:1031)
	at org.testng.remote.AbstractRemoteTestNG.run(AbstractRemoteTestNG.java:115)
	at org.testng.remote.RemoteTestNG.initAndRun(RemoteTestNG.java:251)
	at org.testng.remote.RemoteTestNG.main(RemoteTestNG.java:77)
]]>
    </failure>
  </testcase> <!-- acessarMDR -->
  <testcase classname="com.timp.test.MDR.TabelaDeApoioECF.TabelaDeApoioECFVisualizar" name="visualizar" time="0.003">
    <failure message="session not created
from chrome not reachable
  (Session info: chrome=86.0.4240.198)
Build info: version: &#039;3.141.59&#039;, revision: &#039;e82be7d358&#039;, time: &#039;2018-11-14T08:17:03&#039;
System info: host: &#039;MIGUEL&#039;, ip: &#039;192.168.0.10&#039;, os.name: &#039;Windows 10&#039;, os.arch: &#039;amd64&#039;, os.version: &#039;10.0&#039;, java.version: &#039;14.0.2&#039;
Driver info: driver.version: ChromeDriver
remote stacktrace: Backtrace:
	Ordinal0 [0x0064C013+3194899]
	Ordinal0 [0x00536021+2056225]
	Ordinal0 [0x003CF4B0+586928]
	Ordinal0 [0x003C5894+546964]
	Ordinal0 [0x003C5F2C+548652]
	Ordinal0 [0x003C7175+553333]
	Ordinal0 [0x003C241E+533534]
	Ordinal0 [0x003D0620+591392]
	Ordinal0 [0x00372A0C+207372]
	Ordinal0 [0x00371D0D+204045]
	Ordinal0 [0x0036FC1B+195611]
	Ordinal0 [0x00353B7F+80767]
	Ordinal0 [0x00354B4E+84814]
	Ordinal0 [0x00354AD9+84697]
	Ordinal0 [0x0054CE64+2149988]
	GetHandleVerifier [0x007BBE95+1400773]
	GetHandleVerifier [0x007BBB61+1399953]
	GetHandleVerifier [0x007C31FA+1430314]
	GetHandleVerifier [0x007BC69F+1402831]
	Ordinal0 [0x00543D61+2112865]
	Ordinal0 [0x0054E5CB+2155979]
	Ordinal0 [0x0054E6F5+2156277]
	Ordinal0 [0x0055F26E+2224750]
	BaseThreadInitThunk [0x772E6359+25]
	RtlGetAppContainerNamedObjectPath [0x77448944+228]
	RtlGetAppContainerNamedObjectPath [0x77448914+180]
" type="org.openqa.selenium.SessionNotCreatedException">
      <![CDATA[org.openqa.selenium.SessionNotCreatedException: session not created
from chrome not reachable
  (Session info: chrome=86.0.4240.198)
Build info: version: '3.141.59', revision: 'e82be7d358', time: '2018-11-14T08:17:03'
System info: host: 'MIGUEL', ip: '192.168.0.10', os.name: 'Windows 10', os.arch: 'amd64', os.version: '10.0', java.version: '14.0.2'
Driver info: driver.version: ChromeDriver
remote stacktrace: Backtrace:
	Ordinal0 [0x0064C013+3194899]
	Ordinal0 [0x00536021+2056225]
	Ordinal0 [0x003CF4B0+586928]
	Ordinal0 [0x003C5894+546964]
	Ordinal0 [0x003C5F2C+548652]
	Ordinal0 [0x003C7175+553333]
	Ordinal0 [0x003C241E+533534]
	Ordinal0 [0x003D0620+591392]
	Ordinal0 [0x00372A0C+207372]
	Ordinal0 [0x00371D0D+204045]
	Ordinal0 [0x0036FC1B+195611]
	Ordinal0 [0x00353B7F+80767]
	Ordinal0 [0x00354B4E+84814]
	Ordinal0 [0x00354AD9+84697]
	Ordinal0 [0x0054CE64+2149988]
	GetHandleVerifier [0x007BBE95+1400773]
	GetHandleVerifier [0x007BBB61+1399953]
	GetHandleVerifier [0x007C31FA+1430314]
	GetHandleVerifier [0x007BC69F+1402831]
	Ordinal0 [0x00543D61+2112865]
	Ordinal0 [0x0054E5CB+2155979]
	Ordinal0 [0x0054E6F5+2156277]
	Ordinal0 [0x0055F26E+2224750]
	BaseThreadInitThunk [0x772E6359+25]
	RtlGetAppContainerNamedObjectPath [0x77448944+228]
	RtlGetAppContainerNamedObjectPath [0x77448914+180]

	at java.base/jdk.internal.reflect.NativeConstructorAccessorImpl.newInstance0(Native Method)
	at java.base/jdk.internal.reflect.NativeConstructorAccessorImpl.newInstance(NativeConstructorAccessorImpl.java:62)
	at java.base/jdk.internal.reflect.DelegatingConstructorAccessorImpl.newInstance(DelegatingConstructorAccessorImpl.java:45)
	at java.base/java.lang.reflect.Constructor.newInstanceWithCaller(Constructor.java:500)
	at java.base/java.lang.reflect.Constructor.newInstance(Constructor.java:481)
	at org.openqa.selenium.remote.W3CHandshakeResponse.lambda$errorHandler$0(W3CHandshakeResponse.java:62)
	at org.openqa.selenium.remote.HandshakeResponse.lambda$getResponseFunction$0(HandshakeResponse.java:30)
	at org.openqa.selenium.remote.ProtocolHandshake.lambda$createSession$0(ProtocolHandshake.java:126)
	at java.base/java.util.stream.ReferencePipeline$3$1.accept(ReferencePipeline.java:195)
	at java.base/java.util.Spliterators$ArraySpliterator.tryAdvance(Spliterators.java:958)
	at java.base/java.util.stream.ReferencePipeline.forEachWithCancel(ReferencePipeline.java:127)
	at java.base/java.util.stream.AbstractPipeline.copyIntoWithCancel(AbstractPipeline.java:502)
	at java.base/java.util.stream.AbstractPipeline.copyInto(AbstractPipeline.java:488)
	at java.base/java.util.stream.AbstractPipeline.wrapAndCopyInto(AbstractPipeline.java:474)
	at java.base/java.util.stream.FindOps$FindOp.evaluateSequential(FindOps.java:150)
	at java.base/java.util.stream.AbstractPipeline.evaluate(AbstractPipeline.java:234)
	at java.base/java.util.stream.ReferencePipeline.findFirst(ReferencePipeline.java:543)
	at org.openqa.selenium.remote.ProtocolHandshake.createSession(ProtocolHandshake.java:128)
	at org.openqa.selenium.remote.ProtocolHandshake.createSession(ProtocolHandshake.java:74)
	at org.openqa.selenium.remote.HttpCommandExecutor.execute(HttpCommandExecutor.java:136)
	at org.openqa.selenium.remote.service.DriverCommandExecutor.execute(DriverCommandExecutor.java:83)
	at org.openqa.selenium.remote.RemoteWebDriver.execute(RemoteWebDriver.java:552)
	at org.openqa.selenium.remote.RemoteWebDriver.startSession(RemoteWebDriver.java:213)
	at org.openqa.selenium.remote.RemoteWebDriver.<init>(RemoteWebDriver.java:131)
	at org.openqa.selenium.chrome.ChromeDriver.<init>(ChromeDriver.java:181)
	at org.openqa.selenium.chrome.ChromeDriver.<init>(ChromeDriver.java:168)
	at org.openqa.selenium.chrome.ChromeDriver.<init>(ChromeDriver.java:123)
	at com.sap.timp.base.TestBaseSteven.initialization(TestBaseSteven.java:74)
	at com.timp.test.MDR.TabelaDeApoioECF.TabelaDeApoioECFVisualizar.beforeClass(TabelaDeApoioECFVisualizar.java:26)
	at java.base/jdk.internal.reflect.NativeMethodAccessorImpl.invoke0(Native Method)
	at java.base/jdk.internal.reflect.NativeMethodAccessorImpl.invoke(NativeMethodAccessorImpl.java:62)
	at java.base/jdk.internal.reflect.DelegatingMethodAccessorImpl.invoke(DelegatingMethodAccessorImpl.java:43)
	at java.base/java.lang.reflect.Method.invoke(Method.java:564)
	at org.testng.internal.MethodInvocationHelper.invokeMethod(MethodInvocationHelper.java:80)
	at org.testng.internal.Invoker.invokeConfigurationMethod(Invoker.java:564)
	at org.testng.internal.Invoker.invokeConfigurations(Invoker.java:213)
	at org.testng.internal.Invoker.invokeConfigurations(Invoker.java:138)
	at org.testng.internal.TestMethodWorker.invokeBeforeClassMethods(TestMethodWorker.java:175)
	at org.testng.internal.TestMethodWorker.run(TestMethodWorker.java:107)
	at org.testng.TestRunner.privateRun(TestRunner.java:767)
	at org.testng.TestRunner.run(TestRunner.java:617)
	at org.testng.SuiteRunner.runTest(SuiteRunner.java:334)
	at org.testng.SuiteRunner.runSequentially(SuiteRunner.java:329)
	at org.testng.SuiteRunner.privateRun(SuiteRunner.java:291)
	at org.testng.SuiteRunner.run(SuiteRunner.java:240)
	at org.testng.SuiteRunnerWorker.runSuite(SuiteRunnerWorker.java:52)
	at org.testng.SuiteRunnerWorker.run(SuiteRunnerWorker.java:86)
	at org.testng.TestNG.runSuitesSequentially(TestNG.java:1198)
	at org.testng.TestNG.runSuitesLocally(TestNG.java:1123)
	at org.testng.TestNG.run(TestNG.java:1031)
	at org.testng.remote.AbstractRemoteTestNG.run(AbstractRemoteTestNG.java:115)
	at org.testng.remote.RemoteTestNG.initAndRun(RemoteTestNG.java:251)
	at org.testng.remote.RemoteTestNG.main(RemoteTestNG.java:77)
]]>
    </failure>
  </testcase> <!-- visualizar -->
</testsuite> <!-- com.timp.test.MDR.TabelaDeApoioECF.TabelaDeApoioECFVisualizar -->
