<?xml version="1.0" encoding="UTF-8"?>
<!-- Generated by org.testng.reporters.JUnitReportReporter -->
<testsuite hostname="CRISTHIAN-VASQUEZ" failures="0" tests="3" name="com.timp.test.TCC.FatorDeCreditamento.FatorDeCreditamentoFiltrosAvançados" time="82.832" errors="0" timestamp="03 mar. 2021 22:40:16 GMT" skipped="0">
  <testcase classname="com.timp.test.TCC.FatorDeCreditamento.FatorDeCreditamentoFiltrosAvançados" name="login" time="10.647"/>
  <testcase classname="com.timp.test.TCC.FatorDeCreditamento.FatorDeCreditamentoFiltrosAvançados" name="acessarTCC" time="25.306"/>
  <testcase classname="com.timp.test.TCC.FatorDeCreditamento.FatorDeCreditamentoFiltrosAvançados" name="Filtro" time="46.879"/>
</testsuite> <!-- com.timp.test.TCC.FatorDeCreditamento.FatorDeCreditamentoFiltrosAvançados -->
