<?xml version="1.0" encoding="UTF-8"?>
<!-- Generated by org.testng.reporters.JUnitReportReporter -->
<testsuite hostname="EC2AMAZ-8HCHO4G" failures="0" tests="1" name="com.timp.test.TFP.Configuracoes.Configuracoes.Periodo.ConfiguracoesPeríodoCriar" time="114.694" errors="0" timestamp="2023-09-13T18:26:45 UTC" skipped="0">
  <testcase classname="com.timp.test.TFP.Configuracoes.Configuracoes.Periodo.ConfiguracoesPeríodoCriar" name="criar" time="114.694"/>
  <system-out/>
</testsuite> <!-- com.timp.test.TFP.Configuracoes.Configuracoes.Periodo.ConfiguracoesPeríodoCriar -->
