<?xml version="1.0" encoding="UTF-8"?>
<!-- Generated by org.testng.reporters.JUnitReportReporter -->
<testsuite hostname="LitoSoler" name="com.timp.test.MDR.CadastroCondiçao.CadasatroCondicaoVisualizar" tests="3" failures="0" timestamp="31 Aug 2020 21:26:24 GMT" time="79.559" errors="0">
  <testcase name="login" time="6.458" classname="com.timp.test.MDR.CadastroCondiçao.CadasatroCondicaoVisualizar"/>
  <testcase name="Visualizar" time="64.584" classname="com.timp.test.MDR.CadastroCondiçao.CadasatroCondicaoVisualizar"/>
  <testcase name="acessarMDR" time="8.517" classname="com.timp.test.MDR.CadastroCondiçao.CadasatroCondicaoVisualizar"/>
</testsuite> <!-- com.timp.test.MDR.CadastroCondiçao.CadasatroCondicaoVisualizar -->
