<?xml version="1.0" encoding="UTF-8"?>
<!-- Generated by org.testng.reporters.JUnitReportReporter -->
<<<<<<< HEAD
<testsuite hostname="LAPTOP-IN7IV9K5" failures="0" tests="1" name="com.timp.test.MDR.IncentivosFiscais.IncentivosFiscaisEditar" time="154.142" errors="0" timestamp="25 jun. 2021 12:00:21 GMT" skipped="0">
  <testcase classname="com.timp.test.MDR.IncentivosFiscais.IncentivosFiscaisEditar" name="editar" time="154.142"/>
=======
<testsuite hostname="DESKTOP-C57COV6" failures="0" tests="1" name="com.timp.test.MDR.IncentivosFiscais.IncentivosFiscaisEditar" time="166.325" errors="0" timestamp="15 sep. 2021 10:02:58 GMT" skipped="0">
  <testcase classname="com.timp.test.MDR.IncentivosFiscais.IncentivosFiscaisEditar" name="editar" time="166.325"/>
>>>>>>> refs/remotes/origin/Yessy
</testsuite> <!-- com.timp.test.MDR.IncentivosFiscais.IncentivosFiscaisEditar -->
