<?xml version="1.0" encoding="UTF-8"?>
<!-- Generated by org.testng.reporters.JUnitReportReporter -->
<testsuite hostname="LitoSoler" name="com.timp.test.BRB.NovoRelatorio" tests="4" failures="0" timestamp="12 Nov 2020 00:38:34 GMT" time="175.332" errors="0">
  <testcase name="login" time="9.566" classname="com.timp.test.BRB.NovoRelatorio"/>
  <testcase name="brbEntrar" time="22.939" classname="com.timp.test.BRB.NovoRelatorio"/>
  <testcase name="colunas" time="82.649" classname="com.timp.test.BRB.NovoRelatorio"/>
  <testcase name="novoRelatorio" time="60.178" classname="com.timp.test.BRB.NovoRelatorio"/>
</testsuite> <!-- com.timp.test.BRB.NovoRelatorio -->
