<?xml version="1.0" encoding="UTF-8"?>
<!-- Generated by org.testng.reporters.JUnitReportReporter -->
<<<<<<< HEAD
<testsuite hostname="DESKTOP-C57COV6" failures="0" tests="1" name="com.timp.test.MDR.TabelasApoioESocial.Tabela10.TiposDeLotacaoTributarioExcluir" time="91.217" errors="0" timestamp="10 ago. 2021 13:24:06 GMT" skipped="0">
  <testcase classname="com.timp.test.MDR.TabelasApoioESocial.Tabela10.TiposDeLotacaoTributarioExcluir" name="excluir" time="91.217"/>
=======
<testsuite hostname="DESKTOP-JP1A9E6" failures="0" tests="1" name="com.timp.test.MDR.TabelasApoioESocial.Tabela10.TiposDeLotacaoTributarioExcluir" time="100.323" errors="0" timestamp="05 ago. 2021 13:26:22 GMT" skipped="0">
  <testcase classname="com.timp.test.MDR.TabelasApoioESocial.Tabela10.TiposDeLotacaoTributarioExcluir" name="excluir" time="100.323"/>
>>>>>>> branch 'Yessy' of https://github.com/salc1997/TIMP_R1.git
</testsuite> <!-- com.timp.test.MDR.TabelasApoioESocial.Tabela10.TiposDeLotacaoTributarioExcluir -->
