<?xml version="1.0" encoding="UTF-8"?>
<!-- Generated by org.testng.reporters.JUnitReportReporter -->
<testsuite hostname="DESKTOP-M23FVFN" failures="0" tests="2" name="com.timp.test.MDR.ICMSSTTransporte.ICMSSTTransporteExcluirEmMassa" time="173.271" errors="0" timestamp="30 nov. 2021 08:27:55 GMT" skipped="0">
  <testcase classname="com.timp.test.MDR.ICMSSTTransporte.ICMSSTTransporteExcluirEmMassa" name="excluir" time="39.232"/>
  <testcase classname="com.timp.test.MDR.ICMSSTTransporte.ICMSSTTransporteExcluirEmMassa" name="criar" time="134.039"/>
</testsuite> <!-- com.timp.test.MDR.ICMSSTTransporte.ICMSSTTransporteExcluirEmMassa -->
