<?xml version="1.0" encoding="UTF-8"?>
<!-- Generated by org.testng.reporters.JUnitReportReporter -->
<testsuite hostname="LitoSoler" name="com.timp.test.SCANC.RelatoriosRefineriaGerados.RelatoriosReefineriaGeradosFiltrosAvancadosNaVisualizacao" tests="3" failures="0" timestamp="16 Dec 2020 16:53:59 GMT" time="283.531" errors="0">
  <testcase name="filtrosAvancadosNavisualizacao" time="232.015" classname="com.timp.test.SCANC.RelatoriosRefineriaGerados.RelatoriosReefineriaGeradosFiltrosAvancadosNaVisualizacao"/>
  <testcase name="ingresar" time="20.079" classname="com.timp.test.SCANC.RelatoriosRefineriaGerados.RelatoriosReefineriaGeradosFiltrosAvancadosNaVisualizacao"/>
  <testcase name="scancEntrar" time="31.437" classname="com.timp.test.SCANC.RelatoriosRefineriaGerados.RelatoriosReefineriaGeradosFiltrosAvancadosNaVisualizacao"/>
</testsuite> <!-- com.timp.test.SCANC.RelatoriosRefineriaGerados.RelatoriosReefineriaGeradosFiltrosAvancadosNaVisualizacao -->
