<?xml version="1.0" encoding="UTF-8"?>
<!-- Generated by org.testng.reporters.JUnitReportReporter -->
<testsuite hostname="DESKTOP-M23FVFN" failures="0" tests="1" name="com.timp.test.TCC.BancoDeCreditoExtemporaneo.Executados.ExecutadosExcluir" time="161.529" errors="0" timestamp="2022-10-18T20:10:37 BRT" skipped="0">
  <testcase classname="com.timp.test.TCC.BancoDeCreditoExtemporaneo.Executados.ExecutadosExcluir" name="excluir" time="161.529"/>
  <system-out/>
</testsuite> <!-- com.timp.test.TCC.BancoDeCreditoExtemporaneo.Executados.ExecutadosExcluir -->
