<?xml version="1.0" encoding="UTF-8"?>
<!-- Generated by org.testng.reporters.JUnitReportReporter -->
<testsuite hostname="CRISTHIAN-VASQUEZ" failures="0" tests="3" name="com.timp.test.MDR.EventosESocial.S1250AquisicaoDeProducaoRural.S1250DetAquisição.S1250DetAquisiçãoEditar" time="181.677" errors="0" timestamp="7 Jan 2021 12:05:50 GMT">
  <testcase classname="com.timp.test.MDR.EventosESocial.S1250AquisicaoDeProducaoRural.S1250DetAquisição.S1250DetAquisiçãoEditar" name="editar" time="107.519"/>
  <testcase classname="com.timp.test.MDR.EventosESocial.S1250AquisicaoDeProducaoRural.S1250DetAquisição.S1250DetAquisiçãoEditar" name="acessarMDR" time="44.799"/>
  <testcase classname="com.timp.test.MDR.EventosESocial.S1250AquisicaoDeProducaoRural.S1250DetAquisição.S1250DetAquisiçãoEditar" name="login" time="29.359"/>
</testsuite> <!-- com.timp.test.MDR.EventosESocial.S1250AquisicaoDeProducaoRural.S1250DetAquisição.S1250DetAquisiçãoEditar -->
