<?xml version="1.0" encoding="UTF-8"?>
<!-- Generated by org.testng.reporters.JUnitReportReporter -->
<testsuite hostname="DESKTOP-35UG9UP" name="com.timp.test.MDR.Antecipacao.AntecipacaoFiltros" tests="3" failures="0" timestamp="24 Sep 2020 13:21:54 GMT" time="47.596" errors="0">
  <testcase name="login" time="9.314" classname="com.timp.test.MDR.Antecipacao.AntecipacaoFiltros"/>
  <testcase name="visualizar" time="25.202" classname="com.timp.test.MDR.Antecipacao.AntecipacaoFiltros"/>
  <testcase name="acessarMDR" time="13.080" classname="com.timp.test.MDR.Antecipacao.AntecipacaoFiltros"/>
</testsuite> <!-- com.timp.test.MDR.Antecipacao.AntecipacaoFiltros -->
