<?xml version="1.0" encoding="UTF-8"?>
<!-- Generated by org.testng.reporters.JUnitReportReporter -->
<testsuite hostname="MassielV" failures="0" tests="1" name="com.timp.test.MDR.TabelasComplementaresParaObrigaçoesAcessorias.CodigoDeMotivosDeAjustes.CodigoDeMotivosDeAjustesExcluirEmMassa" time="144.073" errors="0" timestamp="30 sep. 2021 05:51:34 GMT" skipped="0">
  <testcase classname="com.timp.test.MDR.TabelasComplementaresParaObrigaçoesAcessorias.CodigoDeMotivosDeAjustes.CodigoDeMotivosDeAjustesExcluirEmMassa" name="criar" time="144.073"/>
</testsuite> <!-- com.timp.test.MDR.TabelasComplementaresParaObrigaçoesAcessorias.CodigoDeMotivosDeAjustes.CodigoDeMotivosDeAjustesExcluirEmMassa -->
