<?xml version="1.0" encoding="UTF-8"?>
<!-- Generated by org.testng.reporters.JUnitReportReporter -->
<testsuite skipped="0" hostname="LitoSoler" name="com.timp.test.MDR.ConfiguracoesFundoSocial.ConfiguracaoFundoSocailFiltroId" tests="1" failures="0" timestamp="16 mar 2021 02:40:52 GMT" time="64.204" errors="0">
  <testcase name="filtroId" time="64.204" classname="com.timp.test.MDR.ConfiguracoesFundoSocial.ConfiguracaoFundoSocailFiltroId"/>
</testsuite> <!-- com.timp.test.MDR.ConfiguracoesFundoSocial.ConfiguracaoFundoSocailFiltroId -->
