<?xml version="1.0" encoding="UTF-8"?>
<!-- Generated by org.testng.reporters.JUnitReportReporter -->
<testsuite hostname="LitoSoler" name="com.timp.test.MDR.CEP.Logradouro.LogradouroEditar" tests="3" failures="0" timestamp="24 Sep 2020 14:37:37 GMT" time="81.522" errors="0">
  <testcase name="login" time="9.650" classname="com.timp.test.MDR.CEP.Logradouro.LogradouroEditar"/>
  <testcase name="acessarMDR" time="28.951" classname="com.timp.test.MDR.CEP.Logradouro.LogradouroEditar"/>
  <testcase name="logradouroEditar" time="42.921" classname="com.timp.test.MDR.CEP.Logradouro.LogradouroEditar"/>
</testsuite> <!-- com.timp.test.MDR.CEP.Logradouro.LogradouroEditar -->
