<?xml version="1.0" encoding="UTF-8"?>
<!-- Generated by org.testng.reporters.JUnitReportReporter -->
<testsuite hostname="MIGUEL" failures="0" tests="1" name="com.timp.test.MDR.TabelasApoioESocial.Tabela06.PaisesDetalhe" time="69.398" errors="0" timestamp="08 abr. 2021 22:32:38 GMT" skipped="0">
  <testcase classname="com.timp.test.MDR.TabelasApoioESocial.Tabela06.PaisesDetalhe" name="detalhes" time="69.398"/>
</testsuite> <!-- com.timp.test.MDR.TabelasApoioESocial.Tabela06.PaisesDetalhe -->
