<?xml version="1.0" encoding="UTF-8"?>
<!-- Generated by org.testng.reporters.JUnitReportReporter -->
<testsuite hostname="LitoSoler" name="com.timp.test.MDR.CodigoContabilizacao.CódigoContabilizaçãoExcluirMassa" tests="4" failures="0" timestamp="22 Jan 2021 18:58:58 GMT" time="141.297" errors="0">
  <testcase name="acessarMDR" time="15.610" classname="com.timp.test.MDR.CodigoContabilizacao.CódigoContabilizaçãoExcluirMassa"/>
  <testcase name="login" time="6.943" classname="com.timp.test.MDR.CodigoContabilizacao.CódigoContabilizaçãoExcluirMassa"/>
  <testcase name="criar" time="90.259" classname="com.timp.test.MDR.CodigoContabilizacao.CódigoContabilizaçãoExcluirMassa"/>
  <testcase name="exlcuir" time="28.485" classname="com.timp.test.MDR.CodigoContabilizacao.CódigoContabilizaçãoExcluirMassa"/>
</testsuite> <!-- com.timp.test.MDR.CodigoContabilizacao.CódigoContabilizaçãoExcluirMassa -->
