<?xml version="1.0" encoding="UTF-8"?>
<!-- Generated by org.testng.reporters.JUnitReportReporter -->
<testsuite hostname="DESKTOP-BNBDMGT" failures="0" tests="3" name="com.timp.test.MDR.CadastrosIRPJCSLL.DEPARAContasContábeis.DEPARAContasContábeisEditar" time="95.398" errors="0" timestamp="24 Nov 2020 05:27:03 GMT">
  <testcase classname="com.timp.test.MDR.CadastrosIRPJCSLL.DEPARAContasContábeis.DEPARAContasContábeisEditar" name="Editar" time="58.863"/>
  <testcase classname="com.timp.test.MDR.CadastrosIRPJCSLL.DEPARAContasContábeis.DEPARAContasContábeisEditar" name="ingresar" time="8.436"/>
  <testcase classname="com.timp.test.MDR.CadastrosIRPJCSLL.DEPARAContasContábeis.DEPARAContasContábeisEditar" name="ingresarMDR" time="28.099"/>
</testsuite> <!-- com.timp.test.MDR.CadastrosIRPJCSLL.DEPARAContasContábeis.DEPARAContasContábeisEditar -->
