<?xml version="1.0" encoding="UTF-8"?>
<!-- Generated by org.testng.reporters.JUnitReportReporter -->
<testsuite hostname="DESKTOP-M23FVFN" failures="0" tests="2" name="com.timp.test.MDR.TabelaApoioECD.CodigoFatosContabeis.CodigoFatosContabeisExcluirMassa" time="153.833" errors="0" timestamp="16 feb. 2022 09:09:00 GMT" skipped="0">
  <testcase classname="com.timp.test.MDR.TabelaApoioECD.CodigoFatosContabeis.CodigoFatosContabeisExcluirMassa" name="excluir" time="31.973"/>
  <testcase classname="com.timp.test.MDR.TabelaApoioECD.CodigoFatosContabeis.CodigoFatosContabeisExcluirMassa" name="criar" time="121.860"/>
</testsuite> <!-- com.timp.test.MDR.TabelaApoioECD.CodigoFatosContabeis.CodigoFatosContabeisExcluirMassa -->
