<?xml version="1.0" encoding="UTF-8"?>
<!-- Generated by org.testng.reporters.JUnitReportReporter -->
<testsuite hostname="DESKTOP-M23FVFN" failures="0" tests="1" name="com.timp.test.BRB.EditarRelatorio" time="130.903" errors="0" timestamp="2022-12-11T15:04:34 BRT" skipped="0">
  <testcase classname="com.timp.test.BRB.EditarRelatorio" name="editar" time="130.903"/>
  <system-out/>
</testsuite> <!-- com.timp.test.BRB.EditarRelatorio -->
