<?xml version="1.0" encoding="UTF-8"?>
<!-- Generated by org.testng.reporters.JUnitReportReporter -->
<testsuite hostname="DESKTOP-C57COV6" failures="0" tests="2" name="com.timp.test.MDR.SCANC.SCANCDistribuidoras.SCANCDistribuidorasExcluirEmMasa" time="194.691" errors="0" timestamp="06 nov. 2021 09:48:12 GMT" skipped="0">
  <testcase classname="com.timp.test.MDR.SCANC.SCANCDistribuidoras.SCANCDistribuidorasExcluirEmMasa" name="Criar" time="164.224"/>
  <testcase classname="com.timp.test.MDR.SCANC.SCANCDistribuidoras.SCANCDistribuidorasExcluirEmMasa" name="excluirMassa" time="30.467"/>
</testsuite> <!-- com.timp.test.MDR.SCANC.SCANCDistribuidoras.SCANCDistribuidorasExcluirEmMasa -->
