<?xml version="1.0" encoding="UTF-8"?>
<!-- Generated by org.testng.reporters.JUnitReportReporter -->
<testsuite hostname="DESKTOP-C57COV6" failures="0" tests="1" name="com.timp.test.BRB.AgrupadoPeloCampo" time="205.910" errors="0" timestamp="05 jul. 2021 15:43:24 GMT" skipped="0">
  <testcase classname="com.timp.test.BRB.AgrupadoPeloCampo" name="agrupadoPeloCampo" time="205.910"/>
</testsuite> <!-- com.timp.test.BRB.AgrupadoPeloCampo -->
