<?xml version="1.0" encoding="UTF-8"?>
<!-- Generated by org.testng.reporters.JUnitReportReporter -->
<<<<<<< HEAD
<testsuite hostname="LitoSoler" name="com.timp.test.MDR.Centralizacao.EstornoCredito.EstornoCreditoVisualizar" tests="3" failures="0" timestamp="8 Dec 2020 19:46:13 GMT" time="43.540" errors="0">
  <testcase name="login" time="6.201" classname="com.timp.test.MDR.Centralizacao.EstornoCredito.EstornoCreditoVisualizar"/>
  <testcase name="acessarMDR" time="24.862" classname="com.timp.test.MDR.Centralizacao.EstornoCredito.EstornoCreditoVisualizar"/>
  <testcase name="Visualizar" time="12.477" classname="com.timp.test.MDR.Centralizacao.EstornoCredito.EstornoCreditoVisualizar"/>
=======
<testsuite hostname="DESKTOP-5P4F1JE" failures="0" tests="3" name="com.timp.test.MDR.Centralizacao.EstornoCredito.EstornoCreditoVisualizar" time="92.109" errors="0" timestamp="8 Dec 2020 20:40:00 GMT">
  <testcase classname="com.timp.test.MDR.Centralizacao.EstornoCredito.EstornoCreditoVisualizar" name="login" time="9.906"/>
  <testcase classname="com.timp.test.MDR.Centralizacao.EstornoCredito.EstornoCreditoVisualizar" name="acessarMDR" time="12.226"/>
  <testcase classname="com.timp.test.MDR.Centralizacao.EstornoCredito.EstornoCreditoVisualizar" name="Visualizar" time="69.977"/>
>>>>>>> branch 'master' of https://github.com/salc1997/TIMP_R1.git
</testsuite> <!-- com.timp.test.MDR.Centralizacao.EstornoCredito.EstornoCreditoVisualizar -->
