<?xml version="1.0" encoding="UTF-8"?>
<!-- Generated by org.testng.reporters.JUnitReportReporter -->
<testsuite hostname="MassielV" failures="0" tests="1" name="com.timp.test.BRB.PublicoEPrivado" time="183.133" errors="0" timestamp="20 oct. 2021 06:11:10 GMT" skipped="0">
  <testcase classname="com.timp.test.BRB.PublicoEPrivado" name="publicoYPRivado" time="183.133"/>
</testsuite> <!-- com.timp.test.BRB.PublicoEPrivado -->
