<?xml version="1.0" encoding="UTF-8"?>
<!-- Generated by org.testng.reporters.JUnitReportReporter -->
<testsuite hostname="MassielV" failures="0" tests="2" name="com.timp.test.MDR.Centralizacao.FatorCreditamento.FatorCreditamentoExcluirEmMassa" time="120.508" errors="0" timestamp="27 oct. 2021 10:53:06 GMT" skipped="0">
  <testcase classname="com.timp.test.MDR.Centralizacao.FatorCreditamento.FatorCreditamentoExcluirEmMassa" name="excluir" time="38.288"/>
  <testcase classname="com.timp.test.MDR.Centralizacao.FatorCreditamento.FatorCreditamentoExcluirEmMassa" name="criar" time="82.220"/>
</testsuite> <!-- com.timp.test.MDR.Centralizacao.FatorCreditamento.FatorCreditamentoExcluirEmMassa -->
