<?xml version="1.0" encoding="UTF-8"?>
<!-- Generated by org.testng.reporters.JUnitReportReporter -->
<testsuite hostname="DESKTOP-C57COV6" failures="0" tests="2" name="com.timp.test.MDR.ControleDeCreditoTributario.UtilizacaoDosCreditosNaApuracao.UtilizacaoDosCreditosNaApuracaoExcluirEmMassa" time="382.762" errors="0" timestamp="06 nov. 2021 18:27:43 GMT" skipped="0">
  <testcase classname="com.timp.test.MDR.ControleDeCreditoTributario.UtilizacaoDosCreditosNaApuracao.UtilizacaoDosCreditosNaApuracaoExcluirEmMassa" name="excluir" time="40.656"/>
  <testcase classname="com.timp.test.MDR.ControleDeCreditoTributario.UtilizacaoDosCreditosNaApuracao.UtilizacaoDosCreditosNaApuracaoExcluirEmMassa" name="criar" time="342.106"/>
</testsuite> <!-- com.timp.test.MDR.ControleDeCreditoTributario.UtilizacaoDosCreditosNaApuracao.UtilizacaoDosCreditosNaApuracaoExcluirEmMassa -->
