<?xml version="1.0" encoding="UTF-8"?>
<!-- Generated by org.testng.reporters.JUnitReportReporter -->
<testsuite hostname="DESKTOP-BNBDMGT" failures="0" tests="3" name="com.timp.test.BRE.CalculoDeTributos.CalculodeTributosTabelas" time="301.650" errors="0" timestamp="6 Jan 2021 09:42:42 GMT">
  <testcase classname="com.timp.test.BRE.CalculoDeTributos.CalculodeTributosTabelas" name="acessarBRE" time="16.742"/>
  <testcase classname="com.timp.test.BRE.CalculoDeTributos.CalculodeTributosTabelas" name="login" time="8.560"/>
  <testcase classname="com.timp.test.BRE.CalculoDeTributos.CalculodeTributosTabelas" name="editar" time="276.348"/>
</testsuite> <!-- com.timp.test.BRE.CalculoDeTributos.CalculodeTributosTabelas -->
