<?xml version="1.0" encoding="UTF-8"?>
<!-- Generated by org.testng.reporters.JUnitReportReporter -->
<testsuite hostname="LitoSoler" name="com.timp.test.BRB.Eliminar" tests="4" failures="0" timestamp="17 Nov 2020 21:04:20 GMT" time="118.679" errors="0">
  <testcase name="eliminar" time="43.090" classname="com.timp.test.BRB.Eliminar"/>
  <testcase name="login" time="7.008" classname="com.timp.test.BRB.Eliminar"/>
  <testcase name="brbEntrar" time="30.020" classname="com.timp.test.BRB.Eliminar"/>
  <testcase name="eliminarLixeira" time="38.561" classname="com.timp.test.BRB.Eliminar"/>
</testsuite> <!-- com.timp.test.BRB.Eliminar -->
