<?xml version="1.0" encoding="UTF-8"?>
<!-- Generated by org.testng.reporters.JUnitReportReporter -->
<testsuite hostname="LAPTOP-IN7IV9K5" failures="0" tests="1" name="com.timp.test.BRE.RegrasDeMensagens.Edicao.RegraDeMensagensRelacionamento" time="123.751" errors="0" timestamp="30 mar. 2021 19:17:16 GMT" skipped="0">
  <testcase classname="com.timp.test.BRE.RegrasDeMensagens.Edicao.RegraDeMensagensRelacionamento" name="relacionamento" time="123.751"/>
</testsuite> <!-- com.timp.test.BRE.RegrasDeMensagens.Edicao.RegraDeMensagensRelacionamento -->
