<?xml version="1.0" encoding="UTF-8"?>
<!-- Generated by org.testng.reporters.JUnitReportReporter -->
<testsuite hostname="DESKTOP-M23FVFN" failures="0" tests="1" name="com.timp.test.MDR.TabelasComplementaresParaObrigaçoesAcessorias.TabelaDeLogradouros.TabelaLogradouroExcluirEmMassa" time="149.995" errors="0" timestamp="12 mar. 2022 07:43:10 GMT" skipped="0">
  <testcase classname="com.timp.test.MDR.TabelasComplementaresParaObrigaçoesAcessorias.TabelaDeLogradouros.TabelaLogradouroExcluirEmMassa" name="criar" time="149.995"/>
</testsuite> <!-- com.timp.test.MDR.TabelasComplementaresParaObrigaçoesAcessorias.TabelaDeLogradouros.TabelaLogradouroExcluirEmMassa -->
