<?xml version="1.0" encoding="UTF-8"?>
<!-- Generated by org.testng.reporters.JUnitReportReporter -->
<testsuite hostname="DESKTOP-C57COV6" failures="0" tests="1" name="com.timp.test.MDR.TabelasApoioESocial.Tabela17.DescriçãoDeNatDeLesãoExcluir" time="69.805" errors="0" timestamp="17 abr. 2021 16:46:02 GMT" skipped="0">
  <testcase classname="com.timp.test.MDR.TabelasApoioESocial.Tabela17.DescriçãoDeNatDeLesãoExcluir" name="excluir" time="69.805"/>
</testsuite> <!-- com.timp.test.MDR.TabelasApoioESocial.Tabela17.DescriçãoDeNatDeLesãoExcluir -->
