<?xml version="1.0" encoding="UTF-8"?>
<!-- Generated by org.testng.reporters.JUnitReportReporter -->
<testsuite hostname="LitoSoler" name="com.timp.test.MDR.TabelasApoioESocial.Tabela20.TiposDeLogradouroVisualizar" tests="3" failures="0" timestamp="12 Nov 2020 16:55:31 GMT" time="87.625" errors="0">
  <testcase name="visualizarMotivosDesligamento" time="34.416" classname="com.timp.test.MDR.TabelasApoioESocial.Tabela20.TiposDeLogradouroVisualizar"/>
  <testcase name="ingresar" time="16.938" classname="com.timp.test.MDR.TabelasApoioESocial.Tabela20.TiposDeLogradouroVisualizar"/>
  <testcase name="mdrEntrar" time="36.271" classname="com.timp.test.MDR.TabelasApoioESocial.Tabela20.TiposDeLogradouroVisualizar"/>
</testsuite> <!-- com.timp.test.MDR.TabelasApoioESocial.Tabela20.TiposDeLogradouroVisualizar -->
