<?xml version="1.0" encoding="UTF-8"?>
<!-- Generated by org.testng.reporters.JUnitReportReporter -->
<<<<<<< HEAD
<testsuite hostname="DESKTOP-C57COV6" failures="0" tests="1" name="com.timp.test.TDK.Kpis.Edicao.KpisPúblicosEdiçãoExecutar" time="98.223" errors="0" timestamp="29 jul. 2021 14:47:47 GMT" skipped="0">
  <testcase classname="com.timp.test.TDK.Kpis.Edicao.KpisPúblicosEdiçãoExecutar" name="executar" time="98.223"/>
=======
<testsuite hostname="DESKTOP-JP1A9E6" failures="0" tests="1" name="com.timp.test.TDK.Kpis.Edicao.KpisPúblicosEdiçãoExecutar" time="121.496" errors="0" timestamp="03 ago. 2021 04:13:49 GMT" skipped="0">
  <testcase classname="com.timp.test.TDK.Kpis.Edicao.KpisPúblicosEdiçãoExecutar" name="executar" time="121.496"/>
>>>>>>> branch 'Yessy' of https://github.com/salc1997/TIMP_R1.git
</testsuite> <!-- com.timp.test.TDK.Kpis.Edicao.KpisPúblicosEdiçãoExecutar -->
