<?xml version="1.0" encoding="UTF-8"?>
<!-- Generated by org.testng.reporters.JUnitReportReporter -->
<testsuite hostname="LitoSoler" name="com.timp.test.MDR.SaldoInicialDiferido.SaldoInicialDiferidoCriar" tests="3" failures="0" timestamp="8 Oct 2020 00:16:52 GMT" time="118.103" errors="0">
  <testcase name="login" time="7.405" classname="com.timp.test.MDR.SaldoInicialDiferido.SaldoInicialDiferidoCriar"/>
  <testcase name="acessarMDR" time="9.793" classname="com.timp.test.MDR.SaldoInicialDiferido.SaldoInicialDiferidoCriar"/>
  <testcase name="criar" time="100.905" classname="com.timp.test.MDR.SaldoInicialDiferido.SaldoInicialDiferidoCriar"/>
</testsuite> <!-- com.timp.test.MDR.SaldoInicialDiferido.SaldoInicialDiferidoCriar -->
