<?xml version="1.0" encoding="UTF-8"?>
<!-- Generated by org.testng.reporters.JUnitReportReporter -->
<testsuite hostname="DESKTOP-M23FVFN" failures="0" tests="1" name="com.timp.test.BRB.AtivarCorrecao" time="110.454" errors="0" timestamp="2022-06-15T09:40:24 CST" skipped="0">
  <testcase classname="com.timp.test.BRB.AtivarCorrecao" name="ativarCorreccion" time="110.454"/>
  <system-out/>
</testsuite> <!-- com.timp.test.BRB.AtivarCorrecao -->
