<?xml version="1.0" encoding="UTF-8"?>
<!-- Generated by org.testng.reporters.JUnitReportReporter -->
<testsuite hostname="DESKTOP-JP1A9E6" failures="0" tests="2" name="com.timp.test.MDR.TaxasDeConversao.TaxasDeConversaoExcluirEmMassa" time="180.944" errors="0" timestamp="09 ago. 2021 21:29:31 GMT" skipped="0">
  <testcase classname="com.timp.test.MDR.TaxasDeConversao.TaxasDeConversaoExcluirEmMassa" name="criar" time="144.511"/>
  <testcase classname="com.timp.test.MDR.TaxasDeConversao.TaxasDeConversaoExcluirEmMassa" name="excluirEmMassa" time="36.433"/>
</testsuite> <!-- com.timp.test.MDR.TaxasDeConversao.TaxasDeConversaoExcluirEmMassa -->
