<?xml version="1.0" encoding="UTF-8"?>
<!-- Generated by org.testng.reporters.JUnitReportReporter -->
<<<<<<< HEAD
<testsuite hostname="EC2AMAZ-8HCHO4G" failures="0" tests="1" name="com.timp.test.BRB.EditarRelatorio" time="86.844" errors="0" timestamp="2023-02-15T16:57:03 UTC" skipped="0">
  <testcase classname="com.timp.test.BRB.EditarRelatorio" name="editar" time="86.844"/>
=======
<testsuite hostname="DESKTOP-M23FVFN" failures="0" tests="1" name="com.timp.test.BRB.EditarRelatorio" time="141.806" errors="0" timestamp="2023-02-13T18:38:24 BRT" skipped="0">
  <testcase classname="com.timp.test.BRB.EditarRelatorio" name="editar" time="141.806"/>
>>>>>>> branch 'Yessy' of https://github.com/salc1997/TIMP_R1.git
  <system-out/>
</testsuite> <!-- com.timp.test.BRB.EditarRelatorio -->
