<?xml version="1.0" encoding="UTF-8"?>
<!-- Generated by org.testng.reporters.JUnitReportReporter -->
<testsuite hostname="DESKTOP-C57COV6" failures="0" tests="2" name="com.timp.test.MDR.CenariosCorrecao.CenariosCorrecaoExcluirMassa" time="340.741" errors="0" timestamp="20 oct. 2021 19:20:02 GMT" skipped="0">
  <testcase classname="com.timp.test.MDR.CenariosCorrecao.CenariosCorrecaoExcluirMassa" name="excluirMassa" time="58.233"/>
  <testcase classname="com.timp.test.MDR.CenariosCorrecao.CenariosCorrecaoExcluirMassa" name="criar" time="282.508"/>
</testsuite> <!-- com.timp.test.MDR.CenariosCorrecao.CenariosCorrecaoExcluirMassa -->
