<?xml version="1.0" encoding="UTF-8"?>
<!-- Generated by org.testng.reporters.JUnitReportReporter -->
<testsuite hostname="MIGUEL" failures="0" tests="3" name="com.timp.test.BRE.CalculoDeTributos.CalculoDeTributosFiltrosAvansados" time="45.951" errors="0" timestamp="11 Jan 2021 21:24:58 GMT">
  <testcase classname="com.timp.test.BRE.CalculoDeTributos.CalculoDeTributosFiltrosAvansados" name="Filtro" time="22.053"/>
  <testcase classname="com.timp.test.BRE.CalculoDeTributos.CalculoDeTributosFiltrosAvansados" name="login" time="7.918"/>
  <testcase classname="com.timp.test.BRE.CalculoDeTributos.CalculoDeTributosFiltrosAvansados" name="acessarBRE" time="15.980"/>
</testsuite> <!-- com.timp.test.BRE.CalculoDeTributos.CalculoDeTributosFiltrosAvansados -->
