<?xml version="1.0" encoding="UTF-8"?>
<!-- Generated by org.testng.reporters.JUnitReportReporter -->
<testsuite hostname="DESKTOP-BNBDMGT" failures="0" tests="3" name="com.timp.test.TDK.Kpis.KpisCriar" time="101.757" errors="0" timestamp="11 Feb 2021 17:56:13 GMT">
  <testcase classname="com.timp.test.TDK.Kpis.KpisCriar" name="login" time="7.625"/>
  <testcase classname="com.timp.test.TDK.Kpis.KpisCriar" name="criar" time="73.317"/>
  <testcase classname="com.timp.test.TDK.Kpis.KpisCriar" name="acessarTDK" time="20.815"/>
</testsuite> <!-- com.timp.test.TDK.Kpis.KpisCriar -->
