<?xml version="1.0" encoding="UTF-8"?>
<!-- Generated by org.testng.reporters.JUnitReportReporter -->
<testsuite hostname="DESKTOP-BNBDMGT" failures="0" tests="3" name="com.timp.test.BRE.CalculoDeTributos.ParametroGerais.CalculodeTributosTabelas" time="306.074" errors="0" timestamp="6 Jan 2021 08:37:32 GMT">
  <testcase classname="com.timp.test.BRE.CalculoDeTributos.ParametroGerais.CalculodeTributosTabelas" name="acessarBRE" time="16.259"/>
  <testcase classname="com.timp.test.BRE.CalculoDeTributos.ParametroGerais.CalculodeTributosTabelas" name="login" time="8.672"/>
  <testcase classname="com.timp.test.BRE.CalculoDeTributos.ParametroGerais.CalculodeTributosTabelas" name="editar" time="281.143"/>
</testsuite> <!-- com.timp.test.BRE.CalculoDeTributos.ParametroGerais.CalculodeTributosTabelas -->
