<?xml version="1.0" encoding="UTF-8"?>
<<<<<<< HEAD
<!-- Generated by org.testng.reporters.JUnitReportReporter -->
<testsuite skipped="0" hostname="LitoSoler" name="com.timp.test.MDR.SPCBFederaisRetidos.SPCBFederaisRetidosVisualizar" tests="1" failures="0" timestamp="17 feb 2021 15:29:43 GMT" time="66.979" errors="0">
  <testcase name="visualizar" time="66.979" classname="com.timp.test.MDR.SPCBFederaisRetidos.SPCBFederaisRetidosVisualizar"/>
=======
<!-- Generated by org.testng.reporters.JUnitReportReporter -->
<testsuite skipped="0" hostname="LitoSoler" name="com.timp.test.MDR.SPCBFederaisRetidos.SPCBFederaisRetidosVisualizar" tests="1" failures="0" timestamp="16 feb 2021 21:58:27 GMT" time="78.572" errors="0">
  <testcase name="visualizar" time="78.572" classname="com.timp.test.MDR.SPCBFederaisRetidos.SPCBFederaisRetidosVisualizar"/>
>>>>>>> branch 'master' of https://github.com/salc1997/TIMP_R1.git
</testsuite> <!-- com.timp.test.MDR.SPCBFederaisRetidos.SPCBFederaisRetidosVisualizar -->
