<?xml version="1.0" encoding="UTF-8"?>
<!-- Generated by org.testng.reporters.JUnitReportReporter -->
<testsuite hostname="MIGUEL" failures="0" tests="3" name="com.timp.test.TDK.Kpis.Edicao.KpisCartaoIndicador" time="152.502" errors="0" timestamp="21 mar. 2021 23:42:54 GMT" skipped="0">
  <testcase classname="com.timp.test.TDK.Kpis.Edicao.KpisCartaoIndicador" name="login" time="8.581"/>
  <testcase classname="com.timp.test.TDK.Kpis.Edicao.KpisCartaoIndicador" name="acessarTDK" time="21.641"/>
  <testcase classname="com.timp.test.TDK.Kpis.Edicao.KpisCartaoIndicador" name="criar" time="122.280"/>
</testsuite> <!-- com.timp.test.TDK.Kpis.Edicao.KpisCartaoIndicador -->
