<?xml version="1.0" encoding="UTF-8"?>
<!-- Generated by org.testng.reporters.JUnitReportReporter -->
<testsuite hostname="DESKTOP-5P4F1JE" failures="0" tests="3" name="com.timp.test.BRE.RegrasDeAuditoriaN3.RegrasdeAuditoriaN3ValoresCalculados" time="156.885" errors="0" timestamp="2 Feb 2021 13:40:14 GMT">
  <testcase classname="com.timp.test.BRE.RegrasDeAuditoriaN3.RegrasdeAuditoriaN3ValoresCalculados" name="login" time="7.192"/>
  <testcase classname="com.timp.test.BRE.RegrasDeAuditoriaN3.RegrasdeAuditoriaN3ValoresCalculados" name="editar" time="132.503"/>
  <testcase classname="com.timp.test.BRE.RegrasDeAuditoriaN3.RegrasdeAuditoriaN3ValoresCalculados" name="acessarBRE" time="17.190"/>
</testsuite> <!-- com.timp.test.BRE.RegrasDeAuditoriaN3.RegrasdeAuditoriaN3ValoresCalculados -->
