<?xml version="1.0" encoding="UTF-8"?>
<!-- Generated by org.testng.reporters.JUnitReportReporter -->
<testsuite hostname="MIGUEL" failures="0" tests="11" name="com.timp.test.BCB.ExecucoesSalvas.HierarquiaConfiguracoesExecucoesSalvas.ExecucoesSalvasHierarquiaConfiguracaoTodasAsFuncionalidades" time="951.530" errors="0" timestamp="08 abr. 2021 23:57:49 GMT" skipped="0">
  <testcase classname="com.timp.test.BCB.ExecucoesSalvas.HierarquiaConfiguracoesExecucoesSalvas.ExecucoesSalvasHierarquiaConfiguracaoTodasAsFuncionalidades" name="login" time="9.786"/>
  <testcase classname="com.timp.test.BCB.ExecucoesSalvas.HierarquiaConfiguracoesExecucoesSalvas.ExecucoesSalvasHierarquiaConfiguracaoTodasAsFuncionalidades" name="brbEntrar" time="16.713"/>
  <testcase classname="com.timp.test.BCB.ExecucoesSalvas.HierarquiaConfiguracoesExecucoesSalvas.ExecucoesSalvasHierarquiaConfiguracaoTodasAsFuncionalidades" name="criarConfiguracaoExecucoes" time="83.998"/>
  <testcase classname="com.timp.test.BCB.ExecucoesSalvas.HierarquiaConfiguracoesExecucoesSalvas.ExecucoesSalvasHierarquiaConfiguracaoTodasAsFuncionalidades" name="criarConfiguracao" time="236.620"/>
  <testcase classname="com.timp.test.BCB.ExecucoesSalvas.HierarquiaConfiguracoesExecucoesSalvas.ExecucoesSalvasHierarquiaConfiguracaoTodasAsFuncionalidades" name="configurarConfiguracao" time="163.409"/>
  <testcase classname="com.timp.test.BCB.ExecucoesSalvas.HierarquiaConfiguracoesExecucoesSalvas.ExecucoesSalvasHierarquiaConfiguracaoTodasAsFuncionalidades" name="executar" time="97.347"/>
  <testcase classname="com.timp.test.BCB.ExecucoesSalvas.HierarquiaConfiguracoesExecucoesSalvas.ExecucoesSalvasHierarquiaConfiguracaoTodasAsFuncionalidades" name="resto" time="89.347"/>
  <testcase classname="com.timp.test.BCB.ExecucoesSalvas.HierarquiaConfiguracoesExecucoesSalvas.ExecucoesSalvasHierarquiaConfiguracaoTodasAsFuncionalidades" name="editar" time="75.455"/>
  <testcase classname="com.timp.test.BCB.ExecucoesSalvas.HierarquiaConfiguracoesExecucoesSalvas.ExecucoesSalvasHierarquiaConfiguracaoTodasAsFuncionalidades" name="excluirExecucoes" time="52.730"/>
  <testcase classname="com.timp.test.BCB.ExecucoesSalvas.HierarquiaConfiguracoesExecucoesSalvas.ExecucoesSalvasHierarquiaConfiguracaoTodasAsFuncionalidades" name="excluirConfiguracoes" time="73.845"/>
  <testcase classname="com.timp.test.BCB.ExecucoesSalvas.HierarquiaConfiguracoesExecucoesSalvas.ExecucoesSalvasHierarquiaConfiguracaoTodasAsFuncionalidades" name="excluirHierarquia" time="52.280"/>
</testsuite> <!-- com.timp.test.BCB.ExecucoesSalvas.HierarquiaConfiguracoesExecucoesSalvas.ExecucoesSalvasHierarquiaConfiguracaoTodasAsFuncionalidades -->
