<?xml version="1.0" encoding="UTF-8"?>
<!-- Generated by org.testng.reporters.JUnitReportReporter -->
<testsuite hostname="DESKTOP-JP1A9E6" failures="0" tests="3" name="com.timp.test.BRB.Formula" time="175.151" errors="0" timestamp="27 jul. 2021 19:16:47 GMT" skipped="0">
  <testcase classname="com.timp.test.BRB.Formula" name="formulaBoton" time="91.548"/>
  <testcase classname="com.timp.test.BRB.Formula" name="formulaColuna" time="73.634"/>
  <testcase classname="com.timp.test.BRB.Formula" name="aplicar" time="9.969"/>
</testsuite> <!-- com.timp.test.BRB.Formula -->
