<?xml version="1.0" encoding="UTF-8"?>
<!-- Generated by org.testng.reporters.JUnitReportReporter -->
<testsuite hostname="LitoSoler" name="com.timp.test.MDR.DetalheTipoTributo.DetalheCriar" tests="3" failures="0" timestamp="20 Aug 2020 00:38:47 GMT" time="82.841" errors="0">
  <testcase name="acessarMDR" time="8.106" classname="com.timp.test.MDR.DetalheTipoTributo.DetalheCriar"/>
  <testcase name="login" time="6.195" classname="com.timp.test.MDR.DetalheTipoTributo.DetalheCriar"/>
  <testcase name="criar" time="68.540" classname="com.timp.test.MDR.DetalheTipoTributo.DetalheCriar"/>
</testsuite> <!-- com.timp.test.MDR.DetalheTipoTributo.DetalheCriar -->
