<?xml version="1.0" encoding="UTF-8"?>
<!-- Generated by org.testng.reporters.JUnitReportReporter -->
<<<<<<< HEAD
<testsuite hostname="DESKTOP-C57COV6" failures="0" tests="1" name="com.timp.test.MDR.Centralizacao.FatorCreditamento.FatorCreditamentoEditar" time="134.333" errors="0" timestamp="27 ago. 2021 03:29:15 GMT" skipped="0">
  <testcase classname="com.timp.test.MDR.Centralizacao.FatorCreditamento.FatorCreditamentoEditar" name="editar" time="134.333"/>
=======
<testsuite hostname="DESKTOP-JP1A9E6" failures="0" tests="1" name="com.timp.test.MDR.Centralizacao.FatorCreditamento.FatorCreditamentoEditar" time="185.567" errors="0" timestamp="24 ago. 2021 23:11:55 GMT" skipped="0">
  <testcase classname="com.timp.test.MDR.Centralizacao.FatorCreditamento.FatorCreditamentoEditar" name="editar" time="185.567"/>
>>>>>>> branch 'Yessy' of https://github.com/salc1997/TIMP_R1.git
</testsuite> <!-- com.timp.test.MDR.Centralizacao.FatorCreditamento.FatorCreditamentoEditar -->
