<?xml version="1.0" encoding="UTF-8"?>
<!-- Generated by org.testng.reporters.JUnitReportReporter -->
<testsuite hostname="DESKTOP-35UG9UP" name="com.timp.test.MDR.TabelaDeApoioECF.TabelaDeApoioECFVisualizar" tests="3" failures="0" timestamp="25 Sep 2020 21:50:21 GMT" time="89.397" errors="0">
  <testcase name="login" time="11.215" classname="com.timp.test.MDR.TabelaDeApoioECF.TabelaDeApoioECFVisualizar"/>
  <testcase name="acessarMDR" time="14.264" classname="com.timp.test.MDR.TabelaDeApoioECF.TabelaDeApoioECFVisualizar"/>
  <testcase name="Visualizar" time="63.918" classname="com.timp.test.MDR.TabelaDeApoioECF.TabelaDeApoioECFVisualizar"/>
</testsuite> <!-- com.timp.test.MDR.TabelaDeApoioECF.TabelaDeApoioECFVisualizar -->
