<?xml version="1.0" encoding="UTF-8"?>
<!-- Generated by org.testng.reporters.JUnitReportReporter -->
<testsuite hostname="DESKTOP-C57COV6" failures="0" tests="3" name="com.timp.test.BRB.Formula" time="199.211" errors="0" timestamp="01 oct. 2021 01:18:04 GMT" skipped="0">
  <testcase classname="com.timp.test.BRB.Formula" name="formulaBoton" time="96.556"/>
  <testcase classname="com.timp.test.BRB.Formula" name="aplicar" time="3.079"/>
  <testcase classname="com.timp.test.BRB.Formula" name="formulaColuna" time="99.576"/>
</testsuite> <!-- com.timp.test.BRB.Formula -->
