<?xml version="1.0" encoding="UTF-8"?>
<!-- Generated by org.testng.reporters.JUnitReportReporter -->
<testsuite hostname="DESKTOP-C57COV6" failures="0" tests="1" name="com.timp.test.MDR.RepresentanteLegais.RepresentantesLegaisDetalhes" time="206.574" errors="0" timestamp="25 nov. 2021 22:47:19 GMT" skipped="0">
  <testcase classname="com.timp.test.MDR.RepresentanteLegais.RepresentantesLegaisDetalhes" name="detalhes" time="206.574"/>
</testsuite> <!-- com.timp.test.MDR.RepresentanteLegais.RepresentantesLegaisDetalhes -->
