<?xml version="1.0" encoding="UTF-8"?>
<!-- Generated by org.testng.reporters.JUnitReportReporter -->
<<<<<<< HEAD
<testsuite hostname="DESKTOP-C57COV6" failures="0" tests="1" name="com.timp.test.MDR.TabelasApoioSped.InformaçoesAdicionais.InformaçoesAdicionaisExcluirEmMassa" time="156.389" errors="0" timestamp="27 ago. 2021 08:13:21 GMT" skipped="0">
  <testcase classname="com.timp.test.MDR.TabelasApoioSped.InformaçoesAdicionais.InformaçoesAdicionaisExcluirEmMassa" name="criar" time="156.389"/>
=======
<testsuite hostname="DESKTOP-JP1A9E6" failures="0" tests="1" name="com.timp.test.MDR.TabelasApoioSped.InformaçoesAdicionais.InformaçoesAdicionaisExcluirEmMassa" time="183.333" errors="0" timestamp="25 ago. 2021 09:06:18 GMT" skipped="0">
  <testcase classname="com.timp.test.MDR.TabelasApoioSped.InformaçoesAdicionais.InformaçoesAdicionaisExcluirEmMassa" name="criar" time="183.333"/>
>>>>>>> branch 'Yessy' of https://github.com/salc1997/TIMP_R1.git
</testsuite> <!-- com.timp.test.MDR.TabelasApoioSped.InformaçoesAdicionais.InformaçoesAdicionaisExcluirEmMassa -->
