<?xml version="1.0" encoding="UTF-8"?>
<!-- Generated by org.testng.reporters.JUnitReportReporter -->
<testsuite skipped="0" hostname="LitoSoler" name="com.timp.test.BRB.FiltrosRelatorio" tests="3" failures="0" timestamp="16 feb 2021 17:23:40 GMT" time="220.903" errors="0">
  <testcase name="AfiltrosEditor" time="132.019" classname="com.timp.test.BRB.FiltrosRelatorio"/>
  <testcase name="BfiltrosBiblioteca" time="62.860" classname="com.timp.test.BRB.FiltrosRelatorio"/>
  <testcase name="CasignarValores" time="26.024" classname="com.timp.test.BRB.FiltrosRelatorio"/>
</testsuite> <!-- com.timp.test.BRB.FiltrosRelatorio -->
