<?xml version="1.0" encoding="UTF-8"?>
<!-- Generated by org.testng.reporters.JUnitReportReporter -->
<testsuite hostname="DESKTOP-JP1A9E6" failures="0" tests="1" name="com.timp.test.MDR.ContratoIOF.ContratoIOFDetalhes" time="80.135" errors="0" timestamp="20 jul. 2021 10:30:47 GMT" skipped="0">
  <testcase classname="com.timp.test.MDR.ContratoIOF.ContratoIOFDetalhes" name="Detalhes" time="80.135"/>
</testsuite> <!-- com.timp.test.MDR.ContratoIOF.ContratoIOFDetalhes -->
