<?xml version="1.0" encoding="UTF-8"?>
<<<<<<< HEAD
<!-- Generated by org.testng.reporters.JUnitReportReporter -->
<<<<<<< HEAD
<testsuite hostname="DESKTOP-C57COV6" failures="0" tests="1" name="com.timp.test.MDR.TaxasDeAtualização.ConfiguraçãoDeTipoTaxaDeAtualização.ConfiguraçãDeTipoTaxaDeAtualizaçãoExcluir" time="71.180" errors="0" timestamp="17 abr. 2021 16:46:02 GMT" skipped="0">
  <testcase classname="com.timp.test.MDR.TaxasDeAtualização.ConfiguraçãoDeTipoTaxaDeAtualização.ConfiguraçãDeTipoTaxaDeAtualizaçãoExcluir" name="excluir" time="71.180"/>
=======
<testsuite hostname="LAPTOP-IN7IV9K5" failures="0" tests="1" name="com.timp.test.MDR.TaxasDeAtualização.ConfiguraçãoDeTipoTaxaDeAtualização.ConfiguraçãDeTipoTaxaDeAtualizaçãoExcluir" time="61.826" errors="0" timestamp="20 abr. 2021 16:15:18 GMT" skipped="0">
  <testcase classname="com.timp.test.MDR.TaxasDeAtualização.ConfiguraçãoDeTipoTaxaDeAtualização.ConfiguraçãDeTipoTaxaDeAtualizaçãoExcluir" name="excluir" time="61.826"/>
>>>>>>> refs/remotes/origin/Kenssy
=======
<!-- Generated by org.testng.reporters.JUnitReportReporter -->
<testsuite hostname="DESKTOP-C57COV6" failures="0" tests="1" name="com.timp.test.MDR.TaxasDeAtualização.ConfiguraçãoDeTipoTaxaDeAtualização.ConfiguraçãDeTipoTaxaDeAtualizaçãoExcluir" time="62.882" errors="0" timestamp="26 abr. 2021 03:48:33 GMT" skipped="0">
  <testcase classname="com.timp.test.MDR.TaxasDeAtualização.ConfiguraçãoDeTipoTaxaDeAtualização.ConfiguraçãDeTipoTaxaDeAtualizaçãoExcluir" name="excluir" time="62.882"/>
>>>>>>> refs/heads/Yessy
</testsuite> <!-- com.timp.test.MDR.TaxasDeAtualização.ConfiguraçãoDeTipoTaxaDeAtualização.ConfiguraçãDeTipoTaxaDeAtualizaçãoExcluir -->
