<?xml version="1.0" encoding="UTF-8"?>
<!-- Generated by org.testng.reporters.JUnitReportReporter -->
<testsuite hostname="DESKTOP-M23FVFN" failures="0" tests="2" name="com.timp.test.BRB.GruposAvancados" time="533.303" errors="0" timestamp="10 may. 2022 19:50:49 GMT" skipped="0">
  <testcase classname="com.timp.test.BRB.GruposAvancados" name="gruposAvanzados" time="474.026"/>
  <testcase classname="com.timp.test.BRB.GruposAvancados" name="eliminarGrupos" time="59.277"/>
</testsuite> <!-- com.timp.test.BRB.GruposAvancados -->
