<?xml version="1.0" encoding="UTF-8"?>
<!-- Generated by org.testng.reporters.JUnitReportReporter -->
<testsuite skipped="0" hostname="LitoSoler" name="com.timp.test.MDR.ContratoIOF.ContratoIOFCriar" tests="1" failures="0" timestamp="09 mar 2021 00:34:16 GMT" time="126.589" errors="0">
  <testcase name="criar" time="126.589" classname="com.timp.test.MDR.ContratoIOF.ContratoIOFCriar"/>
</testsuite> <!-- com.timp.test.MDR.ContratoIOF.ContratoIOFCriar -->
