<?xml version="1.0" encoding="UTF-8"?>
<!-- Generated by org.testng.reporters.JUnitReportReporter -->
<testsuite hostname="DESKTOP-BNBDMGT" failures="0" tests="3" name="com.timp.test.BRE.RegrasDeNegocio.RegrasdeNegócioExcluirdefinitivamente" time="278.361" errors="0" timestamp="19 feb. 2021 19:05:16 GMT" skipped="0">
  <testcase classname="com.timp.test.BRE.RegrasDeNegocio.RegrasdeNegócioExcluirdefinitivamente" name="login" time="7.099"/>
  <testcase classname="com.timp.test.BRE.RegrasDeNegocio.RegrasdeNegócioExcluirdefinitivamente" name="acessarBRE" time="19.471"/>
  <testcase classname="com.timp.test.BRE.RegrasDeNegocio.RegrasdeNegócioExcluirdefinitivamente" name="criar" time="251.791"/>
</testsuite> <!-- com.timp.test.BRE.RegrasDeNegocio.RegrasdeNegócioExcluirdefinitivamente -->
