<?xml version="1.0" encoding="UTF-8"?>
<!-- Generated by org.testng.reporters.JUnitReportReporter -->
<testsuite hostname="DESKTOP-M23FVFN" failures="0" tests="1" name="com.timp.test.BRE.RegrasdeAuditoriaN2.ParametrosGerais.RegrasDeAuditoriaN2CriarCaminhos" time="251.242" errors="0" timestamp="11 mar. 2022 15:02:46 GMT" skipped="0">
  <testcase classname="com.timp.test.BRE.RegrasdeAuditoriaN2.ParametrosGerais.RegrasDeAuditoriaN2CriarCaminhos" name="criar" time="251.242"/>
</testsuite> <!-- com.timp.test.BRE.RegrasdeAuditoriaN2.ParametrosGerais.RegrasDeAuditoriaN2CriarCaminhos -->
