<?xml version="1.0" encoding="UTF-8"?>
<!-- Generated by org.testng.reporters.JUnitReportReporter -->
<testsuite hostname="DESKTOP-35UG9UP" name="com.timp.test.MDR.RegistroDeExportaçao.RegistroDeExportaçaoCriar" tests="3" failures="0" timestamp="10 Aug 2020 16:51:52 GMT" time="86.370" errors="0">
  <testcase name="login" time="9.864" classname="com.timp.test.MDR.RegistroDeExportaçao.RegistroDeExportaçaoCriar"/>
  <testcase name="criar" time="64.992" classname="com.timp.test.MDR.RegistroDeExportaçao.RegistroDeExportaçaoCriar"/>
  <testcase name="acessarMDR" time="11.514" classname="com.timp.test.MDR.RegistroDeExportaçao.RegistroDeExportaçaoCriar"/>
</testsuite> <!-- com.timp.test.MDR.RegistroDeExportaçao.RegistroDeExportaçaoCriar -->
