<?xml version="1.0" encoding="UTF-8"?>
<!-- Generated by org.testng.reporters.JUnitReportReporter -->
<testsuite hostname="LitoSoler" name="com.timp.test.MDR.ThinCapitalization.Emprestimos.EmprestimosExcluirEmMassa" tests="3" failures="0" timestamp="22 Jan 2021 23:08:03 GMT" time="143.659" errors="0">
  <testcase name="mdrEntrar" time="24.801" classname="com.timp.test.MDR.ThinCapitalization.Emprestimos.EmprestimosExcluirEmMassa"/>
  <testcase name="ingresar" time="7.887" classname="com.timp.test.MDR.ThinCapitalization.Emprestimos.EmprestimosExcluirEmMassa"/>
  <testcase name="excluirEmMassaEmprestimos" time="110.971" classname="com.timp.test.MDR.ThinCapitalization.Emprestimos.EmprestimosExcluirEmMassa"/>
</testsuite> <!-- com.timp.test.MDR.ThinCapitalization.Emprestimos.EmprestimosExcluirEmMassa -->
