<?xml version="1.0" encoding="UTF-8"?>
<!-- Generated by org.testng.reporters.JUnitReportReporter -->
<testsuite hostname="DESKTOP-M23FVFN" failures="0" tests="3" name="com.timp.test.BRB.FiltrosRelatorio" time="356.233" errors="0" timestamp="08 mar. 2022 06:21:38 GMT" skipped="0">
  <testcase classname="com.timp.test.BRB.FiltrosRelatorio" name="BfiltrosBiblioteca" time="115.902"/>
  <testcase classname="com.timp.test.BRB.FiltrosRelatorio" name="AfiltrosEditor" time="209.576"/>
  <testcase classname="com.timp.test.BRB.FiltrosRelatorio" name="CasignarValores" time="30.755"/>
</testsuite> <!-- com.timp.test.BRB.FiltrosRelatorio -->
