<?xml version="1.0" encoding="UTF-8"?>
<!-- Generated by org.testng.reporters.JUnitReportReporter -->
<testsuite hostname="LitoSoler" name="com.timp.test.MDR.Centralizacao.Tributos.TributosExcluir" tests="3" failures="0" timestamp="24 Sep 2020 16:26:45 GMT" time="54.768" errors="0">
  <testcase name="login" time="6.479" classname="com.timp.test.MDR.Centralizacao.Tributos.TributosExcluir"/>
  <testcase name="acessarMDR" time="17.541" classname="com.timp.test.MDR.Centralizacao.Tributos.TributosExcluir"/>
  <testcase name="tributosExcluir" time="30.748" classname="com.timp.test.MDR.Centralizacao.Tributos.TributosExcluir"/>
</testsuite> <!-- com.timp.test.MDR.Centralizacao.Tributos.TributosExcluir -->
