<?xml version="1.0" encoding="UTF-8"?>
<!-- Generated by org.testng.reporters.JUnitReportReporter -->
<testsuite hostname="DESKTOP-JP1A9E6" failures="0" tests="1" name="com.timp.test.MDR.TabelasComplementaresParaObrigaçoesAcessorias.CodigoDeMotivosDeAjustes.CodigoDeMotivosDeAjustesExcluirEmMassa" time="174.515" errors="0" timestamp="10 ago. 2021 05:02:12 GMT" skipped="0">
  <testcase classname="com.timp.test.MDR.TabelasComplementaresParaObrigaçoesAcessorias.CodigoDeMotivosDeAjustes.CodigoDeMotivosDeAjustesExcluirEmMassa" name="criar" time="174.515"/>
</testsuite> <!-- com.timp.test.MDR.TabelasComplementaresParaObrigaçoesAcessorias.CodigoDeMotivosDeAjustes.CodigoDeMotivosDeAjustesExcluirEmMassa -->
