<?xml version="1.0" encoding="UTF-8"?>
<!-- Generated by org.testng.reporters.JUnitReportReporter -->
<testsuite skipped="0" hostname="LitoSoler" name="com.timp.test.MDR.CEP.Bairro.BairroVisualizar" tests="1" failures="0" timestamp="24 feb 2021 17:37:36 GMT" time="78.633" errors="0">
  <testcase name="visualizar" time="78.633" classname="com.timp.test.MDR.CEP.Bairro.BairroVisualizar"/>
</testsuite> <!-- com.timp.test.MDR.CEP.Bairro.BairroVisualizar -->
