<?xml version="1.0" encoding="UTF-8"?>
<!-- Generated by org.testng.reporters.JUnitReportReporter -->
<testsuite hostname="DESKTOP-M23FVFN" failures="0" tests="1" name="com.timp.test.BRE.RegrasdeAuditoriaN1.Edicao.RegrasdeAuditoriaN1EdiçãoEstruturas" time="409.022" errors="0" timestamp="2022-08-03T14:54:36 CST" skipped="0">
  <testcase classname="com.timp.test.BRE.RegrasdeAuditoriaN1.Edicao.RegrasdeAuditoriaN1EdiçãoEstruturas" name="editar" time="409.022"/>
  <system-out/>
</testsuite> <!-- com.timp.test.BRE.RegrasdeAuditoriaN1.Edicao.RegrasdeAuditoriaN1EdiçãoEstruturas -->
