<?xml version="1.0" encoding="UTF-8"?>
<!-- Generated by org.testng.reporters.JUnitReportReporter -->
<testsuite hostname="DESKTOP-BNBDMGT" failures="0" tests="2" name="com.timp.test.BRE.AcessarBRE" time="20.829" errors="0" timestamp="7 Dec 2020 01:25:02 GMT">
  <testcase classname="com.timp.test.BRE.AcessarBRE" name="MDREntrar" time="13.031"/>
  <testcase classname="com.timp.test.BRE.AcessarBRE" name="login" time="7.798"/>
</testsuite> <!-- com.timp.test.BRE.AcessarBRE -->
