<?xml version="1.0" encoding="UTF-8"?>
<!-- Generated by org.testng.reporters.JUnitReportReporter -->
<testsuite hostname="MassielV" failures="0" tests="1" name="com.timp.test.MDR.TabelasComplementaresParaObrigaçoesAcessorias.TabelaDeCreditosPorObrigacao.TabelaDeCreditosPorObrigacaoCriar" time="92.657" errors="0" timestamp="20 oct. 2021 08:34:47 GMT" skipped="0">
  <testcase classname="com.timp.test.MDR.TabelasComplementaresParaObrigaçoesAcessorias.TabelaDeCreditosPorObrigacao.TabelaDeCreditosPorObrigacaoCriar" name="criar" time="92.657"/>
</testsuite> <!-- com.timp.test.MDR.TabelasComplementaresParaObrigaçoesAcessorias.TabelaDeCreditosPorObrigacao.TabelaDeCreditosPorObrigacaoCriar -->
