<?xml version="1.0" encoding="UTF-8"?>
<!-- Generated by org.testng.reporters.JUnitReportReporter -->
<testsuite hostname="DESKTOP-C57COV6" failures="0" tests="1" name="com.timp.test.MDR.TabelasComplementaresParaObrigaçoesAcessorias.TabelaDeCodigosDeTransferencias.TabelaDeCodigosDeTransferenciasDetalhes" time="75.475" errors="0" timestamp="25 jun. 2021 06:29:58 GMT" skipped="0">
  <testcase classname="com.timp.test.MDR.TabelasComplementaresParaObrigaçoesAcessorias.TabelaDeCodigosDeTransferencias.TabelaDeCodigosDeTransferenciasDetalhes" name="detalhes" time="75.475"/>
</testsuite> <!-- com.timp.test.MDR.TabelasComplementaresParaObrigaçoesAcessorias.TabelaDeCodigosDeTransferencias.TabelaDeCodigosDeTransferenciasDetalhes -->
