<?xml version="1.0" encoding="UTF-8"?>
<!-- Generated by org.testng.reporters.JUnitReportReporter -->
<testsuite hostname="DESKTOP-M23FVFN" failures="0" tests="1" name="com.timp.test.TFP.Configurações.Status.SubPeriodo.ConfiguracoesStatusSubPeriodoVer" time="92.514" errors="0" timestamp="2023-01-09T22:30:32 BRT" skipped="0">
  <testcase classname="com.timp.test.TFP.Configurações.Status.SubPeriodo.ConfiguracoesStatusSubPeriodoVer" name="ver" time="92.514"/>
  <system-out/>
</testsuite> <!-- com.timp.test.TFP.Configurações.Status.SubPeriodo.ConfiguracoesStatusSubPeriodoVer -->
