<?xml version="1.0" encoding="UTF-8"?>
<!-- Generated by org.testng.reporters.JUnitReportReporter -->
<testsuite hostname="MassielV" failures="0" tests="1" name="com.timp.test.MDR.CodigoContabilizacao.CodigoContabilizacaoCriar" time="714.774" errors="0" timestamp="29 oct. 2021 01:48:20 GMT" skipped="0">
  <testcase classname="com.timp.test.MDR.CodigoContabilizacao.CodigoContabilizacaoCriar" name="criar" time="714.774"/>
</testsuite> <!-- com.timp.test.MDR.CodigoContabilizacao.CodigoContabilizacaoCriar -->
