<?xml version="1.0" encoding="UTF-8"?>
<!-- Generated by org.testng.reporters.JUnitReportReporter -->
<testsuite hostname="DESKTOP-C57COV6" failures="0" tests="1" name="com.timp.test.MDR.CadastrosIRPJCSLL.CadastroContaisContabeis.CadastroContaisContabeisFiltroID" time="53.194" errors="0" timestamp="26 may. 2021 00:59:01 GMT" skipped="0">
  <testcase classname="com.timp.test.MDR.CadastrosIRPJCSLL.CadastroContaisContabeis.CadastroContaisContabeisFiltroID" name="filtro" time="53.194"/>
</testsuite> <!-- com.timp.test.MDR.CadastrosIRPJCSLL.CadastroContaisContabeis.CadastroContaisContabeisFiltroID -->
