<?xml version="1.0" encoding="UTF-8"?>
<!-- Generated by org.testng.reporters.JUnitReportReporter -->
<testsuite hostname="LitoSoler" name="com.timp.test.BRB.ReordenarColuna" tests="3" failures="0" timestamp="11 Aug 2020 15:00:32 GMT" time="84.148" errors="0">
  <testcase name="login" time="9.942" classname="com.timp.test.BRB.ReordenarColuna"/>
  <testcase name="reordenar" time="56.739" classname="com.timp.test.BRB.ReordenarColuna"/>
  <testcase name="brbEntrar" time="17.467" classname="com.timp.test.BRB.ReordenarColuna"/>
</testsuite> <!-- com.timp.test.BRB.ReordenarColuna -->
