<?xml version="1.0" encoding="UTF-8"?>
<!-- Generated by org.testng.reporters.JUnitReportReporter -->
<testsuite hostname="MassielV" failures="0" tests="1" name="com.timp.test.BRB.AcessarBRB" time="326.636" errors="0" timestamp="23 oct. 2021 02:54:11 GMT" skipped="0">
  <testcase classname="com.timp.test.BRB.AcessarBRB" name="brbEntrar" time="326.636"/>
</testsuite> <!-- com.timp.test.BRB.AcessarBRB -->
