<?xml version="1.0" encoding="UTF-8"?>
<!-- Generated by org.testng.reporters.JUnitReportReporter -->
<testsuite skipped="0" hostname="LitoSoler" name="com.timp.test.MDR.ValorAdicionado.Municipio.MunicipioExcluirEmMassa" tests="2" failures="0" timestamp="09 mar 2021 00:04:35 GMT" time="164.899" errors="0">
  <testcase name="Criar" time="135.351" classname="com.timp.test.MDR.ValorAdicionado.Municipio.MunicipioExcluirEmMassa"/>
  <testcase name="ExcluirEmMassa" time="29.548" classname="com.timp.test.MDR.ValorAdicionado.Municipio.MunicipioExcluirEmMassa"/>
</testsuite> <!-- com.timp.test.MDR.ValorAdicionado.Municipio.MunicipioExcluirEmMassa -->
