<?xml version="1.0" encoding="UTF-8"?>
<!-- Generated by org.testng.reporters.JUnitReportReporter -->
<testsuite hostname="CRISTHIAN-VASQUEZ" failures="0" tests="3" name="com.timp.test.ATR.EstruturasMapeamentodeEstruturas.MapeamentodeParâmetrosdeEntradaFiltroporIDLimpar" time="45.935" errors="0" timestamp="7 Jan 2021 18:49:44 GMT">
  <testcase classname="com.timp.test.ATR.EstruturasMapeamentodeEstruturas.MapeamentodeParâmetrosdeEntradaFiltroporIDLimpar" name="acessarATRPO" time="13.042"/>
  <testcase classname="com.timp.test.ATR.EstruturasMapeamentodeEstruturas.MapeamentodeParâmetrosdeEntradaFiltroporIDLimpar" name="login" time="14.453"/>
  <testcase classname="com.timp.test.ATR.EstruturasMapeamentodeEstruturas.MapeamentodeParâmetrosdeEntradaFiltroporIDLimpar" name="filtro" time="18.440"/>
</testsuite> <!-- com.timp.test.ATR.EstruturasMapeamentodeEstruturas.MapeamentodeParâmetrosdeEntradaFiltroporIDLimpar -->
