<?xml version="1.0" encoding="UTF-8"?>
<!-- Generated by org.testng.reporters.JUnitReportReporter -->
<testsuite hostname="LitoSoler" name="com.timp.test.BRB.NovoRelatorio" tests="4" failures="0" timestamp="13 Nov 2020 21:20:26 GMT" time="147.612" errors="0">
  <testcase name="login" time="7.296" classname="com.timp.test.BRB.NovoRelatorio"/>
  <testcase name="brbEntrar" time="21.926" classname="com.timp.test.BRB.NovoRelatorio"/>
  <testcase name="novoRelatorio" time="42.803" classname="com.timp.test.BRB.NovoRelatorio"/>
  <testcase name="colunas" time="75.587" classname="com.timp.test.BRB.NovoRelatorio"/>
</testsuite> <!-- com.timp.test.BRB.NovoRelatorio -->
