<?xml version="1.0" encoding="UTF-8"?>
<!-- Generated by org.testng.reporters.JUnitReportReporter -->
<testsuite hostname="EC2AMAZ-8HCHO4G" failures="0" tests="5" name="com.timp.test.ADM.Configuracao.ConfiguracaoDeTributos.ConfiguracaodeTributoXTributoGrupo.ConfiguracaodeTributoXTributoGrupoTodasFunc" time="240.678" errors="0" timestamp="2024-07-23T18:19:04 UTC" skipped="0">
  <testcase classname="com.timp.test.ADM.Configuracao.ConfiguracaoDeTributos.ConfiguracaodeTributoXTributoGrupo.ConfiguracaodeTributoXTributoGrupoTodasFunc" name="criar" time="90.614"/>
  <system-out/>
  <testcase classname="com.timp.test.ADM.Configuracao.ConfiguracaoDeTributos.ConfiguracaodeTributoXTributoGrupo.ConfiguracaodeTributoXTributoGrupoTodasFunc" name="Editar" time="38.204"/>
  <system-out/>
  <testcase classname="com.timp.test.ADM.Configuracao.ConfiguracaoDeTributos.ConfiguracaodeTributoXTributoGrupo.ConfiguracaodeTributoXTributoGrupoTodasFunc" name="visualizar" time="68.582"/>
  <system-out/>
  <testcase classname="com.timp.test.ADM.Configuracao.ConfiguracaoDeTributos.ConfiguracaodeTributoXTributoGrupo.ConfiguracaodeTributoXTributoGrupoTodasFunc" name="filtros" time="19.922"/>
  <system-out/>
  <testcase classname="com.timp.test.ADM.Configuracao.ConfiguracaoDeTributos.ConfiguracaodeTributoXTributoGrupo.ConfiguracaodeTributoXTributoGrupoTodasFunc" name="Excluir" time="23.356"/>
  <system-out/>
</testsuite> <!-- com.timp.test.ADM.Configuracao.ConfiguracaoDeTributos.ConfiguracaodeTributoXTributoGrupo.ConfiguracaodeTributoXTributoGrupoTodasFunc -->
