<?xml version="1.0" encoding="UTF-8"?>
<!-- Generated by org.testng.reporters.JUnitReportReporter -->
<testsuite hostname="MIGUEL" failures="0" tests="3" name="com.timp.test.TDK.Kpis.Edicao.KpisGraficoExcluir" time="135.743" errors="0" timestamp="20 mar. 2021 16:41:25 GMT" skipped="0">
  <testcase classname="com.timp.test.TDK.Kpis.Edicao.KpisGraficoExcluir" name="login" time="10.232"/>
  <testcase classname="com.timp.test.TDK.Kpis.Edicao.KpisGraficoExcluir" name="acessarTDK" time="26.647"/>
  <testcase classname="com.timp.test.TDK.Kpis.Edicao.KpisGraficoExcluir" name="grafico" time="98.864"/>
</testsuite> <!-- com.timp.test.TDK.Kpis.Edicao.KpisGraficoExcluir -->
