<?xml version="1.0" encoding="UTF-8"?>
<!-- Generated by org.testng.reporters.JUnitReportReporter -->
<testsuite hostname="DESKTOP-M23FVFN" failures="0" tests="1" name="com.timp.test.TCC.BancoDeCréditoTributário.ConfiguraçãodeBancodeCréditoTributário.ConfiguraçãodeBancodeCréditoTributárioCriar" time="485.586" errors="0" timestamp="09 ene. 2022 19:12:14 GMT" skipped="0">
  <testcase classname="com.timp.test.TCC.BancoDeCréditoTributário.ConfiguraçãodeBancodeCréditoTributário.ConfiguraçãodeBancodeCréditoTributárioCriar" name="criar" time="485.586"/>
</testsuite> <!-- com.timp.test.TCC.BancoDeCréditoTributário.ConfiguraçãodeBancodeCréditoTributário.ConfiguraçãodeBancodeCréditoTributárioCriar -->
