<?xml version="1.0" encoding="UTF-8"?>
<!-- Generated by org.testng.reporters.JUnitReportReporter -->
<testsuite hostname="LitoSoler" name="com.timp.test.MDR.CEP.Municipio.MunicipioEliminar" tests="3" failures="0" timestamp="24 Sep 2020 14:56:19 GMT" time="51.940" errors="0">
  <testcase name="acessarMDR" time="15.021" classname="com.timp.test.MDR.CEP.Municipio.MunicipioEliminar"/>
  <testcase name="login" time="6.031" classname="com.timp.test.MDR.CEP.Municipio.MunicipioEliminar"/>
  <testcase name="filtro" time="30.888" classname="com.timp.test.MDR.CEP.Municipio.MunicipioEliminar"/>
</testsuite> <!-- com.timp.test.MDR.CEP.Municipio.MunicipioEliminar -->
