<?xml version="1.0" encoding="UTF-8"?>
<!-- Generated by org.testng.reporters.JUnitReportReporter -->
<testsuite skipped="0" hostname="LitoSoler" name="com.timp.test.MDR.CadastroCondiçao.cadastrocondicaoDetalle" tests="1" failures="0" timestamp="16 mar 2021 02:29:44 GMT" time="117.915" errors="0">
  <testcase name="detalle" time="117.915" classname="com.timp.test.MDR.CadastroCondiçao.cadastrocondicaoDetalle"/>
</testsuite> <!-- com.timp.test.MDR.CadastroCondiçao.cadastrocondicaoDetalle -->
