<?xml version="1.0" encoding="UTF-8"?>
<!-- Generated by org.testng.reporters.JUnitReportReporter -->
<testsuite hostname="DESKTOP-SUF121B" failures="0" tests="3" name="com.timp.test.MDR.CEP.Bairro.BairroFiltros" time="24.590" errors="0" timestamp="28 Jul 2020 23:41:11 GMT">
  <testcase classname="com.timp.test.MDR.CEP.Bairro.BairroFiltros" name="filtro" time="6.018"/>
  <testcase classname="com.timp.test.MDR.CEP.Bairro.BairroFiltros" name="login" time="8.383"/>
  <testcase classname="com.timp.test.MDR.CEP.Bairro.BairroFiltros" name="acessarMDR" time="10.189"/>
</testsuite> <!-- com.timp.test.MDR.CEP.Bairro.BairroFiltros -->
