<?xml version="1.0" encoding="UTF-8"?>
<<<<<<< HEAD
<!-- Generated by org.testng.reporters.JUnitReportReporter -->
<testsuite hostname="LAPTOP-IN7IV9K5" failures="0" tests="1" name="com.timp.test.MDR.Siscoserv.PaisMoeda.PaisMoedaCriar" time="92.863" errors="0" timestamp="09 mar. 2021 01:52:58 GMT" skipped="0">
  <testcase classname="com.timp.test.MDR.Siscoserv.PaisMoeda.PaisMoedaCriar" name="criar" time="92.863"/>
=======
<!-- Generated by org.testng.reporters.JUnitReportReporter -->
<testsuite hostname="LAPTOP-IN7IV9K5" failures="0" tests="1" name="com.timp.test.MDR.Siscoserv.PaisMoeda.PaisMoedaCriar" time="77.386" errors="0" timestamp="19 mar. 2021 22:54:49 GMT" skipped="0">
  <testcase classname="com.timp.test.MDR.Siscoserv.PaisMoeda.PaisMoedaCriar" name="criar" time="77.386"/>
>>>>>>> refs/remotes/origin/Kenssy
</testsuite> <!-- com.timp.test.MDR.Siscoserv.PaisMoeda.PaisMoedaCriar -->
