<?xml version="1.0" encoding="UTF-8"?>
<!-- Generated by org.testng.reporters.JUnitReportReporter -->
<testsuite hostname="DESKTOP-C57COV6" failures="0" tests="1" name="com.timp.test.MDR.CadastrosIRPJCSLL.ContasParteBLALUR.ContasParteBLALURFiltroID" time="139.622" errors="0" timestamp="18 nov. 2021 02:12:52 GMT" skipped="0">
  <testcase classname="com.timp.test.MDR.CadastrosIRPJCSLL.ContasParteBLALUR.ContasParteBLALURFiltroID" name="filtro" time="139.622"/>
</testsuite> <!-- com.timp.test.MDR.CadastrosIRPJCSLL.ContasParteBLALUR.ContasParteBLALURFiltroID -->
