<?xml version="1.0" encoding="UTF-8"?>
<!-- Generated by org.testng.reporters.JUnitReportReporter -->
<testsuite hostname="LitoSoler" name="com.timp.test.MDR.IncentivosFiscais.IncentivosFiscaisFiltroId" tests="3" failures="0" timestamp="27 Oct 2020 15:37:12 GMT" time="56.781" errors="0">
  <testcase name="login" time="7.185" classname="com.timp.test.MDR.IncentivosFiscais.IncentivosFiscaisFiltroId"/>
  <testcase name="acessarMDR" time="19.991" classname="com.timp.test.MDR.IncentivosFiscais.IncentivosFiscaisFiltroId"/>
  <testcase name="FiltrarIncentivosFiscaisId" time="29.605" classname="com.timp.test.MDR.IncentivosFiscais.IncentivosFiscaisFiltroId"/>
</testsuite> <!-- com.timp.test.MDR.IncentivosFiscais.IncentivosFiscaisFiltroId -->
