<<<<<<< HEAD
<?xml version="1.0" encoding="UTF-8"?>
<!-- Generated by org.testng.reporters.JUnitReportReporter -->
<testsuite hostname="MIGUEL" failures="0" tests="1" name="com.timp.test.ADM.LoginBRB" time="16.185" errors="0" timestamp="16 Oct 2020 14:41:11 GMT">
  <testcase classname="com.timp.test.ADM.LoginBRB" name="Login" time="16.185"/>
</testsuite> <!-- com.timp.test.ADM.LoginBRB -->
=======
<?xml version="1.0" encoding="UTF-8"?>
<!-- Generated by org.testng.reporters.JUnitReportReporter -->
<testsuite hostname="LitoSoler" name="com.timp.test.ADM.LoginBRB" tests="1" failures="0" timestamp="21 Oct 2020 03:35:19 GMT" time="13.845" errors="0">
  <testcase name="Login" time="13.845" classname="com.timp.test.ADM.LoginBRB"/>
</testsuite> <!-- com.timp.test.ADM.LoginBRB -->
>>>>>>> branch 'master' of https://github.com/salc1997/TIMP_R1.git
