<?xml version="1.0" encoding="UTF-8"?>
<!-- Generated by org.testng.reporters.JUnitReportReporter -->
<testsuite hostname="DESKTOP-C57COV6" failures="0" tests="1" name="com.timp.test.TFP.Configurações.Configurações.Subperíodo.SubperíodoExcluir" time="74.639" errors="0" timestamp="22 abr. 2021 20:46:31 GMT" skipped="0">
  <testcase classname="com.timp.test.TFP.Configurações.Configurações.Subperíodo.SubperíodoExcluir" name="excluir" time="74.639"/>
</testsuite> <!-- com.timp.test.TFP.Configurações.Configurações.Subperíodo.SubperíodoExcluir -->
