<?xml version="1.0" encoding="UTF-8"?>
<!-- Generated by org.testng.reporters.JUnitReportReporter -->
<testsuite hostname="LAPTOP-IN7IV9K5" failures="0" tests="1" name="com.timp.test.MDR.CEP.Bairro.BairroVisualizar" time="67.720" errors="0" timestamp="09 abr. 2021 04:15:53 GMT" skipped="0">
  <testcase classname="com.timp.test.MDR.CEP.Bairro.BairroVisualizar" name="visualizar" time="67.720"/>
</testsuite> <!-- com.timp.test.MDR.CEP.Bairro.BairroVisualizar -->
