<?xml version="1.0" encoding="UTF-8"?>
<!-- Generated by org.testng.reporters.JUnitReportReporter -->
<testsuite hostname="DESKTOP-M23FVFN" failures="0" tests="1" name="com.timp.test.BRB.AtivarComentario" time="150.886" errors="0" timestamp="2022-10-25T14:13:36 BRT" skipped="0">
  <testcase classname="com.timp.test.BRB.AtivarComentario" name="ativarComentarios" time="150.886"/>
  <system-out/>
</testsuite> <!-- com.timp.test.BRB.AtivarComentario -->
