<?xml version="1.0" encoding="UTF-8"?>
<!-- Generated by org.testng.reporters.JUnitReportReporter -->
<testsuite hostname="DESKTOP-JP1A9E6" failures="0" tests="1" name="com.timp.test.BRB.EditarRelatorio" time="108.108" errors="0" timestamp="05 ago. 2021 15:53:07 GMT" skipped="0">
  <testcase classname="com.timp.test.BRB.EditarRelatorio" name="editar" time="108.108"/>
</testsuite> <!-- com.timp.test.BRB.EditarRelatorio -->
