<?xml version="1.0" encoding="UTF-8"?>
<!-- Generated by org.testng.reporters.JUnitReportReporter -->
<testsuite hostname="DESKTOP-5P4F1JE" failures="0" tests="3" name="com.timp.test.MDR.ControleDeCreditoTributario.StatusParaBCE.StatusParaBCEExcluir" time="95.904" errors="0" timestamp="19 Jan 2021 18:00:28 GMT">
  <testcase classname="com.timp.test.MDR.ControleDeCreditoTributario.StatusParaBCE.StatusParaBCEExcluir" name="acessarMDR" time="42.247"/>
  <testcase classname="com.timp.test.MDR.ControleDeCreditoTributario.StatusParaBCE.StatusParaBCEExcluir" name="login" time="12.605"/>
  <testcase classname="com.timp.test.MDR.ControleDeCreditoTributario.StatusParaBCE.StatusParaBCEExcluir" name="excluir" time="41.052"/>
</testsuite> <!-- com.timp.test.MDR.ControleDeCreditoTributario.StatusParaBCE.StatusParaBCEExcluir -->
