<?xml version="1.0" encoding="UTF-8"?>
<!-- Generated by org.testng.reporters.JUnitReportReporter -->
<testsuite hostname="DESKTOP-SUF121B" failures="0" tests="3" name="com.timp.test.MDR.Antecipacao.AntecipacaoVisualizar" time="62.269" errors="0" timestamp="27 Jul 2020 15:07:54 GMT">
  <testcase classname="com.timp.test.MDR.Antecipacao.AntecipacaoVisualizar" name="login" time="8.264"/>
  <testcase classname="com.timp.test.MDR.Antecipacao.AntecipacaoVisualizar" name="visualizar" time="30.692"/>
  <testcase classname="com.timp.test.MDR.Antecipacao.AntecipacaoVisualizar" name="acessarMDR" time="23.313"/>
</testsuite> <!-- com.timp.test.MDR.Antecipacao.AntecipacaoVisualizar -->
