<?xml version="1.0" encoding="UTF-8"?>
<!-- Generated by org.testng.reporters.JUnitReportReporter -->
<testsuite hostname="LitoSoler" name="com.timp.test.MDR.DetalheTipoTributo.DetalheVisualizar" tests="3" failures="0" timestamp="7 Aug 2020 21:05:09 GMT" time="44.324" errors="0">
  <testcase name="login" time="5.712" classname="com.timp.test.MDR.DetalheTipoTributo.DetalheVisualizar"/>
  <testcase name="visualizar" time="30.765" classname="com.timp.test.MDR.DetalheTipoTributo.DetalheVisualizar"/>
  <testcase name="acessarMDR" time="7.847" classname="com.timp.test.MDR.DetalheTipoTributo.DetalheVisualizar"/>
</testsuite> <!-- com.timp.test.MDR.DetalheTipoTributo.DetalheVisualizar -->
