<?xml version="1.0" encoding="UTF-8"?>
<!-- Generated by org.testng.reporters.JUnitReportReporter -->
<testsuite hostname="DESKTOP-JP1A9E6" failures="0" tests="3" name="com.timp.test.DFG.Configuracoes.ConfiguracoesEditar" time="181.423" errors="0" timestamp="10 ago. 2021 18:52:21 GMT" skipped="0">
  <testcase classname="com.timp.test.DFG.Configuracoes.ConfiguracoesEditar" name="ingresar" time="20.751"/>
  <testcase classname="com.timp.test.DFG.Configuracoes.ConfiguracoesEditar" name="mdrEntrar" time="23.920"/>
  <testcase classname="com.timp.test.DFG.Configuracoes.ConfiguracoesEditar" name="criar" time="136.752"/>
</testsuite> <!-- com.timp.test.DFG.Configuracoes.ConfiguracoesEditar -->
