<?xml version="1.0" encoding="UTF-8"?>
<!-- Generated by org.testng.reporters.JUnitReportReporter -->
<testsuite hostname="DESKTOP-C57COV6" failures="0" tests="3" name="com.timp.test.TBD.Configuração.TipoDeDocumento.TipoDeDocumentoVisualizar" time="69.025" errors="0" timestamp="22 abr. 2021 02:15:08 GMT" skipped="0">
  <testcase classname="com.timp.test.TBD.Configuração.TipoDeDocumento.TipoDeDocumentoVisualizar" name="login" time="9.312"/>
  <testcase classname="com.timp.test.TBD.Configuração.TipoDeDocumento.TipoDeDocumentoVisualizar" name="visualizar" time="44.906"/>
  <testcase classname="com.timp.test.TBD.Configuração.TipoDeDocumento.TipoDeDocumentoVisualizar" name="TBDEntrar" time="14.807"/>
</testsuite> <!-- com.timp.test.TBD.Configuração.TipoDeDocumento.TipoDeDocumentoVisualizar -->
