<?xml version="1.0" encoding="UTF-8"?>
<!-- Generated by org.testng.reporters.JUnitReportReporter -->
<testsuite hostname="MIGUEL" failures="0" tests="3" name="com.timp.test.MDR.Antecipacao.AntecipacaoCriar" time="108.724" errors="0" timestamp="24 Nov 2020 05:28:32 GMT">
  <testcase classname="com.timp.test.MDR.Antecipacao.AntecipacaoCriar" name="criar" time="86.307"/>
  <testcase classname="com.timp.test.MDR.Antecipacao.AntecipacaoCriar" name="login" time="8.412"/>
  <testcase classname="com.timp.test.MDR.Antecipacao.AntecipacaoCriar" name="acessarMDR" time="14.005"/>
</testsuite> <!-- com.timp.test.MDR.Antecipacao.AntecipacaoCriar -->
