<?xml version="1.0" encoding="UTF-8"?>
<!-- Generated by org.testng.reporters.JUnitReportReporter -->
<testsuite hostname="LitoSoler" name="com.timp.test.MDR.SequenciaAcesso.SequenciaFiltros" tests="3" failures="0" timestamp="27 Jul 2020 19:30:11 GMT" time="30.567" errors="0">
  <testcase name="acessarMDR" time="14.631" classname="com.timp.test.MDR.SequenciaAcesso.SequenciaFiltros"/>
  <testcase name="login" time="6.667" classname="com.timp.test.MDR.SequenciaAcesso.SequenciaFiltros"/>
  <testcase name="filtroId" time="9.269" classname="com.timp.test.MDR.SequenciaAcesso.SequenciaFiltros"/>
</testsuite> <!-- com.timp.test.MDR.SequenciaAcesso.SequenciaFiltros -->
