<?xml version="1.0" encoding="UTF-8"?>
<!-- Generated by org.testng.reporters.JUnitReportReporter -->
<testsuite hostname="MIGUEL" failures="0" tests="1" name="com.timp.test.MDR.TabelasComplementaresParaObrigaçoesAcessorias.TabelaMunicipiosIBGE.TabelaMunicipioIBGEVisualizar" time="92.510" errors="0" timestamp="16 mar. 2021 05:14:09 GMT" skipped="0">
  <testcase classname="com.timp.test.MDR.TabelasComplementaresParaObrigaçoesAcessorias.TabelaMunicipiosIBGE.TabelaMunicipioIBGEVisualizar" name="visualizar" time="92.510"/>
</testsuite> <!-- com.timp.test.MDR.TabelasComplementaresParaObrigaçoesAcessorias.TabelaMunicipiosIBGE.TabelaMunicipioIBGEVisualizar -->
