<?xml version="1.0" encoding="UTF-8"?>
<!-- Generated by org.testng.reporters.JUnitReportReporter -->
<<<<<<< HEAD
<testsuite hostname="DESKTOP-C57COV6" failures="0" tests="1" name="com.timp.test.MDR.AtivaçaoParaMunicipio.AtivaçaoParaMunicipioEditar" time="86.029" errors="0" timestamp="08 sep. 2021 08:24:22 GMT" skipped="0">
  <testcase classname="com.timp.test.MDR.AtivaçaoParaMunicipio.AtivaçaoParaMunicipioEditar" name="editar" time="86.029"/>
=======
<testsuite hostname="DESKTOP-JP1A9E6" failures="0" tests="1" name="com.timp.test.MDR.AtivaçaoParaMunicipio.AtivaçaoParaMunicipioEditar" time="196.283" errors="0" timestamp="02 sep. 2021 17:22:24 GMT" skipped="0">
  <testcase classname="com.timp.test.MDR.AtivaçaoParaMunicipio.AtivaçaoParaMunicipioEditar" name="editar" time="196.283"/>
>>>>>>> branch 'Yessy' of https://github.com/salc1997/TIMP_R1.git
</testsuite> <!-- com.timp.test.MDR.AtivaçaoParaMunicipio.AtivaçaoParaMunicipioEditar -->
