<?xml version="1.0" encoding="UTF-8"?>
<!-- Generated by org.testng.reporters.JUnitReportReporter -->
<<<<<<< HEAD
<testsuite hostname="DESKTOP-5P4F1JE" failures="0" tests="3" name="com.timp.test.BRE.RegrasDeAuditoriaN3.RegrasdeAuditoriaN3ValoresCalculados" time="160.903" errors="0" timestamp="9 Jan 2021 19:55:27 GMT">
  <testcase classname="com.timp.test.BRE.RegrasDeAuditoriaN3.RegrasdeAuditoriaN3ValoresCalculados" name="login" time="9.015"/>
  <testcase classname="com.timp.test.BRE.RegrasDeAuditoriaN3.RegrasdeAuditoriaN3ValoresCalculados" name="acessarBRE" time="17.823"/>
  <testcase classname="com.timp.test.BRE.RegrasDeAuditoriaN3.RegrasdeAuditoriaN3ValoresCalculados" name="editar" time="134.065"/>
=======
<testsuite hostname="CRISTHIAN-VASQUEZ" failures="0" tests="3" name="com.timp.test.BRE.RegrasDeAuditoriaN3.RegrasdeAuditoriaN3ValoresCalculados" time="161.006" errors="0" timestamp="8 Jan 2021 10:38:26 GMT">
  <testcase classname="com.timp.test.BRE.RegrasDeAuditoriaN3.RegrasdeAuditoriaN3ValoresCalculados" name="acessarBRE" time="18.074"/>
  <testcase classname="com.timp.test.BRE.RegrasDeAuditoriaN3.RegrasdeAuditoriaN3ValoresCalculados" name="editar" time="135.550"/>
  <testcase classname="com.timp.test.BRE.RegrasDeAuditoriaN3.RegrasdeAuditoriaN3ValoresCalculados" name="login" time="7.382"/>
>>>>>>> branch 'master' of https://github.com/salc1997/TIMP_R1.git
</testsuite> <!-- com.timp.test.BRE.RegrasDeAuditoriaN3.RegrasdeAuditoriaN3ValoresCalculados -->
