<?xml version="1.0" encoding="UTF-8"?>
<!-- Generated by org.testng.reporters.JUnitReportReporter -->
<testsuite hostname="DESKTOP-C57COV6" failures="0" tests="1" name="com.timp.test.TDK.Kpis.KpisPublicos.KpisFiltroPorId" time="112.631" errors="0" timestamp="06 sep. 2021 23:20:50 GMT" skipped="0">
  <testcase classname="com.timp.test.TDK.Kpis.KpisPublicos.KpisFiltroPorId" name="filtro" time="112.631"/>
</testsuite> <!-- com.timp.test.TDK.Kpis.KpisPublicos.KpisFiltroPorId -->
