<?xml version="1.0" encoding="UTF-8"?>
<!-- Generated by org.testng.reporters.JUnitReportReporter -->
<testsuite skipped="0" hostname="LitoSoler" name="com.timp.test.MDR.ValorAdicionado.Municipio.MunicipioCriar" tests="1" failures="0" timestamp="24 feb 2021 17:33:34 GMT" time="77.751" errors="0">
  <testcase name="criar" time="77.751" classname="com.timp.test.MDR.ValorAdicionado.Municipio.MunicipioCriar"/>
</testsuite> <!-- com.timp.test.MDR.ValorAdicionado.Municipio.MunicipioCriar -->
