<?xml version="1.0" encoding="UTF-8"?>
<!-- Generated by org.testng.reporters.JUnitReportReporter -->
<testsuite hostname="LitoSoler" name="com.timp.test.MDR.TabelasApoioSped.CodigoDeAjusteDaApuraçaoDoIPI.CodigoDeAjusteDaApuraçaoDoIPIExcluir" tests="3" failures="0" timestamp="21 Aug 2020 18:15:56 GMT" time="117.771" errors="0">
  <testcase name="criar" time="62.934" classname="com.timp.test.MDR.TabelasApoioSped.CodigoDeAjusteDaApuraçaoDoIPI.CodigoDeAjusteDaApuraçaoDoIPIExcluir"/>
  <testcase name="login" time="7.344" classname="com.timp.test.MDR.TabelasApoioSped.CodigoDeAjusteDaApuraçaoDoIPI.CodigoDeAjusteDaApuraçaoDoIPIExcluir"/>
  <testcase name="acessarMDR" time="47.493" classname="com.timp.test.MDR.TabelasApoioSped.CodigoDeAjusteDaApuraçaoDoIPI.CodigoDeAjusteDaApuraçaoDoIPIExcluir"/>
</testsuite> <!-- com.timp.test.MDR.TabelasApoioSped.CodigoDeAjusteDaApuraçaoDoIPI.CodigoDeAjusteDaApuraçaoDoIPIExcluir -->
