<?xml version="1.0" encoding="UTF-8"?>
<!-- Generated by org.testng.reporters.JUnitReportReporter -->
<testsuite hostname="DESKTOP-C57COV6" failures="0" tests="1" name="com.timp.test.MDR.TabelasApoioESocial.Tabela22.CompatibilidadeEntreFPASEditar" time="91.216" errors="0" timestamp="05 ago. 2021 10:23:29 GMT" skipped="0">
  <testcase classname="com.timp.test.MDR.TabelasApoioESocial.Tabela22.CompatibilidadeEntreFPASEditar" name="editarCompatibilidadeEntreFPAS" time="91.216"/>
</testsuite> <!-- com.timp.test.MDR.TabelasApoioESocial.Tabela22.CompatibilidadeEntreFPASEditar -->
