<?xml version="1.0" encoding="UTF-8"?>
<!-- Generated by org.testng.reporters.JUnitReportReporter -->
<testsuite hostname="DESKTOP-C57COV6" failures="0" tests="1" name="com.timp.test.BRB.AtivarComentario" time="105.627" errors="0" timestamp="18 oct. 2021 00:06:41 GMT" skipped="0">
  <testcase classname="com.timp.test.BRB.AtivarComentario" name="ativarComentarios" time="105.627"/>
</testsuite> <!-- com.timp.test.BRB.AtivarComentario -->
