<?xml version="1.0" encoding="UTF-8"?>
<!-- Generated by org.testng.reporters.JUnitReportReporter -->
<testsuite hostname="DESKTOP-C57COV6" failures="0" tests="2" name="com.timp.test.MDR.Siscoserv.RegistroRF.RegistroRFExcluirEmMassa" time="198.563" errors="0" timestamp="25 nov. 2021 15:47:00 GMT" skipped="0">
  <testcase classname="com.timp.test.MDR.Siscoserv.RegistroRF.RegistroRFExcluirEmMassa" name="criar" time="162.195"/>
  <testcase classname="com.timp.test.MDR.Siscoserv.RegistroRF.RegistroRFExcluirEmMassa" name="excluirEmMassa" time="36.368"/>
</testsuite> <!-- com.timp.test.MDR.Siscoserv.RegistroRF.RegistroRFExcluirEmMassa -->
