<?xml version="1.0" encoding="UTF-8"?>
<!-- Generated by org.testng.reporters.JUnitReportReporter -->
<testsuite hostname="DESKTOP-JP1A9E6" failures="0" tests="1" name="com.timp.test.TCC.GestaoDeCreditoTributarioICMS.ConfiguracaoEExecucaoRegistro1200.ConfiguracaoEExecucaoRegistro1200Criar" time="452.233" errors="0" timestamp="19 sep. 2021 18:43:21 GMT" skipped="0">
  <testcase classname="com.timp.test.TCC.GestaoDeCreditoTributarioICMS.ConfiguracaoEExecucaoRegistro1200.ConfiguracaoEExecucaoRegistro1200Criar" name="criar" time="452.233"/>
</testsuite> <!-- com.timp.test.TCC.GestaoDeCreditoTributarioICMS.ConfiguracaoEExecucaoRegistro1200.ConfiguracaoEExecucaoRegistro1200Criar -->
