<?xml version="1.0" encoding="UTF-8"?>
<!-- Generated by org.testng.reporters.JUnitReportReporter -->
<testsuite hostname="MassielV" failures="0" tests="3" name="com.timp.test.BRE.Estruturas.ParametrosGerais.EstruturasFiltrosAvançadosLimpaFiltros" time="76.838" errors="0" timestamp="24 oct. 2021 05:11:36 GMT" skipped="0">
  <testcase classname="com.timp.test.BRE.Estruturas.ParametrosGerais.EstruturasFiltrosAvançadosLimpaFiltros" name="login" time="16.072"/>
  <testcase classname="com.timp.test.BRE.Estruturas.ParametrosGerais.EstruturasFiltrosAvançadosLimpaFiltros" name="acessarBRE" time="33.464"/>
  <testcase classname="com.timp.test.BRE.Estruturas.ParametrosGerais.EstruturasFiltrosAvançadosLimpaFiltros" name="Filtro" time="27.302"/>
</testsuite> <!-- com.timp.test.BRE.Estruturas.ParametrosGerais.EstruturasFiltrosAvançadosLimpaFiltros -->
