<?xml version="1.0" encoding="UTF-8"?>
<!-- Generated by org.testng.reporters.JUnitReportReporter -->
<testsuite hostname="MIGUEL" failures="0" tests="3" name="com.timp.test.BCB.ParametrosGeraisFiltrosAvancados" time="64.225" errors="0" timestamp="22 Jan 2021 23:28:35 GMT">
  <testcase classname="com.timp.test.BCB.ParametrosGeraisFiltrosAvancados" name="login" time="11.596"/>
  <testcase classname="com.timp.test.BCB.ParametrosGeraisFiltrosAvancados" name="brbEntrar" time="14.288"/>
  <testcase classname="com.timp.test.BCB.ParametrosGeraisFiltrosAvancados" name="criarConfiguracao" time="38.341"/>
</testsuite> <!-- com.timp.test.BCB.ParametrosGeraisFiltrosAvancados -->
