<?xml version="1.0" encoding="UTF-8"?>
<!-- Generated by org.testng.reporters.JUnitReportReporter -->
<testsuite hostname="LitoSoler" name="com.timp.test.BRB.BRBAcessar" tests="2" failures="0" timestamp="31 Jul 2020 19:36:13 GMT" time="21.550" errors="0">
  <testcase name="login" time="6.612" classname="com.timp.test.BRB.BRBAcessar"/>
  <testcase name="brbEntrar" time="14.938" classname="com.timp.test.BRB.BRBAcessar"/>
</testsuite> <!-- com.timp.test.BRB.BRBAcessar -->
