<?xml version="1.0" encoding="UTF-8"?>
<!-- Generated by org.testng.reporters.JUnitReportReporter -->
<testsuite hostname="CRISTHIAN-VASQUEZ" failures="0" tests="3" name="com.timp.test.TPC.ParâmetrosGeraisDetalhes" time="73.137" errors="0" timestamp="18 Jan 2021 18:17:43 GMT">
  <testcase classname="com.timp.test.TPC.ParâmetrosGeraisDetalhes" name="ingresar" time="10.304"/>
  <testcase classname="com.timp.test.TPC.ParâmetrosGeraisDetalhes" name="ingresarTPC" time="20.832"/>
  <testcase classname="com.timp.test.TPC.ParâmetrosGeraisDetalhes" name="detalhes" time="42.001"/>
</testsuite> <!-- com.timp.test.TPC.ParâmetrosGeraisDetalhes -->
