<?xml version="1.0" encoding="UTF-8"?>
<!-- Generated by org.testng.reporters.JUnitReportReporter -->
<testsuite hostname="Agile" failures="0" tests="1" name="com.timp.test.BRB.OutputdeReferência" time="267.161" errors="0" timestamp="04 feb. 2022 20:46:09 GMT" skipped="0">
  <testcase classname="com.timp.test.BRB.OutputdeReferência" name="outputReferencia" time="267.161"/>
</testsuite> <!-- com.timp.test.BRB.OutputdeReferência -->
