<?xml version="1.0" encoding="UTF-8"?>
<!-- Generated by org.testng.reporters.JUnitReportReporter -->
<testsuite hostname="DESKTOP-BNBDMGT" failures="0" tests="3" name="com.timp.test.BRE.RegrasDeNegocio.RegrasDeNegocioCriar" time="201.482" errors="0" timestamp="2 Feb 2021 13:15:36 GMT">
  <testcase classname="com.timp.test.BRE.RegrasDeNegocio.RegrasDeNegocioCriar" name="login" time="10.995"/>
  <testcase classname="com.timp.test.BRE.RegrasDeNegocio.RegrasDeNegocioCriar" name="acessarBRE" time="16.503"/>
  <testcase classname="com.timp.test.BRE.RegrasDeNegocio.RegrasDeNegocioCriar" name="criar" time="173.984"/>
</testsuite> <!-- com.timp.test.BRE.RegrasDeNegocio.RegrasDeNegocioCriar -->
