<?xml version="1.0" encoding="UTF-8"?>
<!-- Generated by org.testng.reporters.JUnitReportReporter -->
<testsuite hostname="MIGUEL" failures="0" tests="3" name="com.timp.test.BRE.CalculoDeTributos.CálculodeTributosValoresCalculados" time="238.161" errors="0" timestamp="8 Jan 2021 02:47:51 GMT">
  <testcase classname="com.timp.test.BRE.CalculoDeTributos.CálculodeTributosValoresCalculados" name="acessarBRE" time="15.637"/>
  <testcase classname="com.timp.test.BRE.CalculoDeTributos.CálculodeTributosValoresCalculados" name="login" time="10.258"/>
  <testcase classname="com.timp.test.BRE.CalculoDeTributos.CálculodeTributosValoresCalculados" name="editar" time="212.266"/>
</testsuite> <!-- com.timp.test.BRE.CalculoDeTributos.CálculodeTributosValoresCalculados -->
