<?xml version="1.0" encoding="UTF-8"?>
<!-- Generated by org.testng.reporters.JUnitReportReporter -->
<testsuite hostname="MassielV" failures="0" tests="1" name="com.timp.test.ADM.Configuração.ConfiguracaoDeTributos.ConfiguracaoDeTributoGrupo.ConfiguracaoDeTributoGrupoEditar" time="81.379" errors="0" timestamp="01 oct. 2021 00:42:03 GMT" skipped="0">
  <testcase classname="com.timp.test.ADM.Configuração.ConfiguracaoDeTributos.ConfiguracaoDeTributoGrupo.ConfiguracaoDeTributoGrupoEditar" name="editar" time="81.379"/>
</testsuite> <!-- com.timp.test.ADM.Configuração.ConfiguracaoDeTributos.ConfiguracaoDeTributoGrupo.ConfiguracaoDeTributoGrupoEditar -->
