<?xml version="1.0" encoding="UTF-8"?>
<!-- Generated by org.testng.reporters.JUnitReportReporter -->
<<<<<<< HEAD
<testsuite hostname="LitoSoler" name="com.timp.test.MDR.Centralizacao.EstornoCreditoFiltros" tests="3" failures="0" timestamp="24 Jul 2020 15:01:25 GMT" time="21.404" errors="0">
  <testcase name="login" time="6.221" classname="com.timp.test.MDR.Centralizacao.EstornoCreditoFiltros"/>
  <testcase name="acessarMDR" time="7.597" classname="com.timp.test.MDR.Centralizacao.EstornoCreditoFiltros"/>
  <testcase name="filtro" time="7.586" classname="com.timp.test.MDR.Centralizacao.EstornoCreditoFiltros"/>
=======
<testsuite hostname="DESKTOP-35UG9UP" name="com.timp.test.MDR.Centralizacao.EstornoCreditoFiltros" tests="3" failures="0" timestamp="24 Jul 2020 15:58:57 GMT" time="48.618" errors="0">
  <testcase name="filtro" time="23.999" classname="com.timp.test.MDR.Centralizacao.EstornoCreditoFiltros"/>
  <testcase name="acessarMDR" time="13.104" classname="com.timp.test.MDR.Centralizacao.EstornoCreditoFiltros"/>
  <testcase name="login" time="11.515" classname="com.timp.test.MDR.Centralizacao.EstornoCreditoFiltros"/>
>>>>>>> branch 'master' of https://github.com/Katitanuma/TIMP_R1.git
</testsuite> <!-- com.timp.test.MDR.Centralizacao.EstornoCreditoFiltros -->
