<?xml version="1.0" encoding="UTF-8"?>
<!-- Generated by org.testng.reporters.JUnitReportReporter -->
<testsuite hostname="DESKTOP-C57COV6" failures="0" tests="3" name="com.timp.test.DFG.Painel.PainelNovaConfiguração" time="82.481" errors="0" timestamp="02 may. 2021 05:33:48 GMT" skipped="0">
  <testcase classname="com.timp.test.DFG.Painel.PainelNovaConfiguração" name="ingresar" time="7.276"/>
  <testcase classname="com.timp.test.DFG.Painel.PainelNovaConfiguração" name="DFGEntrar" time="15.973"/>
  <testcase classname="com.timp.test.DFG.Painel.PainelNovaConfiguração" name="criar" time="59.232"/>
</testsuite> <!-- com.timp.test.DFG.Painel.PainelNovaConfiguração -->
