<?xml version="1.0" encoding="UTF-8"?>
<!-- Generated by org.testng.reporters.JUnitReportReporter -->
<<<<<<< HEAD
<testsuite hostname="DESKTOP-35UG9UP" name="com.timp.test.BRB.Eliminar" tests="4" failures="0" timestamp="30 Sep 2020 19:54:15 GMT" time="187.527" errors="0">
  <testcase name="eliminarLixeira" time="71.369" classname="com.timp.test.BRB.Eliminar"/>
  <testcase name="brbEntrar" time="27.024" classname="com.timp.test.BRB.Eliminar"/>
  <testcase name="eliminar" time="75.354" classname="com.timp.test.BRB.Eliminar"/>
  <testcase name="login" time="13.780" classname="com.timp.test.BRB.Eliminar"/>
=======
<<<<<<< HEAD
<testsuite hostname="LitoSoler" name="com.timp.test.BRB.Eliminar" tests="4" failures="0" timestamp="30 Sep 2020 20:23:58 GMT" time="180.637" errors="0">
  <testcase name="login" time="15.776" classname="com.timp.test.BRB.Eliminar"/>
  <testcase name="brbEntrar" time="37.379" classname="com.timp.test.BRB.Eliminar"/>
  <testcase name="eliminar" time="61.583" classname="com.timp.test.BRB.Eliminar"/>
  <testcase name="eliminarLixeira" time="65.899" classname="com.timp.test.BRB.Eliminar"/>
=======
<<<<<<< HEAD
<testsuite hostname="DESKTOP-35UG9UP" name="com.timp.test.BRB.Eliminar" tests="4" failures="0" timestamp="30 Sep 2020 17:28:46 GMT" time="179.532" errors="0">
  <testcase name="eliminar" time="68.133" classname="com.timp.test.BRB.Eliminar"/>
  <testcase name="eliminarLixeira" time="69.147" classname="com.timp.test.BRB.Eliminar"/>
  <testcase name="brbEntrar" time="29.866" classname="com.timp.test.BRB.Eliminar"/>
  <testcase name="login" time="12.386" classname="com.timp.test.BRB.Eliminar"/>
=======
<testsuite hostname="LitoSoler" name="com.timp.test.BRB.Eliminar" tests="4" failures="0" timestamp="30 Sep 2020 18:14:59 GMT" time="155.299" errors="0">
  <testcase name="eliminarLixeira" time="65.725" classname="com.timp.test.BRB.Eliminar"/>
  <testcase name="login" time="7.388" classname="com.timp.test.BRB.Eliminar"/>
  <testcase name="eliminar" time="62.667" classname="com.timp.test.BRB.Eliminar"/>
  <testcase name="brbEntrar" time="19.519" classname="com.timp.test.BRB.Eliminar"/>
>>>>>>> branch 'master' of https://github.com/salc1997/TIMP_R1.git
>>>>>>> branch 'master' of https://github.com/salc1997/TIMP_R1.git
>>>>>>> branch 'master' of https://github.com/salc1997/TIMP_R1.git
</testsuite> <!-- com.timp.test.BRB.Eliminar -->
