<?xml version="1.0" encoding="UTF-8"?>
<!-- Generated by org.testng.reporters.JUnitReportReporter -->
<testsuite hostname="DESKTOP-M23FVFN" failures="0" tests="1" name="com.timp.test.BRB.CampoOutput" time="1391.093" errors="0" timestamp="16 dic. 2021 20:56:52 GMT" skipped="0">
  <testcase classname="com.timp.test.BRB.CampoOutput" name="campoOutput" time="1391.093"/>
</testsuite> <!-- com.timp.test.BRB.CampoOutput -->
