<?xml version="1.0" encoding="UTF-8"?>
<!-- Generated by org.testng.reporters.JUnitReportReporter -->
<testsuite hostname="DESKTOP-C57COV6" failures="0" tests="1" name="com.timp.test.MDR.CEP.Municipio.MunicipioEditar" time="133.181" errors="0" timestamp="15 sep. 2021 21:06:07 GMT" skipped="0">
  <testcase classname="com.timp.test.MDR.CEP.Municipio.MunicipioEditar" name="editar" time="133.181"/>
</testsuite> <!-- com.timp.test.MDR.CEP.Municipio.MunicipioEditar -->
