<?xml version="1.0" encoding="UTF-8"?>
<!-- Generated by org.testng.reporters.JUnitReportReporter -->
<<<<<<< HEAD
<testsuite hostname="DESKTOP-C57COV6" failures="0" tests="3" name="com.timp.test.TBD.ConsultaDeDocumentos.ConsultaDeDocumentosFiltroPorID" time="44.961" errors="0" timestamp="22 abr. 2021 02:22:44 GMT" skipped="0">
  <testcase classname="com.timp.test.TBD.ConsultaDeDocumentos.ConsultaDeDocumentosFiltroPorID" name="login" time="11.640"/>
  <testcase classname="com.timp.test.TBD.ConsultaDeDocumentos.ConsultaDeDocumentosFiltroPorID" name="TBDEntrar" time="17.053"/>
  <testcase classname="com.timp.test.TBD.ConsultaDeDocumentos.ConsultaDeDocumentosFiltroPorID" name="filtro" time="16.268"/>
</testsuite> <!-- com.timp.test.TBD.ConsultaDeDocumentos.ConsultaDeDocumentosFiltroPorID -->
=======
<testsuite hostname="MIGUEL" failures="0" tests="3" name="com.timp.test.TBD.ConsultaDeDocumentos.ConsultaDeDocumentosFiltroPorID" time="42.967" errors="0" timestamp="21 abr. 2021 21:25:15 GMT" skipped="0">
  <testcase classname="com.timp.test.TBD.ConsultaDeDocumentos.ConsultaDeDocumentosFiltroPorID" name="login" time="9.334"/>
  <testcase classname="com.timp.test.TBD.ConsultaDeDocumentos.ConsultaDeDocumentosFiltroPorID" name="TBDEntrar" time="15.367"/>
  <testcase classname="com.timp.test.TBD.ConsultaDeDocumentos.ConsultaDeDocumentosFiltroPorID" name="filtro" time="18.266"/>
</testsuite> <!-- com.timp.test.TBD.ConsultaDeDocumentos.ConsultaDeDocumentosFiltroPorID -->
>>>>>>> refs/heads/Fernando
