<?xml version="1.0" encoding="UTF-8"?>
<!-- Generated by org.testng.reporters.JUnitReportReporter -->
<testsuite hostname="DESKTOP-M23FVFN" failures="0" tests="1" name="com.timp.test.BRB.AtivarComentario" time="208.599" errors="0" timestamp="08 mar. 2022 04:50:48 GMT" skipped="0">
  <testcase classname="com.timp.test.BRB.AtivarComentario" name="ativarComentarios" time="208.599"/>
</testsuite> <!-- com.timp.test.BRB.AtivarComentario -->
