<?xml version="1.0" encoding="UTF-8"?>
<!-- Generated by org.testng.reporters.JUnitReportReporter -->
<testsuite hostname="DESKTOP-M23FVFN" failures="0" tests="1" name="com.timp.test.MDR.TabelasApoioSped.CodigoDeAjusteDaApuraçaoDoIPI.CodigoDeAjusteDaApuraçaoDoIPIExcluir" time="165.787" errors="0" timestamp="06 ene. 2022 05:53:37 GMT" skipped="0">
  <testcase classname="com.timp.test.MDR.TabelasApoioSped.CodigoDeAjusteDaApuraçaoDoIPI.CodigoDeAjusteDaApuraçaoDoIPIExcluir" name="excluir" time="165.787"/>
</testsuite> <!-- com.timp.test.MDR.TabelasApoioSped.CodigoDeAjusteDaApuraçaoDoIPI.CodigoDeAjusteDaApuraçaoDoIPIExcluir -->
