<?xml version="1.0" encoding="UTF-8"?>
<!-- Generated by org.testng.reporters.JUnitReportReporter -->
<testsuite hostname="DESKTOP-BNBDMGT" failures="33" tests="119" name="com.timp.test.MDR.Automacoes.AutomacoesMDR2" time="25292.316" errors="3" timestamp="25 Dec 2020 04:04:19 GMT">
  <testcase classname="com.timp.test.MDR.Automacoes.AutomacoesMDR2" name="parametrosParaLivroICMSSTExcluir" time="126.002"/>
  <testcase classname="com.timp.test.MDR.Automacoes.AutomacoesMDR2" name="mapeamentoSubstituicaoContaEstoqueCenariosCorrecoesEditar" time="145.507"/>
  <testcase classname="com.timp.test.MDR.Automacoes.AutomacoesMDR2" name="registroDeExportaçaoVisualizar" time="87.920">
    <failure message="no such element: Unable to locate element: {&quot;method&quot;:&quot;xpath&quot;,&quot;selector&quot;:&quot;//input[contains(@placeholder,&quot;Empresa&quot;)]&quot;}
  (Session info: chrome=83.0.4103.106)
For documentation on this error, please visit: https://www.seleniumhq.org/exceptions/no_such_element.html
Build info: version: &#039;3.141.59&#039;, revision: &#039;e82be7d358&#039;, time: &#039;2018-11-14T08:17:03&#039;
System info: host: &#039;DESKTOP-BNBDMGT&#039;, ip: &#039;192.168.1.37&#039;, os.name: &#039;Windows 10&#039;, os.arch: &#039;amd64&#039;, os.version: &#039;10.0&#039;, java.version: &#039;14.0.1&#039;
Driver info: org.openqa.selenium.chrome.ChromeDriver
Capabilities {acceptInsecureCerts: false, browserName: chrome, browserVersion: 83.0.4103.106, chrome: {chromedriverVersion: 83.0.4103.39 (ccbf011cb2d2b..., userDataDir: C:\Users\ymass\AppData\Loca...}, goog:chromeOptions: {debuggerAddress: localhost:54363}, javascriptEnabled: true, networkConnectionEnabled: false, pageLoadStrategy: normal, platform: WINDOWS, platformName: WINDOWS, proxy: Proxy(), setWindowRect: true, strictFileInteractability: false, timeouts: {implicit: 0, pageLoad: 300000, script: 30000}, unhandledPromptBehavior: dismiss and notify, webauthn:virtualAuthenticators: true}
Session ID: 56bd35d3a40ecac276e1da42dbaff0ac
*** Element info: {Using=xpath, value=//input[contains(@placeholder,&quot;Empresa&quot;)]}" type="org.openqa.selenium.NoSuchElementException">
      <![CDATA[org.openqa.selenium.NoSuchElementException: no such element: Unable to locate element: {"method":"xpath","selector":"//input[contains(@placeholder,"Empresa")]"}
  (Session info: chrome=83.0.4103.106)
For documentation on this error, please visit: https://www.seleniumhq.org/exceptions/no_such_element.html
Build info: version: '3.141.59', revision: 'e82be7d358', time: '2018-11-14T08:17:03'
System info: host: 'DESKTOP-BNBDMGT', ip: '192.168.1.37', os.name: 'Windows 10', os.arch: 'amd64', os.version: '10.0', java.version: '14.0.1'
Driver info: org.openqa.selenium.chrome.ChromeDriver
Capabilities {acceptInsecureCerts: false, browserName: chrome, browserVersion: 83.0.4103.106, chrome: {chromedriverVersion: 83.0.4103.39 (ccbf011cb2d2b..., userDataDir: C:\Users\ymass\AppData\Loca...}, goog:chromeOptions: {debuggerAddress: localhost:54363}, javascriptEnabled: true, networkConnectionEnabled: false, pageLoadStrategy: normal, platform: WINDOWS, platformName: WINDOWS, proxy: Proxy(), setWindowRect: true, strictFileInteractability: false, timeouts: {implicit: 0, pageLoad: 300000, script: 30000}, unhandledPromptBehavior: dismiss and notify, webauthn:virtualAuthenticators: true}
Session ID: 56bd35d3a40ecac276e1da42dbaff0ac
*** Element info: {Using=xpath, value=//input[contains(@placeholder,"Empresa")]}
	at jdk.internal.reflect.GeneratedConstructorAccessor14.newInstance(Unknown Source)
	at java.base/jdk.internal.reflect.DelegatingConstructorAccessorImpl.newInstance(DelegatingConstructorAccessorImpl.java:45)
	at java.base/java.lang.reflect.Constructor.newInstanceWithCaller(Constructor.java:500)
	at java.base/java.lang.reflect.Constructor.newInstance(Constructor.java:481)
	at org.openqa.selenium.remote.http.W3CHttpResponseCodec.createException(W3CHttpResponseCodec.java:187)
	at org.openqa.selenium.remote.http.W3CHttpResponseCodec.decode(W3CHttpResponseCodec.java:122)
	at org.openqa.selenium.remote.http.W3CHttpResponseCodec.decode(W3CHttpResponseCodec.java:49)
	at org.openqa.selenium.remote.HttpCommandExecutor.execute(HttpCommandExecutor.java:158)
	at org.openqa.selenium.remote.service.DriverCommandExecutor.execute(DriverCommandExecutor.java:83)
	at org.openqa.selenium.remote.RemoteWebDriver.execute(RemoteWebDriver.java:552)
	at org.openqa.selenium.remote.RemoteWebDriver.findElement(RemoteWebDriver.java:323)
	at org.openqa.selenium.remote.RemoteWebDriver.findElementByXPath(RemoteWebDriver.java:428)
	at org.openqa.selenium.By$ByXPath.findElement(By.java:353)
	at org.openqa.selenium.remote.RemoteWebDriver.findElement(RemoteWebDriver.java:315)
	at org.openqa.selenium.support.pagefactory.DefaultElementLocator.findElement(DefaultElementLocator.java:69)
	at org.openqa.selenium.support.pagefactory.internal.LocatingElementHandler.invoke(LocatingElementHandler.java:38)
	at com.sun.proxy.$Proxy10.getAttribute(Unknown Source)
	at com.sap.timp.pageObjectModel.MDR.RegistroDeExportaçao.RegistroDeExportaçaoVisualizarPO.visualizar(RegistroDeExportaçaoVisualizarPO.java:200)
	at com.timp.test.MDR.RegistroDeExportaçao.RegistroDeExportaçaoVisualizar.Visualizar(RegistroDeExportaçaoVisualizar.java:56)
	at com.timp.test.MDR.Automacoes.AutomacoesMDR2.registroDeExportaçaoVisualizar(AutomacoesMDR2.java:1408)
	at java.base/jdk.internal.reflect.NativeMethodAccessorImpl.invoke0(Native Method)
	at java.base/jdk.internal.reflect.NativeMethodAccessorImpl.invoke(NativeMethodAccessorImpl.java:62)
	at java.base/jdk.internal.reflect.DelegatingMethodAccessorImpl.invoke(DelegatingMethodAccessorImpl.java:43)
	at java.base/java.lang.reflect.Method.invoke(Method.java:564)
	at org.testng.internal.MethodInvocationHelper.invokeMethod(MethodInvocationHelper.java:80)
	at org.testng.internal.Invoker.invokeMethod(Invoker.java:714)
	at org.testng.internal.Invoker.invokeTestMethod(Invoker.java:901)
	at org.testng.internal.Invoker.invokeTestMethods(Invoker.java:1231)
	at org.testng.internal.TestMethodWorker.invokeTestMethods(TestMethodWorker.java:127)
	at org.testng.internal.TestMethodWorker.run(TestMethodWorker.java:111)
	at org.testng.TestRunner.privateRun(TestRunner.java:767)
	at org.testng.TestRunner.run(TestRunner.java:617)
	at org.testng.SuiteRunner.runTest(SuiteRunner.java:334)
	at org.testng.SuiteRunner.runSequentially(SuiteRunner.java:329)
	at org.testng.SuiteRunner.privateRun(SuiteRunner.java:291)
	at org.testng.SuiteRunner.run(SuiteRunner.java:240)
	at org.testng.SuiteRunnerWorker.runSuite(SuiteRunnerWorker.java:52)
	at org.testng.SuiteRunnerWorker.run(SuiteRunnerWorker.java:86)
	at org.testng.TestNG.runSuitesSequentially(TestNG.java:1198)
	at org.testng.TestNG.runSuitesLocally(TestNG.java:1123)
	at org.testng.TestNG.run(TestNG.java:1031)
	at org.testng.remote.AbstractRemoteTestNG.run(AbstractRemoteTestNG.java:115)
	at org.testng.remote.RemoteTestNG.initAndRun(RemoteTestNG.java:251)
	at org.testng.remote.RemoteTestNG.main(RemoteTestNG.java:77)
]]>
    </failure>
  </testcase> <!-- registroDeExportaçaoVisualizar -->
  <testcase classname="com.timp.test.MDR.Automacoes.AutomacoesMDR2" name="ajusteEInformaçoesDeValoresEditar" time="104.621"/>
  <testcase classname="com.timp.test.MDR.Automacoes.AutomacoesMDR2" name="contasDefaultPorTributoVisualizar" time="132.004"/>
  <testcase classname="com.timp.test.MDR.Automacoes.AutomacoesMDR2" name="ajusteEInformaçoesDeValoresExcluir" time="123.919"/>
  <testcase classname="com.timp.test.MDR.Automacoes.AutomacoesMDR2" name="empresaVisualizar" time="97.172"/>
  <testcase classname="com.timp.test.MDR.Automacoes.AutomacoesMDR2" name="limiteCompetenciaCriar" time="150.220">
    <failure message="no such element: Unable to locate element: {&quot;method&quot;:&quot;xpath&quot;,&quot;selector&quot;:&quot;//div[contains(@class,&quot;icon-right&quot;)][2]&quot;}
  (Session info: chrome=83.0.4103.106)
For documentation on this error, please visit: https://www.seleniumhq.org/exceptions/no_such_element.html
Build info: version: &#039;3.141.59&#039;, revision: &#039;e82be7d358&#039;, time: &#039;2018-11-14T08:17:03&#039;
System info: host: &#039;DESKTOP-BNBDMGT&#039;, ip: &#039;192.168.1.37&#039;, os.name: &#039;Windows 10&#039;, os.arch: &#039;amd64&#039;, os.version: &#039;10.0&#039;, java.version: &#039;14.0.1&#039;
Driver info: org.openqa.selenium.chrome.ChromeDriver
Capabilities {acceptInsecureCerts: false, browserName: chrome, browserVersion: 83.0.4103.106, chrome: {chromedriverVersion: 83.0.4103.39 (ccbf011cb2d2b..., userDataDir: C:\Users\ymass\AppData\Loca...}, goog:chromeOptions: {debuggerAddress: localhost:59368}, javascriptEnabled: true, networkConnectionEnabled: false, pageLoadStrategy: normal, platform: WINDOWS, platformName: WINDOWS, proxy: Proxy(), setWindowRect: true, strictFileInteractability: false, timeouts: {implicit: 0, pageLoad: 300000, script: 30000}, unhandledPromptBehavior: dismiss and notify, webauthn:virtualAuthenticators: true}
Session ID: 8f8d2f8af9025b1ecfabc35c5c6ea9df
*** Element info: {Using=xpath, value=//div[contains(@class,&quot;icon-right&quot;)][2]}" type="org.openqa.selenium.NoSuchElementException">
      <![CDATA[org.openqa.selenium.NoSuchElementException: no such element: Unable to locate element: {"method":"xpath","selector":"//div[contains(@class,"icon-right")][2]"}
  (Session info: chrome=83.0.4103.106)
For documentation on this error, please visit: https://www.seleniumhq.org/exceptions/no_such_element.html
Build info: version: '3.141.59', revision: 'e82be7d358', time: '2018-11-14T08:17:03'
System info: host: 'DESKTOP-BNBDMGT', ip: '192.168.1.37', os.name: 'Windows 10', os.arch: 'amd64', os.version: '10.0', java.version: '14.0.1'
Driver info: org.openqa.selenium.chrome.ChromeDriver
Capabilities {acceptInsecureCerts: false, browserName: chrome, browserVersion: 83.0.4103.106, chrome: {chromedriverVersion: 83.0.4103.39 (ccbf011cb2d2b..., userDataDir: C:\Users\ymass\AppData\Loca...}, goog:chromeOptions: {debuggerAddress: localhost:59368}, javascriptEnabled: true, networkConnectionEnabled: false, pageLoadStrategy: normal, platform: WINDOWS, platformName: WINDOWS, proxy: Proxy(), setWindowRect: true, strictFileInteractability: false, timeouts: {implicit: 0, pageLoad: 300000, script: 30000}, unhandledPromptBehavior: dismiss and notify, webauthn:virtualAuthenticators: true}
Session ID: 8f8d2f8af9025b1ecfabc35c5c6ea9df
*** Element info: {Using=xpath, value=//div[contains(@class,"icon-right")][2]}
	at jdk.internal.reflect.GeneratedConstructorAccessor14.newInstance(Unknown Source)
	at java.base/jdk.internal.reflect.DelegatingConstructorAccessorImpl.newInstance(DelegatingConstructorAccessorImpl.java:45)
	at java.base/java.lang.reflect.Constructor.newInstanceWithCaller(Constructor.java:500)
	at java.base/java.lang.reflect.Constructor.newInstance(Constructor.java:481)
	at org.openqa.selenium.remote.http.W3CHttpResponseCodec.createException(W3CHttpResponseCodec.java:187)
	at org.openqa.selenium.remote.http.W3CHttpResponseCodec.decode(W3CHttpResponseCodec.java:122)
	at org.openqa.selenium.remote.http.W3CHttpResponseCodec.decode(W3CHttpResponseCodec.java:49)
	at org.openqa.selenium.remote.HttpCommandExecutor.execute(HttpCommandExecutor.java:158)
	at org.openqa.selenium.remote.service.DriverCommandExecutor.execute(DriverCommandExecutor.java:83)
	at org.openqa.selenium.remote.RemoteWebDriver.execute(RemoteWebDriver.java:552)
	at org.openqa.selenium.remote.RemoteWebDriver.findElement(RemoteWebDriver.java:323)
	at org.openqa.selenium.remote.RemoteWebDriver.findElementByXPath(RemoteWebDriver.java:428)
	at org.openqa.selenium.By$ByXPath.findElement(By.java:353)
	at org.openqa.selenium.remote.RemoteWebDriver.findElement(RemoteWebDriver.java:315)
	at org.openqa.selenium.support.pagefactory.DefaultElementLocator.findElement(DefaultElementLocator.java:69)
	at org.openqa.selenium.support.pagefactory.internal.LocatingElementHandler.invoke(LocatingElementHandler.java:38)
	at com.sun.proxy.$Proxy10.click(Unknown Source)
	at com.sap.timp.pageObjectModel.MDR.LimiteCompetencia.LimiteCompetenciaCriarPO.criar(LimiteCompetenciaCriarPO.java:237)
	at com.timp.test.MDR.LimiteCompetencia.LimiteCompetenciaCriar.criar(LimiteCompetenciaCriar.java:52)
	at com.timp.test.MDR.Automacoes.AutomacoesMDR2.limiteCompetenciaCriar(AutomacoesMDR2.java:688)
	at java.base/jdk.internal.reflect.NativeMethodAccessorImpl.invoke0(Native Method)
	at java.base/jdk.internal.reflect.NativeMethodAccessorImpl.invoke(NativeMethodAccessorImpl.java:62)
	at java.base/jdk.internal.reflect.DelegatingMethodAccessorImpl.invoke(DelegatingMethodAccessorImpl.java:43)
	at java.base/java.lang.reflect.Method.invoke(Method.java:564)
	at org.testng.internal.MethodInvocationHelper.invokeMethod(MethodInvocationHelper.java:80)
	at org.testng.internal.Invoker.invokeMethod(Invoker.java:714)
	at org.testng.internal.Invoker.invokeTestMethod(Invoker.java:901)
	at org.testng.internal.Invoker.invokeTestMethods(Invoker.java:1231)
	at org.testng.internal.TestMethodWorker.invokeTestMethods(TestMethodWorker.java:127)
	at org.testng.internal.TestMethodWorker.run(TestMethodWorker.java:111)
	at org.testng.TestRunner.privateRun(TestRunner.java:767)
	at org.testng.TestRunner.run(TestRunner.java:617)
	at org.testng.SuiteRunner.runTest(SuiteRunner.java:334)
	at org.testng.SuiteRunner.runSequentially(SuiteRunner.java:329)
	at org.testng.SuiteRunner.privateRun(SuiteRunner.java:291)
	at org.testng.SuiteRunner.run(SuiteRunner.java:240)
	at org.testng.SuiteRunnerWorker.runSuite(SuiteRunnerWorker.java:52)
	at org.testng.SuiteRunnerWorker.run(SuiteRunnerWorker.java:86)
	at org.testng.TestNG.runSuitesSequentially(TestNG.java:1198)
	at org.testng.TestNG.runSuitesLocally(TestNG.java:1123)
	at org.testng.TestNG.run(TestNG.java:1031)
	at org.testng.remote.AbstractRemoteTestNG.run(AbstractRemoteTestNG.java:115)
	at org.testng.remote.RemoteTestNG.initAndRun(RemoteTestNG.java:251)
	at org.testng.remote.RemoteTestNG.main(RemoteTestNG.java:77)
]]>
    </failure>
  </testcase> <!-- limiteCompetenciaCriar -->
  <testcase classname="com.timp.test.MDR.Automacoes.AutomacoesMDR2" name="contasDefaultParaExtemporaneoExcluir" time="89.071">
    <failure message="chrome not reachable
Build info: version: &#039;3.141.59&#039;, revision: &#039;e82be7d358&#039;, time: &#039;2018-11-14T08:17:03&#039;
System info: host: &#039;DESKTOP-BNBDMGT&#039;, ip: &#039;192.168.1.37&#039;, os.name: &#039;Windows 10&#039;, os.arch: &#039;amd64&#039;, os.version: &#039;10.0&#039;, java.version: &#039;14.0.1&#039;
Driver info: driver.version: ChromeDriver
remote stacktrace: Backtrace:
	Ordinal0 [0x008B9563+2725219]
	Ordinal0 [0x007B8551+1672529]
	Ordinal0 [0x006A0202+524802]
	Ordinal0 [0x006998EA+497898]
	Ordinal0 [0x0063071A+67354]
	Ordinal0 [0x0062D32C+54060]
	Ordinal0 [0x0064CC37+183351]
	Ordinal0 [0x0064CA3D+182845]
	Ordinal0 [0x0064A94B+174411]
	Ordinal0 [0x00632528+75048]
	Ordinal0 [0x006335A0+79264]
	Ordinal0 [0x00633539+79161]
	Ordinal0 [0x007CD607+1758727]
	GetHandleVerifier [0x009D6546+1050150]
	GetHandleVerifier [0x009D6291+1049457]
	GetHandleVerifier [0x009E10D7+1094071]
	GetHandleVerifier [0x009D6B46+1051686]
	Ordinal0 [0x007C5B06+1727238]
	Ordinal0 [0x007CEB7B+1764219]
	Ordinal0 [0x007CECE3+1764579]
	Ordinal0 [0x007E4C05+1854469]
	BaseThreadInitThunk [0x75396359+25]
	RtlGetAppContainerNamedObjectPath [0x771E8944+228]
	RtlGetAppContainerNamedObjectPath [0x771E8914+180]
" type="org.openqa.selenium.WebDriverException">
      <![CDATA[org.openqa.selenium.WebDriverException: chrome not reachable
Build info: version: '3.141.59', revision: 'e82be7d358', time: '2018-11-14T08:17:03'
System info: host: 'DESKTOP-BNBDMGT', ip: '192.168.1.37', os.name: 'Windows 10', os.arch: 'amd64', os.version: '10.0', java.version: '14.0.1'
Driver info: driver.version: ChromeDriver
remote stacktrace: Backtrace:
	Ordinal0 [0x008B9563+2725219]
	Ordinal0 [0x007B8551+1672529]
	Ordinal0 [0x006A0202+524802]
	Ordinal0 [0x006998EA+497898]
	Ordinal0 [0x0063071A+67354]
	Ordinal0 [0x0062D32C+54060]
	Ordinal0 [0x0064CC37+183351]
	Ordinal0 [0x0064CA3D+182845]
	Ordinal0 [0x0064A94B+174411]
	Ordinal0 [0x00632528+75048]
	Ordinal0 [0x006335A0+79264]
	Ordinal0 [0x00633539+79161]
	Ordinal0 [0x007CD607+1758727]
	GetHandleVerifier [0x009D6546+1050150]
	GetHandleVerifier [0x009D6291+1049457]
	GetHandleVerifier [0x009E10D7+1094071]
	GetHandleVerifier [0x009D6B46+1051686]
	Ordinal0 [0x007C5B06+1727238]
	Ordinal0 [0x007CEB7B+1764219]
	Ordinal0 [0x007CECE3+1764579]
	Ordinal0 [0x007E4C05+1854469]
	BaseThreadInitThunk [0x75396359+25]
	RtlGetAppContainerNamedObjectPath [0x771E8944+228]
	RtlGetAppContainerNamedObjectPath [0x771E8914+180]

	at java.base/jdk.internal.reflect.NativeConstructorAccessorImpl.newInstance0(Native Method)
	at java.base/jdk.internal.reflect.NativeConstructorAccessorImpl.newInstance(NativeConstructorAccessorImpl.java:62)
	at java.base/jdk.internal.reflect.DelegatingConstructorAccessorImpl.newInstance(DelegatingConstructorAccessorImpl.java:45)
	at java.base/java.lang.reflect.Constructor.newInstanceWithCaller(Constructor.java:500)
	at java.base/java.lang.reflect.Constructor.newInstance(Constructor.java:481)
	at org.openqa.selenium.remote.W3CHandshakeResponse.lambda$errorHandler$0(W3CHandshakeResponse.java:62)
	at org.openqa.selenium.remote.HandshakeResponse.lambda$getResponseFunction$0(HandshakeResponse.java:30)
	at org.openqa.selenium.remote.ProtocolHandshake.lambda$createSession$0(ProtocolHandshake.java:126)
	at java.base/java.util.stream.ReferencePipeline$3$1.accept(ReferencePipeline.java:195)
	at java.base/java.util.Spliterators$ArraySpliterator.tryAdvance(Spliterators.java:958)
	at java.base/java.util.stream.ReferencePipeline.forEachWithCancel(ReferencePipeline.java:127)
	at java.base/java.util.stream.AbstractPipeline.copyIntoWithCancel(AbstractPipeline.java:502)
	at java.base/java.util.stream.AbstractPipeline.copyInto(AbstractPipeline.java:488)
	at java.base/java.util.stream.AbstractPipeline.wrapAndCopyInto(AbstractPipeline.java:474)
	at java.base/java.util.stream.FindOps$FindOp.evaluateSequential(FindOps.java:150)
	at java.base/java.util.stream.AbstractPipeline.evaluate(AbstractPipeline.java:234)
	at java.base/java.util.stream.ReferencePipeline.findFirst(ReferencePipeline.java:543)
	at org.openqa.selenium.remote.ProtocolHandshake.createSession(ProtocolHandshake.java:128)
	at org.openqa.selenium.remote.ProtocolHandshake.createSession(ProtocolHandshake.java:74)
	at org.openqa.selenium.remote.HttpCommandExecutor.execute(HttpCommandExecutor.java:136)
	at org.openqa.selenium.remote.service.DriverCommandExecutor.execute(DriverCommandExecutor.java:83)
	at org.openqa.selenium.remote.RemoteWebDriver.execute(RemoteWebDriver.java:552)
	at org.openqa.selenium.remote.RemoteWebDriver.startSession(RemoteWebDriver.java:213)
	at org.openqa.selenium.remote.RemoteWebDriver.<init>(RemoteWebDriver.java:131)
	at org.openqa.selenium.chrome.ChromeDriver.<init>(ChromeDriver.java:181)
	at org.openqa.selenium.chrome.ChromeDriver.<init>(ChromeDriver.java:168)
	at org.openqa.selenium.chrome.ChromeDriver.<init>(ChromeDriver.java:157)
	at com.sap.timp.base.TestBaseEliel.initializationE(TestBaseEliel.java:33)
	at com.timp.test.MDR.ParametrosContabilizacao.ContasDefaultParaExtemporaneo.ContasDefaultParaExtemporaneoExcluir.beforeClass(ContasDefaultParaExtemporaneoExcluir.java:23)
	at com.timp.test.MDR.Automacoes.AutomacoesMDR2.contasDefaultParaExtemporaneoExcluir(AutomacoesMDR2.java:1108)
	at java.base/jdk.internal.reflect.NativeMethodAccessorImpl.invoke0(Native Method)
	at java.base/jdk.internal.reflect.NativeMethodAccessorImpl.invoke(NativeMethodAccessorImpl.java:62)
	at java.base/jdk.internal.reflect.DelegatingMethodAccessorImpl.invoke(DelegatingMethodAccessorImpl.java:43)
	at java.base/java.lang.reflect.Method.invoke(Method.java:564)
	at org.testng.internal.MethodInvocationHelper.invokeMethod(MethodInvocationHelper.java:80)
	at org.testng.internal.Invoker.invokeMethod(Invoker.java:714)
	at org.testng.internal.Invoker.invokeTestMethod(Invoker.java:901)
	at org.testng.internal.Invoker.invokeTestMethods(Invoker.java:1231)
	at org.testng.internal.TestMethodWorker.invokeTestMethods(TestMethodWorker.java:127)
	at org.testng.internal.TestMethodWorker.run(TestMethodWorker.java:111)
	at org.testng.TestRunner.privateRun(TestRunner.java:767)
	at org.testng.TestRunner.run(TestRunner.java:617)
	at org.testng.SuiteRunner.runTest(SuiteRunner.java:334)
	at org.testng.SuiteRunner.runSequentially(SuiteRunner.java:329)
	at org.testng.SuiteRunner.privateRun(SuiteRunner.java:291)
	at org.testng.SuiteRunner.run(SuiteRunner.java:240)
	at org.testng.SuiteRunnerWorker.runSuite(SuiteRunnerWorker.java:52)
	at org.testng.SuiteRunnerWorker.run(SuiteRunnerWorker.java:86)
	at org.testng.TestNG.runSuitesSequentially(TestNG.java:1198)
	at org.testng.TestNG.runSuitesLocally(TestNG.java:1123)
	at org.testng.TestNG.run(TestNG.java:1031)
	at org.testng.remote.AbstractRemoteTestNG.run(AbstractRemoteTestNG.java:115)
	at org.testng.remote.RemoteTestNG.initAndRun(RemoteTestNG.java:251)
	at org.testng.remote.RemoteTestNG.main(RemoteTestNG.java:77)
]]>
    </failure>
  </testcase> <!-- contasDefaultParaExtemporaneoExcluir -->
  <testcase classname="com.timp.test.MDR.Automacoes.AutomacoesMDR2" name="mapeamentoSubstituicaoContaEstoqueCenariosCorrecoesExcluir" time="108.179"/>
  <testcase classname="com.timp.test.MDR.Automacoes.AutomacoesMDR2" name="mapeamentoContabilCorrecaoCriar" time="105.251"/>
  <testcase classname="com.timp.test.MDR.Automacoes.AutomacoesMDR2" name="productosSCANCVisualizar" time="75.227">
    <failure message="no such element: Unable to locate element: {&quot;method&quot;:&quot;xpath&quot;,&quot;selector&quot;:&quot;//div[@data-id=&quot;39&quot;]/div[1]/div&quot;}
  (Session info: chrome=83.0.4103.106)
For documentation on this error, please visit: https://www.seleniumhq.org/exceptions/no_such_element.html
Build info: version: &#039;3.141.59&#039;, revision: &#039;e82be7d358&#039;, time: &#039;2018-11-14T08:17:03&#039;
System info: host: &#039;DESKTOP-BNBDMGT&#039;, ip: &#039;192.168.1.37&#039;, os.name: &#039;Windows 10&#039;, os.arch: &#039;amd64&#039;, os.version: &#039;10.0&#039;, java.version: &#039;14.0.1&#039;
Driver info: org.openqa.selenium.chrome.ChromeDriver
Capabilities {acceptInsecureCerts: false, browserName: chrome, browserVersion: 83.0.4103.106, chrome: {chromedriverVersion: 83.0.4103.39 (ccbf011cb2d2b..., userDataDir: C:\Users\ymass\AppData\Loca...}, goog:chromeOptions: {debuggerAddress: localhost:56515}, javascriptEnabled: true, networkConnectionEnabled: false, pageLoadStrategy: normal, platform: WINDOWS, platformName: WINDOWS, proxy: Proxy(), setWindowRect: true, strictFileInteractability: false, timeouts: {implicit: 0, pageLoad: 300000, script: 30000}, unhandledPromptBehavior: dismiss and notify, webauthn:virtualAuthenticators: true}
Session ID: 767fa8a7b9a02cf9e37bea67b503e1fd
*** Element info: {Using=xpath, value=//div[@data-id=&quot;39&quot;]/div[1]/div}" type="org.openqa.selenium.NoSuchElementException">
      <![CDATA[org.openqa.selenium.NoSuchElementException: no such element: Unable to locate element: {"method":"xpath","selector":"//div[@data-id="39"]/div[1]/div"}
  (Session info: chrome=83.0.4103.106)
For documentation on this error, please visit: https://www.seleniumhq.org/exceptions/no_such_element.html
Build info: version: '3.141.59', revision: 'e82be7d358', time: '2018-11-14T08:17:03'
System info: host: 'DESKTOP-BNBDMGT', ip: '192.168.1.37', os.name: 'Windows 10', os.arch: 'amd64', os.version: '10.0', java.version: '14.0.1'
Driver info: org.openqa.selenium.chrome.ChromeDriver
Capabilities {acceptInsecureCerts: false, browserName: chrome, browserVersion: 83.0.4103.106, chrome: {chromedriverVersion: 83.0.4103.39 (ccbf011cb2d2b..., userDataDir: C:\Users\ymass\AppData\Loca...}, goog:chromeOptions: {debuggerAddress: localhost:56515}, javascriptEnabled: true, networkConnectionEnabled: false, pageLoadStrategy: normal, platform: WINDOWS, platformName: WINDOWS, proxy: Proxy(), setWindowRect: true, strictFileInteractability: false, timeouts: {implicit: 0, pageLoad: 300000, script: 30000}, unhandledPromptBehavior: dismiss and notify, webauthn:virtualAuthenticators: true}
Session ID: 767fa8a7b9a02cf9e37bea67b503e1fd
*** Element info: {Using=xpath, value=//div[@data-id="39"]/div[1]/div}
	at jdk.internal.reflect.GeneratedConstructorAccessor14.newInstance(Unknown Source)
	at java.base/jdk.internal.reflect.DelegatingConstructorAccessorImpl.newInstance(DelegatingConstructorAccessorImpl.java:45)
	at java.base/java.lang.reflect.Constructor.newInstanceWithCaller(Constructor.java:500)
	at java.base/java.lang.reflect.Constructor.newInstance(Constructor.java:481)
	at org.openqa.selenium.remote.http.W3CHttpResponseCodec.createException(W3CHttpResponseCodec.java:187)
	at org.openqa.selenium.remote.http.W3CHttpResponseCodec.decode(W3CHttpResponseCodec.java:122)
	at org.openqa.selenium.remote.http.W3CHttpResponseCodec.decode(W3CHttpResponseCodec.java:49)
	at org.openqa.selenium.remote.HttpCommandExecutor.execute(HttpCommandExecutor.java:158)
	at org.openqa.selenium.remote.service.DriverCommandExecutor.execute(DriverCommandExecutor.java:83)
	at org.openqa.selenium.remote.RemoteWebDriver.execute(RemoteWebDriver.java:552)
	at org.openqa.selenium.remote.RemoteWebDriver.findElement(RemoteWebDriver.java:323)
	at org.openqa.selenium.remote.RemoteWebDriver.findElementByXPath(RemoteWebDriver.java:428)
	at org.openqa.selenium.By$ByXPath.findElement(By.java:353)
	at org.openqa.selenium.remote.RemoteWebDriver.findElement(RemoteWebDriver.java:315)
	at com.sap.timp.pageObjectModel.MDR.SCANC.ProdutosSCANC.ProdutosSCANCVisualizarPO.visualizar(ProdutosSCANCVisualizarPO.java:85)
	at com.timp.test.MDR.SCANC.ProdutosSCANC.ProductosSCANCVisualizar.visualizar(ProductosSCANCVisualizar.java:56)
	at com.timp.test.MDR.Automacoes.AutomacoesMDR2.productosSCANCVisualizar(AutomacoesMDR2.java:1737)
	at java.base/jdk.internal.reflect.NativeMethodAccessorImpl.invoke0(Native Method)
	at java.base/jdk.internal.reflect.NativeMethodAccessorImpl.invoke(NativeMethodAccessorImpl.java:62)
	at java.base/jdk.internal.reflect.DelegatingMethodAccessorImpl.invoke(DelegatingMethodAccessorImpl.java:43)
	at java.base/java.lang.reflect.Method.invoke(Method.java:564)
	at org.testng.internal.MethodInvocationHelper.invokeMethod(MethodInvocationHelper.java:80)
	at org.testng.internal.Invoker.invokeMethod(Invoker.java:714)
	at org.testng.internal.Invoker.invokeTestMethod(Invoker.java:901)
	at org.testng.internal.Invoker.invokeTestMethods(Invoker.java:1231)
	at org.testng.internal.TestMethodWorker.invokeTestMethods(TestMethodWorker.java:127)
	at org.testng.internal.TestMethodWorker.run(TestMethodWorker.java:111)
	at org.testng.TestRunner.privateRun(TestRunner.java:767)
	at org.testng.TestRunner.run(TestRunner.java:617)
	at org.testng.SuiteRunner.runTest(SuiteRunner.java:334)
	at org.testng.SuiteRunner.runSequentially(SuiteRunner.java:329)
	at org.testng.SuiteRunner.privateRun(SuiteRunner.java:291)
	at org.testng.SuiteRunner.run(SuiteRunner.java:240)
	at org.testng.SuiteRunnerWorker.runSuite(SuiteRunnerWorker.java:52)
	at org.testng.SuiteRunnerWorker.run(SuiteRunnerWorker.java:86)
	at org.testng.TestNG.runSuitesSequentially(TestNG.java:1198)
	at org.testng.TestNG.runSuitesLocally(TestNG.java:1123)
	at org.testng.TestNG.run(TestNG.java:1031)
	at org.testng.remote.AbstractRemoteTestNG.run(AbstractRemoteTestNG.java:115)
	at org.testng.remote.RemoteTestNG.initAndRun(RemoteTestNG.java:251)
	at org.testng.remote.RemoteTestNG.main(RemoteTestNG.java:77)
]]>
    </failure>
  </testcase> <!-- productosSCANCVisualizar -->
  <testcase classname="com.timp.test.MDR.Automacoes.AutomacoesMDR2" name="parametrosParaLivroICMSSTCriarCriar" time="190.619"/>
  <testcase classname="com.timp.test.MDR.Automacoes.AutomacoesMDR2" name="mapeamentoSubstituicaoContaEstoqueCenariosCorrecoesDetalhes" time="97.359"/>
  <testcase classname="com.timp.test.MDR.Automacoes.AutomacoesMDR2" name="detalheTipoTributoFiscalEditar" time="68.603">
    <failure message="no such element: Unable to locate element: {&quot;method&quot;:&quot;xpath&quot;,&quot;selector&quot;:&quot;//div[@data-id=&quot;280&quot;]/div[1]/div&quot;}
  (Session info: chrome=83.0.4103.106)
For documentation on this error, please visit: https://www.seleniumhq.org/exceptions/no_such_element.html
Build info: version: &#039;3.141.59&#039;, revision: &#039;e82be7d358&#039;, time: &#039;2018-11-14T08:17:03&#039;
System info: host: &#039;DESKTOP-BNBDMGT&#039;, ip: &#039;192.168.1.37&#039;, os.name: &#039;Windows 10&#039;, os.arch: &#039;amd64&#039;, os.version: &#039;10.0&#039;, java.version: &#039;14.0.1&#039;
Driver info: org.openqa.selenium.chrome.ChromeDriver
Capabilities {acceptInsecureCerts: false, browserName: chrome, browserVersion: 83.0.4103.106, chrome: {chromedriverVersion: 83.0.4103.39 (ccbf011cb2d2b..., userDataDir: C:\Users\ymass\AppData\Loca...}, goog:chromeOptions: {debuggerAddress: localhost:58235}, javascriptEnabled: true, networkConnectionEnabled: false, pageLoadStrategy: normal, platform: WINDOWS, platformName: WINDOWS, proxy: Proxy(), setWindowRect: true, strictFileInteractability: false, timeouts: {implicit: 0, pageLoad: 300000, script: 30000}, unhandledPromptBehavior: dismiss and notify, webauthn:virtualAuthenticators: true}
Session ID: 1568581214eb6d0308a6eed47f731375
*** Element info: {Using=xpath, value=//div[@data-id=&quot;280&quot;]/div[1]/div}" type="org.openqa.selenium.NoSuchElementException">
      <![CDATA[org.openqa.selenium.NoSuchElementException: no such element: Unable to locate element: {"method":"xpath","selector":"//div[@data-id="280"]/div[1]/div"}
  (Session info: chrome=83.0.4103.106)
For documentation on this error, please visit: https://www.seleniumhq.org/exceptions/no_such_element.html
Build info: version: '3.141.59', revision: 'e82be7d358', time: '2018-11-14T08:17:03'
System info: host: 'DESKTOP-BNBDMGT', ip: '192.168.1.37', os.name: 'Windows 10', os.arch: 'amd64', os.version: '10.0', java.version: '14.0.1'
Driver info: org.openqa.selenium.chrome.ChromeDriver
Capabilities {acceptInsecureCerts: false, browserName: chrome, browserVersion: 83.0.4103.106, chrome: {chromedriverVersion: 83.0.4103.39 (ccbf011cb2d2b..., userDataDir: C:\Users\ymass\AppData\Loca...}, goog:chromeOptions: {debuggerAddress: localhost:58235}, javascriptEnabled: true, networkConnectionEnabled: false, pageLoadStrategy: normal, platform: WINDOWS, platformName: WINDOWS, proxy: Proxy(), setWindowRect: true, strictFileInteractability: false, timeouts: {implicit: 0, pageLoad: 300000, script: 30000}, unhandledPromptBehavior: dismiss and notify, webauthn:virtualAuthenticators: true}
Session ID: 1568581214eb6d0308a6eed47f731375
*** Element info: {Using=xpath, value=//div[@data-id="280"]/div[1]/div}
	at jdk.internal.reflect.GeneratedConstructorAccessor14.newInstance(Unknown Source)
	at java.base/jdk.internal.reflect.DelegatingConstructorAccessorImpl.newInstance(DelegatingConstructorAccessorImpl.java:45)
	at java.base/java.lang.reflect.Constructor.newInstanceWithCaller(Constructor.java:500)
	at java.base/java.lang.reflect.Constructor.newInstance(Constructor.java:481)
	at org.openqa.selenium.remote.http.W3CHttpResponseCodec.createException(W3CHttpResponseCodec.java:187)
	at org.openqa.selenium.remote.http.W3CHttpResponseCodec.decode(W3CHttpResponseCodec.java:122)
	at org.openqa.selenium.remote.http.W3CHttpResponseCodec.decode(W3CHttpResponseCodec.java:49)
	at org.openqa.selenium.remote.HttpCommandExecutor.execute(HttpCommandExecutor.java:158)
	at org.openqa.selenium.remote.service.DriverCommandExecutor.execute(DriverCommandExecutor.java:83)
	at org.openqa.selenium.remote.RemoteWebDriver.execute(RemoteWebDriver.java:552)
	at org.openqa.selenium.remote.RemoteWebDriver.findElement(RemoteWebDriver.java:323)
	at org.openqa.selenium.remote.RemoteWebDriver.findElementByXPath(RemoteWebDriver.java:428)
	at org.openqa.selenium.By$ByXPath.findElement(By.java:353)
	at org.openqa.selenium.remote.RemoteWebDriver.findElement(RemoteWebDriver.java:315)
	at com.sap.timp.pageObjectModel.MDR.DetalheTipoTributo.DetalheEditarPO.editar(DetalheEditarPO.java:54)
	at com.timp.test.MDR.DetalheTipoTributo.DetalheEditar.editar(DetalheEditar.java:53)
	at com.timp.test.MDR.Automacoes.AutomacoesMDR2.detalheTipoTributoFiscalEditar(AutomacoesMDR2.java:360)
	at java.base/jdk.internal.reflect.NativeMethodAccessorImpl.invoke0(Native Method)
	at java.base/jdk.internal.reflect.NativeMethodAccessorImpl.invoke(NativeMethodAccessorImpl.java:62)
	at java.base/jdk.internal.reflect.DelegatingMethodAccessorImpl.invoke(DelegatingMethodAccessorImpl.java:43)
	at java.base/java.lang.reflect.Method.invoke(Method.java:564)
	at org.testng.internal.MethodInvocationHelper.invokeMethod(MethodInvocationHelper.java:80)
	at org.testng.internal.Invoker.invokeMethod(Invoker.java:714)
	at org.testng.internal.Invoker.invokeTestMethod(Invoker.java:901)
	at org.testng.internal.Invoker.invokeTestMethods(Invoker.java:1231)
	at org.testng.internal.TestMethodWorker.invokeTestMethods(TestMethodWorker.java:127)
	at org.testng.internal.TestMethodWorker.run(TestMethodWorker.java:111)
	at org.testng.TestRunner.privateRun(TestRunner.java:767)
	at org.testng.TestRunner.run(TestRunner.java:617)
	at org.testng.SuiteRunner.runTest(SuiteRunner.java:334)
	at org.testng.SuiteRunner.runSequentially(SuiteRunner.java:329)
	at org.testng.SuiteRunner.privateRun(SuiteRunner.java:291)
	at org.testng.SuiteRunner.run(SuiteRunner.java:240)
	at org.testng.SuiteRunnerWorker.runSuite(SuiteRunnerWorker.java:52)
	at org.testng.SuiteRunnerWorker.run(SuiteRunnerWorker.java:86)
	at org.testng.TestNG.runSuitesSequentially(TestNG.java:1198)
	at org.testng.TestNG.runSuitesLocally(TestNG.java:1123)
	at org.testng.TestNG.run(TestNG.java:1031)
	at org.testng.remote.AbstractRemoteTestNG.run(AbstractRemoteTestNG.java:115)
	at org.testng.remote.RemoteTestNG.initAndRun(RemoteTestNG.java:251)
	at org.testng.remote.RemoteTestNG.main(RemoteTestNG.java:77)
]]>
    </failure>
  </testcase> <!-- detalheTipoTributoFiscalEditar -->
  <testcase classname="com.timp.test.MDR.Automacoes.AutomacoesMDR2" name="tiposDeObjetosDeOcorrenciasFiscaisCriar" time="152.800"/>
  <testcase classname="com.timp.test.MDR.Automacoes.AutomacoesMDR2" name="limiteCompetenciaExcluir" time="87.239">
    <failure message="no such element: Unable to locate element: {&quot;method&quot;:&quot;xpath&quot;,&quot;selector&quot;:&quot;//div[@data-id=&quot;280&quot;]/div[1]/div&quot;}
  (Session info: chrome=83.0.4103.106)
For documentation on this error, please visit: https://www.seleniumhq.org/exceptions/no_such_element.html
Build info: version: &#039;3.141.59&#039;, revision: &#039;e82be7d358&#039;, time: &#039;2018-11-14T08:17:03&#039;
System info: host: &#039;DESKTOP-BNBDMGT&#039;, ip: &#039;192.168.1.37&#039;, os.name: &#039;Windows 10&#039;, os.arch: &#039;amd64&#039;, os.version: &#039;10.0&#039;, java.version: &#039;14.0.1&#039;
Driver info: org.openqa.selenium.chrome.ChromeDriver
Capabilities {acceptInsecureCerts: false, browserName: chrome, browserVersion: 83.0.4103.106, chrome: {chromedriverVersion: 83.0.4103.39 (ccbf011cb2d2b..., userDataDir: C:\Users\ymass\AppData\Loca...}, goog:chromeOptions: {debuggerAddress: localhost:59563}, javascriptEnabled: true, networkConnectionEnabled: false, pageLoadStrategy: normal, platform: WINDOWS, platformName: WINDOWS, proxy: Proxy(), setWindowRect: true, strictFileInteractability: false, timeouts: {implicit: 0, pageLoad: 300000, script: 30000}, unhandledPromptBehavior: dismiss and notify, webauthn:virtualAuthenticators: true}
Session ID: 7ffa53c76107037cb6a6130000e99ad3
*** Element info: {Using=xpath, value=//div[@data-id=&quot;280&quot;]/div[1]/div}" type="org.openqa.selenium.NoSuchElementException">
      <![CDATA[org.openqa.selenium.NoSuchElementException: no such element: Unable to locate element: {"method":"xpath","selector":"//div[@data-id="280"]/div[1]/div"}
  (Session info: chrome=83.0.4103.106)
For documentation on this error, please visit: https://www.seleniumhq.org/exceptions/no_such_element.html
Build info: version: '3.141.59', revision: 'e82be7d358', time: '2018-11-14T08:17:03'
System info: host: 'DESKTOP-BNBDMGT', ip: '192.168.1.37', os.name: 'Windows 10', os.arch: 'amd64', os.version: '10.0', java.version: '14.0.1'
Driver info: org.openqa.selenium.chrome.ChromeDriver
Capabilities {acceptInsecureCerts: false, browserName: chrome, browserVersion: 83.0.4103.106, chrome: {chromedriverVersion: 83.0.4103.39 (ccbf011cb2d2b..., userDataDir: C:\Users\ymass\AppData\Loca...}, goog:chromeOptions: {debuggerAddress: localhost:59563}, javascriptEnabled: true, networkConnectionEnabled: false, pageLoadStrategy: normal, platform: WINDOWS, platformName: WINDOWS, proxy: Proxy(), setWindowRect: true, strictFileInteractability: false, timeouts: {implicit: 0, pageLoad: 300000, script: 30000}, unhandledPromptBehavior: dismiss and notify, webauthn:virtualAuthenticators: true}
Session ID: 7ffa53c76107037cb6a6130000e99ad3
*** Element info: {Using=xpath, value=//div[@data-id="280"]/div[1]/div}
	at jdk.internal.reflect.GeneratedConstructorAccessor14.newInstance(Unknown Source)
	at java.base/jdk.internal.reflect.DelegatingConstructorAccessorImpl.newInstance(DelegatingConstructorAccessorImpl.java:45)
	at java.base/java.lang.reflect.Constructor.newInstanceWithCaller(Constructor.java:500)
	at java.base/java.lang.reflect.Constructor.newInstance(Constructor.java:481)
	at org.openqa.selenium.remote.http.W3CHttpResponseCodec.createException(W3CHttpResponseCodec.java:187)
	at org.openqa.selenium.remote.http.W3CHttpResponseCodec.decode(W3CHttpResponseCodec.java:122)
	at org.openqa.selenium.remote.http.W3CHttpResponseCodec.decode(W3CHttpResponseCodec.java:49)
	at org.openqa.selenium.remote.HttpCommandExecutor.execute(HttpCommandExecutor.java:158)
	at org.openqa.selenium.remote.service.DriverCommandExecutor.execute(DriverCommandExecutor.java:83)
	at org.openqa.selenium.remote.RemoteWebDriver.execute(RemoteWebDriver.java:552)
	at org.openqa.selenium.remote.RemoteWebDriver.findElement(RemoteWebDriver.java:323)
	at org.openqa.selenium.remote.RemoteWebDriver.findElementByXPath(RemoteWebDriver.java:428)
	at org.openqa.selenium.By$ByXPath.findElement(By.java:353)
	at org.openqa.selenium.remote.RemoteWebDriver.findElement(RemoteWebDriver.java:315)
	at com.sap.timp.pageObjectModel.MDR.LimiteCompetencia.LimiteCompetenciaExcluirPO.excluir(LimiteCompetenciaExcluirPO.java:63)
	at com.timp.test.MDR.LimiteCompetencia.LimiteCompetenciaExcluir.excluir(LimiteCompetenciaExcluir.java:53)
	at com.timp.test.MDR.Automacoes.AutomacoesMDR2.limiteCompetenciaExcluir(AutomacoesMDR2.java:736)
	at java.base/jdk.internal.reflect.NativeMethodAccessorImpl.invoke0(Native Method)
	at java.base/jdk.internal.reflect.NativeMethodAccessorImpl.invoke(NativeMethodAccessorImpl.java:62)
	at java.base/jdk.internal.reflect.DelegatingMethodAccessorImpl.invoke(DelegatingMethodAccessorImpl.java:43)
	at java.base/java.lang.reflect.Method.invoke(Method.java:564)
	at org.testng.internal.MethodInvocationHelper.invokeMethod(MethodInvocationHelper.java:80)
	at org.testng.internal.Invoker.invokeMethod(Invoker.java:714)
	at org.testng.internal.Invoker.invokeTestMethod(Invoker.java:901)
	at org.testng.internal.Invoker.invokeTestMethods(Invoker.java:1231)
	at org.testng.internal.TestMethodWorker.invokeTestMethods(TestMethodWorker.java:127)
	at org.testng.internal.TestMethodWorker.run(TestMethodWorker.java:111)
	at org.testng.TestRunner.privateRun(TestRunner.java:767)
	at org.testng.TestRunner.run(TestRunner.java:617)
	at org.testng.SuiteRunner.runTest(SuiteRunner.java:334)
	at org.testng.SuiteRunner.runSequentially(SuiteRunner.java:329)
	at org.testng.SuiteRunner.privateRun(SuiteRunner.java:291)
	at org.testng.SuiteRunner.run(SuiteRunner.java:240)
	at org.testng.SuiteRunnerWorker.runSuite(SuiteRunnerWorker.java:52)
	at org.testng.SuiteRunnerWorker.run(SuiteRunnerWorker.java:86)
	at org.testng.TestNG.runSuitesSequentially(TestNG.java:1198)
	at org.testng.TestNG.runSuitesLocally(TestNG.java:1123)
	at org.testng.TestNG.run(TestNG.java:1031)
	at org.testng.remote.AbstractRemoteTestNG.run(AbstractRemoteTestNG.java:115)
	at org.testng.remote.RemoteTestNG.initAndRun(RemoteTestNG.java:251)
	at org.testng.remote.RemoteTestNG.main(RemoteTestNG.java:77)
]]>
    </failure>
  </testcase> <!-- limiteCompetenciaExcluir -->
  <testcase classname="com.timp.test.MDR.Automacoes.AutomacoesMDR2" name="contasDefaultPorTributoCriar" time="498.954">
    <failure message="element not interactable
  (Session info: chrome=83.0.4103.106)
Build info: version: &#039;3.141.59&#039;, revision: &#039;e82be7d358&#039;, time: &#039;2018-11-14T08:17:03&#039;
System info: host: &#039;DESKTOP-BNBDMGT&#039;, ip: &#039;192.168.1.37&#039;, os.name: &#039;Windows 10&#039;, os.arch: &#039;amd64&#039;, os.version: &#039;10.0&#039;, java.version: &#039;14.0.1&#039;
Driver info: org.openqa.selenium.chrome.ChromeDriver
Capabilities {acceptInsecureCerts: false, browserName: chrome, browserVersion: 83.0.4103.106, chrome: {chromedriverVersion: 83.0.4103.39 (ccbf011cb2d2b..., userDataDir: C:\Users\ymass\AppData\Loca...}, goog:chromeOptions: {debuggerAddress: localhost:53222}, javascriptEnabled: true, networkConnectionEnabled: false, pageLoadStrategy: normal, platform: WINDOWS, platformName: WINDOWS, proxy: Proxy(), setWindowRect: true, strictFileInteractability: false, timeouts: {implicit: 0, pageLoad: 300000, script: 30000}, unhandledPromptBehavior: dismiss and notify, webauthn:virtualAuthenticators: true}
Session ID: a5f49e58668820c66a44153e5da76f01" type="org.openqa.selenium.ElementNotInteractableException">
      <![CDATA[org.openqa.selenium.ElementNotInteractableException: element not interactable
  (Session info: chrome=83.0.4103.106)
Build info: version: '3.141.59', revision: 'e82be7d358', time: '2018-11-14T08:17:03'
System info: host: 'DESKTOP-BNBDMGT', ip: '192.168.1.37', os.name: 'Windows 10', os.arch: 'amd64', os.version: '10.0', java.version: '14.0.1'
Driver info: org.openqa.selenium.chrome.ChromeDriver
Capabilities {acceptInsecureCerts: false, browserName: chrome, browserVersion: 83.0.4103.106, chrome: {chromedriverVersion: 83.0.4103.39 (ccbf011cb2d2b..., userDataDir: C:\Users\ymass\AppData\Loca...}, goog:chromeOptions: {debuggerAddress: localhost:53222}, javascriptEnabled: true, networkConnectionEnabled: false, pageLoadStrategy: normal, platform: WINDOWS, platformName: WINDOWS, proxy: Proxy(), setWindowRect: true, strictFileInteractability: false, timeouts: {implicit: 0, pageLoad: 300000, script: 30000}, unhandledPromptBehavior: dismiss and notify, webauthn:virtualAuthenticators: true}
Session ID: a5f49e58668820c66a44153e5da76f01
	at java.base/jdk.internal.reflect.NativeConstructorAccessorImpl.newInstance0(Native Method)
	at java.base/jdk.internal.reflect.NativeConstructorAccessorImpl.newInstance(NativeConstructorAccessorImpl.java:62)
	at java.base/jdk.internal.reflect.DelegatingConstructorAccessorImpl.newInstance(DelegatingConstructorAccessorImpl.java:45)
	at java.base/java.lang.reflect.Constructor.newInstanceWithCaller(Constructor.java:500)
	at java.base/java.lang.reflect.Constructor.newInstance(Constructor.java:481)
	at org.openqa.selenium.remote.http.W3CHttpResponseCodec.createException(W3CHttpResponseCodec.java:187)
	at org.openqa.selenium.remote.http.W3CHttpResponseCodec.decode(W3CHttpResponseCodec.java:122)
	at org.openqa.selenium.remote.http.W3CHttpResponseCodec.decode(W3CHttpResponseCodec.java:49)
	at org.openqa.selenium.remote.HttpCommandExecutor.execute(HttpCommandExecutor.java:158)
	at org.openqa.selenium.remote.service.DriverCommandExecutor.execute(DriverCommandExecutor.java:83)
	at org.openqa.selenium.remote.RemoteWebDriver.execute(RemoteWebDriver.java:552)
	at org.openqa.selenium.remote.RemoteWebElement.execute(RemoteWebElement.java:285)
	at org.openqa.selenium.remote.RemoteWebElement.click(RemoteWebElement.java:84)
	at jdk.internal.reflect.GeneratedMethodAccessor1.invoke(Unknown Source)
	at java.base/jdk.internal.reflect.DelegatingMethodAccessorImpl.invoke(DelegatingMethodAccessorImpl.java:43)
	at java.base/java.lang.reflect.Method.invoke(Method.java:564)
	at org.openqa.selenium.support.pagefactory.internal.LocatingElementHandler.invoke(LocatingElementHandler.java:51)
	at com.sun.proxy.$Proxy10.click(Unknown Source)
	at com.sap.timp.pageObjectModel.MDR.ParametrosContabilizacao.ContasDefaultPorTributo.ContasDefaultPorTributoCriarPO.criar(ContasDefaultPorTributoCriarPO.java:79)
	at com.timp.test.MDR.ParametrosContabilizacao.ContasDefaultPorTributo.ContasDefaultPorTributoCriar.criar(ContasDefaultPorTributoCriar.java:50)
	at com.timp.test.MDR.Automacoes.AutomacoesMDR2.contasDefaultPorTributoCriar(AutomacoesMDR2.java:1132)
	at java.base/jdk.internal.reflect.NativeMethodAccessorImpl.invoke0(Native Method)
	at java.base/jdk.internal.reflect.NativeMethodAccessorImpl.invoke(NativeMethodAccessorImpl.java:62)
	at java.base/jdk.internal.reflect.DelegatingMethodAccessorImpl.invoke(DelegatingMethodAccessorImpl.java:43)
	at java.base/java.lang.reflect.Method.invoke(Method.java:564)
	at org.testng.internal.MethodInvocationHelper.invokeMethod(MethodInvocationHelper.java:80)
	at org.testng.internal.Invoker.invokeMethod(Invoker.java:714)
	at org.testng.internal.Invoker.invokeTestMethod(Invoker.java:901)
	at org.testng.internal.Invoker.invokeTestMethods(Invoker.java:1231)
	at org.testng.internal.TestMethodWorker.invokeTestMethods(TestMethodWorker.java:127)
	at org.testng.internal.TestMethodWorker.run(TestMethodWorker.java:111)
	at org.testng.TestRunner.privateRun(TestRunner.java:767)
	at org.testng.TestRunner.run(TestRunner.java:617)
	at org.testng.SuiteRunner.runTest(SuiteRunner.java:334)
	at org.testng.SuiteRunner.runSequentially(SuiteRunner.java:329)
	at org.testng.SuiteRunner.privateRun(SuiteRunner.java:291)
	at org.testng.SuiteRunner.run(SuiteRunner.java:240)
	at org.testng.SuiteRunnerWorker.runSuite(SuiteRunnerWorker.java:52)
	at org.testng.SuiteRunnerWorker.run(SuiteRunnerWorker.java:86)
	at org.testng.TestNG.runSuitesSequentially(TestNG.java:1198)
	at org.testng.TestNG.runSuitesLocally(TestNG.java:1123)
	at org.testng.TestNG.run(TestNG.java:1031)
	at org.testng.remote.AbstractRemoteTestNG.run(AbstractRemoteTestNG.java:115)
	at org.testng.remote.RemoteTestNG.initAndRun(RemoteTestNG.java:251)
	at org.testng.remote.RemoteTestNG.main(RemoteTestNG.java:77)
]]>
    </failure>
  </testcase> <!-- contasDefaultPorTributoCriar -->
  <testcase classname="com.timp.test.MDR.Automacoes.AutomacoesMDR2" name="limiteCompetenciaDetalhes" time="66.760">
    <failure message="no such element: Unable to locate element: {&quot;method&quot;:&quot;xpath&quot;,&quot;selector&quot;:&quot;//div[@data-id=&quot;280&quot;]/div[1]/div&quot;}
  (Session info: chrome=83.0.4103.106)
For documentation on this error, please visit: https://www.seleniumhq.org/exceptions/no_such_element.html
Build info: version: &#039;3.141.59&#039;, revision: &#039;e82be7d358&#039;, time: &#039;2018-11-14T08:17:03&#039;
System info: host: &#039;DESKTOP-BNBDMGT&#039;, ip: &#039;192.168.1.37&#039;, os.name: &#039;Windows 10&#039;, os.arch: &#039;amd64&#039;, os.version: &#039;10.0&#039;, java.version: &#039;14.0.1&#039;
Driver info: org.openqa.selenium.chrome.ChromeDriver
Capabilities {acceptInsecureCerts: false, browserName: chrome, browserVersion: 83.0.4103.106, chrome: {chromedriverVersion: 83.0.4103.39 (ccbf011cb2d2b..., userDataDir: C:\Users\ymass\AppData\Loca...}, goog:chromeOptions: {debuggerAddress: localhost:59509}, javascriptEnabled: true, networkConnectionEnabled: false, pageLoadStrategy: normal, platform: WINDOWS, platformName: WINDOWS, proxy: Proxy(), setWindowRect: true, strictFileInteractability: false, timeouts: {implicit: 0, pageLoad: 300000, script: 30000}, unhandledPromptBehavior: dismiss and notify, webauthn:virtualAuthenticators: true}
Session ID: 6d2a66341f82fe819b793ec344e48436
*** Element info: {Using=xpath, value=//div[@data-id=&quot;280&quot;]/div[1]/div}" type="org.openqa.selenium.NoSuchElementException">
      <![CDATA[org.openqa.selenium.NoSuchElementException: no such element: Unable to locate element: {"method":"xpath","selector":"//div[@data-id="280"]/div[1]/div"}
  (Session info: chrome=83.0.4103.106)
For documentation on this error, please visit: https://www.seleniumhq.org/exceptions/no_such_element.html
Build info: version: '3.141.59', revision: 'e82be7d358', time: '2018-11-14T08:17:03'
System info: host: 'DESKTOP-BNBDMGT', ip: '192.168.1.37', os.name: 'Windows 10', os.arch: 'amd64', os.version: '10.0', java.version: '14.0.1'
Driver info: org.openqa.selenium.chrome.ChromeDriver
Capabilities {acceptInsecureCerts: false, browserName: chrome, browserVersion: 83.0.4103.106, chrome: {chromedriverVersion: 83.0.4103.39 (ccbf011cb2d2b..., userDataDir: C:\Users\ymass\AppData\Loca...}, goog:chromeOptions: {debuggerAddress: localhost:59509}, javascriptEnabled: true, networkConnectionEnabled: false, pageLoadStrategy: normal, platform: WINDOWS, platformName: WINDOWS, proxy: Proxy(), setWindowRect: true, strictFileInteractability: false, timeouts: {implicit: 0, pageLoad: 300000, script: 30000}, unhandledPromptBehavior: dismiss and notify, webauthn:virtualAuthenticators: true}
Session ID: 6d2a66341f82fe819b793ec344e48436
*** Element info: {Using=xpath, value=//div[@data-id="280"]/div[1]/div}
	at jdk.internal.reflect.GeneratedConstructorAccessor14.newInstance(Unknown Source)
	at java.base/jdk.internal.reflect.DelegatingConstructorAccessorImpl.newInstance(DelegatingConstructorAccessorImpl.java:45)
	at java.base/java.lang.reflect.Constructor.newInstanceWithCaller(Constructor.java:500)
	at java.base/java.lang.reflect.Constructor.newInstance(Constructor.java:481)
	at org.openqa.selenium.remote.http.W3CHttpResponseCodec.createException(W3CHttpResponseCodec.java:187)
	at org.openqa.selenium.remote.http.W3CHttpResponseCodec.decode(W3CHttpResponseCodec.java:122)
	at org.openqa.selenium.remote.http.W3CHttpResponseCodec.decode(W3CHttpResponseCodec.java:49)
	at org.openqa.selenium.remote.HttpCommandExecutor.execute(HttpCommandExecutor.java:158)
	at org.openqa.selenium.remote.service.DriverCommandExecutor.execute(DriverCommandExecutor.java:83)
	at org.openqa.selenium.remote.RemoteWebDriver.execute(RemoteWebDriver.java:552)
	at org.openqa.selenium.remote.RemoteWebDriver.findElement(RemoteWebDriver.java:323)
	at org.openqa.selenium.remote.RemoteWebDriver.findElementByXPath(RemoteWebDriver.java:428)
	at org.openqa.selenium.By$ByXPath.findElement(By.java:353)
	at org.openqa.selenium.remote.RemoteWebDriver.findElement(RemoteWebDriver.java:315)
	at com.sap.timp.pageObjectModel.MDR.LimiteCompetencia.LimiteCompetenciaDetalhesPO.detalhes(LimiteCompetenciaDetalhesPO.java:105)
	at com.timp.test.MDR.LimiteCompetencia.LimiteCompetenciaDetalhes.detalhes(LimiteCompetenciaDetalhes.java:54)
	at com.timp.test.MDR.Automacoes.AutomacoesMDR2.limiteCompetenciaDetalhes(AutomacoesMDR2.java:724)
	at java.base/jdk.internal.reflect.NativeMethodAccessorImpl.invoke0(Native Method)
	at java.base/jdk.internal.reflect.NativeMethodAccessorImpl.invoke(NativeMethodAccessorImpl.java:62)
	at java.base/jdk.internal.reflect.DelegatingMethodAccessorImpl.invoke(DelegatingMethodAccessorImpl.java:43)
	at java.base/java.lang.reflect.Method.invoke(Method.java:564)
	at org.testng.internal.MethodInvocationHelper.invokeMethod(MethodInvocationHelper.java:80)
	at org.testng.internal.Invoker.invokeMethod(Invoker.java:714)
	at org.testng.internal.Invoker.invokeTestMethod(Invoker.java:901)
	at org.testng.internal.Invoker.invokeTestMethods(Invoker.java:1231)
	at org.testng.internal.TestMethodWorker.invokeTestMethods(TestMethodWorker.java:127)
	at org.testng.internal.TestMethodWorker.run(TestMethodWorker.java:111)
	at org.testng.TestRunner.privateRun(TestRunner.java:767)
	at org.testng.TestRunner.run(TestRunner.java:617)
	at org.testng.SuiteRunner.runTest(SuiteRunner.java:334)
	at org.testng.SuiteRunner.runSequentially(SuiteRunner.java:329)
	at org.testng.SuiteRunner.privateRun(SuiteRunner.java:291)
	at org.testng.SuiteRunner.run(SuiteRunner.java:240)
	at org.testng.SuiteRunnerWorker.runSuite(SuiteRunnerWorker.java:52)
	at org.testng.SuiteRunnerWorker.run(SuiteRunnerWorker.java:86)
	at org.testng.TestNG.runSuitesSequentially(TestNG.java:1198)
	at org.testng.TestNG.runSuitesLocally(TestNG.java:1123)
	at org.testng.TestNG.run(TestNG.java:1031)
	at org.testng.remote.AbstractRemoteTestNG.run(AbstractRemoteTestNG.java:115)
	at org.testng.remote.RemoteTestNG.initAndRun(RemoteTestNG.java:251)
	at org.testng.remote.RemoteTestNG.main(RemoteTestNG.java:77)
]]>
    </failure>
  </testcase> <!-- limiteCompetenciaDetalhes -->
  <testcase classname="com.timp.test.MDR.Automacoes.AutomacoesMDR2" name="saldoInicialDiferidoExcluir" time="63.593">
    <failure message="no such element: Unable to locate element: {&quot;method&quot;:&quot;xpath&quot;,&quot;selector&quot;:&quot;//span[text()=&quot;Saldo Inicial Diferido&quot;]&quot;}
  (Session info: chrome=83.0.4103.106)
For documentation on this error, please visit: https://www.seleniumhq.org/exceptions/no_such_element.html
Build info: version: &#039;3.141.59&#039;, revision: &#039;e82be7d358&#039;, time: &#039;2018-11-14T08:17:03&#039;
System info: host: &#039;DESKTOP-BNBDMGT&#039;, ip: &#039;192.168.1.37&#039;, os.name: &#039;Windows 10&#039;, os.arch: &#039;amd64&#039;, os.version: &#039;10.0&#039;, java.version: &#039;14.0.1&#039;
Driver info: org.openqa.selenium.chrome.ChromeDriver
Capabilities {acceptInsecureCerts: false, browserName: chrome, browserVersion: 83.0.4103.106, chrome: {chromedriverVersion: 83.0.4103.39 (ccbf011cb2d2b..., userDataDir: C:\Users\ymass\AppData\Loca...}, goog:chromeOptions: {debuggerAddress: localhost:55483}, javascriptEnabled: true, networkConnectionEnabled: false, pageLoadStrategy: normal, platform: WINDOWS, platformName: WINDOWS, proxy: Proxy(), setWindowRect: true, strictFileInteractability: false, timeouts: {implicit: 0, pageLoad: 300000, script: 30000}, unhandledPromptBehavior: dismiss and notify, webauthn:virtualAuthenticators: true}
Session ID: 97d352a6504a89bde171858016e2e3d7
*** Element info: {Using=xpath, value=//span[text()=&quot;Saldo Inicial Diferido&quot;]}" type="org.openqa.selenium.NoSuchElementException">
      <![CDATA[org.openqa.selenium.NoSuchElementException: no such element: Unable to locate element: {"method":"xpath","selector":"//span[text()="Saldo Inicial Diferido"]"}
  (Session info: chrome=83.0.4103.106)
For documentation on this error, please visit: https://www.seleniumhq.org/exceptions/no_such_element.html
Build info: version: '3.141.59', revision: 'e82be7d358', time: '2018-11-14T08:17:03'
System info: host: 'DESKTOP-BNBDMGT', ip: '192.168.1.37', os.name: 'Windows 10', os.arch: 'amd64', os.version: '10.0', java.version: '14.0.1'
Driver info: org.openqa.selenium.chrome.ChromeDriver
Capabilities {acceptInsecureCerts: false, browserName: chrome, browserVersion: 83.0.4103.106, chrome: {chromedriverVersion: 83.0.4103.39 (ccbf011cb2d2b..., userDataDir: C:\Users\ymass\AppData\Loca...}, goog:chromeOptions: {debuggerAddress: localhost:55483}, javascriptEnabled: true, networkConnectionEnabled: false, pageLoadStrategy: normal, platform: WINDOWS, platformName: WINDOWS, proxy: Proxy(), setWindowRect: true, strictFileInteractability: false, timeouts: {implicit: 0, pageLoad: 300000, script: 30000}, unhandledPromptBehavior: dismiss and notify, webauthn:virtualAuthenticators: true}
Session ID: 97d352a6504a89bde171858016e2e3d7
*** Element info: {Using=xpath, value=//span[text()="Saldo Inicial Diferido"]}
	at jdk.internal.reflect.GeneratedConstructorAccessor14.newInstance(Unknown Source)
	at java.base/jdk.internal.reflect.DelegatingConstructorAccessorImpl.newInstance(DelegatingConstructorAccessorImpl.java:45)
	at java.base/java.lang.reflect.Constructor.newInstanceWithCaller(Constructor.java:500)
	at java.base/java.lang.reflect.Constructor.newInstance(Constructor.java:481)
	at org.openqa.selenium.remote.http.W3CHttpResponseCodec.createException(W3CHttpResponseCodec.java:187)
	at org.openqa.selenium.remote.http.W3CHttpResponseCodec.decode(W3CHttpResponseCodec.java:122)
	at org.openqa.selenium.remote.http.W3CHttpResponseCodec.decode(W3CHttpResponseCodec.java:49)
	at org.openqa.selenium.remote.HttpCommandExecutor.execute(HttpCommandExecutor.java:158)
	at org.openqa.selenium.remote.service.DriverCommandExecutor.execute(DriverCommandExecutor.java:83)
	at org.openqa.selenium.remote.RemoteWebDriver.execute(RemoteWebDriver.java:552)
	at org.openqa.selenium.remote.RemoteWebDriver.findElement(RemoteWebDriver.java:323)
	at org.openqa.selenium.remote.RemoteWebDriver.findElementByXPath(RemoteWebDriver.java:428)
	at org.openqa.selenium.By$ByXPath.findElement(By.java:353)
	at org.openqa.selenium.remote.RemoteWebDriver.findElement(RemoteWebDriver.java:315)
	at org.openqa.selenium.support.pagefactory.DefaultElementLocator.findElement(DefaultElementLocator.java:69)
	at org.openqa.selenium.support.pagefactory.internal.LocatingElementHandler.invoke(LocatingElementHandler.java:38)
	at com.sun.proxy.$Proxy10.click(Unknown Source)
	at com.sap.timp.pageObjectModel.MDR.SaldoInicialDiferido.SaldoInicialDiferidoExcluirPO.excluir(SaldoInicialDiferidoExcluirPO.java:46)
	at com.timp.test.MDR.SaldoInicialDiferido.SaldoInicialDiferidoExcluir.excluir(SaldoInicialDiferidoExcluir.java:53)
	at com.timp.test.MDR.Automacoes.AutomacoesMDR2.saldoInicialDiferidoExcluir(AutomacoesMDR2.java:1575)
	at java.base/jdk.internal.reflect.NativeMethodAccessorImpl.invoke0(Native Method)
	at java.base/jdk.internal.reflect.NativeMethodAccessorImpl.invoke(NativeMethodAccessorImpl.java:62)
	at java.base/jdk.internal.reflect.DelegatingMethodAccessorImpl.invoke(DelegatingMethodAccessorImpl.java:43)
	at java.base/java.lang.reflect.Method.invoke(Method.java:564)
	at org.testng.internal.MethodInvocationHelper.invokeMethod(MethodInvocationHelper.java:80)
	at org.testng.internal.Invoker.invokeMethod(Invoker.java:714)
	at org.testng.internal.Invoker.invokeTestMethod(Invoker.java:901)
	at org.testng.internal.Invoker.invokeTestMethods(Invoker.java:1231)
	at org.testng.internal.TestMethodWorker.invokeTestMethods(TestMethodWorker.java:127)
	at org.testng.internal.TestMethodWorker.run(TestMethodWorker.java:111)
	at org.testng.TestRunner.privateRun(TestRunner.java:767)
	at org.testng.TestRunner.run(TestRunner.java:617)
	at org.testng.SuiteRunner.runTest(SuiteRunner.java:334)
	at org.testng.SuiteRunner.runSequentially(SuiteRunner.java:329)
	at org.testng.SuiteRunner.privateRun(SuiteRunner.java:291)
	at org.testng.SuiteRunner.run(SuiteRunner.java:240)
	at org.testng.SuiteRunnerWorker.runSuite(SuiteRunnerWorker.java:52)
	at org.testng.SuiteRunnerWorker.run(SuiteRunnerWorker.java:86)
	at org.testng.TestNG.runSuitesSequentially(TestNG.java:1198)
	at org.testng.TestNG.runSuitesLocally(TestNG.java:1123)
	at org.testng.TestNG.run(TestNG.java:1031)
	at org.testng.remote.AbstractRemoteTestNG.run(AbstractRemoteTestNG.java:115)
	at org.testng.remote.RemoteTestNG.initAndRun(RemoteTestNG.java:251)
	at org.testng.remote.RemoteTestNG.main(RemoteTestNG.java:77)
]]>
    </failure>
  </testcase> <!-- saldoInicialDiferidoExcluir -->
  <testcase classname="com.timp.test.MDR.Automacoes.AutomacoesMDR2" name="detalheTipoTributoFiltroIdDetalhes" time="79.724"/>
  <testcase classname="com.timp.test.MDR.Automacoes.AutomacoesMDR2" name="sCANCDistribuidorasExcluir" time="152.011"/>
  <testcase classname="com.timp.test.MDR.Automacoes.AutomacoesMDR2" name="parametrosParaLivroICMSSTEditar" time="163.146"/>
  <testcase classname="com.timp.test.MDR.Automacoes.AutomacoesMDR2" name="movimentoSCANCVisualizar" time="93.249"/>
  <testcase classname="com.timp.test.MDR.Automacoes.AutomacoesMDR2" name="livrosFiscaisDetalhes" time="126.149"/>
  <testcase classname="com.timp.test.MDR.Automacoes.AutomacoesMDR2" name="sequenciaEditar" time="155.782"/>
  <testcase classname="com.timp.test.MDR.Automacoes.AutomacoesMDR2" name="saldoInicialDiferidoEditar" time="84.455">
    <failure message="no such element: Unable to locate element: {&quot;method&quot;:&quot;xpath&quot;,&quot;selector&quot;:&quot;//span[text()=&quot;Saldo Inicial Diferido&quot;]&quot;}
  (Session info: chrome=83.0.4103.106)
For documentation on this error, please visit: https://www.seleniumhq.org/exceptions/no_such_element.html
Build info: version: &#039;3.141.59&#039;, revision: &#039;e82be7d358&#039;, time: &#039;2018-11-14T08:17:03&#039;
System info: host: &#039;DESKTOP-BNBDMGT&#039;, ip: &#039;192.168.1.37&#039;, os.name: &#039;Windows 10&#039;, os.arch: &#039;amd64&#039;, os.version: &#039;10.0&#039;, java.version: &#039;14.0.1&#039;
Driver info: org.openqa.selenium.chrome.ChromeDriver
Capabilities {acceptInsecureCerts: false, browserName: chrome, browserVersion: 83.0.4103.106, chrome: {chromedriverVersion: 83.0.4103.39 (ccbf011cb2d2b..., userDataDir: C:\Users\ymass\AppData\Loca...}, goog:chromeOptions: {debuggerAddress: localhost:55355}, javascriptEnabled: true, networkConnectionEnabled: false, pageLoadStrategy: normal, platform: WINDOWS, platformName: WINDOWS, proxy: Proxy(), setWindowRect: true, strictFileInteractability: false, timeouts: {implicit: 0, pageLoad: 300000, script: 30000}, unhandledPromptBehavior: dismiss and notify, webauthn:virtualAuthenticators: true}
Session ID: 6b95f6d9743dc865736c050ac33439aa
*** Element info: {Using=xpath, value=//span[text()=&quot;Saldo Inicial Diferido&quot;]}" type="org.openqa.selenium.NoSuchElementException">
      <![CDATA[org.openqa.selenium.NoSuchElementException: no such element: Unable to locate element: {"method":"xpath","selector":"//span[text()="Saldo Inicial Diferido"]"}
  (Session info: chrome=83.0.4103.106)
For documentation on this error, please visit: https://www.seleniumhq.org/exceptions/no_such_element.html
Build info: version: '3.141.59', revision: 'e82be7d358', time: '2018-11-14T08:17:03'
System info: host: 'DESKTOP-BNBDMGT', ip: '192.168.1.37', os.name: 'Windows 10', os.arch: 'amd64', os.version: '10.0', java.version: '14.0.1'
Driver info: org.openqa.selenium.chrome.ChromeDriver
Capabilities {acceptInsecureCerts: false, browserName: chrome, browserVersion: 83.0.4103.106, chrome: {chromedriverVersion: 83.0.4103.39 (ccbf011cb2d2b..., userDataDir: C:\Users\ymass\AppData\Loca...}, goog:chromeOptions: {debuggerAddress: localhost:55355}, javascriptEnabled: true, networkConnectionEnabled: false, pageLoadStrategy: normal, platform: WINDOWS, platformName: WINDOWS, proxy: Proxy(), setWindowRect: true, strictFileInteractability: false, timeouts: {implicit: 0, pageLoad: 300000, script: 30000}, unhandledPromptBehavior: dismiss and notify, webauthn:virtualAuthenticators: true}
Session ID: 6b95f6d9743dc865736c050ac33439aa
*** Element info: {Using=xpath, value=//span[text()="Saldo Inicial Diferido"]}
	at jdk.internal.reflect.GeneratedConstructorAccessor14.newInstance(Unknown Source)
	at java.base/jdk.internal.reflect.DelegatingConstructorAccessorImpl.newInstance(DelegatingConstructorAccessorImpl.java:45)
	at java.base/java.lang.reflect.Constructor.newInstanceWithCaller(Constructor.java:500)
	at java.base/java.lang.reflect.Constructor.newInstance(Constructor.java:481)
	at org.openqa.selenium.remote.http.W3CHttpResponseCodec.createException(W3CHttpResponseCodec.java:187)
	at org.openqa.selenium.remote.http.W3CHttpResponseCodec.decode(W3CHttpResponseCodec.java:122)
	at org.openqa.selenium.remote.http.W3CHttpResponseCodec.decode(W3CHttpResponseCodec.java:49)
	at org.openqa.selenium.remote.HttpCommandExecutor.execute(HttpCommandExecutor.java:158)
	at org.openqa.selenium.remote.service.DriverCommandExecutor.execute(DriverCommandExecutor.java:83)
	at org.openqa.selenium.remote.RemoteWebDriver.execute(RemoteWebDriver.java:552)
	at org.openqa.selenium.remote.RemoteWebDriver.findElement(RemoteWebDriver.java:323)
	at org.openqa.selenium.remote.RemoteWebDriver.findElementByXPath(RemoteWebDriver.java:428)
	at org.openqa.selenium.By$ByXPath.findElement(By.java:353)
	at org.openqa.selenium.remote.RemoteWebDriver.findElement(RemoteWebDriver.java:315)
	at org.openqa.selenium.support.pagefactory.DefaultElementLocator.findElement(DefaultElementLocator.java:69)
	at org.openqa.selenium.support.pagefactory.internal.LocatingElementHandler.invoke(LocatingElementHandler.java:38)
	at com.sun.proxy.$Proxy10.click(Unknown Source)
	at com.sap.timp.pageObjectModel.MDR.SaldoInicialDiferido.SaldoInicialDiferidoEditarPO.editar(SaldoInicialDiferidoEditarPO.java:47)
	at com.timp.test.MDR.SaldoInicialDiferido.SaldoInicialDiferidoEditar.editar(SaldoInicialDiferidoEditar.java:52)
	at com.timp.test.MDR.Automacoes.AutomacoesMDR2.saldoInicialDiferidoEditar(AutomacoesMDR2.java:1541)
	at java.base/jdk.internal.reflect.NativeMethodAccessorImpl.invoke0(Native Method)
	at java.base/jdk.internal.reflect.NativeMethodAccessorImpl.invoke(NativeMethodAccessorImpl.java:62)
	at java.base/jdk.internal.reflect.DelegatingMethodAccessorImpl.invoke(DelegatingMethodAccessorImpl.java:43)
	at java.base/java.lang.reflect.Method.invoke(Method.java:564)
	at org.testng.internal.MethodInvocationHelper.invokeMethod(MethodInvocationHelper.java:80)
	at org.testng.internal.Invoker.invokeMethod(Invoker.java:714)
	at org.testng.internal.Invoker.invokeTestMethod(Invoker.java:901)
	at org.testng.internal.Invoker.invokeTestMethods(Invoker.java:1231)
	at org.testng.internal.TestMethodWorker.invokeTestMethods(TestMethodWorker.java:127)
	at org.testng.internal.TestMethodWorker.run(TestMethodWorker.java:111)
	at org.testng.TestRunner.privateRun(TestRunner.java:767)
	at org.testng.TestRunner.run(TestRunner.java:617)
	at org.testng.SuiteRunner.runTest(SuiteRunner.java:334)
	at org.testng.SuiteRunner.runSequentially(SuiteRunner.java:329)
	at org.testng.SuiteRunner.privateRun(SuiteRunner.java:291)
	at org.testng.SuiteRunner.run(SuiteRunner.java:240)
	at org.testng.SuiteRunnerWorker.runSuite(SuiteRunnerWorker.java:52)
	at org.testng.SuiteRunnerWorker.run(SuiteRunnerWorker.java:86)
	at org.testng.TestNG.runSuitesSequentially(TestNG.java:1198)
	at org.testng.TestNG.runSuitesLocally(TestNG.java:1123)
	at org.testng.TestNG.run(TestNG.java:1031)
	at org.testng.remote.AbstractRemoteTestNG.run(AbstractRemoteTestNG.java:115)
	at org.testng.remote.RemoteTestNG.initAndRun(RemoteTestNG.java:251)
	at org.testng.remote.RemoteTestNG.main(RemoteTestNG.java:77)
]]>
    </failure>
  </testcase> <!-- saldoInicialDiferidoEditar -->
  <testcase classname="com.timp.test.MDR.Automacoes.AutomacoesMDR2" name="representanteLegaisDetalhes" time="90.467"/>
  <testcase classname="com.timp.test.MDR.Automacoes.AutomacoesMDR2" name="contasDefaultParaExtemporaneoFiltroID" time="72.985"/>
  <testcase classname="com.timp.test.MDR.Automacoes.AutomacoesMDR2" name="motivosCesBeneficiosVisualizar" time="97.348"/>
  <testcase classname="com.timp.test.MDR.Automacoes.AutomacoesMDR2" name="representanteLegaisVisualizar" time="92.151"/>
  <testcase classname="com.timp.test.MDR.Automacoes.AutomacoesMDR2" name="motivosCesBeneficiosExcluir" time="118.124"/>
  <testcase classname="com.timp.test.MDR.Automacoes.AutomacoesMDR2" name="ajusteEInformaçoesDeValoresDetalhes" time="113.082"/>
  <testcase classname="com.timp.test.MDR.Automacoes.AutomacoesMDR2" name="mapeamentoContabilEditar" time="116.412">
    <error message="O valor do campo não foi editado expected [true] but found [false]" type="java.lang.AssertionError">
      <![CDATA[java.lang.AssertionError: O valor do campo não foi editado expected [true] but found [false]
	at org.testng.Assert.fail(Assert.java:94)
	at org.testng.Assert.failNotEquals(Assert.java:494)
	at org.testng.Assert.assertTrue(Assert.java:42)
	at com.timp.test.MDR.ParametrosContabilizacao.MapeamentoContabil.MapeamentoContabilEditar.editar(MapeamentoContabilEditar.java:55)
	at com.timp.test.MDR.Automacoes.AutomacoesMDR2.mapeamentoContabilEditar(AutomacoesMDR2.java:1211)
	at java.base/jdk.internal.reflect.NativeMethodAccessorImpl.invoke0(Native Method)
	at java.base/jdk.internal.reflect.NativeMethodAccessorImpl.invoke(NativeMethodAccessorImpl.java:62)
	at java.base/jdk.internal.reflect.DelegatingMethodAccessorImpl.invoke(DelegatingMethodAccessorImpl.java:43)
	at java.base/java.lang.reflect.Method.invoke(Method.java:564)
	at org.testng.internal.MethodInvocationHelper.invokeMethod(MethodInvocationHelper.java:80)
	at org.testng.internal.Invoker.invokeMethod(Invoker.java:714)
	at org.testng.internal.Invoker.invokeTestMethod(Invoker.java:901)
	at org.testng.internal.Invoker.invokeTestMethods(Invoker.java:1231)
	at org.testng.internal.TestMethodWorker.invokeTestMethods(TestMethodWorker.java:127)
	at org.testng.internal.TestMethodWorker.run(TestMethodWorker.java:111)
	at org.testng.TestRunner.privateRun(TestRunner.java:767)
	at org.testng.TestRunner.run(TestRunner.java:617)
	at org.testng.SuiteRunner.runTest(SuiteRunner.java:334)
	at org.testng.SuiteRunner.runSequentially(SuiteRunner.java:329)
	at org.testng.SuiteRunner.privateRun(SuiteRunner.java:291)
	at org.testng.SuiteRunner.run(SuiteRunner.java:240)
	at org.testng.SuiteRunnerWorker.runSuite(SuiteRunnerWorker.java:52)
	at org.testng.SuiteRunnerWorker.run(SuiteRunnerWorker.java:86)
	at org.testng.TestNG.runSuitesSequentially(TestNG.java:1198)
	at org.testng.TestNG.runSuitesLocally(TestNG.java:1123)
	at org.testng.TestNG.run(TestNG.java:1031)
	at org.testng.remote.AbstractRemoteTestNG.run(AbstractRemoteTestNG.java:115)
	at org.testng.remote.RemoteTestNG.initAndRun(RemoteTestNG.java:251)
	at org.testng.remote.RemoteTestNG.main(RemoteTestNG.java:77)
]]>
    </error>
  </testcase> <!-- mapeamentoContabilEditar -->
  <testcase classname="com.timp.test.MDR.Automacoes.AutomacoesMDR2" name="tiposDeObjetosDeOcorrenciasFiscaisExcluirMassa" time="127.790">
    <failure message="no such element: Unable to locate element: {&quot;method&quot;:&quot;xpath&quot;,&quot;selector&quot;:&quot;//li[@id][1]&quot;}
  (Session info: chrome=83.0.4103.106)
For documentation on this error, please visit: https://www.seleniumhq.org/exceptions/no_such_element.html
Build info: version: &#039;3.141.59&#039;, revision: &#039;e82be7d358&#039;, time: &#039;2018-11-14T08:17:03&#039;
System info: host: &#039;DESKTOP-BNBDMGT&#039;, ip: &#039;192.168.1.37&#039;, os.name: &#039;Windows 10&#039;, os.arch: &#039;amd64&#039;, os.version: &#039;10.0&#039;, java.version: &#039;14.0.1&#039;
Driver info: org.openqa.selenium.chrome.ChromeDriver
Capabilities {acceptInsecureCerts: false, browserName: chrome, browserVersion: 83.0.4103.106, chrome: {chromedriverVersion: 83.0.4103.39 (ccbf011cb2d2b..., userDataDir: C:\Users\ymass\AppData\Loca...}, goog:chromeOptions: {debuggerAddress: localhost:52845}, javascriptEnabled: true, networkConnectionEnabled: false, pageLoadStrategy: normal, platform: WINDOWS, platformName: WINDOWS, proxy: Proxy(), setWindowRect: true, strictFileInteractability: false, timeouts: {implicit: 0, pageLoad: 300000, script: 30000}, unhandledPromptBehavior: dismiss and notify, webauthn:virtualAuthenticators: true}
Session ID: 2065bc353f53bce4de2e84d7a1342fb7
*** Element info: {Using=xpath, value=//li[@id][1]}" type="org.openqa.selenium.NoSuchElementException">
      <![CDATA[org.openqa.selenium.NoSuchElementException: no such element: Unable to locate element: {"method":"xpath","selector":"//li[@id][1]"}
  (Session info: chrome=83.0.4103.106)
For documentation on this error, please visit: https://www.seleniumhq.org/exceptions/no_such_element.html
Build info: version: '3.141.59', revision: 'e82be7d358', time: '2018-11-14T08:17:03'
System info: host: 'DESKTOP-BNBDMGT', ip: '192.168.1.37', os.name: 'Windows 10', os.arch: 'amd64', os.version: '10.0', java.version: '14.0.1'
Driver info: org.openqa.selenium.chrome.ChromeDriver
Capabilities {acceptInsecureCerts: false, browserName: chrome, browserVersion: 83.0.4103.106, chrome: {chromedriverVersion: 83.0.4103.39 (ccbf011cb2d2b..., userDataDir: C:\Users\ymass\AppData\Loca...}, goog:chromeOptions: {debuggerAddress: localhost:52845}, javascriptEnabled: true, networkConnectionEnabled: false, pageLoadStrategy: normal, platform: WINDOWS, platformName: WINDOWS, proxy: Proxy(), setWindowRect: true, strictFileInteractability: false, timeouts: {implicit: 0, pageLoad: 300000, script: 30000}, unhandledPromptBehavior: dismiss and notify, webauthn:virtualAuthenticators: true}
Session ID: 2065bc353f53bce4de2e84d7a1342fb7
*** Element info: {Using=xpath, value=//li[@id][1]}
	at jdk.internal.reflect.GeneratedConstructorAccessor14.newInstance(Unknown Source)
	at java.base/jdk.internal.reflect.DelegatingConstructorAccessorImpl.newInstance(DelegatingConstructorAccessorImpl.java:45)
	at java.base/java.lang.reflect.Constructor.newInstanceWithCaller(Constructor.java:500)
	at java.base/java.lang.reflect.Constructor.newInstance(Constructor.java:481)
	at org.openqa.selenium.remote.http.W3CHttpResponseCodec.createException(W3CHttpResponseCodec.java:187)
	at org.openqa.selenium.remote.http.W3CHttpResponseCodec.decode(W3CHttpResponseCodec.java:122)
	at org.openqa.selenium.remote.http.W3CHttpResponseCodec.decode(W3CHttpResponseCodec.java:49)
	at org.openqa.selenium.remote.HttpCommandExecutor.execute(HttpCommandExecutor.java:158)
	at org.openqa.selenium.remote.service.DriverCommandExecutor.execute(DriverCommandExecutor.java:83)
	at org.openqa.selenium.remote.RemoteWebDriver.execute(RemoteWebDriver.java:552)
	at org.openqa.selenium.remote.RemoteWebDriver.findElement(RemoteWebDriver.java:323)
	at org.openqa.selenium.remote.RemoteWebDriver.findElementByXPath(RemoteWebDriver.java:428)
	at org.openqa.selenium.By$ByXPath.findElement(By.java:353)
	at org.openqa.selenium.remote.RemoteWebDriver.findElement(RemoteWebDriver.java:315)
	at org.openqa.selenium.support.pagefactory.DefaultElementLocator.findElement(DefaultElementLocator.java:69)
	at org.openqa.selenium.support.pagefactory.internal.LocatingElementHandler.invoke(LocatingElementHandler.java:38)
	at com.sun.proxy.$Proxy10.click(Unknown Source)
	at com.sap.timp.pageObjectModel.MDR.OcorrenciaFiscal.TiposDeObjetosDeOcorrenciasFiscais.TiposDeObjetosDeOcorrenciasFiscaisExcluirMassaPO.criar(TiposDeObjetosDeOcorrenciasFiscaisExcluirMassaPO.java:151)
	at com.timp.test.MDR.OcorrenciaFiscal.TiposDeObjetosDeOcorrenciasFiscais.TiposDeObjetosDeOcorrenciasFiscaisExcluirMassa.criar(TiposDeObjetosDeOcorrenciasFiscaisExcluirMassa.java:51)
	at com.timp.test.MDR.Automacoes.AutomacoesMDR2.tiposDeObjetosDeOcorrenciasFiscaisExcluirMassa(AutomacoesMDR2.java:1018)
	at java.base/jdk.internal.reflect.NativeMethodAccessorImpl.invoke0(Native Method)
	at java.base/jdk.internal.reflect.NativeMethodAccessorImpl.invoke(NativeMethodAccessorImpl.java:62)
	at java.base/jdk.internal.reflect.DelegatingMethodAccessorImpl.invoke(DelegatingMethodAccessorImpl.java:43)
	at java.base/java.lang.reflect.Method.invoke(Method.java:564)
	at org.testng.internal.MethodInvocationHelper.invokeMethod(MethodInvocationHelper.java:80)
	at org.testng.internal.Invoker.invokeMethod(Invoker.java:714)
	at org.testng.internal.Invoker.invokeTestMethod(Invoker.java:901)
	at org.testng.internal.Invoker.invokeTestMethods(Invoker.java:1231)
	at org.testng.internal.TestMethodWorker.invokeTestMethods(TestMethodWorker.java:127)
	at org.testng.internal.TestMethodWorker.run(TestMethodWorker.java:111)
	at org.testng.TestRunner.privateRun(TestRunner.java:767)
	at org.testng.TestRunner.run(TestRunner.java:617)
	at org.testng.SuiteRunner.runTest(SuiteRunner.java:334)
	at org.testng.SuiteRunner.runSequentially(SuiteRunner.java:329)
	at org.testng.SuiteRunner.privateRun(SuiteRunner.java:291)
	at org.testng.SuiteRunner.run(SuiteRunner.java:240)
	at org.testng.SuiteRunnerWorker.runSuite(SuiteRunnerWorker.java:52)
	at org.testng.SuiteRunnerWorker.run(SuiteRunnerWorker.java:86)
	at org.testng.TestNG.runSuitesSequentially(TestNG.java:1198)
	at org.testng.TestNG.runSuitesLocally(TestNG.java:1123)
	at org.testng.TestNG.run(TestNG.java:1031)
	at org.testng.remote.AbstractRemoteTestNG.run(AbstractRemoteTestNG.java:115)
	at org.testng.remote.RemoteTestNG.initAndRun(RemoteTestNG.java:251)
	at org.testng.remote.RemoteTestNG.main(RemoteTestNG.java:77)
]]>
    </failure>
  </testcase> <!-- tiposDeObjetosDeOcorrenciasFiscaisExcluirMassa -->
  <testcase classname="com.timp.test.MDR.Automacoes.AutomacoesMDR2" name="movimentoSCANCFiltroID" time="71.000"/>
  <testcase classname="com.timp.test.MDR.Automacoes.AutomacoesMDR2" name="ajusteEInformaçoesDeValoresVisualizar" time="100.418"/>
  <testcase classname="com.timp.test.MDR.Automacoes.AutomacoesMDR2" name="detalheTipoTributoDetalhes" time="120.193">
    <failure message="no such element: Unable to locate element: {&quot;method&quot;:&quot;xpath&quot;,&quot;selector&quot;:&quot;//div[@data-id=&quot;280&quot;]/div[1]/div&quot;}
  (Session info: chrome=83.0.4103.106)
For documentation on this error, please visit: https://www.seleniumhq.org/exceptions/no_such_element.html
Build info: version: &#039;3.141.59&#039;, revision: &#039;e82be7d358&#039;, time: &#039;2018-11-14T08:17:03&#039;
System info: host: &#039;DESKTOP-BNBDMGT&#039;, ip: &#039;192.168.1.37&#039;, os.name: &#039;Windows 10&#039;, os.arch: &#039;amd64&#039;, os.version: &#039;10.0&#039;, java.version: &#039;14.0.1&#039;
Driver info: org.openqa.selenium.chrome.ChromeDriver
Capabilities {acceptInsecureCerts: false, browserName: chrome, browserVersion: 83.0.4103.106, chrome: {chromedriverVersion: 83.0.4103.39 (ccbf011cb2d2b..., userDataDir: C:\Users\ymass\AppData\Loca...}, goog:chromeOptions: {debuggerAddress: localhost:58327}, javascriptEnabled: true, networkConnectionEnabled: false, pageLoadStrategy: normal, platform: WINDOWS, platformName: WINDOWS, proxy: Proxy(), setWindowRect: true, strictFileInteractability: false, timeouts: {implicit: 0, pageLoad: 300000, script: 30000}, unhandledPromptBehavior: dismiss and notify, webauthn:virtualAuthenticators: true}
Session ID: 26c62eff1b34194a989c5ac31f6112ce
*** Element info: {Using=xpath, value=//div[@data-id=&quot;280&quot;]/div[1]/div}" type="org.openqa.selenium.NoSuchElementException">
      <![CDATA[org.openqa.selenium.NoSuchElementException: no such element: Unable to locate element: {"method":"xpath","selector":"//div[@data-id="280"]/div[1]/div"}
  (Session info: chrome=83.0.4103.106)
For documentation on this error, please visit: https://www.seleniumhq.org/exceptions/no_such_element.html
Build info: version: '3.141.59', revision: 'e82be7d358', time: '2018-11-14T08:17:03'
System info: host: 'DESKTOP-BNBDMGT', ip: '192.168.1.37', os.name: 'Windows 10', os.arch: 'amd64', os.version: '10.0', java.version: '14.0.1'
Driver info: org.openqa.selenium.chrome.ChromeDriver
Capabilities {acceptInsecureCerts: false, browserName: chrome, browserVersion: 83.0.4103.106, chrome: {chromedriverVersion: 83.0.4103.39 (ccbf011cb2d2b..., userDataDir: C:\Users\ymass\AppData\Loca...}, goog:chromeOptions: {debuggerAddress: localhost:58327}, javascriptEnabled: true, networkConnectionEnabled: false, pageLoadStrategy: normal, platform: WINDOWS, platformName: WINDOWS, proxy: Proxy(), setWindowRect: true, strictFileInteractability: false, timeouts: {implicit: 0, pageLoad: 300000, script: 30000}, unhandledPromptBehavior: dismiss and notify, webauthn:virtualAuthenticators: true}
Session ID: 26c62eff1b34194a989c5ac31f6112ce
*** Element info: {Using=xpath, value=//div[@data-id="280"]/div[1]/div}
	at jdk.internal.reflect.GeneratedConstructorAccessor14.newInstance(Unknown Source)
	at java.base/jdk.internal.reflect.DelegatingConstructorAccessorImpl.newInstance(DelegatingConstructorAccessorImpl.java:45)
	at java.base/java.lang.reflect.Constructor.newInstanceWithCaller(Constructor.java:500)
	at java.base/java.lang.reflect.Constructor.newInstance(Constructor.java:481)
	at org.openqa.selenium.remote.http.W3CHttpResponseCodec.createException(W3CHttpResponseCodec.java:187)
	at org.openqa.selenium.remote.http.W3CHttpResponseCodec.decode(W3CHttpResponseCodec.java:122)
	at org.openqa.selenium.remote.http.W3CHttpResponseCodec.decode(W3CHttpResponseCodec.java:49)
	at org.openqa.selenium.remote.HttpCommandExecutor.execute(HttpCommandExecutor.java:158)
	at org.openqa.selenium.remote.service.DriverCommandExecutor.execute(DriverCommandExecutor.java:83)
	at org.openqa.selenium.remote.RemoteWebDriver.execute(RemoteWebDriver.java:552)
	at org.openqa.selenium.remote.RemoteWebDriver.findElement(RemoteWebDriver.java:323)
	at org.openqa.selenium.remote.RemoteWebDriver.findElementByXPath(RemoteWebDriver.java:428)
	at org.openqa.selenium.By$ByXPath.findElement(By.java:353)
	at org.openqa.selenium.remote.RemoteWebDriver.findElement(RemoteWebDriver.java:315)
	at com.sap.timp.pageObjectModel.MDR.DetalheTipoTributo.DetalheDetallePO.Detalle(DetalheDetallePO.java:69)
	at com.timp.test.MDR.DetalheTipoTributo.DetalheDetalhes.detalhes(DetalheDetalhes.java:61)
	at com.timp.test.MDR.Automacoes.AutomacoesMDR2.detalheTipoTributoDetalhes(AutomacoesMDR2.java:396)
	at java.base/jdk.internal.reflect.NativeMethodAccessorImpl.invoke0(Native Method)
	at java.base/jdk.internal.reflect.NativeMethodAccessorImpl.invoke(NativeMethodAccessorImpl.java:62)
	at java.base/jdk.internal.reflect.DelegatingMethodAccessorImpl.invoke(DelegatingMethodAccessorImpl.java:43)
	at java.base/java.lang.reflect.Method.invoke(Method.java:564)
	at org.testng.internal.MethodInvocationHelper.invokeMethod(MethodInvocationHelper.java:80)
	at org.testng.internal.Invoker.invokeMethod(Invoker.java:714)
	at org.testng.internal.Invoker.invokeTestMethod(Invoker.java:901)
	at org.testng.internal.Invoker.invokeTestMethods(Invoker.java:1231)
	at org.testng.internal.TestMethodWorker.invokeTestMethods(TestMethodWorker.java:127)
	at org.testng.internal.TestMethodWorker.run(TestMethodWorker.java:111)
	at org.testng.TestRunner.privateRun(TestRunner.java:767)
	at org.testng.TestRunner.run(TestRunner.java:617)
	at org.testng.SuiteRunner.runTest(SuiteRunner.java:334)
	at org.testng.SuiteRunner.runSequentially(SuiteRunner.java:329)
	at org.testng.SuiteRunner.privateRun(SuiteRunner.java:291)
	at org.testng.SuiteRunner.run(SuiteRunner.java:240)
	at org.testng.SuiteRunnerWorker.runSuite(SuiteRunnerWorker.java:52)
	at org.testng.SuiteRunnerWorker.run(SuiteRunnerWorker.java:86)
	at org.testng.TestNG.runSuitesSequentially(TestNG.java:1198)
	at org.testng.TestNG.runSuitesLocally(TestNG.java:1123)
	at org.testng.TestNG.run(TestNG.java:1031)
	at org.testng.remote.AbstractRemoteTestNG.run(AbstractRemoteTestNG.java:115)
	at org.testng.remote.RemoteTestNG.initAndRun(RemoteTestNG.java:251)
	at org.testng.remote.RemoteTestNG.main(RemoteTestNG.java:77)
]]>
    </failure>
  </testcase> <!-- detalheTipoTributoDetalhes -->
  <testcase classname="com.timp.test.MDR.Automacoes.AutomacoesMDR2" name="filiaisVisualizar" time="64.745"/>
  <testcase classname="com.timp.test.MDR.Automacoes.AutomacoesMDR2" name="saldoInicialDiferidoExcluirMassa" time="53.260">
    <failure message="no such element: Unable to locate element: {&quot;method&quot;:&quot;xpath&quot;,&quot;selector&quot;:&quot;//span[text()=&quot;Saldo Inicial Diferido&quot;]&quot;}
  (Session info: chrome=83.0.4103.106)
For documentation on this error, please visit: https://www.seleniumhq.org/exceptions/no_such_element.html
Build info: version: &#039;3.141.59&#039;, revision: &#039;e82be7d358&#039;, time: &#039;2018-11-14T08:17:03&#039;
System info: host: &#039;DESKTOP-BNBDMGT&#039;, ip: &#039;192.168.1.37&#039;, os.name: &#039;Windows 10&#039;, os.arch: &#039;amd64&#039;, os.version: &#039;10.0&#039;, java.version: &#039;14.0.1&#039;
Driver info: org.openqa.selenium.chrome.ChromeDriver
Capabilities {acceptInsecureCerts: false, browserName: chrome, browserVersion: 83.0.4103.106, chrome: {chromedriverVersion: 83.0.4103.39 (ccbf011cb2d2b..., userDataDir: C:\Users\ymass\AppData\Loca...}, goog:chromeOptions: {debuggerAddress: localhost:55378}, javascriptEnabled: true, networkConnectionEnabled: false, pageLoadStrategy: normal, platform: WINDOWS, platformName: WINDOWS, proxy: Proxy(), setWindowRect: true, strictFileInteractability: false, timeouts: {implicit: 0, pageLoad: 300000, script: 30000}, unhandledPromptBehavior: dismiss and notify, webauthn:virtualAuthenticators: true}
Session ID: 1558af1166b39d57c935f2ec1a152a8c
*** Element info: {Using=xpath, value=//span[text()=&quot;Saldo Inicial Diferido&quot;]}" type="org.openqa.selenium.NoSuchElementException">
      <![CDATA[org.openqa.selenium.NoSuchElementException: no such element: Unable to locate element: {"method":"xpath","selector":"//span[text()="Saldo Inicial Diferido"]"}
  (Session info: chrome=83.0.4103.106)
For documentation on this error, please visit: https://www.seleniumhq.org/exceptions/no_such_element.html
Build info: version: '3.141.59', revision: 'e82be7d358', time: '2018-11-14T08:17:03'
System info: host: 'DESKTOP-BNBDMGT', ip: '192.168.1.37', os.name: 'Windows 10', os.arch: 'amd64', os.version: '10.0', java.version: '14.0.1'
Driver info: org.openqa.selenium.chrome.ChromeDriver
Capabilities {acceptInsecureCerts: false, browserName: chrome, browserVersion: 83.0.4103.106, chrome: {chromedriverVersion: 83.0.4103.39 (ccbf011cb2d2b..., userDataDir: C:\Users\ymass\AppData\Loca...}, goog:chromeOptions: {debuggerAddress: localhost:55378}, javascriptEnabled: true, networkConnectionEnabled: false, pageLoadStrategy: normal, platform: WINDOWS, platformName: WINDOWS, proxy: Proxy(), setWindowRect: true, strictFileInteractability: false, timeouts: {implicit: 0, pageLoad: 300000, script: 30000}, unhandledPromptBehavior: dismiss and notify, webauthn:virtualAuthenticators: true}
Session ID: 1558af1166b39d57c935f2ec1a152a8c
*** Element info: {Using=xpath, value=//span[text()="Saldo Inicial Diferido"]}
	at jdk.internal.reflect.GeneratedConstructorAccessor14.newInstance(Unknown Source)
	at java.base/jdk.internal.reflect.DelegatingConstructorAccessorImpl.newInstance(DelegatingConstructorAccessorImpl.java:45)
	at java.base/java.lang.reflect.Constructor.newInstanceWithCaller(Constructor.java:500)
	at java.base/java.lang.reflect.Constructor.newInstance(Constructor.java:481)
	at org.openqa.selenium.remote.http.W3CHttpResponseCodec.createException(W3CHttpResponseCodec.java:187)
	at org.openqa.selenium.remote.http.W3CHttpResponseCodec.decode(W3CHttpResponseCodec.java:122)
	at org.openqa.selenium.remote.http.W3CHttpResponseCodec.decode(W3CHttpResponseCodec.java:49)
	at org.openqa.selenium.remote.HttpCommandExecutor.execute(HttpCommandExecutor.java:158)
	at org.openqa.selenium.remote.service.DriverCommandExecutor.execute(DriverCommandExecutor.java:83)
	at org.openqa.selenium.remote.RemoteWebDriver.execute(RemoteWebDriver.java:552)
	at org.openqa.selenium.remote.RemoteWebDriver.findElement(RemoteWebDriver.java:323)
	at org.openqa.selenium.remote.RemoteWebDriver.findElementByXPath(RemoteWebDriver.java:428)
	at org.openqa.selenium.By$ByXPath.findElement(By.java:353)
	at org.openqa.selenium.remote.RemoteWebDriver.findElement(RemoteWebDriver.java:315)
	at org.openqa.selenium.support.pagefactory.DefaultElementLocator.findElement(DefaultElementLocator.java:69)
	at org.openqa.selenium.support.pagefactory.internal.LocatingElementHandler.invoke(LocatingElementHandler.java:38)
	at com.sun.proxy.$Proxy10.click(Unknown Source)
	at com.sap.timp.pageObjectModel.MDR.SaldoInicialDiferido.SaldoInicialDiferidoExcluirMassaPO.criar(SaldoInicialDiferidoExcluirMassaPO.java:92)
	at com.timp.test.MDR.SaldoInicialDiferido.SaldoInicialDiferidoExcluirMassa.criar(SaldoInicialDiferidoExcluirMassa.java:52)
	at com.timp.test.MDR.Automacoes.AutomacoesMDR2.saldoInicialDiferidoExcluirMassa(AutomacoesMDR2.java:1564)
	at java.base/jdk.internal.reflect.NativeMethodAccessorImpl.invoke0(Native Method)
	at java.base/jdk.internal.reflect.NativeMethodAccessorImpl.invoke(NativeMethodAccessorImpl.java:62)
	at java.base/jdk.internal.reflect.DelegatingMethodAccessorImpl.invoke(DelegatingMethodAccessorImpl.java:43)
	at java.base/java.lang.reflect.Method.invoke(Method.java:564)
	at org.testng.internal.MethodInvocationHelper.invokeMethod(MethodInvocationHelper.java:80)
	at org.testng.internal.Invoker.invokeMethod(Invoker.java:714)
	at org.testng.internal.Invoker.invokeTestMethod(Invoker.java:901)
	at org.testng.internal.Invoker.invokeTestMethods(Invoker.java:1231)
	at org.testng.internal.TestMethodWorker.invokeTestMethods(TestMethodWorker.java:127)
	at org.testng.internal.TestMethodWorker.run(TestMethodWorker.java:111)
	at org.testng.TestRunner.privateRun(TestRunner.java:767)
	at org.testng.TestRunner.run(TestRunner.java:617)
	at org.testng.SuiteRunner.runTest(SuiteRunner.java:334)
	at org.testng.SuiteRunner.runSequentially(SuiteRunner.java:329)
	at org.testng.SuiteRunner.privateRun(SuiteRunner.java:291)
	at org.testng.SuiteRunner.run(SuiteRunner.java:240)
	at org.testng.SuiteRunnerWorker.runSuite(SuiteRunnerWorker.java:52)
	at org.testng.SuiteRunnerWorker.run(SuiteRunnerWorker.java:86)
	at org.testng.TestNG.runSuitesSequentially(TestNG.java:1198)
	at org.testng.TestNG.runSuitesLocally(TestNG.java:1123)
	at org.testng.TestNG.run(TestNG.java:1031)
	at org.testng.remote.AbstractRemoteTestNG.run(AbstractRemoteTestNG.java:115)
	at org.testng.remote.RemoteTestNG.initAndRun(RemoteTestNG.java:251)
	at org.testng.remote.RemoteTestNG.main(RemoteTestNG.java:77)
]]>
    </failure>
  </testcase> <!-- saldoInicialDiferidoExcluirMassa -->
  <testcase classname="com.timp.test.MDR.Automacoes.AutomacoesMDR2" name="empresaEditar" time="145.327"/>
  <testcase classname="com.timp.test.MDR.Automacoes.AutomacoesMDR2" name="representanteLegaisExcluir" time="9668.956">
    <failure message="chrome not reachable
  (Session info: chrome=83.0.4103.106)
Build info: version: &#039;3.141.59&#039;, revision: &#039;e82be7d358&#039;, time: &#039;2018-11-14T08:17:03&#039;
System info: host: &#039;DESKTOP-BNBDMGT&#039;, ip: &#039;192.168.1.37&#039;, os.name: &#039;Windows 10&#039;, os.arch: &#039;amd64&#039;, os.version: &#039;10.0&#039;, java.version: &#039;14.0.1&#039;
Driver info: org.openqa.selenium.chrome.ChromeDriver
Capabilities {acceptInsecureCerts: false, browserName: chrome, browserVersion: 83.0.4103.106, chrome: {chromedriverVersion: 83.0.4103.39 (ccbf011cb2d2b..., userDataDir: C:\Users\ymass\AppData\Loca...}, goog:chromeOptions: {debuggerAddress: localhost:54808}, javascriptEnabled: true, networkConnectionEnabled: false, pageLoadStrategy: normal, platform: WINDOWS, platformName: WINDOWS, proxy: Proxy(), setWindowRect: true, strictFileInteractability: false, timeouts: {implicit: 0, pageLoad: 300000, script: 30000}, unhandledPromptBehavior: dismiss and notify, webauthn:virtualAuthenticators: true}
Session ID: f1a39d329fa66c0fd8a440dc733a1ca5
*** Element info: {Using=xpath, value=//li[@identifier=&quot;accordion-item-adjustments&quot;]}" type="org.openqa.selenium.WebDriverException">
      <![CDATA[org.openqa.selenium.WebDriverException: chrome not reachable
  (Session info: chrome=83.0.4103.106)
Build info: version: '3.141.59', revision: 'e82be7d358', time: '2018-11-14T08:17:03'
System info: host: 'DESKTOP-BNBDMGT', ip: '192.168.1.37', os.name: 'Windows 10', os.arch: 'amd64', os.version: '10.0', java.version: '14.0.1'
Driver info: org.openqa.selenium.chrome.ChromeDriver
Capabilities {acceptInsecureCerts: false, browserName: chrome, browserVersion: 83.0.4103.106, chrome: {chromedriverVersion: 83.0.4103.39 (ccbf011cb2d2b..., userDataDir: C:\Users\ymass\AppData\Loca...}, goog:chromeOptions: {debuggerAddress: localhost:54808}, javascriptEnabled: true, networkConnectionEnabled: false, pageLoadStrategy: normal, platform: WINDOWS, platformName: WINDOWS, proxy: Proxy(), setWindowRect: true, strictFileInteractability: false, timeouts: {implicit: 0, pageLoad: 300000, script: 30000}, unhandledPromptBehavior: dismiss and notify, webauthn:virtualAuthenticators: true}
Session ID: f1a39d329fa66c0fd8a440dc733a1ca5
*** Element info: {Using=xpath, value=//li[@identifier="accordion-item-adjustments"]}
	at java.base/jdk.internal.reflect.NativeConstructorAccessorImpl.newInstance0(Native Method)
	at java.base/jdk.internal.reflect.NativeConstructorAccessorImpl.newInstance(NativeConstructorAccessorImpl.java:62)
	at java.base/jdk.internal.reflect.DelegatingConstructorAccessorImpl.newInstance(DelegatingConstructorAccessorImpl.java:45)
	at java.base/java.lang.reflect.Constructor.newInstanceWithCaller(Constructor.java:500)
	at java.base/java.lang.reflect.Constructor.newInstance(Constructor.java:481)
	at org.openqa.selenium.remote.http.W3CHttpResponseCodec.createException(W3CHttpResponseCodec.java:187)
	at org.openqa.selenium.remote.http.W3CHttpResponseCodec.decode(W3CHttpResponseCodec.java:122)
	at org.openqa.selenium.remote.http.W3CHttpResponseCodec.decode(W3CHttpResponseCodec.java:49)
	at org.openqa.selenium.remote.HttpCommandExecutor.execute(HttpCommandExecutor.java:158)
	at org.openqa.selenium.remote.service.DriverCommandExecutor.execute(DriverCommandExecutor.java:83)
	at org.openqa.selenium.remote.RemoteWebDriver.execute(RemoteWebDriver.java:552)
	at org.openqa.selenium.remote.RemoteWebDriver.findElement(RemoteWebDriver.java:323)
	at org.openqa.selenium.remote.RemoteWebDriver.findElementByXPath(RemoteWebDriver.java:428)
	at org.openqa.selenium.By$ByXPath.findElement(By.java:353)
	at org.openqa.selenium.remote.RemoteWebDriver.findElement(RemoteWebDriver.java:315)
	at org.openqa.selenium.support.pagefactory.DefaultElementLocator.findElement(DefaultElementLocator.java:69)
	at org.openqa.selenium.support.pagefactory.internal.LocatingElementHandler.invoke(LocatingElementHandler.java:38)
	at com.sun.proxy.$Proxy10.isDisplayed(Unknown Source)
	at org.openqa.selenium.support.ui.ExpectedConditions.elementIfVisible(ExpectedConditions.java:314)
	at org.openqa.selenium.support.ui.ExpectedConditions.access$000(ExpectedConditions.java:43)
	at org.openqa.selenium.support.ui.ExpectedConditions$10.apply(ExpectedConditions.java:300)
	at org.openqa.selenium.support.ui.ExpectedConditions$10.apply(ExpectedConditions.java:297)
	at org.openqa.selenium.support.ui.ExpectedConditions$23.apply(ExpectedConditions.java:670)
	at org.openqa.selenium.support.ui.ExpectedConditions$23.apply(ExpectedConditions.java:666)
	at org.openqa.selenium.support.ui.FluentWait.until(FluentWait.java:249)
	at com.sap.timp.base.TestBaseSteven.waitExpectElement(TestBaseSteven.java:218)
	at com.sap.timp.pageObjectModel.MDR.AcessarMDRPO.acessarMDR(AcessarMDRPO.java:45)
	at com.timp.test.MDR.RepresentanteLegais.RepresentantesLegaisExcluir.acessarMDR(RepresentantesLegaisExcluir.java:43)
	at com.timp.test.MDR.Automacoes.AutomacoesMDR2.representanteLegaisExcluir(AutomacoesMDR2.java:1509)
	at java.base/jdk.internal.reflect.NativeMethodAccessorImpl.invoke0(Native Method)
	at java.base/jdk.internal.reflect.NativeMethodAccessorImpl.invoke(NativeMethodAccessorImpl.java:62)
	at java.base/jdk.internal.reflect.DelegatingMethodAccessorImpl.invoke(DelegatingMethodAccessorImpl.java:43)
	at java.base/java.lang.reflect.Method.invoke(Method.java:564)
	at org.testng.internal.MethodInvocationHelper.invokeMethod(MethodInvocationHelper.java:80)
	at org.testng.internal.Invoker.invokeMethod(Invoker.java:714)
	at org.testng.internal.Invoker.invokeTestMethod(Invoker.java:901)
	at org.testng.internal.Invoker.invokeTestMethods(Invoker.java:1231)
	at org.testng.internal.TestMethodWorker.invokeTestMethods(TestMethodWorker.java:127)
	at org.testng.internal.TestMethodWorker.run(TestMethodWorker.java:111)
	at org.testng.TestRunner.privateRun(TestRunner.java:767)
	at org.testng.TestRunner.run(TestRunner.java:617)
	at org.testng.SuiteRunner.runTest(SuiteRunner.java:334)
	at org.testng.SuiteRunner.runSequentially(SuiteRunner.java:329)
	at org.testng.SuiteRunner.privateRun(SuiteRunner.java:291)
	at org.testng.SuiteRunner.run(SuiteRunner.java:240)
	at org.testng.SuiteRunnerWorker.runSuite(SuiteRunnerWorker.java:52)
	at org.testng.SuiteRunnerWorker.run(SuiteRunnerWorker.java:86)
	at org.testng.TestNG.runSuitesSequentially(TestNG.java:1198)
	at org.testng.TestNG.runSuitesLocally(TestNG.java:1123)
	at org.testng.TestNG.run(TestNG.java:1031)
	at org.testng.remote.AbstractRemoteTestNG.run(AbstractRemoteTestNG.java:115)
	at org.testng.remote.RemoteTestNG.initAndRun(RemoteTestNG.java:251)
	at org.testng.remote.RemoteTestNG.main(RemoteTestNG.java:77)
]]>
    </failure>
  </testcase> <!-- representanteLegaisExcluir -->
  <testcase classname="com.timp.test.MDR.Automacoes.AutomacoesMDR2" name="sCANCDistribuidorasCriar" time="142.238"/>
  <testcase classname="com.timp.test.MDR.Automacoes.AutomacoesMDR2" name="sCANCDistribuidorasDetalhes" time="112.862"/>
  <testcase classname="com.timp.test.MDR.Automacoes.AutomacoesMDR2" name="parametrosParaLivroICMSSTExcluirEmMassa" time="225.810"/>
  <testcase classname="com.timp.test.MDR.Automacoes.AutomacoesMDR2" name="detalheTipoTributoFiscalExcluir" time="76.571">
    <failure message="no such element: Unable to locate element: {&quot;method&quot;:&quot;xpath&quot;,&quot;selector&quot;:&quot;//div[@data-id=&quot;280&quot;]/div[1]/div&quot;}
  (Session info: chrome=83.0.4103.106)
For documentation on this error, please visit: https://www.seleniumhq.org/exceptions/no_such_element.html
Build info: version: &#039;3.141.59&#039;, revision: &#039;e82be7d358&#039;, time: &#039;2018-11-14T08:17:03&#039;
System info: host: &#039;DESKTOP-BNBDMGT&#039;, ip: &#039;192.168.1.37&#039;, os.name: &#039;Windows 10&#039;, os.arch: &#039;amd64&#039;, os.version: &#039;10.0&#039;, java.version: &#039;14.0.1&#039;
Driver info: org.openqa.selenium.chrome.ChromeDriver
Capabilities {acceptInsecureCerts: false, browserName: chrome, browserVersion: 83.0.4103.106, chrome: {chromedriverVersion: 83.0.4103.39 (ccbf011cb2d2b..., userDataDir: C:\Users\ymass\AppData\Loca...}, goog:chromeOptions: {debuggerAddress: localhost:58477}, javascriptEnabled: true, networkConnectionEnabled: false, pageLoadStrategy: normal, platform: WINDOWS, platformName: WINDOWS, proxy: Proxy(), setWindowRect: true, strictFileInteractability: false, timeouts: {implicit: 0, pageLoad: 300000, script: 30000}, unhandledPromptBehavior: dismiss and notify, webauthn:virtualAuthenticators: true}
Session ID: ec4251f37ac4672963a6e72d73feaaaa
*** Element info: {Using=xpath, value=//div[@data-id=&quot;280&quot;]/div[1]/div}" type="org.openqa.selenium.NoSuchElementException">
      <![CDATA[org.openqa.selenium.NoSuchElementException: no such element: Unable to locate element: {"method":"xpath","selector":"//div[@data-id="280"]/div[1]/div"}
  (Session info: chrome=83.0.4103.106)
For documentation on this error, please visit: https://www.seleniumhq.org/exceptions/no_such_element.html
Build info: version: '3.141.59', revision: 'e82be7d358', time: '2018-11-14T08:17:03'
System info: host: 'DESKTOP-BNBDMGT', ip: '192.168.1.37', os.name: 'Windows 10', os.arch: 'amd64', os.version: '10.0', java.version: '14.0.1'
Driver info: org.openqa.selenium.chrome.ChromeDriver
Capabilities {acceptInsecureCerts: false, browserName: chrome, browserVersion: 83.0.4103.106, chrome: {chromedriverVersion: 83.0.4103.39 (ccbf011cb2d2b..., userDataDir: C:\Users\ymass\AppData\Loca...}, goog:chromeOptions: {debuggerAddress: localhost:58477}, javascriptEnabled: true, networkConnectionEnabled: false, pageLoadStrategy: normal, platform: WINDOWS, platformName: WINDOWS, proxy: Proxy(), setWindowRect: true, strictFileInteractability: false, timeouts: {implicit: 0, pageLoad: 300000, script: 30000}, unhandledPromptBehavior: dismiss and notify, webauthn:virtualAuthenticators: true}
Session ID: ec4251f37ac4672963a6e72d73feaaaa
*** Element info: {Using=xpath, value=//div[@data-id="280"]/div[1]/div}
	at jdk.internal.reflect.GeneratedConstructorAccessor14.newInstance(Unknown Source)
	at java.base/jdk.internal.reflect.DelegatingConstructorAccessorImpl.newInstance(DelegatingConstructorAccessorImpl.java:45)
	at java.base/java.lang.reflect.Constructor.newInstanceWithCaller(Constructor.java:500)
	at java.base/java.lang.reflect.Constructor.newInstance(Constructor.java:481)
	at org.openqa.selenium.remote.http.W3CHttpResponseCodec.createException(W3CHttpResponseCodec.java:187)
	at org.openqa.selenium.remote.http.W3CHttpResponseCodec.decode(W3CHttpResponseCodec.java:122)
	at org.openqa.selenium.remote.http.W3CHttpResponseCodec.decode(W3CHttpResponseCodec.java:49)
	at org.openqa.selenium.remote.HttpCommandExecutor.execute(HttpCommandExecutor.java:158)
	at org.openqa.selenium.remote.service.DriverCommandExecutor.execute(DriverCommandExecutor.java:83)
	at org.openqa.selenium.remote.RemoteWebDriver.execute(RemoteWebDriver.java:552)
	at org.openqa.selenium.remote.RemoteWebDriver.findElement(RemoteWebDriver.java:323)
	at org.openqa.selenium.remote.RemoteWebDriver.findElementByXPath(RemoteWebDriver.java:428)
	at org.openqa.selenium.By$ByXPath.findElement(By.java:353)
	at org.openqa.selenium.remote.RemoteWebDriver.findElement(RemoteWebDriver.java:315)
	at com.sap.timp.pageObjectModel.MDR.DetalheTipoTributo.DetalheExcluirPO.eliminar(DetalheExcluirPO.java:53)
	at com.timp.test.MDR.DetalheTipoTributo.DetalheExcluir.excluir(DetalheExcluir.java:53)
	at com.timp.test.MDR.Automacoes.AutomacoesMDR2.detalheTipoTributoFiscalExcluir(AutomacoesMDR2.java:409)
	at java.base/jdk.internal.reflect.NativeMethodAccessorImpl.invoke0(Native Method)
	at java.base/jdk.internal.reflect.NativeMethodAccessorImpl.invoke(NativeMethodAccessorImpl.java:62)
	at java.base/jdk.internal.reflect.DelegatingMethodAccessorImpl.invoke(DelegatingMethodAccessorImpl.java:43)
	at java.base/java.lang.reflect.Method.invoke(Method.java:564)
	at org.testng.internal.MethodInvocationHelper.invokeMethod(MethodInvocationHelper.java:80)
	at org.testng.internal.Invoker.invokeMethod(Invoker.java:714)
	at org.testng.internal.Invoker.invokeTestMethod(Invoker.java:901)
	at org.testng.internal.Invoker.invokeTestMethods(Invoker.java:1231)
	at org.testng.internal.TestMethodWorker.invokeTestMethods(TestMethodWorker.java:127)
	at org.testng.internal.TestMethodWorker.run(TestMethodWorker.java:111)
	at org.testng.TestRunner.privateRun(TestRunner.java:767)
	at org.testng.TestRunner.run(TestRunner.java:617)
	at org.testng.SuiteRunner.runTest(SuiteRunner.java:334)
	at org.testng.SuiteRunner.runSequentially(SuiteRunner.java:329)
	at org.testng.SuiteRunner.privateRun(SuiteRunner.java:291)
	at org.testng.SuiteRunner.run(SuiteRunner.java:240)
	at org.testng.SuiteRunnerWorker.runSuite(SuiteRunnerWorker.java:52)
	at org.testng.SuiteRunnerWorker.run(SuiteRunnerWorker.java:86)
	at org.testng.TestNG.runSuitesSequentially(TestNG.java:1198)
	at org.testng.TestNG.runSuitesLocally(TestNG.java:1123)
	at org.testng.TestNG.run(TestNG.java:1031)
	at org.testng.remote.AbstractRemoteTestNG.run(AbstractRemoteTestNG.java:115)
	at org.testng.remote.RemoteTestNG.initAndRun(RemoteTestNG.java:251)
	at org.testng.remote.RemoteTestNG.main(RemoteTestNG.java:77)
]]>
    </failure>
  </testcase> <!-- detalheTipoTributoFiscalExcluir -->
  <testcase classname="com.timp.test.MDR.Automacoes.AutomacoesMDR2" name="registroDeExportaçaoDetalhes" time="158.806"/>
  <testcase classname="com.timp.test.MDR.Automacoes.AutomacoesMDR2" name="productosSCANCDetalhes" time="74.819">
    <failure message="no such element: Unable to locate element: {&quot;method&quot;:&quot;xpath&quot;,&quot;selector&quot;:&quot;//div[@data-id=&quot;39&quot;]/div[1]/div&quot;}
  (Session info: chrome=83.0.4103.106)
For documentation on this error, please visit: https://www.seleniumhq.org/exceptions/no_such_element.html
Build info: version: &#039;3.141.59&#039;, revision: &#039;e82be7d358&#039;, time: &#039;2018-11-14T08:17:03&#039;
System info: host: &#039;DESKTOP-BNBDMGT&#039;, ip: &#039;192.168.1.37&#039;, os.name: &#039;Windows 10&#039;, os.arch: &#039;amd64&#039;, os.version: &#039;10.0&#039;, java.version: &#039;14.0.1&#039;
Driver info: org.openqa.selenium.chrome.ChromeDriver
Capabilities {acceptInsecureCerts: false, browserName: chrome, browserVersion: 83.0.4103.106, chrome: {chromedriverVersion: 83.0.4103.39 (ccbf011cb2d2b..., userDataDir: C:\Users\ymass\AppData\Loca...}, goog:chromeOptions: {debuggerAddress: localhost:56559}, javascriptEnabled: true, networkConnectionEnabled: false, pageLoadStrategy: normal, platform: WINDOWS, platformName: WINDOWS, proxy: Proxy(), setWindowRect: true, strictFileInteractability: false, timeouts: {implicit: 0, pageLoad: 300000, script: 30000}, unhandledPromptBehavior: dismiss and notify, webauthn:virtualAuthenticators: true}
Session ID: 4ec4856f6dfe985f267d3dc08b4e6eb9
*** Element info: {Using=xpath, value=//div[@data-id=&quot;39&quot;]/div[1]/div}" type="org.openqa.selenium.NoSuchElementException">
      <![CDATA[org.openqa.selenium.NoSuchElementException: no such element: Unable to locate element: {"method":"xpath","selector":"//div[@data-id="39"]/div[1]/div"}
  (Session info: chrome=83.0.4103.106)
For documentation on this error, please visit: https://www.seleniumhq.org/exceptions/no_such_element.html
Build info: version: '3.141.59', revision: 'e82be7d358', time: '2018-11-14T08:17:03'
System info: host: 'DESKTOP-BNBDMGT', ip: '192.168.1.37', os.name: 'Windows 10', os.arch: 'amd64', os.version: '10.0', java.version: '14.0.1'
Driver info: org.openqa.selenium.chrome.ChromeDriver
Capabilities {acceptInsecureCerts: false, browserName: chrome, browserVersion: 83.0.4103.106, chrome: {chromedriverVersion: 83.0.4103.39 (ccbf011cb2d2b..., userDataDir: C:\Users\ymass\AppData\Loca...}, goog:chromeOptions: {debuggerAddress: localhost:56559}, javascriptEnabled: true, networkConnectionEnabled: false, pageLoadStrategy: normal, platform: WINDOWS, platformName: WINDOWS, proxy: Proxy(), setWindowRect: true, strictFileInteractability: false, timeouts: {implicit: 0, pageLoad: 300000, script: 30000}, unhandledPromptBehavior: dismiss and notify, webauthn:virtualAuthenticators: true}
Session ID: 4ec4856f6dfe985f267d3dc08b4e6eb9
*** Element info: {Using=xpath, value=//div[@data-id="39"]/div[1]/div}
	at jdk.internal.reflect.GeneratedConstructorAccessor14.newInstance(Unknown Source)
	at java.base/jdk.internal.reflect.DelegatingConstructorAccessorImpl.newInstance(DelegatingConstructorAccessorImpl.java:45)
	at java.base/java.lang.reflect.Constructor.newInstanceWithCaller(Constructor.java:500)
	at java.base/java.lang.reflect.Constructor.newInstance(Constructor.java:481)
	at org.openqa.selenium.remote.http.W3CHttpResponseCodec.createException(W3CHttpResponseCodec.java:187)
	at org.openqa.selenium.remote.http.W3CHttpResponseCodec.decode(W3CHttpResponseCodec.java:122)
	at org.openqa.selenium.remote.http.W3CHttpResponseCodec.decode(W3CHttpResponseCodec.java:49)
	at org.openqa.selenium.remote.HttpCommandExecutor.execute(HttpCommandExecutor.java:158)
	at org.openqa.selenium.remote.service.DriverCommandExecutor.execute(DriverCommandExecutor.java:83)
	at org.openqa.selenium.remote.RemoteWebDriver.execute(RemoteWebDriver.java:552)
	at org.openqa.selenium.remote.RemoteWebDriver.findElement(RemoteWebDriver.java:323)
	at org.openqa.selenium.remote.RemoteWebDriver.findElementByXPath(RemoteWebDriver.java:428)
	at org.openqa.selenium.By$ByXPath.findElement(By.java:353)
	at org.openqa.selenium.remote.RemoteWebDriver.findElement(RemoteWebDriver.java:315)
	at com.sap.timp.pageObjectModel.MDR.SCANC.ProdutosSCANC.ProdutosSCANCDetalhesPO.detalhes(ProdutosSCANCDetalhesPO.java:83)
	at com.timp.test.MDR.SCANC.ProdutosSCANC.ProdutosSCANCDetalhes.detalhes(ProdutosSCANCDetalhes.java:56)
	at com.timp.test.MDR.Automacoes.AutomacoesMDR2.productosSCANCDetalhes(AutomacoesMDR2.java:1749)
	at java.base/jdk.internal.reflect.NativeMethodAccessorImpl.invoke0(Native Method)
	at java.base/jdk.internal.reflect.NativeMethodAccessorImpl.invoke(NativeMethodAccessorImpl.java:62)
	at java.base/jdk.internal.reflect.DelegatingMethodAccessorImpl.invoke(DelegatingMethodAccessorImpl.java:43)
	at java.base/java.lang.reflect.Method.invoke(Method.java:564)
	at org.testng.internal.MethodInvocationHelper.invokeMethod(MethodInvocationHelper.java:80)
	at org.testng.internal.Invoker.invokeMethod(Invoker.java:714)
	at org.testng.internal.Invoker.invokeTestMethod(Invoker.java:901)
	at org.testng.internal.Invoker.invokeTestMethods(Invoker.java:1231)
	at org.testng.internal.TestMethodWorker.invokeTestMethods(TestMethodWorker.java:127)
	at org.testng.internal.TestMethodWorker.run(TestMethodWorker.java:111)
	at org.testng.TestRunner.privateRun(TestRunner.java:767)
	at org.testng.TestRunner.run(TestRunner.java:617)
	at org.testng.SuiteRunner.runTest(SuiteRunner.java:334)
	at org.testng.SuiteRunner.runSequentially(SuiteRunner.java:329)
	at org.testng.SuiteRunner.privateRun(SuiteRunner.java:291)
	at org.testng.SuiteRunner.run(SuiteRunner.java:240)
	at org.testng.SuiteRunnerWorker.runSuite(SuiteRunnerWorker.java:52)
	at org.testng.SuiteRunnerWorker.run(SuiteRunnerWorker.java:86)
	at org.testng.TestNG.runSuitesSequentially(TestNG.java:1198)
	at org.testng.TestNG.runSuitesLocally(TestNG.java:1123)
	at org.testng.TestNG.run(TestNG.java:1031)
	at org.testng.remote.AbstractRemoteTestNG.run(AbstractRemoteTestNG.java:115)
	at org.testng.remote.RemoteTestNG.initAndRun(RemoteTestNG.java:251)
	at org.testng.remote.RemoteTestNG.main(RemoteTestNG.java:77)
]]>
    </failure>
  </testcase> <!-- productosSCANCDetalhes -->
  <testcase classname="com.timp.test.MDR.Automacoes.AutomacoesMDR2" name="mapeamentoSubstituicaoContaEstoqueCenariosCorrecoesexCenariosCorrecoesFiltroId" time="73.061"/>
  <testcase classname="com.timp.test.MDR.Automacoes.AutomacoesMDR2" name="hierarquiaDeCenariosDeCorreçaoEditar" time="104.359"/>
  <testcase classname="com.timp.test.MDR.Automacoes.AutomacoesMDR2" name="determinacaoDeTipoDeCondicaoCriarDetalhes" time="112.614"/>
  <testcase classname="com.timp.test.MDR.Automacoes.AutomacoesMDR2" name="livrosFiscaisExcluirEmMassa" time="219.608"/>
  <testcase classname="com.timp.test.MDR.Automacoes.AutomacoesMDR2" name="empresasDetalhes" time="98.613"/>
  <testcase classname="com.timp.test.MDR.Automacoes.AutomacoesMDR2" name="contasDefaultParaExtemporaneoEditar" time="40.889">
    <failure message="disconnected: Unable to receive message from renderer
  (Session info: chrome=83.0.4103.106)
Build info: version: &#039;3.141.59&#039;, revision: &#039;e82be7d358&#039;, time: &#039;2018-11-14T08:17:03&#039;
System info: host: &#039;DESKTOP-BNBDMGT&#039;, ip: &#039;192.168.1.37&#039;, os.name: &#039;Windows 10&#039;, os.arch: &#039;amd64&#039;, os.version: &#039;10.0&#039;, java.version: &#039;14.0.1&#039;
Driver info: org.openqa.selenium.chrome.ChromeDriver
Capabilities {acceptInsecureCerts: false, browserName: chrome, browserVersion: 83.0.4103.106, chrome: {chromedriverVersion: 83.0.4103.39 (ccbf011cb2d2b..., userDataDir: C:\Users\ymass\AppData\Loca...}, goog:chromeOptions: {debuggerAddress: localhost:53021}, javascriptEnabled: true, networkConnectionEnabled: false, pageLoadStrategy: normal, platform: WINDOWS, platformName: WINDOWS, proxy: Proxy(), setWindowRect: true, strictFileInteractability: false, timeouts: {implicit: 0, pageLoad: 300000, script: 30000}, unhandledPromptBehavior: dismiss and notify, webauthn:virtualAuthenticators: true}
Session ID: 4ffcf2062d5f5f27919c63f9293af2f0" type="org.openqa.selenium.WebDriverException">
      <![CDATA[org.openqa.selenium.WebDriverException: disconnected: Unable to receive message from renderer
  (Session info: chrome=83.0.4103.106)
Build info: version: '3.141.59', revision: 'e82be7d358', time: '2018-11-14T08:17:03'
System info: host: 'DESKTOP-BNBDMGT', ip: '192.168.1.37', os.name: 'Windows 10', os.arch: 'amd64', os.version: '10.0', java.version: '14.0.1'
Driver info: org.openqa.selenium.chrome.ChromeDriver
Capabilities {acceptInsecureCerts: false, browserName: chrome, browserVersion: 83.0.4103.106, chrome: {chromedriverVersion: 83.0.4103.39 (ccbf011cb2d2b..., userDataDir: C:\Users\ymass\AppData\Loca...}, goog:chromeOptions: {debuggerAddress: localhost:53021}, javascriptEnabled: true, networkConnectionEnabled: false, pageLoadStrategy: normal, platform: WINDOWS, platformName: WINDOWS, proxy: Proxy(), setWindowRect: true, strictFileInteractability: false, timeouts: {implicit: 0, pageLoad: 300000, script: 30000}, unhandledPromptBehavior: dismiss and notify, webauthn:virtualAuthenticators: true}
Session ID: 4ffcf2062d5f5f27919c63f9293af2f0
	at java.base/jdk.internal.reflect.NativeConstructorAccessorImpl.newInstance0(Native Method)
	at java.base/jdk.internal.reflect.NativeConstructorAccessorImpl.newInstance(NativeConstructorAccessorImpl.java:62)
	at java.base/jdk.internal.reflect.DelegatingConstructorAccessorImpl.newInstance(DelegatingConstructorAccessorImpl.java:45)
	at java.base/java.lang.reflect.Constructor.newInstanceWithCaller(Constructor.java:500)
	at java.base/java.lang.reflect.Constructor.newInstance(Constructor.java:481)
	at org.openqa.selenium.remote.http.W3CHttpResponseCodec.createException(W3CHttpResponseCodec.java:187)
	at org.openqa.selenium.remote.http.W3CHttpResponseCodec.decode(W3CHttpResponseCodec.java:122)
	at org.openqa.selenium.remote.http.W3CHttpResponseCodec.decode(W3CHttpResponseCodec.java:49)
	at org.openqa.selenium.remote.HttpCommandExecutor.execute(HttpCommandExecutor.java:158)
	at org.openqa.selenium.remote.service.DriverCommandExecutor.execute(DriverCommandExecutor.java:83)
	at org.openqa.selenium.remote.RemoteWebDriver.execute(RemoteWebDriver.java:552)
	at org.openqa.selenium.remote.RemoteWebElement.execute(RemoteWebElement.java:285)
	at org.openqa.selenium.remote.RemoteWebElement.click(RemoteWebElement.java:84)
	at jdk.internal.reflect.GeneratedMethodAccessor1.invoke(Unknown Source)
	at java.base/jdk.internal.reflect.DelegatingMethodAccessorImpl.invoke(DelegatingMethodAccessorImpl.java:43)
	at java.base/java.lang.reflect.Method.invoke(Method.java:564)
	at org.openqa.selenium.support.pagefactory.internal.LocatingElementHandler.invoke(LocatingElementHandler.java:51)
	at com.sun.proxy.$Proxy10.click(Unknown Source)
	at com.sap.timp.pageObjectModel.MDR.AcessarMDRPO.acessarMDR(AcessarMDRPO.java:43)
	at com.timp.test.MDR.ParametrosContabilizacao.ContasDefaultParaExtemporaneo.ContasDefaultParaExtemporaneoEditar.acessarMDR(ContasDefaultParaExtemporaneoEditar.java:43)
	at com.timp.test.MDR.Automacoes.AutomacoesMDR2.contasDefaultParaExtemporaneoEditar(AutomacoesMDR2.java:1062)
	at java.base/jdk.internal.reflect.NativeMethodAccessorImpl.invoke0(Native Method)
	at java.base/jdk.internal.reflect.NativeMethodAccessorImpl.invoke(NativeMethodAccessorImpl.java:62)
	at java.base/jdk.internal.reflect.DelegatingMethodAccessorImpl.invoke(DelegatingMethodAccessorImpl.java:43)
	at java.base/java.lang.reflect.Method.invoke(Method.java:564)
	at org.testng.internal.MethodInvocationHelper.invokeMethod(MethodInvocationHelper.java:80)
	at org.testng.internal.Invoker.invokeMethod(Invoker.java:714)
	at org.testng.internal.Invoker.invokeTestMethod(Invoker.java:901)
	at org.testng.internal.Invoker.invokeTestMethods(Invoker.java:1231)
	at org.testng.internal.TestMethodWorker.invokeTestMethods(TestMethodWorker.java:127)
	at org.testng.internal.TestMethodWorker.run(TestMethodWorker.java:111)
	at org.testng.TestRunner.privateRun(TestRunner.java:767)
	at org.testng.TestRunner.run(TestRunner.java:617)
	at org.testng.SuiteRunner.runTest(SuiteRunner.java:334)
	at org.testng.SuiteRunner.runSequentially(SuiteRunner.java:329)
	at org.testng.SuiteRunner.privateRun(SuiteRunner.java:291)
	at org.testng.SuiteRunner.run(SuiteRunner.java:240)
	at org.testng.SuiteRunnerWorker.runSuite(SuiteRunnerWorker.java:52)
	at org.testng.SuiteRunnerWorker.run(SuiteRunnerWorker.java:86)
	at org.testng.TestNG.runSuitesSequentially(TestNG.java:1198)
	at org.testng.TestNG.runSuitesLocally(TestNG.java:1123)
	at org.testng.TestNG.run(TestNG.java:1031)
	at org.testng.remote.AbstractRemoteTestNG.run(AbstractRemoteTestNG.java:115)
	at org.testng.remote.RemoteTestNG.initAndRun(RemoteTestNG.java:251)
	at org.testng.remote.RemoteTestNG.main(RemoteTestNG.java:77)
]]>
    </failure>
  </testcase> <!-- contasDefaultParaExtemporaneoEditar -->
  <testcase classname="com.timp.test.MDR.Automacoes.AutomacoesMDR2" name="hierarquiaDeCenariosDeCorreçaoCriar" time="105.069"/>
  <testcase classname="com.timp.test.MDR.Automacoes.AutomacoesMDR2" name="mapeamentoDeRelevanciaParaPisCofinsEditar" time="105.296"/>
  <testcase classname="com.timp.test.MDR.Automacoes.AutomacoesMDR2" name="ajustesDosAnexosExcluir" time="108.427"/>
  <testcase classname="com.timp.test.MDR.Automacoes.AutomacoesMDR2" name="tiposDeObjetosDeOcorrenciasFiscaisEditar" time="206.741"/>
  <testcase classname="com.timp.test.MDR.Automacoes.AutomacoesMDR2" name="livrosFiscaisVisualizar" time="141.120"/>
  <testcase classname="com.timp.test.MDR.Automacoes.AutomacoesMDR2" name="limiteCompetenciaEditar" time="81.037">
    <failure message="no such element: Unable to locate element: {&quot;method&quot;:&quot;xpath&quot;,&quot;selector&quot;:&quot;//div[@data-id=&quot;280&quot;]/div[1]/div&quot;}
  (Session info: chrome=83.0.4103.106)
For documentation on this error, please visit: https://www.seleniumhq.org/exceptions/no_such_element.html
Build info: version: &#039;3.141.59&#039;, revision: &#039;e82be7d358&#039;, time: &#039;2018-11-14T08:17:03&#039;
System info: host: &#039;DESKTOP-BNBDMGT&#039;, ip: &#039;192.168.1.37&#039;, os.name: &#039;Windows 10&#039;, os.arch: &#039;amd64&#039;, os.version: &#039;10.0&#039;, java.version: &#039;14.0.1&#039;
Driver info: org.openqa.selenium.chrome.ChromeDriver
Capabilities {acceptInsecureCerts: false, browserName: chrome, browserVersion: 83.0.4103.106, chrome: {chromedriverVersion: 83.0.4103.39 (ccbf011cb2d2b..., userDataDir: C:\Users\ymass\AppData\Loca...}, goog:chromeOptions: {debuggerAddress: localhost:59408}, javascriptEnabled: true, networkConnectionEnabled: false, pageLoadStrategy: normal, platform: WINDOWS, platformName: WINDOWS, proxy: Proxy(), setWindowRect: true, strictFileInteractability: false, timeouts: {implicit: 0, pageLoad: 300000, script: 30000}, unhandledPromptBehavior: dismiss and notify, webauthn:virtualAuthenticators: true}
Session ID: 896b9d2c8cd60d55a279f4ecabfa8080
*** Element info: {Using=xpath, value=//div[@data-id=&quot;280&quot;]/div[1]/div}" type="org.openqa.selenium.NoSuchElementException">
      <![CDATA[org.openqa.selenium.NoSuchElementException: no such element: Unable to locate element: {"method":"xpath","selector":"//div[@data-id="280"]/div[1]/div"}
  (Session info: chrome=83.0.4103.106)
For documentation on this error, please visit: https://www.seleniumhq.org/exceptions/no_such_element.html
Build info: version: '3.141.59', revision: 'e82be7d358', time: '2018-11-14T08:17:03'
System info: host: 'DESKTOP-BNBDMGT', ip: '192.168.1.37', os.name: 'Windows 10', os.arch: 'amd64', os.version: '10.0', java.version: '14.0.1'
Driver info: org.openqa.selenium.chrome.ChromeDriver
Capabilities {acceptInsecureCerts: false, browserName: chrome, browserVersion: 83.0.4103.106, chrome: {chromedriverVersion: 83.0.4103.39 (ccbf011cb2d2b..., userDataDir: C:\Users\ymass\AppData\Loca...}, goog:chromeOptions: {debuggerAddress: localhost:59408}, javascriptEnabled: true, networkConnectionEnabled: false, pageLoadStrategy: normal, platform: WINDOWS, platformName: WINDOWS, proxy: Proxy(), setWindowRect: true, strictFileInteractability: false, timeouts: {implicit: 0, pageLoad: 300000, script: 30000}, unhandledPromptBehavior: dismiss and notify, webauthn:virtualAuthenticators: true}
Session ID: 896b9d2c8cd60d55a279f4ecabfa8080
*** Element info: {Using=xpath, value=//div[@data-id="280"]/div[1]/div}
	at jdk.internal.reflect.GeneratedConstructorAccessor14.newInstance(Unknown Source)
	at java.base/jdk.internal.reflect.DelegatingConstructorAccessorImpl.newInstance(DelegatingConstructorAccessorImpl.java:45)
	at java.base/java.lang.reflect.Constructor.newInstanceWithCaller(Constructor.java:500)
	at java.base/java.lang.reflect.Constructor.newInstance(Constructor.java:481)
	at org.openqa.selenium.remote.http.W3CHttpResponseCodec.createException(W3CHttpResponseCodec.java:187)
	at org.openqa.selenium.remote.http.W3CHttpResponseCodec.decode(W3CHttpResponseCodec.java:122)
	at org.openqa.selenium.remote.http.W3CHttpResponseCodec.decode(W3CHttpResponseCodec.java:49)
	at org.openqa.selenium.remote.HttpCommandExecutor.execute(HttpCommandExecutor.java:158)
	at org.openqa.selenium.remote.service.DriverCommandExecutor.execute(DriverCommandExecutor.java:83)
	at org.openqa.selenium.remote.RemoteWebDriver.execute(RemoteWebDriver.java:552)
	at org.openqa.selenium.remote.RemoteWebDriver.findElement(RemoteWebDriver.java:323)
	at org.openqa.selenium.remote.RemoteWebDriver.findElementByXPath(RemoteWebDriver.java:428)
	at org.openqa.selenium.By$ByXPath.findElement(By.java:353)
	at org.openqa.selenium.remote.RemoteWebDriver.findElement(RemoteWebDriver.java:315)
	at com.sap.timp.pageObjectModel.MDR.LimiteCompetencia.LimiteCompetenciaEditarPO.editar(LimiteCompetenciaEditarPO.java:54)
	at com.timp.test.MDR.LimiteCompetencia.LimiteCompetenciaEditar.editar(LimiteCompetenciaEditar.java:52)
	at com.timp.test.MDR.Automacoes.AutomacoesMDR2.limiteCompetenciaEditar(AutomacoesMDR2.java:700)
	at java.base/jdk.internal.reflect.NativeMethodAccessorImpl.invoke0(Native Method)
	at java.base/jdk.internal.reflect.NativeMethodAccessorImpl.invoke(NativeMethodAccessorImpl.java:62)
	at java.base/jdk.internal.reflect.DelegatingMethodAccessorImpl.invoke(DelegatingMethodAccessorImpl.java:43)
	at java.base/java.lang.reflect.Method.invoke(Method.java:564)
	at org.testng.internal.MethodInvocationHelper.invokeMethod(MethodInvocationHelper.java:80)
	at org.testng.internal.Invoker.invokeMethod(Invoker.java:714)
	at org.testng.internal.Invoker.invokeTestMethod(Invoker.java:901)
	at org.testng.internal.Invoker.invokeTestMethods(Invoker.java:1231)
	at org.testng.internal.TestMethodWorker.invokeTestMethods(TestMethodWorker.java:127)
	at org.testng.internal.TestMethodWorker.run(TestMethodWorker.java:111)
	at org.testng.TestRunner.privateRun(TestRunner.java:767)
	at org.testng.TestRunner.run(TestRunner.java:617)
	at org.testng.SuiteRunner.runTest(SuiteRunner.java:334)
	at org.testng.SuiteRunner.runSequentially(SuiteRunner.java:329)
	at org.testng.SuiteRunner.privateRun(SuiteRunner.java:291)
	at org.testng.SuiteRunner.run(SuiteRunner.java:240)
	at org.testng.SuiteRunnerWorker.runSuite(SuiteRunnerWorker.java:52)
	at org.testng.SuiteRunnerWorker.run(SuiteRunnerWorker.java:86)
	at org.testng.TestNG.runSuitesSequentially(TestNG.java:1198)
	at org.testng.TestNG.runSuitesLocally(TestNG.java:1123)
	at org.testng.TestNG.run(TestNG.java:1031)
	at org.testng.remote.AbstractRemoteTestNG.run(AbstractRemoteTestNG.java:115)
	at org.testng.remote.RemoteTestNG.initAndRun(RemoteTestNG.java:251)
	at org.testng.remote.RemoteTestNG.main(RemoteTestNG.java:77)
]]>
    </failure>
  </testcase> <!-- limiteCompetenciaEditar -->
  <testcase classname="com.timp.test.MDR.Automacoes.AutomacoesMDR2" name="mapeamentoDeRelevanciaParaPisCofinsExcluir" time="90.849"/>
  <testcase classname="com.timp.test.MDR.Automacoes.AutomacoesMDR2" name="sequenciaFiltros" time="76.334"/>
  <testcase classname="com.timp.test.MDR.Automacoes.AutomacoesMDR2" name="detalheTipoTributoFiscalCriar" time="99.779">
    <failure message="element click intercepted: Element &lt;span class=&quot;library-toolbar-item-text&quot;&gt;...&lt;/span&gt; is not clickable at point (1275, 83). Other element would receive the click: &lt;div class=&quot;overlay dark&quot;&gt;...&lt;/div&gt;
  (Session info: chrome=83.0.4103.106)
Build info: version: &#039;3.141.59&#039;, revision: &#039;e82be7d358&#039;, time: &#039;2018-11-14T08:17:03&#039;
System info: host: &#039;DESKTOP-BNBDMGT&#039;, ip: &#039;192.168.1.37&#039;, os.name: &#039;Windows 10&#039;, os.arch: &#039;amd64&#039;, os.version: &#039;10.0&#039;, java.version: &#039;14.0.1&#039;
Driver info: org.openqa.selenium.chrome.ChromeDriver
Capabilities {acceptInsecureCerts: false, browserName: chrome, browserVersion: 83.0.4103.106, chrome: {chromedriverVersion: 83.0.4103.39 (ccbf011cb2d2b..., userDataDir: C:\Users\ymass\AppData\Loca...}, goog:chromeOptions: {debuggerAddress: localhost:58202}, javascriptEnabled: true, networkConnectionEnabled: false, pageLoadStrategy: normal, platform: WINDOWS, platformName: WINDOWS, proxy: Proxy(), setWindowRect: true, strictFileInteractability: false, timeouts: {implicit: 0, pageLoad: 300000, script: 30000}, unhandledPromptBehavior: dismiss and notify, webauthn:virtualAuthenticators: true}
Session ID: 1105a4534fcee09a56b9d6b5a1e152f3" type="org.openqa.selenium.ElementClickInterceptedException">
      <![CDATA[org.openqa.selenium.ElementClickInterceptedException: element click intercepted: Element <span class="library-toolbar-item-text">...</span> is not clickable at point (1275, 83). Other element would receive the click: <div class="overlay dark">...</div>
  (Session info: chrome=83.0.4103.106)
Build info: version: '3.141.59', revision: 'e82be7d358', time: '2018-11-14T08:17:03'
System info: host: 'DESKTOP-BNBDMGT', ip: '192.168.1.37', os.name: 'Windows 10', os.arch: 'amd64', os.version: '10.0', java.version: '14.0.1'
Driver info: org.openqa.selenium.chrome.ChromeDriver
Capabilities {acceptInsecureCerts: false, browserName: chrome, browserVersion: 83.0.4103.106, chrome: {chromedriverVersion: 83.0.4103.39 (ccbf011cb2d2b..., userDataDir: C:\Users\ymass\AppData\Loca...}, goog:chromeOptions: {debuggerAddress: localhost:58202}, javascriptEnabled: true, networkConnectionEnabled: false, pageLoadStrategy: normal, platform: WINDOWS, platformName: WINDOWS, proxy: Proxy(), setWindowRect: true, strictFileInteractability: false, timeouts: {implicit: 0, pageLoad: 300000, script: 30000}, unhandledPromptBehavior: dismiss and notify, webauthn:virtualAuthenticators: true}
Session ID: 1105a4534fcee09a56b9d6b5a1e152f3
	at java.base/jdk.internal.reflect.NativeConstructorAccessorImpl.newInstance0(Native Method)
	at java.base/jdk.internal.reflect.NativeConstructorAccessorImpl.newInstance(NativeConstructorAccessorImpl.java:62)
	at java.base/jdk.internal.reflect.DelegatingConstructorAccessorImpl.newInstance(DelegatingConstructorAccessorImpl.java:45)
	at java.base/java.lang.reflect.Constructor.newInstanceWithCaller(Constructor.java:500)
	at java.base/java.lang.reflect.Constructor.newInstance(Constructor.java:481)
	at org.openqa.selenium.remote.http.W3CHttpResponseCodec.createException(W3CHttpResponseCodec.java:187)
	at org.openqa.selenium.remote.http.W3CHttpResponseCodec.decode(W3CHttpResponseCodec.java:122)
	at org.openqa.selenium.remote.http.W3CHttpResponseCodec.decode(W3CHttpResponseCodec.java:49)
	at org.openqa.selenium.remote.HttpCommandExecutor.execute(HttpCommandExecutor.java:158)
	at org.openqa.selenium.remote.service.DriverCommandExecutor.execute(DriverCommandExecutor.java:83)
	at org.openqa.selenium.remote.RemoteWebDriver.execute(RemoteWebDriver.java:552)
	at org.openqa.selenium.remote.RemoteWebElement.execute(RemoteWebElement.java:285)
	at org.openqa.selenium.remote.RemoteWebElement.click(RemoteWebElement.java:84)
	at java.base/jdk.internal.reflect.NativeMethodAccessorImpl.invoke0(Native Method)
	at java.base/jdk.internal.reflect.NativeMethodAccessorImpl.invoke(NativeMethodAccessorImpl.java:62)
	at java.base/jdk.internal.reflect.DelegatingMethodAccessorImpl.invoke(DelegatingMethodAccessorImpl.java:43)
	at java.base/java.lang.reflect.Method.invoke(Method.java:564)
	at org.openqa.selenium.support.pagefactory.internal.LocatingElementHandler.invoke(LocatingElementHandler.java:51)
	at com.sun.proxy.$Proxy10.click(Unknown Source)
	at com.sap.timp.pageObjectModel.MDR.DetalheTipoTributo.DetalheCriarPO.criar(DetalheCriarPO.java:132)
	at com.timp.test.MDR.DetalheTipoTributo.DetalheCriar.criar(DetalheCriar.java:49)
	at com.timp.test.MDR.Automacoes.AutomacoesMDR2.detalheTipoTributoFiscalCriar(AutomacoesMDR2.java:348)
	at java.base/jdk.internal.reflect.NativeMethodAccessorImpl.invoke0(Native Method)
	at java.base/jdk.internal.reflect.NativeMethodAccessorImpl.invoke(NativeMethodAccessorImpl.java:62)
	at java.base/jdk.internal.reflect.DelegatingMethodAccessorImpl.invoke(DelegatingMethodAccessorImpl.java:43)
	at java.base/java.lang.reflect.Method.invoke(Method.java:564)
	at org.testng.internal.MethodInvocationHelper.invokeMethod(MethodInvocationHelper.java:80)
	at org.testng.internal.Invoker.invokeMethod(Invoker.java:714)
	at org.testng.internal.Invoker.invokeTestMethod(Invoker.java:901)
	at org.testng.internal.Invoker.invokeTestMethods(Invoker.java:1231)
	at org.testng.internal.TestMethodWorker.invokeTestMethods(TestMethodWorker.java:127)
	at org.testng.internal.TestMethodWorker.run(TestMethodWorker.java:111)
	at org.testng.TestRunner.privateRun(TestRunner.java:767)
	at org.testng.TestRunner.run(TestRunner.java:617)
	at org.testng.SuiteRunner.runTest(SuiteRunner.java:334)
	at org.testng.SuiteRunner.runSequentially(SuiteRunner.java:329)
	at org.testng.SuiteRunner.privateRun(SuiteRunner.java:291)
	at org.testng.SuiteRunner.run(SuiteRunner.java:240)
	at org.testng.SuiteRunnerWorker.runSuite(SuiteRunnerWorker.java:52)
	at org.testng.SuiteRunnerWorker.run(SuiteRunnerWorker.java:86)
	at org.testng.TestNG.runSuitesSequentially(TestNG.java:1198)
	at org.testng.TestNG.runSuitesLocally(TestNG.java:1123)
	at org.testng.TestNG.run(TestNG.java:1031)
	at org.testng.remote.AbstractRemoteTestNG.run(AbstractRemoteTestNG.java:115)
	at org.testng.remote.RemoteTestNG.initAndRun(RemoteTestNG.java:251)
	at org.testng.remote.RemoteTestNG.main(RemoteTestNG.java:77)
]]>
    </failure>
  </testcase> <!-- detalheTipoTributoFiscalCriar -->
  <testcase classname="com.timp.test.MDR.Automacoes.AutomacoesMDR2" name="registroDeExportaçaoCriar" time="99.722"/>
  <testcase classname="com.timp.test.MDR.Automacoes.AutomacoesMDR2" name="contasDefaultPorTributoEditar" time="143.264"/>
  <testcase classname="com.timp.test.MDR.Automacoes.AutomacoesMDR2" name="ajustesDosAnexosCriar" time="158.654"/>
  <testcase classname="com.timp.test.MDR.Automacoes.AutomacoesMDR2" name="mapeamentoContabilCriar" time="114.091"/>
  <testcase classname="com.timp.test.MDR.Automacoes.AutomacoesMDR2" name="contasDefaultPorTributoExcluir" time="81.912"/>
  <testcase classname="com.timp.test.MDR.Automacoes.AutomacoesMDR2" name="saldoInicialDiferidoFiltroID" time="101.227">
    <failure message="no such element: Unable to locate element: {&quot;method&quot;:&quot;xpath&quot;,&quot;selector&quot;:&quot;//span[text()=&quot;Saldo Inicial Diferido&quot;]&quot;}
  (Session info: chrome=83.0.4103.106)
For documentation on this error, please visit: https://www.seleniumhq.org/exceptions/no_such_element.html
Build info: version: &#039;3.141.59&#039;, revision: &#039;e82be7d358&#039;, time: &#039;2018-11-14T08:17:03&#039;
System info: host: &#039;DESKTOP-BNBDMGT&#039;, ip: &#039;192.168.1.37&#039;, os.name: &#039;Windows 10&#039;, os.arch: &#039;amd64&#039;, os.version: &#039;10.0&#039;, java.version: &#039;14.0.1&#039;
Driver info: org.openqa.selenium.chrome.ChromeDriver
Capabilities {acceptInsecureCerts: false, browserName: chrome, browserVersion: 83.0.4103.106, chrome: {chromedriverVersion: 83.0.4103.39 (ccbf011cb2d2b..., userDataDir: C:\Users\ymass\AppData\Loca...}, goog:chromeOptions: {debuggerAddress: localhost:55420}, javascriptEnabled: true, networkConnectionEnabled: false, pageLoadStrategy: normal, platform: WINDOWS, platformName: WINDOWS, proxy: Proxy(), setWindowRect: true, strictFileInteractability: false, timeouts: {implicit: 0, pageLoad: 300000, script: 30000}, unhandledPromptBehavior: dismiss and notify, webauthn:virtualAuthenticators: true}
Session ID: 842717e5f4db5a7c629ac4ee14ab25a3
*** Element info: {Using=xpath, value=//span[text()=&quot;Saldo Inicial Diferido&quot;]}" type="org.openqa.selenium.NoSuchElementException">
      <![CDATA[org.openqa.selenium.NoSuchElementException: no such element: Unable to locate element: {"method":"xpath","selector":"//span[text()="Saldo Inicial Diferido"]"}
  (Session info: chrome=83.0.4103.106)
For documentation on this error, please visit: https://www.seleniumhq.org/exceptions/no_such_element.html
Build info: version: '3.141.59', revision: 'e82be7d358', time: '2018-11-14T08:17:03'
System info: host: 'DESKTOP-BNBDMGT', ip: '192.168.1.37', os.name: 'Windows 10', os.arch: 'amd64', os.version: '10.0', java.version: '14.0.1'
Driver info: org.openqa.selenium.chrome.ChromeDriver
Capabilities {acceptInsecureCerts: false, browserName: chrome, browserVersion: 83.0.4103.106, chrome: {chromedriverVersion: 83.0.4103.39 (ccbf011cb2d2b..., userDataDir: C:\Users\ymass\AppData\Loca...}, goog:chromeOptions: {debuggerAddress: localhost:55420}, javascriptEnabled: true, networkConnectionEnabled: false, pageLoadStrategy: normal, platform: WINDOWS, platformName: WINDOWS, proxy: Proxy(), setWindowRect: true, strictFileInteractability: false, timeouts: {implicit: 0, pageLoad: 300000, script: 30000}, unhandledPromptBehavior: dismiss and notify, webauthn:virtualAuthenticators: true}
Session ID: 842717e5f4db5a7c629ac4ee14ab25a3
*** Element info: {Using=xpath, value=//span[text()="Saldo Inicial Diferido"]}
	at jdk.internal.reflect.GeneratedConstructorAccessor14.newInstance(Unknown Source)
	at java.base/jdk.internal.reflect.DelegatingConstructorAccessorImpl.newInstance(DelegatingConstructorAccessorImpl.java:45)
	at java.base/java.lang.reflect.Constructor.newInstanceWithCaller(Constructor.java:500)
	at java.base/java.lang.reflect.Constructor.newInstance(Constructor.java:481)
	at org.openqa.selenium.remote.http.W3CHttpResponseCodec.createException(W3CHttpResponseCodec.java:187)
	at org.openqa.selenium.remote.http.W3CHttpResponseCodec.decode(W3CHttpResponseCodec.java:122)
	at org.openqa.selenium.remote.http.W3CHttpResponseCodec.decode(W3CHttpResponseCodec.java:49)
	at org.openqa.selenium.remote.HttpCommandExecutor.execute(HttpCommandExecutor.java:158)
	at org.openqa.selenium.remote.service.DriverCommandExecutor.execute(DriverCommandExecutor.java:83)
	at org.openqa.selenium.remote.RemoteWebDriver.execute(RemoteWebDriver.java:552)
	at org.openqa.selenium.remote.RemoteWebDriver.findElement(RemoteWebDriver.java:323)
	at org.openqa.selenium.remote.RemoteWebDriver.findElementByXPath(RemoteWebDriver.java:428)
	at org.openqa.selenium.By$ByXPath.findElement(By.java:353)
	at org.openqa.selenium.remote.RemoteWebDriver.findElement(RemoteWebDriver.java:315)
	at org.openqa.selenium.support.pagefactory.DefaultElementLocator.findElement(DefaultElementLocator.java:69)
	at org.openqa.selenium.support.pagefactory.internal.LocatingElementHandler.invoke(LocatingElementHandler.java:38)
	at com.sun.proxy.$Proxy10.click(Unknown Source)
	at com.sap.timp.pageObjectModel.MDR.SaldoInicialDiferido.SaldoInicialDiferidoFiltroIDPO.filtro(SaldoInicialDiferidoFiltroIDPO.java:48)
	at com.timp.test.MDR.SaldoInicialDiferido.SaldoInicialDiferidoFiltroID.filtro(SaldoInicialDiferidoFiltroID.java:52)
	at com.timp.test.MDR.Automacoes.AutomacoesMDR2.saldoInicialDiferidoFiltroID(AutomacoesMDR2.java:1553)
	at java.base/jdk.internal.reflect.NativeMethodAccessorImpl.invoke0(Native Method)
	at java.base/jdk.internal.reflect.NativeMethodAccessorImpl.invoke(NativeMethodAccessorImpl.java:62)
	at java.base/jdk.internal.reflect.DelegatingMethodAccessorImpl.invoke(DelegatingMethodAccessorImpl.java:43)
	at java.base/java.lang.reflect.Method.invoke(Method.java:564)
	at org.testng.internal.MethodInvocationHelper.invokeMethod(MethodInvocationHelper.java:80)
	at org.testng.internal.Invoker.invokeMethod(Invoker.java:714)
	at org.testng.internal.Invoker.invokeTestMethod(Invoker.java:901)
	at org.testng.internal.Invoker.invokeTestMethods(Invoker.java:1231)
	at org.testng.internal.TestMethodWorker.invokeTestMethods(TestMethodWorker.java:127)
	at org.testng.internal.TestMethodWorker.run(TestMethodWorker.java:111)
	at org.testng.TestRunner.privateRun(TestRunner.java:767)
	at org.testng.TestRunner.run(TestRunner.java:617)
	at org.testng.SuiteRunner.runTest(SuiteRunner.java:334)
	at org.testng.SuiteRunner.runSequentially(SuiteRunner.java:329)
	at org.testng.SuiteRunner.privateRun(SuiteRunner.java:291)
	at org.testng.SuiteRunner.run(SuiteRunner.java:240)
	at org.testng.SuiteRunnerWorker.runSuite(SuiteRunnerWorker.java:52)
	at org.testng.SuiteRunnerWorker.run(SuiteRunnerWorker.java:86)
	at org.testng.TestNG.runSuitesSequentially(TestNG.java:1198)
	at org.testng.TestNG.runSuitesLocally(TestNG.java:1123)
	at org.testng.TestNG.run(TestNG.java:1031)
	at org.testng.remote.AbstractRemoteTestNG.run(AbstractRemoteTestNG.java:115)
	at org.testng.remote.RemoteTestNG.initAndRun(RemoteTestNG.java:251)
	at org.testng.remote.RemoteTestNG.main(RemoteTestNG.java:77)
]]>
    </failure>
  </testcase> <!-- saldoInicialDiferidoFiltroID -->
  <testcase classname="com.timp.test.MDR.Automacoes.AutomacoesMDR2" name="limiteCompetenciaVisualizar" time="69.189">
    <failure message="no such element: Unable to locate element: {&quot;method&quot;:&quot;xpath&quot;,&quot;selector&quot;:&quot;//div[@data-id=&quot;280&quot;]/div[1]/div&quot;}
  (Session info: chrome=83.0.4103.106)
For documentation on this error, please visit: https://www.seleniumhq.org/exceptions/no_such_element.html
Build info: version: &#039;3.141.59&#039;, revision: &#039;e82be7d358&#039;, time: &#039;2018-11-14T08:17:03&#039;
System info: host: &#039;DESKTOP-BNBDMGT&#039;, ip: &#039;192.168.1.37&#039;, os.name: &#039;Windows 10&#039;, os.arch: &#039;amd64&#039;, os.version: &#039;10.0&#039;, java.version: &#039;14.0.1&#039;
Driver info: org.openqa.selenium.chrome.ChromeDriver
Capabilities {acceptInsecureCerts: false, browserName: chrome, browserVersion: 83.0.4103.106, chrome: {chromedriverVersion: 83.0.4103.39 (ccbf011cb2d2b..., userDataDir: C:\Users\ymass\AppData\Loca...}, goog:chromeOptions: {debuggerAddress: localhost:59454}, javascriptEnabled: true, networkConnectionEnabled: false, pageLoadStrategy: normal, platform: WINDOWS, platformName: WINDOWS, proxy: Proxy(), setWindowRect: true, strictFileInteractability: false, timeouts: {implicit: 0, pageLoad: 300000, script: 30000}, unhandledPromptBehavior: dismiss and notify, webauthn:virtualAuthenticators: true}
Session ID: 8232378f2b6316bf85053162fdbe055a
*** Element info: {Using=xpath, value=//div[@data-id=&quot;280&quot;]/div[1]/div}" type="org.openqa.selenium.NoSuchElementException">
      <![CDATA[org.openqa.selenium.NoSuchElementException: no such element: Unable to locate element: {"method":"xpath","selector":"//div[@data-id="280"]/div[1]/div"}
  (Session info: chrome=83.0.4103.106)
For documentation on this error, please visit: https://www.seleniumhq.org/exceptions/no_such_element.html
Build info: version: '3.141.59', revision: 'e82be7d358', time: '2018-11-14T08:17:03'
System info: host: 'DESKTOP-BNBDMGT', ip: '192.168.1.37', os.name: 'Windows 10', os.arch: 'amd64', os.version: '10.0', java.version: '14.0.1'
Driver info: org.openqa.selenium.chrome.ChromeDriver
Capabilities {acceptInsecureCerts: false, browserName: chrome, browserVersion: 83.0.4103.106, chrome: {chromedriverVersion: 83.0.4103.39 (ccbf011cb2d2b..., userDataDir: C:\Users\ymass\AppData\Loca...}, goog:chromeOptions: {debuggerAddress: localhost:59454}, javascriptEnabled: true, networkConnectionEnabled: false, pageLoadStrategy: normal, platform: WINDOWS, platformName: WINDOWS, proxy: Proxy(), setWindowRect: true, strictFileInteractability: false, timeouts: {implicit: 0, pageLoad: 300000, script: 30000}, unhandledPromptBehavior: dismiss and notify, webauthn:virtualAuthenticators: true}
Session ID: 8232378f2b6316bf85053162fdbe055a
*** Element info: {Using=xpath, value=//div[@data-id="280"]/div[1]/div}
	at jdk.internal.reflect.GeneratedConstructorAccessor14.newInstance(Unknown Source)
	at java.base/jdk.internal.reflect.DelegatingConstructorAccessorImpl.newInstance(DelegatingConstructorAccessorImpl.java:45)
	at java.base/java.lang.reflect.Constructor.newInstanceWithCaller(Constructor.java:500)
	at java.base/java.lang.reflect.Constructor.newInstance(Constructor.java:481)
	at org.openqa.selenium.remote.http.W3CHttpResponseCodec.createException(W3CHttpResponseCodec.java:187)
	at org.openqa.selenium.remote.http.W3CHttpResponseCodec.decode(W3CHttpResponseCodec.java:122)
	at org.openqa.selenium.remote.http.W3CHttpResponseCodec.decode(W3CHttpResponseCodec.java:49)
	at org.openqa.selenium.remote.HttpCommandExecutor.execute(HttpCommandExecutor.java:158)
	at org.openqa.selenium.remote.service.DriverCommandExecutor.execute(DriverCommandExecutor.java:83)
	at org.openqa.selenium.remote.RemoteWebDriver.execute(RemoteWebDriver.java:552)
	at org.openqa.selenium.remote.RemoteWebDriver.findElement(RemoteWebDriver.java:323)
	at org.openqa.selenium.remote.RemoteWebDriver.findElementByXPath(RemoteWebDriver.java:428)
	at org.openqa.selenium.By$ByXPath.findElement(By.java:353)
	at org.openqa.selenium.remote.RemoteWebDriver.findElement(RemoteWebDriver.java:315)
	at com.sap.timp.pageObjectModel.MDR.LimiteCompetencia.LimiteCompetenciaVisualizarPO.visualizar(LimiteCompetenciaVisualizarPO.java:106)
	at com.timp.test.MDR.LimiteCompetencia.LimiteCompetenciaVisualizar.visualizar(LimiteCompetenciaVisualizar.java:56)
	at com.timp.test.MDR.Automacoes.AutomacoesMDR2.limiteCompetenciaVisualizar(AutomacoesMDR2.java:712)
	at java.base/jdk.internal.reflect.NativeMethodAccessorImpl.invoke0(Native Method)
	at java.base/jdk.internal.reflect.NativeMethodAccessorImpl.invoke(NativeMethodAccessorImpl.java:62)
	at java.base/jdk.internal.reflect.DelegatingMethodAccessorImpl.invoke(DelegatingMethodAccessorImpl.java:43)
	at java.base/java.lang.reflect.Method.invoke(Method.java:564)
	at org.testng.internal.MethodInvocationHelper.invokeMethod(MethodInvocationHelper.java:80)
	at org.testng.internal.Invoker.invokeMethod(Invoker.java:714)
	at org.testng.internal.Invoker.invokeTestMethod(Invoker.java:901)
	at org.testng.internal.Invoker.invokeTestMethods(Invoker.java:1231)
	at org.testng.internal.TestMethodWorker.invokeTestMethods(TestMethodWorker.java:127)
	at org.testng.internal.TestMethodWorker.run(TestMethodWorker.java:111)
	at org.testng.TestRunner.privateRun(TestRunner.java:767)
	at org.testng.TestRunner.run(TestRunner.java:617)
	at org.testng.SuiteRunner.runTest(SuiteRunner.java:334)
	at org.testng.SuiteRunner.runSequentially(SuiteRunner.java:329)
	at org.testng.SuiteRunner.privateRun(SuiteRunner.java:291)
	at org.testng.SuiteRunner.run(SuiteRunner.java:240)
	at org.testng.SuiteRunnerWorker.runSuite(SuiteRunnerWorker.java:52)
	at org.testng.SuiteRunnerWorker.run(SuiteRunnerWorker.java:86)
	at org.testng.TestNG.runSuitesSequentially(TestNG.java:1198)
	at org.testng.TestNG.runSuitesLocally(TestNG.java:1123)
	at org.testng.TestNG.run(TestNG.java:1031)
	at org.testng.remote.AbstractRemoteTestNG.run(AbstractRemoteTestNG.java:115)
	at org.testng.remote.RemoteTestNG.initAndRun(RemoteTestNG.java:251)
	at org.testng.remote.RemoteTestNG.main(RemoteTestNG.java:77)
]]>
    </failure>
  </testcase> <!-- limiteCompetenciaVisualizar -->
  <testcase classname="com.timp.test.MDR.Automacoes.AutomacoesMDR2" name="sCANCDistribuidorasVisualizar" time="114.386"/>
  <testcase classname="com.timp.test.MDR.Automacoes.AutomacoesMDR2" name="movimentoSCANCExcluir" time="93.197"/>
  <testcase classname="com.timp.test.MDR.Automacoes.AutomacoesMDR2" name="detalheTipoTributoFiscalVisualizar" time="74.195">
    <failure message="no such element: Unable to locate element: {&quot;method&quot;:&quot;xpath&quot;,&quot;selector&quot;:&quot;//div[@data-id=&quot;280&quot;]/div[1]/div&quot;}
  (Session info: chrome=83.0.4103.106)
For documentation on this error, please visit: https://www.seleniumhq.org/exceptions/no_such_element.html
Build info: version: &#039;3.141.59&#039;, revision: &#039;e82be7d358&#039;, time: &#039;2018-11-14T08:17:03&#039;
System info: host: &#039;DESKTOP-BNBDMGT&#039;, ip: &#039;192.168.1.37&#039;, os.name: &#039;Windows 10&#039;, os.arch: &#039;amd64&#039;, os.version: &#039;10.0&#039;, java.version: &#039;14.0.1&#039;
Driver info: org.openqa.selenium.chrome.ChromeDriver
Capabilities {acceptInsecureCerts: false, browserName: chrome, browserVersion: 83.0.4103.106, chrome: {chromedriverVersion: 83.0.4103.39 (ccbf011cb2d2b..., userDataDir: C:\Users\ymass\AppData\Loca...}, goog:chromeOptions: {debuggerAddress: localhost:58278}, javascriptEnabled: true, networkConnectionEnabled: false, pageLoadStrategy: normal, platform: WINDOWS, platformName: WINDOWS, proxy: Proxy(), setWindowRect: true, strictFileInteractability: false, timeouts: {implicit: 0, pageLoad: 300000, script: 30000}, unhandledPromptBehavior: dismiss and notify, webauthn:virtualAuthenticators: true}
Session ID: 942057e591e3ce9c700dbd710cb42ffe
*** Element info: {Using=xpath, value=//div[@data-id=&quot;280&quot;]/div[1]/div}" type="org.openqa.selenium.NoSuchElementException">
      <![CDATA[org.openqa.selenium.NoSuchElementException: no such element: Unable to locate element: {"method":"xpath","selector":"//div[@data-id="280"]/div[1]/div"}
  (Session info: chrome=83.0.4103.106)
For documentation on this error, please visit: https://www.seleniumhq.org/exceptions/no_such_element.html
Build info: version: '3.141.59', revision: 'e82be7d358', time: '2018-11-14T08:17:03'
System info: host: 'DESKTOP-BNBDMGT', ip: '192.168.1.37', os.name: 'Windows 10', os.arch: 'amd64', os.version: '10.0', java.version: '14.0.1'
Driver info: org.openqa.selenium.chrome.ChromeDriver
Capabilities {acceptInsecureCerts: false, browserName: chrome, browserVersion: 83.0.4103.106, chrome: {chromedriverVersion: 83.0.4103.39 (ccbf011cb2d2b..., userDataDir: C:\Users\ymass\AppData\Loca...}, goog:chromeOptions: {debuggerAddress: localhost:58278}, javascriptEnabled: true, networkConnectionEnabled: false, pageLoadStrategy: normal, platform: WINDOWS, platformName: WINDOWS, proxy: Proxy(), setWindowRect: true, strictFileInteractability: false, timeouts: {implicit: 0, pageLoad: 300000, script: 30000}, unhandledPromptBehavior: dismiss and notify, webauthn:virtualAuthenticators: true}
Session ID: 942057e591e3ce9c700dbd710cb42ffe
*** Element info: {Using=xpath, value=//div[@data-id="280"]/div[1]/div}
	at jdk.internal.reflect.GeneratedConstructorAccessor14.newInstance(Unknown Source)
	at java.base/jdk.internal.reflect.DelegatingConstructorAccessorImpl.newInstance(DelegatingConstructorAccessorImpl.java:45)
	at java.base/java.lang.reflect.Constructor.newInstanceWithCaller(Constructor.java:500)
	at java.base/java.lang.reflect.Constructor.newInstance(Constructor.java:481)
	at org.openqa.selenium.remote.http.W3CHttpResponseCodec.createException(W3CHttpResponseCodec.java:187)
	at org.openqa.selenium.remote.http.W3CHttpResponseCodec.decode(W3CHttpResponseCodec.java:122)
	at org.openqa.selenium.remote.http.W3CHttpResponseCodec.decode(W3CHttpResponseCodec.java:49)
	at org.openqa.selenium.remote.HttpCommandExecutor.execute(HttpCommandExecutor.java:158)
	at org.openqa.selenium.remote.service.DriverCommandExecutor.execute(DriverCommandExecutor.java:83)
	at org.openqa.selenium.remote.RemoteWebDriver.execute(RemoteWebDriver.java:552)
	at org.openqa.selenium.remote.RemoteWebDriver.findElement(RemoteWebDriver.java:323)
	at org.openqa.selenium.remote.RemoteWebDriver.findElementByXPath(RemoteWebDriver.java:428)
	at org.openqa.selenium.By$ByXPath.findElement(By.java:353)
	at org.openqa.selenium.remote.RemoteWebDriver.findElement(RemoteWebDriver.java:315)
	at com.sap.timp.pageObjectModel.MDR.DetalheTipoTributo.DetalheVisualizarPO.visualizar(DetalheVisualizarPO.java:86)
	at com.timp.test.MDR.DetalheTipoTributo.DetalheVisualizar.visualizar(DetalheVisualizar.java:54)
	at com.timp.test.MDR.Automacoes.AutomacoesMDR2.detalheTipoTributoFiscalVisualizar(AutomacoesMDR2.java:372)
	at java.base/jdk.internal.reflect.NativeMethodAccessorImpl.invoke0(Native Method)
	at java.base/jdk.internal.reflect.NativeMethodAccessorImpl.invoke(NativeMethodAccessorImpl.java:62)
	at java.base/jdk.internal.reflect.DelegatingMethodAccessorImpl.invoke(DelegatingMethodAccessorImpl.java:43)
	at java.base/java.lang.reflect.Method.invoke(Method.java:564)
	at org.testng.internal.MethodInvocationHelper.invokeMethod(MethodInvocationHelper.java:80)
	at org.testng.internal.Invoker.invokeMethod(Invoker.java:714)
	at org.testng.internal.Invoker.invokeTestMethod(Invoker.java:901)
	at org.testng.internal.Invoker.invokeTestMethods(Invoker.java:1231)
	at org.testng.internal.TestMethodWorker.invokeTestMethods(TestMethodWorker.java:127)
	at org.testng.internal.TestMethodWorker.run(TestMethodWorker.java:111)
	at org.testng.TestRunner.privateRun(TestRunner.java:767)
	at org.testng.TestRunner.run(TestRunner.java:617)
	at org.testng.SuiteRunner.runTest(SuiteRunner.java:334)
	at org.testng.SuiteRunner.runSequentially(SuiteRunner.java:329)
	at org.testng.SuiteRunner.privateRun(SuiteRunner.java:291)
	at org.testng.SuiteRunner.run(SuiteRunner.java:240)
	at org.testng.SuiteRunnerWorker.runSuite(SuiteRunnerWorker.java:52)
	at org.testng.SuiteRunnerWorker.run(SuiteRunnerWorker.java:86)
	at org.testng.TestNG.runSuitesSequentially(TestNG.java:1198)
	at org.testng.TestNG.runSuitesLocally(TestNG.java:1123)
	at org.testng.TestNG.run(TestNG.java:1031)
	at org.testng.remote.AbstractRemoteTestNG.run(AbstractRemoteTestNG.java:115)
	at org.testng.remote.RemoteTestNG.initAndRun(RemoteTestNG.java:251)
	at org.testng.remote.RemoteTestNG.main(RemoteTestNG.java:77)
]]>
    </failure>
  </testcase> <!-- detalheTipoTributoFiscalVisualizar -->
  <testcase classname="com.timp.test.MDR.Automacoes.AutomacoesMDR2" name="mapeamentoDeRelevanciaParaPisCofinsVisualizar" time="77.265">
    <failure message="no such element: Unable to locate element: {&quot;method&quot;:&quot;xpath&quot;,&quot;selector&quot;:&quot;//div[@data-id=&quot;32&quot;]/div[1]/div&quot;}
  (Session info: chrome=83.0.4103.106)
For documentation on this error, please visit: https://www.seleniumhq.org/exceptions/no_such_element.html
Build info: version: &#039;3.141.59&#039;, revision: &#039;e82be7d358&#039;, time: &#039;2018-11-14T08:17:03&#039;
System info: host: &#039;DESKTOP-BNBDMGT&#039;, ip: &#039;192.168.1.37&#039;, os.name: &#039;Windows 10&#039;, os.arch: &#039;amd64&#039;, os.version: &#039;10.0&#039;, java.version: &#039;14.0.1&#039;
Driver info: org.openqa.selenium.chrome.ChromeDriver
Capabilities {acceptInsecureCerts: false, browserName: chrome, browserVersion: 83.0.4103.106, chrome: {chromedriverVersion: 83.0.4103.39 (ccbf011cb2d2b..., userDataDir: C:\Users\ymass\AppData\Loca...}, goog:chromeOptions: {debuggerAddress: localhost:52719}, javascriptEnabled: true, networkConnectionEnabled: false, pageLoadStrategy: normal, platform: WINDOWS, platformName: WINDOWS, proxy: Proxy(), setWindowRect: true, strictFileInteractability: false, timeouts: {implicit: 0, pageLoad: 300000, script: 30000}, unhandledPromptBehavior: dismiss and notify, webauthn:virtualAuthenticators: true}
Session ID: 4c2e2963450b2990208ec03ca2006a55
*** Element info: {Using=xpath, value=//div[@data-id=&quot;32&quot;]/div[1]/div}" type="org.openqa.selenium.NoSuchElementException">
      <![CDATA[org.openqa.selenium.NoSuchElementException: no such element: Unable to locate element: {"method":"xpath","selector":"//div[@data-id="32"]/div[1]/div"}
  (Session info: chrome=83.0.4103.106)
For documentation on this error, please visit: https://www.seleniumhq.org/exceptions/no_such_element.html
Build info: version: '3.141.59', revision: 'e82be7d358', time: '2018-11-14T08:17:03'
System info: host: 'DESKTOP-BNBDMGT', ip: '192.168.1.37', os.name: 'Windows 10', os.arch: 'amd64', os.version: '10.0', java.version: '14.0.1'
Driver info: org.openqa.selenium.chrome.ChromeDriver
Capabilities {acceptInsecureCerts: false, browserName: chrome, browserVersion: 83.0.4103.106, chrome: {chromedriverVersion: 83.0.4103.39 (ccbf011cb2d2b..., userDataDir: C:\Users\ymass\AppData\Loca...}, goog:chromeOptions: {debuggerAddress: localhost:52719}, javascriptEnabled: true, networkConnectionEnabled: false, pageLoadStrategy: normal, platform: WINDOWS, platformName: WINDOWS, proxy: Proxy(), setWindowRect: true, strictFileInteractability: false, timeouts: {implicit: 0, pageLoad: 300000, script: 30000}, unhandledPromptBehavior: dismiss and notify, webauthn:virtualAuthenticators: true}
Session ID: 4c2e2963450b2990208ec03ca2006a55
*** Element info: {Using=xpath, value=//div[@data-id="32"]/div[1]/div}
	at jdk.internal.reflect.GeneratedConstructorAccessor14.newInstance(Unknown Source)
	at java.base/jdk.internal.reflect.DelegatingConstructorAccessorImpl.newInstance(DelegatingConstructorAccessorImpl.java:45)
	at java.base/java.lang.reflect.Constructor.newInstanceWithCaller(Constructor.java:500)
	at java.base/java.lang.reflect.Constructor.newInstance(Constructor.java:481)
	at org.openqa.selenium.remote.http.W3CHttpResponseCodec.createException(W3CHttpResponseCodec.java:187)
	at org.openqa.selenium.remote.http.W3CHttpResponseCodec.decode(W3CHttpResponseCodec.java:122)
	at org.openqa.selenium.remote.http.W3CHttpResponseCodec.decode(W3CHttpResponseCodec.java:49)
	at org.openqa.selenium.remote.HttpCommandExecutor.execute(HttpCommandExecutor.java:158)
	at org.openqa.selenium.remote.service.DriverCommandExecutor.execute(DriverCommandExecutor.java:83)
	at org.openqa.selenium.remote.RemoteWebDriver.execute(RemoteWebDriver.java:552)
	at org.openqa.selenium.remote.RemoteWebDriver.findElement(RemoteWebDriver.java:323)
	at org.openqa.selenium.remote.RemoteWebDriver.findElementByXPath(RemoteWebDriver.java:428)
	at org.openqa.selenium.By$ByXPath.findElement(By.java:353)
	at org.openqa.selenium.remote.RemoteWebDriver.findElement(RemoteWebDriver.java:315)
	at com.sap.timp.pageObjectModel.MDR.MapeamentoDeRelevanciaParaPisCofins.MapeamentoDeRelevanciaParaPisCofinsVisualizarPO.visualizar(MapeamentoDeRelevanciaParaPisCofinsVisualizarPO.java:153)
	at com.timp.test.MDR.MapeamentoDeRelevanciaParaPisCofins.MapeamentoDeRelevanciaParaPisCofinsVisualizar.visualizar(MapeamentoDeRelevanciaParaPisCofinsVisualizar.java:52)
	at com.timp.test.MDR.Automacoes.AutomacoesMDR2.mapeamentoDeRelevanciaParaPisCofinsVisualizar(AutomacoesMDR2.java:947)
	at java.base/jdk.internal.reflect.NativeMethodAccessorImpl.invoke0(Native Method)
	at java.base/jdk.internal.reflect.NativeMethodAccessorImpl.invoke(NativeMethodAccessorImpl.java:62)
	at java.base/jdk.internal.reflect.DelegatingMethodAccessorImpl.invoke(DelegatingMethodAccessorImpl.java:43)
	at java.base/java.lang.reflect.Method.invoke(Method.java:564)
	at org.testng.internal.MethodInvocationHelper.invokeMethod(MethodInvocationHelper.java:80)
	at org.testng.internal.Invoker.invokeMethod(Invoker.java:714)
	at org.testng.internal.Invoker.invokeTestMethod(Invoker.java:901)
	at org.testng.internal.Invoker.invokeTestMethods(Invoker.java:1231)
	at org.testng.internal.TestMethodWorker.invokeTestMethods(TestMethodWorker.java:127)
	at org.testng.internal.TestMethodWorker.run(TestMethodWorker.java:111)
	at org.testng.TestRunner.privateRun(TestRunner.java:767)
	at org.testng.TestRunner.run(TestRunner.java:617)
	at org.testng.SuiteRunner.runTest(SuiteRunner.java:334)
	at org.testng.SuiteRunner.runSequentially(SuiteRunner.java:329)
	at org.testng.SuiteRunner.privateRun(SuiteRunner.java:291)
	at org.testng.SuiteRunner.run(SuiteRunner.java:240)
	at org.testng.SuiteRunnerWorker.runSuite(SuiteRunnerWorker.java:52)
	at org.testng.SuiteRunnerWorker.run(SuiteRunnerWorker.java:86)
	at org.testng.TestNG.runSuitesSequentially(TestNG.java:1198)
	at org.testng.TestNG.runSuitesLocally(TestNG.java:1123)
	at org.testng.TestNG.run(TestNG.java:1031)
	at org.testng.remote.AbstractRemoteTestNG.run(AbstractRemoteTestNG.java:115)
	at org.testng.remote.RemoteTestNG.initAndRun(RemoteTestNG.java:251)
	at org.testng.remote.RemoteTestNG.main(RemoteTestNG.java:77)
]]>
    </failure>
  </testcase> <!-- mapeamentoDeRelevanciaParaPisCofinsVisualizar -->
  <testcase classname="com.timp.test.MDR.Automacoes.AutomacoesMDR2" name="livrosFiscaisCriar" time="360.168"/>
  <testcase classname="com.timp.test.MDR.Automacoes.AutomacoesMDR2" name="movimentoSCANCEditar" time="437.327"/>
  <testcase classname="com.timp.test.MDR.Automacoes.AutomacoesMDR2" name="parametrosParaLivroICMSSTDetalhes" time="131.092"/>
  <testcase classname="com.timp.test.MDR.Automacoes.AutomacoesMDR2" name="oPPropriosRessarcimentosCriar" time="168.889">
    <failure message="no such element: Unable to locate element: {&quot;method&quot;:&quot;xpath&quot;,&quot;selector&quot;:&quot;//div[contains(@class,&quot;icon-right&quot;)][2]&quot;}
  (Session info: chrome=83.0.4103.106)
For documentation on this error, please visit: https://www.seleniumhq.org/exceptions/no_such_element.html
Build info: version: &#039;3.141.59&#039;, revision: &#039;e82be7d358&#039;, time: &#039;2018-11-14T08:17:03&#039;
System info: host: &#039;DESKTOP-BNBDMGT&#039;, ip: &#039;192.168.1.37&#039;, os.name: &#039;Windows 10&#039;, os.arch: &#039;amd64&#039;, os.version: &#039;10.0&#039;, java.version: &#039;14.0.1&#039;
Driver info: org.openqa.selenium.chrome.ChromeDriver
Capabilities {acceptInsecureCerts: false, browserName: chrome, browserVersion: 83.0.4103.106, chrome: {chromedriverVersion: 83.0.4103.39 (ccbf011cb2d2b..., userDataDir: C:\Users\ymass\AppData\Loca...}, goog:chromeOptions: {debuggerAddress: localhost:56066}, javascriptEnabled: true, networkConnectionEnabled: false, pageLoadStrategy: normal, platform: WINDOWS, platformName: WINDOWS, proxy: Proxy(), setWindowRect: true, strictFileInteractability: false, timeouts: {implicit: 0, pageLoad: 300000, script: 30000}, unhandledPromptBehavior: dismiss and notify, webauthn:virtualAuthenticators: true}
Session ID: 6e5b4591b120b4cff1513ddedf60fc0e
*** Element info: {Using=xpath, value=//div[contains(@class,&quot;icon-right&quot;)][2]}" type="org.openqa.selenium.NoSuchElementException">
      <![CDATA[org.openqa.selenium.NoSuchElementException: no such element: Unable to locate element: {"method":"xpath","selector":"//div[contains(@class,"icon-right")][2]"}
  (Session info: chrome=83.0.4103.106)
For documentation on this error, please visit: https://www.seleniumhq.org/exceptions/no_such_element.html
Build info: version: '3.141.59', revision: 'e82be7d358', time: '2018-11-14T08:17:03'
System info: host: 'DESKTOP-BNBDMGT', ip: '192.168.1.37', os.name: 'Windows 10', os.arch: 'amd64', os.version: '10.0', java.version: '14.0.1'
Driver info: org.openqa.selenium.chrome.ChromeDriver
Capabilities {acceptInsecureCerts: false, browserName: chrome, browserVersion: 83.0.4103.106, chrome: {chromedriverVersion: 83.0.4103.39 (ccbf011cb2d2b..., userDataDir: C:\Users\ymass\AppData\Loca...}, goog:chromeOptions: {debuggerAddress: localhost:56066}, javascriptEnabled: true, networkConnectionEnabled: false, pageLoadStrategy: normal, platform: WINDOWS, platformName: WINDOWS, proxy: Proxy(), setWindowRect: true, strictFileInteractability: false, timeouts: {implicit: 0, pageLoad: 300000, script: 30000}, unhandledPromptBehavior: dismiss and notify, webauthn:virtualAuthenticators: true}
Session ID: 6e5b4591b120b4cff1513ddedf60fc0e
*** Element info: {Using=xpath, value=//div[contains(@class,"icon-right")][2]}
	at jdk.internal.reflect.GeneratedConstructorAccessor14.newInstance(Unknown Source)
	at java.base/jdk.internal.reflect.DelegatingConstructorAccessorImpl.newInstance(DelegatingConstructorAccessorImpl.java:45)
	at java.base/java.lang.reflect.Constructor.newInstanceWithCaller(Constructor.java:500)
	at java.base/java.lang.reflect.Constructor.newInstance(Constructor.java:481)
	at org.openqa.selenium.remote.http.W3CHttpResponseCodec.createException(W3CHttpResponseCodec.java:187)
	at org.openqa.selenium.remote.http.W3CHttpResponseCodec.decode(W3CHttpResponseCodec.java:122)
	at org.openqa.selenium.remote.http.W3CHttpResponseCodec.decode(W3CHttpResponseCodec.java:49)
	at org.openqa.selenium.remote.HttpCommandExecutor.execute(HttpCommandExecutor.java:158)
	at org.openqa.selenium.remote.service.DriverCommandExecutor.execute(DriverCommandExecutor.java:83)
	at org.openqa.selenium.remote.RemoteWebDriver.execute(RemoteWebDriver.java:552)
	at org.openqa.selenium.remote.RemoteWebDriver.findElement(RemoteWebDriver.java:323)
	at org.openqa.selenium.remote.RemoteWebDriver.findElementByXPath(RemoteWebDriver.java:428)
	at org.openqa.selenium.By$ByXPath.findElement(By.java:353)
	at org.openqa.selenium.remote.RemoteWebDriver.findElement(RemoteWebDriver.java:315)
	at org.openqa.selenium.support.pagefactory.DefaultElementLocator.findElement(DefaultElementLocator.java:69)
	at org.openqa.selenium.support.pagefactory.internal.LocatingElementHandler.invoke(LocatingElementHandler.java:38)
	at com.sun.proxy.$Proxy10.click(Unknown Source)
	at com.sap.timp.pageObjectModel.MDR.SCANC.OPPropiasRessarcimentos.OPPropiasRessarcimentosCriarPO.criar(OPPropiasRessarcimentosCriarPO.java:169)
	at com.timp.test.MDR.SCANC.OPPropiasRessarcimentos.OPPropriosRessarcimentosCriar.criar(OPPropriosRessarcimentosCriar.java:55)
	at com.timp.test.MDR.Automacoes.AutomacoesMDR2.oPPropriosRessarcimentosCriar(AutomacoesMDR2.java:1694)
	at java.base/jdk.internal.reflect.NativeMethodAccessorImpl.invoke0(Native Method)
	at java.base/jdk.internal.reflect.NativeMethodAccessorImpl.invoke(NativeMethodAccessorImpl.java:62)
	at java.base/jdk.internal.reflect.DelegatingMethodAccessorImpl.invoke(DelegatingMethodAccessorImpl.java:43)
	at java.base/java.lang.reflect.Method.invoke(Method.java:564)
	at org.testng.internal.MethodInvocationHelper.invokeMethod(MethodInvocationHelper.java:80)
	at org.testng.internal.Invoker.invokeMethod(Invoker.java:714)
	at org.testng.internal.Invoker.invokeTestMethod(Invoker.java:901)
	at org.testng.internal.Invoker.invokeTestMethods(Invoker.java:1231)
	at org.testng.internal.TestMethodWorker.invokeTestMethods(TestMethodWorker.java:127)
	at org.testng.internal.TestMethodWorker.run(TestMethodWorker.java:111)
	at org.testng.TestRunner.privateRun(TestRunner.java:767)
	at org.testng.TestRunner.run(TestRunner.java:617)
	at org.testng.SuiteRunner.runTest(SuiteRunner.java:334)
	at org.testng.SuiteRunner.runSequentially(SuiteRunner.java:329)
	at org.testng.SuiteRunner.privateRun(SuiteRunner.java:291)
	at org.testng.SuiteRunner.run(SuiteRunner.java:240)
	at org.testng.SuiteRunnerWorker.runSuite(SuiteRunnerWorker.java:52)
	at org.testng.SuiteRunnerWorker.run(SuiteRunnerWorker.java:86)
	at org.testng.TestNG.runSuitesSequentially(TestNG.java:1198)
	at org.testng.TestNG.runSuitesLocally(TestNG.java:1123)
	at org.testng.TestNG.run(TestNG.java:1031)
	at org.testng.remote.AbstractRemoteTestNG.run(AbstractRemoteTestNG.java:115)
	at org.testng.remote.RemoteTestNG.initAndRun(RemoteTestNG.java:251)
	at org.testng.remote.RemoteTestNG.main(RemoteTestNG.java:77)
]]>
    </failure>
  </testcase> <!-- oPPropriosRessarcimentosCriar -->
  <testcase classname="com.timp.test.MDR.Automacoes.AutomacoesMDR2" name="ajusteEInformacoesDeValoresExcluirEmMassa" time="204.037"/>
  <testcase classname="com.timp.test.MDR.Automacoes.AutomacoesMDR2" name="productosSCANCExcluir" time="88.624">
    <failure message="no such element: Unable to locate element: {&quot;method&quot;:&quot;xpath&quot;,&quot;selector&quot;:&quot;//div[@data-id=&quot;39&quot;]/div[1]/div&quot;}
  (Session info: chrome=83.0.4103.106)
For documentation on this error, please visit: https://www.seleniumhq.org/exceptions/no_such_element.html
Build info: version: &#039;3.141.59&#039;, revision: &#039;e82be7d358&#039;, time: &#039;2018-11-14T08:17:03&#039;
System info: host: &#039;DESKTOP-BNBDMGT&#039;, ip: &#039;192.168.1.37&#039;, os.name: &#039;Windows 10&#039;, os.arch: &#039;amd64&#039;, os.version: &#039;10.0&#039;, java.version: &#039;14.0.1&#039;
Driver info: org.openqa.selenium.chrome.ChromeDriver
Capabilities {acceptInsecureCerts: false, browserName: chrome, browserVersion: 83.0.4103.106, chrome: {chromedriverVersion: 83.0.4103.39 (ccbf011cb2d2b..., userDataDir: C:\Users\ymass\AppData\Loca...}, goog:chromeOptions: {debuggerAddress: localhost:56604}, javascriptEnabled: true, networkConnectionEnabled: false, pageLoadStrategy: normal, platform: WINDOWS, platformName: WINDOWS, proxy: Proxy(), setWindowRect: true, strictFileInteractability: false, timeouts: {implicit: 0, pageLoad: 300000, script: 30000}, unhandledPromptBehavior: dismiss and notify, webauthn:virtualAuthenticators: true}
Session ID: afe754c77c63c69624525f423499bb2c
*** Element info: {Using=xpath, value=//div[@data-id=&quot;39&quot;]/div[1]/div}" type="org.openqa.selenium.NoSuchElementException">
      <![CDATA[org.openqa.selenium.NoSuchElementException: no such element: Unable to locate element: {"method":"xpath","selector":"//div[@data-id="39"]/div[1]/div"}
  (Session info: chrome=83.0.4103.106)
For documentation on this error, please visit: https://www.seleniumhq.org/exceptions/no_such_element.html
Build info: version: '3.141.59', revision: 'e82be7d358', time: '2018-11-14T08:17:03'
System info: host: 'DESKTOP-BNBDMGT', ip: '192.168.1.37', os.name: 'Windows 10', os.arch: 'amd64', os.version: '10.0', java.version: '14.0.1'
Driver info: org.openqa.selenium.chrome.ChromeDriver
Capabilities {acceptInsecureCerts: false, browserName: chrome, browserVersion: 83.0.4103.106, chrome: {chromedriverVersion: 83.0.4103.39 (ccbf011cb2d2b..., userDataDir: C:\Users\ymass\AppData\Loca...}, goog:chromeOptions: {debuggerAddress: localhost:56604}, javascriptEnabled: true, networkConnectionEnabled: false, pageLoadStrategy: normal, platform: WINDOWS, platformName: WINDOWS, proxy: Proxy(), setWindowRect: true, strictFileInteractability: false, timeouts: {implicit: 0, pageLoad: 300000, script: 30000}, unhandledPromptBehavior: dismiss and notify, webauthn:virtualAuthenticators: true}
Session ID: afe754c77c63c69624525f423499bb2c
*** Element info: {Using=xpath, value=//div[@data-id="39"]/div[1]/div}
	at jdk.internal.reflect.GeneratedConstructorAccessor14.newInstance(Unknown Source)
	at java.base/jdk.internal.reflect.DelegatingConstructorAccessorImpl.newInstance(DelegatingConstructorAccessorImpl.java:45)
	at java.base/java.lang.reflect.Constructor.newInstanceWithCaller(Constructor.java:500)
	at java.base/java.lang.reflect.Constructor.newInstance(Constructor.java:481)
	at org.openqa.selenium.remote.http.W3CHttpResponseCodec.createException(W3CHttpResponseCodec.java:187)
	at org.openqa.selenium.remote.http.W3CHttpResponseCodec.decode(W3CHttpResponseCodec.java:122)
	at org.openqa.selenium.remote.http.W3CHttpResponseCodec.decode(W3CHttpResponseCodec.java:49)
	at org.openqa.selenium.remote.HttpCommandExecutor.execute(HttpCommandExecutor.java:158)
	at org.openqa.selenium.remote.service.DriverCommandExecutor.execute(DriverCommandExecutor.java:83)
	at org.openqa.selenium.remote.RemoteWebDriver.execute(RemoteWebDriver.java:552)
	at org.openqa.selenium.remote.RemoteWebDriver.findElement(RemoteWebDriver.java:323)
	at org.openqa.selenium.remote.RemoteWebDriver.findElementByXPath(RemoteWebDriver.java:428)
	at org.openqa.selenium.By$ByXPath.findElement(By.java:353)
	at org.openqa.selenium.remote.RemoteWebDriver.findElement(RemoteWebDriver.java:315)
	at com.sap.timp.pageObjectModel.MDR.SCANC.ProdutosSCANC.ProdutosSCANCExcluirPO.excluir(ProdutosSCANCExcluirPO.java:72)
	at com.timp.test.MDR.SCANC.ProdutosSCANC.ProductosSCANCExcluir.excluir(ProductosSCANCExcluir.java:54)
	at com.timp.test.MDR.Automacoes.AutomacoesMDR2.productosSCANCExcluir(AutomacoesMDR2.java:1761)
	at java.base/jdk.internal.reflect.NativeMethodAccessorImpl.invoke0(Native Method)
	at java.base/jdk.internal.reflect.NativeMethodAccessorImpl.invoke(NativeMethodAccessorImpl.java:62)
	at java.base/jdk.internal.reflect.DelegatingMethodAccessorImpl.invoke(DelegatingMethodAccessorImpl.java:43)
	at java.base/java.lang.reflect.Method.invoke(Method.java:564)
	at org.testng.internal.MethodInvocationHelper.invokeMethod(MethodInvocationHelper.java:80)
	at org.testng.internal.Invoker.invokeMethod(Invoker.java:714)
	at org.testng.internal.Invoker.invokeTestMethod(Invoker.java:901)
	at org.testng.internal.Invoker.invokeTestMethods(Invoker.java:1231)
	at org.testng.internal.TestMethodWorker.invokeTestMethods(TestMethodWorker.java:127)
	at org.testng.internal.TestMethodWorker.run(TestMethodWorker.java:111)
	at org.testng.TestRunner.privateRun(TestRunner.java:767)
	at org.testng.TestRunner.run(TestRunner.java:617)
	at org.testng.SuiteRunner.runTest(SuiteRunner.java:334)
	at org.testng.SuiteRunner.runSequentially(SuiteRunner.java:329)
	at org.testng.SuiteRunner.privateRun(SuiteRunner.java:291)
	at org.testng.SuiteRunner.run(SuiteRunner.java:240)
	at org.testng.SuiteRunnerWorker.runSuite(SuiteRunnerWorker.java:52)
	at org.testng.SuiteRunnerWorker.run(SuiteRunnerWorker.java:86)
	at org.testng.TestNG.runSuitesSequentially(TestNG.java:1198)
	at org.testng.TestNG.runSuitesLocally(TestNG.java:1123)
	at org.testng.TestNG.run(TestNG.java:1031)
	at org.testng.remote.AbstractRemoteTestNG.run(AbstractRemoteTestNG.java:115)
	at org.testng.remote.RemoteTestNG.initAndRun(RemoteTestNG.java:251)
	at org.testng.remote.RemoteTestNG.main(RemoteTestNG.java:77)
]]>
    </failure>
  </testcase> <!-- productosSCANCExcluir -->
  <testcase classname="com.timp.test.MDR.Automacoes.AutomacoesMDR2" name="mapeamentoContabilCorrecaoEditar" time="128.222"/>
  <testcase classname="com.timp.test.MDR.Automacoes.AutomacoesMDR2" name="mapeamentoDeRelevanciaParaPisCofinsCriar" time="99.244"/>
  <testcase classname="com.timp.test.MDR.Automacoes.AutomacoesMDR2" name="hierarquiaDeCenariosDeCorreçaoVisualizar" time="96.554"/>
  <testcase classname="com.timp.test.MDR.Automacoes.AutomacoesMDR2" name="sequenciaExcluir" time="93.398"/>
  <testcase classname="com.timp.test.MDR.Automacoes.AutomacoesMDR2" name="productosSCANCCriar" time="177.587">
    <failure message="no such element: Unable to locate element: {&quot;method&quot;:&quot;xpath&quot;,&quot;selector&quot;:&quot;//div[@class=&quot;btn icon-btn trans icon icon-font-Sign-and-Symbols icon-right&quot;]&quot;}
  (Session info: chrome=83.0.4103.106)
For documentation on this error, please visit: https://www.seleniumhq.org/exceptions/no_such_element.html
Build info: version: &#039;3.141.59&#039;, revision: &#039;e82be7d358&#039;, time: &#039;2018-11-14T08:17:03&#039;
System info: host: &#039;DESKTOP-BNBDMGT&#039;, ip: &#039;192.168.1.37&#039;, os.name: &#039;Windows 10&#039;, os.arch: &#039;amd64&#039;, os.version: &#039;10.0&#039;, java.version: &#039;14.0.1&#039;
Driver info: org.openqa.selenium.chrome.ChromeDriver
Capabilities {acceptInsecureCerts: false, browserName: chrome, browserVersion: 83.0.4103.106, chrome: {chromedriverVersion: 83.0.4103.39 (ccbf011cb2d2b..., userDataDir: C:\Users\ymass\AppData\Loca...}, goog:chromeOptions: {debuggerAddress: localhost:56300}, javascriptEnabled: true, networkConnectionEnabled: false, pageLoadStrategy: normal, platform: WINDOWS, platformName: WINDOWS, proxy: Proxy(), setWindowRect: true, strictFileInteractability: false, timeouts: {implicit: 0, pageLoad: 300000, script: 30000}, unhandledPromptBehavior: dismiss and notify, webauthn:virtualAuthenticators: true}
Session ID: fa85ed41c95b631ee9480b90833d8237
*** Element info: {Using=xpath, value=//div[@class=&quot;btn icon-btn trans icon icon-font-Sign-and-Symbols icon-right&quot;]}" type="org.openqa.selenium.NoSuchElementException">
      <![CDATA[org.openqa.selenium.NoSuchElementException: no such element: Unable to locate element: {"method":"xpath","selector":"//div[@class="btn icon-btn trans icon icon-font-Sign-and-Symbols icon-right"]"}
  (Session info: chrome=83.0.4103.106)
For documentation on this error, please visit: https://www.seleniumhq.org/exceptions/no_such_element.html
Build info: version: '3.141.59', revision: 'e82be7d358', time: '2018-11-14T08:17:03'
System info: host: 'DESKTOP-BNBDMGT', ip: '192.168.1.37', os.name: 'Windows 10', os.arch: 'amd64', os.version: '10.0', java.version: '14.0.1'
Driver info: org.openqa.selenium.chrome.ChromeDriver
Capabilities {acceptInsecureCerts: false, browserName: chrome, browserVersion: 83.0.4103.106, chrome: {chromedriverVersion: 83.0.4103.39 (ccbf011cb2d2b..., userDataDir: C:\Users\ymass\AppData\Loca...}, goog:chromeOptions: {debuggerAddress: localhost:56300}, javascriptEnabled: true, networkConnectionEnabled: false, pageLoadStrategy: normal, platform: WINDOWS, platformName: WINDOWS, proxy: Proxy(), setWindowRect: true, strictFileInteractability: false, timeouts: {implicit: 0, pageLoad: 300000, script: 30000}, unhandledPromptBehavior: dismiss and notify, webauthn:virtualAuthenticators: true}
Session ID: fa85ed41c95b631ee9480b90833d8237
*** Element info: {Using=xpath, value=//div[@class="btn icon-btn trans icon icon-font-Sign-and-Symbols icon-right"]}
	at jdk.internal.reflect.GeneratedConstructorAccessor14.newInstance(Unknown Source)
	at java.base/jdk.internal.reflect.DelegatingConstructorAccessorImpl.newInstance(DelegatingConstructorAccessorImpl.java:45)
	at java.base/java.lang.reflect.Constructor.newInstanceWithCaller(Constructor.java:500)
	at java.base/java.lang.reflect.Constructor.newInstance(Constructor.java:481)
	at org.openqa.selenium.remote.http.W3CHttpResponseCodec.createException(W3CHttpResponseCodec.java:187)
	at org.openqa.selenium.remote.http.W3CHttpResponseCodec.decode(W3CHttpResponseCodec.java:122)
	at org.openqa.selenium.remote.http.W3CHttpResponseCodec.decode(W3CHttpResponseCodec.java:49)
	at org.openqa.selenium.remote.HttpCommandExecutor.execute(HttpCommandExecutor.java:158)
	at org.openqa.selenium.remote.service.DriverCommandExecutor.execute(DriverCommandExecutor.java:83)
	at org.openqa.selenium.remote.RemoteWebDriver.execute(RemoteWebDriver.java:552)
	at org.openqa.selenium.remote.RemoteWebDriver.findElement(RemoteWebDriver.java:323)
	at org.openqa.selenium.remote.RemoteWebDriver.findElementByXPath(RemoteWebDriver.java:428)
	at org.openqa.selenium.By$ByXPath.findElement(By.java:353)
	at org.openqa.selenium.remote.RemoteWebDriver.findElement(RemoteWebDriver.java:315)
	at org.openqa.selenium.support.pagefactory.DefaultElementLocator.findElement(DefaultElementLocator.java:69)
	at org.openqa.selenium.support.pagefactory.internal.LocatingElementHandler.invoke(LocatingElementHandler.java:38)
	at com.sun.proxy.$Proxy10.click(Unknown Source)
	at com.sap.timp.pageObjectModel.MDR.SCANC.ProdutosSCANC.ProdutosSCANCCriarPO.criar(ProdutosSCANCCriarPO.java:164)
	at com.timp.test.MDR.SCANC.ProdutosSCANC.ProductosSCANCCriar.criar(ProductosSCANCCriar.java:54)
	at com.timp.test.MDR.Automacoes.AutomacoesMDR2.productosSCANCCriar(AutomacoesMDR2.java:1713)
	at java.base/jdk.internal.reflect.NativeMethodAccessorImpl.invoke0(Native Method)
	at java.base/jdk.internal.reflect.NativeMethodAccessorImpl.invoke(NativeMethodAccessorImpl.java:62)
	at java.base/jdk.internal.reflect.DelegatingMethodAccessorImpl.invoke(DelegatingMethodAccessorImpl.java:43)
	at java.base/java.lang.reflect.Method.invoke(Method.java:564)
	at org.testng.internal.MethodInvocationHelper.invokeMethod(MethodInvocationHelper.java:80)
	at org.testng.internal.Invoker.invokeMethod(Invoker.java:714)
	at org.testng.internal.Invoker.invokeTestMethod(Invoker.java:901)
	at org.testng.internal.Invoker.invokeTestMethods(Invoker.java:1231)
	at org.testng.internal.TestMethodWorker.invokeTestMethods(TestMethodWorker.java:127)
	at org.testng.internal.TestMethodWorker.run(TestMethodWorker.java:111)
	at org.testng.TestRunner.privateRun(TestRunner.java:767)
	at org.testng.TestRunner.run(TestRunner.java:617)
	at org.testng.SuiteRunner.runTest(SuiteRunner.java:334)
	at org.testng.SuiteRunner.runSequentially(SuiteRunner.java:329)
	at org.testng.SuiteRunner.privateRun(SuiteRunner.java:291)
	at org.testng.SuiteRunner.run(SuiteRunner.java:240)
	at org.testng.SuiteRunnerWorker.runSuite(SuiteRunnerWorker.java:52)
	at org.testng.SuiteRunnerWorker.run(SuiteRunnerWorker.java:86)
	at org.testng.TestNG.runSuitesSequentially(TestNG.java:1198)
	at org.testng.TestNG.runSuitesLocally(TestNG.java:1123)
	at org.testng.TestNG.run(TestNG.java:1031)
	at org.testng.remote.AbstractRemoteTestNG.run(AbstractRemoteTestNG.java:115)
	at org.testng.remote.RemoteTestNG.initAndRun(RemoteTestNG.java:251)
	at org.testng.remote.RemoteTestNG.main(RemoteTestNG.java:77)
]]>
    </failure>
  </testcase> <!-- productosSCANCCriar -->
  <testcase classname="com.timp.test.MDR.Automacoes.AutomacoesMDR2" name="determinacaoDeTipoDeCondicaoCriarExcluir" time="88.165"/>
  <testcase classname="com.timp.test.MDR.Automacoes.AutomacoesMDR2" name="productosSCANCEditar" time="88.549">
    <failure message="no such element: Unable to locate element: {&quot;method&quot;:&quot;xpath&quot;,&quot;selector&quot;:&quot;//div[@data-id=&quot;39&quot;]/div[1]/div&quot;}
  (Session info: chrome=83.0.4103.106)
For documentation on this error, please visit: https://www.seleniumhq.org/exceptions/no_such_element.html
Build info: version: &#039;3.141.59&#039;, revision: &#039;e82be7d358&#039;, time: &#039;2018-11-14T08:17:03&#039;
System info: host: &#039;DESKTOP-BNBDMGT&#039;, ip: &#039;192.168.1.37&#039;, os.name: &#039;Windows 10&#039;, os.arch: &#039;amd64&#039;, os.version: &#039;10.0&#039;, java.version: &#039;14.0.1&#039;
Driver info: org.openqa.selenium.chrome.ChromeDriver
Capabilities {acceptInsecureCerts: false, browserName: chrome, browserVersion: 83.0.4103.106, chrome: {chromedriverVersion: 83.0.4103.39 (ccbf011cb2d2b..., userDataDir: C:\Users\ymass\AppData\Loca...}, goog:chromeOptions: {debuggerAddress: localhost:56463}, javascriptEnabled: true, networkConnectionEnabled: false, pageLoadStrategy: normal, platform: WINDOWS, platformName: WINDOWS, proxy: Proxy(), setWindowRect: true, strictFileInteractability: false, timeouts: {implicit: 0, pageLoad: 300000, script: 30000}, unhandledPromptBehavior: dismiss and notify, webauthn:virtualAuthenticators: true}
Session ID: 0cadde116e766edc54c0c38ec0c41a32
*** Element info: {Using=xpath, value=//div[@data-id=&quot;39&quot;]/div[1]/div}" type="org.openqa.selenium.NoSuchElementException">
      <![CDATA[org.openqa.selenium.NoSuchElementException: no such element: Unable to locate element: {"method":"xpath","selector":"//div[@data-id="39"]/div[1]/div"}
  (Session info: chrome=83.0.4103.106)
For documentation on this error, please visit: https://www.seleniumhq.org/exceptions/no_such_element.html
Build info: version: '3.141.59', revision: 'e82be7d358', time: '2018-11-14T08:17:03'
System info: host: 'DESKTOP-BNBDMGT', ip: '192.168.1.37', os.name: 'Windows 10', os.arch: 'amd64', os.version: '10.0', java.version: '14.0.1'
Driver info: org.openqa.selenium.chrome.ChromeDriver
Capabilities {acceptInsecureCerts: false, browserName: chrome, browserVersion: 83.0.4103.106, chrome: {chromedriverVersion: 83.0.4103.39 (ccbf011cb2d2b..., userDataDir: C:\Users\ymass\AppData\Loca...}, goog:chromeOptions: {debuggerAddress: localhost:56463}, javascriptEnabled: true, networkConnectionEnabled: false, pageLoadStrategy: normal, platform: WINDOWS, platformName: WINDOWS, proxy: Proxy(), setWindowRect: true, strictFileInteractability: false, timeouts: {implicit: 0, pageLoad: 300000, script: 30000}, unhandledPromptBehavior: dismiss and notify, webauthn:virtualAuthenticators: true}
Session ID: 0cadde116e766edc54c0c38ec0c41a32
*** Element info: {Using=xpath, value=//div[@data-id="39"]/div[1]/div}
	at jdk.internal.reflect.GeneratedConstructorAccessor14.newInstance(Unknown Source)
	at java.base/jdk.internal.reflect.DelegatingConstructorAccessorImpl.newInstance(DelegatingConstructorAccessorImpl.java:45)
	at java.base/java.lang.reflect.Constructor.newInstanceWithCaller(Constructor.java:500)
	at java.base/java.lang.reflect.Constructor.newInstance(Constructor.java:481)
	at org.openqa.selenium.remote.http.W3CHttpResponseCodec.createException(W3CHttpResponseCodec.java:187)
	at org.openqa.selenium.remote.http.W3CHttpResponseCodec.decode(W3CHttpResponseCodec.java:122)
	at org.openqa.selenium.remote.http.W3CHttpResponseCodec.decode(W3CHttpResponseCodec.java:49)
	at org.openqa.selenium.remote.HttpCommandExecutor.execute(HttpCommandExecutor.java:158)
	at org.openqa.selenium.remote.service.DriverCommandExecutor.execute(DriverCommandExecutor.java:83)
	at org.openqa.selenium.remote.RemoteWebDriver.execute(RemoteWebDriver.java:552)
	at org.openqa.selenium.remote.RemoteWebDriver.findElement(RemoteWebDriver.java:323)
	at org.openqa.selenium.remote.RemoteWebDriver.findElementByXPath(RemoteWebDriver.java:428)
	at org.openqa.selenium.By$ByXPath.findElement(By.java:353)
	at org.openqa.selenium.remote.RemoteWebDriver.findElement(RemoteWebDriver.java:315)
	at com.sap.timp.pageObjectModel.MDR.SCANC.ProdutosSCANC.ProdutosSCANCEditarPO.editar(ProdutosSCANCEditarPO.java:60)
	at com.timp.test.MDR.SCANC.ProdutosSCANC.ProductosSCANCEditar.editar(ProductosSCANCEditar.java:54)
	at com.timp.test.MDR.Automacoes.AutomacoesMDR2.productosSCANCEditar(AutomacoesMDR2.java:1725)
	at java.base/jdk.internal.reflect.NativeMethodAccessorImpl.invoke0(Native Method)
	at java.base/jdk.internal.reflect.NativeMethodAccessorImpl.invoke(NativeMethodAccessorImpl.java:62)
	at java.base/jdk.internal.reflect.DelegatingMethodAccessorImpl.invoke(DelegatingMethodAccessorImpl.java:43)
	at java.base/java.lang.reflect.Method.invoke(Method.java:564)
	at org.testng.internal.MethodInvocationHelper.invokeMethod(MethodInvocationHelper.java:80)
	at org.testng.internal.Invoker.invokeMethod(Invoker.java:714)
	at org.testng.internal.Invoker.invokeTestMethod(Invoker.java:901)
	at org.testng.internal.Invoker.invokeTestMethods(Invoker.java:1231)
	at org.testng.internal.TestMethodWorker.invokeTestMethods(TestMethodWorker.java:127)
	at org.testng.internal.TestMethodWorker.run(TestMethodWorker.java:111)
	at org.testng.TestRunner.privateRun(TestRunner.java:767)
	at org.testng.TestRunner.run(TestRunner.java:617)
	at org.testng.SuiteRunner.runTest(SuiteRunner.java:334)
	at org.testng.SuiteRunner.runSequentially(SuiteRunner.java:329)
	at org.testng.SuiteRunner.privateRun(SuiteRunner.java:291)
	at org.testng.SuiteRunner.run(SuiteRunner.java:240)
	at org.testng.SuiteRunnerWorker.runSuite(SuiteRunnerWorker.java:52)
	at org.testng.SuiteRunnerWorker.run(SuiteRunnerWorker.java:86)
	at org.testng.TestNG.runSuitesSequentially(TestNG.java:1198)
	at org.testng.TestNG.runSuitesLocally(TestNG.java:1123)
	at org.testng.TestNG.run(TestNG.java:1031)
	at org.testng.remote.AbstractRemoteTestNG.run(AbstractRemoteTestNG.java:115)
	at org.testng.remote.RemoteTestNG.initAndRun(RemoteTestNG.java:251)
	at org.testng.remote.RemoteTestNG.main(RemoteTestNG.java:77)
]]>
    </failure>
  </testcase> <!-- productosSCANCEditar -->
  <testcase classname="com.timp.test.MDR.Automacoes.AutomacoesMDR2" name="movimentoSCANCCriar" time="112.761"/>
  <testcase classname="com.timp.test.MDR.Automacoes.AutomacoesMDR2" name="mapeamentoContabilCorrecaoVisualizar" time="122.525">
    <failure message="no such element: Unable to locate element: {&quot;method&quot;:&quot;xpath&quot;,&quot;selector&quot;:&quot;//div[@id=&quot;company&quot;]/div/div/div/div/div/div[1]&quot;}
  (Session info: chrome=83.0.4103.106)
For documentation on this error, please visit: https://www.seleniumhq.org/exceptions/no_such_element.html
Build info: version: &#039;3.141.59&#039;, revision: &#039;e82be7d358&#039;, time: &#039;2018-11-14T08:17:03&#039;
System info: host: &#039;DESKTOP-BNBDMGT&#039;, ip: &#039;192.168.1.37&#039;, os.name: &#039;Windows 10&#039;, os.arch: &#039;amd64&#039;, os.version: &#039;10.0&#039;, java.version: &#039;14.0.1&#039;
Driver info: org.openqa.selenium.chrome.ChromeDriver
Capabilities {acceptInsecureCerts: false, browserName: chrome, browserVersion: 83.0.4103.106, chrome: {chromedriverVersion: 83.0.4103.39 (ccbf011cb2d2b..., userDataDir: C:\Users\ymass\AppData\Loca...}, goog:chromeOptions: {debuggerAddress: localhost:53706}, javascriptEnabled: true, networkConnectionEnabled: false, pageLoadStrategy: normal, platform: WINDOWS, platformName: WINDOWS, proxy: Proxy(), setWindowRect: true, strictFileInteractability: false, timeouts: {implicit: 0, pageLoad: 300000, script: 30000}, unhandledPromptBehavior: dismiss and notify, webauthn:virtualAuthenticators: true}
Session ID: 6c89a15876ef3f38fe0f423d730f5d9c
*** Element info: {Using=xpath, value=//div[@id=&quot;company&quot;]/div/div/div/div/div/div[1]}" type="org.openqa.selenium.NoSuchElementException">
      <![CDATA[org.openqa.selenium.NoSuchElementException: no such element: Unable to locate element: {"method":"xpath","selector":"//div[@id="company"]/div/div/div/div/div/div[1]"}
  (Session info: chrome=83.0.4103.106)
For documentation on this error, please visit: https://www.seleniumhq.org/exceptions/no_such_element.html
Build info: version: '3.141.59', revision: 'e82be7d358', time: '2018-11-14T08:17:03'
System info: host: 'DESKTOP-BNBDMGT', ip: '192.168.1.37', os.name: 'Windows 10', os.arch: 'amd64', os.version: '10.0', java.version: '14.0.1'
Driver info: org.openqa.selenium.chrome.ChromeDriver
Capabilities {acceptInsecureCerts: false, browserName: chrome, browserVersion: 83.0.4103.106, chrome: {chromedriverVersion: 83.0.4103.39 (ccbf011cb2d2b..., userDataDir: C:\Users\ymass\AppData\Loca...}, goog:chromeOptions: {debuggerAddress: localhost:53706}, javascriptEnabled: true, networkConnectionEnabled: false, pageLoadStrategy: normal, platform: WINDOWS, platformName: WINDOWS, proxy: Proxy(), setWindowRect: true, strictFileInteractability: false, timeouts: {implicit: 0, pageLoad: 300000, script: 30000}, unhandledPromptBehavior: dismiss and notify, webauthn:virtualAuthenticators: true}
Session ID: 6c89a15876ef3f38fe0f423d730f5d9c
*** Element info: {Using=xpath, value=//div[@id="company"]/div/div/div/div/div/div[1]}
	at jdk.internal.reflect.GeneratedConstructorAccessor14.newInstance(Unknown Source)
	at java.base/jdk.internal.reflect.DelegatingConstructorAccessorImpl.newInstance(DelegatingConstructorAccessorImpl.java:45)
	at java.base/java.lang.reflect.Constructor.newInstanceWithCaller(Constructor.java:500)
	at java.base/java.lang.reflect.Constructor.newInstance(Constructor.java:481)
	at org.openqa.selenium.remote.http.W3CHttpResponseCodec.createException(W3CHttpResponseCodec.java:187)
	at org.openqa.selenium.remote.http.W3CHttpResponseCodec.decode(W3CHttpResponseCodec.java:122)
	at org.openqa.selenium.remote.http.W3CHttpResponseCodec.decode(W3CHttpResponseCodec.java:49)
	at org.openqa.selenium.remote.HttpCommandExecutor.execute(HttpCommandExecutor.java:158)
	at org.openqa.selenium.remote.service.DriverCommandExecutor.execute(DriverCommandExecutor.java:83)
	at org.openqa.selenium.remote.RemoteWebDriver.execute(RemoteWebDriver.java:552)
	at org.openqa.selenium.remote.RemoteWebDriver.findElement(RemoteWebDriver.java:323)
	at org.openqa.selenium.remote.RemoteWebDriver.findElementByXPath(RemoteWebDriver.java:428)
	at org.openqa.selenium.By$ByXPath.findElement(By.java:353)
	at org.openqa.selenium.remote.RemoteWebDriver.findElement(RemoteWebDriver.java:315)
	at org.openqa.selenium.support.pagefactory.DefaultElementLocator.findElement(DefaultElementLocator.java:69)
	at org.openqa.selenium.support.pagefactory.internal.LocatingElementHandler.invoke(LocatingElementHandler.java:38)
	at com.sun.proxy.$Proxy10.getAttribute(Unknown Source)
	at com.sap.timp.pageObjectModel.MDR.ParametrosContabilizacao.MapeamentoContabilCorrecao.MapeamentoContabilCorrecaoVisualizarPO.visualizar(MapeamentoContabilCorrecaoVisualizarPO.java:108)
	at com.timp.test.MDR.ParametrosContabilizacao.MapeamentoContabilCorrecao.MapeamentoContabilCorrecaoVisualizar.visualizar(MapeamentoContabilCorrecaoVisualizar.java:55)
	at com.timp.test.MDR.Automacoes.AutomacoesMDR2.mapeamentoContabilCorrecaoVisualizar(AutomacoesMDR2.java:1268)
	at java.base/jdk.internal.reflect.NativeMethodAccessorImpl.invoke0(Native Method)
	at java.base/jdk.internal.reflect.NativeMethodAccessorImpl.invoke(NativeMethodAccessorImpl.java:62)
	at java.base/jdk.internal.reflect.DelegatingMethodAccessorImpl.invoke(DelegatingMethodAccessorImpl.java:43)
	at java.base/java.lang.reflect.Method.invoke(Method.java:564)
	at org.testng.internal.MethodInvocationHelper.invokeMethod(MethodInvocationHelper.java:80)
	at org.testng.internal.Invoker.invokeMethod(Invoker.java:714)
	at org.testng.internal.Invoker.invokeTestMethod(Invoker.java:901)
	at org.testng.internal.Invoker.invokeTestMethods(Invoker.java:1231)
	at org.testng.internal.TestMethodWorker.invokeTestMethods(TestMethodWorker.java:127)
	at org.testng.internal.TestMethodWorker.run(TestMethodWorker.java:111)
	at org.testng.TestRunner.privateRun(TestRunner.java:767)
	at org.testng.TestRunner.run(TestRunner.java:617)
	at org.testng.SuiteRunner.runTest(SuiteRunner.java:334)
	at org.testng.SuiteRunner.runSequentially(SuiteRunner.java:329)
	at org.testng.SuiteRunner.privateRun(SuiteRunner.java:291)
	at org.testng.SuiteRunner.run(SuiteRunner.java:240)
	at org.testng.SuiteRunnerWorker.runSuite(SuiteRunnerWorker.java:52)
	at org.testng.SuiteRunnerWorker.run(SuiteRunnerWorker.java:86)
	at org.testng.TestNG.runSuitesSequentially(TestNG.java:1198)
	at org.testng.TestNG.runSuitesLocally(TestNG.java:1123)
	at org.testng.TestNG.run(TestNG.java:1031)
	at org.testng.remote.AbstractRemoteTestNG.run(AbstractRemoteTestNG.java:115)
	at org.testng.remote.RemoteTestNG.initAndRun(RemoteTestNG.java:251)
	at org.testng.remote.RemoteTestNG.main(RemoteTestNG.java:77)
]]>
    </failure>
  </testcase> <!-- mapeamentoContabilCorrecaoVisualizar -->
  <testcase classname="com.timp.test.MDR.Automacoes.AutomacoesMDR2" name="mapeamentoContabilCorrecaoExcluir" time="115.820"/>
  <testcase classname="com.timp.test.MDR.Automacoes.AutomacoesMDR2" name="filiaisEditar" time="139.646"/>
  <testcase classname="com.timp.test.MDR.Automacoes.AutomacoesMDR2" name="empresaFiltros" time="67.323">
    <error message="The results in the filter aren&#039;t equal expected [true] but found [false]" type="java.lang.AssertionError">
      <![CDATA[java.lang.AssertionError: The results in the filter aren't equal expected [true] but found [false]
	at org.testng.Assert.fail(Assert.java:94)
	at org.testng.Assert.failNotEquals(Assert.java:494)
	at org.testng.Assert.assertTrue(Assert.java:42)
	at com.timp.test.MDR.Empresas.EmpresasFiltros.filtros(EmpresasFiltros.java:54)
	at com.timp.test.MDR.Automacoes.AutomacoesMDR2.empresaFiltros(AutomacoesMDR2.java:527)
	at java.base/jdk.internal.reflect.NativeMethodAccessorImpl.invoke0(Native Method)
	at java.base/jdk.internal.reflect.NativeMethodAccessorImpl.invoke(NativeMethodAccessorImpl.java:62)
	at java.base/jdk.internal.reflect.DelegatingMethodAccessorImpl.invoke(DelegatingMethodAccessorImpl.java:43)
	at java.base/java.lang.reflect.Method.invoke(Method.java:564)
	at org.testng.internal.MethodInvocationHelper.invokeMethod(MethodInvocationHelper.java:80)
	at org.testng.internal.Invoker.invokeMethod(Invoker.java:714)
	at org.testng.internal.Invoker.invokeTestMethod(Invoker.java:901)
	at org.testng.internal.Invoker.invokeTestMethods(Invoker.java:1231)
	at org.testng.internal.TestMethodWorker.invokeTestMethods(TestMethodWorker.java:127)
	at org.testng.internal.TestMethodWorker.run(TestMethodWorker.java:111)
	at org.testng.TestRunner.privateRun(TestRunner.java:767)
	at org.testng.TestRunner.run(TestRunner.java:617)
	at org.testng.SuiteRunner.runTest(SuiteRunner.java:334)
	at org.testng.SuiteRunner.runSequentially(SuiteRunner.java:329)
	at org.testng.SuiteRunner.privateRun(SuiteRunner.java:291)
	at org.testng.SuiteRunner.run(SuiteRunner.java:240)
	at org.testng.SuiteRunnerWorker.runSuite(SuiteRunnerWorker.java:52)
	at org.testng.SuiteRunnerWorker.run(SuiteRunnerWorker.java:86)
	at org.testng.TestNG.runSuitesSequentially(TestNG.java:1198)
	at org.testng.TestNG.runSuitesLocally(TestNG.java:1123)
	at org.testng.TestNG.run(TestNG.java:1031)
	at org.testng.remote.AbstractRemoteTestNG.run(AbstractRemoteTestNG.java:115)
	at org.testng.remote.RemoteTestNG.initAndRun(RemoteTestNG.java:251)
	at org.testng.remote.RemoteTestNG.main(RemoteTestNG.java:77)
]]>
    </error>
  </testcase> <!-- empresaFiltros -->
  <testcase classname="com.timp.test.MDR.Automacoes.AutomacoesMDR2" name="representanteLegaisEditar" time="120.305"/>
  <testcase classname="com.timp.test.MDR.Automacoes.AutomacoesMDR2" name="contasDefaultParaExtemporaneoVisualizar" time="71.853">
    <failure message="chrome not reachable
Build info: version: &#039;3.141.59&#039;, revision: &#039;e82be7d358&#039;, time: &#039;2018-11-14T08:17:03&#039;
System info: host: &#039;DESKTOP-BNBDMGT&#039;, ip: &#039;192.168.1.37&#039;, os.name: &#039;Windows 10&#039;, os.arch: &#039;amd64&#039;, os.version: &#039;10.0&#039;, java.version: &#039;14.0.1&#039;
Driver info: driver.version: ChromeDriver
remote stacktrace: Backtrace:
	Ordinal0 [0x008B9563+2725219]
	Ordinal0 [0x007B8551+1672529]
	Ordinal0 [0x006A0202+524802]
	Ordinal0 [0x006998EA+497898]
	Ordinal0 [0x0063071A+67354]
	Ordinal0 [0x0062D32C+54060]
	Ordinal0 [0x0064CC37+183351]
	Ordinal0 [0x0064CA3D+182845]
	Ordinal0 [0x0064A94B+174411]
	Ordinal0 [0x00632528+75048]
	Ordinal0 [0x006335A0+79264]
	Ordinal0 [0x00633539+79161]
	Ordinal0 [0x007CD607+1758727]
	GetHandleVerifier [0x009D6546+1050150]
	GetHandleVerifier [0x009D6291+1049457]
	GetHandleVerifier [0x009E10D7+1094071]
	GetHandleVerifier [0x009D6B46+1051686]
	Ordinal0 [0x007C5B06+1727238]
	Ordinal0 [0x007CEB7B+1764219]
	Ordinal0 [0x007CECE3+1764579]
	Ordinal0 [0x007E4C05+1854469]
	BaseThreadInitThunk [0x75396359+25]
	RtlGetAppContainerNamedObjectPath [0x771E8944+228]
	RtlGetAppContainerNamedObjectPath [0x771E8914+180]
" type="org.openqa.selenium.WebDriverException">
      <![CDATA[org.openqa.selenium.WebDriverException: chrome not reachable
Build info: version: '3.141.59', revision: 'e82be7d358', time: '2018-11-14T08:17:03'
System info: host: 'DESKTOP-BNBDMGT', ip: '192.168.1.37', os.name: 'Windows 10', os.arch: 'amd64', os.version: '10.0', java.version: '14.0.1'
Driver info: driver.version: ChromeDriver
remote stacktrace: Backtrace:
	Ordinal0 [0x008B9563+2725219]
	Ordinal0 [0x007B8551+1672529]
	Ordinal0 [0x006A0202+524802]
	Ordinal0 [0x006998EA+497898]
	Ordinal0 [0x0063071A+67354]
	Ordinal0 [0x0062D32C+54060]
	Ordinal0 [0x0064CC37+183351]
	Ordinal0 [0x0064CA3D+182845]
	Ordinal0 [0x0064A94B+174411]
	Ordinal0 [0x00632528+75048]
	Ordinal0 [0x006335A0+79264]
	Ordinal0 [0x00633539+79161]
	Ordinal0 [0x007CD607+1758727]
	GetHandleVerifier [0x009D6546+1050150]
	GetHandleVerifier [0x009D6291+1049457]
	GetHandleVerifier [0x009E10D7+1094071]
	GetHandleVerifier [0x009D6B46+1051686]
	Ordinal0 [0x007C5B06+1727238]
	Ordinal0 [0x007CEB7B+1764219]
	Ordinal0 [0x007CECE3+1764579]
	Ordinal0 [0x007E4C05+1854469]
	BaseThreadInitThunk [0x75396359+25]
	RtlGetAppContainerNamedObjectPath [0x771E8944+228]
	RtlGetAppContainerNamedObjectPath [0x771E8914+180]

	at java.base/jdk.internal.reflect.NativeConstructorAccessorImpl.newInstance0(Native Method)
	at java.base/jdk.internal.reflect.NativeConstructorAccessorImpl.newInstance(NativeConstructorAccessorImpl.java:62)
	at java.base/jdk.internal.reflect.DelegatingConstructorAccessorImpl.newInstance(DelegatingConstructorAccessorImpl.java:45)
	at java.base/java.lang.reflect.Constructor.newInstanceWithCaller(Constructor.java:500)
	at java.base/java.lang.reflect.Constructor.newInstance(Constructor.java:481)
	at org.openqa.selenium.remote.W3CHandshakeResponse.lambda$errorHandler$0(W3CHandshakeResponse.java:62)
	at org.openqa.selenium.remote.HandshakeResponse.lambda$getResponseFunction$0(HandshakeResponse.java:30)
	at org.openqa.selenium.remote.ProtocolHandshake.lambda$createSession$0(ProtocolHandshake.java:126)
	at java.base/java.util.stream.ReferencePipeline$3$1.accept(ReferencePipeline.java:195)
	at java.base/java.util.Spliterators$ArraySpliterator.tryAdvance(Spliterators.java:958)
	at java.base/java.util.stream.ReferencePipeline.forEachWithCancel(ReferencePipeline.java:127)
	at java.base/java.util.stream.AbstractPipeline.copyIntoWithCancel(AbstractPipeline.java:502)
	at java.base/java.util.stream.AbstractPipeline.copyInto(AbstractPipeline.java:488)
	at java.base/java.util.stream.AbstractPipeline.wrapAndCopyInto(AbstractPipeline.java:474)
	at java.base/java.util.stream.FindOps$FindOp.evaluateSequential(FindOps.java:150)
	at java.base/java.util.stream.AbstractPipeline.evaluate(AbstractPipeline.java:234)
	at java.base/java.util.stream.ReferencePipeline.findFirst(ReferencePipeline.java:543)
	at org.openqa.selenium.remote.ProtocolHandshake.createSession(ProtocolHandshake.java:128)
	at org.openqa.selenium.remote.ProtocolHandshake.createSession(ProtocolHandshake.java:74)
	at org.openqa.selenium.remote.HttpCommandExecutor.execute(HttpCommandExecutor.java:136)
	at org.openqa.selenium.remote.service.DriverCommandExecutor.execute(DriverCommandExecutor.java:83)
	at org.openqa.selenium.remote.RemoteWebDriver.execute(RemoteWebDriver.java:552)
	at org.openqa.selenium.remote.RemoteWebDriver.startSession(RemoteWebDriver.java:213)
	at org.openqa.selenium.remote.RemoteWebDriver.<init>(RemoteWebDriver.java:131)
	at org.openqa.selenium.chrome.ChromeDriver.<init>(ChromeDriver.java:181)
	at org.openqa.selenium.chrome.ChromeDriver.<init>(ChromeDriver.java:168)
	at org.openqa.selenium.chrome.ChromeDriver.<init>(ChromeDriver.java:157)
	at com.sap.timp.base.TestBaseEliel.initializationE(TestBaseEliel.java:33)
	at com.timp.test.MDR.ParametrosContabilizacao.ContasDefaultParaExtemporaneo.ContasDefaultParaExtemporaneoVisualizar.beforeClass(ContasDefaultParaExtemporaneoVisualizar.java:23)
	at com.timp.test.MDR.Automacoes.AutomacoesMDR2.contasDefaultParaExtemporaneoVisualizar(AutomacoesMDR2.java:1072)
	at java.base/jdk.internal.reflect.NativeMethodAccessorImpl.invoke0(Native Method)
	at java.base/jdk.internal.reflect.NativeMethodAccessorImpl.invoke(NativeMethodAccessorImpl.java:62)
	at java.base/jdk.internal.reflect.DelegatingMethodAccessorImpl.invoke(DelegatingMethodAccessorImpl.java:43)
	at java.base/java.lang.reflect.Method.invoke(Method.java:564)
	at org.testng.internal.MethodInvocationHelper.invokeMethod(MethodInvocationHelper.java:80)
	at org.testng.internal.Invoker.invokeMethod(Invoker.java:714)
	at org.testng.internal.Invoker.invokeTestMethod(Invoker.java:901)
	at org.testng.internal.Invoker.invokeTestMethods(Invoker.java:1231)
	at org.testng.internal.TestMethodWorker.invokeTestMethods(TestMethodWorker.java:127)
	at org.testng.internal.TestMethodWorker.run(TestMethodWorker.java:111)
	at org.testng.TestRunner.privateRun(TestRunner.java:767)
	at org.testng.TestRunner.run(TestRunner.java:617)
	at org.testng.SuiteRunner.runTest(SuiteRunner.java:334)
	at org.testng.SuiteRunner.runSequentially(SuiteRunner.java:329)
	at org.testng.SuiteRunner.privateRun(SuiteRunner.java:291)
	at org.testng.SuiteRunner.run(SuiteRunner.java:240)
	at org.testng.SuiteRunnerWorker.runSuite(SuiteRunnerWorker.java:52)
	at org.testng.SuiteRunnerWorker.run(SuiteRunnerWorker.java:86)
	at org.testng.TestNG.runSuitesSequentially(TestNG.java:1198)
	at org.testng.TestNG.runSuitesLocally(TestNG.java:1123)
	at org.testng.TestNG.run(TestNG.java:1031)
	at org.testng.remote.AbstractRemoteTestNG.run(AbstractRemoteTestNG.java:115)
	at org.testng.remote.RemoteTestNG.initAndRun(RemoteTestNG.java:251)
	at org.testng.remote.RemoteTestNG.main(RemoteTestNG.java:77)
]]>
    </failure>
  </testcase> <!-- contasDefaultParaExtemporaneoVisualizar -->
  <testcase classname="com.timp.test.MDR.Automacoes.AutomacoesMDR2" name="ajusteEInformaçoesDeValoresCriar" time="135.935"/>
  <testcase classname="com.timp.test.MDR.Automacoes.AutomacoesMDR2" name="DeterminacaoDeTipoDeCondicaoExcluirMassa" time="449.172"/>
  <testcase classname="com.timp.test.MDR.Automacoes.AutomacoesMDR2" name="sequenciaCriar" time="126.294"/>
  <testcase classname="com.timp.test.MDR.Automacoes.AutomacoesMDR2" name="contasDefaultParaExtemporaneoDetalhes" time="302.029">
    <failure message="no such element: Unable to locate element: {&quot;method&quot;:&quot;xpath&quot;,&quot;selector&quot;:&quot;//div[text()=&quot;MDR&quot;]&quot;}
  (Session info: chrome=83.0.4103.106)
For documentation on this error, please visit: https://www.seleniumhq.org/exceptions/no_such_element.html
Build info: version: &#039;3.141.59&#039;, revision: &#039;e82be7d358&#039;, time: &#039;2018-11-14T08:17:03&#039;
System info: host: &#039;DESKTOP-BNBDMGT&#039;, ip: &#039;192.168.1.37&#039;, os.name: &#039;Windows 10&#039;, os.arch: &#039;amd64&#039;, os.version: &#039;10.0&#039;, java.version: &#039;14.0.1&#039;
Driver info: org.openqa.selenium.chrome.ChromeDriver
Capabilities {acceptInsecureCerts: false, browserName: chrome, browserVersion: 83.0.4103.106, chrome: {chromedriverVersion: 83.0.4103.39 (ccbf011cb2d2b..., userDataDir: C:\Users\ymass\AppData\Loca...}, goog:chromeOptions: {debuggerAddress: localhost:53087}, javascriptEnabled: true, networkConnectionEnabled: false, pageLoadStrategy: normal, platform: WINDOWS, platformName: WINDOWS, proxy: Proxy(), setWindowRect: true, strictFileInteractability: false, timeouts: {implicit: 0, pageLoad: 300000, script: 30000}, unhandledPromptBehavior: dismiss and notify, webauthn:virtualAuthenticators: true}
Session ID: a9fe3091c49edfc2d2795b5d19c96437
*** Element info: {Using=xpath, value=//div[text()=&quot;MDR&quot;]}" type="org.openqa.selenium.NoSuchElementException">
      <![CDATA[org.openqa.selenium.NoSuchElementException: no such element: Unable to locate element: {"method":"xpath","selector":"//div[text()="MDR"]"}
  (Session info: chrome=83.0.4103.106)
For documentation on this error, please visit: https://www.seleniumhq.org/exceptions/no_such_element.html
Build info: version: '3.141.59', revision: 'e82be7d358', time: '2018-11-14T08:17:03'
System info: host: 'DESKTOP-BNBDMGT', ip: '192.168.1.37', os.name: 'Windows 10', os.arch: 'amd64', os.version: '10.0', java.version: '14.0.1'
Driver info: org.openqa.selenium.chrome.ChromeDriver
Capabilities {acceptInsecureCerts: false, browserName: chrome, browserVersion: 83.0.4103.106, chrome: {chromedriverVersion: 83.0.4103.39 (ccbf011cb2d2b..., userDataDir: C:\Users\ymass\AppData\Loca...}, goog:chromeOptions: {debuggerAddress: localhost:53087}, javascriptEnabled: true, networkConnectionEnabled: false, pageLoadStrategy: normal, platform: WINDOWS, platformName: WINDOWS, proxy: Proxy(), setWindowRect: true, strictFileInteractability: false, timeouts: {implicit: 0, pageLoad: 300000, script: 30000}, unhandledPromptBehavior: dismiss and notify, webauthn:virtualAuthenticators: true}
Session ID: a9fe3091c49edfc2d2795b5d19c96437
*** Element info: {Using=xpath, value=//div[text()="MDR"]}
	at jdk.internal.reflect.GeneratedConstructorAccessor14.newInstance(Unknown Source)
	at java.base/jdk.internal.reflect.DelegatingConstructorAccessorImpl.newInstance(DelegatingConstructorAccessorImpl.java:45)
	at java.base/java.lang.reflect.Constructor.newInstanceWithCaller(Constructor.java:500)
	at java.base/java.lang.reflect.Constructor.newInstance(Constructor.java:481)
	at org.openqa.selenium.remote.http.W3CHttpResponseCodec.createException(W3CHttpResponseCodec.java:187)
	at org.openqa.selenium.remote.http.W3CHttpResponseCodec.decode(W3CHttpResponseCodec.java:122)
	at org.openqa.selenium.remote.http.W3CHttpResponseCodec.decode(W3CHttpResponseCodec.java:49)
	at org.openqa.selenium.remote.HttpCommandExecutor.execute(HttpCommandExecutor.java:158)
	at org.openqa.selenium.remote.service.DriverCommandExecutor.execute(DriverCommandExecutor.java:83)
	at org.openqa.selenium.remote.RemoteWebDriver.execute(RemoteWebDriver.java:552)
	at org.openqa.selenium.remote.RemoteWebDriver.findElement(RemoteWebDriver.java:323)
	at org.openqa.selenium.remote.RemoteWebDriver.findElementByXPath(RemoteWebDriver.java:428)
	at org.openqa.selenium.By$ByXPath.findElement(By.java:353)
	at org.openqa.selenium.remote.RemoteWebDriver.findElement(RemoteWebDriver.java:315)
	at org.openqa.selenium.support.pagefactory.DefaultElementLocator.findElement(DefaultElementLocator.java:69)
	at org.openqa.selenium.support.pagefactory.internal.LocatingElementHandler.invoke(LocatingElementHandler.java:38)
	at com.sun.proxy.$Proxy10.isDisplayed(Unknown Source)
	at com.sap.timp.pageObjectModel.MDR.AcessarMDRPO.acessarMDR(AcessarMDRPO.java:38)
	at com.timp.test.MDR.ParametrosContabilizacao.ContasDefaultParaExtemporaneo.ContasDefaultParaExtemporaneoDetalhes.acessarMDR(ContasDefaultParaExtemporaneoDetalhes.java:43)
	at com.timp.test.MDR.Automacoes.AutomacoesMDR2.contasDefaultParaExtemporaneoDetalhes(AutomacoesMDR2.java:1086)
	at java.base/jdk.internal.reflect.NativeMethodAccessorImpl.invoke0(Native Method)
	at java.base/jdk.internal.reflect.NativeMethodAccessorImpl.invoke(NativeMethodAccessorImpl.java:62)
	at java.base/jdk.internal.reflect.DelegatingMethodAccessorImpl.invoke(DelegatingMethodAccessorImpl.java:43)
	at java.base/java.lang.reflect.Method.invoke(Method.java:564)
	at org.testng.internal.MethodInvocationHelper.invokeMethod(MethodInvocationHelper.java:80)
	at org.testng.internal.Invoker.invokeMethod(Invoker.java:714)
	at org.testng.internal.Invoker.invokeTestMethod(Invoker.java:901)
	at org.testng.internal.Invoker.invokeTestMethods(Invoker.java:1231)
	at org.testng.internal.TestMethodWorker.invokeTestMethods(TestMethodWorker.java:127)
	at org.testng.internal.TestMethodWorker.run(TestMethodWorker.java:111)
	at org.testng.TestRunner.privateRun(TestRunner.java:767)
	at org.testng.TestRunner.run(TestRunner.java:617)
	at org.testng.SuiteRunner.runTest(SuiteRunner.java:334)
	at org.testng.SuiteRunner.runSequentially(SuiteRunner.java:329)
	at org.testng.SuiteRunner.privateRun(SuiteRunner.java:291)
	at org.testng.SuiteRunner.run(SuiteRunner.java:240)
	at org.testng.SuiteRunnerWorker.runSuite(SuiteRunnerWorker.java:52)
	at org.testng.SuiteRunnerWorker.run(SuiteRunnerWorker.java:86)
	at org.testng.TestNG.runSuitesSequentially(TestNG.java:1198)
	at org.testng.TestNG.runSuitesLocally(TestNG.java:1123)
	at org.testng.TestNG.run(TestNG.java:1031)
	at org.testng.remote.AbstractRemoteTestNG.run(AbstractRemoteTestNG.java:115)
	at org.testng.remote.RemoteTestNG.initAndRun(RemoteTestNG.java:251)
	at org.testng.remote.RemoteTestNG.main(RemoteTestNG.java:77)
]]>
    </failure>
  </testcase> <!-- contasDefaultParaExtemporaneoDetalhes -->
  <testcase classname="com.timp.test.MDR.Automacoes.AutomacoesMDR2" name="saldoInicialDiferidoCriar" time="76.123">
    <failure message="no such element: Unable to locate element: {&quot;method&quot;:&quot;xpath&quot;,&quot;selector&quot;:&quot;//span[text()=&quot;Saldo Inicial Diferido&quot;]&quot;}
  (Session info: chrome=83.0.4103.106)
For documentation on this error, please visit: https://www.seleniumhq.org/exceptions/no_such_element.html
Build info: version: &#039;3.141.59&#039;, revision: &#039;e82be7d358&#039;, time: &#039;2018-11-14T08:17:03&#039;
System info: host: &#039;DESKTOP-BNBDMGT&#039;, ip: &#039;192.168.1.37&#039;, os.name: &#039;Windows 10&#039;, os.arch: &#039;amd64&#039;, os.version: &#039;10.0&#039;, java.version: &#039;14.0.1&#039;
Driver info: org.openqa.selenium.chrome.ChromeDriver
Capabilities {acceptInsecureCerts: false, browserName: chrome, browserVersion: 83.0.4103.106, chrome: {chromedriverVersion: 83.0.4103.39 (ccbf011cb2d2b..., userDataDir: C:\Users\ymass\AppData\Loca...}, goog:chromeOptions: {debuggerAddress: localhost:55314}, javascriptEnabled: true, networkConnectionEnabled: false, pageLoadStrategy: normal, platform: WINDOWS, platformName: WINDOWS, proxy: Proxy(), setWindowRect: true, strictFileInteractability: false, timeouts: {implicit: 0, pageLoad: 300000, script: 30000}, unhandledPromptBehavior: dismiss and notify, webauthn:virtualAuthenticators: true}
Session ID: ad3b9f6f6b260504c0918e03c3b6e427
*** Element info: {Using=xpath, value=//span[text()=&quot;Saldo Inicial Diferido&quot;]}" type="org.openqa.selenium.NoSuchElementException">
      <![CDATA[org.openqa.selenium.NoSuchElementException: no such element: Unable to locate element: {"method":"xpath","selector":"//span[text()="Saldo Inicial Diferido"]"}
  (Session info: chrome=83.0.4103.106)
For documentation on this error, please visit: https://www.seleniumhq.org/exceptions/no_such_element.html
Build info: version: '3.141.59', revision: 'e82be7d358', time: '2018-11-14T08:17:03'
System info: host: 'DESKTOP-BNBDMGT', ip: '192.168.1.37', os.name: 'Windows 10', os.arch: 'amd64', os.version: '10.0', java.version: '14.0.1'
Driver info: org.openqa.selenium.chrome.ChromeDriver
Capabilities {acceptInsecureCerts: false, browserName: chrome, browserVersion: 83.0.4103.106, chrome: {chromedriverVersion: 83.0.4103.39 (ccbf011cb2d2b..., userDataDir: C:\Users\ymass\AppData\Loca...}, goog:chromeOptions: {debuggerAddress: localhost:55314}, javascriptEnabled: true, networkConnectionEnabled: false, pageLoadStrategy: normal, platform: WINDOWS, platformName: WINDOWS, proxy: Proxy(), setWindowRect: true, strictFileInteractability: false, timeouts: {implicit: 0, pageLoad: 300000, script: 30000}, unhandledPromptBehavior: dismiss and notify, webauthn:virtualAuthenticators: true}
Session ID: ad3b9f6f6b260504c0918e03c3b6e427
*** Element info: {Using=xpath, value=//span[text()="Saldo Inicial Diferido"]}
	at jdk.internal.reflect.GeneratedConstructorAccessor14.newInstance(Unknown Source)
	at java.base/jdk.internal.reflect.DelegatingConstructorAccessorImpl.newInstance(DelegatingConstructorAccessorImpl.java:45)
	at java.base/java.lang.reflect.Constructor.newInstanceWithCaller(Constructor.java:500)
	at java.base/java.lang.reflect.Constructor.newInstance(Constructor.java:481)
	at org.openqa.selenium.remote.http.W3CHttpResponseCodec.createException(W3CHttpResponseCodec.java:187)
	at org.openqa.selenium.remote.http.W3CHttpResponseCodec.decode(W3CHttpResponseCodec.java:122)
	at org.openqa.selenium.remote.http.W3CHttpResponseCodec.decode(W3CHttpResponseCodec.java:49)
	at org.openqa.selenium.remote.HttpCommandExecutor.execute(HttpCommandExecutor.java:158)
	at org.openqa.selenium.remote.service.DriverCommandExecutor.execute(DriverCommandExecutor.java:83)
	at org.openqa.selenium.remote.RemoteWebDriver.execute(RemoteWebDriver.java:552)
	at org.openqa.selenium.remote.RemoteWebDriver.findElement(RemoteWebDriver.java:323)
	at org.openqa.selenium.remote.RemoteWebDriver.findElementByXPath(RemoteWebDriver.java:428)
	at org.openqa.selenium.By$ByXPath.findElement(By.java:353)
	at org.openqa.selenium.remote.RemoteWebDriver.findElement(RemoteWebDriver.java:315)
	at org.openqa.selenium.support.pagefactory.DefaultElementLocator.findElement(DefaultElementLocator.java:69)
	at org.openqa.selenium.support.pagefactory.internal.LocatingElementHandler.invoke(LocatingElementHandler.java:38)
	at com.sun.proxy.$Proxy10.click(Unknown Source)
	at com.sap.timp.pageObjectModel.MDR.SaldoInicialDiferido.SaldoInicialDiferidoCriarPO.criar(SaldoInicialDiferidoCriarPO.java:85)
	at com.timp.test.MDR.SaldoInicialDiferido.SaldoInicialDiferidoCriar.criar(SaldoInicialDiferidoCriar.java:50)
	at com.timp.test.MDR.Automacoes.AutomacoesMDR2.saldoInicialDiferidoCriar(AutomacoesMDR2.java:1529)
	at java.base/jdk.internal.reflect.NativeMethodAccessorImpl.invoke0(Native Method)
	at java.base/jdk.internal.reflect.NativeMethodAccessorImpl.invoke(NativeMethodAccessorImpl.java:62)
	at java.base/jdk.internal.reflect.DelegatingMethodAccessorImpl.invoke(DelegatingMethodAccessorImpl.java:43)
	at java.base/java.lang.reflect.Method.invoke(Method.java:564)
	at org.testng.internal.MethodInvocationHelper.invokeMethod(MethodInvocationHelper.java:80)
	at org.testng.internal.Invoker.invokeMethod(Invoker.java:714)
	at org.testng.internal.Invoker.invokeTestMethod(Invoker.java:901)
	at org.testng.internal.Invoker.invokeTestMethods(Invoker.java:1231)
	at org.testng.internal.TestMethodWorker.invokeTestMethods(TestMethodWorker.java:127)
	at org.testng.internal.TestMethodWorker.run(TestMethodWorker.java:111)
	at org.testng.TestRunner.privateRun(TestRunner.java:767)
	at org.testng.TestRunner.run(TestRunner.java:617)
	at org.testng.SuiteRunner.runTest(SuiteRunner.java:334)
	at org.testng.SuiteRunner.runSequentially(SuiteRunner.java:329)
	at org.testng.SuiteRunner.privateRun(SuiteRunner.java:291)
	at org.testng.SuiteRunner.run(SuiteRunner.java:240)
	at org.testng.SuiteRunnerWorker.runSuite(SuiteRunnerWorker.java:52)
	at org.testng.SuiteRunnerWorker.run(SuiteRunnerWorker.java:86)
	at org.testng.TestNG.runSuitesSequentially(TestNG.java:1198)
	at org.testng.TestNG.runSuitesLocally(TestNG.java:1123)
	at org.testng.TestNG.run(TestNG.java:1031)
	at org.testng.remote.AbstractRemoteTestNG.run(AbstractRemoteTestNG.java:115)
	at org.testng.remote.RemoteTestNG.initAndRun(RemoteTestNG.java:251)
	at org.testng.remote.RemoteTestNG.main(RemoteTestNG.java:77)
]]>
    </failure>
  </testcase> <!-- saldoInicialDiferidoCriar -->
  <testcase classname="com.timp.test.MDR.Automacoes.AutomacoesMDR2" name="registroDeExportaçaoExcluirMassa" time="155.757"/>
  <testcase classname="com.timp.test.MDR.Automacoes.AutomacoesMDR2" name="sequenciaVisualizar" time="159.119"/>
  <testcase classname="com.timp.test.MDR.Automacoes.AutomacoesMDR2" name="mapeamentoSubstituicaoContaEstoqueCenariosCorrecoesVisualizar" time="142.779"/>
  <testcase classname="com.timp.test.MDR.Automacoes.AutomacoesMDR2" name="filiaisDetalle" time="95.569">
    <error message="As informações não são as esperadas expected [true] but found [false]" type="java.lang.AssertionError">
      <![CDATA[java.lang.AssertionError: As informações não são as esperadas expected [true] but found [false]
	at org.testng.Assert.fail(Assert.java:94)
	at org.testng.Assert.failNotEquals(Assert.java:494)
	at org.testng.Assert.assertTrue(Assert.java:42)
	at com.timp.test.MDR.Filiais.FiliaisDetalle.detalle(FiliaisDetalle.java:52)
	at com.timp.test.MDR.Automacoes.AutomacoesMDR2.filiaisDetalle(AutomacoesMDR2.java:569)
	at java.base/jdk.internal.reflect.NativeMethodAccessorImpl.invoke0(Native Method)
	at java.base/jdk.internal.reflect.NativeMethodAccessorImpl.invoke(NativeMethodAccessorImpl.java:62)
	at java.base/jdk.internal.reflect.DelegatingMethodAccessorImpl.invoke(DelegatingMethodAccessorImpl.java:43)
	at java.base/java.lang.reflect.Method.invoke(Method.java:564)
	at org.testng.internal.MethodInvocationHelper.invokeMethod(MethodInvocationHelper.java:80)
	at org.testng.internal.Invoker.invokeMethod(Invoker.java:714)
	at org.testng.internal.Invoker.invokeTestMethod(Invoker.java:901)
	at org.testng.internal.Invoker.invokeTestMethods(Invoker.java:1231)
	at org.testng.internal.TestMethodWorker.invokeTestMethods(TestMethodWorker.java:127)
	at org.testng.internal.TestMethodWorker.run(TestMethodWorker.java:111)
	at org.testng.TestRunner.privateRun(TestRunner.java:767)
	at org.testng.TestRunner.run(TestRunner.java:617)
	at org.testng.SuiteRunner.runTest(SuiteRunner.java:334)
	at org.testng.SuiteRunner.runSequentially(SuiteRunner.java:329)
	at org.testng.SuiteRunner.privateRun(SuiteRunner.java:291)
	at org.testng.SuiteRunner.run(SuiteRunner.java:240)
	at org.testng.SuiteRunnerWorker.runSuite(SuiteRunnerWorker.java:52)
	at org.testng.SuiteRunnerWorker.run(SuiteRunnerWorker.java:86)
	at org.testng.TestNG.runSuitesSequentially(TestNG.java:1198)
	at org.testng.TestNG.runSuitesLocally(TestNG.java:1123)
	at org.testng.TestNG.run(TestNG.java:1031)
	at org.testng.remote.AbstractRemoteTestNG.run(AbstractRemoteTestNG.java:115)
	at org.testng.remote.RemoteTestNG.initAndRun(RemoteTestNG.java:251)
	at org.testng.remote.RemoteTestNG.main(RemoteTestNG.java:77)
]]>
    </error>
  </testcase> <!-- filiaisDetalle -->
  <testcase classname="com.timp.test.MDR.Automacoes.AutomacoesMDR2" name="registroDeExportaçaoExcluir" time="107.066"/>
  <testcase classname="com.timp.test.MDR.Automacoes.AutomacoesMDR2" name="tiposDeObjetosDeOcorrenciasFiscaisDetalhes" time="83.510">
    <failure message="no such element: Unable to locate element: {&quot;method&quot;:&quot;xpath&quot;,&quot;selector&quot;:&quot;//span[@id=&quot;accessClassification&quot;]&quot;}
  (Session info: chrome=83.0.4103.106)
For documentation on this error, please visit: https://www.seleniumhq.org/exceptions/no_such_element.html
Build info: version: &#039;3.141.59&#039;, revision: &#039;e82be7d358&#039;, time: &#039;2018-11-14T08:17:03&#039;
System info: host: &#039;DESKTOP-BNBDMGT&#039;, ip: &#039;192.168.1.37&#039;, os.name: &#039;Windows 10&#039;, os.arch: &#039;amd64&#039;, os.version: &#039;10.0&#039;, java.version: &#039;14.0.1&#039;
Driver info: org.openqa.selenium.chrome.ChromeDriver
Capabilities {acceptInsecureCerts: false, browserName: chrome, browserVersion: 83.0.4103.106, chrome: {chromedriverVersion: 83.0.4103.39 (ccbf011cb2d2b..., userDataDir: C:\Users\ymass\AppData\Loca...}, goog:chromeOptions: {debuggerAddress: localhost:52904}, javascriptEnabled: true, networkConnectionEnabled: false, pageLoadStrategy: normal, platform: WINDOWS, platformName: WINDOWS, proxy: Proxy(), setWindowRect: true, strictFileInteractability: false, timeouts: {implicit: 0, pageLoad: 300000, script: 30000}, unhandledPromptBehavior: dismiss and notify, webauthn:virtualAuthenticators: true}
Session ID: 6ed3374992f75e0557a882a95c318299
*** Element info: {Using=xpath, value=//span[@id=&quot;accessClassification&quot;]}" type="org.openqa.selenium.NoSuchElementException">
      <![CDATA[org.openqa.selenium.NoSuchElementException: no such element: Unable to locate element: {"method":"xpath","selector":"//span[@id="accessClassification"]"}
  (Session info: chrome=83.0.4103.106)
For documentation on this error, please visit: https://www.seleniumhq.org/exceptions/no_such_element.html
Build info: version: '3.141.59', revision: 'e82be7d358', time: '2018-11-14T08:17:03'
System info: host: 'DESKTOP-BNBDMGT', ip: '192.168.1.37', os.name: 'Windows 10', os.arch: 'amd64', os.version: '10.0', java.version: '14.0.1'
Driver info: org.openqa.selenium.chrome.ChromeDriver
Capabilities {acceptInsecureCerts: false, browserName: chrome, browserVersion: 83.0.4103.106, chrome: {chromedriverVersion: 83.0.4103.39 (ccbf011cb2d2b..., userDataDir: C:\Users\ymass\AppData\Loca...}, goog:chromeOptions: {debuggerAddress: localhost:52904}, javascriptEnabled: true, networkConnectionEnabled: false, pageLoadStrategy: normal, platform: WINDOWS, platformName: WINDOWS, proxy: Proxy(), setWindowRect: true, strictFileInteractability: false, timeouts: {implicit: 0, pageLoad: 300000, script: 30000}, unhandledPromptBehavior: dismiss and notify, webauthn:virtualAuthenticators: true}
Session ID: 6ed3374992f75e0557a882a95c318299
*** Element info: {Using=xpath, value=//span[@id="accessClassification"]}
	at jdk.internal.reflect.GeneratedConstructorAccessor14.newInstance(Unknown Source)
	at java.base/jdk.internal.reflect.DelegatingConstructorAccessorImpl.newInstance(DelegatingConstructorAccessorImpl.java:45)
	at java.base/java.lang.reflect.Constructor.newInstanceWithCaller(Constructor.java:500)
	at java.base/java.lang.reflect.Constructor.newInstance(Constructor.java:481)
	at org.openqa.selenium.remote.http.W3CHttpResponseCodec.createException(W3CHttpResponseCodec.java:187)
	at org.openqa.selenium.remote.http.W3CHttpResponseCodec.decode(W3CHttpResponseCodec.java:122)
	at org.openqa.selenium.remote.http.W3CHttpResponseCodec.decode(W3CHttpResponseCodec.java:49)
	at org.openqa.selenium.remote.HttpCommandExecutor.execute(HttpCommandExecutor.java:158)
	at org.openqa.selenium.remote.service.DriverCommandExecutor.execute(DriverCommandExecutor.java:83)
	at org.openqa.selenium.remote.RemoteWebDriver.execute(RemoteWebDriver.java:552)
	at org.openqa.selenium.remote.RemoteWebDriver.findElement(RemoteWebDriver.java:323)
	at org.openqa.selenium.remote.RemoteWebDriver.findElementByXPath(RemoteWebDriver.java:428)
	at org.openqa.selenium.By$ByXPath.findElement(By.java:353)
	at org.openqa.selenium.remote.RemoteWebDriver.findElement(RemoteWebDriver.java:315)
	at org.openqa.selenium.support.pagefactory.DefaultElementLocator.findElement(DefaultElementLocator.java:69)
	at org.openqa.selenium.support.pagefactory.internal.LocatingElementHandler.invoke(LocatingElementHandler.java:38)
	at com.sun.proxy.$Proxy10.getText(Unknown Source)
	at com.sap.timp.pageObjectModel.MDR.OcorrenciaFiscal.TiposDeObjetosDeOcorrenciasFiscais.TiposDeObjetosDeOcorrenciasFiscaisDetalhesPO.detalhes(TiposDeObjetosDeOcorrenciasFiscaisDetalhesPO.java:159)
	at com.timp.test.MDR.OcorrenciaFiscal.TiposDeObjetosDeOcorrenciasFiscais.TiposDeObjetosDeOcorrenciasFiscaisDetalhes.Detalhes(TiposDeObjetosDeOcorrenciasFiscaisDetalhes.java:52)
	at com.timp.test.MDR.Automacoes.AutomacoesMDR2.tiposDeObjetosDeOcorrenciasFiscaisDetalhes(AutomacoesMDR2.java:1030)
	at java.base/jdk.internal.reflect.NativeMethodAccessorImpl.invoke0(Native Method)
	at java.base/jdk.internal.reflect.NativeMethodAccessorImpl.invoke(NativeMethodAccessorImpl.java:62)
	at java.base/jdk.internal.reflect.DelegatingMethodAccessorImpl.invoke(DelegatingMethodAccessorImpl.java:43)
	at java.base/java.lang.reflect.Method.invoke(Method.java:564)
	at org.testng.internal.MethodInvocationHelper.invokeMethod(MethodInvocationHelper.java:80)
	at org.testng.internal.Invoker.invokeMethod(Invoker.java:714)
	at org.testng.internal.Invoker.invokeTestMethod(Invoker.java:901)
	at org.testng.internal.Invoker.invokeTestMethods(Invoker.java:1231)
	at org.testng.internal.TestMethodWorker.invokeTestMethods(TestMethodWorker.java:127)
	at org.testng.internal.TestMethodWorker.run(TestMethodWorker.java:111)
	at org.testng.TestRunner.privateRun(TestRunner.java:767)
	at org.testng.TestRunner.run(TestRunner.java:617)
	at org.testng.SuiteRunner.runTest(SuiteRunner.java:334)
	at org.testng.SuiteRunner.runSequentially(SuiteRunner.java:329)
	at org.testng.SuiteRunner.privateRun(SuiteRunner.java:291)
	at org.testng.SuiteRunner.run(SuiteRunner.java:240)
	at org.testng.SuiteRunnerWorker.runSuite(SuiteRunnerWorker.java:52)
	at org.testng.SuiteRunnerWorker.run(SuiteRunnerWorker.java:86)
	at org.testng.TestNG.runSuitesSequentially(TestNG.java:1198)
	at org.testng.TestNG.runSuitesLocally(TestNG.java:1123)
	at org.testng.TestNG.run(TestNG.java:1031)
	at org.testng.remote.AbstractRemoteTestNG.run(AbstractRemoteTestNG.java:115)
	at org.testng.remote.RemoteTestNG.initAndRun(RemoteTestNG.java:251)
	at org.testng.remote.RemoteTestNG.main(RemoteTestNG.java:77)
]]>
    </failure>
  </testcase> <!-- tiposDeObjetosDeOcorrenciasFiscaisDetalhes -->
  <testcase classname="com.timp.test.MDR.Automacoes.AutomacoesMDR2" name="hierarquiaDeCenariosDeCorreçaoFiltroAbansado" time="141.287"/>
  <testcase classname="com.timp.test.MDR.Automacoes.AutomacoesMDR2" name="registroDeExportaçaoEditar" time="516.717">
    <failure message="chrome not reachable
  (Session info: chrome=83.0.4103.106)
Build info: version: &#039;3.141.59&#039;, revision: &#039;e82be7d358&#039;, time: &#039;2018-11-14T08:17:03&#039;
System info: host: &#039;DESKTOP-BNBDMGT&#039;, ip: &#039;192.168.1.37&#039;, os.name: &#039;Windows 10&#039;, os.arch: &#039;amd64&#039;, os.version: &#039;10.0&#039;, java.version: &#039;14.0.1&#039;
Driver info: org.openqa.selenium.chrome.ChromeDriver
Capabilities {acceptInsecureCerts: false, browserName: chrome, browserVersion: 83.0.4103.106, chrome: {chromedriverVersion: 83.0.4103.39 (ccbf011cb2d2b..., userDataDir: C:\Users\ymass\AppData\Loca...}, goog:chromeOptions: {debuggerAddress: localhost:54220}, javascriptEnabled: true, networkConnectionEnabled: false, pageLoadStrategy: normal, platform: WINDOWS, platformName: WINDOWS, proxy: Proxy(), setWindowRect: true, strictFileInteractability: false, timeouts: {implicit: 0, pageLoad: 300000, script: 30000}, unhandledPromptBehavior: dismiss and notify, webauthn:virtualAuthenticators: true}
Session ID: c65c35cc5ff9fbadcf249d25386ca2e0
*** Element info: {Using=xpath, value=//input[@placeholder=&quot;Preencha a(o) Docnum SAP&quot;]}" type="org.openqa.selenium.WebDriverException">
      <![CDATA[org.openqa.selenium.WebDriverException: chrome not reachable
  (Session info: chrome=83.0.4103.106)
Build info: version: '3.141.59', revision: 'e82be7d358', time: '2018-11-14T08:17:03'
System info: host: 'DESKTOP-BNBDMGT', ip: '192.168.1.37', os.name: 'Windows 10', os.arch: 'amd64', os.version: '10.0', java.version: '14.0.1'
Driver info: org.openqa.selenium.chrome.ChromeDriver
Capabilities {acceptInsecureCerts: false, browserName: chrome, browserVersion: 83.0.4103.106, chrome: {chromedriverVersion: 83.0.4103.39 (ccbf011cb2d2b..., userDataDir: C:\Users\ymass\AppData\Loca...}, goog:chromeOptions: {debuggerAddress: localhost:54220}, javascriptEnabled: true, networkConnectionEnabled: false, pageLoadStrategy: normal, platform: WINDOWS, platformName: WINDOWS, proxy: Proxy(), setWindowRect: true, strictFileInteractability: false, timeouts: {implicit: 0, pageLoad: 300000, script: 30000}, unhandledPromptBehavior: dismiss and notify, webauthn:virtualAuthenticators: true}
Session ID: c65c35cc5ff9fbadcf249d25386ca2e0
*** Element info: {Using=xpath, value=//input[@placeholder="Preencha a(o) Docnum SAP"]}
	at java.base/jdk.internal.reflect.NativeConstructorAccessorImpl.newInstance0(Native Method)
	at java.base/jdk.internal.reflect.NativeConstructorAccessorImpl.newInstance(NativeConstructorAccessorImpl.java:62)
	at java.base/jdk.internal.reflect.DelegatingConstructorAccessorImpl.newInstance(DelegatingConstructorAccessorImpl.java:45)
	at java.base/java.lang.reflect.Constructor.newInstanceWithCaller(Constructor.java:500)
	at java.base/java.lang.reflect.Constructor.newInstance(Constructor.java:481)
	at org.openqa.selenium.remote.http.W3CHttpResponseCodec.createException(W3CHttpResponseCodec.java:187)
	at org.openqa.selenium.remote.http.W3CHttpResponseCodec.decode(W3CHttpResponseCodec.java:122)
	at org.openqa.selenium.remote.http.W3CHttpResponseCodec.decode(W3CHttpResponseCodec.java:49)
	at org.openqa.selenium.remote.HttpCommandExecutor.execute(HttpCommandExecutor.java:158)
	at org.openqa.selenium.remote.service.DriverCommandExecutor.execute(DriverCommandExecutor.java:83)
	at org.openqa.selenium.remote.RemoteWebDriver.execute(RemoteWebDriver.java:552)
	at org.openqa.selenium.remote.RemoteWebDriver.findElement(RemoteWebDriver.java:323)
	at org.openqa.selenium.remote.RemoteWebDriver.findElementByXPath(RemoteWebDriver.java:428)
	at org.openqa.selenium.By$ByXPath.findElement(By.java:353)
	at org.openqa.selenium.remote.RemoteWebDriver.findElement(RemoteWebDriver.java:315)
	at org.openqa.selenium.support.pagefactory.DefaultElementLocator.findElement(DefaultElementLocator.java:69)
	at org.openqa.selenium.support.pagefactory.internal.LocatingElementHandler.invoke(LocatingElementHandler.java:38)
	at com.sun.proxy.$Proxy10.getAttribute(Unknown Source)
	at org.openqa.selenium.support.ui.ExpectedConditions.getAttributeOrCssValue(ExpectedConditions.java:1139)
	at org.openqa.selenium.support.ui.ExpectedConditions.lambda$attributeToBeNotEmpty$0(ExpectedConditions.java:1135)
	at org.openqa.selenium.support.ui.FluentWait.until(FluentWait.java:249)
	at com.sap.timp.base.TestBaseSteven.attributoNotToBeEmptyElement(TestBaseSteven.java:359)
	at com.sap.timp.pageObjectModel.MDR.RegistroDeExportaçao.RegistroDeExportaçaoEditarPO.editar(RegistroDeExportaçaoEditarPO.java:101)
	at com.timp.test.MDR.RegistroDeExportaçao.RegistroDeExportaçaoEditar.editar(RegistroDeExportaçaoEditar.java:56)
	at com.timp.test.MDR.Automacoes.AutomacoesMDR2.registroDeExportaçaoEditar(AutomacoesMDR2.java:1396)
	at java.base/jdk.internal.reflect.NativeMethodAccessorImpl.invoke0(Native Method)
	at java.base/jdk.internal.reflect.NativeMethodAccessorImpl.invoke(NativeMethodAccessorImpl.java:62)
	at java.base/jdk.internal.reflect.DelegatingMethodAccessorImpl.invoke(DelegatingMethodAccessorImpl.java:43)
	at java.base/java.lang.reflect.Method.invoke(Method.java:564)
	at org.testng.internal.MethodInvocationHelper.invokeMethod(MethodInvocationHelper.java:80)
	at org.testng.internal.Invoker.invokeMethod(Invoker.java:714)
	at org.testng.internal.Invoker.invokeTestMethod(Invoker.java:901)
	at org.testng.internal.Invoker.invokeTestMethods(Invoker.java:1231)
	at org.testng.internal.TestMethodWorker.invokeTestMethods(TestMethodWorker.java:127)
	at org.testng.internal.TestMethodWorker.run(TestMethodWorker.java:111)
	at org.testng.TestRunner.privateRun(TestRunner.java:767)
	at org.testng.TestRunner.run(TestRunner.java:617)
	at org.testng.SuiteRunner.runTest(SuiteRunner.java:334)
	at org.testng.SuiteRunner.runSequentially(SuiteRunner.java:329)
	at org.testng.SuiteRunner.privateRun(SuiteRunner.java:291)
	at org.testng.SuiteRunner.run(SuiteRunner.java:240)
	at org.testng.SuiteRunnerWorker.runSuite(SuiteRunnerWorker.java:52)
	at org.testng.SuiteRunnerWorker.run(SuiteRunnerWorker.java:86)
	at org.testng.TestNG.runSuitesSequentially(TestNG.java:1198)
	at org.testng.TestNG.runSuitesLocally(TestNG.java:1123)
	at org.testng.TestNG.run(TestNG.java:1031)
	at org.testng.remote.AbstractRemoteTestNG.run(AbstractRemoteTestNG.java:115)
	at org.testng.remote.RemoteTestNG.initAndRun(RemoteTestNG.java:251)
	at org.testng.remote.RemoteTestNG.main(RemoteTestNG.java:77)
]]>
    </failure>
  </testcase> <!-- registroDeExportaçaoEditar -->
  <testcase classname="com.timp.test.MDR.Automacoes.AutomacoesMDR2" name="motivosCesBeneficiosCriar" time="109.991"/>
  <testcase classname="com.timp.test.MDR.Automacoes.AutomacoesMDR2" name="parametrosParaLivroICMSSTVisualizar" time="163.261"/>
  <testcase classname="com.timp.test.MDR.Automacoes.AutomacoesMDR2" name="determinacaoDeTipoDeCondicaoCriarCriar" time="298.420"/>
  <testcase classname="com.timp.test.MDR.Automacoes.AutomacoesMDR2" name="contasDefaultPorTributoDetalhes" time="105.354"/>
  <testcase classname="com.timp.test.MDR.Automacoes.AutomacoesMDR2" name="mapeamentoSubstituicaoContaEstoqueCenariosCorrecoesCriar" time="139.042"/>
  <testcase classname="com.timp.test.MDR.Automacoes.AutomacoesMDR2" name="parametrosParaLivroICMSSTFiltrosAvan" time="223.877"/>
  <testcase classname="com.timp.test.MDR.Automacoes.AutomacoesMDR2" name="contasDefaultParaExtemporaneoCriar" time="164.395"/>
  <testcase classname="com.timp.test.MDR.Automacoes.AutomacoesMDR2" name="livrosFiscaisExcluir" time="152.174"/>
  <testcase classname="com.timp.test.MDR.Automacoes.AutomacoesMDR2" name="determinacaoDeTipoDeCondicaoCriarEditar" time="142.621"/>
  <testcase classname="com.timp.test.MDR.Automacoes.AutomacoesMDR2" name="hierarquiaDeCenariosDeCorreçaoDetalhes" time="88.615"/>
  <testcase classname="com.timp.test.MDR.Automacoes.AutomacoesMDR2" name="mapeamentoContabilExcluir" time="94.197"/>
  <testcase classname="com.timp.test.MDR.Automacoes.AutomacoesMDR2" name="representanteLegaisCriar" time="147.129"/>
</testsuite> <!-- com.timp.test.MDR.Automacoes.AutomacoesMDR2 -->
