<?xml version="1.0" encoding="UTF-8"?>
<!-- Generated by org.testng.reporters.JUnitReportReporter -->
<testsuite hostname="DESKTOP-JP1A9E6" failures="0" tests="1" name="com.timp.test.MDR.SCANC.SCANCDistribuidoras.SCANCDistribuidorasVisualizar" time="80.471" errors="0" timestamp="20 jul. 2021 07:47:09 GMT" skipped="0">
  <testcase classname="com.timp.test.MDR.SCANC.SCANCDistribuidoras.SCANCDistribuidorasVisualizar" name="visualizar" time="80.471"/>
</testsuite> <!-- com.timp.test.MDR.SCANC.SCANCDistribuidoras.SCANCDistribuidorasVisualizar -->
