<?xml version="1.0" encoding="UTF-8"?>
<!-- Generated by org.testng.reporters.JUnitReportReporter -->
<testsuite hostname="DESKTOP-C57COV6" failures="0" tests="1" name="com.timp.test.TFP.Configurações.Bloqueios.Periodo.PeriodoFiltroId" time="81.103" errors="0" timestamp="25 jul. 2021 00:43:39 GMT" skipped="0">
  <testcase classname="com.timp.test.TFP.Configurações.Bloqueios.Periodo.PeriodoFiltroId" name="Filtro" time="81.103"/>
</testsuite> <!-- com.timp.test.TFP.Configurações.Bloqueios.Periodo.PeriodoFiltroId -->
