<?xml version="1.0" encoding="UTF-8"?>
<!-- Generated by org.testng.reporters.JUnitReportReporter -->
<testsuite hostname="DESKTOP-BNBDMGT" failures="0" tests="3" name="com.timp.test.BRE.RegrasDeNegocio.RegrasdeNegócioExcluirdefinitivamente" time="267.630" errors="0" timestamp="11 Jan 2021 22:29:16 GMT">
  <testcase classname="com.timp.test.BRE.RegrasDeNegocio.RegrasdeNegócioExcluirdefinitivamente" name="acessarBRE" time="16.453"/>
  <testcase classname="com.timp.test.BRE.RegrasDeNegocio.RegrasdeNegócioExcluirdefinitivamente" name="login" time="5.937"/>
  <testcase classname="com.timp.test.BRE.RegrasDeNegocio.RegrasdeNegócioExcluirdefinitivamente" name="criar" time="245.240"/>
</testsuite> <!-- com.timp.test.BRE.RegrasDeNegocio.RegrasdeNegócioExcluirdefinitivamente -->
