<?xml version="1.0" encoding="UTF-8"?>
<!-- Generated by org.testng.reporters.JUnitReportReporter -->
<testsuite hostname="DESKTOP-5P4F1JE" failures="0" tests="3" name="com.timp.test.CALENDAR.Tarefas.TarefasExecutarRelatorioBRB" time="112.236" errors="0" timestamp="19 fev. 2021 12:49:24 GMT" skipped="0">
  <testcase classname="com.timp.test.CALENDAR.Tarefas.TarefasExecutarRelatorioBRB" name="login" time="9.650"/>
  <testcase classname="com.timp.test.CALENDAR.Tarefas.TarefasExecutarRelatorioBRB" name="acessarCalendar" time="29.849"/>
  <testcase classname="com.timp.test.CALENDAR.Tarefas.TarefasExecutarRelatorioBRB" name="CalendarEntrar" time="72.737"/>
</testsuite> <!-- com.timp.test.CALENDAR.Tarefas.TarefasExecutarRelatorioBRB -->
