<?xml version="1.0" encoding="UTF-8"?>
<!-- Generated by org.testng.reporters.JUnitReportReporter -->
<<<<<<< HEAD
<testsuite hostname="DESKTOP-BNBDMGT" failures="0" tests="1" name="com.timp.test.MDR.IncentivosFiscais.IncentivosFiscaisCriar" time="94.864" errors="0" timestamp="20 mar. 2021 01:25:00 GMT" skipped="0">
  <testcase classname="com.timp.test.MDR.IncentivosFiscais.IncentivosFiscaisCriar" name="CriarIncentivosFiscais" time="94.864"/>
=======
<testsuite hostname="LAPTOP-IN7IV9K5" failures="0" tests="1" name="com.timp.test.MDR.IncentivosFiscais.IncentivosFiscaisCriar" time="109.300" errors="0" timestamp="19 mar. 2021 23:02:06 GMT" skipped="0">
  <testcase classname="com.timp.test.MDR.IncentivosFiscais.IncentivosFiscaisCriar" name="CriarIncentivosFiscais" time="109.300"/>
>>>>>>> refs/remotes/origin/Kenssy
</testsuite> <!-- com.timp.test.MDR.IncentivosFiscais.IncentivosFiscaisCriar -->
