<?xml version="1.0" encoding="UTF-8"?>
<!-- Generated by org.testng.reporters.JUnitReportReporter -->
<testsuite hostname="MassielV" failures="0" tests="1" name="com.timp.test.MDR.TabelasApoioESocial.Tabela28.DadosDeRATCriar" time="128.413" errors="0" timestamp="06 nov. 2021 06:49:35 GMT" skipped="0">
  <testcase classname="com.timp.test.MDR.TabelasApoioESocial.Tabela28.DadosDeRATCriar" name="criar" time="128.413"/>
</testsuite> <!-- com.timp.test.MDR.TabelasApoioESocial.Tabela28.DadosDeRATCriar -->
