<?xml version="1.0" encoding="UTF-8"?>
<!-- Generated by org.testng.reporters.JUnitReportReporter -->
<testsuite hostname="DESKTOP-35UG9UP" name="com.timp.test.MDR.CEP.Bairro.BairroVisualizar" tests="3" failures="0" timestamp="1 Sep 2020 15:53:11 GMT" time="168.452" errors="0">
  <testcase name="acessarMDR" time="38.269" classname="com.timp.test.MDR.CEP.Bairro.BairroVisualizar"/>
  <testcase name="filtro" time="118.289" classname="com.timp.test.MDR.CEP.Bairro.BairroVisualizar"/>
  <testcase name="login" time="11.894" classname="com.timp.test.MDR.CEP.Bairro.BairroVisualizar"/>
</testsuite> <!-- com.timp.test.MDR.CEP.Bairro.BairroVisualizar -->
