<?xml version="1.0" encoding="UTF-8"?>
<!-- Generated by org.testng.reporters.JUnitReportReporter -->
<testsuite hostname="Agile" failures="0" tests="1" name="com.timp.test.BRB.AdicionarColunas" time="234.225" errors="0" timestamp="29 dic. 2021 00:38:08 GMT" skipped="0">
  <testcase classname="com.timp.test.BRB.AdicionarColunas" name="adicionarColunas" time="234.225"/>
</testsuite> <!-- com.timp.test.BRB.AdicionarColunas -->
