<?xml version="1.0" encoding="UTF-8"?>
<!-- Generated by org.testng.reporters.JUnitReportReporter -->
<testsuite hostname="DESKTOP-JP1A9E6" failures="0" tests="4" name="com.timp.test.MDR.TabelasApoioSped.TabelaCodigoDeContribucaoSocialApurada.TabelaCodigoDeContribucaoSocialApuradaExcluirEmMassa" time="473.420" errors="0" timestamp="23 sep. 2021 17:14:53 GMT" skipped="0">
  <testcase classname="com.timp.test.MDR.TabelasApoioSped.TabelaCodigoDeContribucaoSocialApurada.TabelaCodigoDeContribucaoSocialApuradaExcluirEmMassa" name="excluirEmMassa" time="61.260"/>
  <testcase classname="com.timp.test.MDR.TabelasApoioSped.TabelaCodigoDeContribucaoSocialApurada.TabelaCodigoDeContribucaoSocialApuradaExcluirEmMassa" name="excluirEmMassa" time="36.135"/>
  <testcase classname="com.timp.test.MDR.TabelasApoioSped.TabelaCodigoDeContribucaoSocialApurada.TabelaCodigoDeContribucaoSocialApuradaExcluirEmMassa" name="criar" time="179.736"/>
  <testcase classname="com.timp.test.MDR.TabelasApoioSped.TabelaCodigoDeContribucaoSocialApurada.TabelaCodigoDeContribucaoSocialApuradaExcluirEmMassa" name="criar" time="196.289"/>
</testsuite> <!-- com.timp.test.MDR.TabelasApoioSped.TabelaCodigoDeContribucaoSocialApurada.TabelaCodigoDeContribucaoSocialApuradaExcluirEmMassa -->
