<?xml version="1.0" encoding="UTF-8"?>
<!-- Generated by org.testng.reporters.JUnitReportReporter -->
<testsuite hostname="LitoSoler" name="com.timp.test.MDR.TEST.AntecipacaoCriar" tests="3" failures="0" timestamp="5 Aug 2020 00:18:08 GMT" time="183.119" errors="0">
  <testcase name="acessarMDR" time="33.899" classname="com.timp.test.MDR.TEST.AntecipacaoCriar"/>
  <testcase name="login" time="9.023" classname="com.timp.test.MDR.TEST.AntecipacaoCriar"/>
  <testcase name="criar" time="140.197" classname="com.timp.test.MDR.TEST.AntecipacaoCriar"/>
</testsuite> <!-- com.timp.test.MDR.TEST.AntecipacaoCriar -->
