<?xml version="1.0" encoding="UTF-8"?>
<!-- Generated by org.testng.reporters.JUnitReportReporter -->
<testsuite hostname="DESKTOP-BNBDMGT" failures="0" tests="2" name="com.timp.test.MDR.LivrosFiscais.LivrosFiscais.LivrosFiscaisExcluirEmMassa" time="166.857" errors="0" timestamp="29 mar. 2021 22:22:54 GMT" skipped="0">
  <testcase classname="com.timp.test.MDR.LivrosFiscais.LivrosFiscais.LivrosFiscaisExcluirEmMassa" name="excluir" time="30.197"/>
  <testcase classname="com.timp.test.MDR.LivrosFiscais.LivrosFiscais.LivrosFiscaisExcluirEmMassa" name="Criar" time="136.660"/>
</testsuite> <!-- com.timp.test.MDR.LivrosFiscais.LivrosFiscais.LivrosFiscaisExcluirEmMassa -->
