<?xml version="1.0" encoding="UTF-8"?>
<!-- Generated by org.testng.reporters.JUnitReportReporter -->
<testsuite hostname="MIGUEL" failures="0" tests="3" name="com.timp.test.BRE.CalculoDeTributos.ParametroGerais.CalculoDeTributosLixeiraEmMassaMaisExcluirEmMassa" time="247.517" errors="0" timestamp="8 Jan 2021 02:20:56 GMT">
  <testcase classname="com.timp.test.BRE.CalculoDeTributos.ParametroGerais.CalculoDeTributosLixeiraEmMassaMaisExcluirEmMassa" name="acessarBRE" time="16.341"/>
  <testcase classname="com.timp.test.BRE.CalculoDeTributos.ParametroGerais.CalculoDeTributosLixeiraEmMassaMaisExcluirEmMassa" name="criar" time="223.936"/>
  <testcase classname="com.timp.test.BRE.CalculoDeTributos.ParametroGerais.CalculoDeTributosLixeiraEmMassaMaisExcluirEmMassa" name="login" time="7.240"/>
</testsuite> <!-- com.timp.test.BRE.CalculoDeTributos.ParametroGerais.CalculoDeTributosLixeiraEmMassaMaisExcluirEmMassa -->
