<?xml version="1.0" encoding="UTF-8"?>
<!-- Generated by org.testng.reporters.JUnitReportReporter -->
<testsuite hostname="MassielV" failures="0" tests="2" name="com.timp.test.BRB.ExcluirRelatorio" time="177.783" errors="0" timestamp="10 nov. 2021 22:57:29 GMT" skipped="0">
  <testcase classname="com.timp.test.BRB.ExcluirRelatorio" name="eliminarLixeira" time="50.207"/>
  <testcase classname="com.timp.test.BRB.ExcluirRelatorio" name="eliminar" time="127.576"/>
</testsuite> <!-- com.timp.test.BRB.ExcluirRelatorio -->
