<?xml version="1.0" encoding="UTF-8"?>
<!-- Generated by org.testng.reporters.JUnitReportReporter -->
<testsuite hostname="DESKTOP-M23FVFN" failures="0" tests="1" name="com.timp.test.TAA.AtribuiçõesdeRegras.RegradeAbasVer" time="140.710" errors="0" timestamp="23 dic. 2021 01:45:37 GMT" skipped="0">
  <testcase classname="com.timp.test.TAA.AtribuiçõesdeRegras.RegradeAbasVer" name="ver" time="140.710"/>
</testsuite> <!-- com.timp.test.TAA.AtribuiçõesdeRegras.RegradeAbasVer -->
