<?xml version="1.0" encoding="UTF-8"?>
<!-- Generated by org.testng.reporters.JUnitReportReporter -->
<testsuite hostname="DESKTOP-C57COV6" failures="0" tests="2" name="com.timp.test.BRB.GruposAvancados" time="365.190" errors="0" timestamp="11 may. 2021 00:16:56 GMT" skipped="0">
  <testcase classname="com.timp.test.BRB.GruposAvancados" name="gruposAvanzados" time="322.957"/>
  <testcase classname="com.timp.test.BRB.GruposAvancados" name="eliminarGrupos" time="42.233"/>
</testsuite> <!-- com.timp.test.BRB.GruposAvancados -->
