<?xml version="1.0" encoding="UTF-8"?>
<!-- Generated by org.testng.reporters.JUnitReportReporter -->
<testsuite hostname="DESKTOP-JP1A9E6" failures="0" tests="1" name="com.timp.test.TDK.Kpis.Edicao.KpisGraficoEditar" time="112.702" errors="0" timestamp="14 jun. 2021 06:18:12 GMT" skipped="0">
  <testcase classname="com.timp.test.TDK.Kpis.Edicao.KpisGraficoEditar" name="Grafico" time="112.702"/>
</testsuite> <!-- com.timp.test.TDK.Kpis.Edicao.KpisGraficoEditar -->
