<?xml version="1.0" encoding="UTF-8"?>
<!-- Generated by org.testng.reporters.JUnitReportReporter -->
<testsuite hostname="DESKTOP-BNBDMGT" failures="0" tests="1" name="com.timp.test.MDR.SCANC.RelacionamentoEntreQuadros.RelacionamentoEntreQuadrosExcluir" time="100.095" errors="0" timestamp="17 abr. 2021 07:16:41 GMT" skipped="0">
  <testcase classname="com.timp.test.MDR.SCANC.RelacionamentoEntreQuadros.RelacionamentoEntreQuadrosExcluir" name="excluir" time="100.095"/>
</testsuite> <!-- com.timp.test.MDR.SCANC.RelacionamentoEntreQuadros.RelacionamentoEntreQuadrosExcluir -->
