<?xml version="1.0" encoding="UTF-8"?>
<!-- Generated by org.testng.reporters.JUnitReportReporter -->
<testsuite hostname="DESKTOP-JP1A9E6" failures="0" tests="3" name="com.timp.test.ADM.Configuração.Licenças.LicençasDetalhes" time="86.980" errors="0" timestamp="16 jul. 2021 22:04:49 GMT" skipped="0">
  <testcase classname="com.timp.test.ADM.Configuração.Licenças.LicençasDetalhes" name="login" time="26.362"/>
  <testcase classname="com.timp.test.ADM.Configuração.Licenças.LicençasDetalhes" name="AcessarADM" time="37.613"/>
  <testcase classname="com.timp.test.ADM.Configuração.Licenças.LicençasDetalhes" name="Detalles" time="23.005"/>
</testsuite> <!-- com.timp.test.ADM.Configuração.Licenças.LicençasDetalhes -->
