<?xml version="1.0" encoding="UTF-8"?>
<!-- Generated by org.testng.reporters.JUnitReportReporter -->
<testsuite hostname="LitoSoler" name="com.timp.test.MDR.CenariosCorrecao.CenariosCorrecaoCriar" tests="3" failures="0" timestamp="19 Aug 2020 21:54:00 GMT" time="107.234" errors="0">
  <testcase name="cenariosCorrecaoCriar" time="90.600" classname="com.timp.test.MDR.CenariosCorrecao.CenariosCorrecaoCriar"/>
  <testcase name="login" time="6.518" classname="com.timp.test.MDR.CenariosCorrecao.CenariosCorrecaoCriar"/>
  <testcase name="acessarMDR" time="10.116" classname="com.timp.test.MDR.CenariosCorrecao.CenariosCorrecaoCriar"/>
</testsuite> <!-- com.timp.test.MDR.CenariosCorrecao.CenariosCorrecaoCriar -->
