<?xml version="1.0" encoding="UTF-8"?>
<!-- Generated by org.testng.reporters.JUnitReportReporter -->
<testsuite hostname="DESKTOP-M23FVFN" failures="0" tests="2" name="com.timp.test.BRB.FiltroColunas" time="175.431" errors="0" timestamp="2022-09-14T05:20:16 BRT" skipped="0">
  <testcase classname="com.timp.test.BRB.FiltroColunas" name="filtroConFerramenta1" time="141.714"/>
  <system-out/>
  <testcase classname="com.timp.test.BRB.FiltroColunas" name="filtroConFerramenta2" time="33.717"/>
  <system-out/>
</testsuite> <!-- com.timp.test.BRB.FiltroColunas -->
