<?xml version="1.0" encoding="UTF-8"?>
<!-- Generated by org.testng.reporters.JUnitReportReporter -->
<testsuite hostname="MIGUEL" failures="0" tests="2" name="com.timp.test.BRB.ExcluirColuna" time="184.609" errors="0" timestamp="17 abr. 2021 20:16:59 GMT" skipped="0">
  <testcase classname="com.timp.test.BRB.ExcluirColuna" name="excluirColunaDragNDrop" time="119.723"/>
  <testcase classname="com.timp.test.BRB.ExcluirColuna" name="excluirColunaOpcao" time="64.886"/>
</testsuite> <!-- com.timp.test.BRB.ExcluirColuna -->
