<?xml version="1.0" encoding="UTF-8"?>
<!-- Generated by org.testng.reporters.JUnitReportReporter -->
<testsuite hostname="DESKTOP-35UG9UP" name="com.timp.test.MDR.RegistroDeExportaçao.RegistroDeExportaçaoEditar" tests="3" failures="0" timestamp="10 Aug 2020 17:22:15 GMT" time="100.493" errors="0">
  <testcase name="editar" time="78.755" classname="com.timp.test.MDR.RegistroDeExportaçao.RegistroDeExportaçaoEditar"/>
  <testcase name="login" time="10.086" classname="com.timp.test.MDR.RegistroDeExportaçao.RegistroDeExportaçaoEditar"/>
  <testcase name="acessarMDR" time="11.652" classname="com.timp.test.MDR.RegistroDeExportaçao.RegistroDeExportaçaoEditar"/>
</testsuite> <!-- com.timp.test.MDR.RegistroDeExportaçao.RegistroDeExportaçaoEditar -->
