<?xml version="1.0" encoding="UTF-8"?>
<!-- Generated by org.testng.reporters.JUnitReportReporter -->
<testsuite hostname="DESKTOP-M23FVFN" failures="0" tests="1" name="com.timp.test.ADM.Configuração.Licenças.LicençasVisualizar" time="61.345" errors="0" timestamp="13 may. 2022 05:44:39 GMT" skipped="0">
  <testcase classname="com.timp.test.ADM.Configuração.Licenças.LicençasVisualizar" name="visualizar" time="61.345"/>
</testsuite> <!-- com.timp.test.ADM.Configuração.Licenças.LicençasVisualizar -->
