<?xml version="1.0" encoding="UTF-8"?>
<!-- Generated by org.testng.reporters.JUnitReportReporter -->
<<<<<<< HEAD
<testsuite hostname="LitoSoler" name="com.timp.test.MDR.ICMSSTTransporte.ICMSSTTransporteFiltroID" tests="3" failures="0" timestamp="18 Nov 2020 17:06:47 GMT" time="45.272" errors="0">
  <testcase name="filtro" time="11.948" classname="com.timp.test.MDR.ICMSSTTransporte.ICMSSTTransporteFiltroID"/>
  <testcase name="acessarMDR" time="26.117" classname="com.timp.test.MDR.ICMSSTTransporte.ICMSSTTransporteFiltroID"/>
  <testcase name="login" time="7.207" classname="com.timp.test.MDR.ICMSSTTransporte.ICMSSTTransporteFiltroID"/>
=======
<testsuite hostname="LitoSoler" name="com.timp.test.MDR.ICMSSTTransporte.ICMSSTTransporteFiltroID" tests="3" failures="0" timestamp="24 Nov 2020 16:37:47 GMT" time="49.260" errors="0">
  <testcase name="acessarMDR" time="13.283" classname="com.timp.test.MDR.ICMSSTTransporte.ICMSSTTransporteFiltroID"/>
  <testcase name="login" time="7.874" classname="com.timp.test.MDR.ICMSSTTransporte.ICMSSTTransporteFiltroID"/>
  <testcase name="filtro" time="28.103" classname="com.timp.test.MDR.ICMSSTTransporte.ICMSSTTransporteFiltroID"/>
>>>>>>> branch 'master' of https://github.com/salc1997/TIMP_R1.git
</testsuite> <!-- com.timp.test.MDR.ICMSSTTransporte.ICMSSTTransporteFiltroID -->
