<?xml version="1.0" encoding="UTF-8"?>
<!-- Generated by org.testng.reporters.JUnitReportReporter -->
<testsuite hostname="CRISTHIAN-VASQUEZ" failures="0" tests="3" name="com.timp.test.BPMA.ProcessodeNegocio.ProcessodeNegócioCriarProcessocomTarefadeUsuário" time="248.371" errors="0" timestamp="22 Dec 2020 17:55:25 GMT">
  <testcase classname="com.timp.test.BPMA.ProcessodeNegocio.ProcessodeNegócioCriarProcessocomTarefadeUsuário" name="login" time="8.977"/>
  <testcase classname="com.timp.test.BPMA.ProcessodeNegocio.ProcessodeNegócioCriarProcessocomTarefadeUsuário" name="BPMAEntrar" time="17.500"/>
  <testcase classname="com.timp.test.BPMA.ProcessodeNegocio.ProcessodeNegócioCriarProcessocomTarefadeUsuário" name="criar" time="221.894"/>
</testsuite> <!-- com.timp.test.BPMA.ProcessodeNegocio.ProcessodeNegócioCriarProcessocomTarefadeUsuário -->
