<?xml version="1.0" encoding="UTF-8"?>
<!-- Generated by org.testng.reporters.JUnitReportReporter -->
<testsuite hostname="EC2AMAZ-8HCHO4G" failures="0" tests="8" name="com.timp.test.ATR.Tributos.AgrupamentoDeTributos.AgrupamentoDeTributosTodasFunc" time="557.531" errors="0" timestamp="2023-09-04T15:40:56 UTC" skipped="0">
  <testcase classname="com.timp.test.ATR.Tributos.AgrupamentoDeTributos.AgrupamentoDeTributosTodasFunc" name="criar" time="77.770"/>
  <system-out/>
  <testcase classname="com.timp.test.ATR.Tributos.AgrupamentoDeTributos.AgrupamentoDeTributosTodasFunc" name="Excluir" time="25.513"/>
  <system-out/>
  <testcase classname="com.timp.test.ATR.Tributos.AgrupamentoDeTributos.AgrupamentoDeTributosTodasFunc" name="criarcopia" time="119.925"/>
  <system-out/>
  <testcase classname="com.timp.test.ATR.Tributos.AgrupamentoDeTributos.AgrupamentoDeTributosTodasFunc" name="detalle" time="46.225"/>
  <system-out/>
  <testcase classname="com.timp.test.ATR.Tributos.AgrupamentoDeTributos.AgrupamentoDeTributosTodasFunc" name="editar" time="93.795"/>
  <system-out/>
  <testcase classname="com.timp.test.ATR.Tributos.AgrupamentoDeTributos.AgrupamentoDeTributosTodasFunc" name="visualizar" time="47.008"/>
  <system-out/>
  <testcase classname="com.timp.test.ATR.Tributos.AgrupamentoDeTributos.AgrupamentoDeTributosTodasFunc" name="excluir" time="45.177"/>
  <system-out/>
  <testcase classname="com.timp.test.ATR.Tributos.AgrupamentoDeTributos.AgrupamentoDeTributosTodasFunc" name="criarMassa" time="102.118"/>
  <system-out/>
</testsuite> <!-- com.timp.test.ATR.Tributos.AgrupamentoDeTributos.AgrupamentoDeTributosTodasFunc -->
