<?xml version="1.0" encoding="UTF-8"?>
<!-- Generated by org.testng.reporters.JUnitReportReporter -->
<testsuite hostname="MIGUEL" failures="0" tests="3" name="com.timp.test.TAA.Agendamento.AgendamentoDetalhes" time="60.478" errors="0" timestamp="5 Jan 2021 20:05:25 GMT">
  <testcase classname="com.timp.test.TAA.Agendamento.AgendamentoDetalhes" name="ingresar" time="7.530"/>
  <testcase classname="com.timp.test.TAA.Agendamento.AgendamentoDetalhes" name="ingresarTAA" time="17.826"/>
  <testcase classname="com.timp.test.TAA.Agendamento.AgendamentoDetalhes" name="detalhes" time="35.122"/>
</testsuite> <!-- com.timp.test.TAA.Agendamento.AgendamentoDetalhes -->
