<?xml version="1.0" encoding="UTF-8"?>
<!-- Generated by org.testng.reporters.JUnitReportReporter -->
<testsuite hostname="MassielV" failures="0" tests="1" name="com.timp.test.MDR.RepresentanteLegais.RepresentanteLegaisEditar" time="209.267" errors="0" timestamp="17 nov. 2021 21:41:01 GMT" skipped="0">
  <testcase classname="com.timp.test.MDR.RepresentanteLegais.RepresentanteLegaisEditar" name="editar" time="209.267"/>
</testsuite> <!-- com.timp.test.MDR.RepresentanteLegais.RepresentanteLegaisEditar -->
