<?xml version="1.0" encoding="UTF-8"?>
<!-- Generated by org.testng.reporters.JUnitReportReporter -->
<testsuite hostname="LitoSoler" name="com.timp.test.BRB.ListaSuspensa" tests="3" failures="0" timestamp="30 Sep 2020 21:15:19 GMT" time="156.735" errors="0">
  <testcase name="login" time="10.268" classname="com.timp.test.BRB.ListaSuspensa"/>
  <testcase name="listaSuspensa" time="125.225" classname="com.timp.test.BRB.ListaSuspensa"/>
  <testcase name="brbEntrar" time="21.242" classname="com.timp.test.BRB.ListaSuspensa"/>
</testsuite> <!-- com.timp.test.BRB.ListaSuspensa -->
