<?xml version="1.0" encoding="UTF-8"?>
<!-- Generated by org.testng.reporters.JUnitReportReporter -->
<testsuite hostname="MIGUEL" failures="0" tests="3" name="com.timp.test.SCANC.RelatoriosRefineriaGerados.RelatoriosRefinariaGeradosInformacao" time="126.996" errors="0" timestamp="27 Jan 2021 23:18:50 GMT">
  <testcase classname="com.timp.test.SCANC.RelatoriosRefineriaGerados.RelatoriosRefinariaGeradosInformacao" name="informacao" time="92.261"/>
  <testcase classname="com.timp.test.SCANC.RelatoriosRefineriaGerados.RelatoriosRefinariaGeradosInformacao" name="scancEntrar" time="25.345"/>
  <testcase classname="com.timp.test.SCANC.RelatoriosRefineriaGerados.RelatoriosRefinariaGeradosInformacao" name="ingresar" time="9.390"/>
</testsuite> <!-- com.timp.test.SCANC.RelatoriosRefineriaGerados.RelatoriosRefinariaGeradosInformacao -->
