<?xml version="1.0" encoding="UTF-8"?>
<!-- Generated by org.testng.reporters.JUnitReportReporter -->
<testsuite hostname="DESKTOP-JP1A9E6" failures="0" tests="2" name="com.timp.test.MDR.TabelasApoioESocial.Tabela13.ParteDoCorpoAtingidaExcluirEmMassa" time="142.849" errors="0" timestamp="02 sep. 2021 21:15:04 GMT" skipped="0">
  <testcase classname="com.timp.test.MDR.TabelasApoioESocial.Tabela13.ParteDoCorpoAtingidaExcluirEmMassa" name="criar" time="110.864"/>
  <testcase classname="com.timp.test.MDR.TabelasApoioESocial.Tabela13.ParteDoCorpoAtingidaExcluirEmMassa" name="excluirEmMassa" time="31.985"/>
</testsuite> <!-- com.timp.test.MDR.TabelasApoioESocial.Tabela13.ParteDoCorpoAtingidaExcluirEmMassa -->
