<?xml version="1.0" encoding="UTF-8"?>
<!-- Generated by org.testng.reporters.JUnitReportReporter -->
<testsuite hostname="LitoSoler" name="com.timp.test.BRE.RegrasDeEscrituração.RegrasDeEscrituraçãoVisualizar" tests="3" failures="0" timestamp="2 Feb 2021 13:39:11 GMT" time="78.814" errors="0">
  <testcase name="login" time="7.679" classname="com.timp.test.BRE.RegrasDeEscrituração.RegrasDeEscrituraçãoVisualizar"/>
  <testcase name="visualizar" time="54.584" classname="com.timp.test.BRE.RegrasDeEscrituração.RegrasDeEscrituraçãoVisualizar"/>
  <testcase name="acessarBRE" time="16.551" classname="com.timp.test.BRE.RegrasDeEscrituração.RegrasDeEscrituraçãoVisualizar"/>
</testsuite> <!-- com.timp.test.BRE.RegrasDeEscrituração.RegrasDeEscrituraçãoVisualizar -->
