<?xml version="1.0" encoding="UTF-8"?>
<!-- Generated by org.testng.reporters.JUnitReportReporter -->
<testsuite skipped="0" hostname="LitoSoler" name="com.timp.test.BRB.CriarComCopia" tests="1" failures="0" timestamp="24 feb 2021 16:20:01 GMT" time="143.543" errors="0">
  <testcase name="criarCopia" time="143.543" classname="com.timp.test.BRB.CriarComCopia"/>
</testsuite> <!-- com.timp.test.BRB.CriarComCopia -->
