<?xml version="1.0" encoding="UTF-8"?>
<!-- Generated by org.testng.reporters.JUnitReportReporter -->
<testsuite hostname="LitoSoler" name="com.timp.test.MDR.TabelasApoioESocial.Tabela18.MotivoDeAfastamentoEditar" tests="3" failures="0" timestamp="28 Oct 2020 20:06:15 GMT" time="76.711" errors="0">
  <testcase name="editar" time="51.788" classname="com.timp.test.MDR.TabelasApoioESocial.Tabela18.MotivoDeAfastamentoEditar"/>
  <testcase name="login" time="6.536" classname="com.timp.test.MDR.TabelasApoioESocial.Tabela18.MotivoDeAfastamentoEditar"/>
  <testcase name="acessarMDR" time="18.387" classname="com.timp.test.MDR.TabelasApoioESocial.Tabela18.MotivoDeAfastamentoEditar"/>
</testsuite> <!-- com.timp.test.MDR.TabelasApoioESocial.Tabela18.MotivoDeAfastamentoEditar -->
