<?xml version="1.0" encoding="UTF-8"?>
<<<<<<< HEAD
<!-- Generated by org.testng.reporters.JUnitReportReporter -->
<testsuite hostname="LitoSoler" name="com.timp.test.SCANC.ArquivosImportados.ArquivosImportadosVisualizar" tests="3" failures="0" timestamp="16 Dec 2020 16:12:04 GMT" time="94.337" errors="0">
  <testcase name="ingresar" time="8.498" classname="com.timp.test.SCANC.ArquivosImportados.ArquivosImportadosVisualizar"/>
  <testcase name="scancEntrar" time="27.670" classname="com.timp.test.SCANC.ArquivosImportados.ArquivosImportadosVisualizar"/>
  <testcase name="filtrosAvancados" time="58.169" classname="com.timp.test.SCANC.ArquivosImportados.ArquivosImportadosVisualizar"/>
=======
<!-- Generated by org.testng.reporters.JUnitReportReporter -->
<testsuite hostname="MIGUEL" failures="0" tests="3" name="com.timp.test.SCANC.ArquivosImportados.ArquivosImportadosVisualizar" time="271.175" errors="0" timestamp="9 Dec 2020 17:20:03 GMT">
  <testcase classname="com.timp.test.SCANC.ArquivosImportados.ArquivosImportadosVisualizar" name="scancEntrar" time="24.742"/>
  <testcase classname="com.timp.test.SCANC.ArquivosImportados.ArquivosImportadosVisualizar" name="ingresar" time="6.840"/>
  <testcase classname="com.timp.test.SCANC.ArquivosImportados.ArquivosImportadosVisualizar" name="filtrosAvancados" time="239.593"/>
>>>>>>> refs/remotes/origin/master
</testsuite> <!-- com.timp.test.SCANC.ArquivosImportados.ArquivosImportadosVisualizar -->
