<?xml version="1.0" encoding="UTF-8"?>
<!-- Generated by org.testng.reporters.JUnitReportReporter -->
<testsuite hostname="Agile" failures="0" tests="1" name="com.timp.test.MDR.RegistroECAC.RegistroECACCVisualizar" time="200.501" errors="0" timestamp="19 dic. 2021 02:07:12 GMT" skipped="0">
  <testcase classname="com.timp.test.MDR.RegistroECAC.RegistroECACCVisualizar" name="Visualizar" time="200.501"/>
</testsuite> <!-- com.timp.test.MDR.RegistroECAC.RegistroECACCVisualizar -->
