<?xml version="1.0" encoding="UTF-8"?>
<!-- Generated by org.testng.reporters.JUnitReportReporter -->
<testsuite hostname="LAPTOP-IN7IV9K5" failures="0" tests="1" name="com.timp.test.MDR.CEP.Bairro.BairroCriar" time="64.073" errors="0" timestamp="09 abr. 2021 04:09:04 GMT" skipped="0">
  <testcase classname="com.timp.test.MDR.CEP.Bairro.BairroCriar" name="criar" time="64.073"/>
</testsuite> <!-- com.timp.test.MDR.CEP.Bairro.BairroCriar -->
