<?xml version="1.0" encoding="UTF-8"?>
<!-- Generated by org.testng.reporters.JUnitReportReporter -->
<testsuite hostname="DESKTOP-BNBDMGT" failures="0" tests="3" name="com.timp.test.MDR.RegistroDeExportaçao.RegistroDeExportaçaoExcluir" time="74.341" errors="0" timestamp="2 Feb 2021 22:22:23 GMT">
  <testcase classname="com.timp.test.MDR.RegistroDeExportaçao.RegistroDeExportaçaoExcluir" name="Excluir" time="42.076"/>
  <testcase classname="com.timp.test.MDR.RegistroDeExportaçao.RegistroDeExportaçaoExcluir" name="acessarMDR" time="25.404"/>
  <testcase classname="com.timp.test.MDR.RegistroDeExportaçao.RegistroDeExportaçaoExcluir" name="login" time="6.861"/>
</testsuite> <!-- com.timp.test.MDR.RegistroDeExportaçao.RegistroDeExportaçaoExcluir -->
