<?xml version="1.0" encoding="UTF-8"?>
<!-- Generated by org.testng.reporters.JUnitReportReporter -->
<testsuite hostname="MassielV" failures="0" tests="1" name="com.timp.test.MDR.TabelasApoioESocial.Tabela27.CodigosDeLotacaoVisualizar" time="131.674" errors="0" timestamp="15 oct. 2021 12:09:09 GMT" skipped="0">
  <testcase classname="com.timp.test.MDR.TabelasApoioESocial.Tabela27.CodigosDeLotacaoVisualizar" name="visualizar" time="131.674"/>
</testsuite> <!-- com.timp.test.MDR.TabelasApoioESocial.Tabela27.CodigosDeLotacaoVisualizar -->
