<?xml version="1.0" encoding="UTF-8"?>
<!-- Generated by org.testng.reporters.JUnitReportReporter -->
<testsuite skipped="0" hostname="LitoSoler" name="com.timp.test.MDR.CEP.Municipio.MunicipioEditar" tests="1" failures="0" timestamp="24 feb 2021 17:37:36 GMT" time="71.768" errors="0">
  <testcase name="editar" time="71.768" classname="com.timp.test.MDR.CEP.Municipio.MunicipioEditar"/>
</testsuite> <!-- com.timp.test.MDR.CEP.Municipio.MunicipioEditar -->
