<?xml version="1.0" encoding="UTF-8"?>
<!-- Generated by org.testng.reporters.JUnitReportReporter -->
<<<<<<< HEAD
<testsuite hostname="DESKTOP-C57COV6" failures="0" tests="1" name="com.timp.test.MDR.ControleDeCreditoTributario.CodigosDeCredito.CodigosDeCreditoExcluir" time="119.168" errors="0" timestamp="20 jul. 2021 15:35:28 GMT" skipped="0">
  <testcase classname="com.timp.test.MDR.ControleDeCreditoTributario.CodigosDeCredito.CodigosDeCreditoExcluir" name="excluir" time="119.168"/>
=======
<testsuite hostname="DESKTOP-JP1A9E6" failures="0" tests="1" name="com.timp.test.MDR.ControleDeCreditoTributario.CodigosDeCredito.CodigosDeCreditoExcluir" time="81.262" errors="0" timestamp="20 jul. 2021 10:30:47 GMT" skipped="0">
  <testcase classname="com.timp.test.MDR.ControleDeCreditoTributario.CodigosDeCredito.CodigosDeCreditoExcluir" name="excluir" time="81.262"/>
>>>>>>> branch 'Yessy' of https://github.com/salc1997/TIMP_R1.git
</testsuite> <!-- com.timp.test.MDR.ControleDeCreditoTributario.CodigosDeCredito.CodigosDeCreditoExcluir -->
