<?xml version="1.0" encoding="UTF-8"?>
<!-- Generated by org.testng.reporters.JUnitReportReporter -->
<testsuite hostname="MassielV" failures="0" tests="1" name="com.timp.test.BRB.CriarComCopia" time="269.491" errors="0" timestamp="22 oct. 2021 21:47:39 GMT" skipped="0">
  <testcase classname="com.timp.test.BRB.CriarComCopia" name="criarCopia" time="269.491"/>
</testsuite> <!-- com.timp.test.BRB.CriarComCopia -->
