<?xml version="1.0" encoding="UTF-8"?>
<!-- Generated by org.testng.reporters.JUnitReportReporter -->
<testsuite hostname="LitoSoler" name="com.timp.test.MDR.CadastroCondiçao.CadastroCondicaoCriar" tests="3" failures="0" timestamp="31 Aug 2020 21:24:09 GMT" time="107.757" errors="0">
  <testcase name="login" time="6.825" classname="com.timp.test.MDR.CadastroCondiçao.CadastroCondicaoCriar"/>
  <testcase name="criar" time="91.118" classname="com.timp.test.MDR.CadastroCondiçao.CadastroCondicaoCriar"/>
  <testcase name="acessarMDR" time="9.814" classname="com.timp.test.MDR.CadastroCondiçao.CadastroCondicaoCriar"/>
</testsuite> <!-- com.timp.test.MDR.CadastroCondiçao.CadastroCondicaoCriar -->
