<?xml version="1.0" encoding="UTF-8"?>
<!-- Generated by org.testng.reporters.JUnitReportReporter -->
<testsuite hostname="Agile" failures="0" tests="2" name="com.timp.test.MDR.Siscoserv.NBS.NBSExcluirMassa" time="245.827" errors="0" timestamp="08 dic. 2021 21:20:25 GMT" skipped="0">
  <testcase classname="com.timp.test.MDR.Siscoserv.NBS.NBSExcluirMassa" name="excluirMassa" time="50.580"/>
  <testcase classname="com.timp.test.MDR.Siscoserv.NBS.NBSExcluirMassa" name="criar" time="195.247"/>
</testsuite> <!-- com.timp.test.MDR.Siscoserv.NBS.NBSExcluirMassa -->
