<?xml version="1.0" encoding="UTF-8"?>
<!-- Generated by org.testng.reporters.JUnitReportReporter -->
<testsuite hostname="LAPTOP-IN7IV9K5" failures="0" tests="1" name="com.timp.test.MDR.TabelasApoioESocial.Tabela21.NaturezaJuridicaEditar" time="118.995" errors="0" timestamp="29 mar. 2021 21:07:29 GMT" skipped="0">
  <testcase classname="com.timp.test.MDR.TabelasApoioESocial.Tabela21.NaturezaJuridicaEditar" name="editar" time="118.995"/>
</testsuite> <!-- com.timp.test.MDR.TabelasApoioESocial.Tabela21.NaturezaJuridicaEditar -->
