<?xml version="1.0" encoding="UTF-8"?>
<!-- Generated by org.testng.reporters.JUnitReportReporter -->
<testsuite hostname="DESKTOP-BNBDMGT" failures="0" tests="3" name="com.timp.test.TDK.Execucoes.Lixeira.LixeiraRestaurarEmMassa" time="80.981" errors="0" timestamp="22 feb. 2021 22:59:58 GMT" skipped="0">
  <testcase classname="com.timp.test.TDK.Execucoes.Lixeira.LixeiraRestaurarEmMassa" name="login" time="5.997"/>
  <testcase classname="com.timp.test.TDK.Execucoes.Lixeira.LixeiraRestaurarEmMassa" name="acessarTDK" time="18.838"/>
  <testcase classname="com.timp.test.TDK.Execucoes.Lixeira.LixeiraRestaurarEmMassa" name="retaurar" time="56.146"/>
</testsuite> <!-- com.timp.test.TDK.Execucoes.Lixeira.LixeiraRestaurarEmMassa -->
