<?xml version="1.0" encoding="UTF-8"?>
<!-- Generated by org.testng.reporters.JUnitReportReporter -->
<testsuite hostname="MassielV" failures="0" tests="1" name="com.timp.test.MDR.TabelasComplementaresParaObrigaçoesAcessorias.TabelaDeCodigoDaReceitas.TabelaCodigoReceitaExcluir" time="83.334" errors="0" timestamp="20 oct. 2021 08:38:02 GMT" skipped="0">
  <testcase classname="com.timp.test.MDR.TabelasComplementaresParaObrigaçoesAcessorias.TabelaDeCodigoDaReceitas.TabelaCodigoReceitaExcluir" name="excluir" time="83.334"/>
</testsuite> <!-- com.timp.test.MDR.TabelasComplementaresParaObrigaçoesAcessorias.TabelaDeCodigoDaReceitas.TabelaCodigoReceitaExcluir -->
