<?xml version="1.0" encoding="UTF-8"?>
<!-- Generated by org.testng.reporters.JUnitReportReporter -->
<testsuite hostname="LitoSoler" name="com.timp.test.MDR.Antecipacao.AntecipacaoEditar" tests="3" failures="0" timestamp="6 Aug 2020 17:38:17 GMT" time="112.790" errors="0">
  <testcase name="acessarMDR" time="20.254" classname="com.timp.test.MDR.Antecipacao.AntecipacaoEditar"/>
  <testcase name="visualizar" time="85.589" classname="com.timp.test.MDR.Antecipacao.AntecipacaoEditar"/>
  <testcase name="login" time="6.947" classname="com.timp.test.MDR.Antecipacao.AntecipacaoEditar"/>
</testsuite> <!-- com.timp.test.MDR.Antecipacao.AntecipacaoEditar -->
