<?xml version="1.0" encoding="UTF-8"?>
<!-- Generated by org.testng.reporters.JUnitReportReporter -->
<testsuite hostname="DESKTOP-C57COV6" failures="0" tests="1" name="com.timp.test.MDR.CodigoContabilizacao.CodigoContabilizacaoEditar" time="162.472" errors="0" timestamp="30 sep. 2021 14:55:02 GMT" skipped="0">
  <testcase classname="com.timp.test.MDR.CodigoContabilizacao.CodigoContabilizacaoEditar" name="editar" time="162.472"/>
</testsuite> <!-- com.timp.test.MDR.CodigoContabilizacao.CodigoContabilizacaoEditar -->
