<?xml version="1.0" encoding="UTF-8"?>
<!-- Generated by org.testng.reporters.JUnitReportReporter -->
<testsuite hostname="DESKTOP-BNBDMGT" failures="0" tests="3" name="com.timp.test.DFG.Leiautes.LeiautesExecuçãoFuncionalidades1" time="47.482" errors="0" timestamp="14 abr. 2021 06:27:19 GMT" skipped="0">
  <testcase classname="com.timp.test.DFG.Leiautes.LeiautesExecuçãoFuncionalidades1" name="ingresar" time="8.392"/>
  <testcase classname="com.timp.test.DFG.Leiautes.LeiautesExecuçãoFuncionalidades1" name="mdrEntrar" time="17.674"/>
  <testcase classname="com.timp.test.DFG.Leiautes.LeiautesExecuçãoFuncionalidades1" name="CriarConfiguracion" time="21.416"/>
</testsuite> <!-- com.timp.test.DFG.Leiautes.LeiautesExecuçãoFuncionalidades1 -->
