<?xml version="1.0" encoding="UTF-8"?>
<!-- Generated by org.testng.reporters.JUnitReportReporter -->
<testsuite hostname="LitoSoler" name="com.timp.test.BRB.Editar" tests="3" failures="0" timestamp="13 Nov 2020 18:53:36 GMT" time="93.891" errors="0">
  <testcase name="editar" time="46.260" classname="com.timp.test.BRB.Editar"/>
  <testcase name="brbEntrar" time="40.879" classname="com.timp.test.BRB.Editar"/>
  <testcase name="login" time="6.752" classname="com.timp.test.BRB.Editar"/>
</testsuite> <!-- com.timp.test.BRB.Editar -->
