<?xml version="1.0" encoding="UTF-8"?>
<!-- Generated by org.testng.reporters.JUnitReportReporter -->
<testsuite hostname="EC2AMAZ-8HCHO4G" failures="0" tests="1" name="com.timp.test.BRB.RenomearColuna" time="85.742" errors="0" timestamp="2024-03-08T15:02:29 UTC" skipped="0">
  <testcase classname="com.timp.test.BRB.RenomearColuna" name="renomearColuna" time="85.742"/>
  <system-out/>
</testsuite> <!-- com.timp.test.BRB.RenomearColuna -->
