<?xml version="1.0" encoding="UTF-8"?>
<!-- Generated by org.testng.reporters.JUnitReportReporter -->
<testsuite hostname="DESKTOP-M23FVFN" failures="0" tests="1" name="com.timp.test.MDR.TabelasApoioSped.CodigoContribuiçaoSocialApurada.CodigoContribuiçaoSocialApuradaExcluir" time="103.435" errors="0" timestamp="21 ene. 2022 10:15:30 GMT" skipped="0">
  <testcase classname="com.timp.test.MDR.TabelasApoioSped.CodigoContribuiçaoSocialApurada.CodigoContribuiçaoSocialApuradaExcluir" name="excluir" time="103.435"/>
</testsuite> <!-- com.timp.test.MDR.TabelasApoioSped.CodigoContribuiçaoSocialApurada.CodigoContribuiçaoSocialApuradaExcluir -->
