<?xml version="1.0" encoding="UTF-8"?>
<!-- Generated by org.testng.reporters.JUnitReportReporter -->
<testsuite hostname="EC2AMAZ-8HCHO4G" failures="0" tests="5" name="com.timp.test.ADM.Configuracao.ConfiguracaoDeTributos.ConfiguracaoTributoAgrupamento.ConfiguracaoTributoAgrupamentoTodasFunc" time="214.674" errors="0" timestamp="2023-03-06T17:33:23 UTC" skipped="0">
  <testcase classname="com.timp.test.ADM.Configuracao.ConfiguracaoDeTributos.ConfiguracaoTributoAgrupamento.ConfiguracaoTributoAgrupamentoTodasFunc" name="criar" time="65.478"/>
  <system-out/>
  <testcase classname="com.timp.test.ADM.Configuracao.ConfiguracaoDeTributos.ConfiguracaoTributoAgrupamento.ConfiguracaoTributoAgrupamentoTodasFunc" name="Editar" time="37.146"/>
  <system-out/>
  <testcase classname="com.timp.test.ADM.Configuracao.ConfiguracaoDeTributos.ConfiguracaoTributoAgrupamento.ConfiguracaoTributoAgrupamentoTodasFunc" name="visualizar" time="60.213"/>
  <system-out/>
  <testcase classname="com.timp.test.ADM.Configuracao.ConfiguracaoDeTributos.ConfiguracaoTributoAgrupamento.ConfiguracaoTributoAgrupamentoTodasFunc" name="filtros" time="23.405"/>
  <system-out/>
  <testcase classname="com.timp.test.ADM.Configuracao.ConfiguracaoDeTributos.ConfiguracaoTributoAgrupamento.ConfiguracaoTributoAgrupamentoTodasFunc" name="Excluir" time="28.432"/>
  <system-out/>
</testsuite> <!-- com.timp.test.ADM.Configuracao.ConfiguracaoDeTributos.ConfiguracaoTributoAgrupamento.ConfiguracaoTributoAgrupamentoTodasFunc -->
