<?xml version="1.0" encoding="UTF-8"?>
<!-- Generated by org.testng.reporters.JUnitReportReporter -->
<testsuite hostname="MIGUEL" failures="0" tests="1" name="com.timp.test.MDR.ContratoIOF.ContratoIOFDetalhes" time="96.169" errors="0" timestamp="08 abr. 2021 22:38:14 GMT" skipped="0">
  <testcase classname="com.timp.test.MDR.ContratoIOF.ContratoIOFDetalhes" name="Detalhes" time="96.169"/>
</testsuite> <!-- com.timp.test.MDR.ContratoIOF.ContratoIOFDetalhes -->
