<?xml version="1.0" encoding="UTF-8"?>
<!-- Generated by org.testng.reporters.JUnitReportReporter -->
<testsuite hostname="DESKTOP-C57COV6" failures="0" tests="2" name="com.timp.test.MDR.ConfiguracoesFundoSocial.ConfiguracoesDeFundoSocialExcluirEmMassa" time="305.489" errors="0" timestamp="17 nov. 2021 15:53:17 GMT" skipped="0">
  <testcase classname="com.timp.test.MDR.ConfiguracoesFundoSocial.ConfiguracoesDeFundoSocialExcluirEmMassa" name="criar" time="257.799"/>
  <testcase classname="com.timp.test.MDR.ConfiguracoesFundoSocial.ConfiguracoesDeFundoSocialExcluirEmMassa" name="excluir" time="47.690"/>
</testsuite> <!-- com.timp.test.MDR.ConfiguracoesFundoSocial.ConfiguracoesDeFundoSocialExcluirEmMassa -->
