<?xml version="1.0" encoding="UTF-8"?>
<!-- Generated by org.testng.reporters.JUnitReportReporter -->
<testsuite hostname="MIGUEL" failures="0" tests="3" name="com.timp.test.BRE.RegrasdeAuditoriaN1.Edicao.RegrasdeAuditoriaN1EdiçãoEstruturas" time="287.693" errors="0" timestamp="30 mar. 2021 14:28:08 GMT" skipped="0">
  <testcase classname="com.timp.test.BRE.RegrasdeAuditoriaN1.Edicao.RegrasdeAuditoriaN1EdiçãoEstruturas" name="login" time="7.297"/>
  <testcase classname="com.timp.test.BRE.RegrasdeAuditoriaN1.Edicao.RegrasdeAuditoriaN1EdiçãoEstruturas" name="acessarBRE" time="16.860"/>
  <testcase classname="com.timp.test.BRE.RegrasdeAuditoriaN1.Edicao.RegrasdeAuditoriaN1EdiçãoEstruturas" name="editar" time="263.536"/>
</testsuite> <!-- com.timp.test.BRE.RegrasdeAuditoriaN1.Edicao.RegrasdeAuditoriaN1EdiçãoEstruturas -->
