<?xml version="1.0" encoding="UTF-8"?>
<!-- Generated by org.testng.reporters.JUnitReportReporter -->
<testsuite hostname="DESKTOP-C57COV6" failures="0" tests="1" name="com.timp.test.MDR.SequenciaAcesso.SequenciaExcluir" time="82.233" errors="0" timestamp="27 abr. 2021 19:28:19 GMT" skipped="0">
  <testcase classname="com.timp.test.MDR.SequenciaAcesso.SequenciaExcluir" name="Excluir" time="82.233"/>
</testsuite> <!-- com.timp.test.MDR.SequenciaAcesso.SequenciaExcluir -->
