<?xml version="1.0" encoding="UTF-8"?>
<!-- Generated by org.testng.reporters.JUnitReportReporter -->
<testsuite hostname="LitoSoler" name="com.timp.test.MDR.TabelasApoioESocial.Tabela23.FatoresDeRiscoEditar" tests="3" failures="0" timestamp="22 Jan 2021 23:35:23 GMT" time="78.989" errors="0">
  <testcase name="acessarMDR" time="17.020" classname="com.timp.test.MDR.TabelasApoioESocial.Tabela23.FatoresDeRiscoEditar"/>
  <testcase name="login" time="7.327" classname="com.timp.test.MDR.TabelasApoioESocial.Tabela23.FatoresDeRiscoEditar"/>
  <testcase name="editar" time="54.642" classname="com.timp.test.MDR.TabelasApoioESocial.Tabela23.FatoresDeRiscoEditar"/>
</testsuite> <!-- com.timp.test.MDR.TabelasApoioESocial.Tabela23.FatoresDeRiscoEditar -->
