<?xml version="1.0" encoding="UTF-8"?>
<!-- Generated by org.testng.reporters.JUnitReportReporter -->
<testsuite hostname="EC2AMAZ-8HCHO4G" failures="0" tests="2" name="com.timp.test.BRB.GruposAvancados" time="549.763" errors="0" timestamp="2023-05-19T23:08:16 UTC" skipped="0">
  <testcase classname="com.timp.test.BRB.GruposAvancados" name="gruposAvanzados" time="507.657"/>
  <system-out/>
  <testcase classname="com.timp.test.BRB.GruposAvancados" name="eliminarGrupos" time="42.106"/>
  <system-out/>
</testsuite> <!-- com.timp.test.BRB.GruposAvancados -->
