<?xml version="1.0" encoding="UTF-8"?>
<!-- Generated by org.testng.reporters.JUnitReportReporter -->
<testsuite hostname="DESKTOP-5P4F1JE" failures="0" tests="3" name="com.timp.test.TDK.Dashboard.DashboardCriar" time="211.222" errors="0" timestamp="1 Feb 2021 12:57:34 GMT">
  <testcase classname="com.timp.test.TDK.Dashboard.DashboardCriar" name="criar" time="171.704"/>
  <testcase classname="com.timp.test.TDK.Dashboard.DashboardCriar" name="login" time="14.259"/>
  <testcase classname="com.timp.test.TDK.Dashboard.DashboardCriar" name="acessarTDK" time="25.259"/>
</testsuite> <!-- com.timp.test.TDK.Dashboard.DashboardCriar -->
