<?xml version="1.0" encoding="UTF-8"?>
<!-- Generated by org.testng.reporters.JUnitReportReporter -->
<testsuite hostname="DESKTOP-HB7TMPD" failures="0" tests="3" name="com.timp.test.MDR.SaldoInicial.SaldoInicialCriar" time="110.392" errors="0" timestamp="28 Nov 2020 02:22:29 GMT">
  <testcase classname="com.timp.test.MDR.SaldoInicial.SaldoInicialCriar" name="CriarSaldoInicial" time="81.484"/>
  <testcase classname="com.timp.test.MDR.SaldoInicial.SaldoInicialCriar" name="login" time="6.724"/>
  <testcase classname="com.timp.test.MDR.SaldoInicial.SaldoInicialCriar" name="acessarMDR" time="22.184"/>
</testsuite> <!-- com.timp.test.MDR.SaldoInicial.SaldoInicialCriar -->
