<?xml version="1.0" encoding="UTF-8"?>
<!-- Generated by org.testng.reporters.JUnitReportReporter -->
<testsuite hostname="DESKTOP-35UG9UP" name="com.timp.test.MDR.DetalheTipoTributo.DetalheCriar" tests="3" failures="0" timestamp="2 Sep 2020 13:23:17 GMT" time="150.640" errors="0">
  <testcase name="acessarMDR" time="40.971" classname="com.timp.test.MDR.DetalheTipoTributo.DetalheCriar"/>
  <testcase name="criar" time="99.391" classname="com.timp.test.MDR.DetalheTipoTributo.DetalheCriar"/>
  <testcase name="login" time="10.278" classname="com.timp.test.MDR.DetalheTipoTributo.DetalheCriar"/>
</testsuite> <!-- com.timp.test.MDR.DetalheTipoTributo.DetalheCriar -->
