<?xml version="1.0" encoding="UTF-8"?>
<!-- Generated by org.testng.reporters.JUnitReportReporter -->
<testsuite hostname="LitoSoler" name="com.timp.test.BRB.NovoRelatorio" tests="4" failures="0" timestamp="17 Nov 2020 22:09:41 GMT" time="177.479" errors="0">
  <testcase name="colunas" time="84.144" classname="com.timp.test.BRB.NovoRelatorio"/>
  <testcase name="login" time="7.001" classname="com.timp.test.BRB.NovoRelatorio"/>
  <testcase name="novoRelatorio" time="64.199" classname="com.timp.test.BRB.NovoRelatorio"/>
  <testcase name="brbEntrar" time="22.135" classname="com.timp.test.BRB.NovoRelatorio"/>
</testsuite> <!-- com.timp.test.BRB.NovoRelatorio -->
