<?xml version="1.0" encoding="UTF-8"?>
<!-- Generated by org.testng.reporters.JUnitReportReporter -->
<testsuite hostname="DESKTOP-5P4F1JE" failures="0" tests="3" name="com.timp.test.ADM.Configuração.ConfiguracaoDeTributos.ConfiguracaoDeTributo.ConfiguracaoDeTributoVisualizar" time="72.537" errors="0" timestamp="9 Feb 2021 14:56:28 GMT">
  <testcase classname="com.timp.test.ADM.Configuração.ConfiguracaoDeTributos.ConfiguracaoDeTributo.ConfiguracaoDeTributoVisualizar" name="AcessarADM" time="16.277"/>
  <testcase classname="com.timp.test.ADM.Configuração.ConfiguracaoDeTributos.ConfiguracaoDeTributo.ConfiguracaoDeTributoVisualizar" name="Visualizar" time="44.645"/>
  <testcase classname="com.timp.test.ADM.Configuração.ConfiguracaoDeTributos.ConfiguracaoDeTributo.ConfiguracaoDeTributoVisualizar" name="login" time="11.615"/>
</testsuite> <!-- com.timp.test.ADM.Configuração.ConfiguracaoDeTributos.ConfiguracaoDeTributo.ConfiguracaoDeTributoVisualizar -->
