<?xml version="1.0" encoding="UTF-8"?>
<!-- Generated by org.testng.reporters.JUnitReportReporter -->
<testsuite hostname="MIGUEL" failures="0" tests="1" name="com.timp.test.MDR.TabelasComplementaresParaObrigaçoesAcessorias.TabelaDeDetalhamentosParaRegistro10.TabelaDeDetalhamentosParaRegistro10Excluir" time="96.945" errors="0" timestamp="29 mar. 2021 19:11:08 GMT" skipped="0">
  <testcase classname="com.timp.test.MDR.TabelasComplementaresParaObrigaçoesAcessorias.TabelaDeDetalhamentosParaRegistro10.TabelaDeDetalhamentosParaRegistro10Excluir" name="excluir" time="96.945"/>
</testsuite> <!-- com.timp.test.MDR.TabelasComplementaresParaObrigaçoesAcessorias.TabelaDeDetalhamentosParaRegistro10.TabelaDeDetalhamentosParaRegistro10Excluir -->
