<?xml version="1.0" encoding="UTF-8"?>
<!-- Generated by org.testng.reporters.JUnitReportReporter -->
<testsuite hostname="LitoSoler" name="com.timp.test.BRB.FiltroColunas" tests="4" failures="0" timestamp="2 Jul 2020 15:52:42 GMT" time="113.320" errors="0">
  <testcase name="brbEntrar" time="35.113" classname="com.timp.test.BRB.FiltroColunas"/>
  <testcase name="filtroConFerramenta2" time="17.735" classname="com.timp.test.BRB.FiltroColunas"/>
  <testcase name="login" time="14.667" classname="com.timp.test.BRB.FiltroColunas"/>
  <testcase name="filtroConFerramenta1" time="45.805" classname="com.timp.test.BRB.FiltroColunas"/>
</testsuite> <!-- com.timp.test.BRB.FiltroColunas -->
