<?xml version="1.0" encoding="UTF-8"?>
<!-- Generated by org.testng.reporters.JUnitReportReporter -->
<testsuite hostname="MassielV" failures="0" tests="1" name="com.timp.test.MDR.Antecipacao.AntecipacaoEditar" time="166.486" errors="0" timestamp="06 oct. 2021 17:57:44 GMT" skipped="0">
  <testcase classname="com.timp.test.MDR.Antecipacao.AntecipacaoEditar" name="editar" time="166.486"/>
</testsuite> <!-- com.timp.test.MDR.Antecipacao.AntecipacaoEditar -->
