<?xml version="1.0" encoding="UTF-8"?>
<!-- Generated by org.testng.reporters.JUnitReportReporter -->
<testsuite hostname="MIGUEL" failures="0" tests="2" name="com.timp.test.MDR.EventosESocial.S1070ProcessosAdmJudiciais.S1070ProcessosAdmJudiciaisExcluirEmMassa" time="287.129" errors="0" timestamp="15 mar. 2021 15:34:21 GMT" skipped="0">
  <testcase classname="com.timp.test.MDR.EventosESocial.S1070ProcessosAdmJudiciais.S1070ProcessosAdmJudiciaisExcluirEmMassa" name="criar" time="227.568"/>
  <testcase classname="com.timp.test.MDR.EventosESocial.S1070ProcessosAdmJudiciais.S1070ProcessosAdmJudiciaisExcluirEmMassa" name="excluir" time="59.561"/>
</testsuite> <!-- com.timp.test.MDR.EventosESocial.S1070ProcessosAdmJudiciais.S1070ProcessosAdmJudiciaisExcluirEmMassa -->
