<?xml version="1.0" encoding="UTF-8"?>
<!-- Generated by org.testng.reporters.JUnitReportReporter -->
<testsuite hostname="MassielV" failures="0" tests="2" name="com.timp.test.MDR.LivrosFiscais.LivrosFiscais.LivrosFiscaisExcluirEmMassa" time="192.966" errors="0" timestamp="11 nov. 2021 07:10:42 GMT" skipped="0">
  <testcase classname="com.timp.test.MDR.LivrosFiscais.LivrosFiscais.LivrosFiscaisExcluirEmMassa" name="Criar" time="158.092"/>
  <testcase classname="com.timp.test.MDR.LivrosFiscais.LivrosFiscais.LivrosFiscaisExcluirEmMassa" name="excluir" time="34.874"/>
</testsuite> <!-- com.timp.test.MDR.LivrosFiscais.LivrosFiscais.LivrosFiscaisExcluirEmMassa -->
