<?xml version="1.0" encoding="UTF-8"?>
<!-- Generated by org.testng.reporters.JUnitReportReporter -->
<testsuite hostname="LitoSoler" name="com.timp.test.MDR.Siscoserv.RegistroRF.RegistroRFDetalhes" tests="3" failures="0" timestamp="20 Nov 2020 17:40:10 GMT" time="51.927" errors="0">
  <testcase name="login" time="6.059" classname="com.timp.test.MDR.Siscoserv.RegistroRF.RegistroRFDetalhes"/>
  <testcase name="detalhes" time="32.431" classname="com.timp.test.MDR.Siscoserv.RegistroRF.RegistroRFDetalhes"/>
  <testcase name="acessarMDR" time="13.437" classname="com.timp.test.MDR.Siscoserv.RegistroRF.RegistroRFDetalhes"/>
</testsuite> <!-- com.timp.test.MDR.Siscoserv.RegistroRF.RegistroRFDetalhes -->
