<?xml version="1.0" encoding="UTF-8"?>
<!-- Generated by org.testng.reporters.JUnitReportReporter -->
<<<<<<< HEAD
<testsuite hostname="Agile" failures="0" tests="1" name="com.timp.test.ATR.Estruturas.Estruturas.EstruturasVisualizar" time="69.749" errors="0" timestamp="09 dic. 2021 08:21:05 GMT" skipped="0">
  <testcase classname="com.timp.test.ATR.Estruturas.Estruturas.EstruturasVisualizar" name="visualizar" time="69.749"/>
=======
<testsuite hostname="DESKTOP-M23FVFN" failures="0" tests="1" name="com.timp.test.ATR.Estruturas.Estruturas.EstruturasVisualizar" time="121.181" errors="0" timestamp="03 dic. 2021 20:46:06 GMT" skipped="0">
  <testcase classname="com.timp.test.ATR.Estruturas.Estruturas.EstruturasVisualizar" name="visualizar" time="121.181"/>
>>>>>>> branch 'Yessy' of https://github.com/salc1997/TIMP_R1
</testsuite> <!-- com.timp.test.ATR.Estruturas.Estruturas.EstruturasVisualizar -->
