<?xml version="1.0" encoding="UTF-8"?>
<!-- Generated by org.testng.reporters.JUnitReportReporter -->
<<<<<<< HEAD
<testsuite hostname="DESKTOP-C57COV6" failures="0" tests="3" name="com.timp.test.BRB.Formula" time="341.911" errors="0" timestamp="28 oct. 2021 18:24:30 GMT" skipped="0">
  <testcase classname="com.timp.test.BRB.Formula" name="formulaColuna" time="234.786"/>
  <testcase classname="com.timp.test.BRB.Formula" name="aplicar" time="3.100"/>
  <testcase classname="com.timp.test.BRB.Formula" name="formulaBoton" time="104.025"/>
=======
<testsuite hostname="MassielV" failures="0" tests="3" name="com.timp.test.BRB.Formula" time="294.317" errors="0" timestamp="30 oct. 2021 05:31:28 GMT" skipped="0">
  <testcase classname="com.timp.test.BRB.Formula" name="formulaBoton" time="94.213"/>
  <testcase classname="com.timp.test.BRB.Formula" name="aplicar" time="3.052"/>
  <testcase classname="com.timp.test.BRB.Formula" name="formulaColuna" time="197.052"/>
>>>>>>> branch 'Yessy' of https://github.com/salc1997/TIMP_R1.git
</testsuite> <!-- com.timp.test.BRB.Formula -->
