<?xml version="1.0" encoding="UTF-8"?>
<!-- Generated by org.testng.reporters.JUnitReportReporter -->
<testsuite hostname="DESKTOP-M23FVFN" failures="0" tests="1" name="com.timp.test.BRB.FiltrosAvancados" time="120.894" errors="0" timestamp="08 mar. 2022 04:50:48 GMT" skipped="0">
  <testcase classname="com.timp.test.BRB.FiltrosAvancados" name="filtrosAvanzados" time="120.894"/>
</testsuite> <!-- com.timp.test.BRB.FiltrosAvancados -->
