<?xml version="1.0" encoding="UTF-8"?>
<!-- Generated by org.testng.reporters.JUnitReportReporter -->
<testsuite hostname="DESKTOP-C57COV6" failures="0" tests="1" name="com.timp.test.MDR.Centralizacao.Saldos.SaldosVisualizar" time="284.322" errors="0" timestamp="17 nov. 2021 07:58:42 GMT" skipped="0">
  <testcase classname="com.timp.test.MDR.Centralizacao.Saldos.SaldosVisualizar" name="visualizar" time="284.322"/>
</testsuite> <!-- com.timp.test.MDR.Centralizacao.Saldos.SaldosVisualizar -->
