<?xml version="1.0" encoding="UTF-8"?>
<!-- Generated by org.testng.reporters.JUnitReportReporter -->
<testsuite hostname="DESKTOP-M23FVFN" failures="0" tests="1" name="com.timp.test.TCC.BancoDeOcorrencias.Executados.BancodeOcorrenciasExecutadosVisualizar" time="0.000" errors="0" timestamp="28 feb. 2022 07:53:30 GMT" skipped="0">
  <testcase classname="com.timp.test.TCC.BancoDeOcorrencias.Executados.BancodeOcorrenciasExecutadosVisualizar" name="f" time="0.000"/>
</testsuite> <!-- com.timp.test.TCC.BancoDeOcorrencias.Executados.BancodeOcorrenciasExecutadosVisualizar -->
