<?xml version="1.0" encoding="UTF-8"?>
<!-- Generated by org.testng.reporters.JUnitReportReporter -->
<<<<<<< HEAD
<testsuite hostname="Agile" failures="0" tests="1" name="com.timp.test.TCC.BancoDeOcorrencias.Executados.BancodeOcorrenciasExecutadosVisualizar" time="0.001" errors="0" timestamp="20 abr. 2022 00:45:26 GMT" skipped="0">
=======
<testsuite hostname="DESKTOP-M23FVFN" failures="0" tests="1" name="com.timp.test.TCC.BancoDeOcorrencias.Executados.BancodeOcorrenciasExecutadosVisualizar" time="0.001" errors="0" timestamp="23 mar. 2022 23:13:49 GMT" skipped="0">
>>>>>>> branch 'Yessy' of https://github.com/salc1997/TIMP_R1
  <testcase classname="com.timp.test.TCC.BancoDeOcorrencias.Executados.BancodeOcorrenciasExecutadosVisualizar" name="f" time="0.001"/>
</testsuite> <!-- com.timp.test.TCC.BancoDeOcorrencias.Executados.BancodeOcorrenciasExecutadosVisualizar -->
