<?xml version="1.0" encoding="UTF-8"?>
<!-- Generated by org.testng.reporters.JUnitReportReporter -->
<testsuite hostname="CRISTHIAN-VASQUEZ" failures="0" tests="3" name="com.timp.test.BCB.HierarquiaConfiguracaoTodasAsFuncionalidades" time="151.863" errors="0" timestamp="2 Nov 2020 12:50:40 GMT">
  <testcase classname="com.timp.test.BCB.HierarquiaConfiguracaoTodasAsFuncionalidades" name="brbEntrar" time="17.678"/>
  <testcase classname="com.timp.test.BCB.HierarquiaConfiguracaoTodasAsFuncionalidades" name="executar" time="124.943"/>
  <testcase classname="com.timp.test.BCB.HierarquiaConfiguracaoTodasAsFuncionalidades" name="login" time="9.242"/>
</testsuite> <!-- com.timp.test.BCB.HierarquiaConfiguracaoTodasAsFuncionalidades -->
