<?xml version="1.0" encoding="UTF-8"?>
<!-- Generated by org.testng.reporters.JUnitReportReporter -->
<testsuite hostname="LAPTOP-IN7IV9K5" failures="0" tests="1" name="com.timp.test.TFP.Configurações.Período.ConfiguraçõesPeríodoCopiar" time="111.109" errors="0" timestamp="17 Feb 2021 18:15:54 GMT">
  <testcase classname="com.timp.test.TFP.Configurações.Período.ConfiguraçõesPeríodoCopiar" name="copiar" time="111.109"/>
</testsuite> <!-- com.timp.test.TFP.Configurações.Período.ConfiguraçõesPeríodoCopiar -->
