<?xml version="1.0" encoding="UTF-8"?>
<!-- Generated by org.testng.reporters.JUnitReportReporter -->
<testsuite hostname="DESKTOP-5P4F1JE" failures="0" tests="3" name="com.timp.test.BRE.RegrasDeMensagens.RegrasDeMensagensEditar" time="117.227" errors="0" timestamp="26 Nov 2020 18:00:10 GMT">
  <testcase classname="com.timp.test.BRE.RegrasDeMensagens.RegrasDeMensagensEditar" name="login" time="7.550"/>
  <testcase classname="com.timp.test.BRE.RegrasDeMensagens.RegrasDeMensagensEditar" name="acessarBRE" time="17.091"/>
  <testcase classname="com.timp.test.BRE.RegrasDeMensagens.RegrasDeMensagensEditar" name="editar" time="92.586"/>
</testsuite> <!-- com.timp.test.BRE.RegrasDeMensagens.RegrasDeMensagensEditar -->
