<?xml version="1.0" encoding="UTF-8"?>
<!-- Generated by org.testng.reporters.JUnitReportReporter -->
<testsuite hostname="EC2AMAZ-8HCHO4G" failures="0" tests="2" name="com.timp.test.MDR.AtividadesFiscais.AtividadeFiscal.AtividadeExcluirMassa" time="290.258" errors="0" timestamp="2024-10-02T18:21:13 UTC" skipped="0">
  <testcase classname="com.timp.test.MDR.AtividadesFiscais.AtividadeFiscal.AtividadeExcluirMassa" name="excluirMassa" time="61.037"/>
  <system-out/>
  <testcase classname="com.timp.test.MDR.AtividadesFiscais.AtividadeFiscal.AtividadeExcluirMassa" name="criar" time="229.221"/>
  <system-out/>
</testsuite> <!-- com.timp.test.MDR.AtividadesFiscais.AtividadeFiscal.AtividadeExcluirMassa -->
