<?xml version="1.0" encoding="UTF-8"?>
<!-- Generated by org.testng.reporters.JUnitReportReporter -->
<testsuite hostname="DESKTOP-JP1A9E6" failures="0" tests="1" name="com.timp.test.MDR.RepresentanteLegais.RepresentanteLegaisEditar" time="123.288" errors="0" timestamp="15 sep. 2021 10:15:19 GMT" skipped="0">
  <testcase classname="com.timp.test.MDR.RepresentanteLegais.RepresentanteLegaisEditar" name="editar" time="123.288"/>
</testsuite> <!-- com.timp.test.MDR.RepresentanteLegais.RepresentanteLegaisEditar -->
