<?xml version="1.0" encoding="UTF-8"?>
<!-- Generated by org.testng.reporters.JUnitReportReporter -->
<testsuite hostname="MassielV" failures="0" tests="1" name="com.timp.test.MDR.TabelasComplementaresParaObrigaçoesAcessorias.TabelaDeCodigoEClasseParaQuadro.TabelaDeCodigoEClasseParaQuadroCriar" time="91.844" errors="0" timestamp="18 oct. 2021 09:49:30 GMT" skipped="0">
  <testcase classname="com.timp.test.MDR.TabelasComplementaresParaObrigaçoesAcessorias.TabelaDeCodigoEClasseParaQuadro.TabelaDeCodigoEClasseParaQuadroCriar" name="criar" time="91.844"/>
</testsuite> <!-- com.timp.test.MDR.TabelasComplementaresParaObrigaçoesAcessorias.TabelaDeCodigoEClasseParaQuadro.TabelaDeCodigoEClasseParaQuadroCriar -->
