<?xml version="1.0" encoding="UTF-8"?>
<!-- Generated by org.testng.reporters.JUnitReportReporter -->
<testsuite hostname="DESKTOP-C57COV6" failures="0" tests="1" name="com.timp.test.TBD.ArmazenagemDeArquivos.AprovacaoDeDocumentos.AprovacaoDeDocumentosCriar" time="77.379" errors="0" timestamp="22 abr. 2021 00:44:53 GMT" skipped="0">
  <testcase classname="com.timp.test.TBD.ArmazenagemDeArquivos.AprovacaoDeDocumentos.AprovacaoDeDocumentosCriar" name="criar" time="77.379"/>
</testsuite> <!-- com.timp.test.TBD.ArmazenagemDeArquivos.AprovacaoDeDocumentos.AprovacaoDeDocumentosCriar -->
