<?xml version="1.0" encoding="UTF-8"?>
<!-- Generated by org.testng.reporters.JUnitReportReporter -->
<testsuite skipped="0" hostname="LitoSoler" name="com.timp.test.MDR.Centralizacao.EstornoCredito.EstornoCreditoEditar" tests="1" failures="0" timestamp="16 mar 2021 03:10:11 GMT" time="106.215" errors="0">
  <testcase name="editar" time="106.215" classname="com.timp.test.MDR.Centralizacao.EstornoCredito.EstornoCreditoEditar"/>
</testsuite> <!-- com.timp.test.MDR.Centralizacao.EstornoCredito.EstornoCreditoEditar -->
