<?xml version="1.0" encoding="UTF-8"?>
<!-- Generated by org.testng.reporters.JUnitReportReporter -->
<<<<<<< HEAD
<testsuite hostname="DESKTOP-C57COV6" failures="0" tests="1" name="com.timp.test.ADM.Configuração.ConfiguracaoDeTributos.ConfiguracaoDeTipoTributo.ConfiguracaoDeTipoTributoVisualizar" time="97.437" errors="0" timestamp="23 sep. 2021 00:11:14 GMT" skipped="0">
  <testcase classname="com.timp.test.ADM.Configuração.ConfiguracaoDeTributos.ConfiguracaoDeTipoTributo.ConfiguracaoDeTipoTributoVisualizar" name="Visualizar" time="97.437"/>
=======
<testsuite hostname="MassielV" failures="0" tests="1" name="com.timp.test.ADM.Configuração.ConfiguracaoDeTributos.ConfiguracaoDeTipoTributo.ConfiguracaoDeTipoTributoVisualizar" time="78.455" errors="0" timestamp="01 oct. 2021 00:42:03 GMT" skipped="0">
  <testcase classname="com.timp.test.ADM.Configuração.ConfiguracaoDeTributos.ConfiguracaoDeTipoTributo.ConfiguracaoDeTipoTributoVisualizar" name="Visualizar" time="78.455"/>
>>>>>>> branch 'Yessy' of https://github.com/salc1997/TIMP_R1.git
</testsuite> <!-- com.timp.test.ADM.Configuração.ConfiguracaoDeTributos.ConfiguracaoDeTipoTributo.ConfiguracaoDeTipoTributoVisualizar -->
