<?xml version="1.0" encoding="UTF-8"?>
<!-- Generated by org.testng.reporters.JUnitReportReporter -->
<testsuite hostname="CRISTHIAN-VASQUEZ" failures="0" tests="3" name="com.timp.test.BRE.RegrasDeAuditoriaN2CriarCaminhos" time="130.075" errors="0" timestamp="23 Nov 2020 17:33:54 GMT">
  <testcase classname="com.timp.test.BRE.RegrasDeAuditoriaN2CriarCaminhos" name="acessarBRE" time="12.185"/>
  <testcase classname="com.timp.test.BRE.RegrasDeAuditoriaN2CriarCaminhos" name="criar" time="111.522"/>
  <testcase classname="com.timp.test.BRE.RegrasDeAuditoriaN2CriarCaminhos" name="login" time="6.368"/>
</testsuite> <!-- com.timp.test.BRE.RegrasDeAuditoriaN2CriarCaminhos -->
