<?xml version="1.0" encoding="UTF-8"?>
<!-- Generated by org.testng.reporters.JUnitReportReporter -->
<testsuite hostname="DESKTOP-M23FVFN" failures="0" tests="1" name="com.timp.test.TAA.AtribuiçõesdeRegras.RegrasdeAbas.RegradeAbasVer" time="336.383" errors="0" timestamp="24 may. 2022 05:42:35 GMT" skipped="0">
  <testcase classname="com.timp.test.TAA.AtribuiçõesdeRegras.RegrasdeAbas.RegradeAbasVer" name="ver" time="336.383"/>
</testsuite> <!-- com.timp.test.TAA.AtribuiçõesdeRegras.RegrasdeAbas.RegradeAbasVer -->
