<?xml version="1.0" encoding="UTF-8"?>
<!-- Generated by org.testng.reporters.JUnitReportReporter -->
<testsuite hostname="LitoSoler" name="com.timp.test.MDR.TEST.AntecipacaoEditar" tests="3" failures="0" timestamp="5 Aug 2020 00:20:37 GMT" time="121.092" errors="0">
  <testcase name="login" time="7.100" classname="com.timp.test.MDR.TEST.AntecipacaoEditar"/>
  <testcase name="visualizar" time="87.868" classname="com.timp.test.MDR.TEST.AntecipacaoEditar"/>
  <testcase name="acessarMDR" time="26.124" classname="com.timp.test.MDR.TEST.AntecipacaoEditar"/>
</testsuite> <!-- com.timp.test.MDR.TEST.AntecipacaoEditar -->
