<?xml version="1.0" encoding="UTF-8"?>
<!-- Generated by org.testng.reporters.JUnitReportReporter -->
<testsuite hostname="DESKTOP-C57COV6" failures="0" tests="1" name="com.timp.test.MDR.ValorAdicionado.Municipio.MunicipioVisualizar" time="271.710" errors="0" timestamp="15 oct. 2021 20:57:36 GMT" skipped="0">
  <testcase classname="com.timp.test.MDR.ValorAdicionado.Municipio.MunicipioVisualizar" name="visualizar" time="271.710"/>
</testsuite> <!-- com.timp.test.MDR.ValorAdicionado.Municipio.MunicipioVisualizar -->
