<?xml version="1.0" encoding="UTF-8"?>
<!-- Generated by org.testng.reporters.JUnitReportReporter -->
<testsuite hostname="DESKTOP-M23FVFN" failures="0" tests="3" name="com.timp.test.BRB.Formula" time="201.146" errors="0" timestamp="22 dic. 2021 23:07:52 GMT" skipped="0">
  <testcase classname="com.timp.test.BRB.Formula" name="aplicar" time="21.973"/>
  <testcase classname="com.timp.test.BRB.Formula" name="formulaColuna" time="76.995"/>
  <testcase classname="com.timp.test.BRB.Formula" name="formulaBoton" time="102.178"/>
</testsuite> <!-- com.timp.test.BRB.Formula -->
