<?xml version="1.0" encoding="UTF-8"?>
<!-- Generated by org.testng.reporters.JUnitReportReporter -->
<testsuite hostname="DESKTOP-BNBDMGT" failures="0" tests="11" name="com.timp.test.CALENDAR.Tarefas.TarefaAutomatizada" time="676.938" errors="0" timestamp="05 mar. 2021 09:19:31 GMT" skipped="0">
  <testcase classname="com.timp.test.CALENDAR.Tarefas.TarefaAutomatizada" name="login" time="10.961"/>
  <testcase classname="com.timp.test.CALENDAR.Tarefas.TarefaAutomatizada" name="BPMAEntrar" time="12.750"/>
  <testcase classname="com.timp.test.CALENDAR.Tarefas.TarefaAutomatizada" name="criar" time="306.122"/>
  <testcase classname="com.timp.test.CALENDAR.Tarefas.TarefaAutomatizada" name="TFPEntrar" time="19.430"/>
  <testcase classname="com.timp.test.CALENDAR.Tarefas.TarefaAutomatizada" name="irTFP" time="65.418"/>
  <testcase classname="com.timp.test.CALENDAR.Tarefas.TarefaAutomatizada" name="CalendarioEntrar" time="26.822"/>
  <testcase classname="com.timp.test.CALENDAR.Tarefas.TarefaAutomatizada" name="irCalendario" time="54.739"/>
  <testcase classname="com.timp.test.CALENDAR.Tarefas.TarefaAutomatizada" name="TFPEntrar2" time="17.952"/>
  <testcase classname="com.timp.test.CALENDAR.Tarefas.TarefaAutomatizada" name="irTFP2" time="57.022"/>
  <testcase classname="com.timp.test.CALENDAR.Tarefas.TarefaAutomatizada" name="BPMAEntrar2" time="9.466"/>
  <testcase classname="com.timp.test.CALENDAR.Tarefas.TarefaAutomatizada" name="Lixeria" time="96.256"/>
</testsuite> <!-- com.timp.test.CALENDAR.Tarefas.TarefaAutomatizada -->
