<?xml version="1.0" encoding="UTF-8"?>
<!-- Generated by org.testng.reporters.JUnitReportReporter -->
<testsuite hostname="LitoSoler" name="com.timp.test.BRB.ValidacaoEstruturas.NFsEntradaSaidaeDadosComplementares" tests="3" failures="0" timestamp="18 Jan 2021 16:50:17 GMT" time="214.564" errors="0">
  <testcase name="login" time="11.102" classname="com.timp.test.BRB.ValidacaoEstruturas.NFsEntradaSaidaeDadosComplementares"/>
  <testcase name="brbEntrar" time="37.026" classname="com.timp.test.BRB.ValidacaoEstruturas.NFsEntradaSaidaeDadosComplementares"/>
  <testcase name="verificar" time="166.436" classname="com.timp.test.BRB.ValidacaoEstruturas.NFsEntradaSaidaeDadosComplementares"/>
</testsuite> <!-- com.timp.test.BRB.ValidacaoEstruturas.NFsEntradaSaidaeDadosComplementares -->
