<?xml version="1.0" encoding="UTF-8"?>
<!-- Generated by org.testng.reporters.JUnitReportReporter -->
<testsuite hostname="LitoSoler" name="com.timp.test.MDR.Antecipacao.AntecipacaoCriar" tests="3" failures="0" timestamp="19 Aug 2020 17:44:45 GMT" time="132.463" errors="0">
  <testcase name="acessarMDR" time="8.271" classname="com.timp.test.MDR.Antecipacao.AntecipacaoCriar"/>
  <testcase name="criar" time="116.898" classname="com.timp.test.MDR.Antecipacao.AntecipacaoCriar"/>
  <testcase name="login" time="7.294" classname="com.timp.test.MDR.Antecipacao.AntecipacaoCriar"/>
</testsuite> <!-- com.timp.test.MDR.Antecipacao.AntecipacaoCriar -->
