<?xml version="1.0" encoding="UTF-8"?>
<!-- Generated by org.testng.reporters.JUnitReportReporter -->
<testsuite hostname="Agile" failures="0" tests="1" name="com.timp.test.MDR.PrecoDeTransferencia.ValoresParaMetodo.ValoresParaMetodoPCI.ValoresParaMetodoPCIEditar" time="327.962" errors="0" timestamp="21 ene. 2022 09:00:18 GMT" skipped="0">
  <testcase classname="com.timp.test.MDR.PrecoDeTransferencia.ValoresParaMetodo.ValoresParaMetodoPCI.ValoresParaMetodoPCIEditar" name="editar" time="327.962"/>
</testsuite> <!-- com.timp.test.MDR.PrecoDeTransferencia.ValoresParaMetodo.ValoresParaMetodoPCI.ValoresParaMetodoPCIEditar -->
