<?xml version="1.0" encoding="UTF-8"?>
<!-- Generated by org.testng.reporters.JUnitReportReporter -->
<testsuite hostname="LitoSoler" name="com.timp.test.BRB.paginacion" tests="3" failures="0" timestamp="20 Jul 2020 18:55:30 GMT" time="63.220" errors="0">
  <testcase name="login" time="10.818" classname="com.timp.test.BRB.paginacion"/>
  <testcase name="paginacion" time="26.138" classname="com.timp.test.BRB.paginacion"/>
  <testcase name="brbEntrar" time="26.264" classname="com.timp.test.BRB.paginacion"/>
</testsuite> <!-- com.timp.test.BRB.paginacion -->
