<?xml version="1.0" encoding="UTF-8"?>
<!-- Generated by org.testng.reporters.JUnitReportReporter -->
<testsuite hostname="DESKTOP-C57COV6" failures="0" tests="1" name="com.timp.test.TFP.Configurações.Bloqueios.Periodo.PeriodoFiltroId" time="76.447" errors="0" timestamp="22 abr. 2021 18:56:42 GMT" skipped="0">
  <testcase classname="com.timp.test.TFP.Configurações.Bloqueios.Periodo.PeriodoFiltroId" name="Filtro" time="76.447"/>
</testsuite> <!-- com.timp.test.TFP.Configurações.Bloqueios.Periodo.PeriodoFiltroId -->
