<?xml version="1.0" encoding="UTF-8"?>
<!-- Generated by org.testng.reporters.JUnitReportReporter -->
<testsuite hostname="DESKTOP-M23FVFN" failures="0" tests="1" name="com.timp.test.MDR.TabelasComplementaresParaObrigaçoesAcessorias.TabelaComplementarParaDIRF.TabelaComplementarParaDIRFCriar" time="150.162" errors="0" timestamp="22 dic. 2021 10:06:17 GMT" skipped="0">
  <testcase classname="com.timp.test.MDR.TabelasComplementaresParaObrigaçoesAcessorias.TabelaComplementarParaDIRF.TabelaComplementarParaDIRFCriar" name="criar" time="150.162"/>
</testsuite> <!-- com.timp.test.MDR.TabelasComplementaresParaObrigaçoesAcessorias.TabelaComplementarParaDIRF.TabelaComplementarParaDIRFCriar -->
