<?xml version="1.0" encoding="UTF-8"?>
<!-- Generated by org.testng.reporters.JUnitReportReporter -->
<testsuite hostname="DESKTOP-M23FVFN" failures="0" tests="1" name="com.timp.test.ADM.Configuração.Licenças.LicençasVisualizar" time="56.137" errors="0" timestamp="2022-11-30T02:16:49 BRT" skipped="0">
  <testcase classname="com.timp.test.ADM.Configuração.Licenças.LicençasVisualizar" name="visualizar" time="56.137"/>
  <system-out/>
</testsuite> <!-- com.timp.test.ADM.Configuração.Licenças.LicençasVisualizar -->
