<?xml version="1.0" encoding="UTF-8"?>
<!-- Generated by org.testng.reporters.JUnitReportReporter -->
<testsuite hostname="EC2AMAZ-8HCHO4G" failures="0" tests="1" name="com.timp.test.BRB.CampoOutput" time="86.545" errors="0" timestamp="2023-03-03T20:29:18 UTC" skipped="0">
  <testcase classname="com.timp.test.BRB.CampoOutput" name="campoOutput" time="86.545"/>
  <system-out/>
</testsuite> <!-- com.timp.test.BRB.CampoOutput -->
