<?xml version="1.0" encoding="UTF-8"?>
<!-- Generated by org.testng.reporters.JUnitReportReporter -->
<testsuite hostname="EC2AMAZ-8HCHO4G" failures="0" tests="2" name="com.timp.test.ADM.Configuracao.ConfiguracaoDeTributos.ConfiguracaoTributoXEstrutura.ConfiguracaoTributoXEstruturaCriar" time="122.399" errors="0" timestamp="2024-10-09T19:01:01 UTC" skipped="0">
  <testcase classname="com.timp.test.ADM.Configuracao.ConfiguracaoDeTributos.ConfiguracaoTributoXEstrutura.ConfiguracaoTributoXEstruturaCriar" name="excluir" time="38.261"/>
  <system-out/>
  <testcase classname="com.timp.test.ADM.Configuracao.ConfiguracaoDeTributos.ConfiguracaoTributoXEstrutura.ConfiguracaoTributoXEstruturaCriar" name="criar" time="84.138"/>
  <system-out/>
</testsuite> <!-- com.timp.test.ADM.Configuracao.ConfiguracaoDeTributos.ConfiguracaoTributoXEstrutura.ConfiguracaoTributoXEstruturaCriar -->
