<?xml version="1.0" encoding="UTF-8"?>
<!-- Generated by org.testng.reporters.JUnitReportReporter -->
<testsuite hostname="CRISTHIAN-VASQUEZ" failures="0" tests="3" name="com.timp.test.TDK.Kpis.KpisCriar" time="110.187" errors="0" timestamp="22 feb. 2021 18:39:35 GMT" skipped="0">
  <testcase classname="com.timp.test.TDK.Kpis.KpisCriar" name="login" time="9.329"/>
  <testcase classname="com.timp.test.TDK.Kpis.KpisCriar" name="acessarTDK" time="22.142"/>
  <testcase classname="com.timp.test.TDK.Kpis.KpisCriar" name="criar" time="78.716"/>
</testsuite> <!-- com.timp.test.TDK.Kpis.KpisCriar -->
