<?xml version="1.0" encoding="UTF-8"?>
<!-- Generated by org.testng.reporters.JUnitReportReporter -->
<<<<<<< HEAD
<testsuite hostname="CRISTHIAN-VASQUEZ" failures="0" tests="1" name="com.timp.test.MDR.TabelasComplementaresParaObrigaçoesAcessorias.AtribuicaoMunicipioEstado.AtribuicaoMunicipioEstadoVisualizar" time="74.988" errors="0" timestamp="19 mar. 2021 18:05:44 GMT" skipped="0">
  <testcase classname="com.timp.test.MDR.TabelasComplementaresParaObrigaçoesAcessorias.AtribuicaoMunicipioEstado.AtribuicaoMunicipioEstadoVisualizar" name="visualizar" time="74.988"/>
=======
<testsuite hostname="CRISTHIAN-VASQUEZ" failures="0" tests="1" name="com.timp.test.MDR.TabelasComplementaresParaObrigaçoesAcessorias.AtribuicaoMunicipioEstado.AtribuicaoMunicipioEstadoVisualizar" time="80.014" errors="0" timestamp="16 mar. 2021 03:43:28 GMT" skipped="0">
  <testcase classname="com.timp.test.MDR.TabelasComplementaresParaObrigaçoesAcessorias.AtribuicaoMunicipioEstado.AtribuicaoMunicipioEstadoVisualizar" name="visualizar" time="80.014"/>
>>>>>>> branch 'Cristhian' of https://github.com/salc1997/TIMP_R1.git
</testsuite> <!-- com.timp.test.MDR.TabelasComplementaresParaObrigaçoesAcessorias.AtribuicaoMunicipioEstado.AtribuicaoMunicipioEstadoVisualizar -->
