<?xml version="1.0" encoding="UTF-8"?>
<!-- Generated by org.testng.reporters.JUnitReportReporter -->
<testsuite hostname="LitoSoler" name="com.timp.test.MDR.ThinCapitalization.Emprestimos.EmprestimosEditar" tests="3" failures="0" timestamp="22 Jan 2021 23:03:06 GMT" time="72.284" errors="0">
  <testcase name="ingresar" time="6.761" classname="com.timp.test.MDR.ThinCapitalization.Emprestimos.EmprestimosEditar"/>
  <testcase name="mdrEntrar" time="21.450" classname="com.timp.test.MDR.ThinCapitalization.Emprestimos.EmprestimosEditar"/>
  <testcase name="editarEmprestimos" time="44.073" classname="com.timp.test.MDR.ThinCapitalization.Emprestimos.EmprestimosEditar"/>
</testsuite> <!-- com.timp.test.MDR.ThinCapitalization.Emprestimos.EmprestimosEditar -->
