<?xml version="1.0" encoding="UTF-8"?>
<!-- Generated by org.testng.reporters.JUnitReportReporter -->
<testsuite hostname="LitoSoler" name="com.timp.test.MDR.RepresentanteLegais.RepresentanteLegaisEditar" tests="3" failures="0" timestamp="24 Sep 2020 20:01:20 GMT" time="84.635" errors="0">
  <testcase name="login" time="7.713" classname="com.timp.test.MDR.RepresentanteLegais.RepresentanteLegaisEditar"/>
  <testcase name="acessarMDR" time="18.809" classname="com.timp.test.MDR.RepresentanteLegais.RepresentanteLegaisEditar"/>
  <testcase name="editar" time="58.113" classname="com.timp.test.MDR.RepresentanteLegais.RepresentanteLegaisEditar"/>
</testsuite> <!-- com.timp.test.MDR.RepresentanteLegais.RepresentanteLegaisEditar -->
