<?xml version="1.0" encoding="UTF-8"?>
<!-- Generated by org.testng.reporters.JUnitReportReporter -->
<testsuite hostname="MIGUEL" failures="0" tests="3" name="com.timp.test.BCB.ParametrosGeraisHierarquiaCriar" time="116.421" errors="0" timestamp="10 Feb 2021 23:10:16 GMT">
  <testcase classname="com.timp.test.BCB.ParametrosGeraisHierarquiaCriar" name="login" time="7.003"/>
  <testcase classname="com.timp.test.BCB.ParametrosGeraisHierarquiaCriar" name="brbEntrar" time="14.303"/>
  <testcase classname="com.timp.test.BCB.ParametrosGeraisHierarquiaCriar" name="criarConfiguracaoHierarquia" time="95.115"/>
</testsuite> <!-- com.timp.test.BCB.ParametrosGeraisHierarquiaCriar -->
