<?xml version="1.0" encoding="UTF-8"?>
<!-- Generated by org.testng.reporters.JUnitReportReporter -->
<testsuite hostname="LitoSoler" name="com.timp.test.BRB.ValidacaoEstruturas.CIAP" tests="3" failures="0" timestamp="18 Jan 2021 17:24:44 GMT" time="181.174" errors="0">
  <testcase name="verificar" time="126.401" classname="com.timp.test.BRB.ValidacaoEstruturas.CIAP"/>
  <testcase name="login" time="16.947" classname="com.timp.test.BRB.ValidacaoEstruturas.CIAP"/>
  <testcase name="brbEntrar" time="37.826" classname="com.timp.test.BRB.ValidacaoEstruturas.CIAP"/>
</testsuite> <!-- com.timp.test.BRB.ValidacaoEstruturas.CIAP -->
