<?xml version="1.0" encoding="UTF-8"?>
<!-- Generated by org.testng.reporters.JUnitReportReporter -->
<testsuite hostname="EC2AMAZ-8HCHO4G" failures="0" tests="1" name="com.timp.test.TCC.BancoDeCréditoTributário.ConfiguraçãodeBancodeCréditoTributário.ConfiguraçãodeBancodeCréditoTributárioCriar" time="316.319" errors="0" timestamp="2024-10-16T21:31:46 UTC" skipped="0">
  <testcase classname="com.timp.test.TCC.BancoDeCréditoTributário.ConfiguraçãodeBancodeCréditoTributário.ConfiguraçãodeBancodeCréditoTributárioCriar" name="criar" time="316.319"/>
  <system-out/>
</testsuite> <!-- com.timp.test.TCC.BancoDeCréditoTributário.ConfiguraçãodeBancodeCréditoTributário.ConfiguraçãodeBancodeCréditoTributárioCriar -->
