<?xml version="1.0" encoding="UTF-8"?>
<!-- Generated by org.testng.reporters.JUnitReportReporter -->
<testsuite hostname="LitoSoler" name="com.timp.test.BCB.ParametrosGeraisHierarquiaLixeira" tests="3" failures="0" timestamp="27 Jan 2021 20:29:09 GMT" time="65.401" errors="0">
  <testcase name="login" time="7.241" classname="com.timp.test.BCB.ParametrosGeraisHierarquiaLixeira"/>
  <testcase name="brbEntrar" time="14.614" classname="com.timp.test.BCB.ParametrosGeraisHierarquiaLixeira"/>
  <testcase name="excluir" time="43.546" classname="com.timp.test.BCB.ParametrosGeraisHierarquiaLixeira"/>
</testsuite> <!-- com.timp.test.BCB.ParametrosGeraisHierarquiaLixeira -->
