<?xml version="1.0" encoding="UTF-8"?>
<!-- Generated by org.testng.reporters.JUnitReportReporter -->
<testsuite hostname="LitoSoler" name="com.timp.test.MDR.Centralizacao.EstornoCreditoVisualizar" tests="3" failures="0" timestamp="31 Jul 2020 19:52:52 GMT" time="68.243" errors="0">
  <testcase name="acessarMDR" time="24.853" classname="com.timp.test.MDR.Centralizacao.EstornoCreditoVisualizar"/>
  <testcase name="login" time="10.525" classname="com.timp.test.MDR.Centralizacao.EstornoCreditoVisualizar"/>
  <testcase name="Visualizar" time="32.865" classname="com.timp.test.MDR.Centralizacao.EstornoCreditoVisualizar"/>
</testsuite> <!-- com.timp.test.MDR.Centralizacao.EstornoCreditoVisualizar -->
