<?xml version="1.0" encoding="UTF-8"?>
<!-- Generated by org.testng.reporters.JUnitReportReporter -->
<testsuite hostname="LAPTOP-IN7IV9K5" failures="0" tests="1" name="com.timp.test.MDR.Ajustes.AssociacaoCodigosAjustes.AssociaçãoCodigoAjusteDetalhe" time="83.235" errors="0" timestamp="17 abr. 2021 14:54:26 GMT" skipped="0">
  <testcase classname="com.timp.test.MDR.Ajustes.AssociacaoCodigosAjustes.AssociaçãoCodigoAjusteDetalhe" name="detalhe" time="83.235"/>
</testsuite> <!-- com.timp.test.MDR.Ajustes.AssociacaoCodigosAjustes.AssociaçãoCodigoAjusteDetalhe -->
