<?xml version="1.0" encoding="UTF-8"?>
<!-- Generated by org.testng.reporters.JUnitReportReporter -->
<<<<<<< HEAD
<testsuite hostname="Agile" failures="0" tests="1" name="com.timp.test.BRB.AtivarComentario" time="127.426" errors="0" timestamp="2022-06-06T13:03:58 CST" skipped="0">
  <testcase classname="com.timp.test.BRB.AtivarComentario" name="ativarComentarios" time="127.426"/>
=======
<testsuite hostname="DESKTOP-M23FVFN" failures="0" tests="1" name="com.timp.test.BRB.AtivarComentario" time="115.057" errors="0" timestamp="2022-06-15T14:14:46 CST" skipped="0">
  <testcase classname="com.timp.test.BRB.AtivarComentario" name="ativarComentarios" time="115.057"/>
>>>>>>> branch 'Yessy' of https://github.com/salc1997/TIMP_R1
  <system-out/>
</testsuite> <!-- com.timp.test.BRB.AtivarComentario -->
