<?xml version="1.0" encoding="UTF-8"?>
<!-- Generated by org.testng.reporters.JUnitReportReporter -->
<testsuite hostname="LitoSoler" name="com.timp.test.BRB.NovoRelatorio" tests="4" failures="0" timestamp="21 Jul 2020 01:46:06 GMT" time="160.848" errors="0">
  <testcase name="colunas" time="48.210" classname="com.timp.test.BRB.NovoRelatorio"/>
  <testcase name="brbEntrar" time="14.704" classname="com.timp.test.BRB.NovoRelatorio"/>
  <testcase name="login" time="5.817" classname="com.timp.test.BRB.NovoRelatorio"/>
  <testcase name="novoRelatorio" time="92.117" classname="com.timp.test.BRB.NovoRelatorio"/>
</testsuite> <!-- com.timp.test.BRB.NovoRelatorio -->
