<?xml version="1.0" encoding="UTF-8"?>
<!-- Generated by org.testng.reporters.JUnitReportReporter -->
<testsuite hostname="CRISTHIAN-VASQUEZ" failures="0" tests="1" name="com.timp.test.MDR.TabelasApoioSped.CodigoDeAjusteDaApuraçaoDoIPI.CodigoDeAjusteDaApuraçaoDoIPIExcluir" time="76.547" errors="0" timestamp="16 mar. 2021 01:04:00 GMT" skipped="0">
  <testcase classname="com.timp.test.MDR.TabelasApoioSped.CodigoDeAjusteDaApuraçaoDoIPI.CodigoDeAjusteDaApuraçaoDoIPIExcluir" name="excluir" time="76.547"/>
</testsuite> <!-- com.timp.test.MDR.TabelasApoioSped.CodigoDeAjusteDaApuraçaoDoIPI.CodigoDeAjusteDaApuraçaoDoIPIExcluir -->
