<?xml version="1.0" encoding="UTF-8"?>
<!-- Generated by org.testng.reporters.JUnitReportReporter -->
<testsuite hostname="DESKTOP-C57COV6" failures="0" tests="1" name="com.timp.test.TFP.Configurações.Configurações.Período.ConfiguraçõesPeríodoCopiar" time="125.108" errors="0" timestamp="24 jul. 2021 22:20:57 GMT" skipped="0">
  <testcase classname="com.timp.test.TFP.Configurações.Configurações.Período.ConfiguraçõesPeríodoCopiar" name="copiar" time="125.108"/>
</testsuite> <!-- com.timp.test.TFP.Configurações.Configurações.Período.ConfiguraçõesPeríodoCopiar -->
