<?xml version="1.0" encoding="UTF-8"?>
<!-- Generated by org.testng.reporters.JUnitReportReporter -->
<testsuite hostname="DESKTOP-M23FVFN" failures="0" tests="1" name="com.timp.test.BRB.CampoOutput" time="115.384" errors="0" timestamp="2022-06-24T00:03:40 CST" skipped="0">
  <testcase classname="com.timp.test.BRB.CampoOutput" name="campoOutput" time="115.384"/>
  <system-out/>
</testsuite> <!-- com.timp.test.BRB.CampoOutput -->
