<?xml version="1.0" encoding="UTF-8"?>
<!-- Generated by org.testng.reporters.JUnitReportReporter -->
<testsuite hostname="DESKTOP-C57COV6" failures="0" tests="1" name="com.timp.test.MDR.Filiais.FiliaisEditar" time="131.448" errors="0" timestamp="17 abr. 2021 03:05:23 GMT" skipped="0">
  <testcase classname="com.timp.test.MDR.Filiais.FiliaisEditar" name="editar" time="131.448"/>
</testsuite> <!-- com.timp.test.MDR.Filiais.FiliaisEditar -->
