<?xml version="1.0" encoding="UTF-8"?>
<!-- Generated by org.testng.reporters.JUnitReportReporter -->
<testsuite hostname="CRISTHIAN-VASQUEZ" failures="0" tests="3" name="com.timp.test.BRE.CalculoDeTributos.CalculodeTributosTabelas" time="301.912" errors="0" timestamp="25 Nov 2020 18:28:28 GMT">
  <testcase classname="com.timp.test.BRE.CalculoDeTributos.CalculodeTributosTabelas" name="acessarBRE" time="16.178"/>
  <testcase classname="com.timp.test.BRE.CalculoDeTributos.CalculodeTributosTabelas" name="editar" time="278.258"/>
  <testcase classname="com.timp.test.BRE.CalculoDeTributos.CalculodeTributosTabelas" name="login" time="7.476"/>
</testsuite> <!-- com.timp.test.BRE.CalculoDeTributos.CalculodeTributosTabelas -->
