<?xml version="1.0" encoding="UTF-8"?>
<!-- Generated by org.testng.reporters.JUnitReportReporter -->
<testsuite hostname="DESKTOP-M23FVFN" failures="0" tests="2" name="com.timp.test.MDR.Centralizacao.FatorCreditamento.FatorCreditamentoExcluirEmMassa" time="1862.673" errors="0" timestamp="22 dic. 2021 16:16:17 GMT" skipped="0">
  <testcase classname="com.timp.test.MDR.Centralizacao.FatorCreditamento.FatorCreditamentoExcluirEmMassa" name="criar" time="1815.229"/>
  <testcase classname="com.timp.test.MDR.Centralizacao.FatorCreditamento.FatorCreditamentoExcluirEmMassa" name="excluir" time="47.444"/>
</testsuite> <!-- com.timp.test.MDR.Centralizacao.FatorCreditamento.FatorCreditamentoExcluirEmMassa -->
