<?xml version="1.0" encoding="UTF-8"?>
<!-- Generated by org.testng.reporters.JUnitReportReporter -->
<testsuite hostname="MIGUEL" failures="0" tests="1" name="com.timp.test.MDR.PrecoDeTransferencia.ModeloDeApuracaoTP.ModeloDeApuracaoTPCriar" time="89.440" errors="0" timestamp="09 abr. 2021 01:10:27 GMT" skipped="0">
  <testcase classname="com.timp.test.MDR.PrecoDeTransferencia.ModeloDeApuracaoTP.ModeloDeApuracaoTPCriar" name="criar" time="89.440"/>
</testsuite> <!-- com.timp.test.MDR.PrecoDeTransferencia.ModeloDeApuracaoTP.ModeloDeApuracaoTPCriar -->
