<?xml version="1.0" encoding="UTF-8"?>
<!-- Generated by org.testng.reporters.JUnitReportReporter -->
<testsuite hostname="MassielV" failures="0" tests="1" name="com.timp.test.MDR.TabelasComplementaresParaObrigaçoesAcessorias.TabelaDaReceitasPermitidas.TabelaReceitasPermitidasExcluir" time="159.935" errors="0" timestamp="17 nov. 2021 22:15:08 GMT" skipped="0">
  <testcase classname="com.timp.test.MDR.TabelasComplementaresParaObrigaçoesAcessorias.TabelaDaReceitasPermitidas.TabelaReceitasPermitidasExcluir" name="excluir" time="159.935"/>
</testsuite> <!-- com.timp.test.MDR.TabelasComplementaresParaObrigaçoesAcessorias.TabelaDaReceitasPermitidas.TabelaReceitasPermitidasExcluir -->
