<?xml version="1.0" encoding="UTF-8"?>
<!-- Generated by org.testng.reporters.JUnitReportReporter -->
<testsuite hostname="LitoSoler" name="com.timp.test.MDR.CodigoReceita.CodigoReceitaEditar" tests="3" failures="0" timestamp="26 Aug 2020 19:33:45 GMT" time="126.467" errors="0">
  <testcase name="login" time="6.530" classname="com.timp.test.MDR.CodigoReceita.CodigoReceitaEditar"/>
  <testcase name="acessarMDR" time="22.464" classname="com.timp.test.MDR.CodigoReceita.CodigoReceitaEditar"/>
  <testcase name="editar" time="97.473" classname="com.timp.test.MDR.CodigoReceita.CodigoReceitaEditar"/>
</testsuite> <!-- com.timp.test.MDR.CodigoReceita.CodigoReceitaEditar -->
