<?xml version="1.0" encoding="UTF-8"?>
<!-- Generated by org.testng.reporters.JUnitReportReporter -->
<testsuite hostname="DESKTOP-C57COV6" failures="0" tests="3" name="com.timp.test.DFG.Painel.PainelNovaConfiguração" time="116.799" errors="0" timestamp="18 may. 2021 08:06:34 GMT" skipped="0">
  <testcase classname="com.timp.test.DFG.Painel.PainelNovaConfiguração" name="ingresar" time="9.860"/>
  <testcase classname="com.timp.test.DFG.Painel.PainelNovaConfiguração" name="DFGEntrar" time="21.423"/>
  <testcase classname="com.timp.test.DFG.Painel.PainelNovaConfiguração" name="criar" time="85.516"/>
</testsuite> <!-- com.timp.test.DFG.Painel.PainelNovaConfiguração -->
