<?xml version="1.0" encoding="UTF-8"?>
<!-- Generated by org.testng.reporters.JUnitReportReporter -->
<<<<<<< HEAD
<testsuite hostname="CRISTHIAN-VASQUEZ" failures="0" tests="3" name="com.timp.test.BRE.RegrasdeAuditoriaN1.Edicao.RegrasDeAuditoriaN1Relacionamento" time="107.454" errors="0" timestamp="19 feb. 2021 17:15:30 GMT" skipped="0">
  <testcase classname="com.timp.test.BRE.RegrasdeAuditoriaN1.Edicao.RegrasDeAuditoriaN1Relacionamento" name="login" time="9.304"/>
  <testcase classname="com.timp.test.BRE.RegrasdeAuditoriaN1.Edicao.RegrasDeAuditoriaN1Relacionamento" name="acessarBRE" time="17.919"/>
  <testcase classname="com.timp.test.BRE.RegrasdeAuditoriaN1.Edicao.RegrasDeAuditoriaN1Relacionamento" name="editar" time="80.231"/>
=======
<testsuite hostname="CRISTHIAN-VASQUEZ" failures="0" tests="3" name="com.timp.test.BRE.RegrasdeAuditoriaN1.Edicao.RegrasDeAuditoriaN1Relacionamento" time="105.510" errors="0" timestamp="15 Feb 2021 18:46:28 GMT">
  <testcase classname="com.timp.test.BRE.RegrasdeAuditoriaN1.Edicao.RegrasDeAuditoriaN1Relacionamento" name="acessarBRE" time="16.951"/>
  <testcase classname="com.timp.test.BRE.RegrasdeAuditoriaN1.Edicao.RegrasDeAuditoriaN1Relacionamento" name="login" time="8.462"/>
  <testcase classname="com.timp.test.BRE.RegrasdeAuditoriaN1.Edicao.RegrasDeAuditoriaN1Relacionamento" name="editar" time="80.097"/>
>>>>>>> branch 'Cristhian' of https://github.com/salc1997/TIMP_R1.git
</testsuite> <!-- com.timp.test.BRE.RegrasdeAuditoriaN1.Edicao.RegrasDeAuditoriaN1Relacionamento -->
