<?xml version="1.0" encoding="UTF-8"?>
<!-- Generated by org.testng.reporters.JUnitReportReporter -->
<testsuite hostname="DESKTOP-BNBDMGT" failures="0" tests="3" name="com.timp.test.TDK.Dashboard.DashboardCriar" time="199.747" errors="0" timestamp="25 Jan 2021 05:29:40 GMT">
  <testcase classname="com.timp.test.TDK.Dashboard.DashboardCriar" name="login" time="8.756"/>
  <testcase classname="com.timp.test.TDK.Dashboard.DashboardCriar" name="criar" time="169.658"/>
  <testcase classname="com.timp.test.TDK.Dashboard.DashboardCriar" name="acessarTDK" time="21.333"/>
</testsuite> <!-- com.timp.test.TDK.Dashboard.DashboardCriar -->
