<?xml version="1.0" encoding="UTF-8"?>
<!-- Generated by org.testng.reporters.JUnitReportReporter -->
<testsuite hostname="MIGUEL" failures="0" tests="17" name="com.timp.test.BCB.OrigenBFBHierarquiaConfiguracaoTodasAsFuncionalidades" time="539.567" errors="0" timestamp="22 Jan 2021 21:41:53 GMT">
  <testcase classname="com.timp.test.BCB.OrigenBFBHierarquiaConfiguracaoTodasAsFuncionalidades" name="criarConfiguracionConfiguracao" time="77.652"/>
  <testcase classname="com.timp.test.BCB.OrigenBFBHierarquiaConfiguracaoTodasAsFuncionalidades" name="brbEntrar" time="13.119"/>
  <testcase classname="com.timp.test.BCB.OrigenBFBHierarquiaConfiguracaoTodasAsFuncionalidades" name="subNivel3" time="30.421"/>
  <testcase classname="com.timp.test.BCB.OrigenBFBHierarquiaConfiguracaoTodasAsFuncionalidades" name="criarConfiguracaoExecucoes" time="76.293"/>
  <testcase classname="com.timp.test.BCB.OrigenBFBHierarquiaConfiguracaoTodasAsFuncionalidades" name="subNivel2" time="28.458"/>
  <testcase classname="com.timp.test.BCB.OrigenBFBHierarquiaConfiguracaoTodasAsFuncionalidades" name="abrirSubnivel3" time="5.162"/>
  <testcase classname="com.timp.test.BCB.OrigenBFBHierarquiaConfiguracaoTodasAsFuncionalidades" name="criarConfiguracao" time="53.353"/>
  <testcase classname="com.timp.test.BCB.OrigenBFBHierarquiaConfiguracaoTodasAsFuncionalidades" name="abrirSubnivel5" time="5.181"/>
  <testcase classname="com.timp.test.BCB.OrigenBFBHierarquiaConfiguracaoTodasAsFuncionalidades" name="abrirSubnivel1" time="41.046"/>
  <testcase classname="com.timp.test.BCB.OrigenBFBHierarquiaConfiguracaoTodasAsFuncionalidades" name="abrirSubnivel4" time="5.154"/>
  <testcase classname="com.timp.test.BCB.OrigenBFBHierarquiaConfiguracaoTodasAsFuncionalidades" name="excluirConfiguracoes" time="51.598"/>
  <testcase classname="com.timp.test.BCB.OrigenBFBHierarquiaConfiguracaoTodasAsFuncionalidades" name="outputBCB" time="23.864"/>
  <testcase classname="com.timp.test.BCB.OrigenBFBHierarquiaConfiguracaoTodasAsFuncionalidades" name="abrirSubnivel2" time="5.162"/>
  <testcase classname="com.timp.test.BCB.OrigenBFBHierarquiaConfiguracaoTodasAsFuncionalidades" name="excluirHierarquia" time="57.437"/>
  <testcase classname="com.timp.test.BCB.OrigenBFBHierarquiaConfiguracaoTodasAsFuncionalidades" name="subNivel5" time="26.353"/>
  <testcase classname="com.timp.test.BCB.OrigenBFBHierarquiaConfiguracaoTodasAsFuncionalidades" name="subNivel4" time="30.561"/>
  <testcase classname="com.timp.test.BCB.OrigenBFBHierarquiaConfiguracaoTodasAsFuncionalidades" name="login" time="8.753"/>
</testsuite> <!-- com.timp.test.BCB.OrigenBFBHierarquiaConfiguracaoTodasAsFuncionalidades -->
