<?xml version="1.0" encoding="UTF-8"?>
<!-- Generated by org.testng.reporters.JUnitReportReporter -->
<testsuite hostname="LitoSoler" name="com.timp.test.MDR.TabelasApoioESocial.Tabela23.FatoresDeRiscoCriar" tests="3" failures="0" timestamp="22 Jan 2021 23:31:50 GMT" time="69.970" errors="0">
  <testcase name="login" time="7.356" classname="com.timp.test.MDR.TabelasApoioESocial.Tabela23.FatoresDeRiscoCriar"/>
  <testcase name="acessarMDR" time="22.014" classname="com.timp.test.MDR.TabelasApoioESocial.Tabela23.FatoresDeRiscoCriar"/>
  <testcase name="criar" time="40.600" classname="com.timp.test.MDR.TabelasApoioESocial.Tabela23.FatoresDeRiscoCriar"/>
</testsuite> <!-- com.timp.test.MDR.TabelasApoioESocial.Tabela23.FatoresDeRiscoCriar -->
