<?xml version="1.0" encoding="UTF-8"?>
<!-- Generated by org.testng.reporters.JUnitReportReporter -->
<testsuite hostname="DESKTOP-M23FVFN" failures="0" tests="1" name="com.timp.test.MDR.TabelasApoioESocial.Tabela05.TiposDeRegistroDetalhes" time="129.798" errors="0" timestamp="29 ene. 2022 18:06:10 GMT" skipped="0">
  <testcase classname="com.timp.test.MDR.TabelasApoioESocial.Tabela05.TiposDeRegistroDetalhes" name="detalhe" time="129.798"/>
</testsuite> <!-- com.timp.test.MDR.TabelasApoioESocial.Tabela05.TiposDeRegistroDetalhes -->
