<?xml version="1.0" encoding="UTF-8"?>
<!-- Generated by org.testng.reporters.JUnitReportReporter -->
<testsuite hostname="LitoSoler" name="com.timp.test.MDR.Antecipacao.AntecipacaoCriar" tests="3" failures="0" timestamp="4 Aug 2020 22:04:10 GMT" time="149.988" errors="0">
  <testcase name="acessarMDR" time="7.682" classname="com.timp.test.MDR.Antecipacao.AntecipacaoCriar"/>
  <testcase name="login" time="5.542" classname="com.timp.test.MDR.Antecipacao.AntecipacaoCriar"/>
  <testcase name="criar" time="136.764" classname="com.timp.test.MDR.Antecipacao.AntecipacaoCriar"/>
</testsuite> <!-- com.timp.test.MDR.Antecipacao.AntecipacaoCriar -->
