<?xml version="1.0" encoding="UTF-8"?>
<!-- Generated by org.testng.reporters.JUnitReportReporter -->
<testsuite hostname="LitoSoler" name="com.timp.test.MDR.Centralizacao.EstornoCredito.EstornoCreditoCriar" tests="3" failures="0" timestamp="19 Aug 2020 22:36:03 GMT" time="53.358" errors="0">
  <testcase name="acessarMDR" time="8.744" classname="com.timp.test.MDR.Centralizacao.EstornoCredito.EstornoCreditoCriar"/>
  <testcase name="criar" time="38.350" classname="com.timp.test.MDR.Centralizacao.EstornoCredito.EstornoCreditoCriar"/>
  <testcase name="login" time="6.264" classname="com.timp.test.MDR.Centralizacao.EstornoCredito.EstornoCreditoCriar"/>
</testsuite> <!-- com.timp.test.MDR.Centralizacao.EstornoCredito.EstornoCreditoCriar -->
