<?xml version="1.0" encoding="UTF-8"?>
<!-- Generated by org.testng.reporters.JUnitReportReporter -->
<testsuite hostname="LitoSoler" name="com.timp.test.MDR.DetalheTipoTributo.DetalheDetalhes" tests="3" failures="0" timestamp="19 Nov 2020 19:41:19 GMT" time="61.516" errors="0">
  <testcase name="acessarMDR" time="18.999" classname="com.timp.test.MDR.DetalheTipoTributo.DetalheDetalhes"/>
  <testcase name="detalhes" time="35.479" classname="com.timp.test.MDR.DetalheTipoTributo.DetalheDetalhes"/>
  <testcase name="login" time="7.038" classname="com.timp.test.MDR.DetalheTipoTributo.DetalheDetalhes"/>
</testsuite> <!-- com.timp.test.MDR.DetalheTipoTributo.DetalheDetalhes -->
