<?xml version="1.0" encoding="UTF-8"?>
<!-- Generated by org.testng.reporters.JUnitReportReporter -->
<testsuite hostname="DESKTOP-C57COV6" failures="0" tests="1" name="com.timp.test.ADM.Configuração.ConfiguracaoDeTributos.ConfiguracaoDeTributoGrupo.ConfiguracaoDeTributoGrupoEditar" time="93.622" errors="0" timestamp="05 ago. 2021 14:37:29 GMT" skipped="0">
  <testcase classname="com.timp.test.ADM.Configuração.ConfiguracaoDeTributos.ConfiguracaoDeTributoGrupo.ConfiguracaoDeTributoGrupoEditar" name="editar" time="93.622"/>
</testsuite> <!-- com.timp.test.ADM.Configuração.ConfiguracaoDeTributos.ConfiguracaoDeTributoGrupo.ConfiguracaoDeTributoGrupoEditar -->
