<?xml version="1.0" encoding="UTF-8"?>
<!-- Generated by org.testng.reporters.JUnitReportReporter -->
<testsuite hostname="MassielV" failures="0" tests="1" name="com.timp.test.TFP.Configurações.Configurações.Subperíodo.SubperíodoExcluir" time="90.986" errors="0" timestamp="11 nov. 2021 19:56:00 GMT" skipped="0">
  <testcase classname="com.timp.test.TFP.Configurações.Configurações.Subperíodo.SubperíodoExcluir" name="excluir" time="90.986"/>
</testsuite> <!-- com.timp.test.TFP.Configurações.Configurações.Subperíodo.SubperíodoExcluir -->
