<?xml version="1.0" encoding="UTF-8"?>
<!-- Generated by org.testng.reporters.JUnitReportReporter -->
<testsuite hostname="MIGUEL" failures="0" tests="3" name="com.timp.test.BRE.CalculoDeTributos.CálculodeTributosEdiçãoEstruturas" time="282.010" errors="0" timestamp="11 Jan 2021 21:19:19 GMT">
  <testcase classname="com.timp.test.BRE.CalculoDeTributos.CálculodeTributosEdiçãoEstruturas" name="editar" time="257.260"/>
  <testcase classname="com.timp.test.BRE.CalculoDeTributos.CálculodeTributosEdiçãoEstruturas" name="login" time="8.300"/>
  <testcase classname="com.timp.test.BRE.CalculoDeTributos.CálculodeTributosEdiçãoEstruturas" name="acessarBRE" time="16.450"/>
</testsuite> <!-- com.timp.test.BRE.CalculoDeTributos.CálculodeTributosEdiçãoEstruturas -->
