<?xml version="1.0" encoding="UTF-8"?>
<!-- Generated by org.testng.reporters.JUnitReportReporter -->
<testsuite hostname="LitoSoler" name="com.timp.test.MDR.CEP.Bairro.BairroVisualizar" tests="3" failures="0" timestamp="23 Jul 2020 18:10:22 GMT" time="25.241" errors="0">
  <testcase name="login" time="5.477" classname="com.timp.test.MDR.CEP.Bairro.BairroVisualizar"/>
  <testcase name="acessarMDR" time="6.703" classname="com.timp.test.MDR.CEP.Bairro.BairroVisualizar"/>
  <testcase name="filtro" time="13.061" classname="com.timp.test.MDR.CEP.Bairro.BairroVisualizar"/>
</testsuite> <!-- com.timp.test.MDR.CEP.Bairro.BairroVisualizar -->
