<?xml version="1.0" encoding="UTF-8"?>
<!-- Generated by org.testng.reporters.JUnitReportReporter -->
<testsuite hostname="DESKTOP-C57COV6" failures="0" tests="3" name="com.timp.test.TBD.Configuração.RangeDeNumeracao.RangeDeNumeracaoExcluir" time="59.558" errors="0" timestamp="22 abr. 2021 01:55:09 GMT" skipped="0">
  <testcase classname="com.timp.test.TBD.Configuração.RangeDeNumeracao.RangeDeNumeracaoExcluir" name="login" time="8.728"/>
  <testcase classname="com.timp.test.TBD.Configuração.RangeDeNumeracao.RangeDeNumeracaoExcluir" name="TBDEntrar" time="15.015"/>
  <testcase classname="com.timp.test.TBD.Configuração.RangeDeNumeracao.RangeDeNumeracaoExcluir" name="excluir" time="35.815"/>
</testsuite> <!-- com.timp.test.TBD.Configuração.RangeDeNumeracao.RangeDeNumeracaoExcluir -->
