<?xml version="1.0" encoding="UTF-8"?>
<!-- Generated by org.testng.reporters.JUnitReportReporter -->
<testsuite hostname="LitoSoler" name="com.timp.test.BRB.CampoOutput" tests="3" failures="0" timestamp="18 Oct 2020 22:44:21 GMT" time="59.816" errors="0">
  <testcase name="brbEntrar" time="18.671" classname="com.timp.test.BRB.CampoOutput"/>
  <testcase name="login" time="7.492" classname="com.timp.test.BRB.CampoOutput"/>
  <testcase name="campoOutput" time="33.653" classname="com.timp.test.BRB.CampoOutput"/>
</testsuite> <!-- com.timp.test.BRB.CampoOutput -->
