<?xml version="1.0" encoding="UTF-8"?>
<!-- Generated by org.testng.reporters.JUnitReportReporter -->
<testsuite hostname="LitoSoler" name="com.timp.test.MDR.Antecipacao.AntecipacaoEditar" tests="3" failures="0" timestamp="17 Jul 2020 23:04:45 GMT" time="76.909" errors="0">
  <testcase name="acessarMDR" time="8.309" classname="com.timp.test.MDR.Antecipacao.AntecipacaoEditar"/>
  <testcase name="visualizar" time="61.474" classname="com.timp.test.MDR.Antecipacao.AntecipacaoEditar"/>
  <testcase name="login" time="7.126" classname="com.timp.test.MDR.Antecipacao.AntecipacaoEditar"/>
</testsuite> <!-- com.timp.test.MDR.Antecipacao.AntecipacaoEditar -->
