<?xml version="1.0" encoding="UTF-8"?>
<!-- Generated by org.testng.reporters.JUnitReportReporter -->
<testsuite hostname="DESKTOP-BNBDMGT" failures="0" tests="3" name="com.timp.test.DFG.AN4.AN4Funcionalidades" time="73.069" errors="0" timestamp="6 Jan 2021 05:00:39 GMT">
  <testcase classname="com.timp.test.DFG.AN4.AN4Funcionalidades" name="executarDFG" time="38.987"/>
  <testcase classname="com.timp.test.DFG.AN4.AN4Funcionalidades" name="ingresar" time="6.721"/>
  <testcase classname="com.timp.test.DFG.AN4.AN4Funcionalidades" name="AN4IdDFG" time="27.361"/>
</testsuite> <!-- com.timp.test.DFG.AN4.AN4Funcionalidades -->
