<?xml version="1.0" encoding="UTF-8"?>
<!-- Generated by org.testng.reporters.JUnitReportReporter -->
<testsuite hostname="DESKTOP-M23FVFN" failures="0" tests="2" name="com.timp.test.BRB.ExcluirRelatorio" time="270.833" errors="0" timestamp="09 dic. 2021 04:16:25 GMT" skipped="0">
  <testcase classname="com.timp.test.BRB.ExcluirRelatorio" name="eliminarLixeira" time="51.540"/>
  <testcase classname="com.timp.test.BRB.ExcluirRelatorio" name="eliminar" time="219.293"/>
</testsuite> <!-- com.timp.test.BRB.ExcluirRelatorio -->
