<?xml version="1.0" encoding="UTF-8"?>
<!-- Generated by org.testng.reporters.JUnitReportReporter -->
<testsuite hostname="DESKTOP-JP1A9E6" failures="0" tests="1" name="com.timp.test.MDR.Filiais.FiliaisEditar" time="148.782" errors="0" timestamp="24 jul. 2021 07:56:26 GMT" skipped="0">
  <testcase classname="com.timp.test.MDR.Filiais.FiliaisEditar" name="editar" time="148.782"/>
</testsuite> <!-- com.timp.test.MDR.Filiais.FiliaisEditar -->
