<?xml version="1.0" encoding="UTF-8"?>
<!-- Generated by org.testng.reporters.JUnitReportReporter -->
<testsuite skipped="0" hostname="LitoSoler" name="com.timp.test.MDR.CodigoReceita.CodigoReceitaDetalhes" tests="1" failures="0" timestamp="24 feb 2021 17:08:05 GMT" time="73.727" errors="0">
  <testcase name="detalhes" time="73.727" classname="com.timp.test.MDR.CodigoReceita.CodigoReceitaDetalhes"/>
</testsuite> <!-- com.timp.test.MDR.CodigoReceita.CodigoReceitaDetalhes -->
