<?xml version="1.0" encoding="UTF-8"?>
<!-- Generated by org.testng.reporters.JUnitReportReporter -->
<testsuite hostname="CRISTHIAN-VASQUEZ" failures="0" tests="3" name="com.timp.test.BCB.ParametrosGeraisFiltrosAvancados" time="68.160" errors="0" timestamp="7 Nov 2020 16:39:11 GMT">
  <testcase classname="com.timp.test.BCB.ParametrosGeraisFiltrosAvancados" name="login" time="9.789"/>
  <testcase classname="com.timp.test.BCB.ParametrosGeraisFiltrosAvancados" name="brbEntrar" time="20.974"/>
  <testcase classname="com.timp.test.BCB.ParametrosGeraisFiltrosAvancados" name="criarConfiguracao" time="37.397"/>
</testsuite> <!-- com.timp.test.BCB.ParametrosGeraisFiltrosAvancados -->
