<?xml version="1.0" encoding="UTF-8"?>
<!-- Generated by org.testng.reporters.JUnitReportReporter -->
<testsuite hostname="DESKTOP-C57COV6" failures="0" tests="2" name="com.timp.test.TDK.Kpis.Lixeira.KpisLixeiraExcluirEmMassa" time="128.664" errors="0" timestamp="10 ago. 2021 14:59:10 GMT" skipped="0">
  <testcase classname="com.timp.test.TDK.Kpis.Lixeira.KpisLixeiraExcluirEmMassa" name="excluir" time="53.355"/>
  <testcase classname="com.timp.test.TDK.Kpis.Lixeira.KpisLixeiraExcluirEmMassa" name="comparar" time="75.309"/>
</testsuite> <!-- com.timp.test.TDK.Kpis.Lixeira.KpisLixeiraExcluirEmMassa -->
