<?xml version="1.0" encoding="UTF-8"?>
<!-- Generated by org.testng.reporters.JUnitReportReporter -->
<testsuite hostname="DESKTOP-C57COV6" failures="0" tests="1" name="com.timp.test.TDK.Kpis.KpisLixeiraExcluir" time="77.754" errors="0" timestamp="01 may. 2021 01:10:42 GMT" skipped="0">
  <testcase classname="com.timp.test.TDK.Kpis.KpisLixeiraExcluir" name="lixeira" time="77.754"/>
</testsuite> <!-- com.timp.test.TDK.Kpis.KpisLixeiraExcluir -->
