<?xml version="1.0" encoding="UTF-8"?>
<!-- Generated by org.testng.reporters.JUnitReportReporter -->
<testsuite hostname="DESKTOP-C57COV6" failures="0" tests="1" name="com.timp.test.MDR.Antecipacao.AntecipacaoVisualizar" time="148.415" errors="0" timestamp="30 sep. 2021 21:49:19 GMT" skipped="0">
  <testcase classname="com.timp.test.MDR.Antecipacao.AntecipacaoVisualizar" name="visualizar" time="148.415"/>
</testsuite> <!-- com.timp.test.MDR.Antecipacao.AntecipacaoVisualizar -->
