<?xml version="1.0" encoding="UTF-8"?>
<!-- Generated by org.testng.reporters.JUnitReportReporter -->
<testsuite hostname="LitoSoler" name="com.timp.test.MDR.SequenciaAcesso.SequenciaCriar" tests="3" failures="0" timestamp="14 Nov 2020 19:47:38 GMT" time="115.076" errors="0">
  <testcase name="login" time="8.214" classname="com.timp.test.MDR.SequenciaAcesso.SequenciaCriar"/>
  <testcase name="acessarMDR" time="34.415" classname="com.timp.test.MDR.SequenciaAcesso.SequenciaCriar"/>
  <testcase name="criar" time="72.447" classname="com.timp.test.MDR.SequenciaAcesso.SequenciaCriar"/>
</testsuite> <!-- com.timp.test.MDR.SequenciaAcesso.SequenciaCriar -->
