<?xml version="1.0" encoding="UTF-8"?>
<!-- Generated by org.testng.reporters.JUnitReportReporter -->
<testsuite hostname="EC2AMAZ-8HCHO4G" failures="0" tests="3" name="com.timp.test.BRB.Formula" time="179.908" errors="0" timestamp="2023-07-31T18:42:46 UTC" skipped="0">
  <testcase classname="com.timp.test.BRB.Formula" name="aplicar" time="14.984"/>
  <system-out/>
  <testcase classname="com.timp.test.BRB.Formula" name="formulaBoton" time="109.458"/>
  <system-out/>
  <testcase classname="com.timp.test.BRB.Formula" name="formulaColuna" time="55.466"/>
  <system-out/>
</testsuite> <!-- com.timp.test.BRB.Formula -->
