<?xml version="1.0" encoding="UTF-8"?>
<!-- Generated by org.testng.reporters.JUnitReportReporter -->
<testsuite hostname="Agile" failures="0" tests="1" name="com.timp.test.BRB.OutputAutomático" time="231.888" errors="0" timestamp="14 feb. 2022 23:07:08 GMT" skipped="0">
  <testcase classname="com.timp.test.BRB.OutputAutomático" name="outputAutomatico" time="231.888"/>
</testsuite> <!-- com.timp.test.BRB.OutputAutomático -->
