<?xml version="1.0" encoding="UTF-8"?>
<<<<<<< HEAD
<!-- Generated by org.testng.reporters.JUnitReportReporter -->
<testsuite hostname="DESKTOP-C57COV6" failures="0" tests="1" name="com.timp.test.MDR.TabelasApoioESocial.Tabela21.NaturezaJuridicaEditar" time="206.325" errors="0" timestamp="19 oct. 2021 01:30:04 GMT" skipped="0">
  <testcase classname="com.timp.test.MDR.TabelasApoioESocial.Tabela21.NaturezaJuridicaEditar" name="editar" time="206.325"/>
=======
<!-- Generated by org.testng.reporters.JUnitReportReporter -->
<testsuite hostname="DESKTOP-C57COV6" failures="0" tests="1" name="com.timp.test.MDR.TabelasApoioESocial.Tabela21.NaturezaJuridicaEditar" time="287.459" errors="0" timestamp="15 oct. 2021 21:58:06 GMT" skipped="0">
  <testcase classname="com.timp.test.MDR.TabelasApoioESocial.Tabela21.NaturezaJuridicaEditar" name="editar" time="287.459"/>
>>>>>>> branch 'Yessy' of https://github.com/salc1997/TIMP_R1.git
</testsuite> <!-- com.timp.test.MDR.TabelasApoioESocial.Tabela21.NaturezaJuridicaEditar -->
