<?xml version="1.0" encoding="UTF-8"?>
<!-- Generated by org.testng.reporters.JUnitReportReporter -->
<testsuite hostname="CRISTHIAN-VASQUEZ" failures="0" tests="3" name="com.timp.test.BRE.RegrasdeAuditoriaN2.RegrasDeAuditoriaN2EdicaoRelacionamento" time="114.182" errors="0" timestamp="15 Feb 2021 18:43:18 GMT">
  <testcase classname="com.timp.test.BRE.RegrasdeAuditoriaN2.RegrasDeAuditoriaN2EdicaoRelacionamento" name="login" time="7.169"/>
  <testcase classname="com.timp.test.BRE.RegrasdeAuditoriaN2.RegrasDeAuditoriaN2EdicaoRelacionamento" name="editar" time="89.612"/>
  <testcase classname="com.timp.test.BRE.RegrasdeAuditoriaN2.RegrasDeAuditoriaN2EdicaoRelacionamento" name="acessarBRE" time="17.401"/>
</testsuite> <!-- com.timp.test.BRE.RegrasdeAuditoriaN2.RegrasDeAuditoriaN2EdicaoRelacionamento -->
