<?xml version="1.0" encoding="UTF-8"?>
<!-- Generated by org.testng.reporters.JUnitReportReporter -->
<testsuite hostname="DESKTOP-C57COV6" failures="0" tests="2" name="com.timp.test.TDK.Kpis.KpisCriarCopia" time="347.723" errors="0" timestamp="02 jul. 2021 17:03:24 GMT" skipped="0">
  <testcase classname="com.timp.test.TDK.Kpis.KpisCriarCopia" name="criarCopia" time="166.971"/>
  <testcase classname="com.timp.test.TDK.Kpis.KpisCriarCopia" name="comparar" time="180.752"/>
</testsuite> <!-- com.timp.test.TDK.Kpis.KpisCriarCopia -->
