<?xml version="1.0" encoding="UTF-8"?>
<!-- Generated by org.testng.reporters.JUnitReportReporter -->
<testsuite hostname="EC2AMAZ-8HCHO4G" failures="0" tests="1" name="com.timp.test.TCC.BancoDeCreditoExtemporaneo.ConfiguracaoEExecucao.ConfiguracaoEExecucaoEditar" time="112.438" errors="0" timestamp="2024-05-29T19:30:09 UTC" skipped="0">
  <testcase classname="com.timp.test.TCC.BancoDeCreditoExtemporaneo.ConfiguracaoEExecucao.ConfiguracaoEExecucaoEditar" name="editar" time="112.438"/>
  <system-out/>
</testsuite> <!-- com.timp.test.TCC.BancoDeCreditoExtemporaneo.ConfiguracaoEExecucao.ConfiguracaoEExecucaoEditar -->
