<?xml version="1.0" encoding="UTF-8"?>
<!-- Generated by org.testng.reporters.JUnitReportReporter -->
<testsuite hostname="DESKTOP-NV7E9IV" name="com.timp.test.BRB.NovoRelatorio" tests="4" failures="0" timestamp="25 Aug 2020 17:04:01 GMT" time="126.126" errors="0">
  <testcase name="brbEntrar" time="20.678" classname="com.timp.test.BRB.NovoRelatorio"/>
  <testcase name="colunas" time="55.612" classname="com.timp.test.BRB.NovoRelatorio"/>
  <testcase name="login" time="8.935" classname="com.timp.test.BRB.NovoRelatorio"/>
  <testcase name="novoRelatorio" time="40.901" classname="com.timp.test.BRB.NovoRelatorio"/>
</testsuite> <!-- com.timp.test.BRB.NovoRelatorio -->
