<?xml version="1.0" encoding="UTF-8"?>
<!-- Generated by org.testng.reporters.JUnitReportReporter -->
<testsuite skipped="0" hostname="LitoSoler" name="com.timp.test.MDR.CEP.Bairro.BairroEditar" tests="1" failures="0" timestamp="16 mar 2021 03:10:11 GMT" time="98.275" errors="0">
  <testcase name="editar" time="98.275" classname="com.timp.test.MDR.CEP.Bairro.BairroEditar"/>
</testsuite> <!-- com.timp.test.MDR.CEP.Bairro.BairroEditar -->
