<?xml version="1.0" encoding="UTF-8"?>
<!-- Generated by org.testng.reporters.JUnitReportReporter -->
<testsuite hostname="LAPTOP-IN7IV9K5" failures="0" tests="3" name="com.timp.test.BCB.ParametrosGeraisHierarquia.Hierarquia.ParametrosGeraisHierarquiaVisualizar" time="62.653" errors="0" timestamp="02 mar. 2021 18:42:38 GMT" skipped="0">
  <testcase classname="com.timp.test.BCB.ParametrosGeraisHierarquia.Hierarquia.ParametrosGeraisHierarquiaVisualizar" name="login" time="7.526"/>
  <testcase classname="com.timp.test.BCB.ParametrosGeraisHierarquia.Hierarquia.ParametrosGeraisHierarquiaVisualizar" name="brbEntrar" time="16.317"/>
  <testcase classname="com.timp.test.BCB.ParametrosGeraisHierarquia.Hierarquia.ParametrosGeraisHierarquiaVisualizar" name="visualizar" time="38.810"/>
</testsuite> <!-- com.timp.test.BCB.ParametrosGeraisHierarquia.Hierarquia.ParametrosGeraisHierarquiaVisualizar -->
