<?xml version="1.0" encoding="UTF-8"?>
<!-- Generated by org.testng.reporters.JUnitReportReporter -->
<testsuite hostname="EC2AMAZ-8HCHO4G" failures="0" tests="5" name="com.timp.test.ADM.Configuracao.ConfiguracaoDeTributos.ConfiguracaodeTributoXTributoGrupo.ConfiguracaodeTributoXTributoGrupoTodasFunc" time="218.663" errors="0" timestamp="2023-04-26T21:59:22 UTC" skipped="0">
  <testcase classname="com.timp.test.ADM.Configuracao.ConfiguracaoDeTributos.ConfiguracaodeTributoXTributoGrupo.ConfiguracaodeTributoXTributoGrupoTodasFunc" name="criar" time="73.641"/>
  <system-out/>
  <testcase classname="com.timp.test.ADM.Configuracao.ConfiguracaoDeTributos.ConfiguracaodeTributoXTributoGrupo.ConfiguracaodeTributoXTributoGrupoTodasFunc" name="Editar" time="36.947"/>
  <system-out/>
  <testcase classname="com.timp.test.ADM.Configuracao.ConfiguracaoDeTributos.ConfiguracaodeTributoXTributoGrupo.ConfiguracaodeTributoXTributoGrupoTodasFunc" name="visualizar" time="64.213"/>
  <system-out/>
  <testcase classname="com.timp.test.ADM.Configuracao.ConfiguracaoDeTributos.ConfiguracaodeTributoXTributoGrupo.ConfiguracaodeTributoXTributoGrupoTodasFunc" name="filtros" time="19.957"/>
  <system-out/>
  <testcase classname="com.timp.test.ADM.Configuracao.ConfiguracaoDeTributos.ConfiguracaodeTributoXTributoGrupo.ConfiguracaodeTributoXTributoGrupoTodasFunc" name="Excluir" time="23.905"/>
  <system-out/>
</testsuite> <!-- com.timp.test.ADM.Configuracao.ConfiguracaoDeTributos.ConfiguracaodeTributoXTributoGrupo.ConfiguracaodeTributoXTributoGrupoTodasFunc -->
