<?xml version="1.0" encoding="UTF-8"?>
<!-- Generated by org.testng.reporters.JUnitReportReporter -->
<testsuite hostname="LitoSoler" name="com.timp.test.MDR.Antecipacao.AntecipacaoEliminar" tests="3" failures="0" timestamp="17 Jul 2020 23:07:21 GMT" time="61.237" errors="0">
  <testcase name="acessarMDR" time="8.387" classname="com.timp.test.MDR.Antecipacao.AntecipacaoEliminar"/>
  <testcase name="login" time="7.210" classname="com.timp.test.MDR.Antecipacao.AntecipacaoEliminar"/>
  <testcase name="visualizar" time="45.640" classname="com.timp.test.MDR.Antecipacao.AntecipacaoEliminar"/>
</testsuite> <!-- com.timp.test.MDR.Antecipacao.AntecipacaoEliminar -->
