<?xml version="1.0" encoding="UTF-8"?>
<!-- Generated by org.testng.reporters.JUnitReportReporter -->
<testsuite hostname="DESKTOP-C57COV6" failures="0" tests="1" name="com.timp.test.MDR.PrecoDeTransferencia.ParametrosModeloDeApuracaoTP.ParametrosModeloDeApuracaoTPExcluir" time="140.559" errors="0" timestamp="05 jun. 2021 04:05:15 GMT" skipped="0">
  <testcase classname="com.timp.test.MDR.PrecoDeTransferencia.ParametrosModeloDeApuracaoTP.ParametrosModeloDeApuracaoTPExcluir" name="excluir" time="140.559"/>
</testsuite> <!-- com.timp.test.MDR.PrecoDeTransferencia.ParametrosModeloDeApuracaoTP.ParametrosModeloDeApuracaoTPExcluir -->
