<?xml version="1.0" encoding="UTF-8"?>
<!-- Generated by org.testng.reporters.JUnitReportReporter -->
<testsuite hostname="MIGUEL" failures="0" tests="7" name="com.timp.test.BFB.Leiautes.ExecucaoDaConfiguracaoGeralFuncionalidades" time="250.794" errors="0" timestamp="08 mar. 2021 20:34:54 GMT" skipped="0">
  <testcase classname="com.timp.test.BFB.Leiautes.ExecucaoDaConfiguracaoGeralFuncionalidades" name="login" time="8.447"/>
  <testcase classname="com.timp.test.BFB.Leiautes.ExecucaoDaConfiguracaoGeralFuncionalidades" name="brbEntrar" time="12.877"/>
  <testcase classname="com.timp.test.BFB.Leiautes.ExecucaoDaConfiguracaoGeralFuncionalidades" name="criarConfiguracao" time="58.167"/>
  <testcase classname="com.timp.test.BFB.Leiautes.ExecucaoDaConfiguracaoGeralFuncionalidades" name="executar" time="60.014"/>
  <testcase classname="com.timp.test.BFB.Leiautes.ExecucaoDaConfiguracaoGeralFuncionalidades" name="numeroDePagina" time="7.397"/>
  <testcase classname="com.timp.test.BFB.Leiautes.ExecucaoDaConfiguracaoGeralFuncionalidades" name="gravarExecucao" time="13.847"/>
  <testcase classname="com.timp.test.BFB.Leiautes.ExecucaoDaConfiguracaoGeralFuncionalidades" name="visualizar" time="90.045"/>
</testsuite> <!-- com.timp.test.BFB.Leiautes.ExecucaoDaConfiguracaoGeralFuncionalidades -->
