<?xml version="1.0" encoding="UTF-8"?>
<!-- Generated by org.testng.reporters.JUnitReportReporter -->
<testsuite hostname="DESKTOP-5P4F1JE" failures="0" tests="19" name="com.timp.test.BCB.OrigenBCBHierarquiaConfiguracaoTodasAsFuncionalidades" time="771.026" errors="0" timestamp="10 Feb 2021 20:36:35 GMT">
  <testcase classname="com.timp.test.BCB.OrigenBCBHierarquiaConfiguracaoTodasAsFuncionalidades" name="subNivel4" time="30.520"/>
  <testcase classname="com.timp.test.BCB.OrigenBCBHierarquiaConfiguracaoTodasAsFuncionalidades" name="criarConfiguracionConfiguracao" time="165.056"/>
  <testcase classname="com.timp.test.BCB.OrigenBCBHierarquiaConfiguracaoTodasAsFuncionalidades" name="subNivel3" time="28.364"/>
  <testcase classname="com.timp.test.BCB.OrigenBCBHierarquiaConfiguracaoTodasAsFuncionalidades" name="abrirSubnivel6" time="5.198"/>
  <testcase classname="com.timp.test.BCB.OrigenBCBHierarquiaConfiguracaoTodasAsFuncionalidades" name="login" time="8.425"/>
  <testcase classname="com.timp.test.BCB.OrigenBCBHierarquiaConfiguracaoTodasAsFuncionalidades" name="subNivel2" time="28.495"/>
  <testcase classname="com.timp.test.BCB.OrigenBCBHierarquiaConfiguracaoTodasAsFuncionalidades" name="abrirSubnivel5" time="5.215"/>
  <testcase classname="com.timp.test.BCB.OrigenBCBHierarquiaConfiguracaoTodasAsFuncionalidades" name="excluirHierarquia" time="60.535"/>
  <testcase classname="com.timp.test.BCB.OrigenBCBHierarquiaConfiguracaoTodasAsFuncionalidades" name="outputBCB" time="24.953"/>
  <testcase classname="com.timp.test.BCB.OrigenBCBHierarquiaConfiguracaoTodasAsFuncionalidades" name="abrirSubnivel4" time="5.171"/>
  <testcase classname="com.timp.test.BCB.OrigenBCBHierarquiaConfiguracaoTodasAsFuncionalidades" name="abrirSubnivel2" time="5.174"/>
  <testcase classname="com.timp.test.BCB.OrigenBCBHierarquiaConfiguracaoTodasAsFuncionalidades" name="abrirSubnivel3" time="5.199"/>
  <testcase classname="com.timp.test.BCB.OrigenBCBHierarquiaConfiguracaoTodasAsFuncionalidades" name="brbEntrar" time="16.396"/>
  <testcase classname="com.timp.test.BCB.OrigenBCBHierarquiaConfiguracaoTodasAsFuncionalidades" name="excluirConfiguracoes" time="67.119"/>
  <testcase classname="com.timp.test.BCB.OrigenBCBHierarquiaConfiguracaoTodasAsFuncionalidades" name="subNivel5" time="30.600"/>
  <testcase classname="com.timp.test.BCB.OrigenBCBHierarquiaConfiguracaoTodasAsFuncionalidades" name="criarConfiguracao" time="120.024"/>
  <testcase classname="com.timp.test.BCB.OrigenBCBHierarquiaConfiguracaoTodasAsFuncionalidades" name="abrirSubnivel1" time="49.282"/>
  <testcase classname="com.timp.test.BCB.OrigenBCBHierarquiaConfiguracaoTodasAsFuncionalidades" name="criarConfiguracaoHierarquia" time="91.110"/>
  <testcase classname="com.timp.test.BCB.OrigenBCBHierarquiaConfiguracaoTodasAsFuncionalidades" name="subNivel6Negativo" time="24.190"/>
</testsuite> <!-- com.timp.test.BCB.OrigenBCBHierarquiaConfiguracaoTodasAsFuncionalidades -->
