<?xml version="1.0" encoding="UTF-8"?>
<!-- Generated by org.testng.reporters.JUnitReportReporter -->
<testsuite hostname="LitoSoler" name="com.timp.test.MDR.CadastroDerex.InstituicaoFinanceira.InstituicaoCriar" tests="3" failures="0" timestamp="25 Sep 2020 18:05:23 GMT" time="112.193" errors="0">
  <testcase name="login" time="7.039" classname="com.timp.test.MDR.CadastroDerex.InstituicaoFinanceira.InstituicaoCriar"/>
  <testcase name="visualizar" time="96.115" classname="com.timp.test.MDR.CadastroDerex.InstituicaoFinanceira.InstituicaoCriar"/>
  <testcase name="acessarMDR" time="9.039" classname="com.timp.test.MDR.CadastroDerex.InstituicaoFinanceira.InstituicaoCriar"/>
</testsuite> <!-- com.timp.test.MDR.CadastroDerex.InstituicaoFinanceira.InstituicaoCriar -->
