<?xml version="1.0" encoding="UTF-8"?>
<!-- Generated by org.testng.reporters.JUnitReportReporter -->
<testsuite hostname="MIGUEL" failures="0" tests="1" name="com.timp.test.MDR.TabelasComplementaresParaObrigaçoesAcessorias.TabelaDeCodigosDeTransferencias.TabelaDeCodigosDeTransferenciasDetalhes" time="99.292" errors="0" timestamp="29 mar. 2021 19:11:08 GMT" skipped="0">
  <testcase classname="com.timp.test.MDR.TabelasComplementaresParaObrigaçoesAcessorias.TabelaDeCodigosDeTransferencias.TabelaDeCodigosDeTransferenciasDetalhes" name="detalhes" time="99.292"/>
</testsuite> <!-- com.timp.test.MDR.TabelasComplementaresParaObrigaçoesAcessorias.TabelaDeCodigosDeTransferencias.TabelaDeCodigosDeTransferenciasDetalhes -->
