<?xml version="1.0" encoding="UTF-8"?>
<!-- Generated by org.testng.reporters.JUnitReportReporter -->
<testsuite hostname="LitoSoler" name="com.timp.test.MDR.TabelasApoioSped.TiposDeUtilizacaoDosCreditosFiscais.TiposDeUtilizacaoDosCreditosFiscaisCriar" tests="3" failures="0" timestamp="2 Feb 2021 20:44:35 GMT" time="78.351" errors="0">
  <testcase name="login" time="7.940" classname="com.timp.test.MDR.TabelasApoioSped.TiposDeUtilizacaoDosCreditosFiscais.TiposDeUtilizacaoDosCreditosFiscaisCriar"/>
  <testcase name="acessarMDR" time="26.311" classname="com.timp.test.MDR.TabelasApoioSped.TiposDeUtilizacaoDosCreditosFiscais.TiposDeUtilizacaoDosCreditosFiscaisCriar"/>
  <testcase name="criar" time="44.100" classname="com.timp.test.MDR.TabelasApoioSped.TiposDeUtilizacaoDosCreditosFiscais.TiposDeUtilizacaoDosCreditosFiscaisCriar"/>
</testsuite> <!-- com.timp.test.MDR.TabelasApoioSped.TiposDeUtilizacaoDosCreditosFiscais.TiposDeUtilizacaoDosCreditosFiscaisCriar -->
