<?xml version="1.0" encoding="UTF-8"?>
<!-- Generated by org.testng.reporters.JUnitReportReporter -->
<testsuite hostname="LitoSoler" name="com.timp.test.MDR.RepresentanteLegais.RepresentantesLegaisExcluir" tests="3" failures="0" timestamp="24 Sep 2020 20:08:23 GMT" time="71.020" errors="0">
  <testcase name="login" time="11.182" classname="com.timp.test.MDR.RepresentanteLegais.RepresentantesLegaisExcluir"/>
  <testcase name="excluir" time="33.068" classname="com.timp.test.MDR.RepresentanteLegais.RepresentantesLegaisExcluir"/>
  <testcase name="acessarMDR" time="26.770" classname="com.timp.test.MDR.RepresentanteLegais.RepresentantesLegaisExcluir"/>
</testsuite> <!-- com.timp.test.MDR.RepresentanteLegais.RepresentantesLegaisExcluir -->
