<?xml version="1.0" encoding="UTF-8"?>
<!-- Generated by org.testng.reporters.JUnitReportReporter -->
<testsuite hostname="LitoSoler" name="com.timp.test.BRB.FiltroColunas" tests="4" failures="0" timestamp="30 Sep 2020 19:43:06 GMT" time="135.489" errors="0">
  <testcase name="brbEntrar" time="45.821" classname="com.timp.test.BRB.FiltroColunas"/>
  <testcase name="filtroConFerramenta1" time="59.189" classname="com.timp.test.BRB.FiltroColunas"/>
  <testcase name="filtroConFerramenta2" time="19.966" classname="com.timp.test.BRB.FiltroColunas"/>
  <testcase name="login" time="10.513" classname="com.timp.test.BRB.FiltroColunas"/>
</testsuite> <!-- com.timp.test.BRB.FiltroColunas -->
