<?xml version="1.0" encoding="UTF-8"?>
<!-- Generated by org.testng.reporters.JUnitReportReporter -->
<testsuite hostname="EC2AMAZ-8HCHO4G" failures="0" tests="4" name="com.timp.test.ADM.Usuarios.Usuarios.UsuariosTodasFunc" time="264.846" errors="0" timestamp="2023-04-14T23:42:29 UTC" skipped="0">
  <testcase classname="com.timp.test.ADM.Usuarios.Usuarios.UsuariosTodasFunc" name="activar" time="76.827"/>
  <system-out/>
  <testcase classname="com.timp.test.ADM.Usuarios.Usuarios.UsuariosTodasFunc" name="ver" time="44.943"/>
  <system-out/>
  <testcase classname="com.timp.test.ADM.Usuarios.Usuarios.UsuariosTodasFunc" name="Editar" time="91.244"/>
  <system-out/>
  <testcase classname="com.timp.test.ADM.Usuarios.Usuarios.UsuariosTodasFunc" name="filtros" time="51.832"/>
  <system-out/>
</testsuite> <!-- com.timp.test.ADM.Usuarios.Usuarios.UsuariosTodasFunc -->
