<?xml version="1.0" encoding="UTF-8"?>
<!-- Generated by org.testng.reporters.JUnitReportReporter -->
<<<<<<< HEAD
<testsuite hostname="SALC-PC" failures="0" tests="4" name="com.timp.test.BRB.PublicoEPrivado" time="210.803" errors="0" timestamp="2023-08-07T12:27:14 CST" skipped="0">
  <testcase classname="com.timp.test.BRB.PublicoEPrivado" name="publicoYPRivado" time="90.086"/>
=======
<testsuite hostname="EC2AMAZ-8HCHO4G" failures="0" tests="4" name="com.timp.test.BRB.PublicoEPrivado" time="201.352" errors="0" timestamp="2023-08-16T15:47:19 UTC" skipped="0">
  <testcase classname="com.timp.test.BRB.PublicoEPrivado" name="publicoYPRivado" time="82.462"/>
>>>>>>> refs/heads/Yessy
  <system-out/>
<<<<<<< HEAD
  <testcase classname="com.timp.test.BRB.PublicoEPrivado" name="PrivadoEditor" time="50.230"/>
=======
  <testcase classname="com.timp.test.BRB.PublicoEPrivado" name="PrivadoEditor" time="50.210"/>
>>>>>>> refs/heads/Yessy
  <system-out/>
<<<<<<< HEAD
  <testcase classname="com.timp.test.BRB.PublicoEPrivado" name="PublicoBiblioteca" time="36.611"/>
=======
  <testcase classname="com.timp.test.BRB.PublicoEPrivado" name="PublicoBiblioteca" time="35.105"/>
>>>>>>> refs/heads/Yessy
  <system-out/>
<<<<<<< HEAD
  <testcase classname="com.timp.test.BRB.PublicoEPrivado" name="PrivadoBiblioteca" time="33.876"/>
=======
  <testcase classname="com.timp.test.BRB.PublicoEPrivado" name="PrivadoBiblioteca" time="33.575"/>
>>>>>>> refs/heads/Yessy
  <system-out/>
</testsuite> <!-- com.timp.test.BRB.PublicoEPrivado -->
