<?xml version="1.0" encoding="UTF-8"?>
<!-- Generated by org.testng.reporters.JUnitReportReporter -->
<testsuite hostname="LitoSoler" name="com.timp.test.MDR.DetalheTipoTributo.DetalheExcluir" tests="3" failures="0" timestamp="7 Aug 2020 21:06:51 GMT" time="80.835" errors="0">
  <testcase name="visualizar" time="67.458" classname="com.timp.test.MDR.DetalheTipoTributo.DetalheExcluir"/>
  <testcase name="login" time="5.615" classname="com.timp.test.MDR.DetalheTipoTributo.DetalheExcluir"/>
  <testcase name="acessarMDR" time="7.762" classname="com.timp.test.MDR.DetalheTipoTributo.DetalheExcluir"/>
</testsuite> <!-- com.timp.test.MDR.DetalheTipoTributo.DetalheExcluir -->
