<?xml version="1.0" encoding="UTF-8"?>
<!-- Generated by org.testng.reporters.JUnitReportReporter -->
<testsuite hostname="LitoSoler" name="com.timp.test.BCB.ParametrosGeraisHierarquiaVisualizar" tests="3" failures="0" timestamp="27 Jan 2021 20:25:46 GMT" time="61.510" errors="0">
  <testcase name="brbEntrar" time="16.257" classname="com.timp.test.BCB.ParametrosGeraisHierarquiaVisualizar"/>
  <testcase name="login" time="8.152" classname="com.timp.test.BCB.ParametrosGeraisHierarquiaVisualizar"/>
  <testcase name="visualizar" time="37.101" classname="com.timp.test.BCB.ParametrosGeraisHierarquiaVisualizar"/>
</testsuite> <!-- com.timp.test.BCB.ParametrosGeraisHierarquiaVisualizar -->
