<?xml version="1.0" encoding="UTF-8"?>
<!-- Generated by org.testng.reporters.JUnitReportReporter -->
<testsuite hostname="DESKTOP-35UG9UP" name="com.timp.test.MDR.CodigoContabilizacao.CodigoContabilizacaoCriar" tests="3" failures="0" timestamp="31 Jul 2020 14:54:30 GMT" time="168.406" errors="0">
  <testcase name="login" time="15.203" classname="com.timp.test.MDR.CodigoContabilizacao.CodigoContabilizacaoCriar"/>
  <testcase name="acessarMDR" time="38.970" classname="com.timp.test.MDR.CodigoContabilizacao.CodigoContabilizacaoCriar"/>
  <testcase name="criar" time="114.233" classname="com.timp.test.MDR.CodigoContabilizacao.CodigoContabilizacaoCriar"/>
</testsuite> <!-- com.timp.test.MDR.CodigoContabilizacao.CodigoContabilizacaoCriar -->
