<?xml version="1.0" encoding="UTF-8"?>
<!-- Generated by org.testng.reporters.JUnitReportReporter -->
<testsuite hostname="DESKTOP-M23FVFN" failures="0" tests="1" name="com.timp.test.BRB.NovoRelatorio" time="188.276" errors="0" timestamp="2023-01-11T11:49:18 BRT" skipped="0">
  <testcase classname="com.timp.test.BRB.NovoRelatorio" name="novoRelatorio" time="188.276"/>
  <system-out/>
</testsuite> <!-- com.timp.test.BRB.NovoRelatorio -->
