<?xml version="1.0" encoding="UTF-8"?>
<!-- Generated by org.testng.reporters.JUnitReportReporter -->
<testsuite hostname="MIGUEL" failures="0" tests="3" name="com.timp.test.TAA.Agendamento.AgendamentoCopiar" time="82.855" errors="0" timestamp="5 Jan 2021 02:22:57 GMT">
  <testcase classname="com.timp.test.TAA.Agendamento.AgendamentoCopiar" name="ingresarTAA" time="18.330"/>
  <testcase classname="com.timp.test.TAA.Agendamento.AgendamentoCopiar" name="criarCopiar" time="57.018"/>
  <testcase classname="com.timp.test.TAA.Agendamento.AgendamentoCopiar" name="ingresar" time="7.507"/>
</testsuite> <!-- com.timp.test.TAA.Agendamento.AgendamentoCopiar -->
