<?xml version="1.0" encoding="UTF-8"?>
<!-- Generated by org.testng.reporters.JUnitReportReporter -->
<testsuite hostname="MassielV" failures="0" tests="1" name="com.timp.test.MDR.TabelasApoioSped.TabelaCodigoDaSituaçaoTributaria.TabelaCodigoDaSituaçaoTributariaEditar" time="209.623" errors="0" timestamp="25 nov. 2021 17:23:46 GMT" skipped="0">
  <testcase classname="com.timp.test.MDR.TabelasApoioSped.TabelaCodigoDaSituaçaoTributaria.TabelaCodigoDaSituaçaoTributariaEditar" name="editar" time="209.623"/>
</testsuite> <!-- com.timp.test.MDR.TabelasApoioSped.TabelaCodigoDaSituaçaoTributaria.TabelaCodigoDaSituaçaoTributariaEditar -->
