<?xml version="1.0" encoding="UTF-8"?>
<!-- Generated by org.testng.reporters.JUnitReportReporter -->
<testsuite hostname="DESKTOP-JP1A9E6" failures="0" tests="3" name="com.timp.test.BPMA.ProcessodeNegocio.GatewayEvento" time="343.475" errors="0" timestamp="27 ago. 2021 14:09:44 GMT" skipped="0">
  <testcase classname="com.timp.test.BPMA.ProcessodeNegocio.GatewayEvento" name="login" time="7.456"/>
  <testcase classname="com.timp.test.BPMA.ProcessodeNegocio.GatewayEvento" name="BPMAEntrar" time="18.486"/>
  <testcase classname="com.timp.test.BPMA.ProcessodeNegocio.GatewayEvento" name="criar" time="317.533"/>
</testsuite> <!-- com.timp.test.BPMA.ProcessodeNegocio.GatewayEvento -->
