<?xml version="1.0" encoding="UTF-8"?>
<!-- Generated by org.testng.reporters.JUnitReportReporter -->
<testsuite hostname="MassielV" failures="0" tests="1" name="com.timp.test.MDR.AtividadesFiscais.GrupoAtividadeFiscal.GrupoAtividadeExcluir" time="125.585" errors="0" timestamp="13 oct. 2021 15:48:46 GMT" skipped="0">
  <testcase classname="com.timp.test.MDR.AtividadesFiscais.GrupoAtividadeFiscal.GrupoAtividadeExcluir" name="excluir" time="125.585"/>
</testsuite> <!-- com.timp.test.MDR.AtividadesFiscais.GrupoAtividadeFiscal.GrupoAtividadeExcluir -->
