<?xml version="1.0" encoding="UTF-8"?>
<!-- Generated by org.testng.reporters.JUnitReportReporter -->
<testsuite hostname="DESKTOP-M23FVFN" failures="0" tests="3" name="com.timp.test.BRB.Formula" time="212.060" errors="0" timestamp="11 mar. 2022 15:19:58 GMT" skipped="0">
  <testcase classname="com.timp.test.BRB.Formula" name="aplicar" time="15.539"/>
  <testcase classname="com.timp.test.BRB.Formula" name="formulaColuna" time="94.132"/>
  <testcase classname="com.timp.test.BRB.Formula" name="formulaBoton" time="102.389"/>
</testsuite> <!-- com.timp.test.BRB.Formula -->
