<?xml version="1.0" encoding="UTF-8"?>
<!-- Generated by org.testng.reporters.JUnitReportReporter -->
<testsuite hostname="DESKTOP-C57COV6" failures="0" tests="2" name="com.timp.test.BRB.ExcluirRelatorio" time="119.589" errors="0" timestamp="13 may. 2021 17:57:44 GMT" skipped="0">
  <testcase classname="com.timp.test.BRB.ExcluirRelatorio" name="eliminarLixeira" time="43.831"/>
  <testcase classname="com.timp.test.BRB.ExcluirRelatorio" name="eliminar" time="75.758"/>
</testsuite> <!-- com.timp.test.BRB.ExcluirRelatorio -->
