<?xml version="1.0" encoding="UTF-8"?>
<!-- Generated by org.testng.reporters.JUnitReportReporter -->
<testsuite hostname="DESKTOP-BNBDMGT" failures="0" tests="3" name="com.timp.test.TCC.GestaoDeCreditoTributarioICMS.ConfiguracaoEExecucaoRegistro1200.ConfiguracaoEExecucaoRegistro1200Criar" time="214.152" errors="0" timestamp="20 Jan 2021 05:24:08 GMT">
  <testcase classname="com.timp.test.TCC.GestaoDeCreditoTributarioICMS.ConfiguracaoEExecucaoRegistro1200.ConfiguracaoEExecucaoRegistro1200Criar" name="login" time="7.077"/>
  <testcase classname="com.timp.test.TCC.GestaoDeCreditoTributarioICMS.ConfiguracaoEExecucaoRegistro1200.ConfiguracaoEExecucaoRegistro1200Criar" name="criar" time="179.056"/>
  <testcase classname="com.timp.test.TCC.GestaoDeCreditoTributarioICMS.ConfiguracaoEExecucaoRegistro1200.ConfiguracaoEExecucaoRegistro1200Criar" name="acessarTCC" time="28.019"/>
</testsuite> <!-- com.timp.test.TCC.GestaoDeCreditoTributarioICMS.ConfiguracaoEExecucaoRegistro1200.ConfiguracaoEExecucaoRegistro1200Criar -->
