<?xml version="1.0" encoding="UTF-8"?>
<!-- Generated by org.testng.reporters.JUnitReportReporter -->
<testsuite hostname="CRISTHIAN-VASQUEZ" failures="0" tests="3" name="com.timp.test.MDR.Siscoserv.RegistroRF.RegistroRFCriar" time="78.896" errors="0" timestamp="24 Dec 2020 21:44:53 GMT">
  <testcase classname="com.timp.test.MDR.Siscoserv.RegistroRF.RegistroRFCriar" name="acessarMDR" time="24.756"/>
  <testcase classname="com.timp.test.MDR.Siscoserv.RegistroRF.RegistroRFCriar" name="criar" time="45.442"/>
  <testcase classname="com.timp.test.MDR.Siscoserv.RegistroRF.RegistroRFCriar" name="login" time="8.698"/>
</testsuite> <!-- com.timp.test.MDR.Siscoserv.RegistroRF.RegistroRFCriar -->
