<?xml version="1.0" encoding="UTF-8"?>
<!-- Generated by org.testng.reporters.JUnitReportReporter -->
<<<<<<< HEAD
<<<<<<< HEAD
<testsuite hostname="SALC-PC" failures="0" tests="3" name="com.timp.test.SCANC.RelatoriosRefineriaGerados.RRGConfiguracaoDeAjusteEditar" time="95.878" errors="0" timestamp="2023-07-14T15:58:14 CST" skipped="0">
  <testcase classname="com.timp.test.SCANC.RelatoriosRefineriaGerados.RRGConfiguracaoDeAjusteEditar" name="ingresar" time="7.464"/>
=======
<testsuite hostname="EC2AMAZ-8HCHO4G" failures="0" tests="3" name="com.timp.test.SCANC.RelatoriosRefineriaGerados.RRGConfiguracaoDeAjusteEditar" time="93.798" errors="0" timestamp="2023-07-13T16:20:12 UTC" skipped="0">
  <testcase classname="com.timp.test.SCANC.RelatoriosRefineriaGerados.RRGConfiguracaoDeAjusteEditar" name="ingresar" time="6.152"/>
>>>>>>> refs/heads/Yessy
=======
<testsuite hostname="EC2AMAZ-8HCHO4G" failures="0" tests="3" name="com.timp.test.SCANC.RelatoriosRefineriaGerados.RRGConfiguracaoDeAjusteEditar" time="95.996" errors="0" timestamp="2023-09-29T22:55:31 UTC" skipped="0">
  <testcase classname="com.timp.test.SCANC.RelatoriosRefineriaGerados.RRGConfiguracaoDeAjusteEditar" name="ingresar" time="6.220"/>
>>>>>>> refs/remotes/origin/Yessy
  <system-out/>
<<<<<<< HEAD
<<<<<<< HEAD
  <testcase classname="com.timp.test.SCANC.RelatoriosRefineriaGerados.RRGConfiguracaoDeAjusteEditar" name="scancEntrar" time="17.593"/>
=======
  <testcase classname="com.timp.test.SCANC.RelatoriosRefineriaGerados.RRGConfiguracaoDeAjusteEditar" name="scancEntrar" time="16.113"/>
>>>>>>> refs/heads/Yessy
=======
  <testcase classname="com.timp.test.SCANC.RelatoriosRefineriaGerados.RRGConfiguracaoDeAjusteEditar" name="scancEntrar" time="18.568"/>
>>>>>>> refs/remotes/origin/Yessy
  <system-out/>
<<<<<<< HEAD
<<<<<<< HEAD
  <testcase classname="com.timp.test.SCANC.RelatoriosRefineriaGerados.RRGConfiguracaoDeAjusteEditar" name="editar" time="70.821"/>
=======
  <testcase classname="com.timp.test.SCANC.RelatoriosRefineriaGerados.RRGConfiguracaoDeAjusteEditar" name="editar" time="71.533"/>
>>>>>>> refs/heads/Yessy
=======
  <testcase classname="com.timp.test.SCANC.RelatoriosRefineriaGerados.RRGConfiguracaoDeAjusteEditar" name="editar" time="71.208"/>
>>>>>>> refs/remotes/origin/Yessy
  <system-out/>
</testsuite> <!-- com.timp.test.SCANC.RelatoriosRefineriaGerados.RRGConfiguracaoDeAjusteEditar -->
