<?xml version="1.0" encoding="UTF-8"?>
<!-- Generated by org.testng.reporters.JUnitReportReporter -->
<<<<<<< HEAD
<testsuite hostname="DESKTOP-C57COV6" failures="0" tests="1" name="com.timp.test.BRB.EditarRelatorio" time="187.720" errors="0" timestamp="28 oct. 2021 17:26:33 GMT" skipped="0">
  <testcase classname="com.timp.test.BRB.EditarRelatorio" name="editar" time="187.720"/>
=======
<testsuite hostname="MassielV" failures="0" tests="1" name="com.timp.test.BRB.EditarRelatorio" time="269.568" errors="0" timestamp="30 oct. 2021 05:31:28 GMT" skipped="0">
  <testcase classname="com.timp.test.BRB.EditarRelatorio" name="editar" time="269.568"/>
>>>>>>> branch 'Yessy' of https://github.com/salc1997/TIMP_R1.git
</testsuite> <!-- com.timp.test.BRB.EditarRelatorio -->
