<?xml version="1.0" encoding="UTF-8"?>
<!-- Generated by org.testng.reporters.JUnitReportReporter -->
<testsuite hostname="DESKTOP-M23FVFN" failures="0" tests="1" name="com.timp.test.BRB.Visualizar" time="116.118" errors="0" timestamp="2023-02-13T18:38:24 BRT" skipped="0">
  <testcase classname="com.timp.test.BRB.Visualizar" name="visualizar" time="116.118"/>
  <system-out/>
</testsuite> <!-- com.timp.test.BRB.Visualizar -->
