<?xml version="1.0" encoding="UTF-8"?>
<!-- Generated by org.testng.reporters.JUnitReportReporter -->
<testsuite hostname="LitoSoler" name="com.timp.test.BRB.ReordenarColuna" tests="3" failures="0" timestamp="30 Sep 2020 16:33:44 GMT" time="66.777" errors="0">
  <testcase name="reordenar" time="40.662" classname="com.timp.test.BRB.ReordenarColuna"/>
  <testcase name="brbEntrar" time="19.052" classname="com.timp.test.BRB.ReordenarColuna"/>
  <testcase name="login" time="7.063" classname="com.timp.test.BRB.ReordenarColuna"/>
</testsuite> <!-- com.timp.test.BRB.ReordenarColuna -->
