<?xml version="1.0" encoding="UTF-8"?>
<!-- Generated by org.testng.reporters.JUnitReportReporter -->
<testsuite hostname="DESKTOP-C57COV6" failures="0" tests="3" name="com.timp.test.BRB.Formula" time="204.276" errors="0" timestamp="01 nov. 2021 20:52:36 GMT" skipped="0">
  <testcase classname="com.timp.test.BRB.Formula" name="formulaColuna" time="96.945"/>
  <testcase classname="com.timp.test.BRB.Formula" name="formulaBoton" time="104.259"/>
  <testcase classname="com.timp.test.BRB.Formula" name="aplicar" time="3.072"/>
</testsuite> <!-- com.timp.test.BRB.Formula -->
