<?xml version="1.0" encoding="UTF-8"?>
<!-- Generated by org.testng.reporters.JUnitReportReporter -->
<testsuite skipped="0" hostname="LitoSoler" name="com.timp.test.MDR.ValorAdicionado.Municipio.MunicipioExcluir" tests="1" failures="0" timestamp="16 mar 2021 02:19:30 GMT" time="82.824" errors="0">
  <testcase name="excluir" time="82.824" classname="com.timp.test.MDR.ValorAdicionado.Municipio.MunicipioExcluir"/>
</testsuite> <!-- com.timp.test.MDR.ValorAdicionado.Municipio.MunicipioExcluir -->
