<?xml version="1.0" encoding="UTF-8"?>
<!-- Generated by org.testng.reporters.JUnitReportReporter -->
<testsuite hostname="CRISTHIAN-VASQUEZ" failures="0" tests="3" name="com.timp.test.ATR.EstruturasMapeamentodeEstruturas.MapeamentodeEstruturasExcluirMassa" time="191.361" errors="0" timestamp="7 Jan 2021 18:29:31 GMT">
  <testcase classname="com.timp.test.ATR.EstruturasMapeamentodeEstruturas.MapeamentodeEstruturasExcluirMassa" name="mdrEntrar" time="13.064"/>
  <testcase classname="com.timp.test.ATR.EstruturasMapeamentodeEstruturas.MapeamentodeEstruturasExcluirMassa" name="ingresar" time="9.565"/>
  <testcase classname="com.timp.test.ATR.EstruturasMapeamentodeEstruturas.MapeamentodeEstruturasExcluirMassa" name="excluirMasaMotivosDesligamento" time="168.732"/>
</testsuite> <!-- com.timp.test.ATR.EstruturasMapeamentodeEstruturas.MapeamentodeEstruturasExcluirMassa -->
