<?xml version="1.0" encoding="UTF-8"?>
<!-- Generated by org.testng.reporters.JUnitReportReporter -->
<testsuite hostname="DESKTOP-C57COV6" failures="0" tests="3" name="com.timp.test.CALENDAR.Tarefas.TarefasGatewayAprovação" time="417.473" errors="0" timestamp="20 jul. 2021 04:27:23 GMT" skipped="0">
  <testcase classname="com.timp.test.CALENDAR.Tarefas.TarefasGatewayAprovação" name="login" time="226.187"/>
  <testcase classname="com.timp.test.CALENDAR.Tarefas.TarefasGatewayAprovação" name="acessarCalendar" time="81.901"/>
  <testcase classname="com.timp.test.CALENDAR.Tarefas.TarefasGatewayAprovação" name="Calendar" time="109.385"/>
</testsuite> <!-- com.timp.test.CALENDAR.Tarefas.TarefasGatewayAprovação -->
