<?xml version="1.0" encoding="UTF-8"?>
<!-- Generated by org.testng.reporters.JUnitReportReporter -->
<testsuite hostname="DESKTOP-BNBDMGT" failures="0" tests="3" name="com.timp.test.MDR.DeterminacaoDeTipoDeCondicao.DeterminacaoDeTipoDeCondicaoDetalhes" time="62.913" errors="0" timestamp="19 feb. 2021 21:05:43 GMT" skipped="0">
  <testcase classname="com.timp.test.MDR.DeterminacaoDeTipoDeCondicao.DeterminacaoDeTipoDeCondicaoDetalhes" name="login" time="0.001"/>
  <testcase classname="com.timp.test.MDR.DeterminacaoDeTipoDeCondicao.DeterminacaoDeTipoDeCondicaoDetalhes" name="Detalhes" time="62.912"/>
  <testcase classname="com.timp.test.MDR.DeterminacaoDeTipoDeCondicao.DeterminacaoDeTipoDeCondicaoDetalhes" name="acessarMDR" time="0.000"/>
</testsuite> <!-- com.timp.test.MDR.DeterminacaoDeTipoDeCondicao.DeterminacaoDeTipoDeCondicaoDetalhes -->
