<?xml version="1.0" encoding="UTF-8"?>
<!-- Generated by org.testng.reporters.JUnitReportReporter -->
<testsuite hostname="Agile" failures="0" tests="1" name="com.timp.test.MDR.SPCBFederaisRetidos.SPCBFederaisRetidosCriar" time="94.681" errors="0" timestamp="30 ene. 2022 09:02:32 GMT" skipped="0">
  <testcase classname="com.timp.test.MDR.SPCBFederaisRetidos.SPCBFederaisRetidosCriar" name="criar" time="94.681"/>
</testsuite> <!-- com.timp.test.MDR.SPCBFederaisRetidos.SPCBFederaisRetidosCriar -->
