<?xml version="1.0" encoding="UTF-8"?>
<!-- Generated by org.testng.reporters.JUnitReportReporter -->
<testsuite hostname="DESKTOP-5P4F1JE" failures="0" tests="3" name="com.timp.test.MDR.Siscoserv.NBS.NBSExcluir" time="92.564" errors="0" timestamp="19 Oct 2020 20:38:50 GMT">
  <testcase classname="com.timp.test.MDR.Siscoserv.NBS.NBSExcluir" name="acessarMDR" time="23.520"/>
  <testcase classname="com.timp.test.MDR.Siscoserv.NBS.NBSExcluir" name="excluir" time="61.184"/>
  <testcase classname="com.timp.test.MDR.Siscoserv.NBS.NBSExcluir" name="login" time="7.860"/>
</testsuite> <!-- com.timp.test.MDR.Siscoserv.NBS.NBSExcluir -->
