<?xml version="1.0" encoding="UTF-8"?>
<!-- Generated by org.testng.reporters.JUnitReportReporter -->
<testsuite hostname="DESKTOP-35UG9UP" name="com.timp.test.MDR.CodigoContabilizacao.CodigoContabilizacaoCriar" tests="3" failures="0" timestamp="1 Sep 2020 20:03:36 GMT" time="165.640" errors="0">
  <testcase name="criar" time="110.575" classname="com.timp.test.MDR.CodigoContabilizacao.CodigoContabilizacaoCriar"/>
  <testcase name="login" time="10.518" classname="com.timp.test.MDR.CodigoContabilizacao.CodigoContabilizacaoCriar"/>
  <testcase name="acessarMDR" time="44.547" classname="com.timp.test.MDR.CodigoContabilizacao.CodigoContabilizacaoCriar"/>
</testsuite> <!-- com.timp.test.MDR.CodigoContabilizacao.CodigoContabilizacaoCriar -->
