<?xml version="1.0" encoding="UTF-8"?>
<!-- Generated by org.testng.reporters.JUnitReportReporter -->
<testsuite hostname="DESKTOP-C57COV6" failures="0" tests="2" name="com.timp.test.MDR.TabelasApoioESocial.Tabela02.FinanciamientoDeAposEspExcluiMassa" time="182.698" errors="0" timestamp="17 nov. 2021 08:47:45 GMT" skipped="0">
  <testcase classname="com.timp.test.MDR.TabelasApoioESocial.Tabela02.FinanciamientoDeAposEspExcluiMassa" name="criar" time="124.764"/>
  <testcase classname="com.timp.test.MDR.TabelasApoioESocial.Tabela02.FinanciamientoDeAposEspExcluiMassa" name="excluirMassa" time="57.934"/>
</testsuite> <!-- com.timp.test.MDR.TabelasApoioESocial.Tabela02.FinanciamientoDeAposEspExcluiMassa -->
