<?xml version="1.0" encoding="UTF-8"?>
<!-- Generated by org.testng.reporters.JUnitReportReporter -->
<testsuite hostname="Agile" failures="0" tests="1" name="com.timp.test.MDR.ControleDeCreditoTributario.UtilizacaoDosCreditosEmPeriodoAnterior.UtilizacaoDosCreditosEmPeriodoAnteriorEditar" time="168.534" errors="0" timestamp="18 dic. 2021 16:10:32 GMT" skipped="0">
  <testcase classname="com.timp.test.MDR.ControleDeCreditoTributario.UtilizacaoDosCreditosEmPeriodoAnterior.UtilizacaoDosCreditosEmPeriodoAnteriorEditar" name="editar" time="168.534"/>
</testsuite> <!-- com.timp.test.MDR.ControleDeCreditoTributario.UtilizacaoDosCreditosEmPeriodoAnterior.UtilizacaoDosCreditosEmPeriodoAnteriorEditar -->
