<?xml version="1.0" encoding="UTF-8"?>
<!-- Generated by org.testng.reporters.JUnitReportReporter -->
<testsuite hostname="DESKTOP-M23FVFN" failures="0" tests="1" name="com.timp.test.TAA.AtribuiçõesdeRegras.RegraDeCampos.RegraDeCamposCriar" time="242.685" errors="0" timestamp="2022-09-07T12:10:41 BRT" skipped="0">
  <testcase classname="com.timp.test.TAA.AtribuiçõesdeRegras.RegraDeCampos.RegraDeCamposCriar" name="criar" time="242.685"/>
  <system-out/>
</testsuite> <!-- com.timp.test.TAA.AtribuiçõesdeRegras.RegraDeCampos.RegraDeCamposCriar -->
