<?xml version="1.0" encoding="UTF-8"?>
<!-- Generated by org.testng.reporters.JUnitReportReporter -->
<testsuite hostname="DESKTOP-5P4F1JE" failures="0" tests="3" name="com.timp.test.TDK.Kpis.KpisLixeira" time="85.125" errors="0" timestamp="5 Feb 2021 13:25:43 GMT">
  <testcase classname="com.timp.test.TDK.Kpis.KpisLixeira" name="lixeira" time="52.908"/>
  <testcase classname="com.timp.test.TDK.Kpis.KpisLixeira" name="login" time="7.646"/>
  <testcase classname="com.timp.test.TDK.Kpis.KpisLixeira" name="acessarTDK" time="24.571"/>
</testsuite> <!-- com.timp.test.TDK.Kpis.KpisLixeira -->
