<?xml version="1.0" encoding="UTF-8"?>
<!-- Generated by org.testng.reporters.JUnitReportReporter -->
<testsuite hostname="LitoSoler" name="com.timp.test.BRB.ValidacaoEstruturas.ContasConsolidadasEliminacoesConsolidadas" tests="3" failures="0" timestamp="14 Sep 2020 19:32:20 GMT" time="50.700" errors="0">
  <testcase name="login" time="7.353" classname="com.timp.test.BRB.ValidacaoEstruturas.ContasConsolidadasEliminacoesConsolidadas"/>
  <testcase name="brbEntrar" time="16.580" classname="com.timp.test.BRB.ValidacaoEstruturas.ContasConsolidadasEliminacoesConsolidadas"/>
  <testcase name="verificar" time="26.767" classname="com.timp.test.BRB.ValidacaoEstruturas.ContasConsolidadasEliminacoesConsolidadas"/>
</testsuite> <!-- com.timp.test.BRB.ValidacaoEstruturas.ContasConsolidadasEliminacoesConsolidadas -->
