<?xml version="1.0" encoding="UTF-8"?>
<!-- Generated by org.testng.reporters.JUnitReportReporter -->
<testsuite hostname="DESKTOP-5P4F1JE" failures="0" tests="3" name="com.timp.test.TBD.Configuração.RangeDeNumeracao.RangeDeNumeracaoEditar" time="114.255" errors="0" timestamp="29 Dec 2020 14:21:00 GMT">
  <testcase classname="com.timp.test.TBD.Configuração.RangeDeNumeracao.RangeDeNumeracaoEditar" name="editar" time="88.434"/>
  <testcase classname="com.timp.test.TBD.Configuração.RangeDeNumeracao.RangeDeNumeracaoEditar" name="TBDEntrar" time="14.999"/>
  <testcase classname="com.timp.test.TBD.Configuração.RangeDeNumeracao.RangeDeNumeracaoEditar" name="login" time="10.822"/>
</testsuite> <!-- com.timp.test.TBD.Configuração.RangeDeNumeracao.RangeDeNumeracaoEditar -->
