<?xml version="1.0" encoding="UTF-8"?>
<!-- Generated by org.testng.reporters.JUnitReportReporter -->
<testsuite hostname="EC2AMAZ-8HCHO4G" failures="0" tests="1" name="com.timp.test.TAA.AtribuiçõesdeRegras.RegraDeCampos.RegraDeCamposDetalhes" time="123.556" errors="0" timestamp="2024-04-18T21:35:11 UTC" skipped="0">
  <testcase classname="com.timp.test.TAA.AtribuiçõesdeRegras.RegraDeCampos.RegraDeCamposDetalhes" name="Detalle" time="123.556"/>
  <system-out/>
</testsuite> <!-- com.timp.test.TAA.AtribuiçõesdeRegras.RegraDeCampos.RegraDeCamposDetalhes -->
