<?xml version="1.0" encoding="UTF-8"?>
<!-- Generated by org.testng.reporters.JUnitReportReporter -->
<testsuite hostname="DESKTOP-BNBDMGT" failures="0" tests="3" name="com.timp.test.MDR.ParametrosParaCategoriaDeIRF.ParametrosParaCategoriaDeIRFVisualizar" time="97.234" errors="0" timestamp="19 Nov 2020 05:52:16 GMT">
  <testcase classname="com.timp.test.MDR.ParametrosParaCategoriaDeIRF.ParametrosParaCategoriaDeIRFVisualizar" name="ingresarMDR" time="12.031"/>
  <testcase classname="com.timp.test.MDR.ParametrosParaCategoriaDeIRF.ParametrosParaCategoriaDeIRFVisualizar" name="visualizar" time="76.195"/>
  <testcase classname="com.timp.test.MDR.ParametrosParaCategoriaDeIRF.ParametrosParaCategoriaDeIRFVisualizar" name="ingresar" time="9.008"/>
</testsuite> <!-- com.timp.test.MDR.ParametrosParaCategoriaDeIRF.ParametrosParaCategoriaDeIRFVisualizar -->
