<?xml version="1.0" encoding="UTF-8"?>
<!-- Generated by org.testng.reporters.JUnitReportReporter -->
<testsuite skipped="0" hostname="LitoSoler" name="com.timp.test.MDR.CodigoReceita.CodigoReceitaExcluirEmMassa" tests="2" failures="0" timestamp="09 mar 2021 00:34:16 GMT" time="161.964" errors="0">
  <testcase name="excluir" time="34.469" classname="com.timp.test.MDR.CodigoReceita.CodigoReceitaExcluirEmMassa"/>
  <testcase name="criar" time="127.495" classname="com.timp.test.MDR.CodigoReceita.CodigoReceitaExcluirEmMassa"/>
</testsuite> <!-- com.timp.test.MDR.CodigoReceita.CodigoReceitaExcluirEmMassa -->
