<?xml version="1.0" encoding="UTF-8"?>
<!-- Generated by org.testng.reporters.JUnitReportReporter -->
<testsuite hostname="Agile" failures="0" tests="1" name="com.timp.test.TCC.GestaoDeCreditoTributarioICMS.ConfiguracaoEExecucaoRegistro1200.ConfiguracaoEExecucaoRegistro1200Criar" time="753.658" errors="0" timestamp="12 abr. 2022 18:40:44 GMT" skipped="0">
  <testcase classname="com.timp.test.TCC.GestaoDeCreditoTributarioICMS.ConfiguracaoEExecucaoRegistro1200.ConfiguracaoEExecucaoRegistro1200Criar" name="criar" time="753.658"/>
</testsuite> <!-- com.timp.test.TCC.GestaoDeCreditoTributarioICMS.ConfiguracaoEExecucaoRegistro1200.ConfiguracaoEExecucaoRegistro1200Criar -->
