<?xml version="1.0" encoding="UTF-8"?>
<!-- Generated by org.testng.reporters.JUnitReportReporter -->
<testsuite hostname="EC2AMAZ-8HCHO4G" failures="0" tests="1" name="com.timp.test.ADM.Configuracao.ConfiguracaoDeTributos.ConfiguracaoDeTributoGrupo.ConfiguracaoDeTributoGrupoCriar" time="72.482" errors="0" timestamp="2024-10-09T18:46:50 UTC" skipped="0">
  <testcase classname="com.timp.test.ADM.Configuracao.ConfiguracaoDeTributos.ConfiguracaoDeTributoGrupo.ConfiguracaoDeTributoGrupoCriar" name="criar" time="72.482"/>
  <system-out/>
</testsuite> <!-- com.timp.test.ADM.Configuracao.ConfiguracaoDeTributos.ConfiguracaoDeTributoGrupo.ConfiguracaoDeTributoGrupoCriar -->
