<?xml version="1.0" encoding="UTF-8"?>
<<<<<<< HEAD
<<<<<<< HEAD
<<<<<<< HEAD
<!-- Generated by org.testng.reporters.JUnitReportReporter -->
<<<<<<< HEAD
<testsuite hostname="DESKTOP-C57COV6" failures="0" tests="2" name="com.timp.test.MDR.ThinCapitalization.Subcapitalizacao.SubcapitalizacaoExcluirEmMassa" time="186.714" errors="0" timestamp="11 may. 2021 09:30:28 GMT" skipped="0">
  <testcase classname="com.timp.test.MDR.ThinCapitalization.Subcapitalizacao.SubcapitalizacaoExcluirEmMassa" name="criar" time="147.808"/>
  <testcase classname="com.timp.test.MDR.ThinCapitalization.Subcapitalizacao.SubcapitalizacaoExcluirEmMassa" name="excluir" time="38.906"/>
=======
<testsuite hostname="DESKTOP-C57COV6" failures="0" tests="2" name="com.timp.test.MDR.ThinCapitalization.Subcapitalizacao.SubcapitalizacaoExcluirEmMassa" time="173.084" errors="0" timestamp="26 may. 2021 06:19:52 GMT" skipped="0">
  <testcase classname="com.timp.test.MDR.ThinCapitalization.Subcapitalizacao.SubcapitalizacaoExcluirEmMassa" name="excluir" time="28.521"/>
  <testcase classname="com.timp.test.MDR.ThinCapitalization.Subcapitalizacao.SubcapitalizacaoExcluirEmMassa" name="criar" time="144.563"/>
>>>>>>> branch 'master' of https://github.com/salc1997/TIMP_R1.git
=======
=======
>>>>>>> refs/remotes/origin/Yessy
<!-- Generated by org.testng.reporters.JUnitReportReporter -->
<testsuite hostname="DESKTOP-C57COV6" failures="0" tests="2" name="com.timp.test.MDR.ThinCapitalization.Subcapitalizacao.SubcapitalizacaoExcluirEmMassa" time="179.102" errors="0" timestamp="04 jun. 2021 23:15:03 GMT" skipped="0">
  <testcase classname="com.timp.test.MDR.ThinCapitalization.Subcapitalizacao.SubcapitalizacaoExcluirEmMassa" name="excluir" time="30.490"/>
  <testcase classname="com.timp.test.MDR.ThinCapitalization.Subcapitalizacao.SubcapitalizacaoExcluirEmMassa" name="criar" time="148.612"/>
>>>>>>> refs/remotes/origin/Yessy
=======
<!-- Generated by org.testng.reporters.JUnitReportReporter -->
<testsuite hostname="DESKTOP-C57COV6" failures="0" tests="2" name="com.timp.test.MDR.ThinCapitalization.Subcapitalizacao.SubcapitalizacaoExcluirEmMassa" time="176.129" errors="0" timestamp="25 jun. 2021 06:57:39 GMT" skipped="0">
  <testcase classname="com.timp.test.MDR.ThinCapitalization.Subcapitalizacao.SubcapitalizacaoExcluirEmMassa" name="excluir" time="31.295"/>
  <testcase classname="com.timp.test.MDR.ThinCapitalization.Subcapitalizacao.SubcapitalizacaoExcluirEmMassa" name="criar" time="144.834"/>
>>>>>>> refs/remotes/origin/Yessy
</testsuite> <!-- com.timp.test.MDR.ThinCapitalization.Subcapitalizacao.SubcapitalizacaoExcluirEmMassa -->
