<?xml version="1.0" encoding="UTF-8"?>
<!-- Generated by org.testng.reporters.JUnitReportReporter -->
<testsuite hostname="DESKTOP-C57COV6" failures="0" tests="1" name="com.timp.test.TDK.Dashboard.Lixeira.LixeiraFiltroId" time="78.977" errors="0" timestamp="14 jun. 2021 02:08:08 GMT" skipped="0">
  <testcase classname="com.timp.test.TDK.Dashboard.Lixeira.LixeiraFiltroId" name="filtro" time="78.977"/>
</testsuite> <!-- com.timp.test.TDK.Dashboard.Lixeira.LixeiraFiltroId -->
