<?xml version="1.0" encoding="UTF-8"?>
<!-- Generated by org.testng.reporters.JUnitReportReporter -->
<testsuite hostname="DESKTOP-C57COV6" failures="0" tests="1" name="com.timp.test.MDR.CEP.Logradouro.LogradouroVisualizar" time="383.895" errors="0" timestamp="18 nov. 2021 02:12:53 GMT" skipped="0">
  <testcase classname="com.timp.test.MDR.CEP.Logradouro.LogradouroVisualizar" name="visualizar" time="383.895"/>
</testsuite> <!-- com.timp.test.MDR.CEP.Logradouro.LogradouroVisualizar -->
