<?xml version="1.0" encoding="UTF-8"?>
<!-- Generated by org.testng.reporters.JUnitReportReporter -->
<testsuite hostname="DESKTOP-M23FVFN" failures="0" tests="1" name="com.timp.test.MDR.TaxasDeAtualização.ConfiguraçãoDeTipoTaxaDeAtualização.ConfiguraçãoDeTipoTaxaDeAtualizaçãoDetalle" time="83.767" errors="0" timestamp="21 ene. 2022 09:46:28 GMT" skipped="0">
  <testcase classname="com.timp.test.MDR.TaxasDeAtualização.ConfiguraçãoDeTipoTaxaDeAtualização.ConfiguraçãoDeTipoTaxaDeAtualizaçãoDetalle" name="detalle" time="83.767"/>
</testsuite> <!-- com.timp.test.MDR.TaxasDeAtualização.ConfiguraçãoDeTipoTaxaDeAtualização.ConfiguraçãoDeTipoTaxaDeAtualizaçãoDetalle -->
