<?xml version="1.0" encoding="UTF-8"?>
<!-- Generated by org.testng.reporters.JUnitReportReporter -->
<testsuite hostname="LitoSoler" name="com.timp.test.MDR.SaldoInicial.SaldoInicialEditar" tests="3" failures="0" timestamp="25 Jan 2021 20:15:23 GMT" time="101.859" errors="0">
  <testcase name="login" time="6.675" classname="com.timp.test.MDR.SaldoInicial.SaldoInicialEditar"/>
  <testcase name="acessarMDR" time="22.691" classname="com.timp.test.MDR.SaldoInicial.SaldoInicialEditar"/>
  <testcase name="editarSaldo" time="72.493" classname="com.timp.test.MDR.SaldoInicial.SaldoInicialEditar"/>
</testsuite> <!-- com.timp.test.MDR.SaldoInicial.SaldoInicialEditar -->
