<?xml version="1.0" encoding="UTF-8"?>
<!-- Generated by org.testng.reporters.JUnitReportReporter -->
<testsuite hostname="DESKTOP-C57COV6" failures="0" tests="1" name="com.timp.test.MDR.ParametrosParaCategoriaDeIRF.ParametrosParaCategoriaDeIRFVisualizar" time="40.916" errors="0" timestamp="08 abr. 2021 22:49:33 GMT" skipped="0">
  <testcase classname="com.timp.test.MDR.ParametrosParaCategoriaDeIRF.ParametrosParaCategoriaDeIRFVisualizar" name="visualizar" time="40.916"/>
</testsuite> <!-- com.timp.test.MDR.ParametrosParaCategoriaDeIRF.ParametrosParaCategoriaDeIRFVisualizar -->
