<?xml version="1.0" encoding="UTF-8"?>
<!-- Generated by org.testng.reporters.JUnitReportReporter -->
<testsuite hostname="DESKTOP-M23FVFN" failures="0" tests="3" name="com.timp.test.BRB.Formula" time="232.510" errors="0" timestamp="2022-10-25T14:13:36 BRT" skipped="0">
  <testcase classname="com.timp.test.BRB.Formula" name="formulaBoton" time="116.988"/>
  <system-out/>
  <testcase classname="com.timp.test.BRB.Formula" name="aplicar" time="14.571"/>
  <system-out/>
  <testcase classname="com.timp.test.BRB.Formula" name="formulaColuna" time="100.951"/>
  <system-out/>
</testsuite> <!-- com.timp.test.BRB.Formula -->
