<?xml version="1.0" encoding="UTF-8"?>
<!-- Generated by org.testng.reporters.JUnitReportReporter -->
<testsuite hostname="LitoSoler" name="com.timp.test.BCB.ParametrosGeraisHierarquiaExcluirSelectFlag" tests="3" failures="0" timestamp="21 Jan 2021 00:13:10 GMT" time="68.268" errors="0">
  <testcase name="login" time="7.054" classname="com.timp.test.BCB.ParametrosGeraisHierarquiaExcluirSelectFlag"/>
  <testcase name="brbEntrar" time="15.241" classname="com.timp.test.BCB.ParametrosGeraisHierarquiaExcluirSelectFlag"/>
  <testcase name="excluir" time="45.973" classname="com.timp.test.BCB.ParametrosGeraisHierarquiaExcluirSelectFlag"/>
</testsuite> <!-- com.timp.test.BCB.ParametrosGeraisHierarquiaExcluirSelectFlag -->
