<?xml version="1.0" encoding="UTF-8"?>
<!-- Generated by org.testng.reporters.JUnitReportReporter -->
<testsuite skipped="0" hostname="LitoSoler" name="com.timp.test.ADM.LoginBRB" tests="1" failures="0" timestamp="24 feb 2021 16:20:01 GMT" time="16.819" errors="0">
  <testcase name="Login" time="16.819" classname="com.timp.test.ADM.LoginBRB"/>
</testsuite> <!-- com.timp.test.ADM.LoginBRB -->
