<?xml version="1.0" encoding="UTF-8"?>
<!-- Generated by org.testng.reporters.JUnitReportReporter -->
<testsuite hostname="LitoSoler" name="com.timp.test.MDR.TabelasApoioESocial.UnidadeDeMedida.UnidadeDeMedidaVisualizar" tests="3" failures="0" timestamp="16 Nov 2020 17:44:07 GMT" time="94.696" errors="0">
  <testcase name="acessarMDR" time="12.655" classname="com.timp.test.MDR.TabelasApoioESocial.UnidadeDeMedida.UnidadeDeMedidaVisualizar"/>
  <testcase name="login" time="7.854" classname="com.timp.test.MDR.TabelasApoioESocial.UnidadeDeMedida.UnidadeDeMedidaVisualizar"/>
  <testcase name="visualizar" time="74.187" classname="com.timp.test.MDR.TabelasApoioESocial.UnidadeDeMedida.UnidadeDeMedidaVisualizar"/>
</testsuite> <!-- com.timp.test.MDR.TabelasApoioESocial.UnidadeDeMedida.UnidadeDeMedidaVisualizar -->
