<?xml version="1.0" encoding="UTF-8"?>
<!-- Generated by org.testng.reporters.JUnitReportReporter -->
<testsuite hostname="LitoSoler" name="com.timp.test.BRB.Eliminar" tests="4" failures="0" timestamp="20 Jul 2020 22:14:40 GMT" time="146.887" errors="0">
  <testcase name="brbEntrar" time="14.223" classname="com.timp.test.BRB.Eliminar"/>
  <testcase name="login" time="7.351" classname="com.timp.test.BRB.Eliminar"/>
  <testcase name="eliminarLixeira" time="65.285" classname="com.timp.test.BRB.Eliminar"/>
  <testcase name="eliminar" time="60.028" classname="com.timp.test.BRB.Eliminar"/>
</testsuite> <!-- com.timp.test.BRB.Eliminar -->
