<?xml version="1.0" encoding="UTF-8"?>
<!-- Generated by org.testng.reporters.JUnitReportReporter -->
<testsuite hostname="LitoSoler" name="com.timp.test.BRB.ComentarioLibre" tests="3" failures="0" timestamp="23 Sep 2020 21:22:30 GMT" time="123.823" errors="0">
  <testcase name="comentarioLibre" time="93.306" classname="com.timp.test.BRB.ComentarioLibre"/>
  <testcase name="login" time="9.494" classname="com.timp.test.BRB.ComentarioLibre"/>
  <testcase name="brbEntrar" time="21.023" classname="com.timp.test.BRB.ComentarioLibre"/>
</testsuite> <!-- com.timp.test.BRB.ComentarioLibre -->
