<?xml version="1.0" encoding="UTF-8"?>
<!-- Generated by org.testng.reporters.JUnitReportReporter -->
<testsuite hostname="DESKTOP-35UG9UP" name="com.timp.test.MDR.Centralizacao.EstornoCreditoEditar" tests="3" failures="0" timestamp="27 Jul 2020 13:10:55 GMT" time="29.440" errors="0">
  <testcase name="acessarMDR" time="11.539" classname="com.timp.test.MDR.Centralizacao.EstornoCreditoEditar"/>
  <testcase name="criar" time="7.491" classname="com.timp.test.MDR.Centralizacao.EstornoCreditoEditar"/>
  <testcase name="login" time="10.410" classname="com.timp.test.MDR.Centralizacao.EstornoCreditoEditar"/>
</testsuite> <!-- com.timp.test.MDR.Centralizacao.EstornoCreditoEditar -->
