<?xml version="1.0" encoding="UTF-8"?>
<!-- Generated by org.testng.reporters.JUnitReportReporter -->
<testsuite hostname="LitoSoler" name="com.timp.test.MDR.CEP.Municipio.MunicipioVisualizar" tests="3" failures="0" timestamp="25 Jul 2020 00:05:50 GMT" time="76.588" errors="0">
  <testcase name="login" time="5.891" classname="com.timp.test.MDR.CEP.Municipio.MunicipioVisualizar"/>
  <testcase name="acessarMDR" time="29.253" classname="com.timp.test.MDR.CEP.Municipio.MunicipioVisualizar"/>
  <testcase name="visualizar" time="41.444" classname="com.timp.test.MDR.CEP.Municipio.MunicipioVisualizar"/>
</testsuite> <!-- com.timp.test.MDR.CEP.Municipio.MunicipioVisualizar -->
