<?xml version="1.0" encoding="UTF-8"?>
<!-- Generated by org.testng.reporters.JUnitReportReporter -->
<testsuite hostname="DESKTOP-5P4F1JE" failures="0" tests="4" name="com.timp.test.BRB.Eliminar" time="110.732" errors="0" timestamp="5 Nov 2020 17:14:18 GMT">
  <testcase classname="com.timp.test.BRB.Eliminar" name="eliminarLixeira" time="40.772"/>
  <testcase classname="com.timp.test.BRB.Eliminar" name="brbEntrar" time="21.649"/>
  <testcase classname="com.timp.test.BRB.Eliminar" name="login" time="8.276"/>
  <testcase classname="com.timp.test.BRB.Eliminar" name="eliminar" time="40.035"/>
</testsuite> <!-- com.timp.test.BRB.Eliminar -->
