<?xml version="1.0" encoding="UTF-8"?>
<!-- Generated by org.testng.reporters.JUnitReportReporter -->
<testsuite hostname="MassielV" failures="0" tests="1" name="com.timp.test.MDR.ValorAdicionado.Confrontacao.ConfratacaoCriar" time="82.727" errors="0" timestamp="02 nov. 2021 14:36:13 GMT" skipped="0">
  <testcase classname="com.timp.test.MDR.ValorAdicionado.Confrontacao.ConfratacaoCriar" name="criar" time="82.727"/>
</testsuite> <!-- com.timp.test.MDR.ValorAdicionado.Confrontacao.ConfratacaoCriar -->
