<?xml version="1.0" encoding="UTF-8"?>
<!-- Generated by org.testng.reporters.JUnitReportReporter -->
<testsuite hostname="MIGUEL" failures="0" tests="3" name="com.timp.test.TDK.Dashboard.Edicao.DashboardGraficoExcluir" time="144.776" errors="0" timestamp="15 mar. 2021 20:12:09 GMT" skipped="0">
  <testcase classname="com.timp.test.TDK.Dashboard.Edicao.DashboardGraficoExcluir" name="login" time="7.948"/>
  <testcase classname="com.timp.test.TDK.Dashboard.Edicao.DashboardGraficoExcluir" name="acessarTDK" time="24.016"/>
  <testcase classname="com.timp.test.TDK.Dashboard.Edicao.DashboardGraficoExcluir" name="grafico" time="112.812"/>
</testsuite> <!-- com.timp.test.TDK.Dashboard.Edicao.DashboardGraficoExcluir -->
