<?xml version="1.0" encoding="UTF-8"?>
<!-- Generated by org.testng.reporters.JUnitReportReporter -->
<testsuite hostname="LAPTOP-IN7IV9K5" failures="0" tests="2" name="com.timp.test.ATR.Estruturas.GrupoDeEstruturas.GrupoDeEstruturasCriar" time="13.529" errors="1" timestamp="08 abr. 2021 19:38:36 GMT" skipped="1">
  <testcase classname="com.timp.test.ATR.Estruturas.GrupoDeEstruturas.GrupoDeEstruturasCriar" name="criar" time="0.000">
    <skipped/>
  </testcase> <!-- criar -->
  <testcase classname="com.timp.test.ATR.Estruturas.GrupoDeEstruturas.GrupoDeEstruturasCriar" name="beforeClass" time="13.529">
    <error message="session not created
from chrome not reachable
  (Session info: chrome=83.0.4103.106)
Build info: version: &#039;3.141.59&#039;, revision: &#039;e82be7d358&#039;, time: &#039;2018-11-14T08:17:03&#039;
System info: host: &#039;LAPTOP-IN7IV9K5&#039;, ip: &#039;192.168.245.155&#039;, os.name: &#039;Windows 10&#039;, os.arch: &#039;amd64&#039;, os.version: &#039;10.0&#039;, java.version: &#039;15.0.2&#039;
Driver info: driver.version: ChromeDriver
remote stacktrace: Backtrace:
	Ordinal0 [0x003B9563+2725219]
	Ordinal0 [0x002B8551+1672529]
	Ordinal0 [0x001A0202+524802]
	Ordinal0 [0x001999B2+498098]
	Ordinal0 [0x0019A09B+499867]
	Ordinal0 [0x0019AFF5+503797]
	Ordinal0 [0x00196994+485780]
	Ordinal0 [0x001A0FF0+528368]
	Ordinal0 [0x0014D6C9+186057]
	Ordinal0 [0x0014CA3D+182845]
	Ordinal0 [0x0014A94B+174411]
	Ordinal0 [0x00132528+75048]
	Ordinal0 [0x001335A0+79264]
	Ordinal0 [0x00133539+79161]
	Ordinal0 [0x002CD607+1758727]
	GetHandleVerifier [0x004D6546+1050150]
	GetHandleVerifier [0x004D6291+1049457]
	GetHandleVerifier [0x004E10D7+1094071]
	GetHandleVerifier [0x004D6B46+1051686]
	Ordinal0 [0x002C5B06+1727238]
	Ordinal0 [0x002CEB7B+1764219]
	Ordinal0 [0x002CECE3+1764579]
	Ordinal0 [0x002E4C05+1854469]
	BaseThreadInitThunk [0x76A4FA29+25]
	RtlGetAppContainerNamedObjectPath [0x76F17C7E+286]
	RtlGetAppContainerNamedObjectPath [0x76F17C4E+238]
" type="org.openqa.selenium.SessionNotCreatedException">
      <![CDATA[org.openqa.selenium.SessionNotCreatedException: session not created
from chrome not reachable
  (Session info: chrome=83.0.4103.106)
Build info: version: '3.141.59', revision: 'e82be7d358', time: '2018-11-14T08:17:03'
System info: host: 'LAPTOP-IN7IV9K5', ip: '192.168.245.155', os.name: 'Windows 10', os.arch: 'amd64', os.version: '10.0', java.version: '15.0.2'
Driver info: driver.version: ChromeDriver
remote stacktrace: Backtrace:
Ordinal0 [0x003B9563+2725219]
Ordinal0 [0x002B8551+1672529]
Ordinal0 [0x001A0202+524802]
Ordinal0 [0x001999B2+498098]
Ordinal0 [0x0019A09B+499867]
Ordinal0 [0x0019AFF5+503797]
Ordinal0 [0x00196994+485780]
Ordinal0 [0x001A0FF0+528368]
Ordinal0 [0x0014D6C9+186057]
Ordinal0 [0x0014CA3D+182845]
Ordinal0 [0x0014A94B+174411]
Ordinal0 [0x00132528+75048]
Ordinal0 [0x001335A0+79264]
Ordinal0 [0x00133539+79161]
Ordinal0 [0x002CD607+1758727]
GetHandleVerifier [0x004D6546+1050150]
GetHandleVerifier [0x004D6291+1049457]
GetHandleVerifier [0x004E10D7+1094071]
GetHandleVerifier [0x004D6B46+1051686]
Ordinal0 [0x002C5B06+1727238]
Ordinal0 [0x002CEB7B+1764219]
Ordinal0 [0x002CECE3+1764579]
Ordinal0 [0x002E4C05+1854469]
BaseThreadInitThunk [0x76A4FA29+25]
RtlGetAppContainerNamedObjectPath [0x76F17C7E+286]
RtlGetAppContainerNamedObjectPath [0x76F17C4E+238]

at java.base/jdk.internal.reflect.NativeConstructorAccessorImpl.newInstance0(Native Method)
at java.base/jdk.internal.reflect.NativeConstructorAccessorImpl.newInstance(NativeConstructorAccessorImpl.java:64)
at java.base/jdk.internal.reflect.DelegatingConstructorAccessorImpl.newInstance(DelegatingConstructorAccessorImpl.java:45)
at java.base/java.lang.reflect.Constructor.newInstanceWithCaller(Constructor.java:500)
at java.base/java.lang.reflect.Constructor.newInstance(Constructor.java:481)
at org.openqa.selenium.remote.W3CHandshakeResponse.lambda$errorHandler$0(W3CHandshakeResponse.java:62)
at org.openqa.selenium.remote.HandshakeResponse.lambda$getResponseFunction$0(HandshakeResponse.java:30)
at org.openqa.selenium.remote.ProtocolHandshake.lambda$createSession$0(ProtocolHandshake.java:126)
at java.base/java.util.stream.ReferencePipeline$3$1.accept(ReferencePipeline.java:195)
at java.base/java.util.Spliterators$ArraySpliterator.tryAdvance(Spliterators.java:958)
at java.base/java.util.stream.ReferencePipeline.forEachWithCancel(ReferencePipeline.java:127)
at java.base/java.util.stream.AbstractPipeline.copyIntoWithCancel(AbstractPipeline.java:502)
at java.base/java.util.stream.AbstractPipeline.copyInto(AbstractPipeline.java:488)
at java.base/java.util.stream.AbstractPipeline.wrapAndCopyInto(AbstractPipeline.java:474)
at java.base/java.util.stream.FindOps$FindOp.evaluateSequential(FindOps.java:150)
at java.base/java.util.stream.AbstractPipeline.evaluate(AbstractPipeline.java:234)
at java.base/java.util.stream.ReferencePipeline.findFirst(ReferencePipeline.java:543)
at org.openqa.selenium.remote.ProtocolHandshake.createSession(ProtocolHandshake.java:128)
at org.openqa.selenium.remote.ProtocolHandshake.createSession(ProtocolHandshake.java:74)
at org.openqa.selenium.remote.HttpCommandExecutor.execute(HttpCommandExecutor.java:136)
at org.openqa.selenium.remote.service.DriverCommandExecutor.execute(DriverCommandExecutor.java:83)
at org.openqa.selenium.remote.RemoteWebDriver.execute(RemoteWebDriver.java:552)
at org.openqa.selenium.remote.RemoteWebDriver.startSession(RemoteWebDriver.java:213)
at org.openqa.selenium.remote.RemoteWebDriver.<init>(RemoteWebDriver.java:131)
at org.openqa.selenium.chrome.ChromeDriver.<init>(ChromeDriver.java:181)
at org.openqa.selenium.chrome.ChromeDriver.<init>(ChromeDriver.java:168)
at org.openqa.selenium.chrome.ChromeDriver.<init>(ChromeDriver.java:157)
at com.sap.timp.base.TestBaseSteven.initialization(TestBaseSteven.java:99)
at com.timp.test.ATR.Estruturas.GrupoDeEstruturas.GrupoDeEstruturasCriar.beforeClass(GrupoDeEstruturasCriar.java:23)
at java.base/jdk.internal.reflect.NativeMethodAccessorImpl.invoke0(Native Method)
at java.base/jdk.internal.reflect.NativeMethodAccessorImpl.invoke(NativeMethodAccessorImpl.java:64)
at java.base/jdk.internal.reflect.DelegatingMethodAccessorImpl.invoke(DelegatingMethodAccessorImpl.java:43)
at java.base/java.lang.reflect.Method.invoke(Method.java:564)
at org.testng.internal.MethodInvocationHelper.invokeMethod(MethodInvocationHelper.java:124)
at org.testng.internal.MethodInvocationHelper.invokeMethodConsideringTimeout(MethodInvocationHelper.java:59)
at org.testng.internal.Invoker.invokeConfigurationMethod(Invoker.java:458)
at org.testng.internal.Invoker.invokeConfigurations(Invoker.java:222)
at org.testng.internal.Invoker.invokeConfigurations(Invoker.java:142)
at org.testng.internal.TestMethodWorker.invokeBeforeClassMethods(TestMethodWorker.java:168)
at org.testng.internal.TestMethodWorker.run(TestMethodWorker.java:105)
at org.testng.TestRunner.privateRun(TestRunner.java:648)
at org.testng.TestRunner.run(TestRunner.java:505)
at org.testng.SuiteRunner.runTest(SuiteRunner.java:455)
at org.testng.SuiteRunner.runSequentially(SuiteRunner.java:450)
at org.testng.SuiteRunner.privateRun(SuiteRunner.java:415)
at org.testng.SuiteRunner.run(SuiteRunner.java:364)
at org.testng.SuiteRunnerWorker.runSuite(SuiteRunnerWorker.java:52)
at org.testng.SuiteRunnerWorker.run(SuiteRunnerWorker.java:84)
at org.testng.TestNG.runSuitesSequentially(TestNG.java:1208)
at org.testng.TestNG.runSuitesLocally(TestNG.java:1137)
at org.testng.TestNG.runSuites(TestNG.java:1049)
at org.testng.TestNG.run(TestNG.java:1017)
at org.testng.remote.AbstractRemoteTestNG.run(AbstractRemoteTestNG.java:115)
at org.testng.remote.RemoteTestNG.initAndRun(RemoteTestNG.java:251)
at org.testng.remote.RemoteTestNG.main(RemoteTestNG.java:77)
]]>
    </error>
  </testcase> <!-- beforeClass -->
</testsuite> <!-- com.timp.test.ATR.Estruturas.GrupoDeEstruturas.GrupoDeEstruturasCriar -->
