<?xml version="1.0" encoding="UTF-8"?>
<!-- Generated by org.testng.reporters.JUnitReportReporter -->
<testsuite hostname="LitoSoler" name="com.timp.test.MDR.ContratoIOF.ContratoIOFCriar" tests="3" failures="0" timestamp="21 Oct 2020 00:30:37 GMT" time="75.074" errors="0">
  <testcase name="criar" time="47.525" classname="com.timp.test.MDR.ContratoIOF.ContratoIOFCriar"/>
  <testcase name="login" time="6.661" classname="com.timp.test.MDR.ContratoIOF.ContratoIOFCriar"/>
  <testcase name="acessarMDR" time="20.888" classname="com.timp.test.MDR.ContratoIOF.ContratoIOFCriar"/>
</testsuite> <!-- com.timp.test.MDR.ContratoIOF.ContratoIOFCriar -->
