<?xml version="1.0" encoding="UTF-8"?>
<!-- Generated by org.testng.reporters.JUnitReportReporter -->
<testsuite hostname="LitoSoler" name="com.timp.test.BRB.ListaSuspensa" tests="3" failures="0" timestamp="30 Sep 2020 20:31:41 GMT" time="164.516" errors="0">
  <testcase name="brbEntrar" time="20.999" classname="com.timp.test.BRB.ListaSuspensa"/>
  <testcase name="login" time="8.651" classname="com.timp.test.BRB.ListaSuspensa"/>
  <testcase name="listaSuspensa" time="134.866" classname="com.timp.test.BRB.ListaSuspensa"/>
</testsuite> <!-- com.timp.test.BRB.ListaSuspensa -->
