<?xml version="1.0" encoding="UTF-8"?>
<!-- Generated by org.testng.reporters.JUnitReportReporter -->
<<<<<<< HEAD
<testsuite hostname="DESKTOP-C57COV6" failures="0" tests="1" name="com.timp.test.ATR.Estruturas.Estruturas.EstruturasVisualizar" time="75.865" errors="0" timestamp="22 sep. 2021 22:36:45 GMT" skipped="0">
  <testcase classname="com.timp.test.ATR.Estruturas.Estruturas.EstruturasVisualizar" name="visualizar" time="75.865"/>
=======
<testsuite hostname="MassielV" failures="0" tests="1" name="com.timp.test.ATR.Estruturas.Estruturas.EstruturasVisualizar" time="77.595" errors="0" timestamp="29 sep. 2021 23:21:04 GMT" skipped="0">
  <testcase classname="com.timp.test.ATR.Estruturas.Estruturas.EstruturasVisualizar" name="visualizar" time="77.595"/>
>>>>>>> branch 'Yessy' of https://github.com/salc1997/TIMP_R1.git
</testsuite> <!-- com.timp.test.ATR.Estruturas.Estruturas.EstruturasVisualizar -->
