<?xml version="1.0" encoding="UTF-8"?>
<!-- Generated by org.testng.reporters.JUnitReportReporter -->
<testsuite hostname="MassielV" failures="0" tests="2" name="com.timp.test.BRB.ExcluirRelatorio" time="166.823" errors="0" timestamp="30 oct. 2021 05:31:28 GMT" skipped="0">
  <testcase classname="com.timp.test.BRB.ExcluirRelatorio" name="eliminarLixeira" time="55.450"/>
  <testcase classname="com.timp.test.BRB.ExcluirRelatorio" name="eliminar" time="111.373"/>
</testsuite> <!-- com.timp.test.BRB.ExcluirRelatorio -->
