<?xml version="1.0" encoding="UTF-8"?>
<!-- Generated by org.testng.reporters.JUnitReportReporter -->
<testsuite hostname="DESKTOP-5P4F1JE" failures="0" tests="3" name="com.timp.test.TDK.Dashboard.Edicao.DashboardLinksRapidosEditar" time="318.230" errors="0" timestamp="2 Feb 2021 17:27:58 GMT">
  <testcase classname="com.timp.test.TDK.Dashboard.Edicao.DashboardLinksRapidosEditar" name="login" time="10.111"/>
  <testcase classname="com.timp.test.TDK.Dashboard.Edicao.DashboardLinksRapidosEditar" name="acessarTDK" time="24.495"/>
  <testcase classname="com.timp.test.TDK.Dashboard.Edicao.DashboardLinksRapidosEditar" name="linksrapidos" time="283.624"/>
</testsuite> <!-- com.timp.test.TDK.Dashboard.Edicao.DashboardLinksRapidosEditar -->
