<?xml version="1.0" encoding="UTF-8"?>
<!-- Generated by org.testng.reporters.JUnitReportReporter -->
<testsuite hostname="DESKTOP-M23FVFN" failures="0" tests="2" name="com.timp.test.BRB.GruposAvancados" time="457.971" errors="0" timestamp="21 dic. 2021 16:11:41 GMT" skipped="0">
  <testcase classname="com.timp.test.BRB.GruposAvancados" name="eliminarGrupos" time="53.992"/>
  <testcase classname="com.timp.test.BRB.GruposAvancados" name="gruposAvanzados" time="403.979"/>
</testsuite> <!-- com.timp.test.BRB.GruposAvancados -->
