<?xml version="1.0" encoding="UTF-8"?>
<!-- Generated by org.testng.reporters.JUnitReportReporter -->
<testsuite hostname="Agile" failures="0" tests="2" name="com.timp.test.MDR.CEP.Bairro.BairroExcluirMassa" time="260.182" errors="0" timestamp="04 mar. 2022 23:02:56 GMT" skipped="0">
  <testcase classname="com.timp.test.MDR.CEP.Bairro.BairroExcluirMassa" name="criar" time="208.987"/>
  <testcase classname="com.timp.test.MDR.CEP.Bairro.BairroExcluirMassa" name="excluirMassa" time="51.195"/>
</testsuite> <!-- com.timp.test.MDR.CEP.Bairro.BairroExcluirMassa -->
