<?xml version="1.0" encoding="UTF-8"?>
<!-- Generated by org.testng.reporters.JUnitReportReporter -->
<testsuite hostname="DESKTOP-C57COV6" failures="0" tests="1" name="com.timp.test.MDR.TabelasComplementaresParaObrigaçoesAcessorias.TabelaDeLogradouros.TabelaLogradouroExcluirEmMassa" time="149.754" errors="0" timestamp="14 jul. 2021 05:50:16 GMT" skipped="0">
  <testcase classname="com.timp.test.MDR.TabelasComplementaresParaObrigaçoesAcessorias.TabelaDeLogradouros.TabelaLogradouroExcluirEmMassa" name="criar" time="149.754"/>
</testsuite> <!-- com.timp.test.MDR.TabelasComplementaresParaObrigaçoesAcessorias.TabelaDeLogradouros.TabelaLogradouroExcluirEmMassa -->
