<?xml version="1.0" encoding="UTF-8"?>
<!-- Generated by org.testng.reporters.JUnitReportReporter -->
<testsuite hostname="DESKTOP-C57COV6" failures="0" tests="1" name="com.timp.test.TDK.Kpis.KpisCriar" time="163.492" errors="0" timestamp="06 sep. 2021 14:47:34 GMT" skipped="0">
  <testcase classname="com.timp.test.TDK.Kpis.KpisCriar" name="criar" time="163.492"/>
</testsuite> <!-- com.timp.test.TDK.Kpis.KpisCriar -->
