<?xml version="1.0" encoding="UTF-8"?>
<!-- Generated by org.testng.reporters.JUnitReportReporter -->
<testsuite hostname="DESKTOP-35UG9UP" name="com.timp.test.MDR.CodigoReceita.CodigoReceitaEditar" tests="3" failures="0" timestamp="24 Sep 2020 16:21:34 GMT" time="84.496" errors="0">
  <testcase name="editar" time="55.868" classname="com.timp.test.MDR.CodigoReceita.CodigoReceitaEditar"/>
  <testcase name="login" time="12.303" classname="com.timp.test.MDR.CodigoReceita.CodigoReceitaEditar"/>
  <testcase name="acessarMDR" time="16.325" classname="com.timp.test.MDR.CodigoReceita.CodigoReceitaEditar"/>
</testsuite> <!-- com.timp.test.MDR.CodigoReceita.CodigoReceitaEditar -->
