<?xml version="1.0" encoding="UTF-8"?>
<!-- Generated by org.testng.reporters.JUnitReportReporter -->
<testsuite hostname="Agile" failures="0" tests="1" name="com.timp.test.BRE.RegrasdeAuditoriaN1.ParametrosGerais.RegrasdeAuditoriaN1ParâmetrosgeraisSimular" time="245.059" errors="0" timestamp="26 abr. 2022 23:09:04 GMT" skipped="0">
  <testcase classname="com.timp.test.BRE.RegrasdeAuditoriaN1.ParametrosGerais.RegrasdeAuditoriaN1ParâmetrosgeraisSimular" name="editar" time="245.059"/>
</testsuite> <!-- com.timp.test.BRE.RegrasdeAuditoriaN1.ParametrosGerais.RegrasdeAuditoriaN1ParâmetrosgeraisSimular -->
