<?xml version="1.0" encoding="UTF-8"?>
<!-- Generated by org.testng.reporters.JUnitReportReporter -->
<testsuite hostname="Agile" failures="0" tests="1" name="com.timp.test.MDR.Siscoserv.NBS.NBSCriar" time="136.312" errors="0" timestamp="18 dic. 2021 19:16:37 GMT" skipped="0">
  <testcase classname="com.timp.test.MDR.Siscoserv.NBS.NBSCriar" name="criar" time="136.312"/>
</testsuite> <!-- com.timp.test.MDR.Siscoserv.NBS.NBSCriar -->
