<?xml version="1.0" encoding="UTF-8"?>
<!-- Generated by org.testng.reporters.JUnitReportReporter -->
<testsuite hostname="DESKTOP-BNBDMGT" failures="0" tests="1" name="com.timp.test.MDR.LivrosFiscais.ParametrosParaLivroICMSST.ParametrosParaLivroICMSSTDetalle" time="76.344" errors="0" timestamp="29 mar. 2021 22:22:53 GMT" skipped="0">
  <testcase classname="com.timp.test.MDR.LivrosFiscais.ParametrosParaLivroICMSST.ParametrosParaLivroICMSSTDetalle" name="detalhes" time="76.344"/>
</testsuite> <!-- com.timp.test.MDR.LivrosFiscais.ParametrosParaLivroICMSST.ParametrosParaLivroICMSSTDetalle -->
