<?xml version="1.0" encoding="UTF-8"?>
<!-- Generated by org.testng.reporters.JUnitReportReporter -->
<testsuite hostname="DESKTOP-BNBDMGT" failures="0" tests="3" name="com.timp.test.TDK.Kpis.KpisCriar" time="136.251" errors="0" timestamp="18 Jan 2021 18:31:33 GMT">
  <testcase classname="com.timp.test.TDK.Kpis.KpisCriar" name="criar" time="80.854"/>
  <testcase classname="com.timp.test.TDK.Kpis.KpisCriar" name="login" time="8.771"/>
  <testcase classname="com.timp.test.TDK.Kpis.KpisCriar" name="acessarTDK" time="46.626"/>
</testsuite> <!-- com.timp.test.TDK.Kpis.KpisCriar -->
