<?xml version="1.0" encoding="UTF-8"?>
<<<<<<< HEAD
<!-- Generated by org.testng.reporters.JUnitReportReporter -->
<testsuite hostname="MIGUEL" failures="0" tests="3" name="com.timp.test.BRE.CalculoDeTributos.CalculoDeTributoCriar" time="135.861" errors="0" timestamp="11 Jan 2021 16:01:22 GMT">
  <testcase classname="com.timp.test.BRE.CalculoDeTributos.CalculoDeTributoCriar" name="login" time="7.364"/>
  <testcase classname="com.timp.test.BRE.CalculoDeTributos.CalculoDeTributoCriar" name="acessarBRE" time="18.774"/>
  <testcase classname="com.timp.test.BRE.CalculoDeTributos.CalculoDeTributoCriar" name="criar" time="109.723"/>
=======
<!-- Generated by org.testng.reporters.JUnitReportReporter -->
<testsuite hostname="CRISTHIAN-VASQUEZ" failures="0" tests="3" name="com.timp.test.BRE.CalculoDeTributos.CalculoDeTributoCriar" time="127.067" errors="0" timestamp="11 Jan 2021 13:36:51 GMT">
  <testcase classname="com.timp.test.BRE.CalculoDeTributos.CalculoDeTributoCriar" name="criar" time="101.318"/>
  <testcase classname="com.timp.test.BRE.CalculoDeTributos.CalculoDeTributoCriar" name="login" time="10.934"/>
  <testcase classname="com.timp.test.BRE.CalculoDeTributos.CalculoDeTributoCriar" name="acessarBRE" time="14.815"/>
>>>>>>> refs/heads/Cristhian
</testsuite> <!-- com.timp.test.BRE.CalculoDeTributos.CalculoDeTributoCriar -->
