<?xml version="1.0" encoding="UTF-8"?>
<!-- Generated by org.testng.reporters.JUnitReportReporter -->
<testsuite hostname="DESKTOP-C57COV6" failures="0" tests="2" name="com.timp.test.BRB.ExcluirColuna" time="193.639" errors="0" timestamp="11 may. 2021 00:16:55 GMT" skipped="0">
  <testcase classname="com.timp.test.BRB.ExcluirColuna" name="excluirColunaOpcao" time="63.645"/>
  <testcase classname="com.timp.test.BRB.ExcluirColuna" name="excluirColunaDragNDrop" time="129.994"/>
</testsuite> <!-- com.timp.test.BRB.ExcluirColuna -->
