<?xml version="1.0" encoding="UTF-8"?>
<!-- Generated by org.testng.reporters.JUnitReportReporter -->
<testsuite hostname="LitoSoler" name="com.timp.test.BRB.CriarCopia" tests="3" failures="0" timestamp="23 Dec 2020 15:59:25 GMT" time="137.204" errors="0">
  <testcase name="brbEntrar" time="21.279" classname="com.timp.test.BRB.CriarCopia"/>
  <testcase name="criarCopia" time="109.449" classname="com.timp.test.BRB.CriarCopia"/>
  <testcase name="login" time="6.476" classname="com.timp.test.BRB.CriarCopia"/>
</testsuite> <!-- com.timp.test.BRB.CriarCopia -->
