<?xml version="1.0" encoding="UTF-8"?>
<!-- Generated by org.testng.reporters.JUnitReportReporter -->
<testsuite hostname="MIGUEL" failures="0" tests="3" name="com.timp.test.TAA.Agendamento.AgendamentoExcluir" time="63.576" errors="0" timestamp="6 Jan 2021 02:43:33 GMT">
  <testcase classname="com.timp.test.TAA.Agendamento.AgendamentoExcluir" name="ingresarTAA" time="20.171"/>
  <testcase classname="com.timp.test.TAA.Agendamento.AgendamentoExcluir" name="criar" time="35.928"/>
  <testcase classname="com.timp.test.TAA.Agendamento.AgendamentoExcluir" name="ingresar" time="7.477"/>
</testsuite> <!-- com.timp.test.TAA.Agendamento.AgendamentoExcluir -->
