<?xml version="1.0" encoding="UTF-8"?>
<!-- Generated by org.testng.reporters.JUnitReportReporter -->
<testsuite hostname="Agile" failures="0" tests="1" name="com.timp.test.BRB.CampoOutput" time="161.061" errors="0" timestamp="2022-06-06T13:03:58 CST" skipped="0">
  <testcase classname="com.timp.test.BRB.CampoOutput" name="campoOutput" time="161.061"/>
  <system-out/>
</testsuite> <!-- com.timp.test.BRB.CampoOutput -->
