<?xml version="1.0" encoding="UTF-8"?>
<!-- Generated by org.testng.reporters.JUnitReportReporter -->
<testsuite hostname="DESKTOP-5P4F1JE" failures="0" tests="3" name="com.timp.test.BRB.Imprimir" time="74.535" errors="0" timestamp="13 Nov 2020 19:50:07 GMT">
  <testcase classname="com.timp.test.BRB.Imprimir" name="imprimir" time="43.166"/>
  <testcase classname="com.timp.test.BRB.Imprimir" name="brbEntrar" time="23.115"/>
  <testcase classname="com.timp.test.BRB.Imprimir" name="login" time="8.254"/>
</testsuite> <!-- com.timp.test.BRB.Imprimir -->
