<?xml version="1.0" encoding="UTF-8"?>
<!-- Generated by org.testng.reporters.JUnitReportReporter -->
<testsuite hostname="MIGUEL" failures="0" tests="2" name="com.timp.test.MDR.TabelasComplementaresParaObrigaçoesAcessorias.TabelaDeDetalhamentosParaRegistro11.TabelaDeDetalhamentosParaRegistro11ExcluirEmMassa" time="156.454" errors="0" timestamp="24 feb. 2021 16:36:18 GMT" skipped="0">
  <testcase classname="com.timp.test.MDR.TabelasComplementaresParaObrigaçoesAcessorias.TabelaDeDetalhamentosParaRegistro11.TabelaDeDetalhamentosParaRegistro11ExcluirEmMassa" name="excluriEmMassa" time="30.814"/>
  <testcase classname="com.timp.test.MDR.TabelasComplementaresParaObrigaçoesAcessorias.TabelaDeDetalhamentosParaRegistro11.TabelaDeDetalhamentosParaRegistro11ExcluirEmMassa" name="criar" time="125.640"/>
</testsuite> <!-- com.timp.test.MDR.TabelasComplementaresParaObrigaçoesAcessorias.TabelaDeDetalhamentosParaRegistro11.TabelaDeDetalhamentosParaRegistro11ExcluirEmMassa -->
