<?xml version="1.0" encoding="UTF-8"?>
<!-- Generated by org.testng.reporters.JUnitReportReporter -->
<testsuite hostname="DESKTOP-5P4F1JE" failures="0" tests="3" name="com.timp.test.BRE.RegrasDeAuditoriaN4.ParametrosGerais.RegrasDeAuditoriaN4Criar" time="143.150" errors="0" timestamp="11 Jan 2021 22:04:40 GMT">
  <testcase classname="com.timp.test.BRE.RegrasDeAuditoriaN4.ParametrosGerais.RegrasDeAuditoriaN4Criar" name="criar" time="118.149"/>
  <testcase classname="com.timp.test.BRE.RegrasDeAuditoriaN4.ParametrosGerais.RegrasDeAuditoriaN4Criar" name="acessarBRE" time="17.406"/>
  <testcase classname="com.timp.test.BRE.RegrasDeAuditoriaN4.ParametrosGerais.RegrasDeAuditoriaN4Criar" name="login" time="7.595"/>
</testsuite> <!-- com.timp.test.BRE.RegrasDeAuditoriaN4.ParametrosGerais.RegrasDeAuditoriaN4Criar -->
