<?xml version="1.0" encoding="UTF-8"?>
<!-- Generated by org.testng.reporters.JUnitReportReporter -->
<testsuite hostname="LitoSoler" name="com.timp.test.MDR.Centralizacao.FatorCreditamento.FatorCreditamentoDetalhes" tests="3" failures="0" timestamp="7 Dec 2020 19:45:25 GMT" time="69.148" errors="0">
  <testcase name="login" time="7.052" classname="com.timp.test.MDR.Centralizacao.FatorCreditamento.FatorCreditamentoDetalhes"/>
  <testcase name="acessarMDR" time="24.205" classname="com.timp.test.MDR.Centralizacao.FatorCreditamento.FatorCreditamentoDetalhes"/>
  <testcase name="detalhes" time="37.891" classname="com.timp.test.MDR.Centralizacao.FatorCreditamento.FatorCreditamentoDetalhes"/>
</testsuite> <!-- com.timp.test.MDR.Centralizacao.FatorCreditamento.FatorCreditamentoDetalhes -->
