<?xml version="1.0" encoding="UTF-8"?>
<!-- Generated by org.testng.reporters.JUnitReportReporter -->
<testsuite hostname="DESKTOP-BNBDMGT" failures="0" tests="3" name="com.timp.test.MDR.TabelasComplementaresParaObrigaçoesAcessorias.TabelaCodigoReceitas.TabelaCodigoReceitaCriar" time="68.816" errors="0" timestamp="10 Dec 2020 18:29:13 GMT">
  <testcase classname="com.timp.test.MDR.TabelasComplementaresParaObrigaçoesAcessorias.TabelaCodigoReceitas.TabelaCodigoReceitaCriar" name="criar" time="41.586"/>
  <testcase classname="com.timp.test.MDR.TabelasComplementaresParaObrigaçoesAcessorias.TabelaCodigoReceitas.TabelaCodigoReceitaCriar" name="login" time="6.757"/>
  <testcase classname="com.timp.test.MDR.TabelasComplementaresParaObrigaçoesAcessorias.TabelaCodigoReceitas.TabelaCodigoReceitaCriar" name="acessarMDR" time="20.473"/>
</testsuite> <!-- com.timp.test.MDR.TabelasComplementaresParaObrigaçoesAcessorias.TabelaCodigoReceitas.TabelaCodigoReceitaCriar -->
