<?xml version="1.0" encoding="UTF-8"?>
<!-- Generated by org.testng.reporters.JUnitReportReporter -->
<testsuite hostname="MassielV" failures="0" tests="2" name="com.timp.test.BRB.FormatacaoEVariante" time="284.399" errors="0" timestamp="05 nov. 2021 19:09:00 GMT" skipped="0">
  <testcase classname="com.timp.test.BRB.FormatacaoEVariante" name="excluirVariante" time="47.369"/>
  <testcase classname="com.timp.test.BRB.FormatacaoEVariante" name="formatacaoEVariante" time="237.030"/>
</testsuite> <!-- com.timp.test.BRB.FormatacaoEVariante -->
