<?xml version="1.0" encoding="UTF-8"?>
<!-- Generated by org.testng.reporters.JUnitReportReporter -->
<testsuite hostname="LitoSoler" name="com.timp.test.BRB.FiltroColunas" tests="4" failures="0" timestamp="3 Dec 2020 23:27:42 GMT" time="143.668" errors="0">
  <testcase name="login" time="7.465" classname="com.timp.test.BRB.FiltroColunas"/>
  <testcase name="filtroConFerramenta2" time="29.863" classname="com.timp.test.BRB.FiltroColunas"/>
  <testcase name="filtroConFerramenta1" time="76.538" classname="com.timp.test.BRB.FiltroColunas"/>
  <testcase name="brbEntrar" time="29.802" classname="com.timp.test.BRB.FiltroColunas"/>
</testsuite> <!-- com.timp.test.BRB.FiltroColunas -->
