<?xml version="1.0" encoding="UTF-8"?>
<!-- Generated by org.testng.reporters.JUnitReportReporter -->
<testsuite hostname="DESKTOP-BNBDMGT" failures="0" tests="1" name="com.timp.test.MDR.SaldoInicial.SaldoInicialFiltroAvan" time="195.724" errors="0" timestamp="20 mar. 2021 01:52:19 GMT" skipped="0">
  <testcase classname="com.timp.test.MDR.SaldoInicial.SaldoInicialFiltroAvan" name="FiltrarAvanSaldoIncial" time="195.724"/>
</testsuite> <!-- com.timp.test.MDR.SaldoInicial.SaldoInicialFiltroAvan -->
