<?xml version="1.0" encoding="UTF-8"?>
<!-- Generated by org.testng.reporters.JUnitReportReporter -->
<testsuite hostname="LitoSoler" name="com.timp.test.MDR.SequenciaAcesso.SequenciaEditar" tests="3" failures="0" timestamp="8 Aug 2020 18:11:45 GMT" time="150.180" errors="0">
  <testcase name="acessarMDR" time="37.828" classname="com.timp.test.MDR.SequenciaAcesso.SequenciaEditar"/>
  <testcase name="login" time="6.955" classname="com.timp.test.MDR.SequenciaAcesso.SequenciaEditar"/>
  <testcase name="Editar" time="105.397" classname="com.timp.test.MDR.SequenciaAcesso.SequenciaEditar"/>
</testsuite> <!-- com.timp.test.MDR.SequenciaAcesso.SequenciaEditar -->
