<?xml version="1.0" encoding="UTF-8"?>
<!-- Generated by org.testng.reporters.JUnitReportReporter -->
<testsuite hostname="LitoSoler" name="com.timp.test.MDR.SequenciaAcesso.SequenciaFiltros" tests="3" failures="0" timestamp="10 Jul 2020 23:15:59 GMT" time="21.621" errors="0">
  <testcase name="acessarMDR" time="9.239" classname="com.timp.test.MDR.SequenciaAcesso.SequenciaFiltros"/>
  <testcase name="filtroId" time="5.982" classname="com.timp.test.MDR.SequenciaAcesso.SequenciaFiltros"/>
  <testcase name="login" time="6.400" classname="com.timp.test.MDR.SequenciaAcesso.SequenciaFiltros"/>
</testsuite> <!-- com.timp.test.MDR.SequenciaAcesso.SequenciaFiltros -->
