<?xml version="1.0" encoding="UTF-8"?>
<!-- Generated by org.testng.reporters.JUnitReportReporter -->
<testsuite hostname="MIGUEL" failures="0" tests="3" name="com.timp.test.TDK.Dashboard.DashboardPublicos.DashboardDetalhes" time="52.863" errors="0" timestamp="01 mar. 2021 20:10:50 GMT" skipped="0">
  <testcase classname="com.timp.test.TDK.Dashboard.DashboardPublicos.DashboardDetalhes" name="login" time="7.569"/>
  <testcase classname="com.timp.test.TDK.Dashboard.DashboardPublicos.DashboardDetalhes" name="acessarTDK" time="19.166"/>
  <testcase classname="com.timp.test.TDK.Dashboard.DashboardPublicos.DashboardDetalhes" name="filtro" time="26.128"/>
</testsuite> <!-- com.timp.test.TDK.Dashboard.DashboardPublicos.DashboardDetalhes -->
