<?xml version="1.0" encoding="UTF-8"?>
<!-- Generated by org.testng.reporters.JUnitReportReporter -->
<<<<<<< HEAD
<testsuite hostname="DESKTOP-C57COV6" failures="0" tests="1" name="com.timp.test.MDR.ContratoIOF.ContratoIOFExcluir" time="249.525" errors="0" timestamp="18 nov. 2021 02:01:25 GMT" skipped="0">
  <testcase classname="com.timp.test.MDR.ContratoIOF.ContratoIOFExcluir" name="excluir" time="249.525"/>
=======
<testsuite hostname="MassielV" failures="0" tests="1" name="com.timp.test.MDR.ContratoIOF.ContratoIOFExcluir" time="91.259" errors="0" timestamp="17 nov. 2021 09:08:58 GMT" skipped="0">
  <testcase classname="com.timp.test.MDR.ContratoIOF.ContratoIOFExcluir" name="excluir" time="91.259"/>
>>>>>>> branch 'Yessy' of https://github.com/salc1997/TIMP_R1.git
</testsuite> <!-- com.timp.test.MDR.ContratoIOF.ContratoIOFExcluir -->
