<?xml version="1.0" encoding="UTF-8"?>
<<<<<<< HEAD
<!-- Generated by org.testng.reporters.JUnitReportReporter -->
<testsuite skipped="0" hostname="LitoSoler" name="com.timp.test.MDR.Antecipacao.AntecipacaoDetalhe" tests="1" failures="0" timestamp="16 mar 2021 02:29:44 GMT" time="88.081" errors="0">
  <testcase name="detalhe" time="88.081" classname="com.timp.test.MDR.Antecipacao.AntecipacaoDetalhe"/>
=======
<!-- Generated by org.testng.reporters.JUnitReportReporter -->
<testsuite skipped="0" hostname="LitoSoler" name="com.timp.test.MDR.Antecipacao.AntecipacaoDetalhe" tests="1" failures="0" timestamp="09 mar 2021 00:23:11 GMT" time="86.905" errors="0">
  <testcase name="detalhe" time="86.905" classname="com.timp.test.MDR.Antecipacao.AntecipacaoDetalhe"/>
>>>>>>> refs/heads/Cristhian
</testsuite> <!-- com.timp.test.MDR.Antecipacao.AntecipacaoDetalhe -->
