<?xml version="1.0" encoding="UTF-8"?>
<!-- Generated by org.testng.reporters.JUnitReportReporter -->
<testsuite hostname="DESKTOP-C57COV6" failures="0" tests="1" name="com.timp.test.MDR.RepresentanteLegais.RepresentanteLegaisEditar" time="136.805" errors="0" timestamp="27 oct. 2021 08:38:43 GMT" skipped="0">
  <testcase classname="com.timp.test.MDR.RepresentanteLegais.RepresentanteLegaisEditar" name="editar" time="136.805"/>
</testsuite> <!-- com.timp.test.MDR.RepresentanteLegais.RepresentanteLegaisEditar -->
