<?xml version="1.0" encoding="UTF-8"?>
<!-- Generated by org.testng.reporters.JUnitReportReporter -->
<testsuite hostname="DESKTOP-C57COV6" failures="0" tests="1" name="com.timp.test.BRB.AtivarCorrecao" time="122.609" errors="0" timestamp="26 oct. 2021 07:51:19 GMT" skipped="0">
  <testcase classname="com.timp.test.BRB.AtivarCorrecao" name="ativarCorreccion" time="122.609"/>
</testsuite> <!-- com.timp.test.BRB.AtivarCorrecao -->
