<?xml version="1.0" encoding="UTF-8"?>
<!-- Generated by org.testng.reporters.JUnitReportReporter -->
<testsuite hostname="DESKTOP-HB7TMPD" failures="0" tests="3" name="com.timp.test.BRE.RegrasDeNegocio.RegrasdeNegócioExcluirdefinitivamente" time="274.953" errors="0" timestamp="6 Jan 2021 10:29:00 GMT">
  <testcase classname="com.timp.test.BRE.RegrasDeNegocio.RegrasdeNegócioExcluirdefinitivamente" name="criar" time="250.873"/>
  <testcase classname="com.timp.test.BRE.RegrasDeNegocio.RegrasdeNegócioExcluirdefinitivamente" name="acessarBRE" time="16.083"/>
  <testcase classname="com.timp.test.BRE.RegrasDeNegocio.RegrasdeNegócioExcluirdefinitivamente" name="login" time="7.997"/>
</testsuite> <!-- com.timp.test.BRE.RegrasDeNegocio.RegrasdeNegócioExcluirdefinitivamente -->
