<?xml version="1.0" encoding="UTF-8"?>
<!-- Generated by org.testng.reporters.JUnitReportReporter -->
<testsuite hostname="CRISTHIAN-VASQUEZ" failures="0" tests="3" name="com.timp.test.BRE.RegrasdeAuditoriaN2.RegrasDeAuditoriaN2CriarCaminhos" time="136.486" errors="0" timestamp="21 Dec 2020 12:26:28 GMT">
  <testcase classname="com.timp.test.BRE.RegrasdeAuditoriaN2.RegrasDeAuditoriaN2CriarCaminhos" name="login" time="8.383"/>
  <testcase classname="com.timp.test.BRE.RegrasdeAuditoriaN2.RegrasDeAuditoriaN2CriarCaminhos" name="acessarBRE" time="12.971"/>
  <testcase classname="com.timp.test.BRE.RegrasdeAuditoriaN2.RegrasDeAuditoriaN2CriarCaminhos" name="criar" time="115.132"/>
</testsuite> <!-- com.timp.test.BRE.RegrasdeAuditoriaN2.RegrasDeAuditoriaN2CriarCaminhos -->
