<?xml version="1.0" encoding="UTF-8"?>
<!-- Generated by org.testng.reporters.JUnitReportReporter -->
<testsuite hostname="DESKTOP-5P4F1JE" failures="0" tests="3" name="com.timp.test.BRB.AtivarComentario" time="69.389" errors="0" timestamp="5 Nov 2020 18:41:28 GMT">
  <testcase classname="com.timp.test.BRB.AtivarComentario" name="login" time="7.630"/>
  <testcase classname="com.timp.test.BRB.AtivarComentario" name="brbEntrar" time="21.754"/>
  <testcase classname="com.timp.test.BRB.AtivarComentario" name="ativarComentarios" time="40.005"/>
</testsuite> <!-- com.timp.test.BRB.AtivarComentario -->
