<?xml version="1.0" encoding="UTF-8"?>
<!-- Generated by org.testng.reporters.JUnitReportReporter -->
<testsuite hostname="DESKTOP-BNBDMGT" failures="0" tests="3" name="com.timp.test.BSC.CorrecaoDeNFDetalhes" time="177.689" errors="0" timestamp="6 Dec 2020 05:38:25 GMT">
  <testcase classname="com.timp.test.BSC.CorrecaoDeNFDetalhes" name="login" time="10.617"/>
  <testcase classname="com.timp.test.BSC.CorrecaoDeNFDetalhes" name="Aprovar" time="136.842"/>
  <testcase classname="com.timp.test.BSC.CorrecaoDeNFDetalhes" name="brbEntrar" time="30.230"/>
</testsuite> <!-- com.timp.test.BSC.CorrecaoDeNFDetalhes -->
