<?xml version="1.0" encoding="UTF-8"?>
<!-- Generated by org.testng.reporters.JUnitReportReporter -->
<testsuite hostname="DESKTOP-C57COV6" failures="0" tests="1" name="com.timp.test.TCC.GestaoDeCreditoTributarioICMS.Executados.Registro1200.Executados1200Visualizar" time="101.266" errors="0" timestamp="23 ago. 2021 22:12:18 GMT" skipped="0">
  <testcase classname="com.timp.test.TCC.GestaoDeCreditoTributarioICMS.Executados.Registro1200.Executados1200Visualizar" name="visualizar" time="101.266"/>
</testsuite> <!-- com.timp.test.TCC.GestaoDeCreditoTributarioICMS.Executados.Registro1200.Executados1200Visualizar -->
