<?xml version="1.0" encoding="UTF-8"?>
<!-- Generated by org.testng.reporters.JUnitReportReporter -->
<testsuite hostname="DESKTOP-C57COV6" failures="0" tests="1" name="com.timp.test.MDR.TabelasComplementaresParaObrigaçoesAcessorias.TabelaDeCreditosPorObrigacao.TabelaDeCreditosPorObrigacaoCriar" time="85.294" errors="0" timestamp="14 jul. 2021 07:24:14 GMT" skipped="0">
  <testcase classname="com.timp.test.MDR.TabelasComplementaresParaObrigaçoesAcessorias.TabelaDeCreditosPorObrigacao.TabelaDeCreditosPorObrigacaoCriar" name="criar" time="85.294"/>
</testsuite> <!-- com.timp.test.MDR.TabelasComplementaresParaObrigaçoesAcessorias.TabelaDeCreditosPorObrigacao.TabelaDeCreditosPorObrigacaoCriar -->
