<?xml version="1.0" encoding="UTF-8"?>
<!-- Generated by org.testng.reporters.JUnitReportReporter -->
<testsuite skipped="0" hostname="LitoSoler" name="com.timp.test.MDR.CEP.Logradouro.LogradouroVisualizar" tests="1" failures="0" timestamp="16 feb 2021 21:44:22 GMT" time="72.022" errors="0">
  <testcase name="visualizar" time="72.022" classname="com.timp.test.MDR.CEP.Logradouro.LogradouroVisualizar"/>
</testsuite> <!-- com.timp.test.MDR.CEP.Logradouro.LogradouroVisualizar -->
