<?xml version="1.0" encoding="UTF-8"?>
<!-- Generated by org.testng.reporters.JUnitReportReporter -->
<testsuite hostname="DESKTOP-M23FVFN" failures="0" tests="1" name="com.timp.test.BRE.RegrasDeEscrituração.Edicao.RegrasDeEscrituraçãoEdiçãoValoresCalculados" time="338.316" errors="0" timestamp="2022-07-26T22:01:41 CST" skipped="0">
  <testcase classname="com.timp.test.BRE.RegrasDeEscrituração.Edicao.RegrasDeEscrituraçãoEdiçãoValoresCalculados" name="ValoresCalculados" time="338.316"/>
  <system-out/>
</testsuite> <!-- com.timp.test.BRE.RegrasDeEscrituração.Edicao.RegrasDeEscrituraçãoEdiçãoValoresCalculados -->
