<?xml version="1.0" encoding="UTF-8"?>
<!-- Generated by org.testng.reporters.JUnitReportReporter -->
<testsuite hostname="MIGUEL" failures="0" tests="3" name="com.timp.test.BPMA.Processo.ParametrosGerais.ParametrosGeraisVisualizar" time="189.299" errors="0" timestamp="10 mar. 2021 14:39:19 GMT" skipped="0">
  <testcase classname="com.timp.test.BPMA.Processo.ParametrosGerais.ParametrosGeraisVisualizar" name="login" time="7.366"/>
  <testcase classname="com.timp.test.BPMA.Processo.ParametrosGerais.ParametrosGeraisVisualizar" name="BPMAEntrar" time="13.518"/>
  <testcase classname="com.timp.test.BPMA.Processo.ParametrosGerais.ParametrosGeraisVisualizar" name="visualizar" time="168.415"/>
</testsuite> <!-- com.timp.test.BPMA.Processo.ParametrosGerais.ParametrosGeraisVisualizar -->
