<?xml version="1.0" encoding="UTF-8"?>
<!-- Generated by org.testng.reporters.JUnitReportReporter -->
<testsuite hostname="MassielV" failures="0" tests="3" name="com.timp.test.BRB.Formula" time="224.314" errors="0" timestamp="10 nov. 2021 22:57:29 GMT" skipped="0">
  <testcase classname="com.timp.test.BRB.Formula" name="formulaColuna" time="113.088"/>
  <testcase classname="com.timp.test.BRB.Formula" name="aplicar" time="10.462"/>
  <testcase classname="com.timp.test.BRB.Formula" name="formulaBoton" time="100.764"/>
</testsuite> <!-- com.timp.test.BRB.Formula -->
