<?xml version="1.0" encoding="UTF-8"?>
<!-- Generated by org.testng.reporters.JUnitReportReporter -->
<testsuite hostname="DESKTOP-M23FVFN" failures="0" tests="2" name="com.timp.test.BRB.ExcluirRelatorio" time="157.307" errors="0" timestamp="21 dic. 2021 16:11:41 GMT" skipped="0">
  <testcase classname="com.timp.test.BRB.ExcluirRelatorio" name="eliminarLixeira" time="52.548"/>
  <testcase classname="com.timp.test.BRB.ExcluirRelatorio" name="eliminar" time="104.759"/>
</testsuite> <!-- com.timp.test.BRB.ExcluirRelatorio -->
