<?xml version="1.0" encoding="UTF-8"?>
<!-- Generated by org.testng.reporters.JUnitReportReporter -->
<testsuite skipped="0" hostname="LitoSoler" name="com.timp.test.MDR.ControleDeCreditoTributario.CodigosDeCredito.CodigosDeCreditoExcluir" tests="1" failures="0" timestamp="09 mar 2021 00:34:16 GMT" time="77.991" errors="0">
  <testcase name="excluir" time="77.991" classname="com.timp.test.MDR.ControleDeCreditoTributario.CodigosDeCredito.CodigosDeCreditoExcluir"/>
</testsuite> <!-- com.timp.test.MDR.ControleDeCreditoTributario.CodigosDeCredito.CodigosDeCreditoExcluir -->
