<?xml version="1.0" encoding="UTF-8"?>
<!-- Generated by org.testng.reporters.JUnitReportReporter -->
<testsuite hostname="DESKTOP-BNBDMGT" failures="0" tests="1" name="com.timp.test.MDR.ParametrosParaCategoriaDeIRF.ParametrosParaCategoriaDeIRFVisualizar" time="55.591" errors="0" timestamp="17 abr. 2021 04:04:48 GMT" skipped="0">
  <testcase classname="com.timp.test.MDR.ParametrosParaCategoriaDeIRF.ParametrosParaCategoriaDeIRFVisualizar" name="visualizar" time="55.591"/>
</testsuite> <!-- com.timp.test.MDR.ParametrosParaCategoriaDeIRF.ParametrosParaCategoriaDeIRFVisualizar -->
