<?xml version="1.0" encoding="UTF-8"?>
<!-- Generated by org.testng.reporters.JUnitReportReporter -->
<testsuite hostname="LitoSoler" name="com.timp.test.MDR.SCANC.MovimentoSCANC.MovimentoSCANCExcluir" tests="3" failures="0" timestamp="14 Nov 2020 19:04:31 GMT" time="65.013" errors="0">
  <testcase name="login" time="6.138" classname="com.timp.test.MDR.SCANC.MovimentoSCANC.MovimentoSCANCExcluir"/>
  <testcase name="excluir" time="36.633" classname="com.timp.test.MDR.SCANC.MovimentoSCANC.MovimentoSCANCExcluir"/>
  <testcase name="acessarMDR" time="22.242" classname="com.timp.test.MDR.SCANC.MovimentoSCANC.MovimentoSCANCExcluir"/>
</testsuite> <!-- com.timp.test.MDR.SCANC.MovimentoSCANC.MovimentoSCANCExcluir -->
