<?xml version="1.0" encoding="UTF-8"?>
<<<<<<< HEAD
<!-- Generated by org.testng.reporters.JUnitReportReporter -->
<testsuite skipped="0" hostname="LitoSoler" name="com.timp.test.MDR.CEP.Municipio.MunicipioEditar" tests="1" failures="0" timestamp="19 mar 2021 21:37:16 GMT" time="71.035" errors="0">
  <testcase name="editar" time="71.035" classname="com.timp.test.MDR.CEP.Municipio.MunicipioEditar"/>
=======
<<<<<<< HEAD
<!-- Generated by org.testng.reporters.JUnitReportReporter -->
<testsuite skipped="0" hostname="LitoSoler" name="com.timp.test.MDR.CEP.Municipio.MunicipioEditar" tests="1" failures="0" timestamp="16 mar 2021 03:10:11 GMT" time="81.334" errors="0">
  <testcase name="editar" time="81.334" classname="com.timp.test.MDR.CEP.Municipio.MunicipioEditar"/>
=======
<!-- Generated by org.testng.reporters.JUnitReportReporter -->
<testsuite skipped="0" hostname="LitoSoler" name="com.timp.test.MDR.CEP.Municipio.MunicipioEditar" tests="1" failures="0" timestamp="09 mar 2021 01:00:52 GMT" time="70.896" errors="0">
  <testcase name="editar" time="70.896" classname="com.timp.test.MDR.CEP.Municipio.MunicipioEditar"/>
>>>>>>> refs/heads/Cristhian
>>>>>>> branch 'master' of https://github.com/salc1997/TIMP_R1.git
</testsuite> <!-- com.timp.test.MDR.CEP.Municipio.MunicipioEditar -->
