<?xml version="1.0" encoding="UTF-8"?>
<!-- Generated by org.testng.reporters.JUnitReportReporter -->
<testsuite hostname="DESKTOP-C57COV6" failures="0" tests="1" name="com.timp.test.TFP.Configurações.Configurações.Período.ConfiguraçõesPeríodoFiltroPorId" time="57.325" errors="0" timestamp="24 jul. 2021 22:24:25 GMT" skipped="0">
  <testcase classname="com.timp.test.TFP.Configurações.Configurações.Período.ConfiguraçõesPeríodoFiltroPorId" name="filtro" time="57.325"/>
</testsuite> <!-- com.timp.test.TFP.Configurações.Configurações.Período.ConfiguraçõesPeríodoFiltroPorId -->
