<?xml version="1.0" encoding="UTF-8"?>
<!-- Generated by org.testng.reporters.JUnitReportReporter -->
<testsuite hostname="EC2AMAZ-8HCHO4G" failures="0" tests="1" name="com.timp.test.TDK.Kpis.Edicao.KpisTabelasEditar" time="173.211" errors="0" timestamp="2024-01-22T18:18:21 UTC" skipped="0">
  <testcase classname="com.timp.test.TDK.Kpis.Edicao.KpisTabelasEditar" name="Editar" time="173.211"/>
  <system-out/>
</testsuite> <!-- com.timp.test.TDK.Kpis.Edicao.KpisTabelasEditar -->
