<?xml version="1.0" encoding="UTF-8"?>
<!-- Generated by org.testng.reporters.JUnitReportReporter -->
<testsuite hostname="MIGUEL" failures="0" tests="1" name="com.timp.test.BRB.NovoRelatorio" time="122.795" errors="0" timestamp="16 mar. 2021 16:05:14 GMT" skipped="0">
  <testcase classname="com.timp.test.BRB.NovoRelatorio" name="novoRelatorio" time="122.795"/>
</testsuite> <!-- com.timp.test.BRB.NovoRelatorio -->
