<?xml version="1.0" encoding="UTF-8"?>
<!-- Generated by org.testng.reporters.JUnitReportReporter -->
<testsuite hostname="DESKTOP-M23FVFN" failures="0" tests="3" name="com.timp.test.BRB.Formula" time="228.026" errors="0" timestamp="30 nov. 2021 16:11:36 GMT" skipped="0">
  <testcase classname="com.timp.test.BRB.Formula" name="formulaColuna" time="112.295"/>
  <testcase classname="com.timp.test.BRB.Formula" name="aplicar" time="11.110"/>
  <testcase classname="com.timp.test.BRB.Formula" name="formulaBoton" time="104.621"/>
</testsuite> <!-- com.timp.test.BRB.Formula -->
