<?xml version="1.0" encoding="UTF-8"?>
<!-- Generated by org.testng.reporters.JUnitReportReporter -->
<testsuite hostname="LitoSoler" name="com.timp.test.MDR.CadastroDerex.InstituicaoFinanceira.InstituicaoFiltroId" tests="3" failures="0" timestamp="20 Oct 2020 23:20:27 GMT" time="43.444" errors="0">
  <testcase name="login" time="9.334" classname="com.timp.test.MDR.CadastroDerex.InstituicaoFinanceira.InstituicaoFiltroId"/>
  <testcase name="filtroId" time="13.127" classname="com.timp.test.MDR.CadastroDerex.InstituicaoFinanceira.InstituicaoFiltroId"/>
  <testcase name="acessarMDR" time="20.983" classname="com.timp.test.MDR.CadastroDerex.InstituicaoFinanceira.InstituicaoFiltroId"/>
</testsuite> <!-- com.timp.test.MDR.CadastroDerex.InstituicaoFinanceira.InstituicaoFiltroId -->
