<?xml version="1.0" encoding="UTF-8"?>
<!-- Generated by org.testng.reporters.JUnitReportReporter -->
<testsuite hostname="LitoSoler" name="com.timp.test.SCANC.ArquivosImportados.ArquivosImportadosVisualizar" tests="3" failures="0" timestamp="27 Jan 2021 21:34:00 GMT" time="274.657" errors="0">
  <testcase name="ingresar" time="8.106" classname="com.timp.test.SCANC.ArquivosImportados.ArquivosImportadosVisualizar"/>
  <testcase name="filtrosAvancados" time="238.883" classname="com.timp.test.SCANC.ArquivosImportados.ArquivosImportadosVisualizar"/>
  <testcase name="scancEntrar" time="27.668" classname="com.timp.test.SCANC.ArquivosImportados.ArquivosImportadosVisualizar"/>
</testsuite> <!-- com.timp.test.SCANC.ArquivosImportados.ArquivosImportadosVisualizar -->
