<?xml version="1.0" encoding="UTF-8"?>
<!-- Generated by org.testng.reporters.JUnitReportReporter -->
<testsuite hostname="DESKTOP-M23FVFN" failures="0" tests="1" name="com.timp.test.BRB.AtribuiçãodeRegra" time="244.752" errors="0" timestamp="2022-07-28T10:36:30 CST" skipped="0">
  <testcase classname="com.timp.test.BRB.AtribuiçãodeRegra" name="editar" time="244.752"/>
  <system-out/>
</testsuite> <!-- com.timp.test.BRB.AtribuiçãodeRegra -->
