<?xml version="1.0" encoding="UTF-8"?>
<!-- Generated by org.testng.reporters.JUnitReportReporter -->
<testsuite hostname="CRISTHIAN-VASQUEZ" failures="0" tests="2" name="com.timp.test.MDR.TabelasApoioESocial.Tabela12.CompatibilidadeEntreLotaçãoExcluirEmMassa" time="156.757" errors="0" timestamp="16 mar. 2021 11:23:20 GMT" skipped="0">
  <testcase classname="com.timp.test.MDR.TabelasApoioESocial.Tabela12.CompatibilidadeEntreLotaçãoExcluirEmMassa" name="excluirEmMassa" time="56.062"/>
  <testcase classname="com.timp.test.MDR.TabelasApoioESocial.Tabela12.CompatibilidadeEntreLotaçãoExcluirEmMassa" name="criar" time="100.695"/>
</testsuite> <!-- com.timp.test.MDR.TabelasApoioESocial.Tabela12.CompatibilidadeEntreLotaçãoExcluirEmMassa -->
