<?xml version="1.0" encoding="UTF-8"?>
<!-- Generated by org.testng.reporters.JUnitReportReporter -->
<testsuite hostname="DESKTOP-M23FVFN" failures="0" tests="1" name="com.timp.test.BRB.AtivarComentario" time="111.739" errors="0" timestamp="2022-07-05T14:22:13 CST" skipped="0">
  <testcase classname="com.timp.test.BRB.AtivarComentario" name="ativarComentarios" time="111.739"/>
  <system-out/>
</testsuite> <!-- com.timp.test.BRB.AtivarComentario -->
