<?xml version="1.0" encoding="UTF-8"?>
<!-- Generated by org.testng.reporters.JUnitReportReporter -->
<testsuite skipped="0" hostname="LitoSoler" name="com.timp.test.MDR.CenariosCorrecao.CenariosCorrecaoFiltrosAvanzados" tests="1" failures="0" timestamp="16 mar 2021 03:10:11 GMT" time="126.034" errors="0">
  <testcase name="filtros" time="126.034" classname="com.timp.test.MDR.CenariosCorrecao.CenariosCorrecaoFiltrosAvanzados"/>
</testsuite> <!-- com.timp.test.MDR.CenariosCorrecao.CenariosCorrecaoFiltrosAvanzados -->
