<?xml version="1.0" encoding="UTF-8"?>
<!-- Generated by org.testng.reporters.JUnitReportReporter -->
<testsuite hostname="LitoSoler" name="com.timp.test.MDR.SCANC.SCANCDistribuidoras.SCANCDistribuidorasVisualizar" tests="3" failures="0" timestamp="10 Sep 2020 20:52:17 GMT" time="114.648" errors="0">
  <testcase name="detalhes" time="84.984" classname="com.timp.test.MDR.SCANC.SCANCDistribuidoras.SCANCDistribuidorasVisualizar"/>
  <testcase name="login" time="6.109" classname="com.timp.test.MDR.SCANC.SCANCDistribuidoras.SCANCDistribuidorasVisualizar"/>
  <testcase name="acessarMDR" time="23.555" classname="com.timp.test.MDR.SCANC.SCANCDistribuidoras.SCANCDistribuidorasVisualizar"/>
</testsuite> <!-- com.timp.test.MDR.SCANC.SCANCDistribuidoras.SCANCDistribuidorasVisualizar -->
