<?xml version="1.0" encoding="UTF-8"?>
<!-- Generated by org.testng.reporters.JUnitReportReporter -->
<testsuite hostname="Agile" failures="0" tests="2" name="com.timp.test.MDR.CadastroCondiçao.CadastroCondiçaoExcluirMasas" time="283.940" errors="0" timestamp="04 mar. 2022 18:03:10 GMT" skipped="0">
  <testcase classname="com.timp.test.MDR.CadastroCondiçao.CadastroCondiçaoExcluirMasas" name="excluir" time="47.220"/>
  <testcase classname="com.timp.test.MDR.CadastroCondiçao.CadastroCondiçaoExcluirMasas" name="criar" time="236.720"/>
</testsuite> <!-- com.timp.test.MDR.CadastroCondiçao.CadastroCondiçaoExcluirMasas -->
