<?xml version="1.0" encoding="UTF-8"?>
<!-- Generated by org.testng.reporters.JUnitReportReporter -->
<testsuite hostname="EC2AMAZ-8HCHO4G" failures="0" tests="1" name="com.timp.test.BCB.ParametrosGeraisConfiguracao.Configuracao.ParametrosGeraisConfiguracaoConfiguracaoDetalhes" time="86.679" errors="0" timestamp="2023-05-18T21:19:56 UTC" skipped="0">
  <testcase classname="com.timp.test.BCB.ParametrosGeraisConfiguracao.Configuracao.ParametrosGeraisConfiguracaoConfiguracaoDetalhes" name="detalhes" time="86.679"/>
  <system-out/>
</testsuite> <!-- com.timp.test.BCB.ParametrosGeraisConfiguracao.Configuracao.ParametrosGeraisConfiguracaoConfiguracaoDetalhes -->
