<?xml version="1.0" encoding="UTF-8"?>
<!-- Generated by org.testng.reporters.JUnitReportReporter -->
<testsuite hostname="DESKTOP-C57COV6" failures="0" tests="2" name="com.timp.test.BRB.GruposAvancados" time="482.949" errors="0" timestamp="01 jul. 2021 22:52:02 GMT" skipped="0">
  <testcase classname="com.timp.test.BRB.GruposAvancados" name="gruposAvanzados" time="425.864"/>
  <testcase classname="com.timp.test.BRB.GruposAvancados" name="eliminarGrupos" time="57.085"/>
</testsuite> <!-- com.timp.test.BRB.GruposAvancados -->
