<?xml version="1.0" encoding="UTF-8"?>
<!-- Generated by org.testng.reporters.JUnitReportReporter -->
<testsuite hostname="DESKTOP-C57COV6" failures="0" tests="2" name="com.timp.test.BRB.ExcluirRelatorio" time="187.796" errors="0" timestamp="30 nov. 2021 05:49:08 GMT" skipped="0">
  <testcase classname="com.timp.test.BRB.ExcluirRelatorio" name="eliminarLixeira" time="57.970"/>
  <testcase classname="com.timp.test.BRB.ExcluirRelatorio" name="eliminar" time="129.826"/>
</testsuite> <!-- com.timp.test.BRB.ExcluirRelatorio -->
