<?xml version="1.0" encoding="UTF-8"?>
<!-- Generated by org.testng.reporters.JUnitReportReporter -->
<testsuite hostname="DESKTOP-35UG9UP" name="com.timp.test.MDR.AtividadesParaTributacao.TiposDeServicos.TiposDeServicosVisualizar" tests="3" failures="0" timestamp="5 Oct 2020 20:37:09 GMT" time="121.336" errors="0">
  <testcase name="login" time="11.702" classname="com.timp.test.MDR.AtividadesParaTributacao.TiposDeServicos.TiposDeServicosVisualizar"/>
  <testcase name="acessarMDR" time="12.799" classname="com.timp.test.MDR.AtividadesParaTributacao.TiposDeServicos.TiposDeServicosVisualizar"/>
  <testcase name="Visualizar" time="96.835" classname="com.timp.test.MDR.AtividadesParaTributacao.TiposDeServicos.TiposDeServicosVisualizar"/>
</testsuite> <!-- com.timp.test.MDR.AtividadesParaTributacao.TiposDeServicos.TiposDeServicosVisualizar -->
