<?xml version="1.0" encoding="UTF-8"?>
<!-- Generated by org.testng.reporters.JUnitReportReporter -->
<testsuite hostname="DESKTOP-HB7TMPD" failures="0" tests="3" name="com.timp.test.MDR.SaldoInicial.SaldoInicialCriar" time="105.657" errors="0" timestamp="25 Oct 2020 03:19:23 GMT">
  <testcase classname="com.timp.test.MDR.SaldoInicial.SaldoInicialCriar" name="CriarSaldoInicial" time="88.568"/>
  <testcase classname="com.timp.test.MDR.SaldoInicial.SaldoInicialCriar" name="acessarMDR" time="9.289"/>
  <testcase classname="com.timp.test.MDR.SaldoInicial.SaldoInicialCriar" name="login" time="7.800"/>
</testsuite> <!-- com.timp.test.MDR.SaldoInicial.SaldoInicialCriar -->
