<?xml version="1.0" encoding="UTF-8"?>
<!-- Generated by org.testng.reporters.JUnitReportReporter -->
<testsuite hostname="Agile" failures="0" tests="1" name="com.timp.test.MDR.LimiteCompetencia.LimiteCompetenciaExcluir" time="114.761" errors="0" timestamp="16 feb. 2022 14:26:31 GMT" skipped="0">
  <testcase classname="com.timp.test.MDR.LimiteCompetencia.LimiteCompetenciaExcluir" name="excluir" time="114.761"/>
</testsuite> <!-- com.timp.test.MDR.LimiteCompetencia.LimiteCompetenciaExcluir -->
