<?xml version="1.0" encoding="UTF-8"?>
<!-- Generated by org.testng.reporters.JUnitReportReporter -->
<testsuite hostname="EC2AMAZ-8HCHO4G" failures="0" tests="11" name="com.timp.test.DFG.LeiautesExecução.LeiautesExecucaoFuncionalidades4" time="494.267" errors="0" timestamp="2023-09-28T23:35:48 UTC" skipped="0">
  <testcase classname="com.timp.test.DFG.LeiautesExecução.LeiautesExecucaoFuncionalidades4" name="ingresar" time="5.743"/>
  <system-out/>
  <testcase classname="com.timp.test.DFG.LeiautesExecução.LeiautesExecucaoFuncionalidades4" name="mdrEntrar" time="18.866"/>
  <system-out/>
  <testcase classname="com.timp.test.DFG.LeiautesExecução.LeiautesExecucaoFuncionalidades4" name="criar" time="47.541"/>
  <system-out/>
  <testcase classname="com.timp.test.DFG.LeiautesExecução.LeiautesExecucaoFuncionalidades4" name="separadores" time="79.172"/>
  <system-out/>
  <testcase classname="com.timp.test.DFG.LeiautesExecução.LeiautesExecucaoFuncionalidades4" name="dataInicialDeReferencia" time="135.019"/>
  <system-out/>
  <testcase classname="com.timp.test.DFG.LeiautesExecução.LeiautesExecucaoFuncionalidades4" name="saltodeLinha" time="21.500"/>
  <system-out/>
  <testcase classname="com.timp.test.DFG.LeiautesExecução.LeiautesExecucaoFuncionalidades4" name="dataFinalDeReferencia" time="39.098"/>
  <system-out/>
  <testcase classname="com.timp.test.DFG.LeiautesExecução.LeiautesExecucaoFuncionalidades4" name="versao" time="26.797"/>
  <system-out/>
  <testcase classname="com.timp.test.DFG.LeiautesExecução.LeiautesExecucaoFuncionalidades4" name="horaDaExecucao" time="38.007"/>
  <system-out/>
  <testcase classname="com.timp.test.DFG.LeiautesExecução.LeiautesExecucaoFuncionalidades4" name="dataDaExecucao" time="39.028"/>
  <system-out/>
  <testcase classname="com.timp.test.DFG.LeiautesExecução.LeiautesExecucaoFuncionalidades4" name="periodoDaReferencia" time="43.496"/>
  <system-out/>
</testsuite> <!-- com.timp.test.DFG.LeiautesExecução.LeiautesExecucaoFuncionalidades4 -->
