<?xml version="1.0" encoding="UTF-8"?>
<!-- Generated by org.testng.reporters.JUnitReportReporter -->
<testsuite hostname="MassielV" failures="0" tests="1" name="com.timp.test.MDR.Centralizacao.EstornoCredito.EstornoCreditoExcluir" time="343.018" errors="0" timestamp="18 oct. 2021 01:11:04 GMT" skipped="0">
  <testcase classname="com.timp.test.MDR.Centralizacao.EstornoCredito.EstornoCreditoExcluir" name="Excluir" time="343.018"/>
</testsuite> <!-- com.timp.test.MDR.Centralizacao.EstornoCredito.EstornoCreditoExcluir -->
