<?xml version="1.0" encoding="UTF-8"?>
<!-- Generated by org.testng.reporters.JUnitReportReporter -->
<testsuite hostname="CRISTHIAN-VASQUEZ" failures="0" tests="3" name="com.timp.test.BRE.RegrasdeAuditoriaN2.RegrasdeAuditoriaN2LixeiraExcluirdefinitivamente" time="95.284" errors="0" timestamp="21 Dec 2020 11:18:05 GMT">
  <testcase classname="com.timp.test.BRE.RegrasdeAuditoriaN2.RegrasdeAuditoriaN2LixeiraExcluirdefinitivamente" name="login" time="7.415"/>
  <testcase classname="com.timp.test.BRE.RegrasdeAuditoriaN2.RegrasdeAuditoriaN2LixeiraExcluirdefinitivamente" name="acessarBRE" time="12.632"/>
  <testcase classname="com.timp.test.BRE.RegrasdeAuditoriaN2.RegrasdeAuditoriaN2LixeiraExcluirdefinitivamente" name="lexeira" time="75.237"/>
</testsuite> <!-- com.timp.test.BRE.RegrasdeAuditoriaN2.RegrasdeAuditoriaN2LixeiraExcluirdefinitivamente -->
