<?xml version="1.0" encoding="UTF-8"?>
<!-- Generated by org.testng.reporters.JUnitReportReporter -->
<testsuite hostname="LitoSoler" name="com.timp.test.BRB.CampoOutput" tests="3" failures="0" timestamp="30 Sep 2020 19:25:37 GMT" time="104.799" errors="0">
  <testcase name="brbEntrar" time="45.867" classname="com.timp.test.BRB.CampoOutput"/>
  <testcase name="login" time="15.460" classname="com.timp.test.BRB.CampoOutput"/>
  <testcase name="campoOutput" time="43.472" classname="com.timp.test.BRB.CampoOutput"/>
</testsuite> <!-- com.timp.test.BRB.CampoOutput -->
