<?xml version="1.0" encoding="UTF-8"?>
<!-- Generated by org.testng.reporters.JUnitReportReporter -->
<testsuite hostname="LitoSoler" name="com.timp.test.SCANC.RelatoriosRefineriaGerados.RelatorioRefinariaGeradosExcluirCampoDeSaida" tests="3" failures="0" timestamp="16 Dec 2020 17:04:06 GMT" time="121.090" errors="0">
  <testcase name="excluir" time="68.477" classname="com.timp.test.SCANC.RelatoriosRefineriaGerados.RelatorioRefinariaGeradosExcluirCampoDeSaida"/>
  <testcase name="ingresar" time="14.795" classname="com.timp.test.SCANC.RelatoriosRefineriaGerados.RelatorioRefinariaGeradosExcluirCampoDeSaida"/>
  <testcase name="scancEntrar" time="37.818" classname="com.timp.test.SCANC.RelatoriosRefineriaGerados.RelatorioRefinariaGeradosExcluirCampoDeSaida"/>
</testsuite> <!-- com.timp.test.SCANC.RelatoriosRefineriaGerados.RelatorioRefinariaGeradosExcluirCampoDeSaida -->
