<?xml version="1.0" encoding="UTF-8"?>
<!-- Generated by org.testng.reporters.JUnitReportReporter -->
<testsuite hostname="DESKTOP-C57COV6" failures="0" tests="3" name="com.timp.test.TDK.Kpis.KpisPublicos.KpisLixeiraEmMassa" time="312.010" errors="0" timestamp="29 jul. 2021 14:47:47 GMT" skipped="0">
  <testcase classname="com.timp.test.TDK.Kpis.KpisPublicos.KpisLixeiraEmMassa" name="criar" time="216.616"/>
  <testcase classname="com.timp.test.TDK.Kpis.KpisPublicos.KpisLixeiraEmMassa" name="excluirEmMassa" time="72.760"/>
  <testcase classname="com.timp.test.TDK.Kpis.KpisPublicos.KpisLixeiraEmMassa" name="comparar" time="22.634"/>
</testsuite> <!-- com.timp.test.TDK.Kpis.KpisPublicos.KpisLixeiraEmMassa -->
