<?xml version="1.0" encoding="UTF-8"?>
<!-- Generated by org.testng.reporters.JUnitReportReporter -->
<testsuite hostname="Agile" failures="0" tests="1" name="com.timp.test.MDR.TabelasApoioESocial.Tabela10.TiposDeLotacaoTributarioExcluir" time="108.024" errors="0" timestamp="22 dic. 2021 11:40:47 GMT" skipped="0">
  <testcase classname="com.timp.test.MDR.TabelasApoioESocial.Tabela10.TiposDeLotacaoTributarioExcluir" name="excluir" time="108.024"/>
</testsuite> <!-- com.timp.test.MDR.TabelasApoioESocial.Tabela10.TiposDeLotacaoTributarioExcluir -->
