<?xml version="1.0" encoding="UTF-8"?>
<!-- Generated by org.testng.reporters.JUnitReportReporter -->
<testsuite hostname="LitoSoler" name="com.timp.test.MDR.RegistroDeExportaçao.RegistroDeExportaçaoCriar" tests="3" failures="0" timestamp="1 Sep 2020 17:35:51 GMT" time="90.250" errors="0">
  <testcase name="login" time="6.780" classname="com.timp.test.MDR.RegistroDeExportaçao.RegistroDeExportaçaoCriar"/>
  <testcase name="criar" time="73.585" classname="com.timp.test.MDR.RegistroDeExportaçao.RegistroDeExportaçaoCriar"/>
  <testcase name="acessarMDR" time="9.885" classname="com.timp.test.MDR.RegistroDeExportaçao.RegistroDeExportaçaoCriar"/>
</testsuite> <!-- com.timp.test.MDR.RegistroDeExportaçao.RegistroDeExportaçaoCriar -->
