<?xml version="1.0" encoding="UTF-8"?>
<!-- Generated by org.testng.reporters.JUnitReportReporter -->
<testsuite skipped="0" hostname="LitoSoler" name="com.timp.test.MDR.CadastroCondiçao.CadastroCondiçaoExcluirMasas" tests="2" failures="0" timestamp="16 mar 2021 02:29:44 GMT" time="217.978" errors="0">
  <testcase name="excluir" time="40.686" classname="com.timp.test.MDR.CadastroCondiçao.CadastroCondiçaoExcluirMasas"/>
  <testcase name="criar" time="177.292" classname="com.timp.test.MDR.CadastroCondiçao.CadastroCondiçaoExcluirMasas"/>
</testsuite> <!-- com.timp.test.MDR.CadastroCondiçao.CadastroCondiçaoExcluirMasas -->
