<?xml version="1.0" encoding="UTF-8"?>
<!-- Generated by org.testng.reporters.JUnitReportReporter -->
<testsuite hostname="DESKTOP-C57COV6" failures="0" tests="3" name="com.timp.test.SCANC.RelatoriosRefineriaGerados.RelatorioRefinariaGeradosFiltrosAvacados" time="135.058" errors="0" timestamp="01 sep. 2021 17:56:58 GMT" skipped="0">
  <testcase classname="com.timp.test.SCANC.RelatoriosRefineriaGerados.RelatorioRefinariaGeradosFiltrosAvacados" name="ingresar" time="16.844"/>
  <testcase classname="com.timp.test.SCANC.RelatoriosRefineriaGerados.RelatorioRefinariaGeradosFiltrosAvacados" name="scancEntrar" time="32.721"/>
  <testcase classname="com.timp.test.SCANC.RelatoriosRefineriaGerados.RelatorioRefinariaGeradosFiltrosAvacados" name="filtrosAvancados" time="85.493"/>
</testsuite> <!-- com.timp.test.SCANC.RelatoriosRefineriaGerados.RelatorioRefinariaGeradosFiltrosAvacados -->
