<?xml version="1.0" encoding="UTF-8"?>
<!-- Generated by org.testng.reporters.JUnitReportReporter -->
<testsuite hostname="DESKTOP-C57COV6" failures="0" tests="2" name="com.timp.test.ATR.Estruturas.MapeamentoDeEstruturas.MapeamentodeEstruturasExcluirMassa" time="334.238" errors="0" timestamp="20 oct. 2021 04:40:57 GMT" skipped="0">
  <testcase classname="com.timp.test.ATR.Estruturas.MapeamentoDeEstruturas.MapeamentodeEstruturasExcluirMassa" name="excluirMasa" time="38.191"/>
  <testcase classname="com.timp.test.ATR.Estruturas.MapeamentoDeEstruturas.MapeamentodeEstruturasExcluirMassa" name="Criar" time="296.047"/>
</testsuite> <!-- com.timp.test.ATR.Estruturas.MapeamentoDeEstruturas.MapeamentodeEstruturasExcluirMassa -->
