<?xml version="1.0" encoding="UTF-8"?>
<!-- Generated by org.testng.reporters.JUnitReportReporter -->
<testsuite hostname="DESKTOP-C57COV6" failures="0" tests="3" name="com.timp.test.BRB.Formula" time="205.840" errors="0" timestamp="07 sep. 2021 18:21:53 GMT" skipped="0">
  <testcase classname="com.timp.test.BRB.Formula" name="formulaColuna" time="93.913"/>
  <testcase classname="com.timp.test.BRB.Formula" name="aplicar" time="14.350"/>
  <testcase classname="com.timp.test.BRB.Formula" name="formulaBoton" time="97.577"/>
</testsuite> <!-- com.timp.test.BRB.Formula -->
