<?xml version="1.0" encoding="UTF-8"?>
<!-- Generated by org.testng.reporters.JUnitReportReporter -->
<testsuite hostname="DESKTOP-M23FVFN" failures="0" tests="1" name="com.timp.test.ADM.Configuração.ConfiguraçãoDeTributos.ConfiguraçãoTributoAgrupamento.ConfiguraçãoTributoAgrupamentoCriar" time="86.846" errors="0" timestamp="2022-08-22T11:09:37 CST" skipped="0">
  <testcase classname="com.timp.test.ADM.Configuração.ConfiguraçãoDeTributos.ConfiguraçãoTributoAgrupamento.ConfiguraçãoTributoAgrupamentoCriar" name="criar" time="86.846"/>
  <system-out/>
</testsuite> <!-- com.timp.test.ADM.Configuração.ConfiguraçãoDeTributos.ConfiguraçãoTributoAgrupamento.ConfiguraçãoTributoAgrupamentoCriar -->
