<?xml version="1.0" encoding="UTF-8"?>
<!-- Generated by org.testng.reporters.JUnitReportReporter -->
<testsuite hostname="DESKTOP-5P4F1JE" failures="0" tests="3" name="com.timp.test.TDK.Dashboard.Edicao.DashboardTabelaEditar" time="137.284" errors="0" timestamp="1 Feb 2021 20:45:04 GMT">
  <testcase classname="com.timp.test.TDK.Dashboard.Edicao.DashboardTabelaEditar" name="login" time="9.580"/>
  <testcase classname="com.timp.test.TDK.Dashboard.Edicao.DashboardTabelaEditar" name="acessarTDK" time="23.719"/>
  <testcase classname="com.timp.test.TDK.Dashboard.Edicao.DashboardTabelaEditar" name="linksrapidos" time="103.985"/>
</testsuite> <!-- com.timp.test.TDK.Dashboard.Edicao.DashboardTabelaEditar -->
