<?xml version="1.0" encoding="UTF-8"?>
<!-- Generated by org.testng.reporters.JUnitReportReporter -->
<testsuite skipped="0" hostname="LitoSoler" name="com.timp.test.MDR.AtivaçaoParaMunicipio.AtivaçaoParaMunicipioEditar" tests="1" failures="0" timestamp="19 mar 2021 21:00:34 GMT" time="74.637" errors="0">
  <testcase name="editar" time="74.637" classname="com.timp.test.MDR.AtivaçaoParaMunicipio.AtivaçaoParaMunicipioEditar"/>
</testsuite> <!-- com.timp.test.MDR.AtivaçaoParaMunicipio.AtivaçaoParaMunicipioEditar -->
