<?xml version="1.0" encoding="UTF-8"?>
<!-- Generated by org.testng.reporters.JUnitReportReporter -->
<testsuite hostname="LAPTOP-IN7IV9K5" failures="0" tests="1" name="com.timp.test.TFP.Periodos.SubPeriodoPeriodicidade.SubPeriodoPeriodicidadeAlterarStatusSubperiodoAvulso" time="71.427" errors="0" timestamp="04 mar. 2021 04:25:45 GMT" skipped="0">
  <testcase classname="com.timp.test.TFP.Periodos.SubPeriodoPeriodicidade.SubPeriodoPeriodicidadeAlterarStatusSubperiodoAvulso" name="filtro" time="71.427"/>
</testsuite> <!-- com.timp.test.TFP.Periodos.SubPeriodoPeriodicidade.SubPeriodoPeriodicidadeAlterarStatusSubperiodoAvulso -->
