<?xml version="1.0" encoding="UTF-8"?>
<!-- Generated by org.testng.reporters.JUnitReportReporter -->
<testsuite hostname="DESKTOP-M23FVFN" failures="0" tests="1" name="com.timp.test.MDR.TabelasApoioESocial.Tabela26.MotivosCesBeneficiosExcluir" time="344.944" errors="0" timestamp="18 dic. 2021 23:40:00 GMT" skipped="0">
  <testcase classname="com.timp.test.MDR.TabelasApoioESocial.Tabela26.MotivosCesBeneficiosExcluir" name="excluir" time="344.944"/>
</testsuite> <!-- com.timp.test.MDR.TabelasApoioESocial.Tabela26.MotivosCesBeneficiosExcluir -->
