<?xml version="1.0" encoding="UTF-8"?>
<!-- Generated by org.testng.reporters.JUnitReportReporter -->
<testsuite hostname="MIGUEL" failures="0" tests="1" name="com.timp.test.ADM.Configuração.ConfiguracaoDeTributos.ConfiguracaoDeTipoTributo.ConfiguracaoDeTipoTributoVisualizar" time="68.837" errors="0" timestamp="09 abr. 2021 13:51:09 GMT" skipped="0">
  <testcase classname="com.timp.test.ADM.Configuração.ConfiguracaoDeTributos.ConfiguracaoDeTipoTributo.ConfiguracaoDeTipoTributoVisualizar" name="Visualizar" time="68.837"/>
</testsuite> <!-- com.timp.test.ADM.Configuração.ConfiguracaoDeTributos.ConfiguracaoDeTipoTributo.ConfiguracaoDeTipoTributoVisualizar -->
