<?xml version="1.0" encoding="UTF-8"?>
<!-- Generated by org.testng.reporters.JUnitReportReporter -->
<testsuite hostname="LitoSoler" name="com.timp.test.BRB.ListaSuspensa" tests="3" failures="0" timestamp="12 Nov 2020 00:56:52 GMT" time="272.629" errors="0">
  <testcase name="brbEntrar" time="42.966" classname="com.timp.test.BRB.ListaSuspensa"/>
  <testcase name="listaSuspensa" time="199.196" classname="com.timp.test.BRB.ListaSuspensa"/>
  <testcase name="login" time="30.467" classname="com.timp.test.BRB.ListaSuspensa"/>
</testsuite> <!-- com.timp.test.BRB.ListaSuspensa -->
