<?xml version="1.0" encoding="UTF-8"?>
<!-- Generated by org.testng.reporters.JUnitReportReporter -->
<testsuite hostname="EC2AMAZ-8HCHO4G" failures="0" tests="3" name="com.timp.test.BRB.Formula" time="311.010" errors="0" timestamp="2023-05-08T20:49:57 UTC" skipped="0">
  <testcase classname="com.timp.test.BRB.Formula" name="formulaColuna" time="65.496"/>
  <system-out/>
  <testcase classname="com.timp.test.BRB.Formula" name="aplicar" time="19.394"/>
  <system-out/>
  <testcase classname="com.timp.test.BRB.Formula" name="formulaBoton" time="226.120"/>
  <system-out/>
</testsuite> <!-- com.timp.test.BRB.Formula -->
