<?xml version="1.0" encoding="UTF-8"?>
<!-- Generated by org.testng.reporters.JUnitReportReporter -->
<testsuite hostname="LitoSoler" name="com.timp.test.BRE.RegrasDeMensagens.Edicao.RegrasDeMensagensTabelas" tests="3" failures="0" timestamp="21 Dec 2020 15:39:49 GMT" time="142.874" errors="0">
  <testcase name="login" time="6.681" classname="com.timp.test.BRE.RegrasDeMensagens.Edicao.RegrasDeMensagensTabelas"/>
  <testcase name="acessarBRE" time="12.022" classname="com.timp.test.BRE.RegrasDeMensagens.Edicao.RegrasDeMensagensTabelas"/>
  <testcase name="editar" time="124.171" classname="com.timp.test.BRE.RegrasDeMensagens.Edicao.RegrasDeMensagensTabelas"/>
</testsuite> <!-- com.timp.test.BRE.RegrasDeMensagens.Edicao.RegrasDeMensagensTabelas -->
