<?xml version="1.0" encoding="UTF-8"?>
<!-- Generated by org.testng.reporters.JUnitReportReporter -->
<testsuite hostname="LitoSoler" name="com.timp.test.BRE.RegrasdeAuditoriaN2.RegrasdeAuditoriaN2EdiçãoSimular" tests="3" failures="0" timestamp="6 Jan 2021 09:13:44 GMT" time="173.962" errors="0">
  <testcase name="acessarBRE" time="15.436" classname="com.timp.test.BRE.RegrasdeAuditoriaN2.RegrasdeAuditoriaN2EdiçãoSimular"/>
  <testcase name="login" time="6.119" classname="com.timp.test.BRE.RegrasdeAuditoriaN2.RegrasdeAuditoriaN2EdiçãoSimular"/>
  <testcase name="editar" time="152.407" classname="com.timp.test.BRE.RegrasdeAuditoriaN2.RegrasdeAuditoriaN2EdiçãoSimular"/>
</testsuite> <!-- com.timp.test.BRE.RegrasdeAuditoriaN2.RegrasdeAuditoriaN2EdiçãoSimular -->
