<?xml version="1.0" encoding="UTF-8"?>
<!-- Generated by org.testng.reporters.JUnitReportReporter -->
<testsuite hostname="LitoSoler" name="com.timp.test.MDR.CodigoReceita.CodigoReceitaDetalhes" tests="3" failures="0" timestamp="22 Jan 2021 18:35:20 GMT" time="54.601" errors="0">
  <testcase name="login" time="7.077" classname="com.timp.test.MDR.CodigoReceita.CodigoReceitaDetalhes"/>
  <testcase name="detalhes" time="31.896" classname="com.timp.test.MDR.CodigoReceita.CodigoReceitaDetalhes"/>
  <testcase name="acessarMDR" time="15.628" classname="com.timp.test.MDR.CodigoReceita.CodigoReceitaDetalhes"/>
</testsuite> <!-- com.timp.test.MDR.CodigoReceita.CodigoReceitaDetalhes -->
