<?xml version="1.0" encoding="UTF-8"?>
<<<<<<< HEAD
<!-- Generated by org.testng.reporters.JUnitReportReporter -->
<testsuite hostname="LitoSoler" name="com.timp.test.SCANC.ArquivosImportados.ArquivosImportadosFiltrosAvancados" tests="3" failures="0" timestamp="16 Dec 2020 16:23:41 GMT" time="122.080" errors="0">
  <testcase name="ingresar" time="10.902" classname="com.timp.test.SCANC.ArquivosImportados.ArquivosImportadosFiltrosAvancados"/>
  <testcase name="filtrosAvancados" time="81.773" classname="com.timp.test.SCANC.ArquivosImportados.ArquivosImportadosFiltrosAvancados"/>
  <testcase name="scancEntrar" time="29.405" classname="com.timp.test.SCANC.ArquivosImportados.ArquivosImportadosFiltrosAvancados"/>
=======
<!-- Generated by org.testng.reporters.JUnitReportReporter -->
<testsuite hostname="MIGUEL" failures="0" tests="3" name="com.timp.test.SCANC.ArquivosImportados.ArquivosImportadosFiltrosAvancados" time="112.981" errors="0" timestamp="7 Dec 2020 20:07:50 GMT">
  <testcase classname="com.timp.test.SCANC.ArquivosImportados.ArquivosImportadosFiltrosAvancados" name="scancEntrar" time="27.526"/>
  <testcase classname="com.timp.test.SCANC.ArquivosImportados.ArquivosImportadosFiltrosAvancados" name="ingresar" time="8.619"/>
  <testcase classname="com.timp.test.SCANC.ArquivosImportados.ArquivosImportadosFiltrosAvancados" name="filtrosAvancados" time="76.836"/>
>>>>>>> refs/remotes/origin/master
</testsuite> <!-- com.timp.test.SCANC.ArquivosImportados.ArquivosImportadosFiltrosAvancados -->
