<?xml version="1.0" encoding="UTF-8"?>
<!-- Generated by org.testng.reporters.JUnitReportReporter -->
<testsuite hostname="DESKTOP-BNBDMGT" failures="0" tests="3" name="com.timp.test.TCC.GestaoDeCreditoTributarioPISCONFINS.ApuraçãoDeCréditoTributárioPIS.ConfiguraçãoEExecução.RegistroM300.RegistroM300Criar" time="158.253" errors="0" timestamp="5 Feb 2021 14:22:53 GMT">
  <testcase classname="com.timp.test.TCC.GestaoDeCreditoTributarioPISCONFINS.ApuraçãoDeCréditoTributárioPIS.ConfiguraçãoEExecução.RegistroM300.RegistroM300Criar" name="login" time="7.363"/>
  <testcase classname="com.timp.test.TCC.GestaoDeCreditoTributarioPISCONFINS.ApuraçãoDeCréditoTributárioPIS.ConfiguraçãoEExecução.RegistroM300.RegistroM300Criar" name="criar" time="132.907"/>
  <testcase classname="com.timp.test.TCC.GestaoDeCreditoTributarioPISCONFINS.ApuraçãoDeCréditoTributárioPIS.ConfiguraçãoEExecução.RegistroM300.RegistroM300Criar" name="acessarTCC" time="17.983"/>
</testsuite> <!-- com.timp.test.TCC.GestaoDeCreditoTributarioPISCONFINS.ApuraçãoDeCréditoTributárioPIS.ConfiguraçãoEExecução.RegistroM300.RegistroM300Criar -->
