<?xml version="1.0" encoding="UTF-8"?>
<!-- Generated by org.testng.reporters.JUnitReportReporter -->
<testsuite hostname="DESKTOP-M23FVFN" failures="0" tests="2" name="com.timp.test.BRB.FormatacaoEVariante" time="256.604" errors="0" timestamp="2022-12-11T15:34:29 BRT" skipped="0">
  <testcase classname="com.timp.test.BRB.FormatacaoEVariante" name="excluirVariante" time="38.758"/>
  <system-out/>
  <testcase classname="com.timp.test.BRB.FormatacaoEVariante" name="formatacaoEVariante" time="217.846"/>
  <system-out/>
</testsuite> <!-- com.timp.test.BRB.FormatacaoEVariante -->
