<?xml version="1.0" encoding="UTF-8"?>
<!-- Generated by org.testng.reporters.JUnitReportReporter -->
<testsuite hostname="MassielV" failures="0" tests="2" name="com.timp.test.MDR.TipoDeTributoContaContabil.TipoDeTributoContaContabiExcluirMassa" time="273.610" errors="0" timestamp="15 oct. 2021 15:57:54 GMT" skipped="0">
  <testcase classname="com.timp.test.MDR.TipoDeTributoContaContabil.TipoDeTributoContaContabiExcluirMassa" name="criar" time="241.029"/>
  <testcase classname="com.timp.test.MDR.TipoDeTributoContaContabil.TipoDeTributoContaContabiExcluirMassa" name="excluir" time="32.581"/>
</testsuite> <!-- com.timp.test.MDR.TipoDeTributoContaContabil.TipoDeTributoContaContabiExcluirMassa -->
