<?xml version="1.0" encoding="UTF-8"?>
<!-- Generated by org.testng.reporters.JUnitReportReporter -->
<testsuite hostname="MIGUEL" failures="0" tests="1" name="com.timp.test.MDR.TipoDeTributoContaContabil.TipoDeTributoContaContabilCriar" time="83.017" errors="0" timestamp="23 mar. 2021 14:58:19 GMT" skipped="0">
  <testcase classname="com.timp.test.MDR.TipoDeTributoContaContabil.TipoDeTributoContaContabilCriar" name="criar" time="83.017"/>
</testsuite> <!-- com.timp.test.MDR.TipoDeTributoContaContabil.TipoDeTributoContaContabilCriar -->
