<?xml version="1.0" encoding="UTF-8"?>
<<<<<<< HEAD
<!-- Generated by org.testng.reporters.JUnitReportReporter -->
<<<<<<< HEAD
<testsuite hostname="DESKTOP-C57COV6" failures="0" tests="1" name="com.timp.test.BRB.EditarRelatorio" time="120.071" errors="0" timestamp="05 jul. 2021 15:11:16 GMT" skipped="0">
  <testcase classname="com.timp.test.BRB.EditarRelatorio" name="editar" time="120.071"/>
=======
<!-- Generated by org.testng.reporters.JUnitReportReporter -->
<testsuite hostname="LAPTOP-IN7IV9K5" failures="0" tests="1" name="com.timp.test.BRB.EditarRelatorio" time="91.554" errors="0" timestamp="10 may. 2021 20:08:26 GMT" skipped="0">
  <testcase classname="com.timp.test.BRB.EditarRelatorio" name="editar" time="91.554"/>
>>>>>>> refs/remotes/origin/Kenssy
=======
<testsuite hostname="DESKTOP-JP1A9E6" failures="0" tests="1" name="com.timp.test.BRB.EditarRelatorio" time="114.065" errors="0" timestamp="15 sep. 2021 07:01:46 GMT" skipped="0">
  <testcase classname="com.timp.test.BRB.EditarRelatorio" name="editar" time="114.065"/>
>>>>>>> refs/remotes/origin/Yessy
</testsuite> <!-- com.timp.test.BRB.EditarRelatorio -->
