<?xml version="1.0" encoding="UTF-8"?>
<!-- Generated by org.testng.reporters.JUnitReportReporter -->
<testsuite hostname="EC2AMAZ-8HCHO4G" failures="0" tests="3" name="com.timp.test.TDK.Kpis.KpisPublicos.KpisLixeiraEmMassa" time="284.418" errors="0" timestamp="2024-01-22T18:18:21 UTC" skipped="0">
  <testcase classname="com.timp.test.TDK.Kpis.KpisPublicos.KpisLixeiraEmMassa" name="criar" time="201.752"/>
  <system-out/>
  <testcase classname="com.timp.test.TDK.Kpis.KpisPublicos.KpisLixeiraEmMassa" name="excluirEmMassa" time="64.693"/>
  <system-out/>
  <testcase classname="com.timp.test.TDK.Kpis.KpisPublicos.KpisLixeiraEmMassa" name="comparar" time="17.973"/>
  <system-out/>
</testsuite> <!-- com.timp.test.TDK.Kpis.KpisPublicos.KpisLixeiraEmMassa -->
