<?xml version="1.0" encoding="UTF-8"?>
<!-- Generated by org.testng.reporters.JUnitReportReporter -->
<testsuite hostname="DESKTOP-C57COV6" failures="0" tests="1" name="com.timp.test.MDR.TabelasComplementaresParaObrigaçoesAcessorias.TabelaReceitasCreditoFiscalAntecipado.TabelaReceitasCreditoFiscalAntecipadoDetalhes" time="62.649" errors="0" timestamp="26 may. 2021 04:06:10 GMT" skipped="0">
  <testcase classname="com.timp.test.MDR.TabelasComplementaresParaObrigaçoesAcessorias.TabelaReceitasCreditoFiscalAntecipado.TabelaReceitasCreditoFiscalAntecipadoDetalhes" name="detalhes" time="62.649"/>
</testsuite> <!-- com.timp.test.MDR.TabelasComplementaresParaObrigaçoesAcessorias.TabelaReceitasCreditoFiscalAntecipado.TabelaReceitasCreditoFiscalAntecipadoDetalhes -->
