<?xml version="1.0" encoding="UTF-8"?>
<!-- Generated by org.testng.reporters.JUnitReportReporter -->
<testsuite hostname="CRISTHIAN-VASQUEZ" failures="0" tests="3" name="com.timp.test.BRE.RegrasDeMensagens.RegrasDeMensagensEditar" time="131.650" errors="0" timestamp="11 Jan 2021 20:58:25 GMT">
  <testcase classname="com.timp.test.BRE.RegrasDeMensagens.RegrasDeMensagensEditar" name="editar" time="105.644"/>
  <testcase classname="com.timp.test.BRE.RegrasDeMensagens.RegrasDeMensagensEditar" name="login" time="8.457"/>
  <testcase classname="com.timp.test.BRE.RegrasDeMensagens.RegrasDeMensagensEditar" name="acessarBRE" time="17.549"/>
</testsuite> <!-- com.timp.test.BRE.RegrasDeMensagens.RegrasDeMensagensEditar -->
