<?xml version="1.0" encoding="UTF-8"?>
<!-- Generated by org.testng.reporters.JUnitReportReporter -->
<testsuite hostname="DESKTOP-JP1A9E6" failures="0" tests="1" name="com.timp.test.ADM.LoginBRB" time="45.484" errors="0" timestamp="24 jul. 2021 05:00:28 GMT" skipped="0">
  <testcase classname="com.timp.test.ADM.LoginBRB" name="Login" time="45.484"/>
</testsuite> <!-- com.timp.test.ADM.LoginBRB -->
