<?xml version="1.0" encoding="UTF-8"?>
<!-- Generated by org.testng.reporters.JUnitReportReporter -->
<testsuite hostname="DESKTOP-M23FVFN" failures="0" tests="1" name="com.timp.test.ADM.Usuários.Usuários.UsuariosEditar" time="142.508" errors="0" timestamp="2022-10-21T12:28:29 BRT" skipped="0">
  <testcase classname="com.timp.test.ADM.Usuários.Usuários.UsuariosEditar" name="Editar" time="142.508"/>
  <system-out/>
</testsuite> <!-- com.timp.test.ADM.Usuários.Usuários.UsuariosEditar -->
