<?xml version="1.0" encoding="UTF-8"?>
<!-- Generated by org.testng.reporters.JUnitReportReporter -->
<testsuite hostname="CRISTHIAN-VASQUEZ" failures="0" tests="9" name="com.timp.test.BCB.FormulaHierarquiaConfiguracaoTodasAsFuncionalidadesParte1" time="561.838" errors="0" timestamp="10 Feb 2021 18:25:00 GMT">
  <testcase classname="com.timp.test.BCB.FormulaHierarquiaConfiguracaoTodasAsFuncionalidadesParte1" name="outputBCB" time="45.473"/>
  <testcase classname="com.timp.test.BCB.FormulaHierarquiaConfiguracaoTodasAsFuncionalidadesParte1" name="brbEntrar" time="16.262"/>
  <testcase classname="com.timp.test.BCB.FormulaHierarquiaConfiguracaoTodasAsFuncionalidadesParte1" name="subNivel3" time="43.130"/>
  <testcase classname="com.timp.test.BCB.FormulaHierarquiaConfiguracaoTodasAsFuncionalidadesParte1" name="criarConfiguracionConfiguracao" time="162.750"/>
  <testcase classname="com.timp.test.BCB.FormulaHierarquiaConfiguracaoTodasAsFuncionalidadesParte1" name="criarConfiguracaoHierarquia" time="88.020"/>
  <testcase classname="com.timp.test.BCB.FormulaHierarquiaConfiguracaoTodasAsFuncionalidadesParte1" name="criarConfiguracao" time="118.822"/>
  <testcase classname="com.timp.test.BCB.FormulaHierarquiaConfiguracaoTodasAsFuncionalidadesParte1" name="subNivel4" time="39.207"/>
  <testcase classname="com.timp.test.BCB.FormulaHierarquiaConfiguracaoTodasAsFuncionalidadesParte1" name="subNivel2" time="36.132"/>
  <testcase classname="com.timp.test.BCB.FormulaHierarquiaConfiguracaoTodasAsFuncionalidadesParte1" name="login" time="12.042"/>
</testsuite> <!-- com.timp.test.BCB.FormulaHierarquiaConfiguracaoTodasAsFuncionalidadesParte1 -->
