<?xml version="1.0" encoding="UTF-8"?>
<!-- Generated by org.testng.reporters.JUnitReportReporter -->
<testsuite hostname="LitoSoler" name="com.timp.test.MDR.MapeamentoDeRelevanciaParaPisCofins.MapeamentoDeRelevanciaParaPisCofinsCriar" tests="3" failures="0" timestamp="27 Nov 2020 21:23:48 GMT" time="76.726" errors="0">
  <testcase name="login" time="6.686" classname="com.timp.test.MDR.MapeamentoDeRelevanciaParaPisCofins.MapeamentoDeRelevanciaParaPisCofinsCriar"/>
  <testcase name="criar" time="48.862" classname="com.timp.test.MDR.MapeamentoDeRelevanciaParaPisCofins.MapeamentoDeRelevanciaParaPisCofinsCriar"/>
  <testcase name="acessarMDR" time="21.178" classname="com.timp.test.MDR.MapeamentoDeRelevanciaParaPisCofins.MapeamentoDeRelevanciaParaPisCofinsCriar"/>
</testsuite> <!-- com.timp.test.MDR.MapeamentoDeRelevanciaParaPisCofins.MapeamentoDeRelevanciaParaPisCofinsCriar -->
