<?xml version="1.0" encoding="UTF-8"?>
<!-- Generated by org.testng.reporters.JUnitReportReporter -->
<testsuite hostname="LitoSoler" name="com.timp.test.MDR.ValorAdicionado.Municipio.MunicipioDetalhes" tests="3" failures="0" timestamp="19 Nov 2020 17:13:24 GMT" time="62.063" errors="0">
  <testcase name="acessarMDR" time="15.079" classname="com.timp.test.MDR.ValorAdicionado.Municipio.MunicipioDetalhes"/>
  <testcase name="detalhes" time="40.640" classname="com.timp.test.MDR.ValorAdicionado.Municipio.MunicipioDetalhes"/>
  <testcase name="login" time="6.344" classname="com.timp.test.MDR.ValorAdicionado.Municipio.MunicipioDetalhes"/>
</testsuite> <!-- com.timp.test.MDR.ValorAdicionado.Municipio.MunicipioDetalhes -->
