<?xml version="1.0" encoding="UTF-8"?>
<!-- Generated by org.testng.reporters.JUnitReportReporter -->
<testsuite hostname="DESKTOP-HB7TMPD" failures="0" tests="3" name="com.timp.test.MDR.SaldoInicial.SaldoInicialEditar" time="104.204" errors="0" timestamp="25 Oct 2020 00:38:12 GMT">
  <testcase classname="com.timp.test.MDR.SaldoInicial.SaldoInicialEditar" name="acessarMDR" time="20.022"/>
  <testcase classname="com.timp.test.MDR.SaldoInicial.SaldoInicialEditar" name="editarSaldo" time="77.229"/>
  <testcase classname="com.timp.test.MDR.SaldoInicial.SaldoInicialEditar" name="login" time="6.953"/>
</testsuite> <!-- com.timp.test.MDR.SaldoInicial.SaldoInicialEditar -->
