<?xml version="1.0" encoding="UTF-8"?>
<!-- Generated by org.testng.reporters.JUnitReportReporter -->
<testsuite hostname="DESKTOP-C57COV6" failures="0" tests="2" name="com.timp.test.MDR.ValorAdicionado.Municipio.MunicipioExcluirEmMassa" time="176.153" errors="0" timestamp="02 sep. 2021 14:08:19 GMT" skipped="0">
  <testcase classname="com.timp.test.MDR.ValorAdicionado.Municipio.MunicipioExcluirEmMassa" name="Criar" time="144.649"/>
  <testcase classname="com.timp.test.MDR.ValorAdicionado.Municipio.MunicipioExcluirEmMassa" name="ExcluirEmMassa" time="31.504"/>
</testsuite> <!-- com.timp.test.MDR.ValorAdicionado.Municipio.MunicipioExcluirEmMassa -->
