<?xml version="1.0" encoding="UTF-8"?>
<<<<<<< HEAD
<!-- Generated by org.testng.reporters.JUnitReportReporter -->
<testsuite hostname="LitoSoler" name="com.timp.test.SCANC.ArquivosImportados.ArquivosImportadosPesquisa" tests="3" failures="0" timestamp="16 Dec 2020 16:21:03 GMT" time="75.034" errors="0">
  <testcase name="pesquisar" time="36.777" classname="com.timp.test.SCANC.ArquivosImportados.ArquivosImportadosPesquisa"/>
  <testcase name="scancEntrar" time="30.029" classname="com.timp.test.SCANC.ArquivosImportados.ArquivosImportadosPesquisa"/>
  <testcase name="ingresar" time="8.228" classname="com.timp.test.SCANC.ArquivosImportados.ArquivosImportadosPesquisa"/>
=======
<!-- Generated by org.testng.reporters.JUnitReportReporter -->
<testsuite hostname="MIGUEL" failures="0" tests="3" name="com.timp.test.SCANC.ArquivosImportados.ArquivosImportadosPesquisa" time="69.905" errors="0" timestamp="3 Dec 2020 02:03:07 GMT">
  <testcase classname="com.timp.test.SCANC.ArquivosImportados.ArquivosImportadosPesquisa" name="scancEntrar" time="28.564"/>
  <testcase classname="com.timp.test.SCANC.ArquivosImportados.ArquivosImportadosPesquisa" name="pesquisar" time="34.137"/>
  <testcase classname="com.timp.test.SCANC.ArquivosImportados.ArquivosImportadosPesquisa" name="ingresar" time="7.204"/>
>>>>>>> refs/remotes/origin/master
</testsuite> <!-- com.timp.test.SCANC.ArquivosImportados.ArquivosImportadosPesquisa -->
