<?xml version="1.0" encoding="UTF-8"?>
<!-- Generated by org.testng.reporters.JUnitReportReporter -->
<testsuite hostname="DESKTOP-JP1A9E6" failures="0" tests="2" name="com.timp.test.MDR.TaxasDeConversao.TaxasDeConversaoExcluirEmMassa" time="148.376" errors="0" timestamp="29 jul. 2021 10:05:54 GMT" skipped="0">
  <testcase classname="com.timp.test.MDR.TaxasDeConversao.TaxasDeConversaoExcluirEmMassa" name="excluirEmMassa" time="26.849"/>
  <testcase classname="com.timp.test.MDR.TaxasDeConversao.TaxasDeConversaoExcluirEmMassa" name="criar" time="121.527"/>
</testsuite> <!-- com.timp.test.MDR.TaxasDeConversao.TaxasDeConversaoExcluirEmMassa -->
