<?xml version="1.0" encoding="UTF-8"?>
<!-- Generated by org.testng.reporters.JUnitReportReporter -->
<testsuite hostname="LAPTOP-IN7IV9K5" failures="0" tests="1" name="com.timp.test.TFP.Configurações.Período.ConfiguraçõesPeríodoEditar" time="78.526" errors="0" timestamp="17 Feb 2021 15:48:07 GMT">
  <testcase classname="com.timp.test.TFP.Configurações.Período.ConfiguraçõesPeríodoEditar" name="editar" time="78.526"/>
</testsuite> <!-- com.timp.test.TFP.Configurações.Período.ConfiguraçõesPeríodoEditar -->
