<?xml version="1.0" encoding="UTF-8"?>
<!-- Generated by org.testng.reporters.JUnitReportReporter -->
<testsuite hostname="MIGUEL" failures="0" tests="3" name="com.timp.test.TAA.Agendamento.AgendamentoCancelar" time="68.270" errors="0" timestamp="5 Jan 2021 22:09:29 GMT">
  <testcase classname="com.timp.test.TAA.Agendamento.AgendamentoCancelar" name="ingresarTAA" time="24.603"/>
  <testcase classname="com.timp.test.TAA.Agendamento.AgendamentoCancelar" name="ingresar" time="7.416"/>
  <testcase classname="com.timp.test.TAA.Agendamento.AgendamentoCancelar" name="cancelar" time="36.251"/>
</testsuite> <!-- com.timp.test.TAA.Agendamento.AgendamentoCancelar -->
