<?xml version="1.0" encoding="UTF-8"?>
<!-- Generated by org.testng.reporters.JUnitReportReporter -->
<testsuite hostname="MassielV" failures="0" tests="1" name="com.timp.test.BRB.AdicionarColunas" time="172.007" errors="0" timestamp="11 oct. 2021 14:17:05 GMT" skipped="0">
  <testcase classname="com.timp.test.BRB.AdicionarColunas" name="adicionarColunas" time="172.007"/>
</testsuite> <!-- com.timp.test.BRB.AdicionarColunas -->
