<?xml version="1.0" encoding="UTF-8"?>
<!-- Generated by org.testng.reporters.JUnitReportReporter -->
<testsuite hostname="DESKTOP-BNBDMGT" failures="0" tests="1" name="com.timp.test.MDR.Reinf.R1070DadosAdicionais.R1070DadosAdicionaisEditar" time="173.253" errors="0" timestamp="23 mar. 2021 22:32:21 GMT" skipped="0">
  <testcase classname="com.timp.test.MDR.Reinf.R1070DadosAdicionais.R1070DadosAdicionaisEditar" name="editar" time="173.253"/>
</testsuite> <!-- com.timp.test.MDR.Reinf.R1070DadosAdicionais.R1070DadosAdicionaisEditar -->
