<?xml version="1.0" encoding="UTF-8"?>
<!-- Generated by org.testng.reporters.JUnitReportReporter -->
<testsuite skipped="0" hostname="LitoSoler" name="com.timp.test.MDR.Centralizacao.EstornoCredito.EstornoCreditoFiltros" tests="1" failures="0" timestamp="17 feb 2021 15:47:44 GMT" time="41.127" errors="0">
  <testcase name="filtro" time="41.127" classname="com.timp.test.MDR.Centralizacao.EstornoCredito.EstornoCreditoFiltros"/>
</testsuite> <!-- com.timp.test.MDR.Centralizacao.EstornoCredito.EstornoCreditoFiltros -->
