<?xml version="1.0" encoding="UTF-8"?>
<!-- Generated by org.testng.reporters.JUnitReportReporter -->
<testsuite hostname="DESKTOP-BNBDMGT" failures="0" tests="3" name="com.timp.test.TCC.GestaoDeCreditoTributarioPISCONFINS.ApuraçãoDeCréditoTributárioPIS.ConfiguraçãoEExecução.RegistroM230.RegistroM230Crear" time="120.263" errors="0" timestamp="5 Feb 2021 23:12:59 GMT">
  <testcase classname="com.timp.test.TCC.GestaoDeCreditoTributarioPISCONFINS.ApuraçãoDeCréditoTributárioPIS.ConfiguraçãoEExecução.RegistroM230.RegistroM230Crear" name="criar" time="92.707"/>
  <testcase classname="com.timp.test.TCC.GestaoDeCreditoTributarioPISCONFINS.ApuraçãoDeCréditoTributárioPIS.ConfiguraçãoEExecução.RegistroM230.RegistroM230Crear" name="login" time="10.230"/>
  <testcase classname="com.timp.test.TCC.GestaoDeCreditoTributarioPISCONFINS.ApuraçãoDeCréditoTributárioPIS.ConfiguraçãoEExecução.RegistroM230.RegistroM230Crear" name="acessarTCC" time="17.326"/>
</testsuite> <!-- com.timp.test.TCC.GestaoDeCreditoTributarioPISCONFINS.ApuraçãoDeCréditoTributárioPIS.ConfiguraçãoEExecução.RegistroM230.RegistroM230Crear -->
