<?xml version="1.0" encoding="UTF-8"?>
<!-- Generated by org.testng.reporters.JUnitReportReporter -->
<testsuite hostname="DESKTOP-JP1A9E6" failures="0" tests="1" name="com.timp.test.BRB.AdicionarColunas" time="137.169" errors="0" timestamp="31 may. 2021 17:18:59 GMT" skipped="0">
  <testcase classname="com.timp.test.BRB.AdicionarColunas" name="adicionarColunas" time="137.169"/>
</testsuite> <!-- com.timp.test.BRB.AdicionarColunas -->
