<?xml version="1.0" encoding="UTF-8"?>
<!-- Generated by org.testng.reporters.JUnitReportReporter -->
<testsuite hostname="DESKTOP-M23FVFN" failures="0" tests="1" name="com.timp.test.MDR.Filiais.FiliaisEditar" time="136.463" errors="0" timestamp="30 ene. 2022 14:35:14 GMT" skipped="0">
  <testcase classname="com.timp.test.MDR.Filiais.FiliaisEditar" name="editar" time="136.463"/>
</testsuite> <!-- com.timp.test.MDR.Filiais.FiliaisEditar -->
