<?xml version="1.0" encoding="UTF-8"?>
<<<<<<< HEAD
<!-- Generated by org.testng.reporters.JUnitReportReporter -->
<testsuite skipped="0" hostname="LitoSoler" name="com.timp.test.MDR.CEP.Bairro.BairroCriar" tests="1" failures="0" timestamp="19 mar 2021 21:37:16 GMT" time="73.708" errors="0">
  <testcase name="criar" time="73.708" classname="com.timp.test.MDR.CEP.Bairro.BairroCriar"/>
=======
<!-- Generated by org.testng.reporters.JUnitReportReporter -->
<testsuite skipped="0" hostname="LitoSoler" name="com.timp.test.MDR.CEP.Bairro.BairroCriar" tests="1" failures="0" timestamp="16 mar 2021 03:10:11 GMT" time="72.906" errors="0">
  <testcase name="criar" time="72.906" classname="com.timp.test.MDR.CEP.Bairro.BairroCriar"/>
>>>>>>> branch 'master' of https://github.com/salc1997/TIMP_R1.git
</testsuite> <!-- com.timp.test.MDR.CEP.Bairro.BairroCriar -->
