<?xml version="1.0" encoding="UTF-8"?>
<!-- Generated by org.testng.reporters.JUnitReportReporter -->
<testsuite hostname="DESKTOP-JP1A9E6" failures="0" tests="2" name="com.timp.test.MDR.DetalheTipoTributo.DetalheExcluirMassa" time="229.238" errors="0" timestamp="03 ago. 2021 08:21:43 GMT" skipped="0">
  <testcase classname="com.timp.test.MDR.DetalheTipoTributo.DetalheExcluirMassa" name="excluirMassa" time="50.066"/>
  <testcase classname="com.timp.test.MDR.DetalheTipoTributo.DetalheExcluirMassa" name="criar" time="179.172"/>
</testsuite> <!-- com.timp.test.MDR.DetalheTipoTributo.DetalheExcluirMassa -->
