<?xml version="1.0" encoding="UTF-8"?>
<!-- Generated by org.testng.reporters.JUnitReportReporter -->
<testsuite hostname="LAPTOP-IN7IV9K5" failures="0" tests="1" name="com.timp.test.TFP.Configurações.Período.ConfiguraçõesPeríodoCriar" time="87.155" errors="0" timestamp="17 Feb 2021 18:13:43 GMT">
  <testcase classname="com.timp.test.TFP.Configurações.Período.ConfiguraçõesPeríodoCriar" name="criar" time="87.155"/>
</testsuite> <!-- com.timp.test.TFP.Configurações.Período.ConfiguraçõesPeríodoCriar -->
