<?xml version="1.0" encoding="UTF-8"?>
<!-- Generated by org.testng.reporters.JUnitReportReporter -->
<testsuite hostname="CRISTHIAN-VASQUEZ" failures="0" tests="3" name="com.timp.test.BRE.CalculoDeTributos.Edicao.CalculodeTributosTabelas" time="333.566" errors="0" timestamp="27 feb. 2021 23:40:07 GMT" skipped="0">
  <testcase classname="com.timp.test.BRE.CalculoDeTributos.Edicao.CalculodeTributosTabelas" name="login" time="7.379"/>
  <testcase classname="com.timp.test.BRE.CalculoDeTributos.Edicao.CalculodeTributosTabelas" name="acessarBRE" time="16.696"/>
  <testcase classname="com.timp.test.BRE.CalculoDeTributos.Edicao.CalculodeTributosTabelas" name="editar" time="309.491"/>
</testsuite> <!-- com.timp.test.BRE.CalculoDeTributos.Edicao.CalculodeTributosTabelas -->
