<?xml version="1.0" encoding="UTF-8"?>
<!-- Generated by org.testng.reporters.JUnitReportReporter -->
<testsuite hostname="MIGUEL" failures="0" tests="3" name="com.timp.test.TDK.Dashboard.DashboardCriar" time="227.008" errors="0" timestamp="15 mar. 2021 21:47:21 GMT" skipped="0">
  <testcase classname="com.timp.test.TDK.Dashboard.DashboardCriar" name="login" time="8.405"/>
  <testcase classname="com.timp.test.TDK.Dashboard.DashboardCriar" name="acessarTDK" time="21.103"/>
  <testcase classname="com.timp.test.TDK.Dashboard.DashboardCriar" name="criar" time="197.500"/>
</testsuite> <!-- com.timp.test.TDK.Dashboard.DashboardCriar -->
