<?xml version="1.0" encoding="UTF-8"?>
<!-- Generated by org.testng.reporters.JUnitReportReporter -->
<testsuite skipped="0" hostname="LitoSoler" name="com.timp.test.MDR.Antecipacao.AntecipacaoDetalhe" tests="1" failures="0" timestamp="24 feb 2021 16:56:24 GMT" time="83.662" errors="0">
  <testcase name="detalhe" time="83.662" classname="com.timp.test.MDR.Antecipacao.AntecipacaoDetalhe"/>
</testsuite> <!-- com.timp.test.MDR.Antecipacao.AntecipacaoDetalhe -->
