<?xml version="1.0" encoding="UTF-8"?>
<!-- Generated by org.testng.reporters.JUnitReportReporter -->
<testsuite hostname="MassielV" failures="0" tests="2" name="com.timp.test.MDR.ValorAdicionado.Municipio.MunicipioExcluirEmMassa" time="190.484" errors="0" timestamp="06 oct. 2021 13:30:40 GMT" skipped="0">
  <testcase classname="com.timp.test.MDR.ValorAdicionado.Municipio.MunicipioExcluirEmMassa" name="Criar" time="161.384"/>
  <testcase classname="com.timp.test.MDR.ValorAdicionado.Municipio.MunicipioExcluirEmMassa" name="ExcluirEmMassa" time="29.100"/>
</testsuite> <!-- com.timp.test.MDR.ValorAdicionado.Municipio.MunicipioExcluirEmMassa -->
