<?xml version="1.0" encoding="UTF-8"?>
<!-- Generated by org.testng.reporters.JUnitReportReporter -->
<testsuite hostname="EC2AMAZ-8HCHO4G" failures="0" tests="1" name="com.timp.test.BRB.CampoOutput" time="91.396" errors="0" timestamp="2023-02-17T18:37:13 UTC" skipped="0">
  <testcase classname="com.timp.test.BRB.CampoOutput" name="campoOutput" time="91.396"/>
  <system-out/>
</testsuite> <!-- com.timp.test.BRB.CampoOutput -->
