<?xml version="1.0" encoding="UTF-8"?>
<!-- Generated by org.testng.reporters.JUnitReportReporter -->
<testsuite hostname="DESKTOP-M23FVFN" failures="0" tests="1" name="com.timp.test.BRB.ComentarioLibre" time="337.776" errors="0" timestamp="10 may. 2022 20:19:39 GMT" skipped="0">
  <testcase classname="com.timp.test.BRB.ComentarioLibre" name="comentarioLibre" time="337.776"/>
</testsuite> <!-- com.timp.test.BRB.ComentarioLibre -->
