<?xml version="1.0" encoding="UTF-8"?>
<!-- Generated by org.testng.reporters.JUnitReportReporter -->
<testsuite hostname="DESKTOP-BNBDMGT" failures="0" tests="3" name="com.timp.test.TAA.Ajustes.AjustedContabilizar" time="85.968" errors="0" timestamp="8 Jan 2021 07:20:46 GMT">
  <testcase classname="com.timp.test.TAA.Ajustes.AjustedContabilizar" name="ajustesContabilizar" time="57.732"/>
  <testcase classname="com.timp.test.TAA.Ajustes.AjustedContabilizar" name="ingresar" time="10.637"/>
  <testcase classname="com.timp.test.TAA.Ajustes.AjustedContabilizar" name="TAAEntrar" time="17.599"/>
</testsuite> <!-- com.timp.test.TAA.Ajustes.AjustedContabilizar -->
