<?xml version="1.0" encoding="UTF-8"?>
<!-- Generated by org.testng.reporters.JUnitReportReporter -->
<testsuite hostname="DESKTOP-JP1A9E6" failures="0" tests="2" name="com.timp.test.BRB.GruposAvancados" time="440.556" errors="0" timestamp="15 sep. 2021 07:01:46 GMT" skipped="0">
  <testcase classname="com.timp.test.BRB.GruposAvancados" name="gruposAvanzados" time="392.109"/>
  <testcase classname="com.timp.test.BRB.GruposAvancados" name="eliminarGrupos" time="48.447"/>
</testsuite> <!-- com.timp.test.BRB.GruposAvancados -->
