<?xml version="1.0" encoding="UTF-8"?>
<!-- Generated by org.testng.reporters.JUnitReportReporter -->
<testsuite hostname="DESKTOP-BNBDMGT" failures="0" tests="2" name="com.timp.test.BRE.AcessarBRE" time="45.683" errors="0" timestamp="02 mar. 2021 18:58:22 GMT" skipped="0">
  <testcase classname="com.timp.test.BRE.AcessarBRE" name="login" time="20.746"/>
  <testcase classname="com.timp.test.BRE.AcessarBRE" name="BREEntrar" time="24.937"/>
</testsuite> <!-- com.timp.test.BRE.AcessarBRE -->
