<?xml version="1.0" encoding="UTF-8"?>
<!-- Generated by org.testng.reporters.JUnitReportReporter -->
<testsuite hostname="DESKTOP-M23FVFN" failures="0" tests="1" name="com.timp.test.MDR.TabelaApoioECD.BalançoConsolidado.BalançoConsolidadoEditar" time="162.877" errors="0" timestamp="11 mar. 2022 23:08:01 GMT" skipped="0">
  <testcase classname="com.timp.test.MDR.TabelaApoioECD.BalançoConsolidado.BalançoConsolidadoEditar" name="editar" time="162.877"/>
</testsuite> <!-- com.timp.test.MDR.TabelaApoioECD.BalançoConsolidado.BalançoConsolidadoEditar -->
