<?xml version="1.0" encoding="UTF-8"?>
<!-- Generated by org.testng.reporters.JUnitReportReporter -->
<testsuite hostname="DESKTOP-C57COV6" failures="0" tests="1" name="com.timp.test.BRE.RegrasdeAuditoriaN1.ParametrosGerais.RegrasDeAuditoriaN1Criar" time="177.488" errors="0" timestamp="17 sep. 2021 19:05:30 GMT" skipped="0">
  <testcase classname="com.timp.test.BRE.RegrasdeAuditoriaN1.ParametrosGerais.RegrasDeAuditoriaN1Criar" name="criar" time="177.488"/>
</testsuite> <!-- com.timp.test.BRE.RegrasdeAuditoriaN1.ParametrosGerais.RegrasDeAuditoriaN1Criar -->
