<?xml version="1.0" encoding="UTF-8"?>
<!-- Generated by org.testng.reporters.JUnitReportReporter -->
<testsuite hostname="LitoSoler" name="com.timp.test.MDR.CadastroDerex.InstituicaoFinanceira.InstituicaoExcluir" tests="3" failures="0" timestamp="23 Jul 2020 19:59:15 GMT" time="37.292" errors="0">
  <testcase name="acessarMDR" time="6.564" classname="com.timp.test.MDR.CadastroDerex.InstituicaoFinanceira.InstituicaoExcluir"/>
  <testcase name="visualizar" time="25.235" classname="com.timp.test.MDR.CadastroDerex.InstituicaoFinanceira.InstituicaoExcluir"/>
  <testcase name="login" time="5.493" classname="com.timp.test.MDR.CadastroDerex.InstituicaoFinanceira.InstituicaoExcluir"/>
</testsuite> <!-- com.timp.test.MDR.CadastroDerex.InstituicaoFinanceira.InstituicaoExcluir -->
