<?xml version="1.0" encoding="UTF-8"?>
<!-- Generated by org.testng.reporters.JUnitReportReporter -->
<<<<<<< HEAD
<<<<<<< HEAD
<testsuite hostname="LitoSoler" name="com.timp.test.MDR.Centralizacao.EstornoCredito.EstornoCreditoCriar" tests="3" failures="0" timestamp="8 Dec 2020 19:42:33 GMT" time="64.852" errors="0">
  <testcase name="login" time="7.305" classname="com.timp.test.MDR.Centralizacao.EstornoCredito.EstornoCreditoCriar"/>
  <testcase name="acessarMDR" time="25.578" classname="com.timp.test.MDR.Centralizacao.EstornoCredito.EstornoCreditoCriar"/>
  <testcase name="criar" time="31.969" classname="com.timp.test.MDR.Centralizacao.EstornoCredito.EstornoCreditoCriar"/>
=======
<testsuite hostname="DESKTOP-5P4F1JE" failures="0" tests="3" name="com.timp.test.MDR.Centralizacao.EstornoCredito.EstornoCreditoCriar" time="72.244" errors="0" timestamp="8 Dec 2020 20:37:52 GMT">
  <testcase classname="com.timp.test.MDR.Centralizacao.EstornoCredito.EstornoCreditoCriar" name="login" time="9.538"/>
  <testcase classname="com.timp.test.MDR.Centralizacao.EstornoCredito.EstornoCreditoCriar" name="acessarMDR" time="12.019"/>
  <testcase classname="com.timp.test.MDR.Centralizacao.EstornoCredito.EstornoCreditoCriar" name="criar" time="50.687"/>
>>>>>>> branch 'master' of https://github.com/salc1997/TIMP_R1.git
=======
<testsuite hostname="DESKTOP-5P4F1JE" failures="0" tests="3" name="com.timp.test.MDR.Centralizacao.EstornoCredito.EstornoCreditoCriar" time="76.661" errors="0" timestamp="11 Dec 2020 20:27:57 GMT">
  <testcase classname="com.timp.test.MDR.Centralizacao.EstornoCredito.EstornoCreditoCriar" name="acessarMDR" time="22.543"/>
  <testcase classname="com.timp.test.MDR.Centralizacao.EstornoCredito.EstornoCreditoCriar" name="login" time="7.708"/>
  <testcase classname="com.timp.test.MDR.Centralizacao.EstornoCredito.EstornoCreditoCriar" name="criar" time="46.410"/>
>>>>>>> refs/remotes/origin/Eliel
</testsuite> <!-- com.timp.test.MDR.Centralizacao.EstornoCredito.EstornoCreditoCriar -->
