<?xml version="1.0" encoding="UTF-8"?>
<!-- Generated by org.testng.reporters.JUnitReportReporter -->
<testsuite hostname="LitoSoler" name="com.timp.test.MDR.Ajustes.CodigosAjustes.CodigosAjustesCriar" tests="3" failures="0" timestamp="25 Aug 2020 02:58:05 GMT" time="120.395" errors="0">
  <testcase name="login" time="6.525" classname="com.timp.test.MDR.Ajustes.CodigosAjustes.CodigosAjustesCriar"/>
  <testcase name="acessarMDR" time="21.374" classname="com.timp.test.MDR.Ajustes.CodigosAjustes.CodigosAjustesCriar"/>
  <testcase name="criar" time="92.496" classname="com.timp.test.MDR.Ajustes.CodigosAjustes.CodigosAjustesCriar"/>
</testsuite> <!-- com.timp.test.MDR.Ajustes.CodigosAjustes.CodigosAjustesCriar -->
