<?xml version="1.0" encoding="UTF-8"?>
<!-- Generated by org.testng.reporters.JUnitReportReporter -->
<testsuite hostname="LitoSoler" name="com.timp.test.BRB.AdicionarColunas" tests="1" failures="0" timestamp="16 Feb 2021 17:01:06 GMT" time="124.739" errors="0">
  <testcase name="adicionarColunas" time="124.739" classname="com.timp.test.BRB.AdicionarColunas"/>
</testsuite> <!-- com.timp.test.BRB.AdicionarColunas -->
