<?xml version="1.0" encoding="UTF-8"?>
<!-- Generated by org.testng.reporters.JUnitReportReporter -->
<testsuite hostname="DESKTOP-35UG9UP" name="com.timp.test.BRB.ReordenarColuna" tests="3" failures="0" timestamp="30 Sep 2020 22:30:55 GMT" time="95.964" errors="0">
  <testcase name="reordenar" time="59.240" classname="com.timp.test.BRB.ReordenarColuna"/>
  <testcase name="brbEntrar" time="24.097" classname="com.timp.test.BRB.ReordenarColuna"/>
  <testcase name="login" time="12.627" classname="com.timp.test.BRB.ReordenarColuna"/>
</testsuite> <!-- com.timp.test.BRB.ReordenarColuna -->
