<?xml version="1.0" encoding="UTF-8"?>
<<<<<<< HEAD
<!-- Generated by org.testng.reporters.JUnitReportReporter -->
<testsuite hostname="DESKTOP-C57COV6" failures="0" tests="1" name="com.timp.test.MDR.TabelasComplementaresParaObrigaçoesAcessorias.CodigoDeMotivosDeAjustes.CodigoDeMotivosDeAjustesExcluirEmMassa" time="328.978" errors="0" timestamp="18 oct. 2021 04:51:00 GMT" skipped="0">
  <testcase classname="com.timp.test.MDR.TabelasComplementaresParaObrigaçoesAcessorias.CodigoDeMotivosDeAjustes.CodigoDeMotivosDeAjustesExcluirEmMassa" name="criar" time="328.978"/>
=======
<!-- Generated by org.testng.reporters.JUnitReportReporter -->
<testsuite hostname="DESKTOP-C57COV6" failures="0" tests="1" name="com.timp.test.MDR.TabelasComplementaresParaObrigaçoesAcessorias.CodigoDeMotivosDeAjustes.CodigoDeMotivosDeAjustesExcluirEmMassa" time="137.750" errors="0" timestamp="15 oct. 2021 08:21:31 GMT" skipped="0">
  <testcase classname="com.timp.test.MDR.TabelasComplementaresParaObrigaçoesAcessorias.CodigoDeMotivosDeAjustes.CodigoDeMotivosDeAjustesExcluirEmMassa" name="criar" time="137.750"/>
>>>>>>> branch 'Yessy' of https://github.com/salc1997/TIMP_R1.git
</testsuite> <!-- com.timp.test.MDR.TabelasComplementaresParaObrigaçoesAcessorias.CodigoDeMotivosDeAjustes.CodigoDeMotivosDeAjustesExcluirEmMassa -->
