<?xml version="1.0" encoding="UTF-8"?>
<!-- Generated by org.testng.reporters.JUnitReportReporter -->
<testsuite hostname="LitoSoler" name="com.timp.test.MDR.LivrosFiscais.LivrosFiscais.LivrosFiscaisCriar" tests="3" failures="0" timestamp="27 Aug 2020 21:41:01 GMT" time="188.820" errors="0">
  <testcase name="criar" time="84.780" classname="com.timp.test.MDR.LivrosFiscais.LivrosFiscais.LivrosFiscaisCriar"/>
  <testcase name="acessarMDR" time="72.275" classname="com.timp.test.MDR.LivrosFiscais.LivrosFiscais.LivrosFiscaisCriar"/>
  <testcase name="login" time="31.765" classname="com.timp.test.MDR.LivrosFiscais.LivrosFiscais.LivrosFiscaisCriar"/>
</testsuite> <!-- com.timp.test.MDR.LivrosFiscais.LivrosFiscais.LivrosFiscaisCriar -->
