<?xml version="1.0" encoding="UTF-8"?>
<!-- Generated by org.testng.reporters.JUnitReportReporter -->
<testsuite hostname="MassielV" failures="0" tests="1" name="com.timp.test.MDR.Siscoserv.NBS.NBSCriar" time="148.253" errors="0" timestamp="06 nov. 2021 16:00:45 GMT" skipped="0">
  <testcase classname="com.timp.test.MDR.Siscoserv.NBS.NBSCriar" name="criar" time="148.253"/>
</testsuite> <!-- com.timp.test.MDR.Siscoserv.NBS.NBSCriar -->
