<?xml version="1.0" encoding="UTF-8"?>
<!-- Generated by org.testng.reporters.JUnitReportReporter -->
<testsuite hostname="DESKTOP-JP1A9E6" failures="0" tests="3" name="com.timp.test.BCB.Formula.Configuracao.Percentual" time="219.701" errors="0" timestamp="24 ago. 2021 13:34:22 GMT" skipped="0">
  <testcase classname="com.timp.test.BCB.Formula.Configuracao.Percentual" name="login" time="10.666"/>
  <testcase classname="com.timp.test.BCB.Formula.Configuracao.Percentual" name="brbEntrar" time="20.239"/>
  <testcase classname="com.timp.test.BCB.Formula.Configuracao.Percentual" name="criarConfiguracionConfiguracao" time="188.796"/>
</testsuite> <!-- com.timp.test.BCB.Formula.Configuracao.Percentual -->
