<?xml version="1.0" encoding="UTF-8"?>
<!-- Generated by org.testng.reporters.JUnitReportReporter -->
<testsuite hostname="LitoSoler" name="com.timp.test.MDR.TabelasApoioSped.ClassificaçaoDeContribuintesDoIPI.ClassificaçaoDeContribuintesDoIPIFiltrosAvançados" tests="3" failures="0" timestamp="9 Aug 2020 18:02:08 GMT" time="42.268" errors="0">
  <testcase name="filtros" time="29.076" classname="com.timp.test.MDR.TabelasApoioSped.ClassificaçaoDeContribuintesDoIPI.ClassificaçaoDeContribuintesDoIPIFiltrosAvançados"/>
  <testcase name="acessarMDR" time="7.738" classname="com.timp.test.MDR.TabelasApoioSped.ClassificaçaoDeContribuintesDoIPI.ClassificaçaoDeContribuintesDoIPIFiltrosAvançados"/>
  <testcase name="login" time="5.454" classname="com.timp.test.MDR.TabelasApoioSped.ClassificaçaoDeContribuintesDoIPI.ClassificaçaoDeContribuintesDoIPIFiltrosAvançados"/>
</testsuite> <!-- com.timp.test.MDR.TabelasApoioSped.ClassificaçaoDeContribuintesDoIPI.ClassificaçaoDeContribuintesDoIPIFiltrosAvançados -->
