<?xml version="1.0" encoding="UTF-8"?>
<!-- Generated by org.testng.reporters.JUnitReportReporter -->
<testsuite hostname="DESKTOP-M23FVFN" failures="0" tests="1" name="com.timp.test.TFP.Configurações.Status.Periodo.ConfiguracoesStatusPeriodoEditar" time="107.300" errors="0" timestamp="2023-01-09T13:02:50 BRT" skipped="0">
  <testcase classname="com.timp.test.TFP.Configurações.Status.Periodo.ConfiguracoesStatusPeriodoEditar" name="editar" time="107.300"/>
  <system-out/>
</testsuite> <!-- com.timp.test.TFP.Configurações.Status.Periodo.ConfiguracoesStatusPeriodoEditar -->
