<?xml version="1.0" encoding="UTF-8"?>
<!-- Generated by org.testng.reporters.JUnitReportReporter -->
<testsuite hostname="LAPTOP-IN7IV9K5" failures="0" tests="1" name="com.timp.test.MDR.CEP.Bairro.BairroEditar" time="122.290" errors="0" timestamp="24 abr. 2021 02:23:45 GMT" skipped="0">
  <testcase classname="com.timp.test.MDR.CEP.Bairro.BairroEditar" name="editar" time="122.290"/>
</testsuite> <!-- com.timp.test.MDR.CEP.Bairro.BairroEditar -->
