<?xml version="1.0" encoding="UTF-8"?>
<!-- Generated by org.testng.reporters.JUnitReportReporter -->
<testsuite hostname="DESKTOP-5P4F1JE" failures="0" tests="3" name="com.timp.test.TDK.Kpis.Edicao.KpisCartaoIndicadorExcluir" time="119.830" errors="0" timestamp="22 Jan 2021 18:16:57 GMT">
  <testcase classname="com.timp.test.TDK.Kpis.Edicao.KpisCartaoIndicadorExcluir" name="acessarTDK" time="24.687"/>
  <testcase classname="com.timp.test.TDK.Kpis.Edicao.KpisCartaoIndicadorExcluir" name="cartaoindicadroexcluir" time="85.702"/>
  <testcase classname="com.timp.test.TDK.Kpis.Edicao.KpisCartaoIndicadorExcluir" name="login" time="9.441"/>
</testsuite> <!-- com.timp.test.TDK.Kpis.Edicao.KpisCartaoIndicadorExcluir -->
