<?xml version="1.0" encoding="UTF-8"?>
<!-- Generated by org.testng.reporters.JUnitReportReporter -->
<testsuite hostname="DESKTOP-BNBDMGT" failures="0" tests="3" name="com.timp.test.MDR.LimiteCompetencia.LimiteCompetenciaFiltroID" time="49.369" errors="0" timestamp="19 Jan 2021 23:00:38 GMT">
  <testcase classname="com.timp.test.MDR.LimiteCompetencia.LimiteCompetenciaFiltroID" name="login" time="8.203"/>
  <testcase classname="com.timp.test.MDR.LimiteCompetencia.LimiteCompetenciaFiltroID" name="acessarMDR" time="27.420"/>
  <testcase classname="com.timp.test.MDR.LimiteCompetencia.LimiteCompetenciaFiltroID" name="filtro" time="13.746"/>
</testsuite> <!-- com.timp.test.MDR.LimiteCompetencia.LimiteCompetenciaFiltroID -->
