<?xml version="1.0" encoding="UTF-8"?>
<!-- Generated by org.testng.reporters.JUnitReportReporter -->
<testsuite hostname="EC2AMAZ-8HCHO4G" failures="0" tests="3" name="com.timp.test.ATR.Estruturas.Estruturas.EstruturasTodasAsFunc" time="116.665" errors="0" timestamp="2023-08-16T14:52:14 UTC" skipped="0">
  <testcase classname="com.timp.test.ATR.Estruturas.Estruturas.EstruturasTodasAsFunc" name="Detalles" time="44.184"/>
  <system-out/>
  <testcase classname="com.timp.test.ATR.Estruturas.Estruturas.EstruturasTodasAsFunc" name="visualizarFiltros" time="31.297"/>
  <system-out/>
  <testcase classname="com.timp.test.ATR.Estruturas.Estruturas.EstruturasTodasAsFunc" name="visualizar" time="41.184"/>
  <system-out/>
</testsuite> <!-- com.timp.test.ATR.Estruturas.Estruturas.EstruturasTodasAsFunc -->
