<?xml version="1.0" encoding="UTF-8"?>
<!-- Generated by org.testng.reporters.JUnitReportReporter -->
<testsuite skipped="0" hostname="LitoSoler" name="com.timp.test.MDR.CEP.Municipio.MunicipioEditar" tests="1" failures="0" timestamp="17 feb 2021 15:47:44 GMT" time="66.755" errors="0">
  <testcase name="editar" time="66.755" classname="com.timp.test.MDR.CEP.Municipio.MunicipioEditar"/>
</testsuite> <!-- com.timp.test.MDR.CEP.Municipio.MunicipioEditar -->
