<?xml version="1.0" encoding="UTF-8"?>
<!-- Generated by org.testng.reporters.JUnitReportReporter -->
<testsuite hostname="SALC-PC" failures="0" tests="1" name="com.timp.test.BRB.AtivarComentario" time="103.324" errors="0" timestamp="2023-08-21T13:29:35 CST" skipped="0">
  <testcase classname="com.timp.test.BRB.AtivarComentario" name="ativarComentarios" time="103.324"/>
  <system-out/>
</testsuite> <!-- com.timp.test.BRB.AtivarComentario -->
