<?xml version="1.0" encoding="UTF-8"?>
<!-- Generated by org.testng.reporters.JUnitReportReporter -->
<testsuite hostname="LitoSoler" name="com.timp.test.MDR.TabelasComplementaresParaObrigaçoesAcessorias.TabelaReceitasPermitidas.TabelaReceitasPermitidasEditar" tests="3" failures="0" timestamp="17 Sep 2020 20:35:47 GMT" time="138.463" errors="0">
  <testcase name="login" time="6.717" classname="com.timp.test.MDR.TabelasComplementaresParaObrigaçoesAcessorias.TabelaReceitasPermitidas.TabelaReceitasPermitidasEditar"/>
  <testcase name="acessarMDR" time="33.820" classname="com.timp.test.MDR.TabelasComplementaresParaObrigaçoesAcessorias.TabelaReceitasPermitidas.TabelaReceitasPermitidasEditar"/>
  <testcase name="editar" time="97.926" classname="com.timp.test.MDR.TabelasComplementaresParaObrigaçoesAcessorias.TabelaReceitasPermitidas.TabelaReceitasPermitidasEditar"/>
</testsuite> <!-- com.timp.test.MDR.TabelasComplementaresParaObrigaçoesAcessorias.TabelaReceitasPermitidas.TabelaReceitasPermitidasEditar -->
