<?xml version="1.0" encoding="UTF-8"?>
<!-- Generated by org.testng.reporters.JUnitReportReporter -->
<testsuite skipped="0" hostname="LitoSoler" name="com.timp.test.BRB.GruposAvancados" tests="2" failures="0" timestamp="24 feb 2021 16:20:00 GMT" time="337.007" errors="0">
  <testcase name="eliminarGrupos" time="38.399" classname="com.timp.test.BRB.GruposAvancados"/>
  <testcase name="gruposAvanzados" time="298.608" classname="com.timp.test.BRB.GruposAvancados"/>
</testsuite> <!-- com.timp.test.BRB.GruposAvancados -->
