<?xml version="1.0" encoding="UTF-8"?>
<!-- Generated by org.testng.reporters.JUnitReportReporter -->
<<<<<<< HEAD
<testsuite hostname="SALC-PC" failures="0" tests="3" name="com.timp.test.SCANC.RelatoriosRefineriaGerados.RRGPesquisarPeloNome" time="52.241" errors="0" timestamp="2023-07-14T15:58:14 CST" skipped="0">
  <testcase classname="com.timp.test.SCANC.RelatoriosRefineriaGerados.RRGPesquisarPeloNome" name="ingresar" time="7.678"/>
=======
<testsuite hostname="EC2AMAZ-8HCHO4G" failures="0" tests="3" name="com.timp.test.SCANC.RelatoriosRefineriaGerados.RRGPesquisarPeloNome" time="52.304" errors="0" timestamp="2023-07-13T16:20:12 UTC" skipped="0">
  <testcase classname="com.timp.test.SCANC.RelatoriosRefineriaGerados.RRGPesquisarPeloNome" name="ingresar" time="6.482"/>
>>>>>>> refs/heads/Yessy
  <system-out/>
<<<<<<< HEAD
  <testcase classname="com.timp.test.SCANC.RelatoriosRefineriaGerados.RRGPesquisarPeloNome" name="scancEntrar" time="17.185"/>
=======
  <testcase classname="com.timp.test.SCANC.RelatoriosRefineriaGerados.RRGPesquisarPeloNome" name="scancEntrar" time="18.243"/>
>>>>>>> refs/heads/Yessy
  <system-out/>
<<<<<<< HEAD
  <testcase classname="com.timp.test.SCANC.RelatoriosRefineriaGerados.RRGPesquisarPeloNome" name="pesquisar" time="27.378"/>
=======
  <testcase classname="com.timp.test.SCANC.RelatoriosRefineriaGerados.RRGPesquisarPeloNome" name="pesquisar" time="27.579"/>
>>>>>>> refs/heads/Yessy
  <system-out/>
</testsuite> <!-- com.timp.test.SCANC.RelatoriosRefineriaGerados.RRGPesquisarPeloNome -->
