<?xml version="1.0" encoding="UTF-8"?>
<!-- Generated by org.testng.reporters.JUnitReportReporter -->
<<<<<<< HEAD
<testsuite hostname="Agile" failures="0" tests="1" name="com.timp.test.TAA.AtribuiçõesdeRegras.RegradeAbasVer" time="536.755" errors="0" timestamp="18 feb. 2022 20:57:45 GMT" skipped="0">
  <testcase classname="com.timp.test.TAA.AtribuiçõesdeRegras.RegradeAbasVer" name="ver" time="536.755"/>
=======
<testsuite hostname="DESKTOP-M23FVFN" failures="0" tests="1" name="com.timp.test.TAA.AtribuiçõesdeRegras.RegradeAbasVer" time="163.653" errors="0" timestamp="22 feb. 2022 15:40:00 GMT" skipped="0">
  <testcase classname="com.timp.test.TAA.AtribuiçõesdeRegras.RegradeAbasVer" name="ver" time="163.653"/>
>>>>>>> branch 'Yessy' of https://github.com/salc1997/TIMP_R1
</testsuite> <!-- com.timp.test.TAA.AtribuiçõesdeRegras.RegradeAbasVer -->
