<?xml version="1.0" encoding="UTF-8"?>
<!-- Generated by org.testng.reporters.JUnitReportReporter -->
<testsuite hostname="DESKTOP-5P4F1JE" failures="0" tests="3" name="com.timp.test.TBD.Configuração.CamposChaves.CamposChavesCriar" time="144.108" errors="0" timestamp="29 Dec 2020 15:52:45 GMT">
  <testcase classname="com.timp.test.TBD.Configuração.CamposChaves.CamposChavesCriar" name="login" time="9.710"/>
  <testcase classname="com.timp.test.TBD.Configuração.CamposChaves.CamposChavesCriar" name="TBDEntrar" time="15.703"/>
  <testcase classname="com.timp.test.TBD.Configuração.CamposChaves.CamposChavesCriar" name="criar" time="118.695"/>
</testsuite> <!-- com.timp.test.TBD.Configuração.CamposChaves.CamposChavesCriar -->
