<?xml version="1.0" encoding="UTF-8"?>
<!-- Generated by org.testng.reporters.JUnitReportReporter -->
<testsuite hostname="MassielV" failures="0" tests="2" name="com.timp.test.MDR.SCANC.AjusteDeTransferencia.AjusteDeTransferenciaExcluirEmMasa" time="430.870" errors="0" timestamp="20 oct. 2021 07:36:58 GMT" skipped="0">
  <testcase classname="com.timp.test.MDR.SCANC.AjusteDeTransferencia.AjusteDeTransferenciaExcluirEmMasa" name="criar" time="388.272"/>
  <testcase classname="com.timp.test.MDR.SCANC.AjusteDeTransferencia.AjusteDeTransferenciaExcluirEmMasa" name="excluir" time="42.598"/>
</testsuite> <!-- com.timp.test.MDR.SCANC.AjusteDeTransferencia.AjusteDeTransferenciaExcluirEmMasa -->
