<?xml version="1.0" encoding="UTF-8"?>
<!-- Generated by org.testng.reporters.JUnitReportReporter -->
<testsuite hostname="EC2AMAZ-8HCHO4G" failures="0" tests="4" name="com.timp.test.BRB.PublicoEPrivado" time="206.756" errors="0" timestamp="2024-05-29T20:53:09 UTC" skipped="0">
  <testcase classname="com.timp.test.BRB.PublicoEPrivado" name="publicoYPRivado" time="87.928"/>
  <system-out/>
  <testcase classname="com.timp.test.BRB.PublicoEPrivado" name="PrivadoEditor" time="53.580"/>
  <system-out/>
  <testcase classname="com.timp.test.BRB.PublicoEPrivado" name="PublicoBiblioteca" time="34.490"/>
  <system-out/>
  <testcase classname="com.timp.test.BRB.PublicoEPrivado" name="PrivadoBiblioteca" time="30.758"/>
  <system-out/>
</testsuite> <!-- com.timp.test.BRB.PublicoEPrivado -->
