<?xml version="1.0" encoding="UTF-8"?>
<!-- Generated by org.testng.reporters.JUnitReportReporter -->
<testsuite hostname="DESKTOP-35UG9UP" name="com.timp.test.BRB.CrescenteEDecrescente" tests="3" failures="0" timestamp="1 Oct 2020 19:03:49 GMT" time="206.249" errors="0">
  <testcase name="login" time="12.904" classname="com.timp.test.BRB.CrescenteEDecrescente"/>
  <testcase name="crescenteEDecrescente" time="168.785" classname="com.timp.test.BRB.CrescenteEDecrescente"/>
  <testcase name="brbEntrar" time="24.560" classname="com.timp.test.BRB.CrescenteEDecrescente"/>
</testsuite> <!-- com.timp.test.BRB.CrescenteEDecrescente -->
