<?xml version="1.0" encoding="UTF-8"?>
<!-- Generated by org.testng.reporters.JUnitReportReporter -->
<testsuite hostname="MIGUEL" failures="0" tests="3" name="com.timp.test.TDK.Dashboard.Raiz.RaizFiltroId" time="53.621" errors="0" timestamp="11 mar. 2021 23:11:42 GMT" skipped="0">
  <testcase classname="com.timp.test.TDK.Dashboard.Raiz.RaizFiltroId" name="login" time="9.506"/>
  <testcase classname="com.timp.test.TDK.Dashboard.Raiz.RaizFiltroId" name="acessarTDK" time="19.735"/>
  <testcase classname="com.timp.test.TDK.Dashboard.Raiz.RaizFiltroId" name="filtro" time="24.380"/>
</testsuite> <!-- com.timp.test.TDK.Dashboard.Raiz.RaizFiltroId -->
