<?xml version="1.0" encoding="UTF-8"?>
<!-- Generated by org.testng.reporters.JUnitReportReporter -->
<testsuite hostname="DESKTOP-M23FVFN" failures="0" tests="3" name="com.timp.test.BRB.Formula" time="181.863" errors="0" timestamp="2022-06-15T09:40:24 CST" skipped="0">
  <testcase classname="com.timp.test.BRB.Formula" name="formulaBoton" time="102.069"/>
  <system-out/>
  <testcase classname="com.timp.test.BRB.Formula" name="aplicar" time="3.038"/>
  <system-out/>
  <testcase classname="com.timp.test.BRB.Formula" name="formulaColuna" time="76.756"/>
  <system-out/>
</testsuite> <!-- com.timp.test.BRB.Formula -->
