<?xml version="1.0" encoding="UTF-8"?>
<!-- Generated by org.testng.reporters.JUnitReportReporter -->
<<<<<<< HEAD
<testsuite hostname="DESKTOP-C57COV6" failures="0" tests="1" name="com.timp.test.MDR.TabelasApoioESocial.Tabela11.CompatibilidadEnCatTrabExcluirMassa" time="113.230" errors="0" timestamp="23 sep. 2021 14:53:11 GMT" skipped="0">
  <testcase classname="com.timp.test.MDR.TabelasApoioESocial.Tabela11.CompatibilidadEnCatTrabExcluirMassa" name="criar" time="113.230"/>
=======
<testsuite hostname="MassielV" failures="0" tests="1" name="com.timp.test.MDR.TabelasApoioESocial.Tabela11.CompatibilidadEnCatTrabExcluirMassa" time="101.215" errors="0" timestamp="30 sep. 2021 10:17:24 GMT" skipped="0">
  <testcase classname="com.timp.test.MDR.TabelasApoioESocial.Tabela11.CompatibilidadEnCatTrabExcluirMassa" name="criar" time="101.215"/>
>>>>>>> branch 'Yessy' of https://github.com/salc1997/TIMP_R1.git
</testsuite> <!-- com.timp.test.MDR.TabelasApoioESocial.Tabela11.CompatibilidadEnCatTrabExcluirMassa -->
