<?xml version="1.0" encoding="UTF-8"?>
<!-- Generated by org.testng.reporters.JUnitReportReporter -->
<testsuite hostname="LitoSoler" name="com.timp.test.BRB.GruposAvanzados" tests="4" failures="0" timestamp="3 Dec 2020 23:35:09 GMT" time="316.710" errors="0">
  <testcase name="gruposAvanzados" time="231.849" classname="com.timp.test.BRB.GruposAvanzados"/>
  <testcase name="login" time="8.192" classname="com.timp.test.BRB.GruposAvanzados"/>
  <testcase name="eliminarGrupos" time="39.306" classname="com.timp.test.BRB.GruposAvanzados"/>
  <testcase name="brbEntrar" time="37.363" classname="com.timp.test.BRB.GruposAvanzados"/>
</testsuite> <!-- com.timp.test.BRB.GruposAvanzados -->
