<?xml version="1.0" encoding="UTF-8"?>
<!-- Generated by org.testng.reporters.JUnitReportReporter -->
<testsuite hostname="DESKTOP-JP1A9E6" failures="0" tests="1" name="com.timp.test.BRB.RenomearColuna" time="141.222" errors="0" timestamp="12 jul. 2021 23:15:00 GMT" skipped="0">
  <testcase classname="com.timp.test.BRB.RenomearColuna" name="renomearColuna" time="141.222"/>
</testsuite> <!-- com.timp.test.BRB.RenomearColuna -->
