<?xml version="1.0" encoding="UTF-8"?>
<!-- Generated by org.testng.reporters.JUnitReportReporter -->
<testsuite hostname="DESKTOP-C57COV6" failures="0" tests="3" name="com.timp.test.TBD.Configuração.TipoDeDocumento.FiltroPorID" time="47.655" errors="0" timestamp="03 ago. 2021 04:15:07 GMT" skipped="0">
  <testcase classname="com.timp.test.TBD.Configuração.TipoDeDocumento.FiltroPorID" name="login" time="13.281"/>
  <testcase classname="com.timp.test.TBD.Configuração.TipoDeDocumento.FiltroPorID" name="acessarTCC" time="21.168"/>
  <testcase classname="com.timp.test.TBD.Configuração.TipoDeDocumento.FiltroPorID" name="filtro" time="13.206"/>
</testsuite> <!-- com.timp.test.TBD.Configuração.TipoDeDocumento.FiltroPorID -->
