<?xml version="1.0" encoding="UTF-8"?>
<!-- Generated by org.testng.reporters.JUnitReportReporter -->
<testsuite hostname="LitoSoler" name="com.timp.test.MDR.ICMSSTTransporte.ICMSSTTransporteFiltroID" tests="3" failures="0" timestamp="24 Nov 2020 16:37:47 GMT" time="49.260" errors="0">
  <testcase name="acessarMDR" time="13.283" classname="com.timp.test.MDR.ICMSSTTransporte.ICMSSTTransporteFiltroID"/>
  <testcase name="login" time="7.874" classname="com.timp.test.MDR.ICMSSTTransporte.ICMSSTTransporteFiltroID"/>
  <testcase name="filtro" time="28.103" classname="com.timp.test.MDR.ICMSSTTransporte.ICMSSTTransporteFiltroID"/>
</testsuite> <!-- com.timp.test.MDR.ICMSSTTransporte.ICMSSTTransporteFiltroID -->
