<?xml version="1.0" encoding="UTF-8"?>
<!-- Generated by org.testng.reporters.JUnitReportReporter -->
<<<<<<< HEAD
<testsuite hostname="EC2AMAZ-8HCHO4G" failures="0" tests="1" name="com.timp.test.BRB.AtivarCorrecao" time="86.052" errors="0" timestamp="2023-05-19T15:45:34 UTC" skipped="0">
  <testcase classname="com.timp.test.BRB.AtivarCorrecao" name="ativarCorreccion" time="86.052"/>
=======
<testsuite hostname="SALC-PC" failures="0" tests="1" name="com.timp.test.BRB.AtivarCorrecao" time="100.526" errors="0" timestamp="2023-05-13T16:19:15 CST" skipped="0">
  <testcase classname="com.timp.test.BRB.AtivarCorrecao" name="ativarCorreccion" time="100.526"/>
>>>>>>> refs/remotes/origin/Steven
  <system-out/>
</testsuite> <!-- com.timp.test.BRB.AtivarCorrecao -->
