<?xml version="1.0" encoding="UTF-8"?>
<!-- Generated by org.testng.reporters.JUnitReportReporter -->
<testsuite skipped="0" hostname="LitoSoler" name="com.timp.test.BRB.FiltrosRelatorio" tests="3" failures="0" timestamp="24 feb 2021 16:20:00 GMT" time="230.960" errors="0">
  <testcase name="AfiltrosEditor" time="137.159" classname="com.timp.test.BRB.FiltrosRelatorio"/>
  <testcase name="CasignarValores" time="29.831" classname="com.timp.test.BRB.FiltrosRelatorio"/>
  <testcase name="BfiltrosBiblioteca" time="63.970" classname="com.timp.test.BRB.FiltrosRelatorio"/>
</testsuite> <!-- com.timp.test.BRB.FiltrosRelatorio -->
