<?xml version="1.0" encoding="UTF-8"?>
<!-- Generated by org.testng.reporters.JUnitReportReporter -->
<testsuite hostname="LitoSoler" name="com.timp.test.MDR.CadastroDerex.InstituicaoFinanceira.InstituicaoCriar" tests="3" failures="0" timestamp="20 Oct 2020 23:17:00 GMT" time="89.758" errors="0">
  <testcase name="login" time="6.736" classname="com.timp.test.MDR.CadastroDerex.InstituicaoFinanceira.InstituicaoCriar"/>
  <testcase name="criar" time="62.035" classname="com.timp.test.MDR.CadastroDerex.InstituicaoFinanceira.InstituicaoCriar"/>
  <testcase name="acessarMDR" time="20.987" classname="com.timp.test.MDR.CadastroDerex.InstituicaoFinanceira.InstituicaoCriar"/>
</testsuite> <!-- com.timp.test.MDR.CadastroDerex.InstituicaoFinanceira.InstituicaoCriar -->
