<?xml version="1.0" encoding="UTF-8"?>
<!-- Generated by org.testng.reporters.JUnitReportReporter -->
<testsuite hostname="DESKTOP-M23FVFN" failures="0" tests="1" name="com.timp.test.TCC.TransferenciaDeSaldosCredores.TransferenciaDeSaldosCredoresFiltrosAvancados" time="120.106" errors="0" timestamp="08 dic. 2021 06:25:58 GMT" skipped="0">
  <testcase classname="com.timp.test.TCC.TransferenciaDeSaldosCredores.TransferenciaDeSaldosCredoresFiltrosAvancados" name="filtrarAvanzados" time="120.106"/>
</testsuite> <!-- com.timp.test.TCC.TransferenciaDeSaldosCredores.TransferenciaDeSaldosCredoresFiltrosAvancados -->
