<?xml version="1.0" encoding="UTF-8"?>
<!-- Generated by org.testng.reporters.JUnitReportReporter -->
<testsuite hostname="DESKTOP-M23FVFN" failures="0" tests="1" name="com.timp.test.MDR.ValorAdicionado.Municipio.MunicipioDetalhes" time="76.787" errors="0" timestamp="16 feb. 2022 09:15:00 GMT" skipped="0">
  <testcase classname="com.timp.test.MDR.ValorAdicionado.Municipio.MunicipioDetalhes" name="detalhes" time="76.787"/>
</testsuite> <!-- com.timp.test.MDR.ValorAdicionado.Municipio.MunicipioDetalhes -->
