<?xml version="1.0" encoding="UTF-8"?>
<!-- Generated by org.testng.reporters.JUnitReportReporter -->
<testsuite hostname="MassielV" failures="0" tests="1" name="com.timp.test.BRB.AtivarComentario" time="160.269" errors="0" timestamp="05 nov. 2021 19:50:07 GMT" skipped="0">
  <testcase classname="com.timp.test.BRB.AtivarComentario" name="ativarComentarios" time="160.269"/>
</testsuite> <!-- com.timp.test.BRB.AtivarComentario -->
