<?xml version="1.0" encoding="UTF-8"?>
<!-- Generated by org.testng.reporters.JUnitReportReporter -->
<testsuite hostname="DESKTOP-C57COV6" failures="0" tests="1" name="com.timp.test.MDR.Centralizacao.Saldos.SaldosFiltrarId" time="73.191" errors="0" timestamp="05 ago. 2021 10:23:30 GMT" skipped="0">
  <testcase classname="com.timp.test.MDR.Centralizacao.Saldos.SaldosFiltrarId" name="FiltrarSaldosId" time="73.191"/>
</testsuite> <!-- com.timp.test.MDR.Centralizacao.Saldos.SaldosFiltrarId -->
