<?xml version="1.0" encoding="UTF-8"?>
<!-- Generated by org.testng.reporters.JUnitReportReporter -->
<testsuite hostname="DESKTOP-M23FVFN" failures="0" tests="1" name="com.timp.test.BRB.ReordenarColuna" time="104.334" errors="0" timestamp="2022-12-11T14:38:09 BRT" skipped="0">
  <testcase classname="com.timp.test.BRB.ReordenarColuna" name="reordenar" time="104.334"/>
  <system-out/>
</testsuite> <!-- com.timp.test.BRB.ReordenarColuna -->
