<?xml version="1.0" encoding="UTF-8"?>
<!-- Generated by org.testng.reporters.JUnitReportReporter -->
<testsuite hostname="DESKTOP-M23FVFN" failures="0" tests="1" name="com.timp.test.TCC.GestaoDeCreditoTributarioICMS.ConfiguracaoEExecucaoPainelCreditoICMS.ConfiguracaoEExecucaoPainelCreditoICMSFiltrosAvansados" time="245.585" errors="0" timestamp="2022-10-10T22:54:01 BRT" skipped="0">
  <testcase classname="com.timp.test.TCC.GestaoDeCreditoTributarioICMS.ConfiguracaoEExecucaoPainelCreditoICMS.ConfiguracaoEExecucaoPainelCreditoICMSFiltrosAvansados" name="filtros" time="245.585"/>
  <system-out/>
</testsuite> <!-- com.timp.test.TCC.GestaoDeCreditoTributarioICMS.ConfiguracaoEExecucaoPainelCreditoICMS.ConfiguracaoEExecucaoPainelCreditoICMSFiltrosAvansados -->
