<?xml version="1.0" encoding="UTF-8"?>
<!-- Generated by org.testng.reporters.JUnitReportReporter -->
<testsuite hostname="EC2AMAZ-8HCHO4G" failures="0" tests="1" name="com.timp.test.TDK.Execucoes.Raiz.RaizFiltroId" time="65.155" errors="0" timestamp="2024-01-22T19:48:14 UTC" skipped="0">
  <testcase classname="com.timp.test.TDK.Execucoes.Raiz.RaizFiltroId" name="filtro" time="65.155"/>
  <system-out/>
</testsuite> <!-- com.timp.test.TDK.Execucoes.Raiz.RaizFiltroId -->
