<?xml version="1.0" encoding="UTF-8"?>
<!-- Generated by org.testng.reporters.JUnitReportReporter -->
<testsuite hostname="DESKTOP-NV7E9IV" name="com.timp.test.BRB.RenomearColuna" tests="3" failures="0" timestamp="25 Aug 2020 20:10:18 GMT" time="82.918" errors="0">
  <testcase name="renomearColuna" time="46.747" classname="com.timp.test.BRB.RenomearColuna"/>
  <testcase name="brbEntrar" time="25.543" classname="com.timp.test.BRB.RenomearColuna"/>
  <testcase name="login" time="10.628" classname="com.timp.test.BRB.RenomearColuna"/>
</testsuite> <!-- com.timp.test.BRB.RenomearColuna -->
