<?xml version="1.0" encoding="UTF-8"?>
<!-- Generated by org.testng.reporters.JUnitReportReporter -->
<testsuite hostname="LitoSoler" name="com.timp.test.MDR.CodigoReceita.CodigoReceitaCriar" tests="3" failures="0" timestamp="22 Dec 2020 03:25:21 GMT" time="79.091" errors="0">
  <testcase name="login" time="6.369" classname="com.timp.test.MDR.CodigoReceita.CodigoReceitaCriar"/>
  <testcase name="criar" time="50.140" classname="com.timp.test.MDR.CodigoReceita.CodigoReceitaCriar"/>
  <testcase name="acessarMDR" time="22.582" classname="com.timp.test.MDR.CodigoReceita.CodigoReceitaCriar"/>
</testsuite> <!-- com.timp.test.MDR.CodigoReceita.CodigoReceitaCriar -->
