<?xml version="1.0" encoding="UTF-8"?>
<!-- Generated by org.testng.reporters.JUnitReportReporter -->
<testsuite hostname="DESKTOP-35UG9UP" name="com.timp.test.MDR.RegistroECAC.RegistroECACEditar" tests="3" failures="0" timestamp="8 Oct 2020 13:53:48 GMT" time="141.343" errors="0">
  <testcase name="editar" time="115.029" classname="com.timp.test.MDR.RegistroECAC.RegistroECACEditar"/>
  <testcase name="login" time="12.334" classname="com.timp.test.MDR.RegistroECAC.RegistroECACEditar"/>
  <testcase name="acessarMDR" time="13.980" classname="com.timp.test.MDR.RegistroECAC.RegistroECACEditar"/>
</testsuite> <!-- com.timp.test.MDR.RegistroECAC.RegistroECACEditar -->
