<?xml version="1.0" encoding="UTF-8"?>
<!-- Generated by org.testng.reporters.JUnitReportReporter -->
<testsuite hostname="DESKTOP-35UG9UP" name="com.timp.test.BRB.Eliminar" tests="4" failures="0" timestamp="30 Sep 2020 20:43:57 GMT" time="176.219" errors="0">
  <testcase name="brbEntrar" time="25.121" classname="com.timp.test.BRB.Eliminar"/>
  <testcase name="eliminar" time="68.820" classname="com.timp.test.BRB.Eliminar"/>
  <testcase name="eliminarLixeira" time="70.199" classname="com.timp.test.BRB.Eliminar"/>
  <testcase name="login" time="12.079" classname="com.timp.test.BRB.Eliminar"/>
</testsuite> <!-- com.timp.test.BRB.Eliminar -->
