<?xml version="1.0" encoding="UTF-8"?>
<!-- Generated by org.testng.reporters.JUnitReportReporter -->
<testsuite hostname="DESKTOP-C57COV6" failures="0" tests="3" name="com.timp.test.DFG.Configuracoes.ConfiguracoesEditar" time="171.552" errors="0" timestamp="24 ago. 2021 14:32:49 GMT" skipped="0">
  <testcase classname="com.timp.test.DFG.Configuracoes.ConfiguracoesEditar" name="ingresar" time="8.744"/>
  <testcase classname="com.timp.test.DFG.Configuracoes.ConfiguracoesEditar" name="mdrEntrar" time="23.533"/>
  <testcase classname="com.timp.test.DFG.Configuracoes.ConfiguracoesEditar" name="criar" time="139.275"/>
</testsuite> <!-- com.timp.test.DFG.Configuracoes.ConfiguracoesEditar -->
