<?xml version="1.0" encoding="UTF-8"?>
<<<<<<< HEAD
<!-- Generated by org.testng.reporters.JUnitReportReporter -->
<<<<<<< HEAD
<testsuite hostname="MIGUEL" failures="0" tests="3" name="com.timp.test.BRE.Lixeira.ParametrosGerais.LixeiraRestaurar" time="58.156" errors="0" timestamp="2 Feb 2021 15:05:57 GMT">
  <testcase classname="com.timp.test.BRE.Lixeira.ParametrosGerais.LixeiraRestaurar" name="login" time="7.570"/>
  <testcase classname="com.timp.test.BRE.Lixeira.ParametrosGerais.LixeiraRestaurar" name="restaurar" time="33.126"/>
  <testcase classname="com.timp.test.BRE.Lixeira.ParametrosGerais.LixeiraRestaurar" name="acessarBRE" time="17.460"/>
=======
<testsuite hostname="MIGUEL" failures="0" tests="3" name="com.timp.test.BRE.Lixeira.ParametrosGerais.LixeiraRestaurar" time="57.327" errors="0" timestamp="15 Feb 2021 21:55:03 GMT">
  <testcase classname="com.timp.test.BRE.Lixeira.ParametrosGerais.LixeiraRestaurar" name="login" time="7.821"/>
  <testcase classname="com.timp.test.BRE.Lixeira.ParametrosGerais.LixeiraRestaurar" name="acessarBRE" time="17.056"/>
  <testcase classname="com.timp.test.BRE.Lixeira.ParametrosGerais.LixeiraRestaurar" name="restaurar" time="32.450"/>
>>>>>>> refs/heads/master
=======
<!-- Generated by org.testng.reporters.JUnitReportReporter -->
<testsuite hostname="MIGUEL" failures="0" tests="3" name="com.timp.test.BRE.Lixeira.ParametrosGerais.LixeiraRestaurar" time="60.614" errors="0" timestamp="19 feb. 2021 21:37:13 GMT" skipped="0">
  <testcase classname="com.timp.test.BRE.Lixeira.ParametrosGerais.LixeiraRestaurar" name="login" time="9.951"/>
  <testcase classname="com.timp.test.BRE.Lixeira.ParametrosGerais.LixeiraRestaurar" name="acessarBRE" time="17.068"/>
  <testcase classname="com.timp.test.BRE.Lixeira.ParametrosGerais.LixeiraRestaurar" name="restaurar" time="33.595"/>
>>>>>>> refs/heads/Fernando
</testsuite> <!-- com.timp.test.BRE.Lixeira.ParametrosGerais.LixeiraRestaurar -->
