<?xml version="1.0" encoding="UTF-8"?>
<!-- Generated by org.testng.reporters.JUnitReportReporter -->
<testsuite hostname="DESKTOP-JP1A9E6" failures="0" tests="1" name="com.timp.test.MDR.Siscoserv.RegistroRF.RegistroRFFiltroPorID" time="72.455" errors="0" timestamp="23 sep. 2021 10:31:01 GMT" skipped="0">
  <testcase classname="com.timp.test.MDR.Siscoserv.RegistroRF.RegistroRFFiltroPorID" name="filtro" time="72.455"/>
</testsuite> <!-- com.timp.test.MDR.Siscoserv.RegistroRF.RegistroRFFiltroPorID -->
