<?xml version="1.0" encoding="UTF-8"?>
<!-- Generated by org.testng.reporters.JUnitReportReporter -->
<testsuite hostname="DESKTOP-C57COV6" failures="0" tests="1" name="com.timp.test.MDR.DeterminacaoDeRelevanciaDeTarefa.DeterminacaoDeRelevanciaPorRegra.CadastroDeCódigoDeRegras.CadastroDeCódigoDeRegrasCriar" time="216.448" errors="0" timestamp="20 oct. 2021 20:47:28 GMT" skipped="0">
  <testcase classname="com.timp.test.MDR.DeterminacaoDeRelevanciaDeTarefa.DeterminacaoDeRelevanciaPorRegra.CadastroDeCódigoDeRegras.CadastroDeCódigoDeRegrasCriar" name="criar" time="216.448"/>
</testsuite> <!-- com.timp.test.MDR.DeterminacaoDeRelevanciaDeTarefa.DeterminacaoDeRelevanciaPorRegra.CadastroDeCódigoDeRegras.CadastroDeCódigoDeRegrasCriar -->
