<?xml version="1.0" encoding="UTF-8"?>
<!-- Generated by org.testng.reporters.JUnitReportReporter -->
<testsuite hostname="DESKTOP-JP1A9E6" failures="0" tests="3" name="com.timp.test.BRB.Formula" time="183.539" errors="0" timestamp="26 ago. 2021 16:37:31 GMT" skipped="0">
  <testcase classname="com.timp.test.BRB.Formula" name="aplicar" time="10.742"/>
  <testcase classname="com.timp.test.BRB.Formula" name="formulaColuna" time="82.234"/>
  <testcase classname="com.timp.test.BRB.Formula" name="formulaBoton" time="90.563"/>
</testsuite> <!-- com.timp.test.BRB.Formula -->
