<?xml version="1.0" encoding="UTF-8"?>
<!-- Generated by org.testng.reporters.JUnitReportReporter -->
<testsuite hostname="MIGUEL" failures="0" tests="5" name="com.timp.test.DFG.SPED.ESocial.Eventos.S1250.S1250GerarDadosDoEvento" time="72.161" errors="0" timestamp="28 Dec 2020 14:56:05 GMT">
  <testcase classname="com.timp.test.DFG.SPED.ESocial.Eventos.S1250.S1250GerarDadosDoEvento" name="ingresar" time="8.627"/>
  <testcase classname="com.timp.test.DFG.SPED.ESocial.Eventos.S1250.S1250GerarDadosDoEvento" name="informacao2" time="29.359"/>
  <testcase classname="com.timp.test.DFG.SPED.ESocial.Eventos.S1250.S1250GerarDadosDoEvento" name="enviarPendencias" time="8.186"/>
  <testcase classname="com.timp.test.DFG.SPED.ESocial.Eventos.S1250.S1250GerarDadosDoEvento" name="enviarSeleccionado" time="8.859"/>
  <testcase classname="com.timp.test.DFG.SPED.ESocial.Eventos.S1250.S1250GerarDadosDoEvento" name="dfgEntrar" time="17.130"/>
</testsuite> <!-- com.timp.test.DFG.SPED.ESocial.Eventos.S1250.S1250GerarDadosDoEvento -->
