<?xml version="1.0" encoding="UTF-8"?>
<!-- Generated by org.testng.reporters.JUnitReportReporter -->
<testsuite hostname="DESKTOP-5P4F1JE" failures="0" tests="3" name="com.timp.test.MDR.TaxasDeConversao.TaxasDeConversaoExcluir" time="90.722" errors="0" timestamp="4 Nov 2020 19:31:00 GMT">
  <testcase classname="com.timp.test.MDR.TaxasDeConversao.TaxasDeConversaoExcluir" name="acessarMDR" time="15.048"/>
  <testcase classname="com.timp.test.MDR.TaxasDeConversao.TaxasDeConversaoExcluir" name="login" time="7.527"/>
  <testcase classname="com.timp.test.MDR.TaxasDeConversao.TaxasDeConversaoExcluir" name="excluir" time="68.147"/>
</testsuite> <!-- com.timp.test.MDR.TaxasDeConversao.TaxasDeConversaoExcluir -->
