<?xml version="1.0" encoding="UTF-8"?>
<!-- Generated by org.testng.reporters.JUnitReportReporter -->
<testsuite hostname="EC2AMAZ-8HCHO4G" failures="0" tests="3" name="com.timp.test.ATR.Estruturas.RelacionamentoEstruturas.RelacionamentoEstruturasCriarComCopia" time="126.062" errors="0" timestamp="2023-02-17T20:28:32 UTC" skipped="0">
  <testcase classname="com.timp.test.ATR.Estruturas.RelacionamentoEstruturas.RelacionamentoEstruturasCriarComCopia" name="excluirCopia" time="21.945"/>
  <system-out/>
  <testcase classname="com.timp.test.ATR.Estruturas.RelacionamentoEstruturas.RelacionamentoEstruturasCriarComCopia" name="editarCopia" time="22.683"/>
  <system-out/>
  <testcase classname="com.timp.test.ATR.Estruturas.RelacionamentoEstruturas.RelacionamentoEstruturasCriarComCopia" name="criarCopia" time="81.434"/>
  <system-out/>
</testsuite> <!-- com.timp.test.ATR.Estruturas.RelacionamentoEstruturas.RelacionamentoEstruturasCriarComCopia -->
