<?xml version="1.0" encoding="UTF-8"?>
<!-- Generated by org.testng.reporters.JUnitReportReporter -->
<testsuite hostname="DESKTOP-C57COV6" failures="0" tests="1" name="com.timp.test.MDR.CEP.Bairro.BairroEditar" time="150.547" errors="0" timestamp="06 oct. 2021 18:47:15 GMT" skipped="0">
  <testcase classname="com.timp.test.MDR.CEP.Bairro.BairroEditar" name="editar" time="150.547"/>
</testsuite> <!-- com.timp.test.MDR.CEP.Bairro.BairroEditar -->
