<?xml version="1.0" encoding="UTF-8"?>
<!-- Generated by org.testng.reporters.JUnitReportReporter -->
<testsuite hostname="LitoSoler" name="com.timp.test.MDR.Centralizacao.EstornoCredito.EstornoCreditoVisualizar" tests="3" failures="0" timestamp="8 Dec 2020 19:46:13 GMT" time="43.540" errors="0">
  <testcase name="login" time="6.201" classname="com.timp.test.MDR.Centralizacao.EstornoCredito.EstornoCreditoVisualizar"/>
  <testcase name="acessarMDR" time="24.862" classname="com.timp.test.MDR.Centralizacao.EstornoCredito.EstornoCreditoVisualizar"/>
  <testcase name="Visualizar" time="12.477" classname="com.timp.test.MDR.Centralizacao.EstornoCredito.EstornoCreditoVisualizar"/>
</testsuite> <!-- com.timp.test.MDR.Centralizacao.EstornoCredito.EstornoCreditoVisualizar -->
