<?xml version="1.0" encoding="UTF-8"?>
<!-- Generated by org.testng.reporters.JUnitReportReporter -->
<testsuite hostname="LAPTOP-IN7IV9K5" failures="0" tests="3" name="com.timp.test.SCANC.ArquivosImportados.ArquivosImportadosPesquisa" time="158.745" errors="0" timestamp="19 mar. 2021 19:15:06 GMT" skipped="0">
  <testcase classname="com.timp.test.SCANC.ArquivosImportados.ArquivosImportadosPesquisa" name="ingresar" time="94.133"/>
  <testcase classname="com.timp.test.SCANC.ArquivosImportados.ArquivosImportadosPesquisa" name="scancEntrar" time="28.291"/>
  <testcase classname="com.timp.test.SCANC.ArquivosImportados.ArquivosImportadosPesquisa" name="pesquisar" time="36.321"/>
</testsuite> <!-- com.timp.test.SCANC.ArquivosImportados.ArquivosImportadosPesquisa -->
