<?xml version="1.0" encoding="UTF-8"?>
<!-- Generated by org.testng.reporters.JUnitReportReporter -->
<testsuite hostname="MassielV" failures="0" tests="1" name="com.timp.test.MDR.SaldoInicial.SaldoInicialEditar" time="158.937" errors="0" timestamp="20 oct. 2021 07:36:58 GMT" skipped="0">
  <testcase classname="com.timp.test.MDR.SaldoInicial.SaldoInicialEditar" name="editarSaldo" time="158.937"/>
</testsuite> <!-- com.timp.test.MDR.SaldoInicial.SaldoInicialEditar -->
