<?xml version="1.0" encoding="UTF-8"?>
<!-- Generated by org.testng.reporters.JUnitReportReporter -->
<testsuite hostname="DESKTOP-BNBDMGT" failures="0" tests="1" name="com.timp.test.MDR.ValorAdicionado.Municipio.MunicipioVisualizar" time="80.594" errors="0" timestamp="30 mar. 2021 04:01:24 GMT" skipped="0">
  <testcase classname="com.timp.test.MDR.ValorAdicionado.Municipio.MunicipioVisualizar" name="visualizar" time="80.594"/>
</testsuite> <!-- com.timp.test.MDR.ValorAdicionado.Municipio.MunicipioVisualizar -->
