<?xml version="1.0" encoding="UTF-8"?>
<!-- Generated by org.testng.reporters.JUnitReportReporter -->
<testsuite hostname="MassielV" failures="0" tests="2" name="com.timp.test.MDR.IncentivosFiscais.IncentivosFiscaisExcluirEmMassa" time="257.774" errors="0" timestamp="27 oct. 2021 07:41:51 GMT" skipped="0">
  <testcase classname="com.timp.test.MDR.IncentivosFiscais.IncentivosFiscaisExcluirEmMassa" name="excluirEmMassa" time="36.996"/>
  <testcase classname="com.timp.test.MDR.IncentivosFiscais.IncentivosFiscaisExcluirEmMassa" name="criar" time="220.778"/>
</testsuite> <!-- com.timp.test.MDR.IncentivosFiscais.IncentivosFiscaisExcluirEmMassa -->
