<?xml version="1.0" encoding="UTF-8"?>
<!-- Generated by org.testng.reporters.JUnitReportReporter -->
<testsuite hostname="MIGUEL" failures="0" tests="1" name="com.timp.test.BRB.NovoRelatorio" time="111.252" errors="0" timestamp="31 mar. 2021 03:15:09 GMT" skipped="0">
  <testcase classname="com.timp.test.BRB.NovoRelatorio" name="novoRelatorio" time="111.252"/>
</testsuite> <!-- com.timp.test.BRB.NovoRelatorio -->
