<?xml version="1.0" encoding="UTF-8"?>
<!-- Generated by org.testng.reporters.JUnitReportReporter -->
<testsuite hostname="CRISTHIAN-VASQUEZ" failures="0" tests="3" name="com.timp.test.TPC.ParâmetrosGeraisAprovar" time="97.264" errors="0" timestamp="18 Jan 2021 00:16:31 GMT">
  <testcase classname="com.timp.test.TPC.ParâmetrosGeraisAprovar" name="ingresarTPC" time="28.470"/>
  <testcase classname="com.timp.test.TPC.ParâmetrosGeraisAprovar" name="ingresar" time="7.489"/>
  <testcase classname="com.timp.test.TPC.ParâmetrosGeraisAprovar" name="aprovado" time="61.305"/>
</testsuite> <!-- com.timp.test.TPC.ParâmetrosGeraisAprovar -->
