<?xml version="1.0" encoding="UTF-8"?>
<!-- Generated by org.testng.reporters.JUnitReportReporter -->
<testsuite hostname="DESKTOP-C57COV6" failures="0" tests="1" name="com.timp.test.TCC.GestaoDeCreditoTributarioPISCONFINS.PainelCredito.ConfiguraçãoeExecução.ConfiguraçãoeExecuçãoCriar" time="268.736" errors="0" timestamp="05 jun. 2021 02:30:04 GMT" skipped="0">
  <testcase classname="com.timp.test.TCC.GestaoDeCreditoTributarioPISCONFINS.PainelCredito.ConfiguraçãoeExecução.ConfiguraçãoeExecuçãoCriar" name="criar" time="268.736"/>
</testsuite> <!-- com.timp.test.TCC.GestaoDeCreditoTributarioPISCONFINS.PainelCredito.ConfiguraçãoeExecução.ConfiguraçãoeExecuçãoCriar -->
