<?xml version="1.0" encoding="UTF-8"?>
<!-- Generated by org.testng.reporters.JUnitReportReporter -->
<testsuite hostname="DESKTOP-BNBDMGT" failures="0" tests="3" name="com.timp.test.MDR.DeterminacaoDeTipoDeCondicao.DeterminacaoDeTipoDeCondicaoExcluirMassa" time="307.830" errors="0" timestamp="2 Feb 2021 17:15:31 GMT">
  <testcase classname="com.timp.test.MDR.DeterminacaoDeTipoDeCondicao.DeterminacaoDeTipoDeCondicaoExcluirMassa" name="criar" time="264.498"/>
  <testcase classname="com.timp.test.MDR.DeterminacaoDeTipoDeCondicao.DeterminacaoDeTipoDeCondicaoExcluirMassa" name="login" time="7.778"/>
  <testcase classname="com.timp.test.MDR.DeterminacaoDeTipoDeCondicao.DeterminacaoDeTipoDeCondicaoExcluirMassa" name="acessarMDR" time="35.554"/>
</testsuite> <!-- com.timp.test.MDR.DeterminacaoDeTipoDeCondicao.DeterminacaoDeTipoDeCondicaoExcluirMassa -->
