<?xml version="1.0" encoding="UTF-8"?>
<!-- Generated by org.testng.reporters.JUnitReportReporter -->
<testsuite hostname="LitoSoler" name="com.timp.test.MDR.SCANC.MovimentoSCANC.MovimentoSCANCVisualizar" tests="3" failures="0" timestamp="14 Nov 2020 19:02:50 GMT" time="68.492" errors="0">
  <testcase name="acessarMDR" time="20.684" classname="com.timp.test.MDR.SCANC.MovimentoSCANC.MovimentoSCANCVisualizar"/>
  <testcase name="login" time="6.207" classname="com.timp.test.MDR.SCANC.MovimentoSCANC.MovimentoSCANCVisualizar"/>
  <testcase name="visualizar" time="41.601" classname="com.timp.test.MDR.SCANC.MovimentoSCANC.MovimentoSCANCVisualizar"/>
</testsuite> <!-- com.timp.test.MDR.SCANC.MovimentoSCANC.MovimentoSCANCVisualizar -->
