<?xml version="1.0" encoding="UTF-8"?>
<!-- Generated by org.testng.reporters.JUnitReportReporter -->
<testsuite hostname="DESKTOP-M23FVFN" failures="0" tests="1" name="com.timp.test.BRB.RenomearColuna" time="149.569" errors="0" timestamp="2022-08-12T10:57:31 CST" skipped="0">
  <testcase classname="com.timp.test.BRB.RenomearColuna" name="renomearColuna" time="149.569"/>
  <system-out/>
</testsuite> <!-- com.timp.test.BRB.RenomearColuna -->
