<?xml version="1.0" encoding="UTF-8"?>
<!-- Generated by org.testng.reporters.JUnitReportReporter -->
<testsuite hostname="LAPTOP-IN7IV9K5" failures="0" tests="1" name="com.timp.test.MDR.Centralizacao.Saldos.SaldosDetalhes" time="79.378" errors="0" timestamp="17 abr. 2021 17:24:54 GMT" skipped="0">
  <testcase classname="com.timp.test.MDR.Centralizacao.Saldos.SaldosDetalhes" name="detalhes" time="79.378"/>
</testsuite> <!-- com.timp.test.MDR.Centralizacao.Saldos.SaldosDetalhes -->
