<?xml version="1.0" encoding="UTF-8"?>
<!-- Generated by org.testng.reporters.JUnitReportReporter -->
<testsuite hostname="DESKTOP-5P4F1JE" failures="0" tests="3" name="com.timp.test.TDK.Dashboard.MeusDashboards.MeusFavoritos.DashboardMeusFavoritosFiltroPorID" time="79.354" errors="0" timestamp="10 Feb 2021 14:40:20 GMT">
  <testcase classname="com.timp.test.TDK.Dashboard.MeusDashboards.MeusFavoritos.DashboardMeusFavoritosFiltroPorID" name="acessarTDK" time="32.430"/>
  <testcase classname="com.timp.test.TDK.Dashboard.MeusDashboards.MeusFavoritos.DashboardMeusFavoritosFiltroPorID" name="login" time="8.134"/>
  <testcase classname="com.timp.test.TDK.Dashboard.MeusDashboards.MeusFavoritos.DashboardMeusFavoritosFiltroPorID" name="filtro" time="38.790"/>
</testsuite> <!-- com.timp.test.TDK.Dashboard.MeusDashboards.MeusFavoritos.DashboardMeusFavoritosFiltroPorID -->
