<?xml version="1.0" encoding="UTF-8"?>
<!-- Generated by org.testng.reporters.JUnitReportReporter -->
<testsuite hostname="DESKTOP-JP1A9E6" failures="0" tests="1" name="com.timp.test.TFP.Configurações.Bloqueios.Periodo.PeriodoFiltroId" time="78.613" errors="0" timestamp="23 sep. 2021 22:43:08 GMT" skipped="0">
  <testcase classname="com.timp.test.TFP.Configurações.Bloqueios.Periodo.PeriodoFiltroId" name="Filtro" time="78.613"/>
</testsuite> <!-- com.timp.test.TFP.Configurações.Bloqueios.Periodo.PeriodoFiltroId -->
