<?xml version="1.0" encoding="UTF-8"?>
<!-- Generated by org.testng.reporters.JUnitReportReporter -->
<testsuite hostname="LitoSoler" name="com.timp.test.MDR.CodigoContabilizacao.CodigoContabalizacaoVisualizar" tests="3" failures="0" timestamp="24 Sep 2020 15:34:54 GMT" time="63.032" errors="0">
  <testcase name="Visualizar" time="40.042" classname="com.timp.test.MDR.CodigoContabilizacao.CodigoContabalizacaoVisualizar"/>
  <testcase name="login" time="6.925" classname="com.timp.test.MDR.CodigoContabilizacao.CodigoContabalizacaoVisualizar"/>
  <testcase name="acessarMDR" time="16.065" classname="com.timp.test.MDR.CodigoContabilizacao.CodigoContabalizacaoVisualizar"/>
</testsuite> <!-- com.timp.test.MDR.CodigoContabilizacao.CodigoContabalizacaoVisualizar -->
