<?xml version="1.0" encoding="UTF-8"?>
<!-- Generated by org.testng.reporters.JUnitReportReporter -->
<testsuite hostname="DESKTOP-35UG9UP" name="com.timp.test.MDR.RegistroECAC.RegistroECACCriar" tests="3" failures="0" timestamp="2 Oct 2020 19:01:28 GMT" time="159.837" errors="0">
  <testcase name="acessarMDR" time="18.243" classname="com.timp.test.MDR.RegistroECAC.RegistroECACCriar"/>
  <testcase name="login" time="17.048" classname="com.timp.test.MDR.RegistroECAC.RegistroECACCriar"/>
  <testcase name="criar" time="124.546" classname="com.timp.test.MDR.RegistroECAC.RegistroECACCriar"/>
</testsuite> <!-- com.timp.test.MDR.RegistroECAC.RegistroECACCriar -->
