<?xml version="1.0" encoding="UTF-8"?>
<!-- Generated by org.testng.reporters.JUnitReportReporter -->
<testsuite hostname="MIGUEL" failures="0" tests="3" name="com.timp.test.SCANC.RelatoriosRefineriaGerados.RelatoriosRefinariaGeradosInformacao" time="161.345" errors="0" timestamp="15 Dec 2020 02:45:44 GMT">
  <testcase classname="com.timp.test.SCANC.RelatoriosRefineriaGerados.RelatoriosRefinariaGeradosInformacao" name="informacao" time="112.068"/>
  <testcase classname="com.timp.test.SCANC.RelatoriosRefineriaGerados.RelatoriosRefinariaGeradosInformacao" name="scancEntrar" time="36.815"/>
  <testcase classname="com.timp.test.SCANC.RelatoriosRefineriaGerados.RelatoriosRefinariaGeradosInformacao" name="ingresar" time="12.462"/>
</testsuite> <!-- com.timp.test.SCANC.RelatoriosRefineriaGerados.RelatoriosRefinariaGeradosInformacao -->
