<?xml version="1.0" encoding="UTF-8"?>
<!-- Generated by org.testng.reporters.JUnitReportReporter -->
<testsuite hostname="EC2AMAZ-8HCHO4G" failures="0" tests="2" name="com.timp.test.ADM.Configuracao.Licencas.LicencasTodasFunc" time="72.747" errors="0" timestamp="2023-04-26T22:04:37 UTC" skipped="0">
  <testcase classname="com.timp.test.ADM.Configuracao.Licencas.LicencasTodasFunc" name="Detalles" time="45.482"/>
  <system-out/>
  <testcase classname="com.timp.test.ADM.Configuracao.Licencas.LicencasTodasFunc" name="visualizar" time="27.265"/>
  <system-out/>
</testsuite> <!-- com.timp.test.ADM.Configuracao.Licencas.LicencasTodasFunc -->
