<?xml version="1.0" encoding="UTF-8"?>
<!-- Generated by org.testng.reporters.JUnitReportReporter -->
<testsuite hostname="MIGUEL" failures="0" tests="1" name="com.timp.test.MDR.CodigoReceita.CodigoReceitaExcluir" time="88.882" errors="0" timestamp="08 abr. 2021 22:38:14 GMT" skipped="0">
  <testcase classname="com.timp.test.MDR.CodigoReceita.CodigoReceitaExcluir" name="excluir" time="88.882"/>
</testsuite> <!-- com.timp.test.MDR.CodigoReceita.CodigoReceitaExcluir -->
