<?xml version="1.0" encoding="UTF-8"?>
<!-- Generated by org.testng.reporters.JUnitReportReporter -->
<testsuite hostname="DESKTOP-JP1A9E6" failures="0" tests="2" name="com.timp.test.BRB.GruposAvancados" time="412.167" errors="0" timestamp="20 ago. 2021 23:52:59 GMT" skipped="0">
  <testcase classname="com.timp.test.BRB.GruposAvancados" name="gruposAvanzados" time="368.351"/>
  <testcase classname="com.timp.test.BRB.GruposAvancados" name="eliminarGrupos" time="43.816"/>
</testsuite> <!-- com.timp.test.BRB.GruposAvancados -->
