<?xml version="1.0" encoding="UTF-8"?>
<!-- Generated by org.testng.reporters.JUnitReportReporter -->
<testsuite hostname="DESKTOP-M23FVFN" failures="0" tests="1" name="com.timp.test.MDR.Siscoserv.RegistroRP.RegistroRPFiltroID" time="49.553" errors="0" timestamp="30 ene. 2022 08:06:06 GMT" skipped="0">
  <testcase classname="com.timp.test.MDR.Siscoserv.RegistroRP.RegistroRPFiltroID" name="filtroId" time="49.553"/>
</testsuite> <!-- com.timp.test.MDR.Siscoserv.RegistroRP.RegistroRPFiltroID -->
