<?xml version="1.0" encoding="UTF-8"?>
<!-- Generated by org.testng.reporters.JUnitReportReporter -->
<testsuite hostname="LitoSoler" name="com.timp.test.MDR.SaldoInicial.SaldoInicialExcluir" tests="3" failures="0" timestamp="25 Jan 2021 20:19:43 GMT" time="88.097" errors="0">
  <testcase name="ExcluirSaldoInicial" time="58.032" classname="com.timp.test.MDR.SaldoInicial.SaldoInicialExcluir"/>
  <testcase name="login" time="7.067" classname="com.timp.test.MDR.SaldoInicial.SaldoInicialExcluir"/>
  <testcase name="acessarMDR" time="22.998" classname="com.timp.test.MDR.SaldoInicial.SaldoInicialExcluir"/>
</testsuite> <!-- com.timp.test.MDR.SaldoInicial.SaldoInicialExcluir -->
