<?xml version="1.0" encoding="UTF-8"?>
<!-- Generated by org.testng.reporters.JUnitReportReporter -->
<testsuite hostname="DESKTOP-C57COV6" failures="0" tests="2" name="com.timp.test.MDR.Siscoserv.RegistroRAS.RegistroRASExcluirEmMassa" time="155.679" errors="0" timestamp="26 may. 2021 06:19:52 GMT" skipped="0">
  <testcase classname="com.timp.test.MDR.Siscoserv.RegistroRAS.RegistroRASExcluirEmMassa" name="excluir" time="27.377"/>
  <testcase classname="com.timp.test.MDR.Siscoserv.RegistroRAS.RegistroRASExcluirEmMassa" name="criar" time="128.302"/>
</testsuite> <!-- com.timp.test.MDR.Siscoserv.RegistroRAS.RegistroRASExcluirEmMassa -->
