<?xml version="1.0" encoding="UTF-8"?>
<<<<<<< HEAD
<<<<<<< HEAD
=======
<<<<<<< HEAD
>>>>>>> branch 'master' of https://github.com/salc1997/TIMP_R1.git
=======
>>>>>>> refs/heads/Yessy
<!-- Generated by org.testng.reporters.JUnitReportReporter -->
<testsuite hostname="MIGUEL" failures="0" tests="4" name="com.timp.test.DFG.SPED.ESOCIAL.Eventos.S1210PagamentosDeRendimentosDoTrabalho.Funcionalidades" time="80.802" errors="0" timestamp="16 Dec 2020 03:29:21 GMT">
  <testcase classname="com.timp.test.DFG.SPED.ESOCIAL.Eventos.S1210PagamentosDeRendimentosDoTrabalho.Funcionalidades" name="dfgEntrar" time="27.091"/>
  <testcase classname="com.timp.test.DFG.SPED.ESOCIAL.Eventos.S1210PagamentosDeRendimentosDoTrabalho.Funcionalidades" name="ingresar" time="11.495"/>
  <testcase classname="com.timp.test.DFG.SPED.ESOCIAL.Eventos.S1210PagamentosDeRendimentosDoTrabalho.Funcionalidades" name="visualizar" time="22.288"/>
  <testcase classname="com.timp.test.DFG.SPED.ESOCIAL.Eventos.S1210PagamentosDeRendimentosDoTrabalho.Funcionalidades" name="criarNovoEvento" time="19.928"/>
=======
<!-- Generated by org.testng.reporters.JUnitReportReporter -->
<testsuite hostname="MIGUEL" failures="0" tests="15" name="com.timp.test.DFG.SPED.ESOCIAL.Eventos.S1210PagamentosDeRendimentosDoTrabalho.Funcionalidades" time="402.727" errors="0" timestamp="23 Dec 2020 03:33:03 GMT">
  <testcase classname="com.timp.test.DFG.SPED.ESOCIAL.Eventos.S1210PagamentosDeRendimentosDoTrabalho.Funcionalidades" name="gravarAN3" time="41.025"/>
  <testcase classname="com.timp.test.DFG.SPED.ESOCIAL.Eventos.S1210PagamentosDeRendimentosDoTrabalho.Funcionalidades" name="informacao" time="19.155"/>
  <testcase classname="com.timp.test.DFG.SPED.ESOCIAL.Eventos.S1210PagamentosDeRendimentosDoTrabalho.Funcionalidades" name="visualizar" time="24.825"/>
  <testcase classname="com.timp.test.DFG.SPED.ESOCIAL.Eventos.S1210PagamentosDeRendimentosDoTrabalho.Funcionalidades" name="criarNovoEvento" time="56.983"/>
  <testcase classname="com.timp.test.DFG.SPED.ESOCIAL.Eventos.S1210PagamentosDeRendimentosDoTrabalho.Funcionalidades" name="visualizarCriarAN3" time="27.478"/>
  <testcase classname="com.timp.test.DFG.SPED.ESOCIAL.Eventos.S1210PagamentosDeRendimentosDoTrabalho.Funcionalidades" name="ingresar" time="8.865"/>
  <testcase classname="com.timp.test.DFG.SPED.ESOCIAL.Eventos.S1210PagamentosDeRendimentosDoTrabalho.Funcionalidades" name="gravar" time="10.010"/>
  <testcase classname="com.timp.test.DFG.SPED.ESOCIAL.Eventos.S1210PagamentosDeRendimentosDoTrabalho.Funcionalidades" name="execucao" time="67.214"/>
  <testcase classname="com.timp.test.DFG.SPED.ESOCIAL.Eventos.S1210PagamentosDeRendimentosDoTrabalho.Funcionalidades" name="visualizarActualizacoes" time="26.735"/>
  <testcase classname="com.timp.test.DFG.SPED.ESOCIAL.Eventos.S1210PagamentosDeRendimentosDoTrabalho.Funcionalidades" name="enviarSeleccionado" time="13.080"/>
  <testcase classname="com.timp.test.DFG.SPED.ESOCIAL.Eventos.S1210PagamentosDeRendimentosDoTrabalho.Funcionalidades" name="informacao2" time="22.159"/>
  <testcase classname="com.timp.test.DFG.SPED.ESOCIAL.Eventos.S1210PagamentosDeRendimentosDoTrabalho.Funcionalidades" name="atualizarEstructuras" time="16.188"/>
  <testcase classname="com.timp.test.DFG.SPED.ESOCIAL.Eventos.S1210PagamentosDeRendimentosDoTrabalho.Funcionalidades" name="dfgEntrar" time="17.944"/>
  <testcase classname="com.timp.test.DFG.SPED.ESOCIAL.Eventos.S1210PagamentosDeRendimentosDoTrabalho.Funcionalidades" name="editar" time="41.742"/>
  <testcase classname="com.timp.test.DFG.SPED.ESOCIAL.Eventos.S1210PagamentosDeRendimentosDoTrabalho.Funcionalidades" name="enviarPendencias" time="9.324"/>
>>>>>>> refs/remotes/origin/Fernando
</testsuite> <!-- com.timp.test.DFG.SPED.ESOCIAL.Eventos.S1210PagamentosDeRendimentosDoTrabalho.Funcionalidades -->
