<?xml version="1.0" encoding="UTF-8"?>
<!-- Generated by org.testng.reporters.JUnitReportReporter -->
<testsuite hostname="MassielV" failures="0" tests="1" name="com.timp.test.MDR.TabelasApoioSped.CodigoTipoCredito.CodigoTipoCreditoCriar" time="159.303" errors="0" timestamp="17 nov. 2021 16:16:09 GMT" skipped="0">
  <testcase classname="com.timp.test.MDR.TabelasApoioSped.CodigoTipoCredito.CodigoTipoCreditoCriar" name="criar" time="159.303"/>
</testsuite> <!-- com.timp.test.MDR.TabelasApoioSped.CodigoTipoCredito.CodigoTipoCreditoCriar -->
