<?xml version="1.0" encoding="UTF-8"?>
<!-- Generated by org.testng.reporters.JUnitReportReporter -->
<testsuite hostname="MassielV" failures="0" tests="1" name="com.timp.test.BRB.AtivarCorrecao" time="125.176" errors="0" timestamp="25 nov. 2021 00:39:43 GMT" skipped="0">
  <testcase classname="com.timp.test.BRB.AtivarCorrecao" name="ativarCorreccion" time="125.176"/>
</testsuite> <!-- com.timp.test.BRB.AtivarCorrecao -->
