<?xml version="1.0" encoding="UTF-8"?>
<!-- Generated by org.testng.reporters.JUnitReportReporter -->
<testsuite hostname="DESKTOP-JP1A9E6" failures="0" tests="2" name="com.timp.test.TDK.Dashboard.DashboardCriar" time="487.739" errors="0" timestamp="03 ago. 2021 04:27:55 GMT" skipped="0">
  <testcase classname="com.timp.test.TDK.Dashboard.DashboardCriar" name="criar" time="206.159"/>
  <testcase classname="com.timp.test.TDK.Dashboard.DashboardCriar" name="criar" time="281.580"/>
</testsuite> <!-- com.timp.test.TDK.Dashboard.DashboardCriar -->
