<?xml version="1.0" encoding="UTF-8"?>
<!-- Generated by org.testng.reporters.JUnitReportReporter -->
<testsuite hostname="EC2AMAZ-8HCHO4G" failures="0" tests="3" name="com.timp.test.BRB.Formula" time="167.582" errors="0" timestamp="2023-03-08T19:08:08 UTC" skipped="0">
  <testcase classname="com.timp.test.BRB.Formula" name="formulaColuna" time="60.855"/>
  <system-out/>
  <testcase classname="com.timp.test.BRB.Formula" name="formulaBoton" time="90.301"/>
  <system-out/>
  <testcase classname="com.timp.test.BRB.Formula" name="aplicar" time="16.426"/>
  <system-out/>
</testsuite> <!-- com.timp.test.BRB.Formula -->
