<?xml version="1.0" encoding="UTF-8"?>
<!-- Generated by org.testng.reporters.JUnitReportReporter -->
<testsuite hostname="DESKTOP-C57COV6" failures="0" tests="1" name="com.timp.test.MDR.CodigoContabilizacao.CodigoContabalizacaoDetalhes" time="133.661" errors="0" timestamp="30 sep. 2021 14:55:02 GMT" skipped="0">
  <testcase classname="com.timp.test.MDR.CodigoContabilizacao.CodigoContabalizacaoDetalhes" name="detalhes" time="133.661"/>
</testsuite> <!-- com.timp.test.MDR.CodigoContabilizacao.CodigoContabalizacaoDetalhes -->
