<?xml version="1.0" encoding="UTF-8"?>
<!-- Generated by org.testng.reporters.JUnitReportReporter -->
<testsuite hostname="DESKTOP-C57COV6" failures="0" tests="3" name="com.timp.test.LOG.LogDeAções.LogDeAçõesDetalhes" time="176.484" errors="0" timestamp="23 ago. 2021 23:48:31 GMT" skipped="0">
  <testcase classname="com.timp.test.LOG.LogDeAções.LogDeAçõesDetalhes" name="login" time="15.693"/>
  <testcase classname="com.timp.test.LOG.LogDeAções.LogDeAçõesDetalhes" name="AcessarLOG" time="146.080"/>
  <testcase classname="com.timp.test.LOG.LogDeAções.LogDeAçõesDetalhes" name="Detalle" time="14.711"/>
</testsuite> <!-- com.timp.test.LOG.LogDeAções.LogDeAçõesDetalhes -->
