<?xml version="1.0" encoding="UTF-8"?>
<!-- Generated by org.testng.reporters.JUnitReportReporter -->
<testsuite hostname="MIGUEL" failures="0" tests="4" name="com.timp.test.DFG.SPED.ESOCIAL.Eventos.S1210PagamentosDeRendimentosDoTrabalho.Funcionalidades" time="80.802" errors="0" timestamp="16 Dec 2020 03:29:21 GMT">
  <testcase classname="com.timp.test.DFG.SPED.ESOCIAL.Eventos.S1210PagamentosDeRendimentosDoTrabalho.Funcionalidades" name="dfgEntrar" time="27.091"/>
  <testcase classname="com.timp.test.DFG.SPED.ESOCIAL.Eventos.S1210PagamentosDeRendimentosDoTrabalho.Funcionalidades" name="ingresar" time="11.495"/>
  <testcase classname="com.timp.test.DFG.SPED.ESOCIAL.Eventos.S1210PagamentosDeRendimentosDoTrabalho.Funcionalidades" name="visualizar" time="22.288"/>
  <testcase classname="com.timp.test.DFG.SPED.ESOCIAL.Eventos.S1210PagamentosDeRendimentosDoTrabalho.Funcionalidades" name="criarNovoEvento" time="19.928"/>
</testsuite> <!-- com.timp.test.DFG.SPED.ESOCIAL.Eventos.S1210PagamentosDeRendimentosDoTrabalho.Funcionalidades -->
