<?xml version="1.0" encoding="UTF-8"?>
<!-- Generated by org.testng.reporters.JUnitReportReporter -->
<testsuite hostname="Agile" failures="0" tests="3" name="com.timp.test.BRB.Formula" time="201.429" errors="0" timestamp="28 feb. 2022 07:49:40 GMT" skipped="0">
  <testcase classname="com.timp.test.BRB.Formula" name="formulaColuna" time="79.853"/>
  <testcase classname="com.timp.test.BRB.Formula" name="formulaBoton" time="102.615"/>
  <testcase classname="com.timp.test.BRB.Formula" name="aplicar" time="18.961"/>
</testsuite> <!-- com.timp.test.BRB.Formula -->
