<?xml version="1.0" encoding="UTF-8"?>
<!-- Generated by org.testng.reporters.JUnitReportReporter -->
<testsuite hostname="LitoSoler" name="com.timp.test.MDR.CEP.Bairro.BairroEditar" tests="3" failures="0" timestamp="24 Sep 2020 14:16:46 GMT" time="64.556" errors="0">
  <testcase name="filtro" time="40.936" classname="com.timp.test.MDR.CEP.Bairro.BairroEditar"/>
  <testcase name="acessarMDR" time="16.643" classname="com.timp.test.MDR.CEP.Bairro.BairroEditar"/>
  <testcase name="login" time="6.977" classname="com.timp.test.MDR.CEP.Bairro.BairroEditar"/>
</testsuite> <!-- com.timp.test.MDR.CEP.Bairro.BairroEditar -->
