<?xml version="1.0" encoding="UTF-8"?>
<!-- Generated by org.testng.reporters.JUnitReportReporter -->
<testsuite hostname="SALC-PC" failures="0" tests="2" name="com.timp.test.BRB.GruposAvancados" time="673.603" errors="0" timestamp="2023-08-21T13:29:35 CST" skipped="0">
  <testcase classname="com.timp.test.BRB.GruposAvancados" name="gruposAvanzados" time="631.729"/>
  <system-out/>
  <testcase classname="com.timp.test.BRB.GruposAvancados" name="eliminarGrupos" time="41.874"/>
  <system-out/>
</testsuite> <!-- com.timp.test.BRB.GruposAvancados -->
