<?xml version="1.0" encoding="UTF-8"?>
<!-- Generated by org.testng.reporters.JUnitReportReporter -->
<testsuite hostname="LitoSoler" name="com.timp.test.MDR.Centralizacao.EstornoCredito.EstornoCreditoExcluir" tests="3" failures="0" timestamp="8 Dec 2020 19:53:20 GMT" time="67.884" errors="0">
  <testcase name="acessarMDR" time="26.060" classname="com.timp.test.MDR.Centralizacao.EstornoCredito.EstornoCreditoExcluir"/>
  <testcase name="Excluir" time="35.274" classname="com.timp.test.MDR.Centralizacao.EstornoCredito.EstornoCreditoExcluir"/>
  <testcase name="login" time="6.550" classname="com.timp.test.MDR.Centralizacao.EstornoCredito.EstornoCreditoExcluir"/>
</testsuite> <!-- com.timp.test.MDR.Centralizacao.EstornoCredito.EstornoCreditoExcluir -->
