<?xml version="1.0" encoding="UTF-8"?>
<!-- Generated by org.testng.reporters.JUnitReportReporter -->
<testsuite hostname="LitoSoler" name="com.timp.test.MDR.CadastroCondiçao.CadastroCondicaoEditar" tests="3" failures="0" timestamp="31 Aug 2020 21:13:49 GMT" time="140.228" errors="0">
  <testcase name="criar" time="99.118" classname="com.timp.test.MDR.CadastroCondiçao.CadastroCondicaoEditar"/>
  <testcase name="acessarMDR" time="34.384" classname="com.timp.test.MDR.CadastroCondiçao.CadastroCondicaoEditar"/>
  <testcase name="login" time="6.726" classname="com.timp.test.MDR.CadastroCondiçao.CadastroCondicaoEditar"/>
</testsuite> <!-- com.timp.test.MDR.CadastroCondiçao.CadastroCondicaoEditar -->
