<?xml version="1.0" encoding="UTF-8"?>
<!-- Generated by org.testng.reporters.JUnitReportReporter -->
<testsuite hostname="DESKTOP-JP1A9E6" failures="0" tests="1" name="com.timp.test.MDR.TabelasApoioESocial.Tabela15.AgenteCausadorDeSGDPDetalle" time="76.290" errors="0" timestamp="05 ago. 2021 13:26:22 GMT" skipped="0">
  <testcase classname="com.timp.test.MDR.TabelasApoioESocial.Tabela15.AgenteCausadorDeSGDPDetalle" name="detalle" time="76.290"/>
</testsuite> <!-- com.timp.test.MDR.TabelasApoioESocial.Tabela15.AgenteCausadorDeSGDPDetalle -->
