<?xml version="1.0" encoding="UTF-8"?>
<!-- Generated by org.testng.reporters.JUnitReportReporter -->
<testsuite hostname="DESKTOP-M23FVFN" failures="0" tests="3" name="com.timp.test.BRB.Formula" time="175.820" errors="0" timestamp="2023-02-13T19:50:14 BRT" skipped="0">
  <testcase classname="com.timp.test.BRB.Formula" name="formulaColuna" time="69.598"/>
  <system-out/>
  <testcase classname="com.timp.test.BRB.Formula" name="aplicar" time="15.611"/>
  <system-out/>
  <testcase classname="com.timp.test.BRB.Formula" name="formulaBoton" time="90.611"/>
  <system-out/>
</testsuite> <!-- com.timp.test.BRB.Formula -->
