<?xml version="1.0" encoding="UTF-8"?>
<!-- Generated by org.testng.reporters.JUnitReportReporter -->
<testsuite hostname="DESKTOP-JP1A9E6" failures="0" tests="1" name="com.timp.test.BRB.EditarRelatorio" time="114.065" errors="0" timestamp="15 sep. 2021 07:01:46 GMT" skipped="0">
  <testcase classname="com.timp.test.BRB.EditarRelatorio" name="editar" time="114.065"/>
</testsuite> <!-- com.timp.test.BRB.EditarRelatorio -->
