<?xml version="1.0" encoding="UTF-8"?>
<!-- Generated by org.testng.reporters.JUnitReportReporter -->
<testsuite hostname="DESKTOP-JP1A9E6" failures="0" tests="3" name="com.timp.test.BPMA.ProcessodeNegocio.CriarProcessocomTarefaAutomatizada" time="337.840" errors="0" timestamp="19 jul. 2021 23:11:50 GMT" skipped="0">
  <testcase classname="com.timp.test.BPMA.ProcessodeNegocio.CriarProcessocomTarefaAutomatizada" name="login" time="9.082"/>
  <testcase classname="com.timp.test.BPMA.ProcessodeNegocio.CriarProcessocomTarefaAutomatizada" name="criar" time="291.572"/>
  <testcase classname="com.timp.test.BPMA.ProcessodeNegocio.CriarProcessocomTarefaAutomatizada" name="BPMAEntrar" time="37.186"/>
</testsuite> <!-- com.timp.test.BPMA.ProcessodeNegocio.CriarProcessocomTarefaAutomatizada -->
