<?xml version="1.0" encoding="UTF-8"?>
<!-- Generated by org.testng.reporters.JUnitReportReporter -->
<testsuite hostname="DESKTOP-M23FVFN" failures="0" tests="2" name="com.timp.test.MDR.Centralizacao.FatorCreditamento.FatorCreditamentoExcluirEmMassa" time="134.747" errors="0" timestamp="16 feb. 2022 13:19:24 GMT" skipped="0">
  <testcase classname="com.timp.test.MDR.Centralizacao.FatorCreditamento.FatorCreditamentoExcluirEmMassa" name="excluir" time="41.589"/>
  <testcase classname="com.timp.test.MDR.Centralizacao.FatorCreditamento.FatorCreditamentoExcluirEmMassa" name="criar" time="93.158"/>
</testsuite> <!-- com.timp.test.MDR.Centralizacao.FatorCreditamento.FatorCreditamentoExcluirEmMassa -->
