<?xml version="1.0" encoding="UTF-8"?>
<!-- Generated by org.testng.reporters.JUnitReportReporter -->
<testsuite hostname="DESKTOP-BNBDMGT" failures="0" tests="1" name="com.timp.test.MDR.SequenciaAcesso.SequenciaExcluir" time="87.121" errors="0" timestamp="19 feb. 2021 19:45:40 GMT" skipped="0">
  <testcase classname="com.timp.test.MDR.SequenciaAcesso.SequenciaExcluir" name="Excluir" time="87.121"/>
</testsuite> <!-- com.timp.test.MDR.SequenciaAcesso.SequenciaExcluir -->
