<?xml version="1.0" encoding="UTF-8"?>
<!-- Generated by org.testng.reporters.JUnitReportReporter -->
<testsuite hostname="DESKTOP-M23FVFN" failures="0" tests="1" name="com.timp.test.MDR.CadastroCondiçao.CadastroCondicaoExcluir" time="101.545" errors="0" timestamp="30 ene. 2022 14:16:52 GMT" skipped="0">
  <testcase classname="com.timp.test.MDR.CadastroCondiçao.CadastroCondicaoExcluir" name="Excluir" time="101.545"/>
</testsuite> <!-- com.timp.test.MDR.CadastroCondiçao.CadastroCondicaoExcluir -->
