<?xml version="1.0" encoding="UTF-8"?>
<!-- Generated by org.testng.reporters.JUnitReportReporter -->
<testsuite hostname="DESKTOP-C57COV6" failures="0" tests="1" name="com.timp.test.MDR.CadastroCondiçao.cadastrocondicaoDetalle" time="237.723" errors="0" timestamp="23 oct. 2021 20:51:41 GMT" skipped="0">
  <testcase classname="com.timp.test.MDR.CadastroCondiçao.cadastrocondicaoDetalle" name="detalle" time="237.723"/>
</testsuite> <!-- com.timp.test.MDR.CadastroCondiçao.cadastrocondicaoDetalle -->
