<?xml version="1.0" encoding="UTF-8"?>
<!-- Generated by org.testng.reporters.JUnitReportReporter -->
<testsuite hostname="CRISTHIAN-VASQUEZ" failures="0" tests="3" name="com.timp.test.DFG.Configuracoes.ConfiguracoesFavoritos" time="114.787" errors="0" timestamp="10 Feb 2021 16:25:40 GMT">
  <testcase classname="com.timp.test.DFG.Configuracoes.ConfiguracoesFavoritos" name="ingresar" time="16.972"/>
  <testcase classname="com.timp.test.DFG.Configuracoes.ConfiguracoesFavoritos" name="favoritos" time="79.298"/>
  <testcase classname="com.timp.test.DFG.Configuracoes.ConfiguracoesFavoritos" name="mdrEntrar" time="18.517"/>
</testsuite> <!-- com.timp.test.DFG.Configuracoes.ConfiguracoesFavoritos -->
