<?xml version="1.0" encoding="UTF-8"?>
<!-- Generated by org.testng.reporters.JUnitReportReporter -->
<testsuite hostname="LAPTOP-IN7IV9K5" failures="0" tests="1" name="com.timp.test.MDR.SaldoInicial.SaldoInicialVisualizar" time="98.439" errors="0" timestamp="19 feb. 2021 18:14:51 GMT" skipped="0">
  <testcase classname="com.timp.test.MDR.SaldoInicial.SaldoInicialVisualizar" name="VisualizarSaldoInicial" time="98.439"/>
</testsuite> <!-- com.timp.test.MDR.SaldoInicial.SaldoInicialVisualizar -->
