<?xml version="1.0" encoding="UTF-8"?>
<!-- Generated by org.testng.reporters.JUnitReportReporter -->
<testsuite hostname="MIGUEL" failures="0" tests="3" name="com.timp.test.TDK.Kpis.Edicao.KpisCartaoIndicadorExcluir" time="136.797" errors="0" timestamp="19 mar. 2021 16:33:34 GMT" skipped="0">
  <testcase classname="com.timp.test.TDK.Kpis.Edicao.KpisCartaoIndicadorExcluir" name="login" time="7.220"/>
  <testcase classname="com.timp.test.TDK.Kpis.Edicao.KpisCartaoIndicadorExcluir" name="acessarTDK" time="27.373"/>
  <testcase classname="com.timp.test.TDK.Kpis.Edicao.KpisCartaoIndicadorExcluir" name="cartaoindicadroexcluir" time="102.204"/>
</testsuite> <!-- com.timp.test.TDK.Kpis.Edicao.KpisCartaoIndicadorExcluir -->
