<?xml version="1.0" encoding="UTF-8"?>
<!-- Generated by org.testng.reporters.JUnitReportReporter -->
<testsuite hostname="DESKTOP-BNBDMGT" failures="0" tests="3" name="com.timp.test.TFP.Configurações.Subperíodo.SubperíodoCriar" time="146.646" errors="0" timestamp="8 Dec 2020 23:06:37 GMT">
  <testcase classname="com.timp.test.TFP.Configurações.Subperíodo.SubperíodoCriar" name="TFPEntrar" time="24.526"/>
  <testcase classname="com.timp.test.TFP.Configurações.Subperíodo.SubperíodoCriar" name="login" time="8.160"/>
  <testcase classname="com.timp.test.TFP.Configurações.Subperíodo.SubperíodoCriar" name="criar" time="113.960"/>
</testsuite> <!-- com.timp.test.TFP.Configurações.Subperíodo.SubperíodoCriar -->
