<?xml version="1.0" encoding="UTF-8"?>
<!-- Generated by org.testng.reporters.JUnitReportReporter -->
<testsuite hostname="DESKTOP-5P4F1JE" failures="0" tests="3" name="com.timp.test.MDR.PrecoDeTransferencia.ValoresParaMetodo.ValoresParaMetodoPVA.ValoresParaMetodoPVACriar" time="161.670" errors="0" timestamp="13 Oct 2020 18:40:12 GMT">
  <testcase classname="com.timp.test.MDR.PrecoDeTransferencia.ValoresParaMetodo.ValoresParaMetodoPVA.ValoresParaMetodoPVACriar" name="criar" time="120.313"/>
  <testcase classname="com.timp.test.MDR.PrecoDeTransferencia.ValoresParaMetodo.ValoresParaMetodoPVA.ValoresParaMetodoPVACriar" name="login" time="8.291"/>
  <testcase classname="com.timp.test.MDR.PrecoDeTransferencia.ValoresParaMetodo.ValoresParaMetodoPVA.ValoresParaMetodoPVACriar" name="acessarMDR" time="33.066"/>
</testsuite> <!-- com.timp.test.MDR.PrecoDeTransferencia.ValoresParaMetodo.ValoresParaMetodoPVA.ValoresParaMetodoPVACriar -->
