<?xml version="1.0" encoding="UTF-8"?>
<!-- Generated by org.testng.reporters.JUnitReportReporter -->
<testsuite hostname="LitoSoler" name="com.timp.test.BRB.NovoRelatorio" tests="4" failures="0" timestamp="23 Aug 2020 01:31:36 GMT" time="155.082" errors="0">
  <testcase name="novoRelatorio" time="56.700" classname="com.timp.test.BRB.NovoRelatorio"/>
  <testcase name="colunas" time="60.206" classname="com.timp.test.BRB.NovoRelatorio"/>
  <testcase name="login" time="12.169" classname="com.timp.test.BRB.NovoRelatorio"/>
  <testcase name="brbEntrar" time="26.007" classname="com.timp.test.BRB.NovoRelatorio"/>
</testsuite> <!-- com.timp.test.BRB.NovoRelatorio -->
