<?xml version="1.0" encoding="UTF-8"?>
<!-- Generated by org.testng.reporters.JUnitReportReporter -->
<testsuite hostname="LitoSoler" name="com.timp.test.MDR.TabelasApoioESocial.Tabela21.NaturezaJuridicaCriar" tests="3" failures="0" timestamp="13 Nov 2020 16:12:34 GMT" time="74.489" errors="0">
  <testcase name="login" time="6.776" classname="com.timp.test.MDR.TabelasApoioESocial.Tabela21.NaturezaJuridicaCriar"/>
  <testcase name="criar" time="49.966" classname="com.timp.test.MDR.TabelasApoioESocial.Tabela21.NaturezaJuridicaCriar"/>
  <testcase name="acessarMDR" time="17.747" classname="com.timp.test.MDR.TabelasApoioESocial.Tabela21.NaturezaJuridicaCriar"/>
</testsuite> <!-- com.timp.test.MDR.TabelasApoioESocial.Tabela21.NaturezaJuridicaCriar -->
