<?xml version="1.0" encoding="UTF-8"?>
<!-- Generated by org.testng.reporters.JUnitReportReporter -->
<testsuite hostname="CRISTHIAN-VASQUEZ" failures="0" tests="2" name="com.timp.test.MDR.Siscoserv.RegistroRF.RegistroRFExcluirEmMassa" time="142.845" errors="0" timestamp="16 mar. 2021 11:23:20 GMT" skipped="0">
  <testcase classname="com.timp.test.MDR.Siscoserv.RegistroRF.RegistroRFExcluirEmMassa" name="excluirEmMassa" time="27.959"/>
  <testcase classname="com.timp.test.MDR.Siscoserv.RegistroRF.RegistroRFExcluirEmMassa" name="criar" time="114.886"/>
</testsuite> <!-- com.timp.test.MDR.Siscoserv.RegistroRF.RegistroRFExcluirEmMassa -->
