<?xml version="1.0" encoding="UTF-8"?>
<!-- Generated by org.testng.reporters.JUnitReportReporter -->
<testsuite hostname="EC2AMAZ-8HCHO4G" failures="0" tests="1" name="com.timp.test.BRB.Visualizar" time="49.899" errors="0" timestamp="2023-02-23T18:46:51 UTC" skipped="0">
  <testcase classname="com.timp.test.BRB.Visualizar" name="visualizar" time="49.899"/>
  <system-out/>
</testsuite> <!-- com.timp.test.BRB.Visualizar -->
