<?xml version="1.0" encoding="UTF-8"?>
<!-- Generated by org.testng.reporters.JUnitReportReporter -->
<testsuite hostname="DESKTOP-M23FVFN" failures="0" tests="1" name="com.timp.test.ATR.Estruturas.GrupoDeEstruturas.GrupoDeEstruturasExcluir" time="75.251" errors="0" timestamp="21 ene. 2022 13:45:25 GMT" skipped="0">
  <testcase classname="com.timp.test.ATR.Estruturas.GrupoDeEstruturas.GrupoDeEstruturasExcluir" name="criar" time="75.251"/>
</testsuite> <!-- com.timp.test.ATR.Estruturas.GrupoDeEstruturas.GrupoDeEstruturasExcluir -->
