<?xml version="1.0" encoding="UTF-8"?>
<!-- Generated by org.testng.reporters.JUnitReportReporter -->
<testsuite hostname="LitoSoler" name="com.timp.test.MDR.SCANC.MovimentoSCANC.MovimentoSCANCFiltroID" tests="3" failures="0" timestamp="19 Nov 2020 16:01:41 GMT" time="34.315" errors="0">
  <testcase name="acessarMDR" time="16.299" classname="com.timp.test.MDR.SCANC.MovimentoSCANC.MovimentoSCANCFiltroID"/>
  <testcase name="filtro" time="11.940" classname="com.timp.test.MDR.SCANC.MovimentoSCANC.MovimentoSCANCFiltroID"/>
  <testcase name="login" time="6.076" classname="com.timp.test.MDR.SCANC.MovimentoSCANC.MovimentoSCANCFiltroID"/>
</testsuite> <!-- com.timp.test.MDR.SCANC.MovimentoSCANC.MovimentoSCANCFiltroID -->
