<?xml version="1.0" encoding="UTF-8"?>
<!-- Generated by org.testng.reporters.JUnitReportReporter -->
<testsuite hostname="DESKTOP-C57COV6" failures="0" tests="1" name="com.timp.test.MDR.Siscoserv.NBS.NBSCriar" time="114.752" errors="0" timestamp="05 ago. 2021 13:18:08 GMT" skipped="0">
  <testcase classname="com.timp.test.MDR.Siscoserv.NBS.NBSCriar" name="criar" time="114.752"/>
</testsuite> <!-- com.timp.test.MDR.Siscoserv.NBS.NBSCriar -->
