<?xml version="1.0" encoding="UTF-8"?>
<!-- Generated by org.testng.reporters.JUnitReportReporter -->
<testsuite hostname="DESKTOP-C57COV6" failures="0" tests="1" name="com.timp.test.BRB.EditarRelatorio" time="155.476" errors="0" timestamp="17 ago. 2021 05:42:08 GMT" skipped="0">
  <testcase classname="com.timp.test.BRB.EditarRelatorio" name="editar" time="155.476"/>
</testsuite> <!-- com.timp.test.BRB.EditarRelatorio -->
