<?xml version="1.0" encoding="UTF-8"?>
<!-- Generated by org.testng.reporters.JUnitReportReporter -->
<testsuite hostname="MassielV" failures="0" tests="1" name="com.timp.test.MDR.HierarquiaDeCenariosDeCorreçao.HierarquiaDeCenariosDeCorreçaoFiltroAbansado" time="203.860" errors="0" timestamp="21 oct. 2021 01:42:54 GMT" skipped="0">
  <testcase classname="com.timp.test.MDR.HierarquiaDeCenariosDeCorreçao.HierarquiaDeCenariosDeCorreçaoFiltroAbansado" name="Filtro" time="203.860"/>
</testsuite> <!-- com.timp.test.MDR.HierarquiaDeCenariosDeCorreçao.HierarquiaDeCenariosDeCorreçaoFiltroAbansado -->
