<?xml version="1.0" encoding="UTF-8"?>
<!-- Generated by org.testng.reporters.JUnitReportReporter -->
<testsuite hostname="LitoSoler" name="com.timp.test.BCB.HierarquiaConfiguracaoTodasAsFuncionalidades" tests="5" failures="0" timestamp="2 Nov 2020 18:10:31 GMT" time="254.551" errors="0">
  <testcase name="criarConfiguracao" time="0.001" classname="com.timp.test.BCB.HierarquiaConfiguracaoTodasAsFuncionalidades"/>
  <testcase name="login" time="6.943" classname="com.timp.test.BCB.HierarquiaConfiguracaoTodasAsFuncionalidades"/>
  <testcase name="criarConfiguracaoHierarquia" time="0.001" classname="com.timp.test.BCB.HierarquiaConfiguracaoTodasAsFuncionalidades"/>
  <testcase name="executar" time="231.878" classname="com.timp.test.BCB.HierarquiaConfiguracaoTodasAsFuncionalidades"/>
  <testcase name="brbEntrar" time="15.728" classname="com.timp.test.BCB.HierarquiaConfiguracaoTodasAsFuncionalidades"/>
</testsuite> <!-- com.timp.test.BCB.HierarquiaConfiguracaoTodasAsFuncionalidades -->
