<?xml version="1.0" encoding="UTF-8"?>
<!-- Generated by org.testng.reporters.JUnitReportReporter -->
<testsuite hostname="LitoSoler" name="com.timp.test.BRB.AgrupadoPeloCampo" tests="3" failures="0" timestamp="17 Aug 2020 02:52:30 GMT" time="424.293" errors="0">
  <testcase name="agrupadoPeloCampo" time="141.642" classname="com.timp.test.BRB.AgrupadoPeloCampo"/>
  <testcase name="login" time="70.925" classname="com.timp.test.BRB.AgrupadoPeloCampo"/>
  <testcase name="brbEntrar" time="211.726" classname="com.timp.test.BRB.AgrupadoPeloCampo"/>
</testsuite> <!-- com.timp.test.BRB.AgrupadoPeloCampo -->
