<?xml version="1.0" encoding="UTF-8"?>
<!-- Generated by org.testng.reporters.JUnitReportReporter -->
<testsuite hostname="EC2AMAZ-8HCHO4G" failures="0" tests="3" name="com.timp.test.LOG.LogDeAções.LogDeAçõesDetalhes" time="30.722" errors="0" timestamp="2023-07-17T19:52:34 UTC" skipped="0">
  <testcase classname="com.timp.test.LOG.LogDeAções.LogDeAçõesDetalhes" name="login" time="5.443"/>
  <system-out/>
  <testcase classname="com.timp.test.LOG.LogDeAções.LogDeAçõesDetalhes" name="AcessarLOG" time="11.767"/>
  <system-out/>
  <testcase classname="com.timp.test.LOG.LogDeAções.LogDeAçõesDetalhes" name="Detalle" time="13.512"/>
  <system-out/>
</testsuite> <!-- com.timp.test.LOG.LogDeAções.LogDeAçõesDetalhes -->
