<?xml version="1.0" encoding="UTF-8"?>
<!-- Generated by org.testng.reporters.JUnitReportReporter -->
<testsuite hostname="DESKTOP-C57COV6" failures="0" tests="1" name="com.timp.test.TCC.GestaoDeCreditoTributarioPISCONFINS.PainelCredito.ConfiguraçãoeExecução.ConfiguraçãoeExecuçãoCriar" time="179.295" errors="0" timestamp="23 sep. 2021 01:23:33 GMT" skipped="0">
  <testcase classname="com.timp.test.TCC.GestaoDeCreditoTributarioPISCONFINS.PainelCredito.ConfiguraçãoeExecução.ConfiguraçãoeExecuçãoCriar" name="criar" time="179.295"/>
</testsuite> <!-- com.timp.test.TCC.GestaoDeCreditoTributarioPISCONFINS.PainelCredito.ConfiguraçãoeExecução.ConfiguraçãoeExecuçãoCriar -->
