<?xml version="1.0" encoding="UTF-8"?>
<!-- Generated by org.testng.reporters.JUnitReportReporter -->
<testsuite hostname="LitoSoler" name="com.timp.test.BRB.NovoRelatorio" tests="4" failures="0" timestamp="5 Oct 2020 13:58:22 GMT" time="151.697" errors="0">
  <testcase name="login" time="8.455" classname="com.timp.test.BRB.NovoRelatorio"/>
  <testcase name="brbEntrar" time="19.511" classname="com.timp.test.BRB.NovoRelatorio"/>
  <testcase name="novoRelatorio" time="47.587" classname="com.timp.test.BRB.NovoRelatorio"/>
  <testcase name="colunas" time="76.144" classname="com.timp.test.BRB.NovoRelatorio"/>
</testsuite> <!-- com.timp.test.BRB.NovoRelatorio -->
