<?xml version="1.0" encoding="UTF-8"?>
<!-- Generated by org.testng.reporters.JUnitReportReporter -->
<testsuite hostname="EC2AMAZ-8HCHO4G" failures="0" tests="3" name="com.timp.test.BRB.Formula" time="173.883" errors="0" timestamp="2023-12-20T17:43:51 UTC" skipped="0">
  <testcase classname="com.timp.test.BRB.Formula" name="formulaBoton" time="100.926"/>
  <system-out/>
  <testcase classname="com.timp.test.BRB.Formula" name="aplicar" time="15.282"/>
  <system-out/>
  <testcase classname="com.timp.test.BRB.Formula" name="formulaColuna" time="57.675"/>
  <system-out/>
</testsuite> <!-- com.timp.test.BRB.Formula -->
