<?xml version="1.0" encoding="UTF-8"?>
<!-- Generated by org.testng.reporters.JUnitReportReporter -->
<testsuite hostname="LitoSoler" name="com.timp.test.MDR.ParametrosCriacaoNF.CadastroFornecedor.CadastroFornecedorVisualizar" tests="3" failures="0" timestamp="13 Oct 2020 17:42:01 GMT" time="83.884" errors="0">
  <testcase name="acessarMDR" time="9.306" classname="com.timp.test.MDR.ParametrosCriacaoNF.CadastroFornecedor.CadastroFornecedorVisualizar"/>
  <testcase name="visualizar" time="67.376" classname="com.timp.test.MDR.ParametrosCriacaoNF.CadastroFornecedor.CadastroFornecedorVisualizar"/>
  <testcase name="login" time="7.202" classname="com.timp.test.MDR.ParametrosCriacaoNF.CadastroFornecedor.CadastroFornecedorVisualizar"/>
</testsuite> <!-- com.timp.test.MDR.ParametrosCriacaoNF.CadastroFornecedor.CadastroFornecedorVisualizar -->
