<?xml version="1.0" encoding="UTF-8"?>
<!-- Generated by org.testng.reporters.JUnitReportReporter -->
<testsuite hostname="DESKTOP-JP1A9E6" failures="0" tests="3" name="com.timp.test.BRB.Formula" time="139.365" errors="0" timestamp="01 jun. 2021 00:52:00 GMT" skipped="0">
  <testcase classname="com.timp.test.BRB.Formula" name="formulaBoton" time="70.388"/>
  <testcase classname="com.timp.test.BRB.Formula" name="formulaColuna" time="58.866"/>
  <testcase classname="com.timp.test.BRB.Formula" name="aplicar" time="10.111"/>
</testsuite> <!-- com.timp.test.BRB.Formula -->
