<?xml version="1.0" encoding="UTF-8"?>
<!-- Generated by org.testng.reporters.JUnitReportReporter -->
<testsuite hostname="DESKTOP-M23FVFN" failures="0" tests="3" name="com.timp.test.ATR.Estruturas.RelacionamentoEstruturas.RelacionamentoEstruturasCriarComCopia" time="873.014" errors="0" timestamp="2022-09-20T17:57:00 BRT" skipped="0">
  <testcase classname="com.timp.test.ATR.Estruturas.RelacionamentoEstruturas.RelacionamentoEstruturasCriarComCopia" name="criarCopia" time="473.560"/>
  <system-out/>
  <testcase classname="com.timp.test.ATR.Estruturas.RelacionamentoEstruturas.RelacionamentoEstruturasCriarComCopia" name="editarCopia" time="376.709"/>
  <system-out/>
  <testcase classname="com.timp.test.ATR.Estruturas.RelacionamentoEstruturas.RelacionamentoEstruturasCriarComCopia" name="excluirCopia" time="22.745"/>
  <system-out/>
</testsuite> <!-- com.timp.test.ATR.Estruturas.RelacionamentoEstruturas.RelacionamentoEstruturasCriarComCopia -->
