<?xml version="1.0" encoding="UTF-8"?>
<!-- Generated by org.testng.reporters.JUnitReportReporter -->
<testsuite skipped="0" hostname="LitoSoler" name="com.timp.test.BRB.NovoRelatorio" tests="1" failures="0" timestamp="24 feb 2021 16:20:00 GMT" time="102.236" errors="0">
  <testcase name="novoRelatorio" time="102.236" classname="com.timp.test.BRB.NovoRelatorio"/>
</testsuite> <!-- com.timp.test.BRB.NovoRelatorio -->
