<?xml version="1.0" encoding="UTF-8"?>
<!-- Generated by org.testng.reporters.JUnitReportReporter -->
<testsuite hostname="Agile" failures="0" tests="1" name="com.timp.test.TCC.GestaoDeCreditoTributarioICMS.Executados.Registro1200.Executados1200Visualizar" time="186.687" errors="0" timestamp="12 abr. 2022 18:40:44 GMT" skipped="0">
  <testcase classname="com.timp.test.TCC.GestaoDeCreditoTributarioICMS.Executados.Registro1200.Executados1200Visualizar" name="visualizar" time="186.687"/>
</testsuite> <!-- com.timp.test.TCC.GestaoDeCreditoTributarioICMS.Executados.Registro1200.Executados1200Visualizar -->
