<?xml version="1.0" encoding="UTF-8"?>
<!-- Generated by org.testng.reporters.JUnitReportReporter -->
<testsuite hostname="LitoSoler" name="com.timp.test.MDR.DetalheTipoTributo.DetalheExcluir" tests="3" failures="0" timestamp="20 Aug 2020 00:40:56 GMT" time="77.357" errors="0">
  <testcase name="visualizar" time="62.420" classname="com.timp.test.MDR.DetalheTipoTributo.DetalheExcluir"/>
  <testcase name="acessarMDR" time="8.586" classname="com.timp.test.MDR.DetalheTipoTributo.DetalheExcluir"/>
  <testcase name="login" time="6.351" classname="com.timp.test.MDR.DetalheTipoTributo.DetalheExcluir"/>
</testsuite> <!-- com.timp.test.MDR.DetalheTipoTributo.DetalheExcluir -->
