<?xml version="1.0" encoding="UTF-8"?>
<!-- Generated by org.testng.reporters.JUnitReportReporter -->
<testsuite hostname="LitoSoler" name="com.timp.test.MDR.TabelaDeApoioECF.TabelaDeApoioECFEditar" tests="3" failures="0" timestamp="8 Oct 2020 21:05:35 GMT" time="115.298" errors="0">
  <testcase name="login" time="9.280" classname="com.timp.test.MDR.TabelaDeApoioECF.TabelaDeApoioECFEditar"/>
  <testcase name="acessarMDR" time="10.140" classname="com.timp.test.MDR.TabelaDeApoioECF.TabelaDeApoioECFEditar"/>
  <testcase name="editar" time="95.878" classname="com.timp.test.MDR.TabelaDeApoioECF.TabelaDeApoioECFEditar"/>
</testsuite> <!-- com.timp.test.MDR.TabelaDeApoioECF.TabelaDeApoioECFEditar -->
