<?xml version="1.0" encoding="UTF-8"?>
<!-- Generated by org.testng.reporters.JUnitReportReporter -->
<testsuite hostname="MIGUEL" failures="0" tests="3" name="com.timp.test.TDK.Execucoes.Lixeira.LixeiraRestaurarEmMassa" time="114.592" errors="0" timestamp="17 mar. 2021 15:27:47 GMT" skipped="0">
  <testcase classname="com.timp.test.TDK.Execucoes.Lixeira.LixeiraRestaurarEmMassa" name="login" time="15.956"/>
  <testcase classname="com.timp.test.TDK.Execucoes.Lixeira.LixeiraRestaurarEmMassa" name="acessarTDK" time="34.325"/>
  <testcase classname="com.timp.test.TDK.Execucoes.Lixeira.LixeiraRestaurarEmMassa" name="retaurar" time="64.311"/>
</testsuite> <!-- com.timp.test.TDK.Execucoes.Lixeira.LixeiraRestaurarEmMassa -->
