<?xml version="1.0" encoding="UTF-8"?>
<!-- Generated by org.testng.reporters.JUnitReportReporter -->
<testsuite hostname="LitoSoler" name="com.timp.test.MDR.Antecipacao.AntecipacaoEliminar" tests="3" failures="0" timestamp="25 Jan 2021 21:57:46 GMT" time="78.727" errors="0">
  <testcase name="login" time="6.865" classname="com.timp.test.MDR.Antecipacao.AntecipacaoEliminar"/>
  <testcase name="excluir" time="48.453" classname="com.timp.test.MDR.Antecipacao.AntecipacaoEliminar"/>
  <testcase name="acessarMDR" time="23.409" classname="com.timp.test.MDR.Antecipacao.AntecipacaoEliminar"/>
</testsuite> <!-- com.timp.test.MDR.Antecipacao.AntecipacaoEliminar -->
