<?xml version="1.0" encoding="UTF-8"?>
<!-- Generated by org.testng.reporters.JUnitReportReporter -->
<testsuite skipped="0" hostname="LitoSoler" name="com.timp.test.MDR.Antecipacao.AntecipacaoEditar" tests="1" failures="0" timestamp="09 mar 2021 00:23:11 GMT" time="102.790" errors="0">
  <testcase name="editar" time="102.790" classname="com.timp.test.MDR.Antecipacao.AntecipacaoEditar"/>
</testsuite> <!-- com.timp.test.MDR.Antecipacao.AntecipacaoEditar -->
