<?xml version="1.0" encoding="UTF-8"?>
<!-- Generated by org.testng.reporters.JUnitReportReporter -->
<testsuite hostname="DESKTOP-C57COV6" failures="0" tests="1" name="com.timp.test.MDR.SequenciaAcesso.SequenciaCriar" time="239.186" errors="0" timestamp="24 jul. 2021 15:40:08 GMT" skipped="0">
  <testcase classname="com.timp.test.MDR.SequenciaAcesso.SequenciaCriar" name="criar" time="239.186"/>
</testsuite> <!-- com.timp.test.MDR.SequenciaAcesso.SequenciaCriar -->
