<?xml version="1.0" encoding="UTF-8"?>
<!-- Generated by org.testng.reporters.JUnitReportReporter -->
<testsuite hostname="DESKTOP-5P4F1JE" failures="0" tests="3" name="com.timp.test.TDK.Dashboard.Edicao.DashboardCartaoIndicador" time="109.863" errors="0" timestamp="1 Feb 2021 20:50:45 GMT">
  <testcase classname="com.timp.test.TDK.Dashboard.Edicao.DashboardCartaoIndicador" name="login" time="9.657"/>
  <testcase classname="com.timp.test.TDK.Dashboard.Edicao.DashboardCartaoIndicador" name="criar" time="73.362"/>
  <testcase classname="com.timp.test.TDK.Dashboard.Edicao.DashboardCartaoIndicador" name="acessarTDK" time="26.844"/>
</testsuite> <!-- com.timp.test.TDK.Dashboard.Edicao.DashboardCartaoIndicador -->
