<?xml version="1.0" encoding="UTF-8"?>
<!-- Generated by org.testng.reporters.JUnitReportReporter -->
<testsuite hostname="DESKTOP-C57COV6" failures="0" tests="1" name="com.timp.test.MDR.CadastroCondiçao.CadasatroCondicaoVisualizar" time="91.593" errors="0" timestamp="15 oct. 2021 12:31:57 GMT" skipped="0">
  <testcase classname="com.timp.test.MDR.CadastroCondiçao.CadasatroCondicaoVisualizar" name="visualizar" time="91.593"/>
</testsuite> <!-- com.timp.test.MDR.CadastroCondiçao.CadasatroCondicaoVisualizar -->
