<?xml version="1.0" encoding="UTF-8"?>
<!-- Generated by org.testng.reporters.JUnitReportReporter -->
<testsuite hostname="DESKTOP-M23FVFN" failures="0" tests="1" name="com.timp.test.BRB.ReordenarColuna" time="125.556" errors="0" timestamp="2022-07-05T14:22:13 CST" skipped="0">
  <testcase classname="com.timp.test.BRB.ReordenarColuna" name="reordenar" time="125.556"/>
  <system-out/>
</testsuite> <!-- com.timp.test.BRB.ReordenarColuna -->
