<?xml version="1.0" encoding="UTF-8"?>
<!-- Generated by org.testng.reporters.JUnitReportReporter -->
<testsuite hostname="LitoSoler" name="com.timp.test.ADM.LoginTest" tests="1" failures="0" timestamp="27 Jul 2020 19:11:52 GMT" time="18.832" errors="0">
  <testcase name="Login" time="18.832" classname="com.timp.test.ADM.LoginTest"/>
</testsuite> <!-- com.timp.test.ADM.LoginTest -->
