<?xml version="1.0" encoding="UTF-8"?>
<<<<<<< HEAD
<!-- Generated by org.testng.reporters.JUnitReportReporter -->
<testsuite hostname="LitoSoler" name="com.timp.test.SCANC.RelatoriosRefineriaGerados.RelatorioRefinariaGeradosEditarCampoDeSaida" tests="3" failures="0" timestamp="16 Dec 2020 17:01:17 GMT" time="156.263" errors="0">
  <testcase name="scancEntrar" time="36.809" classname="com.timp.test.SCANC.RelatoriosRefineriaGerados.RelatorioRefinariaGeradosEditarCampoDeSaida"/>
  <testcase name="editar" time="104.343" classname="com.timp.test.SCANC.RelatoriosRefineriaGerados.RelatorioRefinariaGeradosEditarCampoDeSaida"/>
  <testcase name="ingresar" time="15.111" classname="com.timp.test.SCANC.RelatoriosRefineriaGerados.RelatorioRefinariaGeradosEditarCampoDeSaida"/>
=======
<!-- Generated by org.testng.reporters.JUnitReportReporter -->
<testsuite hostname="MIGUEL" failures="0" tests="3" name="com.timp.test.SCANC.RelatoriosRefineriaGerados.RelatorioRefinariaGeradosEditarCampoDeSaida" time="138.753" errors="0" timestamp="8 Dec 2020 22:50:25 GMT">
  <testcase classname="com.timp.test.SCANC.RelatoriosRefineriaGerados.RelatorioRefinariaGeradosEditarCampoDeSaida" name="ingresar" time="8.583"/>
  <testcase classname="com.timp.test.SCANC.RelatoriosRefineriaGerados.RelatorioRefinariaGeradosEditarCampoDeSaida" name="editar" time="100.853"/>
  <testcase classname="com.timp.test.SCANC.RelatoriosRefineriaGerados.RelatorioRefinariaGeradosEditarCampoDeSaida" name="scancEntrar" time="29.317"/>
>>>>>>> refs/remotes/origin/master
</testsuite> <!-- com.timp.test.SCANC.RelatoriosRefineriaGerados.RelatorioRefinariaGeradosEditarCampoDeSaida -->
