<?xml version="1.0" encoding="UTF-8"?>
<!-- Generated by org.testng.reporters.JUnitReportReporter -->
<testsuite hostname="MassielV" failures="0" tests="2" name="com.timp.test.BRB.FiltroColunas" time="199.654" errors="0" timestamp="25 nov. 2021 00:39:43 GMT" skipped="0">
  <testcase classname="com.timp.test.BRB.FiltroColunas" name="filtroConFerramenta1" time="170.448"/>
  <testcase classname="com.timp.test.BRB.FiltroColunas" name="filtroConFerramenta2" time="29.206"/>
</testsuite> <!-- com.timp.test.BRB.FiltroColunas -->
