<?xml version="1.0" encoding="UTF-8"?>
<!-- Generated by org.testng.reporters.JUnitReportReporter -->
<testsuite hostname="DESKTOP-JP1A9E6" failures="0" tests="3" name="com.timp.test.BRB.FiltrosRelatorio" time="346.923" errors="0" timestamp="01 sep. 2021 18:30:57 GMT" skipped="0">
  <testcase classname="com.timp.test.BRB.FiltrosRelatorio" name="CasignarValores" time="34.515"/>
  <testcase classname="com.timp.test.BRB.FiltrosRelatorio" name="BfiltrosBiblioteca" time="115.106"/>
  <testcase classname="com.timp.test.BRB.FiltrosRelatorio" name="AfiltrosEditor" time="197.302"/>
</testsuite> <!-- com.timp.test.BRB.FiltrosRelatorio -->
