<?xml version="1.0" encoding="UTF-8"?>
<!-- Generated by org.testng.reporters.JUnitReportReporter -->
<testsuite hostname="DESKTOP-5P4F1JE" failures="0" tests="3" name="com.timp.test.BRE.RegrasDeMensagens.RegraDeMensagensCriar" time="114.697" errors="0" timestamp="26 Nov 2020 15:58:06 GMT">
  <testcase classname="com.timp.test.BRE.RegrasDeMensagens.RegraDeMensagensCriar" name="acessarBRE" time="15.844"/>
  <testcase classname="com.timp.test.BRE.RegrasDeMensagens.RegraDeMensagensCriar" name="criar" time="88.917"/>
  <testcase classname="com.timp.test.BRE.RegrasDeMensagens.RegraDeMensagensCriar" name="login" time="9.936"/>
</testsuite> <!-- com.timp.test.BRE.RegrasDeMensagens.RegraDeMensagensCriar -->
