<?xml version="1.0" encoding="UTF-8"?>
<!-- Generated by org.testng.reporters.JUnitReportReporter -->
<testsuite hostname="EC2AMAZ-8HCHO4G" failures="0" tests="1" name="com.timp.test.ADM.Configuracao.ManuaisDeComponente.ManuaisDeComponenteCriar" time="82.334" errors="0" timestamp="2024-02-19T22:12:11 UTC" skipped="0">
  <testcase classname="com.timp.test.ADM.Configuracao.ManuaisDeComponente.ManuaisDeComponenteCriar" name="criar" time="82.334"/>
  <system-out/>
</testsuite> <!-- com.timp.test.ADM.Configuracao.ManuaisDeComponente.ManuaisDeComponenteCriar -->
