<?xml version="1.0" encoding="UTF-8"?>
<!-- Generated by org.testng.reporters.JUnitReportReporter -->
<testsuite hostname="Agile" failures="0" tests="1" name="com.timp.test.MDR.Filiais.FiliaisEditar" time="152.665" errors="0" timestamp="16 feb. 2022 14:26:32 GMT" skipped="0">
  <testcase classname="com.timp.test.MDR.Filiais.FiliaisEditar" name="editar" time="152.665"/>
</testsuite> <!-- com.timp.test.MDR.Filiais.FiliaisEditar -->
