<?xml version="1.0" encoding="UTF-8"?>
<!-- Generated by org.testng.reporters.JUnitReportReporter -->
<testsuite hostname="DESKTOP-35UG9UP" name="com.timp.test.BRB.ExcluirColuna" tests="4" failures="0" timestamp="30 Sep 2020 21:59:10 GMT" time="152.195" errors="0">
  <testcase name="login" time="11.994" classname="com.timp.test.BRB.ExcluirColuna"/>
  <testcase name="excluirColunaOpcao" time="49.241" classname="com.timp.test.BRB.ExcluirColuna"/>
  <testcase name="brbEntrar" time="24.513" classname="com.timp.test.BRB.ExcluirColuna"/>
  <testcase name="excluirColunaDragNDrop" time="66.447" classname="com.timp.test.BRB.ExcluirColuna"/>
</testsuite> <!-- com.timp.test.BRB.ExcluirColuna -->
