<?xml version="1.0" encoding="UTF-8"?>
<!-- Generated by org.testng.reporters.JUnitReportReporter -->
<testsuite hostname="DESKTOP-C57COV6" failures="0" tests="1" name="com.timp.test.MDR.Empresas.EmpresasVisualizar" time="83.517" errors="0" timestamp="18 may. 2021 03:29:10 GMT" skipped="0">
  <testcase classname="com.timp.test.MDR.Empresas.EmpresasVisualizar" name="visualizar" time="83.517"/>
</testsuite> <!-- com.timp.test.MDR.Empresas.EmpresasVisualizar -->
