<?xml version="1.0" encoding="UTF-8"?>
<!-- Generated by org.testng.reporters.JUnitReportReporter -->
<testsuite hostname="LitoSoler" name="com.timp.test.CALENDAR.ParametrosGerais.AbrirCalendario" tests="3" failures="0" timestamp="24 Dec 2020 15:17:00 GMT" time="42.247" errors="0">
  <testcase name="CalendarEntrar" time="7.289" classname="com.timp.test.CALENDAR.ParametrosGerais.AbrirCalendario"/>
  <testcase name="login" time="7.895" classname="com.timp.test.CALENDAR.ParametrosGerais.AbrirCalendario"/>
  <testcase name="acessarCalendar" time="27.063" classname="com.timp.test.CALENDAR.ParametrosGerais.AbrirCalendario"/>
</testsuite> <!-- com.timp.test.CALENDAR.ParametrosGerais.AbrirCalendario -->
