<?xml version="1.0" encoding="UTF-8"?>
<!-- Generated by org.testng.reporters.JUnitReportReporter -->
<testsuite hostname="DESKTOP-JP1A9E6" failures="0" tests="3" name="com.timp.test.BRB.Formula" time="213.482" errors="0" timestamp="01 sep. 2021 18:24:09 GMT" skipped="0">
  <testcase classname="com.timp.test.BRB.Formula" name="formulaColuna" time="106.324"/>
  <testcase classname="com.timp.test.BRB.Formula" name="formulaBoton" time="96.444"/>
  <testcase classname="com.timp.test.BRB.Formula" name="aplicar" time="10.714"/>
</testsuite> <!-- com.timp.test.BRB.Formula -->
