<?xml version="1.0" encoding="UTF-8"?>
<!-- Generated by org.testng.reporters.JUnitReportReporter -->
<testsuite hostname="DESKTOP-M23FVFN" failures="0" tests="1" name="com.timp.test.MDR.Centralizacao.Saldos.SaldosDetalhes" time="175.781" errors="0" timestamp="30 nov. 2021 08:27:55 GMT" skipped="0">
  <testcase classname="com.timp.test.MDR.Centralizacao.Saldos.SaldosDetalhes" name="detalhes" time="175.781"/>
</testsuite> <!-- com.timp.test.MDR.Centralizacao.Saldos.SaldosDetalhes -->
