<?xml version="1.0" encoding="UTF-8"?>
<!-- Generated by org.testng.reporters.JUnitReportReporter -->
<testsuite hostname="DESKTOP-JP1A9E6" failures="0" tests="1" name="com.timp.test.BRB.OutputdeReferência" time="203.993" errors="0" timestamp="21 ago. 2021 01:26:51 GMT" skipped="0">
  <testcase classname="com.timp.test.BRB.OutputdeReferência" name="outputReferencia" time="203.993"/>
</testsuite> <!-- com.timp.test.BRB.OutputdeReferência -->
