<?xml version="1.0" encoding="UTF-8"?>
<!-- Generated by org.testng.reporters.JUnitReportReporter -->
<testsuite hostname="DESKTOP-C57COV6" failures="0" tests="17" name="com.timp.test.BCB.OrigemBFB.HierarquiaConfiguracao.OrigenBFBHierarquiaConfiguracaoTodasAsFuncionalidades" time="800.303" errors="0" timestamp="27 abr. 2021 00:08:35 GMT" skipped="0">
  <testcase classname="com.timp.test.BCB.OrigemBFB.HierarquiaConfiguracao.OrigenBFBHierarquiaConfiguracaoTodasAsFuncionalidades" name="login" time="7.213"/>
  <testcase classname="com.timp.test.BCB.OrigemBFB.HierarquiaConfiguracao.OrigenBFBHierarquiaConfiguracaoTodasAsFuncionalidades" name="brbEntrar" time="15.572"/>
  <testcase classname="com.timp.test.BCB.OrigemBFB.HierarquiaConfiguracao.OrigenBFBHierarquiaConfiguracaoTodasAsFuncionalidades" name="criarConfiguracaoExecucoes" time="89.188"/>
  <testcase classname="com.timp.test.BCB.OrigemBFB.HierarquiaConfiguracao.OrigenBFBHierarquiaConfiguracaoTodasAsFuncionalidades" name="criarConfiguracionConfiguracao" time="200.235"/>
  <testcase classname="com.timp.test.BCB.OrigemBFB.HierarquiaConfiguracao.OrigenBFBHierarquiaConfiguracaoTodasAsFuncionalidades" name="criarConfiguracao" time="140.462"/>
  <testcase classname="com.timp.test.BCB.OrigemBFB.HierarquiaConfiguracao.OrigenBFBHierarquiaConfiguracaoTodasAsFuncionalidades" name="outputBCB" time="24.841"/>
  <testcase classname="com.timp.test.BCB.OrigemBFB.HierarquiaConfiguracao.OrigenBFBHierarquiaConfiguracaoTodasAsFuncionalidades" name="subNivel2" time="29.054"/>
  <testcase classname="com.timp.test.BCB.OrigemBFB.HierarquiaConfiguracao.OrigenBFBHierarquiaConfiguracaoTodasAsFuncionalidades" name="subNivel3" time="31.250"/>
  <testcase classname="com.timp.test.BCB.OrigemBFB.HierarquiaConfiguracao.OrigenBFBHierarquiaConfiguracaoTodasAsFuncionalidades" name="subNivel4" time="31.085"/>
  <testcase classname="com.timp.test.BCB.OrigemBFB.HierarquiaConfiguracao.OrigenBFBHierarquiaConfiguracaoTodasAsFuncionalidades" name="subNivel5" time="27.625"/>
  <testcase classname="com.timp.test.BCB.OrigemBFB.HierarquiaConfiguracao.OrigenBFBHierarquiaConfiguracaoTodasAsFuncionalidades" name="abrirSubnivel1" time="50.336"/>
  <testcase classname="com.timp.test.BCB.OrigemBFB.HierarquiaConfiguracao.OrigenBFBHierarquiaConfiguracaoTodasAsFuncionalidades" name="abrirSubnivel2" time="5.336"/>
  <testcase classname="com.timp.test.BCB.OrigemBFB.HierarquiaConfiguracao.OrigenBFBHierarquiaConfiguracaoTodasAsFuncionalidades" name="abrirSubnivel3" time="5.264"/>
  <testcase classname="com.timp.test.BCB.OrigemBFB.HierarquiaConfiguracao.OrigenBFBHierarquiaConfiguracaoTodasAsFuncionalidades" name="abrirSubnivel4" time="5.238"/>
  <testcase classname="com.timp.test.BCB.OrigemBFB.HierarquiaConfiguracao.OrigenBFBHierarquiaConfiguracaoTodasAsFuncionalidades" name="abrirSubnivel5" time="5.270"/>
  <testcase classname="com.timp.test.BCB.OrigemBFB.HierarquiaConfiguracao.OrigenBFBHierarquiaConfiguracaoTodasAsFuncionalidades" name="excluirConfiguracoes" time="70.297"/>
  <testcase classname="com.timp.test.BCB.OrigemBFB.HierarquiaConfiguracao.OrigenBFBHierarquiaConfiguracaoTodasAsFuncionalidades" name="excluirHierarquia" time="62.037"/>
</testsuite> <!-- com.timp.test.BCB.OrigemBFB.HierarquiaConfiguracao.OrigenBFBHierarquiaConfiguracaoTodasAsFuncionalidades -->
