<?xml version="1.0" encoding="UTF-8"?>
<!-- Generated by org.testng.reporters.JUnitReportReporter -->
<testsuite hostname="MassielV" failures="0" tests="1" name="com.timp.test.BRB.FiltrosAvancados" time="70.030" errors="0" timestamp="20 oct. 2021 05:41:05 GMT" skipped="0">
  <testcase classname="com.timp.test.BRB.FiltrosAvancados" name="filtrosAvanzados" time="70.030"/>
</testsuite> <!-- com.timp.test.BRB.FiltrosAvancados -->
