<?xml version="1.0" encoding="UTF-8"?>
<!-- Generated by org.testng.reporters.JUnitReportReporter -->
<testsuite hostname="LitoSoler" name="com.timp.test.BCB.ParametrosGeraisHierarquiaCriarComCópia" tests="3" failures="0" timestamp="21 Jan 2021 00:02:52 GMT" time="146.126" errors="0">
  <testcase name="login" time="7.022" classname="com.timp.test.BCB.ParametrosGeraisHierarquiaCriarComCópia"/>
  <testcase name="brbEntrar" time="14.907" classname="com.timp.test.BCB.ParametrosGeraisHierarquiaCriarComCópia"/>
  <testcase name="criarConfiguracaoHierarquia" time="124.197" classname="com.timp.test.BCB.ParametrosGeraisHierarquiaCriarComCópia"/>
</testsuite> <!-- com.timp.test.BCB.ParametrosGeraisHierarquiaCriarComCópia -->
