<?xml version="1.0" encoding="UTF-8"?>
<!-- Generated by org.testng.reporters.JUnitReportReporter -->
<<<<<<< HEAD
<testsuite hostname="DESKTOP-BNBDMGT" failures="0" tests="1" name="com.timp.test.MDR.TabelasApoioESocial.Tabela17.DescriÃ§Ã£oDeNatDeLesÃ£oCriar" time="65.399" errors="0" timestamp="09 mar. 2021 11:34:07 GMT" skipped="0">
  <testcase classname="com.timp.test.MDR.TabelasApoioESocial.Tabela17.DescriÃ§Ã£oDeNatDeLesÃ£oCriar" name="criar" time="65.399"/>
=======
<testsuite hostname="CRISTHIAN-VASQUEZ" failures="0" tests="1" name="com.timp.test.MDR.TabelasApoioESocial.Tabela17.DescriÃ§Ã£oDeNatDeLesÃ£oCriar" time="80.547" errors="0" timestamp="08 mar. 2021 22:47:44 GMT" skipped="0">
  <testcase classname="com.timp.test.MDR.TabelasApoioESocial.Tabela17.DescriÃ§Ã£oDeNatDeLesÃ£oCriar" name="criar" time="80.547"/>
=======
<<<<<<< HEAD
<!-- Generated by org.testng.reporters.JUnitReportReporter -->
<<<<<<< HEAD
<<<<<<< HEAD
=======
<<<<<<< HEAD
>>>>>>> refs/remotes/origin/master
=======
>>>>>>> refs/remotes/origin/Eliel
<testsuite hostname="CRISTHIAN-VASQUEZ" failures="0" tests="3" name="com.timp.test.MDR.TabelasApoioESocial.Tabela17.DescriçãoDeNatDeLesãoCriar" time="73.750" errors="0" timestamp="2 Feb 2021 17:50:56 GMT">
  <testcase classname="com.timp.test.MDR.TabelasApoioESocial.Tabela17.DescriçãoDeNatDeLesãoCriar" name="ingresar" time="7.227"/>
  <testcase classname="com.timp.test.MDR.TabelasApoioESocial.Tabela17.DescriçãoDeNatDeLesãoCriar" name="criar" time="43.339"/>
  <testcase classname="com.timp.test.MDR.TabelasApoioESocial.Tabela17.DescriçãoDeNatDeLesãoCriar" name="mdrEntrar" time="23.184"/>
</testsuite> <!-- com.timp.test.MDR.TabelasApoioESocial.Tabela17.DescriçãoDeNatDeLesãoCriar -->
=======
<testsuite hostname="CRISTHIAN-VASQUEZ" failures="0" tests="1" name="com.timp.test.MDR.TabelasApoioESocial.Tabela17.DescriÃ§Ã£oDeNatDeLesÃ£oCriar" time="78.880" errors="0" timestamp="19 feb. 2021 15:11:05 GMT" skipped="0">
  <testcase classname="com.timp.test.MDR.TabelasApoioESocial.Tabela17.DescriÃ§Ã£oDeNatDeLesÃ£oCriar" name="criar" time="78.880"/>
=======
<!-- Generated by org.testng.reporters.JUnitReportReporter -->
<testsuite hostname="LAPTOP-IN7IV9K5" failures="0" tests="1" name="com.timp.test.MDR.TabelasApoioESocial.Tabela17.DescriÃ§Ã£oDeNatDeLesÃ£oCriar" time="82.407" errors="0" timestamp="24 feb. 2021 18:46:46 GMT" skipped="0">
  <testcase classname="com.timp.test.MDR.TabelasApoioESocial.Tabela17.DescriÃ§Ã£oDeNatDeLesÃ£oCriar" name="criar" time="82.407"/>
>>>>>>> refs/remotes/origin/Kenssy
>>>>>>> branch 'Cristhian' of https://github.com/salc1997/TIMP_R1.git
>>>>>>> refs/heads/Cristhian
</testsuite> <!-- com.timp.test.MDR.TabelasApoioESocial.Tabela17.DescriÃ§Ã£oDeNatDeLesÃ£oCriar -->
