<?xml version="1.0" encoding="UTF-8"?>
<!-- Generated by org.testng.reporters.JUnitReportReporter -->
<testsuite hostname="LitoSoler" name="com.timp.test.MDR.LimiteCompetencia.LimiteCompetenciaCriar" tests="3" failures="0" timestamp="7 Dec 2020 21:09:52 GMT" time="111.522" errors="0">
  <testcase name="login" time="7.242" classname="com.timp.test.MDR.LimiteCompetencia.LimiteCompetenciaCriar"/>
  <testcase name="acessarMDR" time="19.827" classname="com.timp.test.MDR.LimiteCompetencia.LimiteCompetenciaCriar"/>
  <testcase name="criar" time="84.453" classname="com.timp.test.MDR.LimiteCompetencia.LimiteCompetenciaCriar"/>
</testsuite> <!-- com.timp.test.MDR.LimiteCompetencia.LimiteCompetenciaCriar -->
