<?xml version="1.0" encoding="UTF-8"?>
<!-- Generated by org.testng.reporters.JUnitReportReporter -->
<testsuite hostname="LitoSoler" name="com.timp.test.MDR.LimiteCompetencia.LimiteCompetenciaExcluir" tests="3" failures="0" timestamp="26 Aug 2020 00:47:24 GMT" time="86.382" errors="0">
  <testcase name="login" time="6.785" classname="com.timp.test.MDR.LimiteCompetencia.LimiteCompetenciaExcluir"/>
  <testcase name="criar" time="54.077" classname="com.timp.test.MDR.LimiteCompetencia.LimiteCompetenciaExcluir"/>
  <testcase name="acessarMDR" time="25.520" classname="com.timp.test.MDR.LimiteCompetencia.LimiteCompetenciaExcluir"/>
</testsuite> <!-- com.timp.test.MDR.LimiteCompetencia.LimiteCompetenciaExcluir -->
