<?xml version="1.0" encoding="UTF-8"?>
<!-- Generated by org.testng.reporters.JUnitReportReporter -->
<testsuite hostname="DESKTOP-HB7TMPD" failures="0" tests="10" name="com.timp.test.BCB.FormulaHierarquiaConfiguracaoTodasAsFuncionalidadesParte2" time="422.236" errors="0" timestamp="4 Jan 2021 06:38:21 GMT">
  <testcase classname="com.timp.test.BCB.FormulaHierarquiaConfiguracaoTodasAsFuncionalidadesParte2" name="abrirSubnivel2" time="5.189"/>
  <testcase classname="com.timp.test.BCB.FormulaHierarquiaConfiguracaoTodasAsFuncionalidadesParte2" name="abrirSubnivel5" time="5.179"/>
  <testcase classname="com.timp.test.BCB.FormulaHierarquiaConfiguracaoTodasAsFuncionalidadesParte2" name="excluirConfiguracoes" time="51.914"/>
  <testcase classname="com.timp.test.BCB.FormulaHierarquiaConfiguracaoTodasAsFuncionalidadesParte2" name="brbEntrar" time="15.895"/>
  <testcase classname="com.timp.test.BCB.FormulaHierarquiaConfiguracaoTodasAsFuncionalidadesParte2" name="subNivel5" time="221.367"/>
  <testcase classname="com.timp.test.BCB.FormulaHierarquiaConfiguracaoTodasAsFuncionalidadesParte2" name="abrirSubnivel1" time="46.584"/>
  <testcase classname="com.timp.test.BCB.FormulaHierarquiaConfiguracaoTodasAsFuncionalidadesParte2" name="abrirSubnivel4" time="5.195"/>
  <testcase classname="com.timp.test.BCB.FormulaHierarquiaConfiguracaoTodasAsFuncionalidadesParte2" name="login" time="8.118"/>
  <testcase classname="com.timp.test.BCB.FormulaHierarquiaConfiguracaoTodasAsFuncionalidadesParte2" name="abrirSubnivel3" time="5.242"/>
  <testcase classname="com.timp.test.BCB.FormulaHierarquiaConfiguracaoTodasAsFuncionalidadesParte2" name="excluirHierarquia" time="57.553"/>
</testsuite> <!-- com.timp.test.BCB.FormulaHierarquiaConfiguracaoTodasAsFuncionalidadesParte2 -->
