<?xml version="1.0" encoding="UTF-8"?>
<!-- Generated by org.testng.reporters.JUnitReportReporter -->
<testsuite hostname="DESKTOP-35UG9UP" name="com.timp.test.MDR.Centralizacao.Tributos.TributosVisualizar" tests="3" failures="0" timestamp="1 Sep 2020 14:51:05 GMT" time="154.636" errors="0">
  <testcase name="visualizar" time="107.143" classname="com.timp.test.MDR.Centralizacao.Tributos.TributosVisualizar"/>
  <testcase name="acessarMDR" time="37.089" classname="com.timp.test.MDR.Centralizacao.Tributos.TributosVisualizar"/>
  <testcase name="login" time="10.404" classname="com.timp.test.MDR.Centralizacao.Tributos.TributosVisualizar"/>
</testsuite> <!-- com.timp.test.MDR.Centralizacao.Tributos.TributosVisualizar -->
