<?xml version="1.0" encoding="UTF-8"?>
<!-- Generated by org.testng.reporters.JUnitReportReporter -->
<testsuite hostname="DESKTOP-C57COV6" failures="0" tests="1" name="com.timp.test.MDR.TabelasComplementaresParaObrigaçoesAcessorias.TabelaReceitasCreditoFiscalAntecipado.TabelaReceitasCreditoFiscalAntecipadoDetalhes" time="70.935" errors="0" timestamp="03 ago. 2021 09:15:12 GMT" skipped="0">
  <testcase classname="com.timp.test.MDR.TabelasComplementaresParaObrigaçoesAcessorias.TabelaReceitasCreditoFiscalAntecipado.TabelaReceitasCreditoFiscalAntecipadoDetalhes" name="detalhes" time="70.935"/>
</testsuite> <!-- com.timp.test.MDR.TabelasComplementaresParaObrigaçoesAcessorias.TabelaReceitasCreditoFiscalAntecipado.TabelaReceitasCreditoFiscalAntecipadoDetalhes -->
