<?xml version="1.0" encoding="UTF-8"?>
<!-- Generated by org.testng.reporters.JUnitReportReporter -->
<testsuite hostname="DESKTOP-5P4F1JE" failures="0" tests="3" name="com.timp.test.BCB.ParametrosGeraisHierarquiaEditar" time="99.845" errors="0" timestamp="10 Feb 2021 20:45:53 GMT">
  <testcase classname="com.timp.test.BCB.ParametrosGeraisHierarquiaEditar" name="brbEntrar" time="17.178"/>
  <testcase classname="com.timp.test.BCB.ParametrosGeraisHierarquiaEditar" name="editar" time="74.101"/>
  <testcase classname="com.timp.test.BCB.ParametrosGeraisHierarquiaEditar" name="login" time="8.566"/>
</testsuite> <!-- com.timp.test.BCB.ParametrosGeraisHierarquiaEditar -->
