<?xml version="1.0" encoding="UTF-8"?>
<!-- Generated by org.testng.reporters.JUnitReportReporter -->
<testsuite hostname="MassielV" failures="0" tests="2" name="com.timp.test.BRB.GruposAvancados" time="1832.836" errors="0" timestamp="10 nov. 2021 22:57:29 GMT" skipped="0">
  <testcase classname="com.timp.test.BRB.GruposAvancados" name="eliminarGrupos" time="43.979"/>
  <testcase classname="com.timp.test.BRB.GruposAvancados" name="gruposAvanzados" time="1788.857"/>
</testsuite> <!-- com.timp.test.BRB.GruposAvancados -->
