<?xml version="1.0" encoding="UTF-8"?>
<!-- Generated by org.testng.reporters.JUnitReportReporter -->
<testsuite hostname="DESKTOP-BNBDMGT" failures="0" tests="1" name="com.timp.test.MDR.TabelasApoioESocial.Tabela16.SGDPCriar" time="69.039" errors="0" timestamp="09 mar. 2021 11:17:10 GMT" skipped="0">
  <testcase classname="com.timp.test.MDR.TabelasApoioESocial.Tabela16.SGDPCriar" name="criar" time="69.039"/>
</testsuite> <!-- com.timp.test.MDR.TabelasApoioESocial.Tabela16.SGDPCriar -->
