<?xml version="1.0" encoding="UTF-8"?>
<!-- Generated by org.testng.reporters.JUnitReportReporter -->
<testsuite hostname="MIGUEL" failures="0" tests="3" name="com.timp.test.SCANC.RelatoriosRefineriaGerados.RelatorioRefinariaGeradosFiltrosAvacados" time="112.368" errors="0" timestamp="7 Dec 2020 21:51:45 GMT">
  <testcase classname="com.timp.test.SCANC.RelatoriosRefineriaGerados.RelatorioRefinariaGeradosFiltrosAvacados" name="scancEntrar" time="27.856"/>
  <testcase classname="com.timp.test.SCANC.RelatoriosRefineriaGerados.RelatorioRefinariaGeradosFiltrosAvacados" name="filtrosAvancados" time="77.094"/>
  <testcase classname="com.timp.test.SCANC.RelatoriosRefineriaGerados.RelatorioRefinariaGeradosFiltrosAvacados" name="ingresar" time="7.418"/>
</testsuite> <!-- com.timp.test.SCANC.RelatoriosRefineriaGerados.RelatorioRefinariaGeradosFiltrosAvacados -->
