<?xml version="1.0" encoding="UTF-8"?>
<!-- Generated by org.testng.reporters.JUnitReportReporter -->
<testsuite hostname="EC2AMAZ-8HCHO4G" failures="0" tests="1" name="com.timp.test.ADM.Configuracao.ConfiguracaoDeTributos.ConfiguracaoDeTributo.ConfiguracaoDeTributoFiltrosAvançados" time="75.007" errors="0" timestamp="2024-07-23T18:09:34 UTC" skipped="0">
  <testcase classname="com.timp.test.ADM.Configuracao.ConfiguracaoDeTributos.ConfiguracaoDeTributo.ConfiguracaoDeTributoFiltrosAvançados" name="filtro" time="75.007"/>
  <system-out/>
</testsuite> <!-- com.timp.test.ADM.Configuracao.ConfiguracaoDeTributos.ConfiguracaoDeTributo.ConfiguracaoDeTributoFiltrosAvançados -->
