<?xml version="1.0" encoding="UTF-8"?>
<!-- Generated by org.testng.reporters.JUnitReportReporter -->
<testsuite hostname="LitoSoler" name="com.timp.test.DFG.SPED.ESocial.S1200GerarDadosDoEventoCriar" tests="11" failures="0" timestamp="18 Dec 2020 23:16:50 GMT" time="357.818" errors="0">
  <testcase name="visualizarS1200" time="18.172" classname="com.timp.test.DFG.SPED.ESocial.S1200GerarDadosDoEventoCriar"/>
  <testcase name="criarS1200" time="39.706" classname="com.timp.test.DFG.SPED.ESocial.S1200GerarDadosDoEventoCriar"/>
  <testcase name="enviarInsert" time="18.015" classname="com.timp.test.DFG.SPED.ESocial.S1200GerarDadosDoEventoCriar"/>
  <testcase name="ingresar" time="8.975" classname="com.timp.test.DFG.SPED.ESocial.S1200GerarDadosDoEventoCriar"/>
  <testcase name="editarS1200" time="44.661" classname="com.timp.test.DFG.SPED.ESocial.S1200GerarDadosDoEventoCriar"/>
  <testcase name="informacaoS1200" time="17.371" classname="com.timp.test.DFG.SPED.ESocial.S1200GerarDadosDoEventoCriar"/>
  <testcase name="visualizarAtualizacoesBlocoApuracao" time="14.255" classname="com.timp.test.DFG.SPED.ESocial.S1200GerarDadosDoEventoCriar"/>
  <testcase name="verificarInsert" time="52.795" classname="com.timp.test.DFG.SPED.ESocial.S1200GerarDadosDoEventoCriar"/>
  <testcase name="executarS1200" time="87.245" classname="com.timp.test.DFG.SPED.ESocial.S1200GerarDadosDoEventoCriar"/>
  <testcase name="arquivosVerificar" time="39.672" classname="com.timp.test.DFG.SPED.ESocial.S1200GerarDadosDoEventoCriar"/>
  <testcase name="mdrEntrar" time="16.951" classname="com.timp.test.DFG.SPED.ESocial.S1200GerarDadosDoEventoCriar"/>
</testsuite> <!-- com.timp.test.DFG.SPED.ESocial.S1200GerarDadosDoEventoCriar -->
