<?xml version="1.0" encoding="UTF-8"?>
<!-- Generated by org.testng.reporters.JUnitReportReporter -->
<testsuite hostname="DESKTOP-5P4F1JE" failures="0" tests="3" name="com.timp.test.TDK.Dashboard.ParametrosGerais.DashboardCriarCopia" time="177.109" errors="0" timestamp="23 Dec 2020 21:32:49 GMT">
  <testcase classname="com.timp.test.TDK.Dashboard.ParametrosGerais.DashboardCriarCopia" name="criar" time="146.433"/>
  <testcase classname="com.timp.test.TDK.Dashboard.ParametrosGerais.DashboardCriarCopia" name="acessarTDK" time="22.928"/>
  <testcase classname="com.timp.test.TDK.Dashboard.ParametrosGerais.DashboardCriarCopia" name="login" time="7.748"/>
</testsuite> <!-- com.timp.test.TDK.Dashboard.ParametrosGerais.DashboardCriarCopia -->
