<?xml version="1.0" encoding="UTF-8"?>
<!-- Generated by org.testng.reporters.JUnitReportReporter -->
<testsuite hostname="EC2AMAZ-8HCHO4G" failures="0" tests="2" name="com.timp.test.ADM.Configuracao.Licencas.LicencasTodasFunc" time="112.918" errors="0" timestamp="2024-07-23T19:26:34 UTC" skipped="0">
  <testcase classname="com.timp.test.ADM.Configuracao.Licencas.LicencasTodasFunc" name="Detalles" time="82.463"/>
  <system-out/>
  <testcase classname="com.timp.test.ADM.Configuracao.Licencas.LicencasTodasFunc" name="visualizar" time="30.455"/>
  <system-out/>
</testsuite> <!-- com.timp.test.ADM.Configuracao.Licencas.LicencasTodasFunc -->
