<?xml version="1.0" encoding="UTF-8"?>
<!-- Generated by org.testng.reporters.JUnitReportReporter -->
<<<<<<< HEAD
<testsuite hostname="Agile" failures="0" tests="3" name="com.timp.test.ATR.Estruturas.RelacionamentoEstruturas.RelacionamentoEstruturasCriarComCopia" time="848.356" errors="0" timestamp="10 may. 2022 18:56:46 GMT" skipped="0">
  <testcase classname="com.timp.test.ATR.Estruturas.RelacionamentoEstruturas.RelacionamentoEstruturasCriarComCopia" name="excluirCopia" time="23.683"/>
  <testcase classname="com.timp.test.ATR.Estruturas.RelacionamentoEstruturas.RelacionamentoEstruturasCriarComCopia" name="criarCopia" time="447.676"/>
  <testcase classname="com.timp.test.ATR.Estruturas.RelacionamentoEstruturas.RelacionamentoEstruturasCriarComCopia" name="editarCopia" time="376.997"/>
=======
<testsuite hostname="DESKTOP-M23FVFN" failures="0" tests="3" name="com.timp.test.ATR.Estruturas.RelacionamentoEstruturas.RelacionamentoEstruturasCriarComCopia" time="842.006" errors="0" timestamp="05 may. 2022 15:31:13 GMT" skipped="0">
  <testcase classname="com.timp.test.ATR.Estruturas.RelacionamentoEstruturas.RelacionamentoEstruturasCriarComCopia" name="editarCopia" time="376.750"/>
  <testcase classname="com.timp.test.ATR.Estruturas.RelacionamentoEstruturas.RelacionamentoEstruturasCriarComCopia" name="excluirCopia" time="22.609"/>
  <testcase classname="com.timp.test.ATR.Estruturas.RelacionamentoEstruturas.RelacionamentoEstruturasCriarComCopia" name="criarCopia" time="442.647"/>
>>>>>>> branch 'Yessy' of https://github.com/salc1997/TIMP_R1
</testsuite> <!-- com.timp.test.ATR.Estruturas.RelacionamentoEstruturas.RelacionamentoEstruturasCriarComCopia -->
