<?xml version="1.0" encoding="UTF-8"?>
<!-- Generated by org.testng.reporters.JUnitReportReporter -->
<testsuite hostname="MIGUEL" failures="0" tests="3" name="com.timp.test.TDK.Dashboard.ParametrosGerais.DashboardCriarCopia" time="213.985" errors="0" timestamp="12 mar. 2021 20:43:44 GMT" skipped="0">
  <testcase classname="com.timp.test.TDK.Dashboard.ParametrosGerais.DashboardCriarCopia" name="login" time="7.346"/>
  <testcase classname="com.timp.test.TDK.Dashboard.ParametrosGerais.DashboardCriarCopia" name="acessarTDK" time="24.635"/>
  <testcase classname="com.timp.test.TDK.Dashboard.ParametrosGerais.DashboardCriarCopia" name="copia" time="182.004"/>
</testsuite> <!-- com.timp.test.TDK.Dashboard.ParametrosGerais.DashboardCriarCopia -->
