<?xml version="1.0" encoding="UTF-8"?>
<!-- Generated by org.testng.reporters.JUnitReportReporter -->
<testsuite skipped="0" hostname="LitoSoler" name="com.timp.test.MDR.Ajustes.CodigosAjustes.CodigosAjustesDetalhes" tests="1" failures="0" timestamp="16 mar 2021 02:29:44 GMT" time="94.170" errors="0">
  <testcase name="detalhes" time="94.170" classname="com.timp.test.MDR.Ajustes.CodigosAjustes.CodigosAjustesDetalhes"/>
</testsuite> <!-- com.timp.test.MDR.Ajustes.CodigosAjustes.CodigosAjustesDetalhes -->
