<?xml version="1.0" encoding="UTF-8"?>
<!-- Generated by org.testng.reporters.JUnitReportReporter -->
<testsuite hostname="LitoSoler" name="com.timp.test.BRB.Eliminar" tests="4" failures="0" timestamp="30 Sep 2020 15:46:39 GMT" time="191.452" errors="0">
  <testcase name="eliminar" time="64.409" classname="com.timp.test.BRB.Eliminar"/>
  <testcase name="login" time="32.680" classname="com.timp.test.BRB.Eliminar"/>
  <testcase name="eliminarLixeira" time="65.893" classname="com.timp.test.BRB.Eliminar"/>
  <testcase name="brbEntrar" time="28.470" classname="com.timp.test.BRB.Eliminar"/>
</testsuite> <!-- com.timp.test.BRB.Eliminar -->
