<?xml version="1.0" encoding="UTF-8"?>
<!-- Generated by org.testng.reporters.JUnitReportReporter -->
<testsuite hostname="MIGUEL" failures="0" tests="3" name="com.timp.test.SCANC.RelatoriosRefineriaGerados.RelatoriosRefineriaGeradosGerarAnexos6712MasVisualizacao" time="1944.764" errors="0" timestamp="14 Dec 2020 23:46:50 GMT">
  <testcase classname="com.timp.test.SCANC.RelatoriosRefineriaGerados.RelatoriosRefineriaGeradosGerarAnexos6712MasVisualizacao" name="gerarAnexosMasVisualizacao" time="1912.747"/>
  <testcase classname="com.timp.test.SCANC.RelatoriosRefineriaGerados.RelatoriosRefineriaGeradosGerarAnexos6712MasVisualizacao" name="scancEntrar" time="25.120"/>
  <testcase classname="com.timp.test.SCANC.RelatoriosRefineriaGerados.RelatoriosRefineriaGeradosGerarAnexos6712MasVisualizacao" name="ingresar" time="6.897"/>
</testsuite> <!-- com.timp.test.SCANC.RelatoriosRefineriaGerados.RelatoriosRefineriaGeradosGerarAnexos6712MasVisualizacao -->
