<?xml version="1.0" encoding="UTF-8"?>
<!-- Generated by org.testng.reporters.JUnitReportReporter -->
<<<<<<< HEAD
<testsuite hostname="SALC-PC" failures="0" tests="3" name="com.timp.test.BRB.Formula" time="199.718" errors="0" timestamp="2023-08-07T12:27:14 CST" skipped="0">
  <testcase classname="com.timp.test.BRB.Formula" name="formulaColuna" time="63.289"/>
=======
<testsuite hostname="EC2AMAZ-8HCHO4G" failures="0" tests="3" name="com.timp.test.BRB.Formula" time="191.723" errors="0" timestamp="2023-08-16T15:47:19 UTC" skipped="0">
  <testcase classname="com.timp.test.BRB.Formula" name="formulaColuna" time="61.933"/>
>>>>>>> refs/heads/Yessy
  <system-out/>
<<<<<<< HEAD
  <testcase classname="com.timp.test.BRB.Formula" name="formulaBoton" time="121.242"/>
=======
  <testcase classname="com.timp.test.BRB.Formula" name="aplicar" time="15.093"/>
>>>>>>> refs/heads/Yessy
  <system-out/>
<<<<<<< HEAD
  <testcase classname="com.timp.test.BRB.Formula" name="aplicar" time="15.187"/>
=======
  <testcase classname="com.timp.test.BRB.Formula" name="formulaBoton" time="114.697"/>
>>>>>>> refs/heads/Yessy
  <system-out/>
</testsuite> <!-- com.timp.test.BRB.Formula -->
