<?xml version="1.0" encoding="UTF-8"?>
<!-- Generated by org.testng.reporters.JUnitReportReporter -->
<testsuite hostname="DESKTOP-M23FVFN" failures="0" tests="1" name="com.timp.test.MDR.TabelasApoioESocial.Tabela07.TiposDeDependentesDetalhe" time="131.174" errors="0" timestamp="29 ene. 2022 18:06:10 GMT" skipped="0">
  <testcase classname="com.timp.test.MDR.TabelasApoioESocial.Tabela07.TiposDeDependentesDetalhe" name="detalhes" time="131.174"/>
</testsuite> <!-- com.timp.test.MDR.TabelasApoioESocial.Tabela07.TiposDeDependentesDetalhe -->
