<?xml version="1.0" encoding="UTF-8"?>
<!-- Generated by org.testng.reporters.JUnitReportReporter -->
<testsuite hostname="DESKTOP-JP1A9E6" failures="0" tests="2" name="com.timp.test.BRB.ExcluirRelatorio" time="152.005" errors="0" timestamp="24 ago. 2021 06:08:11 GMT" skipped="0">
  <testcase classname="com.timp.test.BRB.ExcluirRelatorio" name="eliminarLixeira" time="54.681"/>
  <testcase classname="com.timp.test.BRB.ExcluirRelatorio" name="eliminar" time="97.324"/>
</testsuite> <!-- com.timp.test.BRB.ExcluirRelatorio -->
