<?xml version="1.0" encoding="UTF-8"?>
<!-- Generated by org.testng.reporters.JUnitReportReporter -->
<testsuite hostname="MIGUEL" failures="0" tests="3" name="com.timp.test.TDK.Dashboard.DashboardCriar" time="103.009" errors="0" timestamp="12 mar. 2021 21:19:15 GMT" skipped="0">
  <testcase classname="com.timp.test.TDK.Dashboard.DashboardCriar" name="login" time="6.774"/>
  <testcase classname="com.timp.test.TDK.Dashboard.DashboardCriar" name="acessarTDK" time="20.128"/>
  <testcase classname="com.timp.test.TDK.Dashboard.DashboardCriar" name="criar" time="76.107"/>
</testsuite> <!-- com.timp.test.TDK.Dashboard.DashboardCriar -->
