<?xml version="1.0" encoding="UTF-8"?>
<!-- Generated by org.testng.reporters.JUnitReportReporter -->
<testsuite hostname="DESKTOP-JP1A9E6" failures="0" tests="2" name="com.timp.test.BRB.GruposAvancados" time="406.345" errors="0" timestamp="01 sep. 2021 18:24:09 GMT" skipped="0">
  <testcase classname="com.timp.test.BRB.GruposAvancados" name="eliminarGrupos" time="45.264"/>
  <testcase classname="com.timp.test.BRB.GruposAvancados" name="gruposAvanzados" time="361.081"/>
</testsuite> <!-- com.timp.test.BRB.GruposAvancados -->
