<?xml version="1.0" encoding="UTF-8"?>
<!-- Generated by org.testng.reporters.JUnitReportReporter -->
<testsuite hostname="DESKTOP-M23FVFN" failures="0" tests="1" name="com.timp.test.MDR.CadastroPISCONFINS.TipoDeTributoContaContabil.TipoDeTributoContaContabilCriar" time="194.561" errors="0" timestamp="2022-05-29T18:09:01 CST" skipped="0">
  <testcase classname="com.timp.test.MDR.CadastroPISCONFINS.TipoDeTributoContaContabil.TipoDeTributoContaContabilCriar" name="criar" time="194.561"/>
  <system-out/>
</testsuite> <!-- com.timp.test.MDR.CadastroPISCONFINS.TipoDeTributoContaContabil.TipoDeTributoContaContabilCriar -->
