<?xml version="1.0" encoding="UTF-8"?>
<!-- Generated by org.testng.reporters.JUnitReportReporter -->
<testsuite hostname="Agile" failures="0" tests="1" name="com.timp.test.MDR.TabelasApoioESocial.Tabela28.DadosDeRATCriar" time="106.764" errors="0" timestamp="04 mar. 2022 09:52:12 GMT" skipped="0">
  <testcase classname="com.timp.test.MDR.TabelasApoioESocial.Tabela28.DadosDeRATCriar" name="criar" time="106.764"/>
</testsuite> <!-- com.timp.test.MDR.TabelasApoioESocial.Tabela28.DadosDeRATCriar -->
