<?xml version="1.0" encoding="UTF-8"?>
<!-- Generated by org.testng.reporters.JUnitReportReporter -->
<testsuite hostname="DESKTOP-C57COV6" failures="0" tests="1" name="com.timp.test.MDR.Siscoserv.NBS.NBSDetalhes" time="76.432" errors="0" timestamp="05 ago. 2021 13:18:07 GMT" skipped="0">
  <testcase classname="com.timp.test.MDR.Siscoserv.NBS.NBSDetalhes" name="detalhes" time="76.432"/>
</testsuite> <!-- com.timp.test.MDR.Siscoserv.NBS.NBSDetalhes -->
