<?xml version="1.0" encoding="UTF-8"?>
<!-- Generated by org.testng.reporters.JUnitReportReporter -->
<testsuite hostname="CRISTHIAN-VASQUEZ" failures="0" tests="3" name="com.timp.test.TPC.ParâmetrosGeraisVisualizar" time="66.998" errors="0" timestamp="18 Jan 2021 15:32:34 GMT">
  <testcase classname="com.timp.test.TPC.ParâmetrosGeraisVisualizar" name="ingresar" time="8.075"/>
  <testcase classname="com.timp.test.TPC.ParâmetrosGeraisVisualizar" name="ingresarTPC" time="18.094"/>
  <testcase classname="com.timp.test.TPC.ParâmetrosGeraisVisualizar" name="visualizar" time="40.829"/>
</testsuite> <!-- com.timp.test.TPC.ParâmetrosGeraisVisualizar -->
