<?xml version="1.0" encoding="UTF-8"?>
<!-- Generated by org.testng.reporters.JUnitReportReporter -->
<testsuite hostname="DESKTOP-M23FVFN" failures="0" tests="1" name="com.timp.test.MDR.Antecipacao.AntecipacaoCriar" time="194.457" errors="0" timestamp="16 feb. 2022 14:03:07 GMT" skipped="0">
  <testcase classname="com.timp.test.MDR.Antecipacao.AntecipacaoCriar" name="criar" time="194.457"/>
</testsuite> <!-- com.timp.test.MDR.Antecipacao.AntecipacaoCriar -->
