<?xml version="1.0" encoding="UTF-8"?>
<!-- Generated by org.testng.reporters.JUnitReportReporter -->
<testsuite hostname="DESKTOP-HB7TMPD" failures="0" tests="3" name="com.timp.test.BCB.ParametrosGeraisHierarquiaLixeira" time="66.961" errors="0" timestamp="25 Nov 2020 03:57:05 GMT">
  <testcase classname="com.timp.test.BCB.ParametrosGeraisHierarquiaLixeira" name="excluir" time="42.298"/>
  <testcase classname="com.timp.test.BCB.ParametrosGeraisHierarquiaLixeira" name="brbEntrar" time="14.567"/>
  <testcase classname="com.timp.test.BCB.ParametrosGeraisHierarquiaLixeira" name="login" time="10.096"/>
</testsuite> <!-- com.timp.test.BCB.ParametrosGeraisHierarquiaLixeira -->
