<?xml version="1.0" encoding="UTF-8"?>
<!-- Generated by org.testng.reporters.JUnitReportReporter -->
<testsuite hostname="DESKTOP-JP1A9E6" failures="0" tests="3" name="com.timp.test.ADM.Configuração.Usuarios.UsuáriosVisualizar" time="411.705" errors="0" timestamp="16 jul. 2021 21:51:10 GMT" skipped="0">
  <testcase classname="com.timp.test.ADM.Configuração.Usuarios.UsuáriosVisualizar" name="login" time="338.417"/>
  <testcase classname="com.timp.test.ADM.Configuração.Usuarios.UsuáriosVisualizar" name="AcessarADM" time="31.609"/>
  <testcase classname="com.timp.test.ADM.Configuração.Usuarios.UsuáriosVisualizar" name="ver" time="41.679"/>
</testsuite> <!-- com.timp.test.ADM.Configuração.Usuarios.UsuáriosVisualizar -->
