<?xml version="1.0" encoding="UTF-8"?>
<!-- Generated by org.testng.reporters.JUnitReportReporter -->
<testsuite hostname="EC2AMAZ-8HCHO4G" failures="0" tests="3" name="com.timp.test.BRB.Formula" time="189.979" errors="0" timestamp="2023-08-31T01:25:35 UTC" skipped="0">
  <testcase classname="com.timp.test.BRB.Formula" name="aplicar" time="15.143"/>
  <system-out/>
  <testcase classname="com.timp.test.BRB.Formula" name="formulaColuna" time="61.026"/>
  <system-out/>
  <testcase classname="com.timp.test.BRB.Formula" name="formulaBoton" time="113.810"/>
  <system-out/>
</testsuite> <!-- com.timp.test.BRB.Formula -->
