<?xml version="1.0" encoding="UTF-8"?>
<!-- Generated by org.testng.reporters.JUnitReportReporter -->
<testsuite hostname="LitoSoler" name="com.timp.test.BRB.Editar" tests="3" failures="0" timestamp="30 Sep 2020 16:27:58 GMT" time="103.352" errors="0">
  <testcase name="login" time="9.820" classname="com.timp.test.BRB.Editar"/>
  <testcase name="editar" time="48.334" classname="com.timp.test.BRB.Editar"/>
  <testcase name="brbEntrar" time="45.198" classname="com.timp.test.BRB.Editar"/>
</testsuite> <!-- com.timp.test.BRB.Editar -->
