<?xml version="1.0" encoding="UTF-8"?>
<!-- Generated by org.testng.reporters.JUnitReportReporter -->
<testsuite hostname="DESKTOP-BNBDMGT" failures="0" tests="1" name="com.timp.test.MDR.SequenciaAcesso.SequenciaVisualizar" time="85.375" errors="0" timestamp="19 mar. 2021 23:19:02 GMT" skipped="0">
  <testcase classname="com.timp.test.MDR.SequenciaAcesso.SequenciaVisualizar" name="Visualizar" time="85.375"/>
</testsuite> <!-- com.timp.test.MDR.SequenciaAcesso.SequenciaVisualizar -->
