<?xml version="1.0" encoding="UTF-8"?>
<!-- Generated by org.testng.reporters.JUnitReportReporter -->
<testsuite hostname="CRISTHIAN-VASQUEZ" failures="0" tests="3" name="com.timp.test.ADM.Configuração.Usuarios.UsuáriosAtivarDesativar" time="77.610" errors="0" timestamp="15 mar. 2021 22:17:07 GMT" skipped="0">
  <testcase classname="com.timp.test.ADM.Configuração.Usuarios.UsuáriosAtivarDesativar" name="login" time="8.232"/>
  <testcase classname="com.timp.test.ADM.Configuração.Usuarios.UsuáriosAtivarDesativar" name="AcessarADM" time="14.003"/>
  <testcase classname="com.timp.test.ADM.Configuração.Usuarios.UsuáriosAtivarDesativar" name="ver" time="55.375"/>
</testsuite> <!-- com.timp.test.ADM.Configuração.Usuarios.UsuáriosAtivarDesativar -->
