<?xml version="1.0" encoding="UTF-8"?>
<!-- Generated by org.testng.reporters.JUnitReportReporter -->
<testsuite hostname="DESKTOP-C57COV6" failures="0" tests="1" name="com.timp.test.MDR.TabelasApoioESocial.Tabela09.TiposDeArquivosESocialCriar" time="113.377" errors="0" timestamp="17 nov. 2021 19:42:50 GMT" skipped="0">
  <testcase classname="com.timp.test.MDR.TabelasApoioESocial.Tabela09.TiposDeArquivosESocialCriar" name="criar" time="113.377"/>
</testsuite> <!-- com.timp.test.MDR.TabelasApoioESocial.Tabela09.TiposDeArquivosESocialCriar -->
