<?xml version="1.0" encoding="UTF-8"?>
<!-- Generated by org.testng.reporters.JUnitReportReporter -->
<testsuite hostname="DESKTOP-HB7TMPD" failures="0" tests="3" name="com.timp.test.MDR.Siscoserv.RegistroRAS.RegistroRASExcluir" time="72.186" errors="0" timestamp="22 Dec 2020 06:59:22 GMT">
  <testcase classname="com.timp.test.MDR.Siscoserv.RegistroRAS.RegistroRASExcluir" name="excluir" time="36.230"/>
  <testcase classname="com.timp.test.MDR.Siscoserv.RegistroRAS.RegistroRASExcluir" name="login" time="13.590"/>
  <testcase classname="com.timp.test.MDR.Siscoserv.RegistroRAS.RegistroRASExcluir" name="acessarMDR" time="22.366"/>
</testsuite> <!-- com.timp.test.MDR.Siscoserv.RegistroRAS.RegistroRASExcluir -->
