<?xml version="1.0" encoding="UTF-8"?>
<!-- Generated by org.testng.reporters.JUnitReportReporter -->
<testsuite hostname="MIGUEL" failures="0" tests="1" name="com.timp.test.BRE.RegrasdeAuditoriaN1.ParametrosGerais.RegrasDeAuditoriaN1Criar" time="130.688" errors="0" timestamp="30 mar. 2021 14:22:48 GMT" skipped="0">
  <testcase classname="com.timp.test.BRE.RegrasdeAuditoriaN1.ParametrosGerais.RegrasDeAuditoriaN1Criar" name="criar" time="130.688"/>
</testsuite> <!-- com.timp.test.BRE.RegrasdeAuditoriaN1.ParametrosGerais.RegrasDeAuditoriaN1Criar -->
