<?xml version="1.0" encoding="UTF-8"?>
<!-- Generated by org.testng.reporters.JUnitReportReporter -->
<testsuite hostname="DESKTOP-C57COV6" failures="0" tests="1" name="com.timp.test.TCC.GestaoDeCreditoTributarioPISCONFINS.GestaoDeCreditoTributarioPIS.ConfiguracaoEExecucao.Registro1102.Registro1102Excluir" time="141.902" errors="0" timestamp="10 may. 2021 22:11:28 GMT" skipped="0">
  <testcase classname="com.timp.test.TCC.GestaoDeCreditoTributarioPISCONFINS.GestaoDeCreditoTributarioPIS.ConfiguracaoEExecucao.Registro1102.Registro1102Excluir" name="Excluir" time="141.902"/>
</testsuite> <!-- com.timp.test.TCC.GestaoDeCreditoTributarioPISCONFINS.GestaoDeCreditoTributarioPIS.ConfiguracaoEExecucao.Registro1102.Registro1102Excluir -->
