<?xml version="1.0" encoding="UTF-8"?>
<!-- Generated by org.testng.reporters.JUnitReportReporter -->
<testsuite hostname="EC2AMAZ-8HCHO4G" failures="0" tests="1" name="com.timp.test.BRB.AtivarComentario" time="90.600" errors="0" timestamp="2023-05-08T19:56:11 UTC" skipped="0">
  <testcase classname="com.timp.test.BRB.AtivarComentario" name="ativarComentarios" time="90.600"/>
  <system-out/>
</testsuite> <!-- com.timp.test.BRB.AtivarComentario -->
