<?xml version="1.0" encoding="UTF-8"?>
<!-- Generated by org.testng.reporters.JUnitReportReporter -->
<testsuite hostname="MassielV" failures="0" tests="2" name="com.timp.test.MDR.CEP.Bairro.BairroExcluirMassa" time="287.934" errors="0" timestamp="18 oct. 2021 01:11:04 GMT" skipped="0">
  <testcase classname="com.timp.test.MDR.CEP.Bairro.BairroExcluirMassa" name="criar" time="238.581"/>
  <testcase classname="com.timp.test.MDR.CEP.Bairro.BairroExcluirMassa" name="excluirMassa" time="49.353"/>
</testsuite> <!-- com.timp.test.MDR.CEP.Bairro.BairroExcluirMassa -->
