<?xml version="1.0" encoding="UTF-8"?>
<!-- Generated by org.testng.reporters.JUnitReportReporter -->
<testsuite hostname="DESKTOP-M23FVFN" failures="0" tests="1" name="com.timp.test.BRB.EditarRelatorio" time="134.255" errors="0" timestamp="2022-07-18T16:02:19 CST" skipped="0">
  <testcase classname="com.timp.test.BRB.EditarRelatorio" name="editar" time="134.255"/>
  <system-out/>
</testsuite> <!-- com.timp.test.BRB.EditarRelatorio -->
