<?xml version="1.0" encoding="UTF-8"?>
<!-- Generated by org.testng.reporters.JUnitReportReporter -->
<testsuite hostname="MassielV" failures="0" tests="1" name="com.timp.test.TCC.GestaoDeCreditoTributarioPISCONFINS.ApuracaoDeCreditoTributarioCOFINS.ConfiguracaoEExecucao.RegistroM625.RegistroM625Criar" time="145.314" errors="0" timestamp="26 oct. 2021 07:39:36 GMT" skipped="0">
  <testcase classname="com.timp.test.TCC.GestaoDeCreditoTributarioPISCONFINS.ApuracaoDeCreditoTributarioCOFINS.ConfiguracaoEExecucao.RegistroM625.RegistroM625Criar" name="criar" time="145.314"/>
</testsuite> <!-- com.timp.test.TCC.GestaoDeCreditoTributarioPISCONFINS.ApuracaoDeCreditoTributarioCOFINS.ConfiguracaoEExecucao.RegistroM625.RegistroM625Criar -->
