<?xml version="1.0" encoding="UTF-8"?>
<!-- Generated by org.testng.reporters.JUnitReportReporter -->
<testsuite hostname="MassielV" failures="0" tests="1" name="com.timp.test.MDR.CadastrosIRPJCSLL.CadastroContaisContabeis.CadastroContaisContabeisFiltroID" time="63.856" errors="0" timestamp="07 nov. 2021 17:06:07 GMT" skipped="0">
  <testcase classname="com.timp.test.MDR.CadastrosIRPJCSLL.CadastroContaisContabeis.CadastroContaisContabeisFiltroID" name="filtro" time="63.856"/>
</testsuite> <!-- com.timp.test.MDR.CadastrosIRPJCSLL.CadastroContaisContabeis.CadastroContaisContabeisFiltroID -->
