<?xml version="1.0" encoding="UTF-8"?>
<!-- Generated by org.testng.reporters.JUnitReportReporter -->
<testsuite hostname="DESKTOP-BNBDMGT" failures="0" tests="1" name="com.timp.test.MDR.SCANC.SCANCDistribuidoras.SCANCDistribuidorasVisualizar" time="75.627" errors="0" timestamp="19 mar. 2021 23:19:03 GMT" skipped="0">
  <testcase classname="com.timp.test.MDR.SCANC.SCANCDistribuidoras.SCANCDistribuidorasVisualizar" name="visualizar" time="75.627"/>
</testsuite> <!-- com.timp.test.MDR.SCANC.SCANCDistribuidoras.SCANCDistribuidorasVisualizar -->
