<?xml version="1.0" encoding="UTF-8"?>
<!-- Generated by org.testng.reporters.JUnitReportReporter -->
<testsuite hostname="DESKTOP-C57COV6" failures="0" tests="2" name="com.timp.test.MDR.SCANC.SCANCDistribuidoras.SCANCDistribuidorasExcluirEmMasa" time="258.852" errors="0" timestamp="11 may. 2021 07:42:39 GMT" skipped="0">
  <testcase classname="com.timp.test.MDR.SCANC.SCANCDistribuidoras.SCANCDistribuidorasExcluirEmMasa" name="excluirMassa" time="61.923"/>
  <testcase classname="com.timp.test.MDR.SCANC.SCANCDistribuidoras.SCANCDistribuidorasExcluirEmMasa" name="Criar" time="196.929"/>
</testsuite> <!-- com.timp.test.MDR.SCANC.SCANCDistribuidoras.SCANCDistribuidorasExcluirEmMasa -->
