<?xml version="1.0" encoding="UTF-8"?>
<!-- Generated by org.testng.reporters.JUnitReportReporter -->
<testsuite hostname="DESKTOP-JP1A9E6" failures="0" tests="2" name="com.timp.test.BRB.ExcluirColuna" time="164.840" errors="0" timestamp="31 may. 2021 16:54:13 GMT" skipped="0">
  <testcase classname="com.timp.test.BRB.ExcluirColuna" name="excluirColunaOpcao" time="59.021"/>
  <testcase classname="com.timp.test.BRB.ExcluirColuna" name="excluirColunaDragNDrop" time="105.819"/>
</testsuite> <!-- com.timp.test.BRB.ExcluirColuna -->
