<?xml version="1.0" encoding="UTF-8"?>
<!-- Generated by org.testng.reporters.JUnitReportReporter -->
<testsuite hostname="LitoSoler" name="com.timp.test.MDR.CodigoReceita.CodigoReceitaExcluirEmMassa" tests="4" failures="0" timestamp="22 Jan 2021 19:25:02 GMT" time="119.898" errors="0">
  <testcase name="login" time="7.057" classname="com.timp.test.MDR.CodigoReceita.CodigoReceitaExcluirEmMassa"/>
  <testcase name="criar" time="73.926" classname="com.timp.test.MDR.CodigoReceita.CodigoReceitaExcluirEmMassa"/>
  <testcase name="acessarMDR" time="14.808" classname="com.timp.test.MDR.CodigoReceita.CodigoReceitaExcluirEmMassa"/>
  <testcase name="excluir" time="24.107" classname="com.timp.test.MDR.CodigoReceita.CodigoReceitaExcluirEmMassa"/>
</testsuite> <!-- com.timp.test.MDR.CodigoReceita.CodigoReceitaExcluirEmMassa -->
