<?xml version="1.0" encoding="UTF-8"?>
<!-- Generated by org.testng.reporters.JUnitReportReporter -->
<testsuite hostname="LitoSoler" name="com.timp.test.BCB.ParametrosGeraisHierarquiaEditar" tests="3" failures="0" timestamp="21 Jan 2021 20:23:17 GMT" time="70.388" errors="0">
  <testcase name="editar" time="51.148" classname="com.timp.test.BCB.ParametrosGeraisHierarquiaEditar"/>
  <testcase name="login" time="6.409" classname="com.timp.test.BCB.ParametrosGeraisHierarquiaEditar"/>
  <testcase name="brbEntrar" time="12.831" classname="com.timp.test.BCB.ParametrosGeraisHierarquiaEditar"/>
</testsuite> <!-- com.timp.test.BCB.ParametrosGeraisHierarquiaEditar -->
