<?xml version="1.0" encoding="UTF-8"?>
<!-- Generated by org.testng.reporters.JUnitReportReporter -->
<<<<<<< HEAD
<testsuite hostname="DESKTOP-C57COV6" failures="0" tests="1" name="com.timp.test.MDR.DeterminacaoDeTipoDeCondicao.DeterminacaoDeTipoDeCondicaoExcluirMassa" time="304.104" errors="0" timestamp="29 may. 2021 04:23:36 GMT" skipped="0">
  <testcase classname="com.timp.test.MDR.DeterminacaoDeTipoDeCondicao.DeterminacaoDeTipoDeCondicaoExcluirMassa" name="criar" time="304.104"/>
=======
<testsuite hostname="DESKTOP-JP1A9E6" failures="0" tests="1" name="com.timp.test.MDR.DeterminacaoDeTipoDeCondicao.DeterminacaoDeTipoDeCondicaoExcluirMassa" time="303.100" errors="0" timestamp="05 jun. 2021 01:48:58 GMT" skipped="0">
  <testcase classname="com.timp.test.MDR.DeterminacaoDeTipoDeCondicao.DeterminacaoDeTipoDeCondicaoExcluirMassa" name="criar" time="303.100"/>
>>>>>>> branch 'Yessy' of https://github.com/salc1997/TIMP_R1.git
</testsuite> <!-- com.timp.test.MDR.DeterminacaoDeTipoDeCondicao.DeterminacaoDeTipoDeCondicaoExcluirMassa -->
