<?xml version="1.0" encoding="UTF-8"?>
<!-- Generated by org.testng.reporters.JUnitReportReporter -->
<testsuite hostname="Agile" failures="0" tests="2" name="com.timp.test.MDR.IncentivosFiscais.IncentivosFiscaisExcluirEmMassa" time="279.970" errors="0" timestamp="16 feb. 2022 09:18:51 GMT" skipped="0">
  <testcase classname="com.timp.test.MDR.IncentivosFiscais.IncentivosFiscaisExcluirEmMassa" name="excluirEmMassa" time="45.621"/>
  <testcase classname="com.timp.test.MDR.IncentivosFiscais.IncentivosFiscaisExcluirEmMassa" name="criar" time="234.349"/>
</testsuite> <!-- com.timp.test.MDR.IncentivosFiscais.IncentivosFiscaisExcluirEmMassa -->
