<?xml version="1.0" encoding="UTF-8"?>
<!-- Generated by org.testng.reporters.JUnitReportReporter -->
<testsuite hostname="DESKTOP-M23FVFN" failures="0" tests="1" name="com.timp.test.TFP.Configurações.Bloqueios.Periodo.ConfiguracaoBloqueiosEditar" time="207.500" errors="0" timestamp="2022-09-01T17:47:15 CST" skipped="0">
  <testcase classname="com.timp.test.TFP.Configurações.Bloqueios.Periodo.ConfiguracaoBloqueiosEditar" name="editar" time="207.500"/>
  <system-out/>
</testsuite> <!-- com.timp.test.TFP.Configurações.Bloqueios.Periodo.ConfiguracaoBloqueiosEditar -->
