<?xml version="1.0" encoding="UTF-8"?>
<!-- Generated by org.testng.reporters.JUnitReportReporter -->
<testsuite hostname="LitoSoler" name="com.timp.test.BSC.FiltroPorIDRegistroCriar" tests="3" failures="0" timestamp="25 Nov 2020 23:15:54 GMT" time="141.131" errors="0">
  <testcase name="login" time="5.965" classname="com.timp.test.BSC.FiltroPorIDRegistroCriar"/>
  <testcase name="criar" time="114.826" classname="com.timp.test.BSC.FiltroPorIDRegistroCriar"/>
  <testcase name="acessarMDR" time="20.340" classname="com.timp.test.BSC.FiltroPorIDRegistroCriar"/>
</testsuite> <!-- com.timp.test.BSC.FiltroPorIDRegistroCriar -->
