<?xml version="1.0" encoding="UTF-8"?>
<!-- Generated by org.testng.reporters.JUnitReportReporter -->
<testsuite hostname="MIGUEL" failures="0" tests="11" name="com.timp.test.DFG.Arquivos.Funcionalidades" time="498.971" errors="0" timestamp="4 Jan 2021 05:23:40 GMT">
  <testcase classname="com.timp.test.DFG.Arquivos.Funcionalidades" name="criarConfiguracao" time="59.988"/>
  <testcase classname="com.timp.test.DFG.Arquivos.Funcionalidades" name="informacao" time="8.910"/>
  <testcase classname="com.timp.test.DFG.Arquivos.Funcionalidades" name="idPublicoPrivado" time="28.896"/>
  <testcase classname="com.timp.test.DFG.Arquivos.Funcionalidades" name="oficializarArquivo" time="18.728"/>
  <testcase classname="com.timp.test.DFG.Arquivos.Funcionalidades" name="lixeira" time="76.722"/>
  <testcase classname="com.timp.test.DFG.Arquivos.Funcionalidades" name="dfgEntrar" time="18.920"/>
  <testcase classname="com.timp.test.DFG.Arquivos.Funcionalidades" name="criarNovoLeiaute" time="95.654"/>
  <testcase classname="com.timp.test.DFG.Arquivos.Funcionalidades" name="executar" time="96.119"/>
  <testcase classname="com.timp.test.DFG.Arquivos.Funcionalidades" name="registros" time="47.497"/>
  <testcase classname="com.timp.test.DFG.Arquivos.Funcionalidades" name="ingresar" time="9.946"/>
  <testcase classname="com.timp.test.DFG.Arquivos.Funcionalidades" name="favorito" time="37.591"/>
</testsuite> <!-- com.timp.test.DFG.Arquivos.Funcionalidades -->
