<?xml version="1.0" encoding="UTF-8"?>
<!-- Generated by org.testng.reporters.JUnitReportReporter -->
<testsuite hostname="LitoSoler" name="com.timp.test.BRB.Editar" tests="3" failures="0" timestamp="27 Jul 2020 18:13:33 GMT" time="58.800" errors="0">
  <testcase name="login" time="5.609" classname="com.timp.test.BRB.Editar"/>
  <testcase name="editar" time="39.689" classname="com.timp.test.BRB.Editar"/>
  <testcase name="brbEntrar" time="13.502" classname="com.timp.test.BRB.Editar"/>
</testsuite> <!-- com.timp.test.BRB.Editar -->
