<?xml version="1.0" encoding="UTF-8"?>
<!-- Generated by org.testng.reporters.JUnitReportReporter -->
<testsuite hostname="DESKTOP-C57COV6" failures="0" tests="2" name="com.timp.test.MDR.Siscoserv.RegistroRF.RegistroRFExcluirEmMassa" time="216.518" errors="0" timestamp="02 sep. 2021 22:15:15 GMT" skipped="0">
  <testcase classname="com.timp.test.MDR.Siscoserv.RegistroRF.RegistroRFExcluirEmMassa" name="criar" time="182.487"/>
  <testcase classname="com.timp.test.MDR.Siscoserv.RegistroRF.RegistroRFExcluirEmMassa" name="excluirEmMassa" time="34.031"/>
</testsuite> <!-- com.timp.test.MDR.Siscoserv.RegistroRF.RegistroRFExcluirEmMassa -->
