<?xml version="1.0" encoding="UTF-8"?>
<!-- Generated by org.testng.reporters.JUnitReportReporter -->
<testsuite hostname="DESKTOP-C57COV6" failures="0" tests="2" name="com.timp.test.MDR.TaxasDeConversao.TaxasDeConversaoExcluirEmMassa" time="138.697" errors="0" timestamp="26 may. 2021 06:19:51 GMT" skipped="0">
  <testcase classname="com.timp.test.MDR.TaxasDeConversao.TaxasDeConversaoExcluirEmMassa" name="criar" time="110.339"/>
  <testcase classname="com.timp.test.MDR.TaxasDeConversao.TaxasDeConversaoExcluirEmMassa" name="excluirEmMassa" time="28.358"/>
</testsuite> <!-- com.timp.test.MDR.TaxasDeConversao.TaxasDeConversaoExcluirEmMassa -->
