<?xml version="1.0" encoding="UTF-8"?>
<!-- Generated by org.testng.reporters.JUnitReportReporter -->
<testsuite hostname="MassielV" failures="0" tests="1" name="com.timp.test.BRB.ReordenarColuna" time="309.070" errors="0" timestamp="10 nov. 2021 22:57:29 GMT" skipped="0">
  <testcase classname="com.timp.test.BRB.ReordenarColuna" name="reordenar" time="309.070"/>
</testsuite> <!-- com.timp.test.BRB.ReordenarColuna -->
