<?xml version="1.0" encoding="UTF-8"?>
<!-- Generated by org.testng.reporters.JUnitReportReporter -->
<testsuite hostname="MassielV" failures="0" tests="1" name="com.timp.test.MDR.Centralizacao.Saldos.SaldosFiltrarId" time="98.335" errors="0" timestamp="27 oct. 2021 07:41:51 GMT" skipped="0">
  <testcase classname="com.timp.test.MDR.Centralizacao.Saldos.SaldosFiltrarId" name="FiltrarSaldosId" time="98.335"/>
</testsuite> <!-- com.timp.test.MDR.Centralizacao.Saldos.SaldosFiltrarId -->
