<?xml version="1.0" encoding="UTF-8"?>
<!-- Generated by org.testng.reporters.JUnitReportReporter -->
<testsuite hostname="DESKTOP-C57COV6" failures="0" tests="2" name="com.timp.test.MDR.Centralizacao.FatorCreditamento.FatorCreditamentoExcluirEmMassa" time="277.323" errors="0" timestamp="20 oct. 2021 19:20:01 GMT" skipped="0">
  <testcase classname="com.timp.test.MDR.Centralizacao.FatorCreditamento.FatorCreditamentoExcluirEmMassa" name="excluir" time="48.720"/>
  <testcase classname="com.timp.test.MDR.Centralizacao.FatorCreditamento.FatorCreditamentoExcluirEmMassa" name="criar" time="228.603"/>
</testsuite> <!-- com.timp.test.MDR.Centralizacao.FatorCreditamento.FatorCreditamentoExcluirEmMassa -->
