<?xml version="1.0" encoding="UTF-8"?>
<!-- Generated by org.testng.reporters.JUnitReportReporter -->
<testsuite hostname="DESKTOP-35UG9UP" name="com.timp.test.BRB.AgrupadoPeloCampo" tests="3" failures="0" timestamp="1 Oct 2020 15:25:38 GMT" time="138.448" errors="0">
  <testcase name="login" time="11.704" classname="com.timp.test.BRB.AgrupadoPeloCampo"/>
  <testcase name="agrupadoPeloCampo" time="101.386" classname="com.timp.test.BRB.AgrupadoPeloCampo"/>
  <testcase name="brbEntrar" time="25.358" classname="com.timp.test.BRB.AgrupadoPeloCampo"/>
</testsuite> <!-- com.timp.test.BRB.AgrupadoPeloCampo -->
