<?xml version="1.0" encoding="UTF-8"?>
<!-- Generated by org.testng.reporters.JUnitReportReporter -->
<testsuite hostname="MIGUEL" failures="0" tests="3" name="com.timp.test.DFG.Configuracoes.ConfiguracoesCriar" time="297.058" errors="0" timestamp="06 abr. 2021 19:47:42 GMT" skipped="0">
  <testcase classname="com.timp.test.DFG.Configuracoes.ConfiguracoesCriar" name="ingresar" time="8.560"/>
  <testcase classname="com.timp.test.DFG.Configuracoes.ConfiguracoesCriar" name="mdrEntrar" time="21.886"/>
  <testcase classname="com.timp.test.DFG.Configuracoes.ConfiguracoesCriar" name="criar" time="266.612"/>
</testsuite> <!-- com.timp.test.DFG.Configuracoes.ConfiguracoesCriar -->
