<?xml version="1.0" encoding="UTF-8"?>
<!-- Generated by org.testng.reporters.JUnitReportReporter -->
<testsuite hostname="DESKTOP-5P4F1JE" failures="0" tests="3" name="com.timp.test.BRE.RegrasDeMensagens.Edicao.RegrasDeMensagensSimular" time="127.017" errors="0" timestamp="8 Jan 2021 02:59:39 GMT">
  <testcase classname="com.timp.test.BRE.RegrasDeMensagens.Edicao.RegrasDeMensagensSimular" name="acessarBRE" time="16.887"/>
  <testcase classname="com.timp.test.BRE.RegrasDeMensagens.Edicao.RegrasDeMensagensSimular" name="editar" time="102.097"/>
  <testcase classname="com.timp.test.BRE.RegrasDeMensagens.Edicao.RegrasDeMensagensSimular" name="login" time="8.033"/>
</testsuite> <!-- com.timp.test.BRE.RegrasDeMensagens.Edicao.RegrasDeMensagensSimular -->
