<?xml version="1.0" encoding="UTF-8"?>
<!-- Generated by org.testng.reporters.JUnitReportReporter -->
<testsuite hostname="LitoSoler" name="com.timp.test.MDR.AtividadesFiscais.AtividadeFiscal.AtividadeEliminar" tests="3" failures="0" timestamp="18 Nov 2020 17:40:00 GMT" time="72.425" errors="0">
  <testcase name="eliminar" time="42.490" classname="com.timp.test.MDR.AtividadesFiscais.AtividadeFiscal.AtividadeEliminar"/>
  <testcase name="login" time="6.408" classname="com.timp.test.MDR.AtividadesFiscais.AtividadeFiscal.AtividadeEliminar"/>
  <testcase name="acessarMDR" time="23.527" classname="com.timp.test.MDR.AtividadesFiscais.AtividadeFiscal.AtividadeEliminar"/>
</testsuite> <!-- com.timp.test.MDR.AtividadesFiscais.AtividadeFiscal.AtividadeEliminar -->
