<?xml version="1.0" encoding="UTF-8"?>
<!-- Generated by org.testng.reporters.JUnitReportReporter -->
<testsuite hostname="DESKTOP-HB7TMPD" failures="0" tests="6" name="com.timp.test.BCB.DemaisHierarquiaConfiguracaoTodasAsFuncionalidades" time="259.825" errors="0" timestamp="6 Jan 2021 05:35:11 GMT">
  <testcase classname="com.timp.test.BCB.DemaisHierarquiaConfiguracaoTodasAsFuncionalidades" name="brbEntrar" time="16.756"/>
  <testcase classname="com.timp.test.BCB.DemaisHierarquiaConfiguracaoTodasAsFuncionalidades" name="excluirConfiguracoes2" time="64.410"/>
  <testcase classname="com.timp.test.BCB.DemaisHierarquiaConfiguracaoTodasAsFuncionalidades" name="login" time="9.056"/>
  <testcase classname="com.timp.test.BCB.DemaisHierarquiaConfiguracaoTodasAsFuncionalidades" name="excluirConfiguracoes1" time="57.733"/>
  <testcase classname="com.timp.test.BCB.DemaisHierarquiaConfiguracaoTodasAsFuncionalidades" name="excluirHierarquia2" time="58.179"/>
  <testcase classname="com.timp.test.BCB.DemaisHierarquiaConfiguracaoTodasAsFuncionalidades" name="excluirHierarquia1" time="53.691"/>
</testsuite> <!-- com.timp.test.BCB.DemaisHierarquiaConfiguracaoTodasAsFuncionalidades -->
