<?xml version="1.0" encoding="UTF-8"?>
<!-- Generated by org.testng.reporters.JUnitReportReporter -->
<testsuite hostname="LitoSoler" name="com.timp.test.MDR.Antecipacao.AntecipacaoCriar" tests="3" failures="0" timestamp="31 Aug 2020 15:57:32 GMT" time="180.998" errors="0">
  <testcase name="criar" time="143.333" classname="com.timp.test.MDR.Antecipacao.AntecipacaoCriar"/>
  <testcase name="login" time="8.398" classname="com.timp.test.MDR.Antecipacao.AntecipacaoCriar"/>
  <testcase name="acessarMDR" time="29.267" classname="com.timp.test.MDR.Antecipacao.AntecipacaoCriar"/>
</testsuite> <!-- com.timp.test.MDR.Antecipacao.AntecipacaoCriar -->
