<?xml version="1.0" encoding="UTF-8"?>
<!-- Generated by org.testng.reporters.JUnitReportReporter -->
<testsuite hostname="DESKTOP-35UG9UP" name="com.timp.test.BRB.ValidacaoEstruturas.CIAP" tests="3" failures="0" timestamp="16 Sep 2020 16:37:04 GMT" time="104.552" errors="0">
  <testcase name="brbEntrar" time="25.138" classname="com.timp.test.BRB.ValidacaoEstruturas.CIAP"/>
  <testcase name="verificar" time="67.507" classname="com.timp.test.BRB.ValidacaoEstruturas.CIAP"/>
  <testcase name="login" time="11.907" classname="com.timp.test.BRB.ValidacaoEstruturas.CIAP"/>
</testsuite> <!-- com.timp.test.BRB.ValidacaoEstruturas.CIAP -->
