<?xml version="1.0" encoding="UTF-8"?>
<!-- Generated by org.testng.reporters.JUnitReportReporter -->
<testsuite hostname="DESKTOP-C57COV6" failures="0" tests="1" name="com.timp.test.MDR.CEP.Bairro.BairroEditar" time="198.454" errors="0" timestamp="31 ago. 2021 20:54:36 GMT" skipped="0">
  <testcase classname="com.timp.test.MDR.CEP.Bairro.BairroEditar" name="editar" time="198.454"/>
</testsuite> <!-- com.timp.test.MDR.CEP.Bairro.BairroEditar -->
