<?xml version="1.0" encoding="UTF-8"?>
<!-- Generated by org.testng.reporters.JUnitReportReporter -->
<testsuite hostname="LitoSoler" name="com.timp.test.MDR.CEP.Logradouro.LogradouroCriar" tests="3" failures="0" timestamp="24 Sep 2020 14:34:50 GMT" time="80.484" errors="0">
  <testcase name="login" time="9.423" classname="com.timp.test.MDR.CEP.Logradouro.LogradouroCriar"/>
  <testcase name="acessarMDR" time="30.232" classname="com.timp.test.MDR.CEP.Logradouro.LogradouroCriar"/>
  <testcase name="logradouroCriar" time="40.829" classname="com.timp.test.MDR.CEP.Logradouro.LogradouroCriar"/>
</testsuite> <!-- com.timp.test.MDR.CEP.Logradouro.LogradouroCriar -->
