<?xml version="1.0" encoding="UTF-8"?>
<!-- Generated by org.testng.reporters.JUnitReportReporter -->
<testsuite hostname="DESKTOP-BNBDMGT" failures="0" tests="3" name="com.timp.test.MDR.TabelasComplementaresParaObrigaçoesAcessorias.TabelaCodigoReceitas.TabelaCodigoReceitasEditar" time="108.972" errors="0" timestamp="9 Dec 2020 23:14:22 GMT">
  <testcase classname="com.timp.test.MDR.TabelasComplementaresParaObrigaçoesAcessorias.TabelaCodigoReceitas.TabelaCodigoReceitasEditar" name="login" time="6.310"/>
  <testcase classname="com.timp.test.MDR.TabelasComplementaresParaObrigaçoesAcessorias.TabelaCodigoReceitas.TabelaCodigoReceitasEditar" name="acessarMDR" time="18.774"/>
  <testcase classname="com.timp.test.MDR.TabelasComplementaresParaObrigaçoesAcessorias.TabelaCodigoReceitas.TabelaCodigoReceitasEditar" name="editar" time="83.888"/>
</testsuite> <!-- com.timp.test.MDR.TabelasComplementaresParaObrigaçoesAcessorias.TabelaCodigoReceitas.TabelaCodigoReceitasEditar -->
