<?xml version="1.0" encoding="UTF-8"?>
<!-- Generated by org.testng.reporters.JUnitReportReporter -->
<testsuite hostname="DESKTOP-C57COV6" failures="0" tests="1" name="com.timp.test.MDR.Empresas.EmpresaEditar" time="156.068" errors="0" timestamp="17 abr. 2021 03:05:23 GMT" skipped="0">
  <testcase classname="com.timp.test.MDR.Empresas.EmpresaEditar" name="editar" time="156.068"/>
</testsuite> <!-- com.timp.test.MDR.Empresas.EmpresaEditar -->
