<?xml version="1.0" encoding="UTF-8"?>
<!-- Generated by org.testng.reporters.JUnitReportReporter -->
<testsuite hostname="DESKTOP-BNBDMGT" failures="0" tests="1" name="com.timp.test.MDR.Filiais.FiliaisVisualizar" time="37.942" errors="0" timestamp="19 mar. 2021 21:35:56 GMT" skipped="0">
  <testcase classname="com.timp.test.MDR.Filiais.FiliaisVisualizar" name="visualizar" time="37.942"/>
</testsuite> <!-- com.timp.test.MDR.Filiais.FiliaisVisualizar -->
