<?xml version="1.0" encoding="UTF-8"?>
<!-- Generated by org.testng.reporters.JUnitReportReporter -->
<<<<<<< HEAD
<testsuite hostname="DESKTOP-C57COV6" failures="0" tests="1" name="com.timp.test.TBD.ArmazenagemDeArquivos.ArmazenarArquivo.ArmazenarArquivoFiltroPorID" time="35.199" errors="0" timestamp="22 abr. 2021 00:57:05 GMT" skipped="0">
  <testcase classname="com.timp.test.TBD.ArmazenagemDeArquivos.ArmazenarArquivo.ArmazenarArquivoFiltroPorID" name="filtro" time="35.199"/>
=======
<testsuite hostname="MIGUEL" failures="0" tests="1" name="com.timp.test.TBD.ArmazenagemDeArquivos.ArmazenarArquivo.ArmazenarArquivoFiltroPorID" time="39.208" errors="0" timestamp="21 abr. 2021 21:03:34 GMT" skipped="0">
  <testcase classname="com.timp.test.TBD.ArmazenagemDeArquivos.ArmazenarArquivo.ArmazenarArquivoFiltroPorID" name="filtro" time="39.208"/>
>>>>>>> refs/heads/Fernando
</testsuite> <!-- com.timp.test.TBD.ArmazenagemDeArquivos.ArmazenarArquivo.ArmazenarArquivoFiltroPorID -->
