<?xml version="1.0" encoding="UTF-8"?>
<!-- Generated by org.testng.reporters.JUnitReportReporter -->
<testsuite hostname="DESKTOP-M23FVFN" failures="0" tests="1" name="com.timp.test.BRB.AdicionarColunas" time="164.340" errors="0" timestamp="2023-01-23T20:17:57 BRT" skipped="0">
  <testcase classname="com.timp.test.BRB.AdicionarColunas" name="adicionarColunas" time="164.340"/>
  <system-out/>
</testsuite> <!-- com.timp.test.BRB.AdicionarColunas -->
