<?xml version="1.0" encoding="UTF-8"?>
<!-- Generated by org.testng.reporters.JUnitReportReporter -->
<testsuite hostname="LitoSoler" name="com.timp.test.MDR.Siscoserv.RegistroRF.RegistroRFVisualizar" tests="3" failures="0" timestamp="20 Nov 2020 17:41:30 GMT" time="63.592" errors="0">
  <testcase name="login" time="6.519" classname="com.timp.test.MDR.Siscoserv.RegistroRF.RegistroRFVisualizar"/>
  <testcase name="acessarMDR" time="13.566" classname="com.timp.test.MDR.Siscoserv.RegistroRF.RegistroRFVisualizar"/>
  <testcase name="detalhes" time="43.507" classname="com.timp.test.MDR.Siscoserv.RegistroRF.RegistroRFVisualizar"/>
</testsuite> <!-- com.timp.test.MDR.Siscoserv.RegistroRF.RegistroRFVisualizar -->
