<?xml version="1.0" encoding="UTF-8"?>
<!-- Generated by org.testng.reporters.JUnitReportReporter -->
<testsuite hostname="Agile" failures="0" tests="1" name="com.timp.test.BRB.FiltrosAvancados" time="87.675" errors="0" timestamp="04 feb. 2022 20:12:21 GMT" skipped="0">
  <testcase classname="com.timp.test.BRB.FiltrosAvancados" name="filtrosAvanzados" time="87.675"/>
</testsuite> <!-- com.timp.test.BRB.FiltrosAvancados -->
