<?xml version="1.0" encoding="UTF-8"?>
<!-- Generated by org.testng.reporters.JUnitReportReporter -->
<testsuite skipped="0" hostname="LitoSoler" name="com.timp.test.BRB.FormatacaoEVariante" tests="2" failures="0" timestamp="24 feb 2021 16:20:01 GMT" time="169.199" errors="0">
  <testcase name="excluirVariante" time="29.489" classname="com.timp.test.BRB.FormatacaoEVariante"/>
  <testcase name="formatacaoEVariante" time="139.710" classname="com.timp.test.BRB.FormatacaoEVariante"/>
</testsuite> <!-- com.timp.test.BRB.FormatacaoEVariante -->
