<?xml version="1.0" encoding="UTF-8"?>
<!-- Generated by org.testng.reporters.JUnitReportReporter -->
<testsuite hostname="LitoSoler" name="com.timp.test.MDR.Centralizacao.FatorCreditamento.FatorCreditamentoCriar" tests="3" failures="0" timestamp="25 Jan 2021 19:57:56 GMT" time="69.790" errors="0">
  <testcase name="login" time="6.698" classname="com.timp.test.MDR.Centralizacao.FatorCreditamento.FatorCreditamentoCriar"/>
  <testcase name="criar" time="37.875" classname="com.timp.test.MDR.Centralizacao.FatorCreditamento.FatorCreditamentoCriar"/>
  <testcase name="acessarMDR" time="25.217" classname="com.timp.test.MDR.Centralizacao.FatorCreditamento.FatorCreditamentoCriar"/>
</testsuite> <!-- com.timp.test.MDR.Centralizacao.FatorCreditamento.FatorCreditamentoCriar -->
