<?xml version="1.0" encoding="UTF-8"?>
<!-- Generated by org.testng.reporters.JUnitReportReporter -->
<testsuite hostname="DESKTOP-C57COV6" failures="0" tests="3" name="com.timp.test.BRB.Formula" time="177.909" errors="0" timestamp="25 sep. 2021 05:44:13 GMT" skipped="0">
  <testcase classname="com.timp.test.BRB.Formula" name="formulaColuna" time="76.953"/>
  <testcase classname="com.timp.test.BRB.Formula" name="formulaBoton" time="97.894"/>
  <testcase classname="com.timp.test.BRB.Formula" name="aplicar" time="3.062"/>
</testsuite> <!-- com.timp.test.BRB.Formula -->
