<?xml version="1.0" encoding="UTF-8"?>
<!-- Generated by org.testng.reporters.JUnitReportReporter -->
<testsuite hostname="DESKTOP-C57COV6" failures="0" tests="1" name="com.timp.test.TCC.GestaoDeCreditoTributarioPISCONFINS.PainelCredito.ConfiguraçãoeExecução.ConfiguraçãoeExecuçãoCriar" time="196.340" errors="0" timestamp="10 may. 2021 23:22:47 GMT" skipped="0">
  <testcase classname="com.timp.test.TCC.GestaoDeCreditoTributarioPISCONFINS.PainelCredito.ConfiguraçãoeExecução.ConfiguraçãoeExecuçãoCriar" name="criar" time="196.340"/>
</testsuite> <!-- com.timp.test.TCC.GestaoDeCreditoTributarioPISCONFINS.PainelCredito.ConfiguraçãoeExecução.ConfiguraçãoeExecuçãoCriar -->
