<?xml version="1.0" encoding="UTF-8"?>
<!-- Generated by org.testng.reporters.JUnitReportReporter -->
<testsuite hostname="DESKTOP-JP1A9E6" failures="0" tests="3" name="com.timp.test.TFP.Configurações.Bloqueios.Periodo.ConfiguracaoBloqueiosEditar" time="182.966" errors="0" timestamp="23 sep. 2021 22:23:59 GMT" skipped="0">
  <testcase classname="com.timp.test.TFP.Configurações.Bloqueios.Periodo.ConfiguracaoBloqueiosEditar" name="login" time="9.451"/>
  <testcase classname="com.timp.test.TFP.Configurações.Bloqueios.Periodo.ConfiguracaoBloqueiosEditar" name="TFPEntrar" time="30.232"/>
  <testcase classname="com.timp.test.TFP.Configurações.Bloqueios.Periodo.ConfiguracaoBloqueiosEditar" name="editar" time="143.283"/>
</testsuite> <!-- com.timp.test.TFP.Configurações.Bloqueios.Periodo.ConfiguracaoBloqueiosEditar -->
