<?xml version="1.0" encoding="UTF-8"?>
<!-- Generated by org.testng.reporters.JUnitReportReporter -->
<<<<<<< HEAD
<testsuite hostname="LitoSoler" name="com.timp.test.BRB.Eliminar" tests="4" failures="0" timestamp="18 Aug 2020 21:12:27 GMT" time="182.612" errors="0">
  <testcase name="eliminar" time="70.456" classname="com.timp.test.BRB.Eliminar"/>
  <testcase name="login" time="12.694" classname="com.timp.test.BRB.Eliminar"/>
  <testcase name="brbEntrar" time="30.767" classname="com.timp.test.BRB.Eliminar"/>
  <testcase name="eliminarLixeira" time="68.695" classname="com.timp.test.BRB.Eliminar"/>
=======
<testsuite hostname="LitoSoler" name="com.timp.test.BRB.Eliminar" tests="4" failures="0" timestamp="18 Aug 2020 02:49:10 GMT" time="166.659" errors="0">
  <testcase name="eliminar" time="62.878" classname="com.timp.test.BRB.Eliminar"/>
  <testcase name="brbEntrar" time="28.290" classname="com.timp.test.BRB.Eliminar"/>
  <testcase name="login" time="9.864" classname="com.timp.test.BRB.Eliminar"/>
  <testcase name="eliminarLixeira" time="65.627" classname="com.timp.test.BRB.Eliminar"/>
>>>>>>> branch 'master' of https://github.com/Katitanuma/TIMP_R1.git
</testsuite> <!-- com.timp.test.BRB.Eliminar -->
