<?xml version="1.0" encoding="UTF-8"?>
<!-- Generated by org.testng.reporters.JUnitReportReporter -->
<testsuite hostname="DESKTOP-5P4F1JE" failures="0" tests="3" name="com.timp.test.TDK.Kpis.KpisCriar" time="105.887" errors="0" timestamp="5 Feb 2021 13:19:45 GMT">
  <testcase classname="com.timp.test.TDK.Kpis.KpisCriar" name="login" time="7.793"/>
  <testcase classname="com.timp.test.TDK.Kpis.KpisCriar" name="criar" time="74.819"/>
  <testcase classname="com.timp.test.TDK.Kpis.KpisCriar" name="acessarTDK" time="23.275"/>
</testsuite> <!-- com.timp.test.TDK.Kpis.KpisCriar -->
