<?xml version="1.0" encoding="UTF-8"?>
<!-- Generated by org.testng.reporters.JUnitReportReporter -->
<testsuite hostname="DESKTOP-M23FVFN" failures="0" tests="2" name="com.timp.test.BRB.GruposAvancados" time="522.043" errors="0" timestamp="30 nov. 2021 16:47:32 GMT" skipped="0">
  <testcase classname="com.timp.test.BRB.GruposAvancados" name="eliminarGrupos" time="58.418"/>
  <testcase classname="com.timp.test.BRB.GruposAvancados" name="gruposAvanzados" time="463.625"/>
</testsuite> <!-- com.timp.test.BRB.GruposAvancados -->
