<?xml version="1.0" encoding="UTF-8"?>
<!-- Generated by org.testng.reporters.JUnitReportReporter -->
<testsuite hostname="DESKTOP-35UG9UP" name="com.timp.test.MDR.Empresas.EmpresasVisualizar" tests="3" failures="0" timestamp="2 Sep 2020 15:09:22 GMT" time="78.892" errors="0">
  <testcase name="login" time="11.722" classname="com.timp.test.MDR.Empresas.EmpresasVisualizar"/>
  <testcase name="visualizar" time="55.381" classname="com.timp.test.MDR.Empresas.EmpresasVisualizar"/>
  <testcase name="acessarMDR" time="11.789" classname="com.timp.test.MDR.Empresas.EmpresasVisualizar"/>
</testsuite> <!-- com.timp.test.MDR.Empresas.EmpresasVisualizar -->
