<?xml version="1.0" encoding="UTF-8"?>
<!-- Generated by org.testng.reporters.JUnitReportReporter -->
<testsuite hostname="DESKTOP-5P4F1JE" failures="0" tests="3" name="com.timp.test.MDR.TabelasApoioESocial.Tabela01.CategoriasDeTrabalhadoresEditar" time="85.635" errors="0" timestamp="26 Oct 2020 20:15:40 GMT">
  <testcase classname="com.timp.test.MDR.TabelasApoioESocial.Tabela01.CategoriasDeTrabalhadoresEditar" name="login" time="7.033"/>
  <testcase classname="com.timp.test.MDR.TabelasApoioESocial.Tabela01.CategoriasDeTrabalhadoresEditar" name="editar" time="57.765"/>
  <testcase classname="com.timp.test.MDR.TabelasApoioESocial.Tabela01.CategoriasDeTrabalhadoresEditar" name="acessarMDR" time="20.837"/>
</testsuite> <!-- com.timp.test.MDR.TabelasApoioESocial.Tabela01.CategoriasDeTrabalhadoresEditar -->
