<?xml version="1.0" encoding="UTF-8"?>
<!-- Generated by org.testng.reporters.JUnitReportReporter -->
<testsuite hostname="DESKTOP-5P4F1JE" failures="0" tests="3" name="com.timp.test.BRE.RegrasDeAuditoriaN4.ParametrosGerais.RegrasdeAuditoriaN4LixeiraExcluirdefinitivamente" time="132.566" errors="0" timestamp="2 Feb 2021 13:09:47 GMT">
  <testcase classname="com.timp.test.BRE.RegrasDeAuditoriaN4.ParametrosGerais.RegrasdeAuditoriaN4LixeiraExcluirdefinitivamente" name="acessarBRE" time="18.937"/>
  <testcase classname="com.timp.test.BRE.RegrasDeAuditoriaN4.ParametrosGerais.RegrasdeAuditoriaN4LixeiraExcluirdefinitivamente" name="login" time="13.170"/>
  <testcase classname="com.timp.test.BRE.RegrasDeAuditoriaN4.ParametrosGerais.RegrasdeAuditoriaN4LixeiraExcluirdefinitivamente" name="lexeira" time="100.459"/>
</testsuite> <!-- com.timp.test.BRE.RegrasDeAuditoriaN4.ParametrosGerais.RegrasdeAuditoriaN4LixeiraExcluirdefinitivamente -->
