<?xml version="1.0" encoding="UTF-8"?>
<!-- Generated by org.testng.reporters.JUnitReportReporter -->
<testsuite hostname="EC2AMAZ-8HCHO4G" failures="0" tests="1" name="com.timp.test.TDK.Execucoes.ExecucoesIdPublicoePrivado" time="151.871" errors="0" timestamp="2024-01-22T19:48:13 UTC" skipped="0">
  <testcase classname="com.timp.test.TDK.Execucoes.ExecucoesIdPublicoePrivado" name="criar" time="151.871"/>
  <system-out/>
</testsuite> <!-- com.timp.test.TDK.Execucoes.ExecucoesIdPublicoePrivado -->
