<?xml version="1.0" encoding="UTF-8"?>
<!-- Generated by org.testng.reporters.JUnitReportReporter -->
<testsuite hostname="LitoSoler" name="com.timp.test.DFG.AN3.AN3Funcionalidades" tests="3" failures="0" timestamp="28 Dec 2020 22:26:34 GMT" time="137.407" errors="0">
  <testcase name="ExecucaoDFG" time="109.731" classname="com.timp.test.DFG.AN3.AN3Funcionalidades"/>
  <testcase name="ingresar" time="8.153" classname="com.timp.test.DFG.AN3.AN3Funcionalidades"/>
  <testcase name="mdrEntrar" time="19.523" classname="com.timp.test.DFG.AN3.AN3Funcionalidades"/>
</testsuite> <!-- com.timp.test.DFG.AN3.AN3Funcionalidades -->
