<?xml version="1.0" encoding="UTF-8"?>
<!-- Generated by org.testng.reporters.JUnitReportReporter -->
<testsuite hostname="DESKTOP-5P4F1JE" failures="0" tests="5" name="com.timp.test.BRB.Formula" time="155.480" errors="0" timestamp="13 Nov 2020 19:23:08 GMT">
  <testcase classname="com.timp.test.BRB.Formula" name="aplicar" time="7.931"/>
  <testcase classname="com.timp.test.BRB.Formula" name="brbEntrar" time="22.814"/>
  <testcase classname="com.timp.test.BRB.Formula" name="formulaColuna" time="38.918"/>
  <testcase classname="com.timp.test.BRB.Formula" name="login" time="8.288"/>
  <testcase classname="com.timp.test.BRB.Formula" name="formulaBoton" time="77.529"/>
</testsuite> <!-- com.timp.test.BRB.Formula -->
