<?xml version="1.0" encoding="UTF-8"?>
<!-- Generated by org.testng.reporters.JUnitReportReporter -->
<testsuite hostname="Agile" failures="0" tests="2" name="com.timp.test.MDR.CodigoContabilizacao.CódigoContabilizaçãoExcluirMassa" time="367.706" errors="0" timestamp="04 mar. 2022 23:02:57 GMT" skipped="0">
  <testcase classname="com.timp.test.MDR.CodigoContabilizacao.CódigoContabilizaçãoExcluirMassa" name="criar" time="307.495"/>
  <testcase classname="com.timp.test.MDR.CodigoContabilizacao.CódigoContabilizaçãoExcluirMassa" name="exlcuir" time="60.211"/>
</testsuite> <!-- com.timp.test.MDR.CodigoContabilizacao.CódigoContabilizaçãoExcluirMassa -->
