<?xml version="1.0" encoding="UTF-8"?>
<!-- Generated by org.testng.reporters.JUnitReportReporter -->
<testsuite hostname="DESKTOP-C57COV6" failures="0" tests="1" name="com.timp.test.MDR.ValorAdicionado.Municipio.MunicipioExcluir" time="82.152" errors="0" timestamp="27 oct. 2021 11:02:02 GMT" skipped="0">
  <testcase classname="com.timp.test.MDR.ValorAdicionado.Municipio.MunicipioExcluir" name="excluir" time="82.152"/>
</testsuite> <!-- com.timp.test.MDR.ValorAdicionado.Municipio.MunicipioExcluir -->
