<?xml version="1.0" encoding="UTF-8"?>
<!-- Generated by org.testng.reporters.JUnitReportReporter -->
<testsuite hostname="Agile" failures="0" tests="1" name="com.timp.test.MDR.RegistroECAC.RegistroECACCVisualizar" time="172.582" errors="0" timestamp="22 dic. 2021 18:46:15 GMT" skipped="0">
  <testcase classname="com.timp.test.MDR.RegistroECAC.RegistroECACCVisualizar" name="Visualizar" time="172.582"/>
</testsuite> <!-- com.timp.test.MDR.RegistroECAC.RegistroECACCVisualizar -->
