<?xml version="1.0" encoding="UTF-8"?>
<!-- Generated by org.testng.reporters.JUnitReportReporter -->
<testsuite hostname="DESKTOP-BNBDMGT" failures="0" tests="3" name="com.timp.test.MDR.Siscoserv.RegistroRF.RegistroRFEditar" time="99.182" errors="0" timestamp="23 Nov 2020 03:41:58 GMT">
  <testcase classname="com.timp.test.MDR.Siscoserv.RegistroRF.RegistroRFEditar" name="login" time="8.591"/>
  <testcase classname="com.timp.test.MDR.Siscoserv.RegistroRF.RegistroRFEditar" name="Editar" time="66.350"/>
  <testcase classname="com.timp.test.MDR.Siscoserv.RegistroRF.RegistroRFEditar" name="acessarMDR" time="24.241"/>
</testsuite> <!-- com.timp.test.MDR.Siscoserv.RegistroRF.RegistroRFEditar -->
