<?xml version="1.0" encoding="UTF-8"?>
<!-- Generated by org.testng.reporters.JUnitReportReporter -->
<testsuite hostname="DESKTOP-C57COV6" failures="0" tests="3" name="com.timp.test.TBD.Configuração.TipoDeDocumento.FiltroPorID" time="44.377" errors="0" timestamp="22 abr. 2021 02:19:24 GMT" skipped="0">
  <testcase classname="com.timp.test.TBD.Configuração.TipoDeDocumento.FiltroPorID" name="login" time="11.522"/>
  <testcase classname="com.timp.test.TBD.Configuração.TipoDeDocumento.FiltroPorID" name="acessarTCC" time="20.166"/>
  <testcase classname="com.timp.test.TBD.Configuração.TipoDeDocumento.FiltroPorID" name="filtro" time="12.689"/>
</testsuite> <!-- com.timp.test.TBD.Configuração.TipoDeDocumento.FiltroPorID -->
