<?xml version="1.0" encoding="UTF-8"?>
<!-- Generated by org.testng.reporters.JUnitReportReporter -->
<<<<<<< HEAD
<testsuite hostname="Agile" failures="0" tests="1" name="com.timp.test.BRB.CampoOutput" time="177.196" errors="0" timestamp="19 abr. 2022 21:57:35 GMT" skipped="0">
  <testcase classname="com.timp.test.BRB.CampoOutput" name="campoOutput" time="177.196"/>
=======
<testsuite hostname="DESKTOP-M23FVFN" failures="0" tests="1" name="com.timp.test.BRB.CampoOutput" time="129.995" errors="0" timestamp="06 abr. 2022 19:20:40 GMT" skipped="0">
  <testcase classname="com.timp.test.BRB.CampoOutput" name="campoOutput" time="129.995"/>
>>>>>>> branch 'Yessy' of https://github.com/salc1997/TIMP_R1
</testsuite> <!-- com.timp.test.BRB.CampoOutput -->
