<?xml version="1.0" encoding="UTF-8"?>
<!-- Generated by org.testng.reporters.JUnitReportReporter -->
<testsuite hostname="LitoSoler" name="com.timp.test.MDR.Filiais.FiliaisVisualizar" tests="3" failures="0" timestamp="7 Jul 2020 15:47:23 GMT" time="26.713" errors="0">
  <testcase name="acessarMDR" time="7.073" classname="com.timp.test.MDR.Filiais.FiliaisVisualizar"/>
  <testcase name="login" time="5.588" classname="com.timp.test.MDR.Filiais.FiliaisVisualizar"/>
  <testcase name="visualizar" time="14.052" classname="com.timp.test.MDR.Filiais.FiliaisVisualizar"/>
</testsuite> <!-- com.timp.test.MDR.Filiais.FiliaisVisualizar -->
