<?xml version="1.0" encoding="UTF-8"?>
<!-- Generated by org.testng.reporters.JUnitReportReporter -->
<testsuite hostname="DESKTOP-M23FVFN" failures="0" tests="1" name="com.timp.test.MDR.CadastrosIRPJCSLL.TabelaDeApoioECF.TabelaDeApoioECFVisualizar" time="113.413" errors="0" timestamp="06 ene. 2022 10:47:45 GMT" skipped="0">
  <testcase classname="com.timp.test.MDR.CadastrosIRPJCSLL.TabelaDeApoioECF.TabelaDeApoioECFVisualizar" name="Visualizar" time="113.413"/>
</testsuite> <!-- com.timp.test.MDR.CadastrosIRPJCSLL.TabelaDeApoioECF.TabelaDeApoioECFVisualizar -->
