<?xml version="1.0" encoding="UTF-8"?>
<!-- Generated by org.testng.reporters.JUnitReportReporter -->
<testsuite hostname="DESKTOP-C57COV6" failures="0" tests="1" name="com.timp.test.TBD.ArmazenagemDeArquivos.ArmazenarArquivo.ArmazenarArquivoFiltroPorID" time="42.273" errors="0" timestamp="20 jul. 2021 05:42:35 GMT" skipped="0">
  <testcase classname="com.timp.test.TBD.ArmazenagemDeArquivos.ArmazenarArquivo.ArmazenarArquivoFiltroPorID" name="filtro" time="42.273"/>
</testsuite> <!-- com.timp.test.TBD.ArmazenagemDeArquivos.ArmazenarArquivo.ArmazenarArquivoFiltroPorID -->
