<?xml version="1.0" encoding="UTF-8"?>
<!-- Generated by org.testng.reporters.JUnitReportReporter -->
<testsuite hostname="DESKTOP-5P4F1JE" failures="0" tests="3" name="com.timp.test.TDK.Kpis.KpisCriar" time="109.756" errors="0" timestamp="18 Jan 2021 14:42:30 GMT">
  <testcase classname="com.timp.test.TDK.Kpis.KpisCriar" name="login" time="9.533"/>
  <testcase classname="com.timp.test.TDK.Kpis.KpisCriar" name="criar" time="73.825"/>
  <testcase classname="com.timp.test.TDK.Kpis.KpisCriar" name="acessarTDK" time="26.398"/>
</testsuite> <!-- com.timp.test.TDK.Kpis.KpisCriar -->
