<?xml version="1.0" encoding="UTF-8"?>
<!-- Generated by org.testng.reporters.JUnitReportReporter -->
<testsuite hostname="LitoSoler" name="com.timp.test.ADM.LoginBRB" tests="1" failures="0" timestamp="23 Sep 2020 16:36:10 GMT" time="15.918" errors="0">
  <testcase name="Login" time="15.918" classname="com.timp.test.ADM.LoginBRB"/>
</testsuite> <!-- com.timp.test.ADM.LoginBRB -->
