<?xml version="1.0" encoding="UTF-8"?>
<!-- Generated by org.testng.reporters.JUnitReportReporter -->
<testsuite hostname="DESKTOP-C57COV6" failures="0" tests="3" name="com.timp.test.ATR.Estruturas.RelacionamentoEstruturas.RelacionamentoEstruturasCriarComCopia" time="173.363" errors="0" timestamp="17 may. 2021 23:02:48 GMT" skipped="0">
  <testcase classname="com.timp.test.ATR.Estruturas.RelacionamentoEstruturas.RelacionamentoEstruturasCriarComCopia" name="editarCopia" time="51.713"/>
  <testcase classname="com.timp.test.ATR.Estruturas.RelacionamentoEstruturas.RelacionamentoEstruturasCriarComCopia" name="criarCopia" time="90.611"/>
  <testcase classname="com.timp.test.ATR.Estruturas.RelacionamentoEstruturas.RelacionamentoEstruturasCriarComCopia" name="excluirCopia" time="31.039"/>
</testsuite> <!-- com.timp.test.ATR.Estruturas.RelacionamentoEstruturas.RelacionamentoEstruturasCriarComCopia -->
