<?xml version="1.0" encoding="UTF-8"?>
<!-- Generated by org.testng.reporters.JUnitReportReporter -->
<testsuite hostname="DESKTOP-M23FVFN" failures="0" tests="1" name="com.timp.test.ADM.Configuração.ConfiguraçãoDeTributos.ConfiguraçãoDeTributoGrupo.ConfiguracaoDeTributoGrupoEditar" time="91.422" errors="0" timestamp="2022-10-13T01:56:18 BRT" skipped="0">
  <testcase classname="com.timp.test.ADM.Configuração.ConfiguraçãoDeTributos.ConfiguraçãoDeTributoGrupo.ConfiguracaoDeTributoGrupoEditar" name="editar" time="91.422"/>
  <system-out/>
</testsuite> <!-- com.timp.test.ADM.Configuração.ConfiguraçãoDeTributos.ConfiguraçãoDeTributoGrupo.ConfiguracaoDeTributoGrupoEditar -->
