<?xml version="1.0" encoding="UTF-8"?>
<!-- Generated by org.testng.reporters.JUnitReportReporter -->
<testsuite hostname="Agile" failures="0" tests="1" name="com.timp.test.MDR.TabelasApoioSped.ObservaçoesdoDocumentoFiscal.ObservaçoesdoDocumentoFiscalEditar" time="167.722" errors="0" timestamp="04 mar. 2022 15:45:02 GMT" skipped="0">
  <testcase classname="com.timp.test.MDR.TabelasApoioSped.ObservaçoesdoDocumentoFiscal.ObservaçoesdoDocumentoFiscalEditar" name="editar" time="167.722"/>
</testsuite> <!-- com.timp.test.MDR.TabelasApoioSped.ObservaçoesdoDocumentoFiscal.ObservaçoesdoDocumentoFiscalEditar -->
