<?xml version="1.0" encoding="UTF-8"?>
<!-- Generated by org.testng.reporters.JUnitReportReporter -->
<testsuite hostname="DESKTOP-BNBDMGT" failures="0" tests="2" name="com.timp.test.BRE.AcessarBRE" time="47.241" errors="0" timestamp="19 feb. 2021 19:38:02 GMT" skipped="0">
  <testcase classname="com.timp.test.BRE.AcessarBRE" name="login" time="14.184"/>
  <testcase classname="com.timp.test.BRE.AcessarBRE" name="MDREntrar" time="33.057"/>
</testsuite> <!-- com.timp.test.BRE.AcessarBRE -->
