<?xml version="1.0" encoding="UTF-8"?>
<!-- Generated by org.testng.reporters.JUnitReportReporter -->
<testsuite hostname="MassielV" failures="0" tests="1" name="com.timp.test.TFP.Periodos.SubPeriodoPeriodicidade.SubPeriodoPeriodicidadeAlterarStatusSubPeriodoEmMassa" time="435.273" errors="0" timestamp="11 nov. 2021 16:36:50 GMT" skipped="0">
  <testcase classname="com.timp.test.TFP.Periodos.SubPeriodoPeriodicidade.SubPeriodoPeriodicidadeAlterarStatusSubPeriodoEmMassa" name="alterarPeriodoEmMassa" time="435.273"/>
</testsuite> <!-- com.timp.test.TFP.Periodos.SubPeriodoPeriodicidade.SubPeriodoPeriodicidadeAlterarStatusSubPeriodoEmMassa -->
