<?xml version="1.0" encoding="UTF-8"?>
<!-- Generated by org.testng.reporters.JUnitReportReporter -->
<testsuite hostname="DESKTOP-BNBDMGT" failures="0" tests="3" name="com.timp.test.BPMA.Processo.ParametrosGerais.ParametrosGeraisVisualizar" time="165.830" errors="0" timestamp="11 Dec 2020 03:07:42 GMT">
  <testcase classname="com.timp.test.BPMA.Processo.ParametrosGerais.ParametrosGeraisVisualizar" name="visualizar" time="131.706"/>
  <testcase classname="com.timp.test.BPMA.Processo.ParametrosGerais.ParametrosGeraisVisualizar" name="BPMAEntrar" time="28.201"/>
  <testcase classname="com.timp.test.BPMA.Processo.ParametrosGerais.ParametrosGeraisVisualizar" name="login" time="5.923"/>
</testsuite> <!-- com.timp.test.BPMA.Processo.ParametrosGerais.ParametrosGeraisVisualizar -->
