<?xml version="1.0" encoding="UTF-8"?>
<!-- Generated by org.testng.reporters.JUnitReportReporter -->
<testsuite hostname="DESKTOP-M23FVFN" failures="0" tests="1" name="com.timp.test.MDR.CEP.Bairro.BairroCriar" time="89.360" errors="0" timestamp="09 dic. 2021 10:28:46 GMT" skipped="0">
  <testcase classname="com.timp.test.MDR.CEP.Bairro.BairroCriar" name="criar" time="89.360"/>
</testsuite> <!-- com.timp.test.MDR.CEP.Bairro.BairroCriar -->
