<?xml version="1.0" encoding="UTF-8"?>
<!-- Generated by org.testng.reporters.JUnitReportReporter -->
<<<<<<< HEAD
<testsuite hostname="DESKTOP-C57COV6" failures="0" tests="3" name="com.timp.test.DFG.Painel.PainelNovaConfiguração" time="107.735" errors="0" timestamp="05 ago. 2021 21:21:45 GMT" skipped="0">
  <testcase classname="com.timp.test.DFG.Painel.PainelNovaConfiguração" name="ingresar" time="8.023"/>
  <testcase classname="com.timp.test.DFG.Painel.PainelNovaConfiguração" name="DFGEntrar" time="25.637"/>
  <testcase classname="com.timp.test.DFG.Painel.PainelNovaConfiguração" name="criar" time="74.075"/>
=======
<testsuite hostname="DESKTOP-JP1A9E6" failures="0" tests="3" name="com.timp.test.DFG.Painel.PainelNovaConfiguração" time="116.695" errors="0" timestamp="10 ago. 2021 22:53:20 GMT" skipped="0">
  <testcase classname="com.timp.test.DFG.Painel.PainelNovaConfiguração" name="ingresar" time="8.677"/>
  <testcase classname="com.timp.test.DFG.Painel.PainelNovaConfiguração" name="DFGEntrar" time="28.588"/>
  <testcase classname="com.timp.test.DFG.Painel.PainelNovaConfiguração" name="criar" time="79.430"/>
>>>>>>> branch 'Yessy' of https://github.com/salc1997/TIMP_R1.git
</testsuite> <!-- com.timp.test.DFG.Painel.PainelNovaConfiguração -->
