<?xml version="1.0" encoding="UTF-8"?>
<!-- Generated by org.testng.reporters.JUnitReportReporter -->
<testsuite hostname="MassielV" failures="0" tests="2" name="com.timp.test.MDR.TabelasApoioESocial.Tabela19.MotivosdeDesligamentoExcluirMasa" time="121.123" errors="0" timestamp="27 oct. 2021 07:41:51 GMT" skipped="0">
  <testcase classname="com.timp.test.MDR.TabelasApoioESocial.Tabela19.MotivosdeDesligamentoExcluirMasa" name="criar" time="89.547"/>
  <testcase classname="com.timp.test.MDR.TabelasApoioESocial.Tabela19.MotivosdeDesligamentoExcluirMasa" name="excluirEmMassa" time="31.576"/>
</testsuite> <!-- com.timp.test.MDR.TabelasApoioESocial.Tabela19.MotivosdeDesligamentoExcluirMasa -->
