<?xml version="1.0" encoding="UTF-8"?>
<!-- Generated by org.testng.reporters.JUnitReportReporter -->
<testsuite hostname="DESKTOP-35UG9UP" name="com.timp.test.MDR.TipoDeTributoContaContabil.TipoDeTributoContaContabilCriar" tests="3" failures="0" timestamp="17 Sep 2020 21:53:31 GMT" time="116.237" errors="0">
  <testcase name="criar" time="92.127" classname="com.timp.test.MDR.TipoDeTributoContaContabil.TipoDeTributoContaContabilCriar"/>
  <testcase name="login" time="11.187" classname="com.timp.test.MDR.TipoDeTributoContaContabil.TipoDeTributoContaContabilCriar"/>
  <testcase name="acessarMDR" time="12.923" classname="com.timp.test.MDR.TipoDeTributoContaContabil.TipoDeTributoContaContabilCriar"/>
</testsuite> <!-- com.timp.test.MDR.TipoDeTributoContaContabil.TipoDeTributoContaContabilCriar -->
