<?xml version="1.0" encoding="UTF-8"?>
<!-- Generated by org.testng.reporters.JUnitReportReporter -->
<testsuite skipped="0" hostname="LitoSoler" name="com.timp.test.MDR.ContratoIOF.ContratoIOFExcluir" tests="1" failures="0" timestamp="24 feb 2021 17:08:05 GMT" time="68.748" errors="0">
  <testcase name="excluir" time="68.748" classname="com.timp.test.MDR.ContratoIOF.ContratoIOFExcluir"/>
</testsuite> <!-- com.timp.test.MDR.ContratoIOF.ContratoIOFExcluir -->
