<?xml version="1.0" encoding="UTF-8"?>
<!-- Generated by org.testng.reporters.JUnitReportReporter -->
<testsuite hostname="LitoSoler" name="com.timp.test.MDR.DetalheTipoTributo.DetalheEditar" tests="3" failures="0" timestamp="7 Aug 2020 21:03:55 GMT" time="79.502" errors="0">
  <testcase name="login" time="5.863" classname="com.timp.test.MDR.DetalheTipoTributo.DetalheEditar"/>
  <testcase name="acessarMDR" time="7.596" classname="com.timp.test.MDR.DetalheTipoTributo.DetalheEditar"/>
  <testcase name="criar" time="66.043" classname="com.timp.test.MDR.DetalheTipoTributo.DetalheEditar"/>
</testsuite> <!-- com.timp.test.MDR.DetalheTipoTributo.DetalheEditar -->
