<?xml version="1.0" encoding="UTF-8"?>
<!-- Generated by org.testng.reporters.JUnitReportReporter -->
<testsuite hostname="DESKTOP-M23FVFN" failures="0" tests="1" name="com.timp.test.MDR.RegistroDeExportaçao.RegistroDeExportaçaoExcluir" time="86.945" errors="0" timestamp="30 ene. 2022 09:46:03 GMT" skipped="0">
  <testcase classname="com.timp.test.MDR.RegistroDeExportaçao.RegistroDeExportaçaoExcluir" name="Excluir" time="86.945"/>
</testsuite> <!-- com.timp.test.MDR.RegistroDeExportaçao.RegistroDeExportaçaoExcluir -->
