<?xml version="1.0" encoding="UTF-8"?>
<!-- Generated by org.testng.reporters.JUnitReportReporter -->
<<<<<<< HEAD
<testsuite hostname="DESKTOP-C57COV6" failures="0" tests="2" name="com.timp.test.BRB.ExcluirRelatorio" time="277.164" errors="0" timestamp="01 nov. 2021 18:53:45 GMT" skipped="0">
  <testcase classname="com.timp.test.BRB.ExcluirRelatorio" name="eliminar" time="223.390"/>
  <testcase classname="com.timp.test.BRB.ExcluirRelatorio" name="eliminarLixeira" time="53.774"/>
=======
<testsuite hostname="MassielV" failures="0" tests="2" name="com.timp.test.BRB.ExcluirRelatorio" time="217.300" errors="0" timestamp="05 nov. 2021 16:36:47 GMT" skipped="0">
  <testcase classname="com.timp.test.BRB.ExcluirRelatorio" name="eliminar" time="159.774"/>
  <testcase classname="com.timp.test.BRB.ExcluirRelatorio" name="eliminarLixeira" time="57.526"/>
>>>>>>> branch 'Yessy' of https://github.com/salc1997/TIMP_R1.git
</testsuite> <!-- com.timp.test.BRB.ExcluirRelatorio -->
