<?xml version="1.0" encoding="UTF-8"?>
<!-- Generated by org.testng.reporters.JUnitReportReporter -->
<testsuite hostname="LitoSoler" name="com.timp.test.BRE.RegrasDeEscrituração.RegrasDeEscrituraçãoDetalhes" tests="3" failures="0" timestamp="21 Dec 2020 14:38:06 GMT" time="52.026" errors="0">
  <testcase name="login" time="6.724" classname="com.timp.test.BRE.RegrasDeEscrituração.RegrasDeEscrituraçãoDetalhes"/>
  <testcase name="detalhes" time="31.745" classname="com.timp.test.BRE.RegrasDeEscrituração.RegrasDeEscrituraçãoDetalhes"/>
  <testcase name="acessarBRE" time="13.557" classname="com.timp.test.BRE.RegrasDeEscrituração.RegrasDeEscrituraçãoDetalhes"/>
</testsuite> <!-- com.timp.test.BRE.RegrasDeEscrituração.RegrasDeEscrituraçãoDetalhes -->
