<?xml version="1.0" encoding="UTF-8"?>
<!-- Generated by org.testng.reporters.JUnitReportReporter -->
<testsuite skipped="0" hostname="LitoSoler" name="com.timp.test.MDR.CodigoContabilizacao.CódigoContabilizaçãoExcluirMassa" tests="2" failures="0" timestamp="24 feb 2021 17:37:36 GMT" time="169.659" errors="0">
  <testcase name="exlcuir" time="37.123" classname="com.timp.test.MDR.CodigoContabilizacao.CódigoContabilizaçãoExcluirMassa"/>
  <testcase name="criar" time="132.536" classname="com.timp.test.MDR.CodigoContabilizacao.CódigoContabilizaçãoExcluirMassa"/>
</testsuite> <!-- com.timp.test.MDR.CodigoContabilizacao.CódigoContabilizaçãoExcluirMassa -->
