<?xml version="1.0" encoding="UTF-8"?>
<!-- Generated by org.testng.reporters.JUnitReportReporter -->
<testsuite hostname="Agile" failures="0" tests="1" name="com.timp.test.BRB.OutputAutomático" time="222.961" errors="0" timestamp="19 abr. 2022 21:57:35 GMT" skipped="0">
  <testcase classname="com.timp.test.BRB.OutputAutomático" name="outputAutomatico" time="222.961"/>
</testsuite> <!-- com.timp.test.BRB.OutputAutomático -->
