<?xml version="1.0" encoding="UTF-8"?>
<!-- Generated by org.testng.reporters.JUnitReportReporter -->
<testsuite hostname="DESKTOP-M23FVFN" failures="0" tests="1" name="com.timp.test.MDR.TabelasApoioESocial.Tabela23.FatoresDeRiscoDetalhes" time="76.034" errors="0" timestamp="30 ene. 2022 06:25:24 GMT" skipped="0">
  <testcase classname="com.timp.test.MDR.TabelasApoioESocial.Tabela23.FatoresDeRiscoDetalhes" name="detalhes" time="76.034"/>
</testsuite> <!-- com.timp.test.MDR.TabelasApoioESocial.Tabela23.FatoresDeRiscoDetalhes -->
