<?xml version="1.0" encoding="UTF-8"?>
<!-- Generated by org.testng.reporters.JUnitReportReporter -->
<testsuite hostname="EC2AMAZ-8HCHO4G" failures="0" tests="1" name="com.timp.test.BRE.RegrasdeAuditoriaN1.Edicao.RegrasdeAuditoriaN1EdiçãoEstruturas" time="373.975" errors="0" timestamp="2023-07-19T16:29:57 UTC" skipped="0">
  <testcase classname="com.timp.test.BRE.RegrasdeAuditoriaN1.Edicao.RegrasdeAuditoriaN1EdiçãoEstruturas" name="editar" time="373.975"/>
  <system-out/>
</testsuite> <!-- com.timp.test.BRE.RegrasdeAuditoriaN1.Edicao.RegrasdeAuditoriaN1EdiçãoEstruturas -->
