<?xml version="1.0" encoding="UTF-8"?>
<!-- Generated by org.testng.reporters.JUnitReportReporter -->
<testsuite hostname="DESKTOP-C57COV6" failures="0" tests="1" name="com.timp.test.BRB.Visualizar" time="568.729" errors="0" timestamp="02 jul. 2021 04:06:16 GMT" skipped="0">
  <testcase classname="com.timp.test.BRB.Visualizar" name="visualizar" time="568.729"/>
</testsuite> <!-- com.timp.test.BRB.Visualizar -->
