<?xml version="1.0" encoding="UTF-8"?>
<!-- Generated by org.testng.reporters.JUnitReportReporter -->
<testsuite hostname="LAPTOP-IN7IV9K5" failures="0" tests="1" name="com.timp.test.BRE.RegrasDeAuditoriaN4.Edicao.RegrasDeAuditoriaN4EdicaoFiltros" time="121.796" errors="0" timestamp="04 mar. 2021 20:11:04 GMT" skipped="0">
  <testcase classname="com.timp.test.BRE.RegrasDeAuditoriaN4.Edicao.RegrasDeAuditoriaN4EdicaoFiltros" name="filtros" time="121.796"/>
</testsuite> <!-- com.timp.test.BRE.RegrasDeAuditoriaN4.Edicao.RegrasDeAuditoriaN4EdicaoFiltros -->
