<?xml version="1.0" encoding="UTF-8"?>
<!-- Generated by org.testng.reporters.JUnitReportReporter -->
<testsuite hostname="DESKTOP-C57COV6" failures="0" tests="1" name="com.timp.test.BRB.RenomearColuna" time="91.973" errors="0" timestamp="24 may. 2021 22:50:53 GMT" skipped="0">
  <testcase classname="com.timp.test.BRB.RenomearColuna" name="renomearColuna" time="91.973"/>
</testsuite> <!-- com.timp.test.BRB.RenomearColuna -->
