<?xml version="1.0" encoding="UTF-8"?>
<!-- Generated by org.testng.reporters.JUnitReportReporter -->
<testsuite hostname="MassielV" failures="0" tests="1" name="com.timp.test.BRB.OutputAutomático" time="345.156" errors="0" timestamp="22 oct. 2021 22:42:41 GMT" skipped="0">
  <testcase classname="com.timp.test.BRB.OutputAutomático" name="outputAutomatico" time="345.156"/>
</testsuite> <!-- com.timp.test.BRB.OutputAutomático -->
