<?xml version="1.0" encoding="UTF-8"?>
<!-- Generated by org.testng.reporters.JUnitReportReporter -->
<testsuite hostname="SALC-PC" failures="0" tests="1" name="com.timp.test.ATR.Arquivos.CarregamentoDeArquivos.CarregamentoDeArquivosFiltroPorID" time="105.230" errors="0" timestamp="2023-05-24T15:32:35 CST" skipped="0">
  <testcase classname="com.timp.test.ATR.Arquivos.CarregamentoDeArquivos.CarregamentoDeArquivosFiltroPorID" name="filtro" time="105.230"/>
  <system-out/>
</testsuite> <!-- com.timp.test.ATR.Arquivos.CarregamentoDeArquivos.CarregamentoDeArquivosFiltroPorID -->
