<?xml version="1.0" encoding="UTF-8"?>
<!-- Generated by org.testng.reporters.JUnitReportReporter -->
<testsuite hostname="DESKTOP-C57COV6" failures="0" tests="3" name="com.timp.test.DFG.Configuracoes.ConfiguracoesVisualizar" time="155.754" errors="0" timestamp="05 ago. 2021 19:09:32 GMT" skipped="0">
  <testcase classname="com.timp.test.DFG.Configuracoes.ConfiguracoesVisualizar" name="ingresar" time="19.187"/>
  <testcase classname="com.timp.test.DFG.Configuracoes.ConfiguracoesVisualizar" name="mdrEntrar" time="36.343"/>
  <testcase classname="com.timp.test.DFG.Configuracoes.ConfiguracoesVisualizar" name="criar" time="100.224"/>
</testsuite> <!-- com.timp.test.DFG.Configuracoes.ConfiguracoesVisualizar -->
