<?xml version="1.0" encoding="UTF-8"?>
<!-- Generated by org.testng.reporters.JUnitReportReporter -->
<testsuite hostname="DESKTOP-5P4F1JE" failures="0" tests="3" name="com.timp.test.BRE.RegrasDeAuditoriaN4.ParametrosGerais.RegrasDeAuditoriaN4LixeiraEmMassaMaisExcluirEmMassa" time="396.222" errors="0" timestamp="15 Feb 2021 21:02:11 GMT">
  <testcase classname="com.timp.test.BRE.RegrasDeAuditoriaN4.ParametrosGerais.RegrasDeAuditoriaN4LixeiraEmMassaMaisExcluirEmMassa" name="login" time="13.578"/>
  <testcase classname="com.timp.test.BRE.RegrasDeAuditoriaN4.ParametrosGerais.RegrasDeAuditoriaN4LixeiraEmMassaMaisExcluirEmMassa" name="acessarBRE" time="110.795"/>
  <testcase classname="com.timp.test.BRE.RegrasDeAuditoriaN4.ParametrosGerais.RegrasDeAuditoriaN4LixeiraEmMassaMaisExcluirEmMassa" name="criar" time="271.849"/>
</testsuite> <!-- com.timp.test.BRE.RegrasDeAuditoriaN4.ParametrosGerais.RegrasDeAuditoriaN4LixeiraEmMassaMaisExcluirEmMassa -->
