<?xml version="1.0" encoding="UTF-8"?>
<!-- Generated by org.testng.reporters.JUnitReportReporter -->
<testsuite hostname="DESKTOP-M23FVFN" failures="0" tests="1" name="com.timp.test.BRB.PublicoEPrivado" time="275.288" errors="0" timestamp="08 mar. 2022 04:50:48 GMT" skipped="0">
  <testcase classname="com.timp.test.BRB.PublicoEPrivado" name="publicoYPRivado" time="275.288"/>
</testsuite> <!-- com.timp.test.BRB.PublicoEPrivado -->
