<?xml version="1.0" encoding="UTF-8"?>
<!-- Generated by org.testng.reporters.JUnitReportReporter -->
<testsuite hostname="LitoSoler" name="com.timp.test.BRB.Formula" tests="5" failures="0" timestamp="23 Sep 2020 22:15:20 GMT" time="136.360" errors="0">
  <testcase name="formulaBoton" time="59.844" classname="com.timp.test.BRB.Formula"/>
  <testcase name="brbEntrar" time="16.882" classname="com.timp.test.BRB.Formula"/>
  <testcase name="formulaColuna" time="45.284" classname="com.timp.test.BRB.Formula"/>
  <testcase name="login" time="5.709" classname="com.timp.test.BRB.Formula"/>
  <testcase name="aplicar" time="8.641" classname="com.timp.test.BRB.Formula"/>
</testsuite> <!-- com.timp.test.BRB.Formula -->
