<?xml version="1.0" encoding="UTF-8"?>
<!-- Generated by org.testng.reporters.JUnitReportReporter -->
<testsuite skipped="0" hostname="LitoSoler" name="com.timp.test.MDR.CadastroCondiçao.CadasatroCondicaoVisualizar" tests="1" failures="0" timestamp="16 feb 2021 23:29:48 GMT" time="71.745" errors="0">
  <testcase name="visualizar" time="71.745" classname="com.timp.test.MDR.CadastroCondiçao.CadasatroCondicaoVisualizar"/>
</testsuite> <!-- com.timp.test.MDR.CadastroCondiçao.CadasatroCondicaoVisualizar -->
