<?xml version="1.0" encoding="UTF-8"?>
<!-- Generated by org.testng.reporters.JUnitReportReporter -->
<testsuite hostname="DESKTOP-C57COV6" failures="0" tests="1" name="com.timp.test.MDR.Antecipacao.AntecipacaoCriar" time="211.482" errors="0" timestamp="08 sep. 2021 08:24:23 GMT" skipped="0">
  <testcase classname="com.timp.test.MDR.Antecipacao.AntecipacaoCriar" name="criar" time="211.482"/>
</testsuite> <!-- com.timp.test.MDR.Antecipacao.AntecipacaoCriar -->
