<?xml version="1.0" encoding="UTF-8"?>
<!-- Generated by org.testng.reporters.JUnitReportReporter -->
<testsuite hostname="LitoSoler" name="com.timp.test.BRB.Visualizar" tests="3" failures="0" timestamp="2 Jul 2020 16:24:55 GMT" time="40.780" errors="0">
  <testcase name="login" time="7.153" classname="com.timp.test.BRB.Visualizar"/>
  <testcase name="visualizar" time="21.787" classname="com.timp.test.BRB.Visualizar"/>
  <testcase name="brbEntrar" time="11.840" classname="com.timp.test.BRB.Visualizar"/>
</testsuite> <!-- com.timp.test.BRB.Visualizar -->
