<?xml version="1.0" encoding="UTF-8"?>
<!-- Generated by org.testng.reporters.JUnitReportReporter -->
<testsuite skipped="0" hostname="LitoSoler" name="com.timp.test.MDR.ValorAdicionado.Municipio.MunicipioEditar" tests="1" failures="0" timestamp="24 feb 2021 17:33:34 GMT" time="97.944" errors="0">
  <testcase name="editar" time="97.944" classname="com.timp.test.MDR.ValorAdicionado.Municipio.MunicipioEditar"/>
</testsuite> <!-- com.timp.test.MDR.ValorAdicionado.Municipio.MunicipioEditar -->
