<?xml version="1.0" encoding="UTF-8"?>
<!-- Generated by org.testng.reporters.JUnitReportReporter -->
<testsuite hostname="DESKTOP-JP1A9E6" failures="0" tests="3" name="com.timp.test.BPMA.ProcessodeNegocio.GatewayEvento" time="367.183" errors="0" timestamp="19 jul. 2021 23:26:17 GMT" skipped="0">
  <testcase classname="com.timp.test.BPMA.ProcessodeNegocio.GatewayEvento" name="login" time="14.162"/>
  <testcase classname="com.timp.test.BPMA.ProcessodeNegocio.GatewayEvento" name="BPMAEntrar" time="36.794"/>
  <testcase classname="com.timp.test.BPMA.ProcessodeNegocio.GatewayEvento" name="criar" time="316.227"/>
</testsuite> <!-- com.timp.test.BPMA.ProcessodeNegocio.GatewayEvento -->
