<?xml version="1.0" encoding="UTF-8"?>
<!-- Generated by org.testng.reporters.JUnitReportReporter -->
<testsuite hostname="DESKTOP-5P4F1JE" failures="0" tests="3" name="com.timp.test.TDK.Dashboard.Edicao.DashboardEdiçãoTabela" time="337.038" errors="0" timestamp="1 Feb 2021 13:08:36 GMT">
  <testcase classname="com.timp.test.TDK.Dashboard.Edicao.DashboardEdiçãoTabela" name="login" time="13.948"/>
  <testcase classname="com.timp.test.TDK.Dashboard.Edicao.DashboardEdiçãoTabela" name="acessarTDK" time="23.764"/>
  <testcase classname="com.timp.test.TDK.Dashboard.Edicao.DashboardEdiçãoTabela" name="editar" time="299.326"/>
</testsuite> <!-- com.timp.test.TDK.Dashboard.Edicao.DashboardEdiçãoTabela -->
