<?xml version="1.0" encoding="UTF-8"?>
<!-- Generated by org.testng.reporters.JUnitReportReporter -->
<testsuite hostname="LitoSoler" name="com.timp.test.BRB.BRBAcessar" tests="2" failures="0" timestamp="12 Aug 2020 13:47:07 GMT" time="35.666" errors="0">
  <testcase name="login" time="14.432" classname="com.timp.test.BRB.BRBAcessar"/>
  <testcase name="brbEntrar" time="21.234" classname="com.timp.test.BRB.BRBAcessar"/>
</testsuite> <!-- com.timp.test.BRB.BRBAcessar -->
