<?xml version="1.0" encoding="UTF-8"?>
<!-- Generated by org.testng.reporters.JUnitReportReporter -->
<testsuite hostname="DESKTOP-5P4F1JE" failures="0" tests="3" name="com.timp.test.TDK.Dashboard.Edicao.DashboardGraficoExcluir" time="207.244" errors="0" timestamp="1 Feb 2021 16:55:49 GMT">
  <testcase classname="com.timp.test.TDK.Dashboard.Edicao.DashboardGraficoExcluir" name="login" time="9.604"/>
  <testcase classname="com.timp.test.TDK.Dashboard.Edicao.DashboardGraficoExcluir" name="acessarTDK" time="24.237"/>
  <testcase classname="com.timp.test.TDK.Dashboard.Edicao.DashboardGraficoExcluir" name="grafico" time="173.403"/>
</testsuite> <!-- com.timp.test.TDK.Dashboard.Edicao.DashboardGraficoExcluir -->
