<?xml version="1.0" encoding="UTF-8"?>
<!-- Generated by org.testng.reporters.JUnitReportReporter -->
<testsuite hostname="DESKTOP-35UG9UP" name="com.timp.test.MDR.RegistroDeExportaçao.RegistroDeExportaçaoVisualizar" tests="3" failures="0" timestamp="10 Aug 2020 23:07:39 GMT" time="98.422" errors="0">
  <testcase name="Visualizar" time="54.985" classname="com.timp.test.MDR.RegistroDeExportaçao.RegistroDeExportaçaoVisualizar"/>
  <testcase name="login" time="10.027" classname="com.timp.test.MDR.RegistroDeExportaçao.RegistroDeExportaçaoVisualizar"/>
  <testcase name="acessarMDR" time="33.410" classname="com.timp.test.MDR.RegistroDeExportaçao.RegistroDeExportaçaoVisualizar"/>
</testsuite> <!-- com.timp.test.MDR.RegistroDeExportaçao.RegistroDeExportaçaoVisualizar -->
