<?xml version="1.0" encoding="UTF-8"?>
<!-- Generated by org.testng.reporters.JUnitReportReporter -->
<testsuite hostname="LitoSoler" name="com.timp.test.MDR.CodigoReceita.CodigoReceitaCriar" tests="3" failures="0" timestamp="26 Aug 2020 23:36:18 GMT" time="135.884" errors="0">
  <testcase name="login" time="7.723" classname="com.timp.test.MDR.CodigoReceita.CodigoReceitaCriar"/>
  <testcase name="criar" time="94.128" classname="com.timp.test.MDR.CodigoReceita.CodigoReceitaCriar"/>
  <testcase name="acessarMDR" time="34.033" classname="com.timp.test.MDR.CodigoReceita.CodigoReceitaCriar"/>
</testsuite> <!-- com.timp.test.MDR.CodigoReceita.CodigoReceitaCriar -->
