<?xml version="1.0" encoding="UTF-8"?>
<!-- Generated by org.testng.reporters.JUnitReportReporter -->
<testsuite hostname="LitoSoler" name="com.timp.test.MDR.CEP.Bairro.BairroDetalhes" tests="3" failures="0" timestamp="12 Feb 2021 23:05:03 GMT" time="61.250" errors="0">
  <testcase name="acessarMDR" time="14.193" classname="com.timp.test.MDR.CEP.Bairro.BairroDetalhes"/>
  <testcase name="login" time="6.998" classname="com.timp.test.MDR.CEP.Bairro.BairroDetalhes"/>
  <testcase name="visualizar" time="40.059" classname="com.timp.test.MDR.CEP.Bairro.BairroDetalhes"/>
</testsuite> <!-- com.timp.test.MDR.CEP.Bairro.BairroDetalhes -->
