<?xml version="1.0" encoding="UTF-8"?>
<!-- Generated by org.testng.reporters.JUnitReportReporter -->
<testsuite hostname="MassielV" failures="0" tests="1" name="com.timp.test.MDR.TabelasApoioESocial.Tabela25.TiposDeBeneficiosDetalhes" time="119.840" errors="0" timestamp="30 sep. 2021 23:04:30 GMT" skipped="0">
  <testcase classname="com.timp.test.MDR.TabelasApoioESocial.Tabela25.TiposDeBeneficiosDetalhes" name="detalhes" time="119.840"/>
</testsuite> <!-- com.timp.test.MDR.TabelasApoioESocial.Tabela25.TiposDeBeneficiosDetalhes -->
