<?xml version="1.0" encoding="UTF-8"?>
<!-- Generated by org.testng.reporters.JUnitReportReporter -->
<testsuite hostname="DESKTOP-5P4F1JE" failures="0" tests="3" name="com.timp.test.TDK.Dashboard.DashboardCriar" time="157.700" errors="0" timestamp="21 Dec 2020 20:50:14 GMT">
  <testcase classname="com.timp.test.TDK.Dashboard.DashboardCriar" name="login" time="9.470"/>
  <testcase classname="com.timp.test.TDK.Dashboard.DashboardCriar" name="criar" time="124.178"/>
  <testcase classname="com.timp.test.TDK.Dashboard.DashboardCriar" name="acessarTDK" time="24.052"/>
</testsuite> <!-- com.timp.test.TDK.Dashboard.DashboardCriar -->
