<?xml version="1.0" encoding="UTF-8"?>
<!-- Generated by org.testng.reporters.JUnitReportReporter -->
<testsuite hostname="LitoSoler" name="com.timp.test.BRB.Eliminar" tests="4" failures="0" timestamp="31 Jul 2020 18:14:55 GMT" time="143.725" errors="0">
  <testcase name="eliminar" time="58.993" classname="com.timp.test.BRB.Eliminar"/>
  <testcase name="brbEntrar" time="13.382" classname="com.timp.test.BRB.Eliminar"/>
  <testcase name="login" time="5.529" classname="com.timp.test.BRB.Eliminar"/>
  <testcase name="eliminarLixeira" time="65.821" classname="com.timp.test.BRB.Eliminar"/>
</testsuite> <!-- com.timp.test.BRB.Eliminar -->
