<?xml version="1.0" encoding="UTF-8"?>
<!-- Generated by org.testng.reporters.JUnitReportReporter -->
<testsuite hostname="DESKTOP-5P4F1JE" failures="0" tests="3" name="com.timp.test.TBD.Configuração.RangeDeNumeracao.RangeDeNumeracaoExcluir" time="59.387" errors="0" timestamp="29 Dec 2020 14:43:03 GMT">
  <testcase classname="com.timp.test.TBD.Configuração.RangeDeNumeracao.RangeDeNumeracaoExcluir" name="excluir" time="35.047"/>
  <testcase classname="com.timp.test.TBD.Configuração.RangeDeNumeracao.RangeDeNumeracaoExcluir" name="TBDEntrar" time="15.311"/>
  <testcase classname="com.timp.test.TBD.Configuração.RangeDeNumeracao.RangeDeNumeracaoExcluir" name="login" time="9.029"/>
</testsuite> <!-- com.timp.test.TBD.Configuração.RangeDeNumeracao.RangeDeNumeracaoExcluir -->
