<?xml version="1.0" encoding="UTF-8"?>
<!-- Generated by org.testng.reporters.JUnitReportReporter -->
<testsuite hostname="LitoSoler" name="com.timp.test.BRB.FiltrosAvançados" tests="3" failures="0" timestamp="5 Nov 2020 17:23:49 GMT" time="64.100" errors="0">
  <testcase name="brbEntrar" time="35.617" classname="com.timp.test.BRB.FiltrosAvançados"/>
  <testcase name="filtrosAvanzados" time="13.937" classname="com.timp.test.BRB.FiltrosAvançados"/>
  <testcase name="login" time="14.546" classname="com.timp.test.BRB.FiltrosAvançados"/>
</testsuite> <!-- com.timp.test.BRB.FiltrosAvançados -->
