<?xml version="1.0" encoding="UTF-8"?>
<!-- Generated by org.testng.reporters.JUnitReportReporter -->
<testsuite skipped="0" hostname="LitoSoler" name="com.timp.test.MDR.ControleDeCreditoTributario.StatusParaBCE.StatusParaBCEExcluir" tests="1" failures="0" timestamp="19 mar 2021 20:52:57 GMT" time="84.459" errors="0">
  <testcase name="excluir" time="84.459" classname="com.timp.test.MDR.ControleDeCreditoTributario.StatusParaBCE.StatusParaBCEExcluir"/>
</testsuite> <!-- com.timp.test.MDR.ControleDeCreditoTributario.StatusParaBCE.StatusParaBCEExcluir -->
