<?xml version="1.0" encoding="UTF-8"?>
<!-- Generated by org.testng.reporters.JUnitReportReporter -->
<testsuite hostname="Agile" failures="0" tests="1" name="com.timp.test.BRE.RegrasDeNegocio.ParametrosGerais.RegrasdeNegócioLixeiraExcluirdefinitivamenteCriarAbas" time="181.722" errors="0" timestamp="21 dic. 2021 17:22:31 GMT" skipped="0">
  <testcase classname="com.timp.test.BRE.RegrasDeNegocio.ParametrosGerais.RegrasdeNegócioLixeiraExcluirdefinitivamenteCriarAbas" name="lexeira" time="181.722"/>
</testsuite> <!-- com.timp.test.BRE.RegrasDeNegocio.ParametrosGerais.RegrasdeNegócioLixeiraExcluirdefinitivamenteCriarAbas -->
