<?xml version="1.0" encoding="UTF-8"?>
<!-- Generated by org.testng.reporters.JUnitReportReporter -->
<<<<<<< HEAD
<testsuite hostname="EC2AMAZ-8HCHO4G" failures="0" tests="2" name="com.timp.test.BRB.ExcluirColuna" time="203.135" errors="0" timestamp="2023-05-19T15:45:34 UTC" skipped="0">
  <testcase classname="com.timp.test.BRB.ExcluirColuna" name="excluirColunaDragNDrop" time="131.131"/>
=======
<testsuite hostname="SALC-PC" failures="0" tests="2" name="com.timp.test.BRB.ExcluirColuna" time="227.992" errors="0" timestamp="2023-05-13T16:19:15 CST" skipped="0">
  <testcase classname="com.timp.test.BRB.ExcluirColuna" name="excluirColunaDragNDrop" time="145.565"/>
>>>>>>> refs/remotes/origin/Steven
  <system-out/>
<<<<<<< HEAD
  <testcase classname="com.timp.test.BRB.ExcluirColuna" name="excluirColunaOpcao" time="72.004"/>
=======
  <testcase classname="com.timp.test.BRB.ExcluirColuna" name="excluirColunaOpcao" time="82.427"/>
>>>>>>> refs/remotes/origin/Steven
  <system-out/>
</testsuite> <!-- com.timp.test.BRB.ExcluirColuna -->
