<?xml version="1.0" encoding="UTF-8"?>
<!-- Generated by org.testng.reporters.JUnitReportReporter -->
<testsuite hostname="EC2AMAZ-8HCHO4G" failures="0" tests="4" name="com.timp.test.ADM.Usuarios.Usuarios.UsuariosTodasFunc" time="266.005" errors="0" timestamp="2024-10-09T19:22:12 UTC" skipped="0">
  <testcase classname="com.timp.test.ADM.Usuarios.Usuarios.UsuariosTodasFunc" name="activar" time="79.953"/>
  <system-out/>
  <testcase classname="com.timp.test.ADM.Usuarios.Usuarios.UsuariosTodasFunc" name="ver" time="44.771"/>
  <system-out/>
  <testcase classname="com.timp.test.ADM.Usuarios.Usuarios.UsuariosTodasFunc" name="Editar" time="92.994"/>
  <system-out/>
  <testcase classname="com.timp.test.ADM.Usuarios.Usuarios.UsuariosTodasFunc" name="filtros" time="48.287"/>
  <system-out/>
</testsuite> <!-- com.timp.test.ADM.Usuarios.Usuarios.UsuariosTodasFunc -->
