<?xml version="1.0" encoding="UTF-8"?>
<!-- Generated by org.testng.reporters.JUnitReportReporter -->
<testsuite hostname="DESKTOP-5P4F1JE" failures="0" tests="3" name="com.timp.test.BRE.RegrasDeMensagens.RegrasDeMensagensEditar" time="103.356" errors="0" timestamp="26 Nov 2020 17:22:44 GMT">
  <testcase classname="com.timp.test.BRE.RegrasDeMensagens.RegrasDeMensagensEditar" name="acessarBRE" time="15.670"/>
  <testcase classname="com.timp.test.BRE.RegrasDeMensagens.RegrasDeMensagensEditar" name="editar" time="78.249"/>
  <testcase classname="com.timp.test.BRE.RegrasDeMensagens.RegrasDeMensagensEditar" name="login" time="9.437"/>
</testsuite> <!-- com.timp.test.BRE.RegrasDeMensagens.RegrasDeMensagensEditar -->
