<?xml version="1.0" encoding="UTF-8"?>
<!-- Generated by org.testng.reporters.JUnitReportReporter -->
<testsuite hostname="MassielV" failures="0" tests="1" name="com.timp.test.MDR.TabelasApoioESocial.Tabela27.CodigosDeLotacaoVisualizar" time="99.750" errors="0" timestamp="06 nov. 2021 06:49:35 GMT" skipped="0">
  <testcase classname="com.timp.test.MDR.TabelasApoioESocial.Tabela27.CodigosDeLotacaoVisualizar" name="visualizar" time="99.750"/>
</testsuite> <!-- com.timp.test.MDR.TabelasApoioESocial.Tabela27.CodigosDeLotacaoVisualizar -->
