<?xml version="1.0" encoding="UTF-8"?>
<!-- Generated by org.testng.reporters.JUnitReportReporter -->
<testsuite hostname="DESKTOP-BNBDMGT" failures="1" tests="15" name="com.timp.test.DFG.SPED.ECF.ECFFuncionalidades" time="963.365" errors="0" timestamp="13 mar. 2021 04:50:57 GMT" skipped="0">
  <testcase classname="com.timp.test.DFG.SPED.ECF.ECFFuncionalidades" name="ingresar" time="7.973"/>
  <testcase classname="com.timp.test.DFG.SPED.ECF.ECFFuncionalidades" name="mdrEntrar" time="18.714"/>
  <testcase classname="com.timp.test.DFG.SPED.ECF.ECFFuncionalidades" name="ID" time="92.157"/>
  <testcase classname="com.timp.test.DFG.SPED.ECF.ECFFuncionalidades" name="criar" time="155.016"/>
  <testcase classname="com.timp.test.DFG.SPED.ECF.ECFFuncionalidades" name="editar" time="107.707">
    <failure message="O valor do campo não foi editado expected [true] but found [false]" type="java.lang.AssertionError">
      <![CDATA[java.lang.AssertionError: O valor do campo não foi editado expected [true] but found [false]
at org.testng.Assert.fail(Assert.java:96)
at org.testng.Assert.failNotEquals(Assert.java:776)
at org.testng.Assert.assertTrue(Assert.java:44)
at com.timp.test.DFG.SPED.ECF.ECFFuncionalidades.editar(ECFFuncionalidades.java:62)
at java.base/jdk.internal.reflect.NativeMethodAccessorImpl.invoke0(Native Method)
at java.base/jdk.internal.reflect.NativeMethodAccessorImpl.invoke(NativeMethodAccessorImpl.java:62)
at java.base/jdk.internal.reflect.DelegatingMethodAccessorImpl.invoke(DelegatingMethodAccessorImpl.java:43)
at java.base/java.lang.reflect.Method.invoke(Method.java:564)
at org.testng.internal.MethodInvocationHelper.invokeMethod(MethodInvocationHelper.java:124)
at org.testng.internal.Invoker.invokeMethod(Invoker.java:583)
at org.testng.internal.Invoker.invokeTestMethod(Invoker.java:719)
at org.testng.internal.Invoker.invokeTestMethods(Invoker.java:989)
at org.testng.internal.TestMethodWorker.invokeTestMethods(TestMethodWorker.java:125)
at org.testng.internal.TestMethodWorker.run(TestMethodWorker.java:109)
at org.testng.TestRunner.privateRun(TestRunner.java:648)
at org.testng.TestRunner.run(TestRunner.java:505)
at org.testng.SuiteRunner.runTest(SuiteRunner.java:455)
at org.testng.SuiteRunner.runSequentially(SuiteRunner.java:450)
at org.testng.SuiteRunner.privateRun(SuiteRunner.java:415)
at org.testng.SuiteRunner.run(SuiteRunner.java:364)
at org.testng.SuiteRunnerWorker.runSuite(SuiteRunnerWorker.java:52)
at org.testng.SuiteRunnerWorker.run(SuiteRunnerWorker.java:84)
at org.testng.TestNG.runSuitesSequentially(TestNG.java:1208)
at org.testng.TestNG.runSuitesLocally(TestNG.java:1137)
at org.testng.TestNG.runSuites(TestNG.java:1049)
at org.testng.TestNG.run(TestNG.java:1017)
at org.testng.remote.AbstractRemoteTestNG.run(AbstractRemoteTestNG.java:115)
at org.testng.remote.RemoteTestNG.initAndRun(RemoteTestNG.java:251)
at org.testng.remote.RemoteTestNG.main(RemoteTestNG.java:77)
]]>
    </failure>
  </testcase> <!-- editar -->
  <testcase classname="com.timp.test.DFG.SPED.ECF.ECFFuncionalidades" name="informacao" time="59.427"/>
  <testcase classname="com.timp.test.DFG.SPED.ECF.ECFFuncionalidades" name="visualizar" time="52.407"/>
  <testcase classname="com.timp.test.DFG.SPED.ECF.ECFFuncionalidades" name="criarBlocos" time="34.763"/>
  <testcase classname="com.timp.test.DFG.SPED.ECF.ECFFuncionalidades" name="editarBlocos" time="53.918"/>
  <testcase classname="com.timp.test.DFG.SPED.ECF.ECFFuncionalidades" name="InformacaoBlocos" time="85.952"/>
  <testcase classname="com.timp.test.DFG.SPED.ECF.ECFFuncionalidades" name="visualizarBlocos" time="18.706"/>
  <testcase classname="com.timp.test.DFG.SPED.ECF.ECFFuncionalidades" name="executarBlocos" time="167.173"/>
  <testcase classname="com.timp.test.DFG.SPED.ECF.ECFFuncionalidades" name="visualizarAN3" time="47.517"/>
  <testcase classname="com.timp.test.DFG.SPED.ECF.ECFFuncionalidades" name="visualizarActualizacao" time="11.446"/>
  <testcase classname="com.timp.test.DFG.SPED.ECF.ECFFuncionalidades" name="Gravar" time="50.489"/>
</testsuite> <!-- com.timp.test.DFG.SPED.ECF.ECFFuncionalidades -->
