<?xml version="1.0" encoding="UTF-8"?>
<!-- Generated by org.testng.reporters.JUnitReportReporter -->
<testsuite hostname="Agile" failures="0" tests="1" name="com.timp.test.BRB.NovoRelatorio" time="208.467" errors="0" timestamp="09 dic. 2021 14:35:08 GMT" skipped="0">
  <testcase classname="com.timp.test.BRB.NovoRelatorio" name="novoRelatorio" time="208.467"/>
</testsuite> <!-- com.timp.test.BRB.NovoRelatorio -->
