<?xml version="1.0" encoding="UTF-8"?>
<!-- Generated by org.testng.reporters.JUnitReportReporter -->
<testsuite hostname="DESKTOP-JP1A9E6" failures="0" tests="2" name="com.timp.test.MDR.CodigoContabilizacao.CódigoContabilizaçãoExcluirMassa" time="232.676" errors="0" timestamp="17 ago. 2021 13:16:39 GMT" skipped="0">
  <testcase classname="com.timp.test.MDR.CodigoContabilizacao.CódigoContabilizaçãoExcluirMassa" name="exlcuir" time="46.740"/>
  <testcase classname="com.timp.test.MDR.CodigoContabilizacao.CódigoContabilizaçãoExcluirMassa" name="criar" time="185.936"/>
</testsuite> <!-- com.timp.test.MDR.CodigoContabilizacao.CódigoContabilizaçãoExcluirMassa -->
