<?xml version="1.0" encoding="UTF-8"?>
<!-- Generated by org.testng.reporters.JUnitReportReporter -->
<testsuite skipped="0" hostname="LitoSoler" name="com.timp.test.MDR.ControleDeCreditoTributario.UtilizacaoDosCreditosNaApuracao.UtilizacaoDosCreditosNaApuracaoExcluirEmMassa" tests="2" failures="0" timestamp="24 feb 2021 17:08:06 GMT" time="178.960" errors="0">
  <testcase name="criar" time="150.494" classname="com.timp.test.MDR.ControleDeCreditoTributario.UtilizacaoDosCreditosNaApuracao.UtilizacaoDosCreditosNaApuracaoExcluirEmMassa"/>
  <testcase name="excluir" time="28.466" classname="com.timp.test.MDR.ControleDeCreditoTributario.UtilizacaoDosCreditosNaApuracao.UtilizacaoDosCreditosNaApuracaoExcluirEmMassa"/>
</testsuite> <!-- com.timp.test.MDR.ControleDeCreditoTributario.UtilizacaoDosCreditosNaApuracao.UtilizacaoDosCreditosNaApuracaoExcluirEmMassa -->
