<?xml version="1.0" encoding="UTF-8"?>
<!-- Generated by org.testng.reporters.JUnitReportReporter -->
<testsuite hostname="LitoSoler" name="com.timp.test.MDR.SequenciaAcesso.SequenciaCriar" tests="3" failures="0" timestamp="8 Aug 2020 18:08:37 GMT" time="115.062" errors="0">
  <testcase name="login" time="10.309" classname="com.timp.test.MDR.SequenciaAcesso.SequenciaCriar"/>
  <testcase name="criar" time="72.812" classname="com.timp.test.MDR.SequenciaAcesso.SequenciaCriar"/>
  <testcase name="acessarMDR" time="31.941" classname="com.timp.test.MDR.SequenciaAcesso.SequenciaCriar"/>
</testsuite> <!-- com.timp.test.MDR.SequenciaAcesso.SequenciaCriar -->
