<?xml version="1.0" encoding="UTF-8"?>
<!-- Generated by org.testng.reporters.JUnitReportReporter -->
<testsuite skipped="0" hostname="LitoSoler" name="com.timp.test.BRB.ExcluirRelatorio" tests="2" failures="0" timestamp="16 feb 2021 17:23:40 GMT" time="113.169" errors="0">
  <testcase name="eliminar" time="78.650" classname="com.timp.test.BRB.ExcluirRelatorio"/>
  <testcase name="eliminarLixeira" time="34.519" classname="com.timp.test.BRB.ExcluirRelatorio"/>
</testsuite> <!-- com.timp.test.BRB.ExcluirRelatorio -->
