<?xml version="1.0" encoding="UTF-8"?>
<!-- Generated by org.testng.reporters.JUnitReportReporter -->
<testsuite hostname="DESKTOP-C57COV6" failures="0" tests="3" name="com.timp.test.BRB.Formula" time="341.911" errors="0" timestamp="28 oct. 2021 18:24:30 GMT" skipped="0">
  <testcase classname="com.timp.test.BRB.Formula" name="formulaColuna" time="234.786"/>
  <testcase classname="com.timp.test.BRB.Formula" name="aplicar" time="3.100"/>
  <testcase classname="com.timp.test.BRB.Formula" name="formulaBoton" time="104.025"/>
</testsuite> <!-- com.timp.test.BRB.Formula -->
