<?xml version="1.0" encoding="UTF-8"?>
<!-- Generated by org.testng.reporters.JUnitReportReporter -->
<testsuite hostname="DESKTOP-35UG9UP" name="com.timp.test.MDR.RegistroECAC.RegistroECACCriar" tests="3" failures="0" timestamp="8 Oct 2020 12:34:31 GMT" time="145.129" errors="0">
  <testcase name="criar" time="115.547" classname="com.timp.test.MDR.RegistroECAC.RegistroECACCriar"/>
  <testcase name="login" time="15.042" classname="com.timp.test.MDR.RegistroECAC.RegistroECACCriar"/>
  <testcase name="acessarMDR" time="14.540" classname="com.timp.test.MDR.RegistroECAC.RegistroECACCriar"/>
</testsuite> <!-- com.timp.test.MDR.RegistroECAC.RegistroECACCriar -->
