<?xml version="1.0" encoding="UTF-8"?>
<!-- Generated by org.testng.reporters.JUnitReportReporter -->
<testsuite hostname="MIGUEL" failures="0" tests="1" name="com.timp.test.BRB.AtivarCorrecao" time="87.741" errors="0" timestamp="17 abr. 2021 20:16:59 GMT" skipped="0">
  <testcase classname="com.timp.test.BRB.AtivarCorrecao" name="ativarCorreccion" time="87.741"/>
</testsuite> <!-- com.timp.test.BRB.AtivarCorrecao -->
