<?xml version="1.0" encoding="UTF-8"?>
<!-- Generated by org.testng.reporters.JUnitReportReporter -->
<testsuite hostname="MassielV" failures="0" tests="1" name="com.timp.test.MDR.Centralizacao.FatorCreditamento.FatorCreditamentoEditar" time="122.803" errors="0" timestamp="27 oct. 2021 10:53:06 GMT" skipped="0">
  <testcase classname="com.timp.test.MDR.Centralizacao.FatorCreditamento.FatorCreditamentoEditar" name="editar" time="122.803"/>
</testsuite> <!-- com.timp.test.MDR.Centralizacao.FatorCreditamento.FatorCreditamentoEditar -->
