<?xml version="1.0" encoding="UTF-8"?>
<!-- Generated by org.testng.reporters.JUnitReportReporter -->
<testsuite hostname="DESKTOP-M23FVFN" failures="0" tests="1" name="com.timp.test.TFP.Periodos.Periodos.PeriodosAlterarPeriodosEmMassa" time="274.089" errors="0" timestamp="2022-09-04T12:50:57 COT" skipped="0">
  <testcase classname="com.timp.test.TFP.Periodos.Periodos.PeriodosAlterarPeriodosEmMassa" name="alterarPeriodoEmMassa" time="274.089"/>
  <system-out/>
</testsuite> <!-- com.timp.test.TFP.Periodos.Periodos.PeriodosAlterarPeriodosEmMassa -->
