<?xml version="1.0" encoding="UTF-8"?>
<!-- Generated by org.testng.reporters.JUnitReportReporter -->
<testsuite hostname="MIGUEL" failures="0" tests="3" name="com.timp.test.TDK.Kpis.Edicao.KpisEdicaoGrafico" time="376.240" errors="0" timestamp="19 mar. 2021 16:25:00 GMT" skipped="0">
  <testcase classname="com.timp.test.TDK.Kpis.Edicao.KpisEdicaoGrafico" name="login" time="8.358"/>
  <testcase classname="com.timp.test.TDK.Kpis.Edicao.KpisEdicaoGrafico" name="acessarTDK" time="24.762"/>
  <testcase classname="com.timp.test.TDK.Kpis.Edicao.KpisEdicaoGrafico" name="Grafico" time="343.120"/>
</testsuite> <!-- com.timp.test.TDK.Kpis.Edicao.KpisEdicaoGrafico -->
