<?xml version="1.0" encoding="UTF-8"?>
<!-- Generated by org.testng.reporters.JUnitReportReporter -->
<testsuite hostname="LitoSoler" name="com.timp.test.BRB.ComentarioLibre" tests="3" failures="0" timestamp="2 Jul 2020 16:16:50 GMT" time="105.505" errors="0">
  <testcase name="comentarioLibre" time="85.492" classname="com.timp.test.BRB.ComentarioLibre"/>
  <testcase name="brbEntrar" time="12.483" classname="com.timp.test.BRB.ComentarioLibre"/>
  <testcase name="login" time="7.530" classname="com.timp.test.BRB.ComentarioLibre"/>
</testsuite> <!-- com.timp.test.BRB.ComentarioLibre -->
