<?xml version="1.0" encoding="UTF-8"?>
<!-- Generated by org.testng.reporters.JUnitReportReporter -->
<testsuite hostname="DESKTOP-JP1A9E6" failures="0" tests="1" name="com.timp.test.MDR.SequenciaAcesso.SequenciaVisualizar" time="286.520" errors="0" timestamp="03 ago. 2021 07:18:01 GMT" skipped="0">
  <testcase classname="com.timp.test.MDR.SequenciaAcesso.SequenciaVisualizar" name="Visualizar" time="286.520"/>
</testsuite> <!-- com.timp.test.MDR.SequenciaAcesso.SequenciaVisualizar -->
