<?xml version="1.0" encoding="UTF-8"?>
<!-- Generated by org.testng.reporters.JUnitReportReporter -->
<testsuite hostname="LitoSoler" name="com.timp.test.MDR.SaldoInicialDiferido.SaldoInicialDiferidoCriar" tests="3" failures="0" timestamp="8 Oct 2020 17:43:53 GMT" time="139.062" errors="0">
  <testcase name="criar" time="106.285" classname="com.timp.test.MDR.SaldoInicialDiferido.SaldoInicialDiferidoCriar"/>
  <testcase name="login" time="11.694" classname="com.timp.test.MDR.SaldoInicialDiferido.SaldoInicialDiferidoCriar"/>
  <testcase name="acessarMDR" time="21.083" classname="com.timp.test.MDR.SaldoInicialDiferido.SaldoInicialDiferidoCriar"/>
</testsuite> <!-- com.timp.test.MDR.SaldoInicialDiferido.SaldoInicialDiferidoCriar -->
