<?xml version="1.0" encoding="UTF-8"?>
<!-- Generated by org.testng.reporters.JUnitReportReporter -->
<testsuite hostname="CRISTHIAN-VASQUEZ" failures="0" tests="1" name="com.timp.test.MDR.TabelasApoioESocial.Tabela08.ClassificacaoTributariaDetalhe" time="68.385" errors="0" timestamp="09 mar. 2021 12:44:35 GMT" skipped="0">
  <testcase classname="com.timp.test.MDR.TabelasApoioESocial.Tabela08.ClassificacaoTributariaDetalhe" name="detalhes" time="68.385"/>
</testsuite> <!-- com.timp.test.MDR.TabelasApoioESocial.Tabela08.ClassificacaoTributariaDetalhe -->
