<?xml version="1.0" encoding="UTF-8"?>
<!-- Generated by org.testng.reporters.JUnitReportReporter -->
<testsuite hostname="EC2AMAZ-8HCHO4G" failures="0" tests="1" name="com.timp.test.BRB.RenomearColuna" time="98.312" errors="0" timestamp="2024-05-29T20:53:09 UTC" skipped="0">
  <testcase classname="com.timp.test.BRB.RenomearColuna" name="renomearColuna" time="98.312"/>
  <system-out/>
</testsuite> <!-- com.timp.test.BRB.RenomearColuna -->
