<?xml version="1.0" encoding="UTF-8"?>
<!-- Generated by org.testng.reporters.JUnitReportReporter -->
<testsuite hostname="MIGUEL" failures="0" tests="3" name="com.timp.test.TDK.Kpis.Lixeira.KpisLixeiraExcluirEmMassa" time="98.054" errors="0" timestamp="20 mar. 2021 15:57:10 GMT" skipped="0">
  <testcase classname="com.timp.test.TDK.Kpis.Lixeira.KpisLixeiraExcluirEmMassa" name="login" time="14.468"/>
  <testcase classname="com.timp.test.TDK.Kpis.Lixeira.KpisLixeiraExcluirEmMassa" name="acessarTDK" time="24.161"/>
  <testcase classname="com.timp.test.TDK.Kpis.Lixeira.KpisLixeiraExcluirEmMassa" name="excluir" time="59.425"/>
</testsuite> <!-- com.timp.test.TDK.Kpis.Lixeira.KpisLixeiraExcluirEmMassa -->
