<?xml version="1.0" encoding="UTF-8"?>
<!-- Generated by org.testng.reporters.JUnitReportReporter -->
<testsuite hostname="DESKTOP-C57COV6" failures="0" tests="1" name="com.timp.test.TFP.Periodos.SubPeriodoPeriodicidade.SubPeriodoPeriodicidadeFiltroPorId" time="57.005" errors="0" timestamp="22 abr. 2021 23:06:17 GMT" skipped="0">
  <testcase classname="com.timp.test.TFP.Periodos.SubPeriodoPeriodicidade.SubPeriodoPeriodicidadeFiltroPorId" name="filtro" time="57.005"/>
</testsuite> <!-- com.timp.test.TFP.Periodos.SubPeriodoPeriodicidade.SubPeriodoPeriodicidadeFiltroPorId -->
