<?xml version="1.0" encoding="UTF-8"?>
<!-- Generated by org.testng.reporters.JUnitReportReporter -->
<testsuite hostname="DESKTOP-C57COV6" failures="0" tests="2" name="com.timp.test.MDR.TaxasDeConversao.TaxasDeConversaoExcluirEmMassa" time="160.830" errors="0" timestamp="06 oct. 2021 14:02:03 GMT" skipped="0">
  <testcase classname="com.timp.test.MDR.TaxasDeConversao.TaxasDeConversaoExcluirEmMassa" name="excluirEmMassa" time="35.752"/>
  <testcase classname="com.timp.test.MDR.TaxasDeConversao.TaxasDeConversaoExcluirEmMassa" name="criar" time="125.078"/>
</testsuite> <!-- com.timp.test.MDR.TaxasDeConversao.TaxasDeConversaoExcluirEmMassa -->
