<?xml version="1.0" encoding="UTF-8"?>
<!-- Generated by org.testng.reporters.JUnitReportReporter -->
<<<<<<< HEAD
<testsuite hostname="SALC-PC" failures="0" tests="1" name="com.timp.test.BRB.RenomearColuna" time="93.361" errors="0" timestamp="2023-08-07T12:27:14 CST" skipped="0">
  <testcase classname="com.timp.test.BRB.RenomearColuna" name="renomearColuna" time="93.361"/>
=======
<testsuite hostname="EC2AMAZ-8HCHO4G" failures="0" tests="1" name="com.timp.test.BRB.RenomearColuna" time="248.862" errors="0" timestamp="2023-08-16T15:47:19 UTC" skipped="0">
  <testcase classname="com.timp.test.BRB.RenomearColuna" name="renomearColuna" time="248.862"/>
>>>>>>> refs/heads/Yessy
  <system-out/>
</testsuite> <!-- com.timp.test.BRB.RenomearColuna -->
