<?xml version="1.0" encoding="UTF-8"?>
<!-- Generated by org.testng.reporters.JUnitReportReporter -->
<testsuite hostname="CRISTHIAN-VASQUEZ" failures="0" tests="3" name="com.timp.test.TCC.GestaoDeCreditoTributarioPISCONFINS.GestaoDeCreditoTributarioCOFINS.ConfiguracaoEExecucao.Registro1600.Registro1600Excluir" time="73.209" errors="0" timestamp="3 Feb 2021 13:41:49 GMT">
  <testcase classname="com.timp.test.TCC.GestaoDeCreditoTributarioPISCONFINS.GestaoDeCreditoTributarioCOFINS.ConfiguracaoEExecucao.Registro1600.Registro1600Excluir" name="acessarTCC" time="22.272"/>
  <testcase classname="com.timp.test.TCC.GestaoDeCreditoTributarioPISCONFINS.GestaoDeCreditoTributarioCOFINS.ConfiguracaoEExecucao.Registro1600.Registro1600Excluir" name="login" time="8.269"/>
  <testcase classname="com.timp.test.TCC.GestaoDeCreditoTributarioPISCONFINS.GestaoDeCreditoTributarioCOFINS.ConfiguracaoEExecucao.Registro1600.Registro1600Excluir" name="excluir" time="42.668"/>
</testsuite> <!-- com.timp.test.TCC.GestaoDeCreditoTributarioPISCONFINS.GestaoDeCreditoTributarioCOFINS.ConfiguracaoEExecucao.Registro1600.Registro1600Excluir -->
