<?xml version="1.0" encoding="UTF-8"?>
<!-- Generated by org.testng.reporters.JUnitReportReporter -->
<testsuite hostname="DESKTOP-M23FVFN" failures="0" tests="1" name="com.timp.test.MDR.ICMSSTTransporte.ICMSSTTransporteFiltroID" time="58.764" errors="0" timestamp="08 dic. 2021 09:15:22 GMT" skipped="0">
  <testcase classname="com.timp.test.MDR.ICMSSTTransporte.ICMSSTTransporteFiltroID" name="filtro" time="58.764"/>
</testsuite> <!-- com.timp.test.MDR.ICMSSTTransporte.ICMSSTTransporteFiltroID -->
