<?xml version="1.0" encoding="UTF-8"?>
<!-- Generated by org.testng.reporters.JUnitReportReporter -->
<testsuite hostname="LitoSoler" name="com.timp.test.BRB.testNg.FiltrosAvançados" tests="1" failures="0" timestamp="26 Oct 2020 15:10:38 GMT" time="53.467" errors="0">
  <testcase name="filtrosAvanzados" time="53.467" classname="com.timp.test.BRB.testNg.FiltrosAvançados"/>
</testsuite> <!-- com.timp.test.BRB.testNg.FiltrosAvançados -->
