<?xml version="1.0" encoding="UTF-8"?>
<!-- Generated by org.testng.reporters.JUnitReportReporter -->
<testsuite hostname="MassielV" failures="0" tests="1" name="com.timp.test.ADM.Configuração.Usuarios.UsuariosFiltrosAvancados" time="89.891" errors="0" timestamp="05 nov. 2021 15:49:55 GMT" skipped="0">
  <testcase classname="com.timp.test.ADM.Configuração.Usuarios.UsuariosFiltrosAvancados" name="filtros" time="89.891"/>
</testsuite> <!-- com.timp.test.ADM.Configuração.Usuarios.UsuariosFiltrosAvancados -->
