<?xml version="1.0" encoding="UTF-8"?>
<!-- Generated by org.testng.reporters.JUnitReportReporter -->
<testsuite hostname="DESKTOP-BNBDMGT" failures="0" tests="3" name="com.timp.test.MDR.CadastrosIRPJCSLL.ContasContábeisRBLP.ContasContábeisRBLPFiltroId" time="49.802" errors="0" timestamp="24 Nov 2020 06:09:41 GMT">
  <testcase classname="com.timp.test.MDR.CadastrosIRPJCSLL.ContasContábeisRBLP.ContasContábeisRBLPFiltroId" name="filtro" time="13.579"/>
  <testcase classname="com.timp.test.MDR.CadastrosIRPJCSLL.ContasContábeisRBLP.ContasContábeisRBLPFiltroId" name="login" time="9.573"/>
  <testcase classname="com.timp.test.MDR.CadastrosIRPJCSLL.ContasContábeisRBLP.ContasContábeisRBLPFiltroId" name="acessarMDR" time="26.650"/>
</testsuite> <!-- com.timp.test.MDR.CadastrosIRPJCSLL.ContasContábeisRBLP.ContasContábeisRBLPFiltroId -->
