<?xml version="1.0" encoding="UTF-8"?>
<!-- Generated by org.testng.reporters.JUnitReportReporter -->
<testsuite hostname="CRISTHIAN-VASQUEZ" failures="0" tests="3" name="com.timp.test.TAA.Agendamento.AgendamentoVer" time="77.918" errors="0" timestamp="11 mar. 2021 16:45:44 GMT" skipped="0">
  <testcase classname="com.timp.test.TAA.Agendamento.AgendamentoVer" name="ingresar" time="11.353"/>
  <testcase classname="com.timp.test.TAA.Agendamento.AgendamentoVer" name="ingresarTAA" time="19.202"/>
  <testcase classname="com.timp.test.TAA.Agendamento.AgendamentoVer" name="ver" time="47.363"/>
</testsuite> <!-- com.timp.test.TAA.Agendamento.AgendamentoVer -->
