<?xml version="1.0" encoding="UTF-8"?>
<!-- Generated by org.testng.reporters.JUnitReportReporter -->
<testsuite hostname="LitoSoler" name="com.timp.test.BRB.paginacion" tests="3" failures="0" timestamp="10 Aug 2020 17:51:46 GMT" time="53.976" errors="0">
  <testcase name="paginacion" time="33.429" classname="com.timp.test.BRB.paginacion"/>
  <testcase name="login" time="6.460" classname="com.timp.test.BRB.paginacion"/>
  <testcase name="brbEntrar" time="14.087" classname="com.timp.test.BRB.paginacion"/>
</testsuite> <!-- com.timp.test.BRB.paginacion -->
