<?xml version="1.0" encoding="UTF-8"?>
<!-- Generated by org.testng.reporters.JUnitReportReporter -->
<testsuite hostname="CRISTHIAN-VASQUEZ" failures="0" tests="3" name="com.timp.test.BCB.ParametrosGeraisHierarquiaCriar" time="126.798" errors="0" timestamp="10 Feb 2021 18:55:13 GMT">
  <testcase classname="com.timp.test.BCB.ParametrosGeraisHierarquiaCriar" name="brbEntrar" time="20.245"/>
  <testcase classname="com.timp.test.BCB.ParametrosGeraisHierarquiaCriar" name="login" time="7.099"/>
  <testcase classname="com.timp.test.BCB.ParametrosGeraisHierarquiaCriar" name="criarConfiguracaoHierarquia" time="99.454"/>
</testsuite> <!-- com.timp.test.BCB.ParametrosGeraisHierarquiaCriar -->
