<?xml version="1.0" encoding="UTF-8"?>
<!-- Generated by org.testng.reporters.JUnitReportReporter -->
<testsuite hostname="MIGUEL" failures="0" tests="3" name="com.timp.test.TDK.Kpis.KpisPublicos.KpisPublicosDetalhes" time="69.574" errors="0" timestamp="19 mar. 2021 17:56:10 GMT" skipped="0">
  <testcase classname="com.timp.test.TDK.Kpis.KpisPublicos.KpisPublicosDetalhes" name="login" time="8.485"/>
  <testcase classname="com.timp.test.TDK.Kpis.KpisPublicos.KpisPublicosDetalhes" name="acessarTDK" time="23.498"/>
  <testcase classname="com.timp.test.TDK.Kpis.KpisPublicos.KpisPublicosDetalhes" name="filtro" time="37.591"/>
</testsuite> <!-- com.timp.test.TDK.Kpis.KpisPublicos.KpisPublicosDetalhes -->
