<?xml version="1.0" encoding="UTF-8"?>
<!-- Generated by org.testng.reporters.JUnitReportReporter -->
<testsuite hostname="DESKTOP-M23FVFN" failures="0" tests="3" name="com.timp.test.BPMA.AtivadorDeProcessos.AtivadorDeProcessosPesquisaPorNomeDoProcesso" time="59.200" errors="0" timestamp="26 abr. 2022 21:41:32 GMT" skipped="0">
  <testcase classname="com.timp.test.BPMA.AtivadorDeProcessos.AtivadorDeProcessosPesquisaPorNomeDoProcesso" name="login" time="11.711"/>
  <testcase classname="com.timp.test.BPMA.AtivadorDeProcessos.AtivadorDeProcessosPesquisaPorNomeDoProcesso" name="acessarBPMA" time="22.616"/>
  <testcase classname="com.timp.test.BPMA.AtivadorDeProcessos.AtivadorDeProcessosPesquisaPorNomeDoProcesso" name="criar" time="24.873"/>
</testsuite> <!-- com.timp.test.BPMA.AtivadorDeProcessos.AtivadorDeProcessosPesquisaPorNomeDoProcesso -->
