<?xml version="1.0" encoding="UTF-8"?>
<!-- Generated by org.testng.reporters.JUnitReportReporter -->
<testsuite hostname="DESKTOP-BNBDMGT" failures="0" tests="1" name="com.timp.test.BRE.RegrasdeAuditoriaN2.edicao.RegrasDeAuditoriaN2EdicaoRelacionamento" time="128.456" errors="0" timestamp="31 mar. 2021 15:04:40 GMT" skipped="0">
  <testcase classname="com.timp.test.BRE.RegrasdeAuditoriaN2.edicao.RegrasDeAuditoriaN2EdicaoRelacionamento" name="editar" time="128.456"/>
</testsuite> <!-- com.timp.test.BRE.RegrasdeAuditoriaN2.edicao.RegrasDeAuditoriaN2EdicaoRelacionamento -->
