<?xml version="1.0" encoding="UTF-8"?>
<!-- Generated by org.testng.reporters.JUnitReportReporter -->
<testsuite hostname="DESKTOP-5P4F1JE" failures="0" tests="3" name="com.timp.test.ADM.Configuração.ConfiguracaoDeTributos.ConfiguracaoDeTributo.ConfiguracaoDeTributoEditar" time="79.081" errors="0" timestamp="9 Feb 2021 13:57:09 GMT">
  <testcase classname="com.timp.test.ADM.Configuração.ConfiguracaoDeTributos.ConfiguracaoDeTributo.ConfiguracaoDeTributoEditar" name="editar" time="52.261"/>
  <testcase classname="com.timp.test.ADM.Configuração.ConfiguracaoDeTributos.ConfiguracaoDeTributo.ConfiguracaoDeTributoEditar" name="login" time="10.915"/>
  <testcase classname="com.timp.test.ADM.Configuração.ConfiguracaoDeTributos.ConfiguracaoDeTributo.ConfiguracaoDeTributoEditar" name="AcessarADM" time="15.905"/>
</testsuite> <!-- com.timp.test.ADM.Configuração.ConfiguracaoDeTributos.ConfiguracaoDeTributo.ConfiguracaoDeTributoEditar -->
