<?xml version="1.0" encoding="UTF-8"?>
<!-- Generated by org.testng.reporters.JUnitReportReporter -->
<testsuite hostname="DESKTOP-JP1A9E6" failures="0" tests="2" name="com.timp.test.MDR.ValorAdicionado.Municipio.MunicipioExcluirEmMassa" time="159.043" errors="0" timestamp="24 jul. 2021 09:59:05 GMT" skipped="0">
  <testcase classname="com.timp.test.MDR.ValorAdicionado.Municipio.MunicipioExcluirEmMassa" name="Criar" time="129.861"/>
  <testcase classname="com.timp.test.MDR.ValorAdicionado.Municipio.MunicipioExcluirEmMassa" name="ExcluirEmMassa" time="29.182"/>
</testsuite> <!-- com.timp.test.MDR.ValorAdicionado.Municipio.MunicipioExcluirEmMassa -->
