<?xml version="1.0" encoding="UTF-8"?>
<!-- Generated by org.testng.reporters.JUnitReportReporter -->
<<<<<<< HEAD
<testsuite hostname="LitoSoler" name="com.timp.test.BRB.AtivarComentario" tests="3" failures="0" timestamp="12 Nov 2020 00:41:19 GMT" time="85.949" errors="0">
  <testcase name="login" time="7.185" classname="com.timp.test.BRB.AtivarComentario"/>
  <testcase name="brbEntrar" time="40.472" classname="com.timp.test.BRB.AtivarComentario"/>
  <testcase name="ativarComentarios" time="38.292" classname="com.timp.test.BRB.AtivarComentario"/>
=======
<testsuite hostname="DESKTOP-5P4F1JE" failures="0" tests="3" name="com.timp.test.BRB.AtivarComentario" time="69.389" errors="0" timestamp="5 Nov 2020 18:41:28 GMT">
  <testcase classname="com.timp.test.BRB.AtivarComentario" name="login" time="7.630"/>
  <testcase classname="com.timp.test.BRB.AtivarComentario" name="brbEntrar" time="21.754"/>
  <testcase classname="com.timp.test.BRB.AtivarComentario" name="ativarComentarios" time="40.005"/>
>>>>>>> branch 'master' of https://github.com/salc1997/TIMP_R1.git
</testsuite> <!-- com.timp.test.BRB.AtivarComentario -->
