<?xml version="1.0" encoding="UTF-8"?>
<!-- Generated by org.testng.reporters.JUnitReportReporter -->
<testsuite hostname="MIGUEL" failures="0" tests="3" name="com.timp.test.BRE.Estruturas.ParametrosGerais.EstruturasFiltrosAvançadosLimpaFiltros" time="53.186" errors="0" timestamp="26 mar. 2021 22:51:25 GMT" skipped="0">
  <testcase classname="com.timp.test.BRE.Estruturas.ParametrosGerais.EstruturasFiltrosAvançadosLimpaFiltros" name="login" time="7.583"/>
  <testcase classname="com.timp.test.BRE.Estruturas.ParametrosGerais.EstruturasFiltrosAvançadosLimpaFiltros" name="acessarBRE" time="17.944"/>
  <testcase classname="com.timp.test.BRE.Estruturas.ParametrosGerais.EstruturasFiltrosAvançadosLimpaFiltros" name="Filtro" time="27.659"/>
</testsuite> <!-- com.timp.test.BRE.Estruturas.ParametrosGerais.EstruturasFiltrosAvançadosLimpaFiltros -->
