<?xml version="1.0" encoding="UTF-8"?>
<!-- Generated by org.testng.reporters.JUnitReportReporter -->
<testsuite hostname="LitoSoler" name="com.timp.test.MDR.ValorAdicionado.Municipio.MunicipioVisualizar" tests="3" failures="0" timestamp="12 Oct 2020 19:44:18 GMT" time="99.114" errors="0">
  <testcase name="visualizar" time="82.798" classname="com.timp.test.MDR.ValorAdicionado.Municipio.MunicipioVisualizar"/>
  <testcase name="login" time="7.201" classname="com.timp.test.MDR.ValorAdicionado.Municipio.MunicipioVisualizar"/>
  <testcase name="acessarMDR" time="9.115" classname="com.timp.test.MDR.ValorAdicionado.Municipio.MunicipioVisualizar"/>
</testsuite> <!-- com.timp.test.MDR.ValorAdicionado.Municipio.MunicipioVisualizar -->
