<?xml version="1.0" encoding="UTF-8"?>
<!-- Generated by org.testng.reporters.JUnitReportReporter -->
<testsuite hostname="MassielV" failures="0" tests="2" name="com.timp.test.BRB.GruposAvancados" time="480.121" errors="0" timestamp="25 nov. 2021 00:39:43 GMT" skipped="0">
  <testcase classname="com.timp.test.BRB.GruposAvancados" name="eliminarGrupos" time="53.932"/>
  <testcase classname="com.timp.test.BRB.GruposAvancados" name="gruposAvanzados" time="426.189"/>
</testsuite> <!-- com.timp.test.BRB.GruposAvancados -->
