<?xml version="1.0" encoding="UTF-8"?>
<!-- Generated by org.testng.reporters.JUnitReportReporter -->
<testsuite hostname="LitoSoler" name="com.timp.test.BCB.HierarquiaConfiguracaoTodasAsFuncionalidades" tests="3" failures="0" timestamp="30 Oct 2020 22:50:10 GMT" time="140.086" errors="0">
  <testcase name="executar" time="116.833" classname="com.timp.test.BCB.HierarquiaConfiguracaoTodasAsFuncionalidades"/>
  <testcase name="login" time="7.765" classname="com.timp.test.BCB.HierarquiaConfiguracaoTodasAsFuncionalidades"/>
  <testcase name="brbEntrar" time="15.488" classname="com.timp.test.BCB.HierarquiaConfiguracaoTodasAsFuncionalidades"/>
</testsuite> <!-- com.timp.test.BCB.HierarquiaConfiguracaoTodasAsFuncionalidades -->
