<?xml version="1.0" encoding="UTF-8"?>
<!-- Generated by org.testng.reporters.JUnitReportReporter -->
<testsuite hostname="MIGUEL" failures="0" tests="3" name="com.timp.test.MDR.TabelasApoioSped.CFOP.CFODetalhe" time="69.664" errors="0" timestamp="20 Oct 2020 23:16:50 GMT">
  <testcase classname="com.timp.test.MDR.TabelasApoioSped.CFOP.CFODetalhe" name="detalhe" time="48.804"/>
  <testcase classname="com.timp.test.MDR.TabelasApoioSped.CFOP.CFODetalhe" name="ingresar" time="11.060"/>
  <testcase classname="com.timp.test.MDR.TabelasApoioSped.CFOP.CFODetalhe" name="mdrEntrar" time="9.800"/>
</testsuite> <!-- com.timp.test.MDR.TabelasApoioSped.CFOP.CFODetalhe -->
