<?xml version="1.0" encoding="UTF-8"?>
<!-- Generated by org.testng.reporters.JUnitReportReporter -->
<testsuite hostname="Agile" failures="0" tests="2" name="com.timp.test.ATR.Estruturas.MapeamentoDeEstruturas.MapeamentodeEstruturasExcluirMassa" time="404.471" errors="0" timestamp="10 may. 2022 18:29:52 GMT" skipped="0">
  <testcase classname="com.timp.test.ATR.Estruturas.MapeamentoDeEstruturas.MapeamentodeEstruturasExcluirMassa" name="excluirMasa" time="46.915"/>
  <testcase classname="com.timp.test.ATR.Estruturas.MapeamentoDeEstruturas.MapeamentodeEstruturasExcluirMassa" name="Criar" time="357.556"/>
</testsuite> <!-- com.timp.test.ATR.Estruturas.MapeamentoDeEstruturas.MapeamentodeEstruturasExcluirMassa -->
