<?xml version="1.0" encoding="UTF-8"?>
<!-- Generated by org.testng.reporters.JUnitReportReporter -->
<testsuite hostname="MIGUEL" failures="0" tests="3" name="com.timp.test.TDK.Dashboard.Edicao.DashboardTabelaEditar" time="261.797" errors="0" timestamp="15 mar. 2021 22:00:09 GMT" skipped="0">
  <testcase classname="com.timp.test.TDK.Dashboard.Edicao.DashboardTabelaEditar" name="login" time="12.161"/>
  <testcase classname="com.timp.test.TDK.Dashboard.Edicao.DashboardTabelaEditar" name="acessarTDK" time="36.371"/>
  <testcase classname="com.timp.test.TDK.Dashboard.Edicao.DashboardTabelaEditar" name="linksrapidos" time="213.265"/>
</testsuite> <!-- com.timp.test.TDK.Dashboard.Edicao.DashboardTabelaEditar -->
