<?xml version="1.0" encoding="UTF-8"?>
<!-- Generated by org.testng.reporters.JUnitReportReporter -->
<testsuite hostname="CRISTHIAN-VASQUEZ" failures="0" tests="1" name="com.timp.test.MDR.Siscoserv.RegistroRF.RegistroRFFiltroPorID" time="45.506" errors="0" timestamp="09 mar. 2021 00:00:37 GMT" skipped="0">
  <testcase classname="com.timp.test.MDR.Siscoserv.RegistroRF.RegistroRFFiltroPorID" name="filtro" time="45.506"/>
</testsuite> <!-- com.timp.test.MDR.Siscoserv.RegistroRF.RegistroRFFiltroPorID -->
