<?xml version="1.0" encoding="UTF-8"?>
<!-- Generated by org.testng.reporters.JUnitReportReporter -->
<testsuite hostname="DESKTOP-JP1A9E6" failures="0" tests="1" name="com.timp.test.TDK.Kpis.Lixeira.LixeiraFiltroPorID" time="128.792" errors="0" timestamp="03 ago. 2021 04:13:49 GMT" skipped="0">
  <testcase classname="com.timp.test.TDK.Kpis.Lixeira.LixeiraFiltroPorID" name="filtro" time="128.792"/>
</testsuite> <!-- com.timp.test.TDK.Kpis.Lixeira.LixeiraFiltroPorID -->
