<?xml version="1.0" encoding="UTF-8"?>
<!-- Generated by org.testng.reporters.JUnitReportReporter -->
<testsuite hostname="DESKTOP-BNBDMGT" failures="0" tests="3" name="com.timp.test.BCB.ParametrosGeraisConfiguraçãoCriar" time="177.164" errors="0" timestamp="10 Feb 2021 22:33:33 GMT">
  <testcase classname="com.timp.test.BCB.ParametrosGeraisConfiguraçãoCriar" name="criarConfiguracao" time="155.839"/>
  <testcase classname="com.timp.test.BCB.ParametrosGeraisConfiguraçãoCriar" name="brbEntrar" time="13.931"/>
  <testcase classname="com.timp.test.BCB.ParametrosGeraisConfiguraçãoCriar" name="login" time="7.394"/>
</testsuite> <!-- com.timp.test.BCB.ParametrosGeraisConfiguraçãoCriar -->
