<?xml version="1.0" encoding="UTF-8"?>
<!-- Generated by org.testng.reporters.JUnitReportReporter -->
<testsuite hostname="MIGUEL" failures="0" tests="3" name="com.timp.test.SCANC.RelatoriosRefineriaGerados.RelatorioRefinariaGeradosExcluirCampoDeSaida" time="116.467" errors="0" timestamp="9 Dec 2020 02:21:32 GMT">
  <testcase classname="com.timp.test.SCANC.RelatoriosRefineriaGerados.RelatorioRefinariaGeradosExcluirCampoDeSaida" name="excluir" time="65.215"/>
  <testcase classname="com.timp.test.SCANC.RelatoriosRefineriaGerados.RelatorioRefinariaGeradosExcluirCampoDeSaida" name="ingresar" time="13.260"/>
  <testcase classname="com.timp.test.SCANC.RelatoriosRefineriaGerados.RelatorioRefinariaGeradosExcluirCampoDeSaida" name="scancEntrar" time="37.992"/>
</testsuite> <!-- com.timp.test.SCANC.RelatoriosRefineriaGerados.RelatorioRefinariaGeradosExcluirCampoDeSaida -->
