<?xml version="1.0" encoding="UTF-8"?>
<!-- Generated by org.testng.reporters.JUnitReportReporter -->
<testsuite hostname="Agile" failures="0" tests="1" name="com.timp.test.MDR.TabelasApoioESocial.Tabela11.CompatibilidadEnCatTrabExcluirMassa" time="114.157" errors="0" timestamp="06 ene. 2022 08:56:20 GMT" skipped="0">
  <testcase classname="com.timp.test.MDR.TabelasApoioESocial.Tabela11.CompatibilidadEnCatTrabExcluirMassa" name="criar" time="114.157"/>
</testsuite> <!-- com.timp.test.MDR.TabelasApoioESocial.Tabela11.CompatibilidadEnCatTrabExcluirMassa -->
