<?xml version="1.0" encoding="UTF-8"?>
<!-- Generated by org.testng.reporters.JUnitReportReporter -->
<testsuite hostname="LitoSoler" name="com.timp.test.CALENDAR.AcessarCalendar" tests="2" failures="0" timestamp="21 Dec 2020 12:04:45 GMT" time="23.151" errors="0">
  <testcase name="login" time="7.678" classname="com.timp.test.CALENDAR.AcessarCalendar"/>
  <testcase name="CalendarEntrar" time="15.473" classname="com.timp.test.CALENDAR.AcessarCalendar"/>
</testsuite> <!-- com.timp.test.CALENDAR.AcessarCalendar -->
