<?xml version="1.0" encoding="UTF-8"?>
<!-- Generated by org.testng.reporters.JUnitReportReporter -->
<testsuite hostname="MassielV" failures="0" tests="1" name="com.timp.test.ADM.Configuração.ConfiguraçãoTributo.ConfiguraçãodeTributoXTributoGrupo.ConfiguraçãodeTributoXTributoGrupoEditar" time="76.339" errors="0" timestamp="18 nov. 2021 07:16:55 GMT" skipped="0">
  <testcase classname="com.timp.test.ADM.Configuração.ConfiguraçãoTributo.ConfiguraçãodeTributoXTributoGrupo.ConfiguraçãodeTributoXTributoGrupoEditar" name="Editar" time="76.339"/>
</testsuite> <!-- com.timp.test.ADM.Configuração.ConfiguraçãoTributo.ConfiguraçãodeTributoXTributoGrupo.ConfiguraçãodeTributoXTributoGrupoEditar -->
