<?xml version="1.0" encoding="UTF-8"?>
<!-- Generated by org.testng.reporters.JUnitReportReporter -->
<<<<<<< HEAD
<testsuite hostname="DESKTOP-5P4F1JE" failures="0" tests="3" name="com.timp.test.BRB.AtivarComentario" time="70.251" errors="0" timestamp="13 Nov 2020 19:39:19 GMT">
  <testcase classname="com.timp.test.BRB.AtivarComentario" name="login" time="7.893"/>
  <testcase classname="com.timp.test.BRB.AtivarComentario" name="ativarComentarios" time="39.686"/>
  <testcase classname="com.timp.test.BRB.AtivarComentario" name="brbEntrar" time="22.672"/>
=======
<testsuite hostname="LitoSoler" name="com.timp.test.BRB.AtivarComentario" tests="3" failures="0" timestamp="13 Nov 2020 21:13:32 GMT" time="67.509" errors="0">
  <testcase name="login" time="7.704" classname="com.timp.test.BRB.AtivarComentario"/>
  <testcase name="brbEntrar" time="23.582" classname="com.timp.test.BRB.AtivarComentario"/>
  <testcase name="ativarComentarios" time="36.223" classname="com.timp.test.BRB.AtivarComentario"/>
>>>>>>> branch 'master' of https://github.com/salc1997/TIMP_R1.git
</testsuite> <!-- com.timp.test.BRB.AtivarComentario -->
