<?xml version="1.0" encoding="UTF-8"?>
<!-- Generated by org.testng.reporters.JUnitReportReporter -->
<testsuite hostname="DESKTOP-JP1A9E6" failures="0" tests="1" name="com.timp.test.MDR.IncentivosFiscais.IncentivosFiscaisCriar" time="139.961" errors="0" timestamp="26 ago. 2021 23:57:15 GMT" skipped="0">
  <testcase classname="com.timp.test.MDR.IncentivosFiscais.IncentivosFiscaisCriar" name="CriarIncentivosFiscais" time="139.961"/>
</testsuite> <!-- com.timp.test.MDR.IncentivosFiscais.IncentivosFiscaisCriar -->
