<?xml version="1.0" encoding="UTF-8"?>
<!-- Generated by org.testng.reporters.JUnitReportReporter -->
<testsuite hostname="LitoSoler" name="com.timp.test.BRB.pruebaTablas" tests="2" failures="0" timestamp="21 May 2020 16:40:57 GMT" time="19.410" errors="0">
  <testcase name="brbEntrar" time="16.973" classname="com.timp.test.BRB.pruebaTablas"/>
  <testcase name="login" time="2.437" classname="com.timp.test.BRB.pruebaTablas"/>
</testsuite> <!-- com.timp.test.BRB.pruebaTablas -->
