<?xml version="1.0" encoding="UTF-8"?>
<!-- Generated by org.testng.reporters.JUnitReportReporter -->
<testsuite hostname="DESKTOP-M23FVFN" failures="0" tests="3" name="com.timp.test.BPMA.ProcessodeNegocio.CriarProcessocomTarefaAutomatizada" time="359.119" errors="0" timestamp="12 abr. 2022 16:48:14 GMT" skipped="0">
  <testcase classname="com.timp.test.BPMA.ProcessodeNegocio.CriarProcessocomTarefaAutomatizada" name="login" time="8.940"/>
  <testcase classname="com.timp.test.BPMA.ProcessodeNegocio.CriarProcessocomTarefaAutomatizada" name="BPMAEntrar" time="21.714"/>
  <testcase classname="com.timp.test.BPMA.ProcessodeNegocio.CriarProcessocomTarefaAutomatizada" name="criar" time="328.465"/>
</testsuite> <!-- com.timp.test.BPMA.ProcessodeNegocio.CriarProcessocomTarefaAutomatizada -->
