<?xml version="1.0" encoding="UTF-8"?>
<!-- Generated by org.testng.reporters.JUnitReportReporter -->
<testsuite hostname="EC2AMAZ-8HCHO4G" failures="0" tests="1" name="com.timp.test.TCC.GestaoDeCreditoTributarioICMS.ConfiguracaoEExecucaoPainelCreditoICMS.ConfiguracaoEExecucaoPainelCreditoICMSFiltrosAvansados" time="113.759" errors="0" timestamp="2024-10-16T23:07:48 UTC" skipped="0">
  <testcase classname="com.timp.test.TCC.GestaoDeCreditoTributarioICMS.ConfiguracaoEExecucaoPainelCreditoICMS.ConfiguracaoEExecucaoPainelCreditoICMSFiltrosAvansados" name="filtros" time="113.759"/>
  <system-out/>
</testsuite> <!-- com.timp.test.TCC.GestaoDeCreditoTributarioICMS.ConfiguracaoEExecucaoPainelCreditoICMS.ConfiguracaoEExecucaoPainelCreditoICMSFiltrosAvansados -->
