<?xml version="1.0" encoding="UTF-8"?>
<!-- Generated by org.testng.reporters.JUnitReportReporter -->
<testsuite hostname="DESKTOP-C57COV6" failures="0" tests="1" name="com.timp.test.MDR.CadastrosIRPJCSLL.DEPARAContasContábeis.DEPARAContasContábeisEditar" time="95.454" errors="0" timestamp="27 abr. 2021 17:02:29 GMT" skipped="0">
  <testcase classname="com.timp.test.MDR.CadastrosIRPJCSLL.DEPARAContasContábeis.DEPARAContasContábeisEditar" name="Editar" time="95.454"/>
</testsuite> <!-- com.timp.test.MDR.CadastrosIRPJCSLL.DEPARAContasContábeis.DEPARAContasContábeisEditar -->
