<?xml version="1.0" encoding="UTF-8"?>
<!-- Generated by org.testng.reporters.JUnitReportReporter -->
<<<<<<< HEAD
<testsuite hostname="MIGUEL" failures="0" tests="1" name="com.timp.test.BRB.NovoRelatorio" time="122.795" errors="0" timestamp="16 mar. 2021 16:05:14 GMT" skipped="0">
  <testcase classname="com.timp.test.BRB.NovoRelatorio" name="novoRelatorio" time="122.795"/>
=======
<testsuite hostname="LAPTOP-IN7IV9K5" failures="0" tests="1" name="com.timp.test.BRB.NovoRelatorio" time="108.130" errors="0" timestamp="16 mar. 2021 11:19:55 GMT" skipped="0">
  <testcase classname="com.timp.test.BRB.NovoRelatorio" name="novoRelatorio" time="108.130"/>
>>>>>>> refs/remotes/origin/Kenssy
</testsuite> <!-- com.timp.test.BRB.NovoRelatorio -->
