<?xml version="1.0" encoding="UTF-8"?>
<!-- Generated by org.testng.reporters.JUnitReportReporter -->
<testsuite hostname="MIGUEL" failures="0" tests="3" name="com.timp.test.TBD.Configuração.CamposChaves.CamposChavesExcluir" time="57.109" errors="0" timestamp="22 abr. 2021 13:52:55 GMT" skipped="0">
  <testcase classname="com.timp.test.TBD.Configuração.CamposChaves.CamposChavesExcluir" name="login" time="7.526"/>
  <testcase classname="com.timp.test.TBD.Configuração.CamposChaves.CamposChavesExcluir" name="TBDEntrar" time="14.081"/>
  <testcase classname="com.timp.test.TBD.Configuração.CamposChaves.CamposChavesExcluir" name="excluir" time="35.502"/>
</testsuite> <!-- com.timp.test.TBD.Configuração.CamposChaves.CamposChavesExcluir -->
