<?xml version="1.0" encoding="UTF-8"?>
<!-- Generated by org.testng.reporters.JUnitReportReporter -->
<testsuite hostname="LitoSoler" name="com.timp.test.BRE.RegrasDeMensagens.Edicao.RegrasDeMensagensTabelas" tests="3" failures="0" timestamp="30 Nov 2020 21:03:33 GMT" time="151.948" errors="0">
  <testcase name="acessarBRE" time="12.855" classname="com.timp.test.BRE.RegrasDeMensagens.Edicao.RegrasDeMensagensTabelas"/>
  <testcase name="login" time="9.513" classname="com.timp.test.BRE.RegrasDeMensagens.Edicao.RegrasDeMensagensTabelas"/>
  <testcase name="editar" time="129.580" classname="com.timp.test.BRE.RegrasDeMensagens.Edicao.RegrasDeMensagensTabelas"/>
</testsuite> <!-- com.timp.test.BRE.RegrasDeMensagens.Edicao.RegrasDeMensagensTabelas -->
