<?xml version="1.0" encoding="UTF-8"?>
<!-- Generated by org.testng.reporters.JUnitReportReporter -->
<testsuite hostname="CRISTHIAN-VASQUEZ" failures="0" tests="3" name="com.timp.test.TPC.ParâmetrosGeraisAprovar" time="71.938" errors="0" timestamp="18 Jan 2021 15:34:52 GMT">
  <testcase classname="com.timp.test.TPC.ParâmetrosGeraisAprovar" name="ingresar" time="8.370"/>
  <testcase classname="com.timp.test.TPC.ParâmetrosGeraisAprovar" name="ingresarTPC" time="18.462"/>
  <testcase classname="com.timp.test.TPC.ParâmetrosGeraisAprovar" name="aprovado" time="45.106"/>
</testsuite> <!-- com.timp.test.TPC.ParâmetrosGeraisAprovar -->
