<?xml version="1.0" encoding="UTF-8"?>
<!-- Generated by org.testng.reporters.JUnitReportReporter -->
<testsuite hostname="DESKTOP-M23FVFN" failures="0" tests="3" name="com.timp.test.CALENDAR.Tarefas.TarefaManual" time="513.137" errors="0" timestamp="12 abr. 2022 21:09:08 GMT" skipped="0">
  <testcase classname="com.timp.test.CALENDAR.Tarefas.TarefaManual" name="login" time="11.284"/>
  <testcase classname="com.timp.test.CALENDAR.Tarefas.TarefaManual" name="acessarCalendar" time="70.909"/>
  <testcase classname="com.timp.test.CALENDAR.Tarefas.TarefaManual" name="Calendar" time="430.944"/>
</testsuite> <!-- com.timp.test.CALENDAR.Tarefas.TarefaManual -->
