<?xml version="1.0" encoding="UTF-8"?>
<!-- Generated by org.testng.reporters.JUnitReportReporter -->
<testsuite hostname="DESKTOP-BNBDMGT" failures="0" tests="1" name="com.timp.test.ADM.LoginBRB" time="22.676" errors="0" timestamp="27 Jan 2021 13:43:05 GMT">
  <testcase classname="com.timp.test.ADM.LoginBRB" name="Login" time="22.676"/>
</testsuite> <!-- com.timp.test.ADM.LoginBRB -->
