<?xml version="1.0" encoding="UTF-8"?>
<!-- Generated by org.testng.reporters.JUnitReportReporter -->
<testsuite hostname="DESKTOP-5P4F1JE" failures="0" tests="3" name="com.timp.test.MDR.TabelasApoioESocial.Tabela06.PaisesExcluir" time="129.889" errors="0" timestamp="29 Oct 2020 20:27:02 GMT">
  <testcase classname="com.timp.test.MDR.TabelasApoioESocial.Tabela06.PaisesExcluir" name="login" time="9.219"/>
  <testcase classname="com.timp.test.MDR.TabelasApoioESocial.Tabela06.PaisesExcluir" name="excluir" time="109.727"/>
  <testcase classname="com.timp.test.MDR.TabelasApoioESocial.Tabela06.PaisesExcluir" name="acessarMDR" time="10.943"/>
</testsuite> <!-- com.timp.test.MDR.TabelasApoioESocial.Tabela06.PaisesExcluir -->
