<?xml version="1.0" encoding="UTF-8"?>
<!-- Generated by org.testng.reporters.JUnitReportReporter -->
<testsuite hostname="DESKTOP-C57COV6" failures="0" tests="1" name="com.timp.test.MDR.DetalheTipoTributo.DetalheFiltroId" time="47.143" errors="0" timestamp="27 abr. 2021 16:01:59 GMT" skipped="0">
  <testcase classname="com.timp.test.MDR.DetalheTipoTributo.DetalheFiltroId" name="filtroId" time="47.143"/>
</testsuite> <!-- com.timp.test.MDR.DetalheTipoTributo.DetalheFiltroId -->
