<?xml version="1.0" encoding="UTF-8"?>
<!-- Generated by org.testng.reporters.JUnitReportReporter -->
<testsuite hostname="DESKTOP-35UG9UP" name="com.timp.test.BRB.BRBAcessar" tests="2" failures="0" timestamp="1 Oct 2020 19:17:13 GMT" time="36.162" errors="0">
  <testcase name="brbEntrar" time="25.558" classname="com.timp.test.BRB.BRBAcessar"/>
  <testcase name="login" time="10.604" classname="com.timp.test.BRB.BRBAcessar"/>
</testsuite> <!-- com.timp.test.BRB.BRBAcessar -->
