<?xml version="1.0" encoding="UTF-8"?>
<!-- Generated by org.testng.reporters.JUnitReportReporter -->
<testsuite hostname="DESKTOP-C57COV6" failures="0" tests="1" name="com.timp.test.MDR.TabelasApoioESocial.Tabela16.SGDPCriar" time="70.226" errors="0" timestamp="17 abr. 2021 15:43:46 GMT" skipped="0">
  <testcase classname="com.timp.test.MDR.TabelasApoioESocial.Tabela16.SGDPCriar" name="criar" time="70.226"/>
</testsuite> <!-- com.timp.test.MDR.TabelasApoioESocial.Tabela16.SGDPCriar -->
