<?xml version="1.0" encoding="UTF-8"?>
<!-- Generated by org.testng.reporters.JUnitReportReporter -->
<testsuite hostname="MIGUEL" failures="0" tests="3" name="com.timp.test.BRE.CalculoDeTributos.CálculodeTributosValoresCalculados" time="250.090" errors="0" timestamp="15 Feb 2021 21:38:47 GMT">
  <testcase classname="com.timp.test.BRE.CalculoDeTributos.CálculodeTributosValoresCalculados" name="login" time="8.158"/>
  <testcase classname="com.timp.test.BRE.CalculoDeTributos.CálculodeTributosValoresCalculados" name="acessarBRE" time="16.687"/>
  <testcase classname="com.timp.test.BRE.CalculoDeTributos.CálculodeTributosValoresCalculados" name="editar" time="225.245"/>
</testsuite> <!-- com.timp.test.BRE.CalculoDeTributos.CálculodeTributosValoresCalculados -->
