<?xml version="1.0" encoding="UTF-8"?>
<!-- Generated by org.testng.reporters.JUnitReportReporter -->
<testsuite hostname="LitoSoler" name="com.timp.test.MDR.TabelasApoioESocial.Tabela21.NaturezaJuridicaEditar" tests="3" failures="0" timestamp="13 Nov 2020 16:14:50 GMT" time="87.831" errors="0">
  <testcase name="ingresar" time="6.615" classname="com.timp.test.MDR.TabelasApoioESocial.Tabela21.NaturezaJuridicaEditar"/>
  <testcase name="editar" time="51.552" classname="com.timp.test.MDR.TabelasApoioESocial.Tabela21.NaturezaJuridicaEditar"/>
  <testcase name="mdrEntrar" time="29.664" classname="com.timp.test.MDR.TabelasApoioESocial.Tabela21.NaturezaJuridicaEditar"/>
</testsuite> <!-- com.timp.test.MDR.TabelasApoioESocial.Tabela21.NaturezaJuridicaEditar -->
