<?xml version="1.0" encoding="UTF-8"?>
<<<<<<< HEAD
<<<<<<< HEAD
<<<<<<< HEAD
<!-- Generated by org.testng.reporters.JUnitReportReporter -->
<<<<<<< HEAD
<testsuite hostname="DESKTOP-C57COV6" failures="0" tests="1" name="com.timp.test.BRB.FiltrosAvancados" time="45.255" errors="0" timestamp="13 may. 2021 17:57:44 GMT" skipped="0">
  <testcase classname="com.timp.test.BRB.FiltrosAvancados" name="filtrosAvanzados" time="45.255"/>
=======
<testsuite hostname="DESKTOP-C57COV6" failures="0" tests="1" name="com.timp.test.BRB.FiltrosAvancados" time="49.840" errors="0" timestamp="24 may. 2021 22:50:53 GMT" skipped="0">
  <testcase classname="com.timp.test.BRB.FiltrosAvancados" name="filtrosAvanzados" time="49.840"/>
>>>>>>> branch 'master' of https://github.com/salc1997/TIMP_R1.git
=======
=======
>>>>>>> refs/remotes/origin/Yessy
<!-- Generated by org.testng.reporters.JUnitReportReporter -->
<testsuite hostname="DESKTOP-JP1A9E6" failures="0" tests="1" name="com.timp.test.BRB.FiltrosAvancados" time="41.583" errors="0" timestamp="01 jun. 2021 00:52:00 GMT" skipped="0">
  <testcase classname="com.timp.test.BRB.FiltrosAvancados" name="filtrosAvanzados" time="41.583"/>
>>>>>>> refs/remotes/origin/Yessy
=======
<!-- Generated by org.testng.reporters.JUnitReportReporter -->
<testsuite hostname="DESKTOP-C57COV6" failures="0" tests="1" name="com.timp.test.BRB.FiltrosAvancados" time="61.788" errors="0" timestamp="05 jul. 2021 16:49:02 GMT" skipped="0">
  <testcase classname="com.timp.test.BRB.FiltrosAvancados" name="filtrosAvanzados" time="61.788"/>
>>>>>>> refs/remotes/origin/Yessy
</testsuite> <!-- com.timp.test.BRB.FiltrosAvancados -->
