<?xml version="1.0" encoding="UTF-8"?>
<!-- Generated by org.testng.reporters.JUnitReportReporter -->
<testsuite hostname="DESKTOP-C57COV6" failures="0" tests="1" name="com.timp.test.MDR.EventosESocial.S1200RemuneracaoDeTrabalhador.S1200RemuneracaoDeTrabalhadorExcluir" time="96.262" errors="0" timestamp="03 ago. 2021 09:15:12 GMT" skipped="0">
  <testcase classname="com.timp.test.MDR.EventosESocial.S1200RemuneracaoDeTrabalhador.S1200RemuneracaoDeTrabalhadorExcluir" name="excluir" time="96.262"/>
</testsuite> <!-- com.timp.test.MDR.EventosESocial.S1200RemuneracaoDeTrabalhador.S1200RemuneracaoDeTrabalhadorExcluir -->
