<?xml version="1.0" encoding="UTF-8"?>
<!-- Generated by org.testng.reporters.JUnitReportReporter -->
<testsuite hostname="MassielV" failures="0" tests="1" name="com.timp.test.BRB.CriarComCopia" time="187.653" errors="0" timestamp="20 oct. 2021 06:37:26 GMT" skipped="0">
  <testcase classname="com.timp.test.BRB.CriarComCopia" name="criarCopia" time="187.653"/>
</testsuite> <!-- com.timp.test.BRB.CriarComCopia -->
