<?xml version="1.0" encoding="UTF-8"?>
<!-- Generated by org.testng.reporters.JUnitReportReporter -->
<testsuite hostname="Agile" failures="0" tests="1" name="com.timp.test.MDR.TabelasApoioESocial.Tabela12.CompatibilidadeEntreLotacaoVisualizar" time="147.204" errors="0" timestamp="18 dic. 2021 23:42:35 GMT" skipped="0">
  <testcase classname="com.timp.test.MDR.TabelasApoioESocial.Tabela12.CompatibilidadeEntreLotacaoVisualizar" name="visualizar" time="147.204"/>
</testsuite> <!-- com.timp.test.MDR.TabelasApoioESocial.Tabela12.CompatibilidadeEntreLotacaoVisualizar -->
