<?xml version="1.0" encoding="UTF-8"?>
<!-- Generated by org.testng.reporters.JUnitReportReporter -->
<testsuite hostname="DESKTOP-JP1A9E6" failures="0" tests="11" name="com.timp.test.DFG.Leiautes.LeiautesExecucaoFuncionalidades4" time="610.941" errors="0" timestamp="16 jul. 2021 22:26:26 GMT" skipped="0">
  <testcase classname="com.timp.test.DFG.Leiautes.LeiautesExecucaoFuncionalidades4" name="ingresar" time="9.471"/>
  <testcase classname="com.timp.test.DFG.Leiautes.LeiautesExecucaoFuncionalidades4" name="mdrEntrar" time="50.994"/>
  <testcase classname="com.timp.test.DFG.Leiautes.LeiautesExecucaoFuncionalidades4" name="criar" time="65.189"/>
  <testcase classname="com.timp.test.DFG.Leiautes.LeiautesExecucaoFuncionalidades4" name="separadores" time="107.651"/>
  <testcase classname="com.timp.test.DFG.Leiautes.LeiautesExecucaoFuncionalidades4" name="dataInicialDeReferencia" time="153.469"/>
  <testcase classname="com.timp.test.DFG.Leiautes.LeiautesExecucaoFuncionalidades4" name="saltodeLinha" time="21.862"/>
  <testcase classname="com.timp.test.DFG.Leiautes.LeiautesExecucaoFuncionalidades4" name="dataFinalDeReferencia" time="39.330"/>
  <testcase classname="com.timp.test.DFG.Leiautes.LeiautesExecucaoFuncionalidades4" name="versao" time="26.140"/>
  <testcase classname="com.timp.test.DFG.Leiautes.LeiautesExecucaoFuncionalidades4" name="horaDaExecucao" time="39.417"/>
  <testcase classname="com.timp.test.DFG.Leiautes.LeiautesExecucaoFuncionalidades4" name="dataDaExecucao" time="39.839"/>
  <testcase classname="com.timp.test.DFG.Leiautes.LeiautesExecucaoFuncionalidades4" name="periodoDaReferencia" time="57.579"/>
</testsuite> <!-- com.timp.test.DFG.Leiautes.LeiautesExecucaoFuncionalidades4 -->
