<?xml version="1.0" encoding="UTF-8"?>
<!-- Generated by org.testng.reporters.JUnitReportReporter -->
<testsuite hostname="LAPTOP-IN7IV9K5" failures="0" tests="2" name="com.timp.test.MDR.CodigoContabilizacao.CódigoContabilizaçãoExcluirMassa" time="170.843" errors="0" timestamp="09 abr. 2021 03:40:29 GMT" skipped="0">
  <testcase classname="com.timp.test.MDR.CodigoContabilizacao.CódigoContabilizaçãoExcluirMassa" name="criar" time="131.693"/>
  <testcase classname="com.timp.test.MDR.CodigoContabilizacao.CódigoContabilizaçãoExcluirMassa" name="exlcuir" time="39.150"/>
</testsuite> <!-- com.timp.test.MDR.CodigoContabilizacao.CódigoContabilizaçãoExcluirMassa -->
