<?xml version="1.0" encoding="UTF-8"?>
<!-- Generated by org.testng.reporters.JUnitReportReporter -->
<testsuite hostname="MassielV" failures="0" tests="1" name="com.timp.test.MDR.CEP.Bairro.BairroFiltros" time="172.196" errors="0" timestamp="18 oct. 2021 01:11:04 GMT" skipped="0">
  <testcase classname="com.timp.test.MDR.CEP.Bairro.BairroFiltros" name="filtro" time="172.196"/>
</testsuite> <!-- com.timp.test.MDR.CEP.Bairro.BairroFiltros -->
