<?xml version="1.0" encoding="UTF-8"?>
<!-- Generated by org.testng.reporters.JUnitReportReporter -->
<testsuite hostname="EC2AMAZ-8HCHO4G" failures="0" tests="3" name="com.timp.test.BRE.Lixeira.ParametrosGerais.LixeiraTodasFunc" time="278.731" errors="0" timestamp="2023-11-08T17:06:08 UTC" skipped="0">
  <testcase classname="com.timp.test.BRE.Lixeira.ParametrosGerais.LixeiraTodasFunc" name="criar" time="166.602"/>
  <system-out/>
  <testcase classname="com.timp.test.BRE.Lixeira.ParametrosGerais.LixeiraTodasFunc" name="restaurar" time="36.245"/>
  <system-out/>
  <testcase classname="com.timp.test.BRE.Lixeira.ParametrosGerais.LixeiraTodasFunc" name="excluir" time="75.884"/>
  <system-out/>
</testsuite> <!-- com.timp.test.BRE.Lixeira.ParametrosGerais.LixeiraTodasFunc -->
