<?xml version="1.0" encoding="UTF-8"?>
<!-- Generated by org.testng.reporters.JUnitReportReporter -->
<testsuite hostname="DESKTOP-SUF121B" failures="0" tests="3" name="com.timp.test.MDR.CEP.Logradouro.LogradouroCriar" time="129.339" errors="0" timestamp="28 Jul 2020 22:22:09 GMT">
  <testcase classname="com.timp.test.MDR.CEP.Logradouro.LogradouroCriar" name="logradouroCriar" time="83.537"/>
  <testcase classname="com.timp.test.MDR.CEP.Logradouro.LogradouroCriar" name="login" time="10.360"/>
  <testcase classname="com.timp.test.MDR.CEP.Logradouro.LogradouroCriar" name="acessarMDR" time="35.442"/>
</testsuite> <!-- com.timp.test.MDR.CEP.Logradouro.LogradouroCriar -->
