<?xml version="1.0" encoding="UTF-8"?>
<!-- Generated by org.testng.reporters.JUnitReportReporter -->
<testsuite hostname="DESKTOP-BNBDMGT" failures="0" tests="3" name="com.timp.test.TCC.GestaoDeCreditoTributarioICMS.Executados.PainelCreditoICMS.PainelCreditoICMSEditar" time="120.022" errors="0" timestamp="29 Jan 2021 18:02:38 GMT">
  <testcase classname="com.timp.test.TCC.GestaoDeCreditoTributarioICMS.Executados.PainelCreditoICMS.PainelCreditoICMSEditar" name="login" time="7.686"/>
  <testcase classname="com.timp.test.TCC.GestaoDeCreditoTributarioICMS.Executados.PainelCreditoICMS.PainelCreditoICMSEditar" name="Editar" time="96.408"/>
  <testcase classname="com.timp.test.TCC.GestaoDeCreditoTributarioICMS.Executados.PainelCreditoICMS.PainelCreditoICMSEditar" name="acessarTCC" time="15.928"/>
</testsuite> <!-- com.timp.test.TCC.GestaoDeCreditoTributarioICMS.Executados.PainelCreditoICMS.PainelCreditoICMSEditar -->
