<?xml version="1.0" encoding="UTF-8"?>
<!-- Generated by org.testng.reporters.JUnitReportReporter -->
<testsuite hostname="DESKTOP-C57COV6" failures="0" tests="1" name="com.timp.test.MDR.Centralizacao.EstornoCredito.EstornoCreditoExcluir" time="134.974" errors="0" timestamp="06 nov. 2021 07:43:25 GMT" skipped="0">
  <testcase classname="com.timp.test.MDR.Centralizacao.EstornoCredito.EstornoCreditoExcluir" name="Excluir" time="134.974"/>
</testsuite> <!-- com.timp.test.MDR.Centralizacao.EstornoCredito.EstornoCreditoExcluir -->
