<?xml version="1.0" encoding="UTF-8"?>
<!-- Generated by org.testng.reporters.JUnitReportReporter -->
<testsuite hostname="CRISTHIAN-VASQUEZ" failures="0" tests="3" name="com.timp.test.DFG.Configuracoes.ConfiguracoesCriar" time="252.971" errors="0" timestamp="14 Jan 2021 12:50:17 GMT">
  <testcase classname="com.timp.test.DFG.Configuracoes.ConfiguracoesCriar" name="ingresar" time="8.620"/>
  <testcase classname="com.timp.test.DFG.Configuracoes.ConfiguracoesCriar" name="mdrEntrar" time="20.340"/>
  <testcase classname="com.timp.test.DFG.Configuracoes.ConfiguracoesCriar" name="criar" time="224.011"/>
</testsuite> <!-- com.timp.test.DFG.Configuracoes.ConfiguracoesCriar -->
