<?xml version="1.0" encoding="UTF-8"?>
<!-- Generated by org.testng.reporters.JUnitReportReporter -->
<<<<<<< HEAD
<testsuite hostname="Agile" failures="0" tests="1" name="com.timp.test.MDR.TaxasDeAtualização.AlíquotasTaxaDeAtualização.AliquotaDeTaxaDeActualizacaoCriar" time="142.931" errors="0" timestamp="11 mar. 2022 17:05:44 GMT" skipped="0">
  <testcase classname="com.timp.test.MDR.TaxasDeAtualização.AlíquotasTaxaDeAtualização.AliquotaDeTaxaDeActualizacaoCriar" name="criar" time="142.931"/>
=======
<testsuite hostname="DESKTOP-M23FVFN" failures="0" tests="1" name="com.timp.test.MDR.TaxasDeAtualização.AlíquotasTaxaDeAtualização.AliquotaDeTaxaDeActualizacaoCriar" time="270.976" errors="0" timestamp="17 mar. 2022 19:24:24 GMT" skipped="0">
  <testcase classname="com.timp.test.MDR.TaxasDeAtualização.AlíquotasTaxaDeAtualização.AliquotaDeTaxaDeActualizacaoCriar" name="criar" time="270.976"/>
>>>>>>> branch 'Yessy' of https://github.com/salc1997/TIMP_R1
</testsuite> <!-- com.timp.test.MDR.TaxasDeAtualização.AlíquotasTaxaDeAtualização.AliquotaDeTaxaDeActualizacaoCriar -->
