<?xml version="1.0" encoding="UTF-8"?>
<!-- Generated by org.testng.reporters.JUnitReportReporter -->
<testsuite hostname="DESKTOP-JP1A9E6" failures="0" tests="1" name="com.timp.test.MDR.Centralizacao.EstornoCredito.EstornoCreditoExcluir" time="91.859" errors="0" timestamp="10 sep. 2021 20:55:38 GMT" skipped="0">
  <testcase classname="com.timp.test.MDR.Centralizacao.EstornoCredito.EstornoCreditoExcluir" name="Excluir" time="91.859"/>
</testsuite> <!-- com.timp.test.MDR.Centralizacao.EstornoCredito.EstornoCreditoExcluir -->
