<?xml version="1.0" encoding="UTF-8"?>
<!-- Generated by org.testng.reporters.JUnitReportReporter -->
<testsuite hostname="DESKTOP-M23FVFN" failures="0" tests="1" name="com.timp.test.TDK.Execucoes.Raiz.RaizFiltroId" time="90.045" errors="0" timestamp="23 ene. 2022 14:12:04 GMT" skipped="0">
  <testcase classname="com.timp.test.TDK.Execucoes.Raiz.RaizFiltroId" name="filtro" time="90.045"/>
</testsuite> <!-- com.timp.test.TDK.Execucoes.Raiz.RaizFiltroId -->
