<?xml version="1.0" encoding="UTF-8"?>
<!-- Generated by org.testng.reporters.JUnitReportReporter -->
<testsuite hostname="MIGUEL" failures="0" tests="3" name="com.timp.test.BCB.ParametrosGeraisConfiguraçãoConfiguraçãoDetalhes" time="20.447" errors="0" timestamp="22 Jan 2021 23:56:35 GMT">
  <testcase classname="com.timp.test.BCB.ParametrosGeraisConfiguraçãoConfiguraçãoDetalhes" name="brbEntrar" time="13.550"/>
  <testcase classname="com.timp.test.BCB.ParametrosGeraisConfiguraçãoConfiguraçãoDetalhes" name="detalhes" time="0.001"/>
  <testcase classname="com.timp.test.BCB.ParametrosGeraisConfiguraçãoConfiguraçãoDetalhes" name="login" time="6.896"/>
</testsuite> <!-- com.timp.test.BCB.ParametrosGeraisConfiguraçãoConfiguraçãoDetalhes -->
