<?xml version="1.0" encoding="UTF-8"?>
<!-- Generated by org.testng.reporters.JUnitReportReporter -->
<testsuite hostname="DESKTOP-JP1A9E6" failures="0" tests="1" name="com.timp.test.BRB.NovoRelatorio" time="211.309" errors="0" timestamp="27 jul. 2021 15:42:48 GMT" skipped="0">
  <testcase classname="com.timp.test.BRB.NovoRelatorio" name="novoRelatorio" time="211.309"/>
</testsuite> <!-- com.timp.test.BRB.NovoRelatorio -->
