<?xml version="1.0" encoding="UTF-8"?>
<!-- Generated by org.testng.reporters.JUnitReportReporter -->
<testsuite hostname="DESKTOP-C57COV6" failures="0" tests="2" name="com.timp.test.BRB.GruposAvancados" time="461.698" errors="0" timestamp="03 ago. 2021 18:28:42 GMT" skipped="0">
  <testcase classname="com.timp.test.BRB.GruposAvancados" name="eliminarGrupos" time="53.044"/>
  <testcase classname="com.timp.test.BRB.GruposAvancados" name="gruposAvanzados" time="408.654"/>
</testsuite> <!-- com.timp.test.BRB.GruposAvancados -->
