<?xml version="1.0" encoding="UTF-8"?>
<!-- Generated by org.testng.reporters.JUnitReportReporter -->
<testsuite hostname="EC2AMAZ-8HCHO4G" failures="0" tests="1" name="com.timp.test.BRB.OutputdeReferencia" time="195.259" errors="0" timestamp="2023-09-13T16:56:16 UTC" skipped="0">
  <testcase classname="com.timp.test.BRB.OutputdeReferencia" name="outputReferencia" time="195.259"/>
  <system-out/>
</testsuite> <!-- com.timp.test.BRB.OutputdeReferencia -->
