<?xml version="1.0" encoding="UTF-8"?>
<!-- Generated by org.testng.reporters.JUnitReportReporter -->
<testsuite hostname="DESKTOP-BNBDMGT" failures="0" tests="1" name="com.timp.test.MDR.ParametrosContabilizacao.ContasDefaultPorTributo.ContasDefaultPorTributoEditar" time="133.803" errors="0" timestamp="17 abr. 2021 16:43:35 GMT" skipped="0">
  <testcase classname="com.timp.test.MDR.ParametrosContabilizacao.ContasDefaultPorTributo.ContasDefaultPorTributoEditar" name="editar" time="133.803"/>
</testsuite> <!-- com.timp.test.MDR.ParametrosContabilizacao.ContasDefaultPorTributo.ContasDefaultPorTributoEditar -->
