<?xml version="1.0" encoding="UTF-8"?>
<!-- Generated by org.testng.reporters.JUnitReportReporter -->
<testsuite hostname="DESKTOP-M23FVFN" failures="0" tests="3" name="com.timp.test.BRB.Formula" time="182.349" errors="0" timestamp="2022-12-11T14:38:09 BRT" skipped="0">
  <testcase classname="com.timp.test.BRB.Formula" name="formulaBoton" time="90.565"/>
  <system-out/>
  <testcase classname="com.timp.test.BRB.Formula" name="aplicar" time="13.962"/>
  <system-out/>
  <testcase classname="com.timp.test.BRB.Formula" name="formulaColuna" time="77.822"/>
  <system-out/>
</testsuite> <!-- com.timp.test.BRB.Formula -->
