<?xml version="1.0" encoding="UTF-8"?>
<!-- Generated by org.testng.reporters.JUnitReportReporter -->
<testsuite hostname="MIGUEL" failures="0" tests="11" name="com.timp.test.BCB.ExecucoesSalvas.HierarquiaConfiguracoesExecucoesSalvas.ExecucoesSalvasHierarquiaConfiguracaoTodasAsFuncionalidades" time="849.532" errors="0" timestamp="02 mar. 2021 20:33:00 GMT" skipped="0">
  <testcase classname="com.timp.test.BCB.ExecucoesSalvas.HierarquiaConfiguracoesExecucoesSalvas.ExecucoesSalvasHierarquiaConfiguracaoTodasAsFuncionalidades" name="login" time="10.932"/>
  <testcase classname="com.timp.test.BCB.ExecucoesSalvas.HierarquiaConfiguracoesExecucoesSalvas.ExecucoesSalvasHierarquiaConfiguracaoTodasAsFuncionalidades" name="brbEntrar" time="15.891"/>
  <testcase classname="com.timp.test.BCB.ExecucoesSalvas.HierarquiaConfiguracoesExecucoesSalvas.ExecucoesSalvasHierarquiaConfiguracaoTodasAsFuncionalidades" name="criarConfiguracaoExecucoes" time="77.198"/>
  <testcase classname="com.timp.test.BCB.ExecucoesSalvas.HierarquiaConfiguracoesExecucoesSalvas.ExecucoesSalvasHierarquiaConfiguracaoTodasAsFuncionalidades" name="criarConfiguracao" time="169.552"/>
  <testcase classname="com.timp.test.BCB.ExecucoesSalvas.HierarquiaConfiguracoesExecucoesSalvas.ExecucoesSalvasHierarquiaConfiguracaoTodasAsFuncionalidades" name="configurarConfiguracao" time="147.555"/>
  <testcase classname="com.timp.test.BCB.ExecucoesSalvas.HierarquiaConfiguracoesExecucoesSalvas.ExecucoesSalvasHierarquiaConfiguracaoTodasAsFuncionalidades" name="executar" time="95.476"/>
  <testcase classname="com.timp.test.BCB.ExecucoesSalvas.HierarquiaConfiguracoesExecucoesSalvas.ExecucoesSalvasHierarquiaConfiguracaoTodasAsFuncionalidades" name="resto" time="87.946"/>
  <testcase classname="com.timp.test.BCB.ExecucoesSalvas.HierarquiaConfiguracoesExecucoesSalvas.ExecucoesSalvasHierarquiaConfiguracaoTodasAsFuncionalidades" name="editar" time="73.612"/>
  <testcase classname="com.timp.test.BCB.ExecucoesSalvas.HierarquiaConfiguracoesExecucoesSalvas.ExecucoesSalvasHierarquiaConfiguracaoTodasAsFuncionalidades" name="excluirExecucoes" time="49.659"/>
  <testcase classname="com.timp.test.BCB.ExecucoesSalvas.HierarquiaConfiguracoesExecucoesSalvas.ExecucoesSalvasHierarquiaConfiguracaoTodasAsFuncionalidades" name="excluirConfiguracoes" time="71.850"/>
  <testcase classname="com.timp.test.BCB.ExecucoesSalvas.HierarquiaConfiguracoesExecucoesSalvas.ExecucoesSalvasHierarquiaConfiguracaoTodasAsFuncionalidades" name="excluirHierarquia" time="49.861"/>
</testsuite> <!-- com.timp.test.BCB.ExecucoesSalvas.HierarquiaConfiguracoesExecucoesSalvas.ExecucoesSalvasHierarquiaConfiguracaoTodasAsFuncionalidades -->
