<?xml version="1.0" encoding="UTF-8"?>
<!-- Generated by org.testng.reporters.JUnitReportReporter -->
<testsuite hostname="DESKTOP-C57COV6" failures="0" tests="1" name="com.timp.test.MDR.TabelasApoioESocial.Tabela07.TiposDeDependentesDetalhe" time="105.826" errors="0" timestamp="25 nov. 2021 08:26:24 GMT" skipped="0">
  <testcase classname="com.timp.test.MDR.TabelasApoioESocial.Tabela07.TiposDeDependentesDetalhe" name="detalhes" time="105.826"/>
</testsuite> <!-- com.timp.test.MDR.TabelasApoioESocial.Tabela07.TiposDeDependentesDetalhe -->
