<?xml version="1.0" encoding="UTF-8"?>
<!-- Generated by org.testng.reporters.JUnitReportReporter -->
<testsuite hostname="DESKTOP-JP1A9E6" failures="0" tests="1" name="com.timp.test.BRB.AtivarComentario" time="368.163" errors="0" timestamp="01 sep. 2021 18:39:50 GMT" skipped="0">
  <testcase classname="com.timp.test.BRB.AtivarComentario" name="ativarComentarios" time="368.163"/>
</testsuite> <!-- com.timp.test.BRB.AtivarComentario -->
