<?xml version="1.0" encoding="UTF-8"?>
<!-- Generated by org.testng.reporters.JUnitReportReporter -->
<testsuite hostname="DESKTOP-C57COV6" failures="0" tests="1" name="com.timp.test.BRB.ComentarioLibre" time="238.408" errors="0" timestamp="03 ago. 2021 17:59:17 GMT" skipped="0">
  <testcase classname="com.timp.test.BRB.ComentarioLibre" name="comentarioLibre" time="238.408"/>
</testsuite> <!-- com.timp.test.BRB.ComentarioLibre -->
