<?xml version="1.0" encoding="UTF-8"?>
<!-- Generated by org.testng.reporters.JUnitReportReporter -->
<testsuite hostname="DESKTOP-BNBDMGT" failures="0" tests="1" name="com.timp.test.MDR.RegistroDeExportaçao.RegistroDeExportaçaoExcluir" time="82.174" errors="0" timestamp="09 mar. 2021 09:27:47 GMT" skipped="0">
  <testcase classname="com.timp.test.MDR.RegistroDeExportaçao.RegistroDeExportaçaoExcluir" name="Excluir" time="82.174"/>
</testsuite> <!-- com.timp.test.MDR.RegistroDeExportaçao.RegistroDeExportaçaoExcluir -->
