<?xml version="1.0" encoding="UTF-8"?>
<!-- Generated by org.testng.reporters.JUnitReportReporter -->
<testsuite hostname="SALC-PC" failures="0" tests="3" name="com.timp.test.BRB.Formula" time="199.059" errors="0" timestamp="2023-05-13T16:19:15 CST" skipped="0">
  <testcase classname="com.timp.test.BRB.Formula" name="formulaColuna" time="67.372"/>
  <system-out/>
  <testcase classname="com.timp.test.BRB.Formula" name="formulaBoton" time="115.809"/>
  <system-out/>
  <testcase classname="com.timp.test.BRB.Formula" name="aplicar" time="15.878"/>
  <system-out/>
</testsuite> <!-- com.timp.test.BRB.Formula -->
