<?xml version="1.0" encoding="UTF-8"?>
<!-- Generated by org.testng.reporters.JUnitReportReporter -->
<testsuite skipped="0" hostname="LitoSoler" name="com.timp.test.MDR.SPCBFederaisRetidos.SPCBFederaisRetidosCriar" tests="1" failures="0" timestamp="16 mar 2021 02:40:52 GMT" time="86.250" errors="0">
  <testcase name="criar" time="86.250" classname="com.timp.test.MDR.SPCBFederaisRetidos.SPCBFederaisRetidosCriar"/>
</testsuite> <!-- com.timp.test.MDR.SPCBFederaisRetidos.SPCBFederaisRetidosCriar -->
