<?xml version="1.0" encoding="UTF-8"?>
<!-- Generated by org.testng.reporters.JUnitReportReporter -->
<testsuite hostname="DESKTOP-M23FVFN" failures="0" tests="1" name="com.timp.test.BRB.AtivarComentario" time="161.859" errors="0" timestamp="31 dic. 2021 01:56:35 GMT" skipped="0">
  <testcase classname="com.timp.test.BRB.AtivarComentario" name="ativarComentarios" time="161.859"/>
</testsuite> <!-- com.timp.test.BRB.AtivarComentario -->
