<?xml version="1.0" encoding="UTF-8"?>
<!-- Generated by org.testng.reporters.JUnitReportReporter -->
<testsuite skipped="0" hostname="LitoSoler" name="com.timp.test.MDR.Centralizacao.EstornoCredito.EstornoCreditoExcluir" tests="1" failures="0" timestamp="19 mar 2021 21:37:16 GMT" time="85.331" errors="0">
  <testcase name="Excluir" time="85.331" classname="com.timp.test.MDR.Centralizacao.EstornoCredito.EstornoCreditoExcluir"/>
</testsuite> <!-- com.timp.test.MDR.Centralizacao.EstornoCredito.EstornoCreditoExcluir -->
