<?xml version="1.0" encoding="UTF-8"?>
<!-- Generated by org.testng.reporters.JUnitReportReporter -->
<testsuite hostname="Agile" failures="0" tests="1" name="com.timp.test.MDR.DetalheTipoTributo.DetalheEditar" time="220.123" errors="0" timestamp="30 ene. 2022 21:54:20 GMT" skipped="0">
  <testcase classname="com.timp.test.MDR.DetalheTipoTributo.DetalheEditar" name="editar" time="220.123"/>
</testsuite> <!-- com.timp.test.MDR.DetalheTipoTributo.DetalheEditar -->
