<?xml version="1.0" encoding="UTF-8"?>
<!-- Generated by org.testng.reporters.JUnitReportReporter -->
<testsuite hostname="LitoSoler" name="com.timp.test.BRB.FiltrosAvançados" tests="3" failures="0" timestamp="22 Sep 2020 18:11:42 GMT" time="28.224" errors="0">
  <testcase name="brbEntrar" time="15.860" classname="com.timp.test.BRB.FiltrosAvançados"/>
  <testcase name="filtrosAvanzados" time="6.743" classname="com.timp.test.BRB.FiltrosAvançados"/>
  <testcase name="login" time="5.621" classname="com.timp.test.BRB.FiltrosAvançados"/>
</testsuite> <!-- com.timp.test.BRB.FiltrosAvançados -->
