<?xml version="1.0" encoding="UTF-8"?>
<!-- Generated by org.testng.reporters.JUnitReportReporter -->
<testsuite hostname="LitoSoler" name="com.timp.test.BRB.NovoRelatorio" tests="4" failures="0" timestamp="18 Aug 2020 21:55:01 GMT" time="148.033" errors="0">
  <testcase name="login" time="7.455" classname="com.timp.test.BRB.NovoRelatorio"/>
  <testcase name="novoRelatorio" time="52.987" classname="com.timp.test.BRB.NovoRelatorio"/>
  <testcase name="colunas" time="66.012" classname="com.timp.test.BRB.NovoRelatorio"/>
  <testcase name="brbEntrar" time="21.579" classname="com.timp.test.BRB.NovoRelatorio"/>
</testsuite> <!-- com.timp.test.BRB.NovoRelatorio -->
