<?xml version="1.0" encoding="UTF-8"?>
<!-- Generated by org.testng.reporters.JUnitReportReporter -->
<testsuite hostname="DESKTOP-JP1A9E6" failures="0" tests="3" name="com.timp.test.TDK.Kpis.KpisPublicos.KpisLixeiraEmMassa" time="1536.639" errors="0" timestamp="03 ago. 2021 04:13:49 GMT" skipped="0">
  <testcase classname="com.timp.test.TDK.Kpis.KpisPublicos.KpisLixeiraEmMassa" name="criar" time="1414.081"/>
  <testcase classname="com.timp.test.TDK.Kpis.KpisPublicos.KpisLixeiraEmMassa" name="comparar" time="22.628"/>
  <testcase classname="com.timp.test.TDK.Kpis.KpisPublicos.KpisLixeiraEmMassa" name="excluirEmMassa" time="99.930"/>
</testsuite> <!-- com.timp.test.TDK.Kpis.KpisPublicos.KpisLixeiraEmMassa -->
