<?xml version="1.0" encoding="UTF-8"?>
<!-- Generated by org.testng.reporters.JUnitReportReporter -->
<testsuite hostname="DESKTOP-JP1A9E6" failures="0" tests="1" name="com.timp.test.BRB.AtivarComentario" time="165.099" errors="0" timestamp="12 jul. 2021 23:15:00 GMT" skipped="0">
  <testcase classname="com.timp.test.BRB.AtivarComentario" name="ativarComentarios" time="165.099"/>
</testsuite> <!-- com.timp.test.BRB.AtivarComentario -->
