<?xml version="1.0" encoding="UTF-8"?>
<!-- Generated by org.testng.reporters.JUnitReportReporter -->
<testsuite hostname="DESKTOP-C57COV6" failures="0" tests="1" name="com.timp.test.ADM.Configuração.ConfiguracaoDeTributos.ConfiguracaoDeTipoTributo.ConfiguracaoDeTipoTributoVisualizar" time="75.693" errors="0" timestamp="17 ago. 2021 21:08:59 GMT" skipped="0">
  <testcase classname="com.timp.test.ADM.Configuração.ConfiguracaoDeTributos.ConfiguracaoDeTipoTributo.ConfiguracaoDeTipoTributoVisualizar" name="Visualizar" time="75.693"/>
</testsuite> <!-- com.timp.test.ADM.Configuração.ConfiguracaoDeTributos.ConfiguracaoDeTipoTributo.ConfiguracaoDeTipoTributoVisualizar -->
