<?xml version="1.0" encoding="UTF-8"?>
<!-- Generated by org.testng.reporters.JUnitReportReporter -->
<testsuite hostname="EC2AMAZ-8HCHO4G" failures="0" tests="4" name="com.timp.test.ADM.Usuarios.Usuarios.UsuariosTodasFunc" time="260.497" errors="0" timestamp="2024-02-19T21:54:47 UTC" skipped="0">
  <testcase classname="com.timp.test.ADM.Usuarios.Usuarios.UsuariosTodasFunc" name="activar" time="77.161"/>
  <system-out/>
  <testcase classname="com.timp.test.ADM.Usuarios.Usuarios.UsuariosTodasFunc" name="ver" time="44.720"/>
  <system-out/>
  <testcase classname="com.timp.test.ADM.Usuarios.Usuarios.UsuariosTodasFunc" name="Editar" time="89.654"/>
  <system-out/>
  <testcase classname="com.timp.test.ADM.Usuarios.Usuarios.UsuariosTodasFunc" name="filtros" time="48.962"/>
  <system-out/>
</testsuite> <!-- com.timp.test.ADM.Usuarios.Usuarios.UsuariosTodasFunc -->
