<?xml version="1.0" encoding="UTF-8"?>
<!-- Generated by org.testng.reporters.JUnitReportReporter -->
<testsuite hostname="DESKTOP-35UG9UP" name="com.timp.test.MDR.Centralizacao.EstornoCreditoEditar" tests="3" failures="0" timestamp="31 Jul 2020 20:58:11 GMT" time="73.632" errors="0">
  <testcase name="login" time="9.680" classname="com.timp.test.MDR.Centralizacao.EstornoCreditoEditar"/>
  <testcase name="editar" time="53.039" classname="com.timp.test.MDR.Centralizacao.EstornoCreditoEditar"/>
  <testcase name="acessarMDR" time="10.913" classname="com.timp.test.MDR.Centralizacao.EstornoCreditoEditar"/>
</testsuite> <!-- com.timp.test.MDR.Centralizacao.EstornoCreditoEditar -->
