<?xml version="1.0" encoding="UTF-8"?>
<!-- Generated by org.testng.reporters.JUnitReportReporter -->
<testsuite hostname="Agile" failures="0" tests="1" name="com.timp.test.MDR.TabelasApoioESocial.Tabela09.TiposDeArquivosESocialCriar" time="148.362" errors="0" timestamp="30 ene. 2022 08:29:40 GMT" skipped="0">
  <testcase classname="com.timp.test.MDR.TabelasApoioESocial.Tabela09.TiposDeArquivosESocialCriar" name="criar" time="148.362"/>
</testsuite> <!-- com.timp.test.MDR.TabelasApoioESocial.Tabela09.TiposDeArquivosESocialCriar -->
