<?xml version="1.0" encoding="UTF-8"?>
<!-- Generated by org.testng.reporters.JUnitReportReporter -->
<testsuite hostname="DESKTOP-C57COV6" failures="0" tests="1" name="com.timp.test.MDR.TabelasComplementaresParaObrigaçoesAcessorias.AtribuicaoMunicipioEstado.AtribuicaoMunicipioEstadoVisualizar" time="85.672" errors="0" timestamp="27 oct. 2021 07:05:41 GMT" skipped="0">
  <testcase classname="com.timp.test.MDR.TabelasComplementaresParaObrigaçoesAcessorias.AtribuicaoMunicipioEstado.AtribuicaoMunicipioEstadoVisualizar" name="visualizar" time="85.672"/>
</testsuite> <!-- com.timp.test.MDR.TabelasComplementaresParaObrigaçoesAcessorias.AtribuicaoMunicipioEstado.AtribuicaoMunicipioEstadoVisualizar -->
