<?xml version="1.0" encoding="UTF-8"?>
<!-- Generated by org.testng.reporters.JUnitReportReporter -->
<testsuite hostname="LitoSoler" name="com.timp.test.MDR.EventosESocial.S1060AmbientesDeTrablho.S1060AmbientesDeTrabalhoFiltroID" tests="3" failures="0" timestamp="20 Nov 2020 17:58:05 GMT" time="44.768" errors="0">
  <testcase name="acessarMDR" time="10.282" classname="com.timp.test.MDR.EventosESocial.S1060AmbientesDeTrablho.S1060AmbientesDeTrabalhoFiltroID"/>
  <testcase name="filtro" time="27.313" classname="com.timp.test.MDR.EventosESocial.S1060AmbientesDeTrablho.S1060AmbientesDeTrabalhoFiltroID"/>
  <testcase name="login" time="7.173" classname="com.timp.test.MDR.EventosESocial.S1060AmbientesDeTrablho.S1060AmbientesDeTrabalhoFiltroID"/>
</testsuite> <!-- com.timp.test.MDR.EventosESocial.S1060AmbientesDeTrablho.S1060AmbientesDeTrabalhoFiltroID -->
