<?xml version="1.0" encoding="UTF-8"?>
<!-- Generated by org.testng.reporters.JUnitReportReporter -->
<testsuite hostname="MassielV" failures="0" tests="1" name="com.timp.test.BRB.AtivarComentario" time="110.876" errors="0" timestamp="25 nov. 2021 05:47:06 GMT" skipped="0">
  <testcase classname="com.timp.test.BRB.AtivarComentario" name="ativarComentarios" time="110.876"/>
</testsuite> <!-- com.timp.test.BRB.AtivarComentario -->
