<?xml version="1.0" encoding="UTF-8"?>
<!-- Generated by org.testng.reporters.JUnitReportReporter -->
<testsuite hostname="MIGUEL" failures="0" tests="1" name="com.timp.test.MDR.PrecoDeTransferencia.ParametrosModeloDeApuracaoTP.ParametrosModeloDeApuracaoTPExcluir" time="77.413" errors="0" timestamp="26 abr. 2021 00:11:38 GMT" skipped="0">
  <testcase classname="com.timp.test.MDR.PrecoDeTransferencia.ParametrosModeloDeApuracaoTP.ParametrosModeloDeApuracaoTPExcluir" name="excluir" time="77.413"/>
</testsuite> <!-- com.timp.test.MDR.PrecoDeTransferencia.ParametrosModeloDeApuracaoTP.ParametrosModeloDeApuracaoTPExcluir -->
