<?xml version="1.0" encoding="UTF-8"?>
<!-- Generated by org.testng.reporters.JUnitReportReporter -->
<testsuite hostname="SALC-PC" failures="0" tests="1" name="com.timp.test.TFP.Configuracoes.Bloqueios.Periodo.ConfiguracaoBloqueiosEditar" time="237.286" errors="0" timestamp="2023-05-10T16:47:27 CST" skipped="0">
  <testcase classname="com.timp.test.TFP.Configuracoes.Bloqueios.Periodo.ConfiguracaoBloqueiosEditar" name="editar" time="237.286"/>
  <system-out/>
</testsuite> <!-- com.timp.test.TFP.Configuracoes.Bloqueios.Periodo.ConfiguracaoBloqueiosEditar -->
