<?xml version="1.0" encoding="UTF-8"?>
<!-- Generated by org.testng.reporters.JUnitReportReporter -->
<testsuite hostname="DESKTOP-5P4F1JE" failures="0" tests="3" name="com.timp.test.TFP.Configurações.Status.Periodo.ConfiguracoesStatusPeriodoEditar" time="107.735" errors="0" timestamp="18 fev. 2021 12:44:52 GMT" skipped="0">
  <testcase classname="com.timp.test.TFP.Configurações.Status.Periodo.ConfiguracoesStatusPeriodoEditar" name="login" time="10.367"/>
  <testcase classname="com.timp.test.TFP.Configurações.Status.Periodo.ConfiguracoesStatusPeriodoEditar" name="TFPEntrar" time="26.509"/>
  <testcase classname="com.timp.test.TFP.Configurações.Status.Periodo.ConfiguracoesStatusPeriodoEditar" name="editar" time="70.859"/>
</testsuite> <!-- com.timp.test.TFP.Configurações.Status.Periodo.ConfiguracoesStatusPeriodoEditar -->
