<?xml version="1.0" encoding="UTF-8"?>
<!-- Generated by org.testng.reporters.JUnitReportReporter -->
<<<<<<< HEAD
<testsuite hostname="DESKTOP-C57COV6" failures="0" tests="1" name="com.timp.test.MDR.CadastrosIRPJCSLL.ContasContábeisRBLP.ContasContábeisRBLPFiltroId" time="66.517" errors="0" timestamp="26 may. 2021 00:59:01 GMT" skipped="0">
  <testcase classname="com.timp.test.MDR.CadastrosIRPJCSLL.ContasContábeisRBLP.ContasContábeisRBLPFiltroId" name="filtro" time="66.517"/>
=======
<testsuite hostname="DESKTOP-JP1A9E6" failures="0" tests="1" name="com.timp.test.MDR.CadastrosIRPJCSLL.ContasContábeisRBLP.ContasContábeisRBLPFiltroId" time="45.104" errors="0" timestamp="20 may. 2021 20:09:33 GMT" skipped="0">
  <testcase classname="com.timp.test.MDR.CadastrosIRPJCSLL.ContasContábeisRBLP.ContasContábeisRBLPFiltroId" name="filtro" time="45.104"/>
>>>>>>> branch 'Yessy' of https://github.com/salc1997/TIMP_R1.git
</testsuite> <!-- com.timp.test.MDR.CadastrosIRPJCSLL.ContasContábeisRBLP.ContasContábeisRBLPFiltroId -->
