<?xml version="1.0" encoding="UTF-8"?>
<!-- Generated by org.testng.reporters.JUnitReportReporter -->
<testsuite hostname="EC2AMAZ-8HCHO4G" failures="0" tests="1" name="com.timp.test.TCC.GestaoDeCreditoTributarioICMS.ConfiguracaoEExecucaoPainelCreditoICMS.ConfiguracaoEExecucaoPainelCreditoICMSFiltrosAvansados" time="105.377" errors="0" timestamp="2023-09-11T18:45:13 UTC" skipped="0">
  <testcase classname="com.timp.test.TCC.GestaoDeCreditoTributarioICMS.ConfiguracaoEExecucaoPainelCreditoICMS.ConfiguracaoEExecucaoPainelCreditoICMSFiltrosAvansados" name="filtros" time="105.377"/>
  <system-out/>
</testsuite> <!-- com.timp.test.TCC.GestaoDeCreditoTributarioICMS.ConfiguracaoEExecucaoPainelCreditoICMS.ConfiguracaoEExecucaoPainelCreditoICMSFiltrosAvansados -->
