<?xml version="1.0" encoding="UTF-8"?>
<!-- Generated by org.testng.reporters.JUnitReportReporter -->
<testsuite hostname="LitoSoler" name="com.timp.test.MDR.CEP.Bairro.BairroExcluirMassa" tests="4" failures="0" timestamp="2 Feb 2021 16:56:42 GMT" time="143.545" errors="0">
  <testcase name="login" time="7.225" classname="com.timp.test.MDR.CEP.Bairro.BairroExcluirMassa"/>
  <testcase name="acessarMDR" time="25.464" classname="com.timp.test.MDR.CEP.Bairro.BairroExcluirMassa"/>
  <testcase name="excluirMassa" time="45.439" classname="com.timp.test.MDR.CEP.Bairro.BairroExcluirMassa"/>
  <testcase name="criar" time="65.417" classname="com.timp.test.MDR.CEP.Bairro.BairroExcluirMassa"/>
</testsuite> <!-- com.timp.test.MDR.CEP.Bairro.BairroExcluirMassa -->
