<?xml version="1.0" encoding="UTF-8"?>
<!-- Generated by org.testng.reporters.JUnitReportReporter -->
<testsuite hostname="DESKTOP-5P4F1JE" failures="0" tests="3" name="com.timp.test.BRE.RegrasDeAuditoriaN4.ParametrosGerais.RegrasdeAuditoriaN4LixeiraExcluirdefinitivamente" time="131.894" errors="0" timestamp="9 Jan 2021 19:14:34 GMT">
  <testcase classname="com.timp.test.BRE.RegrasDeAuditoriaN4.ParametrosGerais.RegrasdeAuditoriaN4LixeiraExcluirdefinitivamente" name="acessarBRE" time="18.623"/>
  <testcase classname="com.timp.test.BRE.RegrasDeAuditoriaN4.ParametrosGerais.RegrasdeAuditoriaN4LixeiraExcluirdefinitivamente" name="lexeira" time="103.801"/>
  <testcase classname="com.timp.test.BRE.RegrasDeAuditoriaN4.ParametrosGerais.RegrasdeAuditoriaN4LixeiraExcluirdefinitivamente" name="login" time="9.470"/>
</testsuite> <!-- com.timp.test.BRE.RegrasDeAuditoriaN4.ParametrosGerais.RegrasdeAuditoriaN4LixeiraExcluirdefinitivamente -->
