<?xml version="1.0" encoding="UTF-8"?>
<!-- Generated by org.testng.reporters.JUnitReportReporter -->
<testsuite hostname="LitoSoler" name="com.timp.test.MDR.LimiteCompetencia.LimiteCompetenciaEditar" tests="3" failures="0" timestamp="7 Dec 2020 20:57:23 GMT" time="116.657" errors="0">
  <testcase name="acessarMDR" time="33.483" classname="com.timp.test.MDR.LimiteCompetencia.LimiteCompetenciaEditar"/>
  <testcase name="editar" time="75.960" classname="com.timp.test.MDR.LimiteCompetencia.LimiteCompetenciaEditar"/>
  <testcase name="login" time="7.214" classname="com.timp.test.MDR.LimiteCompetencia.LimiteCompetenciaEditar"/>
</testsuite> <!-- com.timp.test.MDR.LimiteCompetencia.LimiteCompetenciaEditar -->
