<?xml version="1.0" encoding="UTF-8"?>
<!-- Generated by org.testng.reporters.JUnitReportReporter -->
<testsuite hostname="MIGUEL" failures="0" tests="3" name="com.timp.test.TDK.Kpis.Edicao.KpisLinksRapidosEditar" time="226.042" errors="0" timestamp="22 mar. 2021 00:42:13 GMT" skipped="0">
  <testcase classname="com.timp.test.TDK.Kpis.Edicao.KpisLinksRapidosEditar" name="login" time="8.329"/>
  <testcase classname="com.timp.test.TDK.Kpis.Edicao.KpisLinksRapidosEditar" name="acessarTDK" time="23.300"/>
  <testcase classname="com.timp.test.TDK.Kpis.Edicao.KpisLinksRapidosEditar" name="linksrapidos" time="194.413"/>
</testsuite> <!-- com.timp.test.TDK.Kpis.Edicao.KpisLinksRapidosEditar -->
