<?xml version="1.0" encoding="UTF-8"?>
<!-- Generated by org.testng.reporters.JUnitReportReporter -->
<testsuite hostname="MassielV" failures="0" tests="1" name="com.timp.test.BRB.CampoOutput" time="156.993" errors="0" timestamp="10 nov. 2021 22:57:29 GMT" skipped="0">
  <testcase classname="com.timp.test.BRB.CampoOutput" name="campoOutput" time="156.993"/>
</testsuite> <!-- com.timp.test.BRB.CampoOutput -->
