<?xml version="1.0" encoding="UTF-8"?>
<!-- Generated by org.testng.reporters.JUnitReportReporter -->
<testsuite hostname="LAPTOP-IN7IV9K5" failures="0" tests="2" name="com.timp.test.MDR.Siscoserv.RegistroRAS.RegistroRASExcluirEmMassa" time="170.920" errors="0" timestamp="29 mar. 2021 20:54:53 GMT" skipped="0">
  <testcase classname="com.timp.test.MDR.Siscoserv.RegistroRAS.RegistroRASExcluirEmMassa" name="criar" time="140.989"/>
  <testcase classname="com.timp.test.MDR.Siscoserv.RegistroRAS.RegistroRASExcluirEmMassa" name="excluir" time="29.931"/>
</testsuite> <!-- com.timp.test.MDR.Siscoserv.RegistroRAS.RegistroRASExcluirEmMassa -->
