<?xml version="1.0" encoding="UTF-8"?>
<!-- Generated by org.testng.reporters.JUnitReportReporter -->
<testsuite hostname="DESKTOP-C57COV6" failures="0" tests="1" name="com.timp.test.MDR.ValorAdicionado.InclusaoDeCamposMar.InclusaoDeCamposMarVisualizar" time="240.412" errors="0" timestamp="26 may. 2021 04:06:10 GMT" skipped="0">
  <testcase classname="com.timp.test.MDR.ValorAdicionado.InclusaoDeCamposMar.InclusaoDeCamposMarVisualizar" name="Visualizar" time="240.412"/>
</testsuite> <!-- com.timp.test.MDR.ValorAdicionado.InclusaoDeCamposMar.InclusaoDeCamposMarVisualizar -->
