<?xml version="1.0" encoding="UTF-8"?>
<!-- Generated by org.testng.reporters.JUnitReportReporter -->
<testsuite hostname="DESKTOP-JP1A9E6" failures="0" tests="1" name="com.timp.test.MDR.ParametrosOficializacaoLivros.ParametrosOficializacaoLivrosEditar" time="99.088" errors="0" timestamp="26 may. 2021 06:05:28 GMT" skipped="0">
  <testcase classname="com.timp.test.MDR.ParametrosOficializacaoLivros.ParametrosOficializacaoLivrosEditar" name="editar" time="99.088"/>
</testsuite> <!-- com.timp.test.MDR.ParametrosOficializacaoLivros.ParametrosOficializacaoLivrosEditar -->
