<?xml version="1.0" encoding="UTF-8"?>
<!-- Generated by org.testng.reporters.JUnitReportReporter -->
<testsuite skipped="0" hostname="LitoSoler" name="com.timp.test.MDR.ValorAdicionado.Municipio.MunicipioExcluir" tests="1" failures="0" timestamp="24 feb 2021 17:33:34 GMT" time="67.268" errors="0">
  <testcase name="excluir" time="67.268" classname="com.timp.test.MDR.ValorAdicionado.Municipio.MunicipioExcluir"/>
</testsuite> <!-- com.timp.test.MDR.ValorAdicionado.Municipio.MunicipioExcluir -->
