<?xml version="1.0" encoding="UTF-8"?>
<!-- Generated by org.testng.reporters.JUnitReportReporter -->
<testsuite hostname="LitoSoler" name="com.timp.test.MDR.CenariosCorrecao.CenariosCorrecaoExcluir" tests="3" failures="0" timestamp="19 Aug 2020 21:55:54 GMT" time="82.610" errors="0">
  <testcase name="login" time="8.517" classname="com.timp.test.MDR.CenariosCorrecao.CenariosCorrecaoExcluir"/>
  <testcase name="acessarMDR" time="8.656" classname="com.timp.test.MDR.CenariosCorrecao.CenariosCorrecaoExcluir"/>
  <testcase name="cenariosCorrecaoExcluir" time="65.437" classname="com.timp.test.MDR.CenariosCorrecao.CenariosCorrecaoExcluir"/>
</testsuite> <!-- com.timp.test.MDR.CenariosCorrecao.CenariosCorrecaoExcluir -->
