<?xml version="1.0" encoding="UTF-8"?>
<!-- Generated by org.testng.reporters.JUnitReportReporter -->
<testsuite hostname="LitoSoler" name="com.timp.test.MDR.CenariosCorrecao.CenariosCorrecaoCriar" tests="3" failures="0" timestamp="1 Sep 2020 02:24:13 GMT" time="157.517" errors="0">
  <testcase name="login" time="7.164" classname="com.timp.test.MDR.CenariosCorrecao.CenariosCorrecaoCriar"/>
  <testcase name="acessarMDR" time="31.392" classname="com.timp.test.MDR.CenariosCorrecao.CenariosCorrecaoCriar"/>
  <testcase name="cenariosCorrecaoCriar" time="118.961" classname="com.timp.test.MDR.CenariosCorrecao.CenariosCorrecaoCriar"/>
</testsuite> <!-- com.timp.test.MDR.CenariosCorrecao.CenariosCorrecaoCriar -->
