<?xml version="1.0" encoding="UTF-8"?>
<!-- Generated by org.testng.reporters.JUnitReportReporter -->
<testsuite hostname="MIGUEL" failures="0" tests="3" name="com.timp.test.TAA.AtribuiçõesDeRegras.RegraDeCampos.RegraDeCamposVer" time="105.177" errors="0" timestamp="12 Jan 2021 16:47:28 GMT">
  <testcase classname="com.timp.test.TAA.AtribuiçõesDeRegras.RegraDeCampos.RegraDeCamposVer" name="ingresarTAA" time="21.603"/>
  <testcase classname="com.timp.test.TAA.AtribuiçõesDeRegras.RegraDeCampos.RegraDeCamposVer" name="ver" time="76.143"/>
  <testcase classname="com.timp.test.TAA.AtribuiçõesDeRegras.RegraDeCampos.RegraDeCamposVer" name="ingresar" time="7.431"/>
</testsuite> <!-- com.timp.test.TAA.AtribuiçõesDeRegras.RegraDeCampos.RegraDeCamposVer -->
