<?xml version="1.0" encoding="UTF-8"?>
<!-- Generated by org.testng.reporters.JUnitReportReporter -->
<testsuite hostname="LitoSoler" name="com.timp.test.MDR.DetalheTipoTributo.DetalheCriar" tests="3" failures="0" timestamp="24 Sep 2020 16:59:11 GMT" time="66.151" errors="0">
  <testcase name="login" time="8.075" classname="com.timp.test.MDR.DetalheTipoTributo.DetalheCriar"/>
  <testcase name="acessarMDR" time="17.198" classname="com.timp.test.MDR.DetalheTipoTributo.DetalheCriar"/>
  <testcase name="criar" time="40.878" classname="com.timp.test.MDR.DetalheTipoTributo.DetalheCriar"/>
</testsuite> <!-- com.timp.test.MDR.DetalheTipoTributo.DetalheCriar -->
