<?xml version="1.0" encoding="UTF-8"?>
<!-- Generated by org.testng.reporters.JUnitReportReporter -->
<testsuite hostname="DESKTOP-M23FVFN" failures="0" tests="3" name="com.timp.test.BRB.Formula" time="204.209" errors="0" timestamp="21 dic. 2021 16:11:41 GMT" skipped="0">
  <testcase classname="com.timp.test.BRB.Formula" name="formulaBoton" time="103.108"/>
  <testcase classname="com.timp.test.BRB.Formula" name="aplicar" time="21.428"/>
  <testcase classname="com.timp.test.BRB.Formula" name="formulaColuna" time="79.673"/>
</testsuite> <!-- com.timp.test.BRB.Formula -->
