<?xml version="1.0" encoding="UTF-8"?>
<!-- Generated by org.testng.reporters.JUnitReportReporter -->
<testsuite hostname="LitoSoler" name="com.timp.test.MDR.TabelasComplementaresParaObrigaçoesAcessorias.AtribuicaoMunicipioEstado.AtribuicaoMunicipioEstadoExcluir" tests="3" failures="0" timestamp="8 Sep 2020 17:44:06 GMT" time="98.894" errors="0">
  <testcase name="login" time="6.735" classname="com.timp.test.MDR.TabelasComplementaresParaObrigaçoesAcessorias.AtribuicaoMunicipioEstado.AtribuicaoMunicipioEstadoExcluir"/>
  <testcase name="criar" time="70.320" classname="com.timp.test.MDR.TabelasComplementaresParaObrigaçoesAcessorias.AtribuicaoMunicipioEstado.AtribuicaoMunicipioEstadoExcluir"/>
  <testcase name="acessarMDR" time="21.839" classname="com.timp.test.MDR.TabelasComplementaresParaObrigaçoesAcessorias.AtribuicaoMunicipioEstado.AtribuicaoMunicipioEstadoExcluir"/>
</testsuite> <!-- com.timp.test.MDR.TabelasComplementaresParaObrigaçoesAcessorias.AtribuicaoMunicipioEstado.AtribuicaoMunicipioEstadoExcluir -->
