<?xml version="1.0" encoding="UTF-8"?>
<!-- Generated by org.testng.reporters.JUnitReportReporter -->
<testsuite hostname="DESKTOP-JP1A9E6" failures="0" tests="1" name="com.timp.test.MDR.TabelasApoioESocial.Tabela26.MotivosCesBeneficiosExcluir" time="90.668" errors="0" timestamp="02 sep. 2021 09:43:19 GMT" skipped="0">
  <testcase classname="com.timp.test.MDR.TabelasApoioESocial.Tabela26.MotivosCesBeneficiosExcluir" name="excluir" time="90.668"/>
</testsuite> <!-- com.timp.test.MDR.TabelasApoioESocial.Tabela26.MotivosCesBeneficiosExcluir -->
