<?xml version="1.0" encoding="UTF-8"?>
<!-- Generated by org.testng.reporters.JUnitReportReporter -->
<testsuite hostname="LitoSoler" name="com.timp.test.BRB.testNg.BRBAcessar" tests="2" failures="0" timestamp="3 Aug 2020 23:09:38 GMT" time="22.400" errors="0">
  <testcase name="login" time="6.104" classname="com.timp.test.BRB.testNg.BRBAcessar"/>
  <testcase name="brbEntrar" time="16.296" classname="com.timp.test.BRB.testNg.BRBAcessar"/>
</testsuite> <!-- com.timp.test.BRB.testNg.BRBAcessar -->
