<?xml version="1.0" encoding="UTF-8"?>
<!-- Generated by org.testng.reporters.JUnitReportReporter -->
<testsuite hostname="LitoSoler" name="com.timp.test.BRB.NovoRelatorio" tests="4" failures="0" timestamp="21 Jan 2021 20:43:54 GMT" time="148.495" errors="0">
  <testcase name="novoRelatorio" time="41.683" classname="com.timp.test.BRB.NovoRelatorio"/>
  <testcase name="login" time="6.360" classname="com.timp.test.BRB.NovoRelatorio"/>
  <testcase name="colunas" time="81.118" classname="com.timp.test.BRB.NovoRelatorio"/>
  <testcase name="brbEntrar" time="19.334" classname="com.timp.test.BRB.NovoRelatorio"/>
</testsuite> <!-- com.timp.test.BRB.NovoRelatorio -->
