<?xml version="1.0" encoding="UTF-8"?>
<!-- Generated by org.testng.reporters.JUnitReportReporter -->
<testsuite hostname="DESKTOP-M23FVFN" failures="0" tests="3" name="com.timp.test.BRB.Formula" time="226.717" errors="0" timestamp="2023-01-23T18:55:08 BRT" skipped="0">
  <testcase classname="com.timp.test.BRB.Formula" name="formulaBoton" time="129.645"/>
  <system-out/>
  <testcase classname="com.timp.test.BRB.Formula" name="formulaColuna" time="82.976"/>
  <system-out/>
  <testcase classname="com.timp.test.BRB.Formula" name="aplicar" time="14.096"/>
  <system-out/>
</testsuite> <!-- com.timp.test.BRB.Formula -->
