<?xml version="1.0" encoding="UTF-8"?>
<!-- Generated by org.testng.reporters.JUnitReportReporter -->
<testsuite hostname="DESKTOP-M23FVFN" failures="0" tests="2" name="com.timp.test.BRB.ExcluirRelatorio" time="206.676" errors="0" timestamp="10 may. 2022 20:26:48 GMT" skipped="0">
  <testcase classname="com.timp.test.BRB.ExcluirRelatorio" name="eliminarLixeira" time="55.128"/>
  <testcase classname="com.timp.test.BRB.ExcluirRelatorio" name="eliminar" time="151.548"/>
</testsuite> <!-- com.timp.test.BRB.ExcluirRelatorio -->
