<?xml version="1.0" encoding="UTF-8"?>
<<<<<<< HEAD
<!-- Generated by org.testng.reporters.JUnitReportReporter -->
=======
>>>>>>> branch 'master' of https://github.com/salc1997/TIMP_R1.git
<<<<<<< HEAD
<<<<<<< HEAD
=======
<!-- Generated by org.testng.reporters.JUnitReportReporter -->
<<<<<<< HEAD
>>>>>>> branch 'master' of https://github.com/salc1997/TIMP_R1.git
<<<<<<< HEAD
=======
>>>>>>> refs/remotes/origin/Eliel
<testsuite hostname="CRISTHIAN-VASQUEZ" failures="0" tests="3" name="com.timp.test.MDR.TabelasApoioESocial.Tabela17.DescriçãoDeNatDeLesãoVisualizar" time="68.938" errors="0" timestamp="2 Feb 2021 17:52:31 GMT">
  <testcase classname="com.timp.test.MDR.TabelasApoioESocial.Tabela17.DescriçãoDeNatDeLesãoVisualizar" name="ingresar" time="7.569"/>
  <testcase classname="com.timp.test.MDR.TabelasApoioESocial.Tabela17.DescriçãoDeNatDeLesãoVisualizar" name="mdrEntrar" time="23.987"/>
  <testcase classname="com.timp.test.MDR.TabelasApoioESocial.Tabela17.DescriçãoDeNatDeLesãoVisualizar" name="visualizar" time="37.382"/>
</testsuite> <!-- com.timp.test.MDR.TabelasApoioESocial.Tabela17.DescriçãoDeNatDeLesãoVisualizar -->
=======
<testsuite hostname="CRISTHIAN-VASQUEZ" failures="0" tests="1" name="com.timp.test.MDR.TabelasApoioESocial.Tabela17.DescriÃ§Ã£oDeNatDeLesÃ£oVisualizar" time="70.719" errors="0" timestamp="19 feb. 2021 15:11:05 GMT" skipped="0">
  <testcase classname="com.timp.test.MDR.TabelasApoioESocial.Tabela17.DescriÃ§Ã£oDeNatDeLesÃ£oVisualizar" name="visualizar" time="70.719"/>
=======
<!-- Generated by org.testng.reporters.JUnitReportReporter -->
<testsuite hostname="LAPTOP-IN7IV9K5" failures="0" tests="1" name="com.timp.test.MDR.TabelasApoioESocial.Tabela17.DescriÃ§Ã£oDeNatDeLesÃ£oVisualizar" time="74.594" errors="0" timestamp="24 feb. 2021 18:46:46 GMT" skipped="0">
  <testcase classname="com.timp.test.MDR.TabelasApoioESocial.Tabela17.DescriÃ§Ã£oDeNatDeLesÃ£oVisualizar" name="visualizar" time="74.594"/>
>>>>>>> refs/remotes/origin/Kenssy
</testsuite> <!-- com.timp.test.MDR.TabelasApoioESocial.Tabela17.DescriÃ§Ã£oDeNatDeLesÃ£oVisualizar -->
>>>>>>> refs/remotes/origin/master
