<?xml version="1.0" encoding="UTF-8"?>
<!-- Generated by org.testng.reporters.JUnitReportReporter -->
<testsuite hostname="DESKTOP-BNBDMGT" failures="0" tests="2" name="com.timp.test.ADM.AcessarADM" time="29.433" errors="0" timestamp="28 Jan 2021 02:40:50 GMT">
  <testcase classname="com.timp.test.ADM.AcessarADM" name="AcessarADM" time="17.811"/>
  <testcase classname="com.timp.test.ADM.AcessarADM" name="login" time="11.622"/>
</testsuite> <!-- com.timp.test.ADM.AcessarADM -->
