<?xml version="1.0" encoding="UTF-8"?>
<!-- Generated by org.testng.reporters.JUnitReportReporter -->
<testsuite hostname="LitoSoler" name="com.timp.test.BRB.ValidacaoEstruturas.SociedadeParceiraxPartidasDoLançamento" tests="3" failures="0" timestamp="19 Jan 2021 23:55:16 GMT" time="96.314" errors="0">
  <testcase name="login" time="10.615" classname="com.timp.test.BRB.ValidacaoEstruturas.SociedadeParceiraxPartidasDoLançamento"/>
  <testcase name="brbEntrar" time="33.850" classname="com.timp.test.BRB.ValidacaoEstruturas.SociedadeParceiraxPartidasDoLançamento"/>
  <testcase name="verificar" time="51.849" classname="com.timp.test.BRB.ValidacaoEstruturas.SociedadeParceiraxPartidasDoLançamento"/>
</testsuite> <!-- com.timp.test.BRB.ValidacaoEstruturas.SociedadeParceiraxPartidasDoLançamento -->
