<?xml version="1.0" encoding="UTF-8"?>
<!-- Generated by org.testng.reporters.JUnitReportReporter -->
<testsuite hostname="DESKTOP-M23FVFN" failures="0" tests="1" name="com.timp.test.MDR.AtivaçaoParaMunicipio.AtivaçaoParaMunicipioExcluir" time="80.901" errors="0" timestamp="22 dic. 2021 23:45:24 GMT" skipped="0">
  <testcase classname="com.timp.test.MDR.AtivaçaoParaMunicipio.AtivaçaoParaMunicipioExcluir" name="excluir" time="80.901"/>
</testsuite> <!-- com.timp.test.MDR.AtivaçaoParaMunicipio.AtivaçaoParaMunicipioExcluir -->
