<?xml version="1.0" encoding="UTF-8"?>
<!-- Generated by org.testng.reporters.JUnitReportReporter -->
<testsuite hostname="LitoSoler" name="com.timp.test.BRE.RegrasDeMensagens.Edicao.RegrasDeMensagensSimular" tests="3" failures="0" timestamp="21 Dec 2020 14:57:20 GMT" time="88.409" errors="0">
  <testcase name="acessarBRE" time="12.079" classname="com.timp.test.BRE.RegrasDeMensagens.Edicao.RegrasDeMensagensSimular"/>
  <testcase name="editar" time="69.461" classname="com.timp.test.BRE.RegrasDeMensagens.Edicao.RegrasDeMensagensSimular"/>
  <testcase name="login" time="6.869" classname="com.timp.test.BRE.RegrasDeMensagens.Edicao.RegrasDeMensagensSimular"/>
</testsuite> <!-- com.timp.test.BRE.RegrasDeMensagens.Edicao.RegrasDeMensagensSimular -->
