<?xml version="1.0" encoding="UTF-8"?>
<!-- Generated by org.testng.reporters.JUnitReportReporter -->
<testsuite hostname="DESKTOP-JP1A9E6" failures="0" tests="1" name="com.timp.test.MDR.TabelasApoioESocial.Tabela09.TiposDeArquivosESocialCriar" time="156.444" errors="0" timestamp="15 sep. 2021 23:02:06 GMT" skipped="0">
  <testcase classname="com.timp.test.MDR.TabelasApoioESocial.Tabela09.TiposDeArquivosESocialCriar" name="criar" time="156.444"/>
</testsuite> <!-- com.timp.test.MDR.TabelasApoioESocial.Tabela09.TiposDeArquivosESocialCriar -->
