<?xml version="1.0" encoding="UTF-8"?>
<!-- Generated by org.testng.reporters.JUnitReportReporter -->
<testsuite hostname="DESKTOP-JP1A9E6" failures="0" tests="1" name="com.timp.test.ATR.Estruturas.GrupoDeEstruturas.GrupoDeEstruturasExcluir" time="63.530" errors="0" timestamp="27 sep. 2021 14:27:07 GMT" skipped="0">
  <testcase classname="com.timp.test.ATR.Estruturas.GrupoDeEstruturas.GrupoDeEstruturasExcluir" name="criar" time="63.530"/>
</testsuite> <!-- com.timp.test.ATR.Estruturas.GrupoDeEstruturas.GrupoDeEstruturasExcluir -->
