<?xml version="1.0" encoding="UTF-8"?>
<!-- Generated by org.testng.reporters.JUnitReportReporter -->
<testsuite hostname="DESKTOP-5P4F1JE" failures="0" tests="3" name="com.timp.test.MDR.Siscoserv.RegistroRF.RegistroRFFiltroPorID" time="37.058" errors="0" timestamp="22 Jan 2021 16:57:27 GMT">
  <testcase classname="com.timp.test.MDR.Siscoserv.RegistroRF.RegistroRFFiltroPorID" name="login" time="7.821"/>
  <testcase classname="com.timp.test.MDR.Siscoserv.RegistroRF.RegistroRFFiltroPorID" name="acessarMDR" time="15.497"/>
  <testcase classname="com.timp.test.MDR.Siscoserv.RegistroRF.RegistroRFFiltroPorID" name="filtro" time="13.740"/>
</testsuite> <!-- com.timp.test.MDR.Siscoserv.RegistroRF.RegistroRFFiltroPorID -->
