<?xml version="1.0" encoding="UTF-8"?>
<!-- Generated by org.testng.reporters.JUnitReportReporter -->
<testsuite hostname="MassielV" failures="0" tests="1" name="com.timp.test.MDR.Filiais.FiliaisEditar" time="236.849" errors="0" timestamp="18 oct. 2021 05:20:36 GMT" skipped="0">
  <testcase classname="com.timp.test.MDR.Filiais.FiliaisEditar" name="editar" time="236.849"/>
</testsuite> <!-- com.timp.test.MDR.Filiais.FiliaisEditar -->
