<?xml version="1.0" encoding="UTF-8"?>
<!-- Generated by org.testng.reporters.JUnitReportReporter -->
<testsuite skipped="0" hostname="LitoSoler" name="com.timp.test.MDR.CadastroCondiçao.CadastroCondiçaoExcluirMasas" tests="2" failures="0" timestamp="09 mar 2021 00:23:11 GMT" time="196.030" errors="0">
  <testcase name="criar" time="161.524" classname="com.timp.test.MDR.CadastroCondiçao.CadastroCondiçaoExcluirMasas"/>
  <testcase name="excluir" time="34.506" classname="com.timp.test.MDR.CadastroCondiçao.CadastroCondiçaoExcluirMasas"/>
</testsuite> <!-- com.timp.test.MDR.CadastroCondiçao.CadastroCondiçaoExcluirMasas -->
