<?xml version="1.0" encoding="UTF-8"?>
<!-- Generated by org.testng.reporters.JUnitReportReporter -->
<testsuite hostname="DESKTOP-5P4F1JE" failures="0" tests="10" name="com.timp.test.BCB.HierarquiaExecucoesTodasAsFuncionalidades" time="885.829" errors="0" timestamp="10 Feb 2021 20:21:13 GMT">
  <testcase classname="com.timp.test.BCB.HierarquiaExecucoesTodasAsFuncionalidades" name="editar" time="65.328"/>
  <testcase classname="com.timp.test.BCB.HierarquiaExecucoesTodasAsFuncionalidades" name="login" time="8.014"/>
  <testcase classname="com.timp.test.BCB.HierarquiaExecucoesTodasAsFuncionalidades" name="criarConfiguracao" time="306.102"/>
  <testcase classname="com.timp.test.BCB.HierarquiaExecucoesTodasAsFuncionalidades" name="excluirConfiguracoes" time="83.715"/>
  <testcase classname="com.timp.test.BCB.HierarquiaExecucoesTodasAsFuncionalidades" name="brbEntrar" time="16.895"/>
  <testcase classname="com.timp.test.BCB.HierarquiaExecucoesTodasAsFuncionalidades" name="excluirHierarquia" time="68.560"/>
  <testcase classname="com.timp.test.BCB.HierarquiaExecucoesTodasAsFuncionalidades" name="excluirExecucoes" time="52.730"/>
  <testcase classname="com.timp.test.BCB.HierarquiaExecucoesTodasAsFuncionalidades" name="resto" time="104.749"/>
  <testcase classname="com.timp.test.BCB.HierarquiaExecucoesTodasAsFuncionalidades" name="criarConfiguracaoExecucoes" time="86.421"/>
  <testcase classname="com.timp.test.BCB.HierarquiaExecucoesTodasAsFuncionalidades" name="executar" time="93.315"/>
</testsuite> <!-- com.timp.test.BCB.HierarquiaExecucoesTodasAsFuncionalidades -->
