<?xml version="1.0" encoding="UTF-8"?>
<!-- Generated by org.testng.reporters.JUnitReportReporter -->
<testsuite hostname="CRISTHIAN-VASQUEZ" failures="0" tests="3" name="com.timp.test.TDK.Kpis.Edicao.KpisTabelasEditar" time="147.989" errors="0" timestamp="28 Jan 2021 17:53:24 GMT">
  <testcase classname="com.timp.test.TDK.Kpis.Edicao.KpisTabelasEditar" name="acessarTDK" time="28.048"/>
  <testcase classname="com.timp.test.TDK.Kpis.Edicao.KpisTabelasEditar" name="login" time="8.836"/>
  <testcase classname="com.timp.test.TDK.Kpis.Edicao.KpisTabelasEditar" name="criar" time="111.105"/>
</testsuite> <!-- com.timp.test.TDK.Kpis.Edicao.KpisTabelasEditar -->
