<?xml version="1.0" encoding="UTF-8"?>
<!-- Generated by org.testng.reporters.JUnitReportReporter -->
<testsuite skipped="0" hostname="LitoSoler" name="com.timp.test.MDR.Antecipacao.AntecipacaoEliminar" tests="1" failures="0" timestamp="09 mar 2021 00:23:11 GMT" time="88.590" errors="0">
  <testcase name="excluir" time="88.590" classname="com.timp.test.MDR.Antecipacao.AntecipacaoEliminar"/>
</testsuite> <!-- com.timp.test.MDR.Antecipacao.AntecipacaoEliminar -->
