<?xml version="1.0" encoding="UTF-8"?>
<!-- Generated by org.testng.reporters.JUnitReportReporter -->
<testsuite hostname="LitoSoler" name="com.timp.test.MDR.Centralizacao.FatorCreditamento.FatorCreditamentoFiltros" tests="3" failures="0" timestamp="24 Sep 2020 16:10:19 GMT" time="31.266" errors="0">
  <testcase name="login" time="6.777" classname="com.timp.test.MDR.Centralizacao.FatorCreditamento.FatorCreditamentoFiltros"/>
  <testcase name="acessarMDR" time="15.959" classname="com.timp.test.MDR.Centralizacao.FatorCreditamento.FatorCreditamentoFiltros"/>
  <testcase name="fatorCreditamentoFiltros" time="8.530" classname="com.timp.test.MDR.Centralizacao.FatorCreditamento.FatorCreditamentoFiltros"/>
</testsuite> <!-- com.timp.test.MDR.Centralizacao.FatorCreditamento.FatorCreditamentoFiltros -->
