<?xml version="1.0" encoding="UTF-8"?>
<!-- Generated by org.testng.reporters.JUnitReportReporter -->
<<<<<<< HEAD
<testsuite hostname="LAPTOP-IN7IV9K5" failures="0" tests="1" name="com.timp.test.ADM.Configuração.ConfiguraçãoTributo.ConfiguraçãoTributoAgrupamento.ConfiguraçãoTributoAgrupamentoEditar" time="68.474" errors="0" timestamp="25 jun. 2021 07:42:22 GMT" skipped="0">
  <testcase classname="com.timp.test.ADM.Configuração.ConfiguraçãoTributo.ConfiguraçãoTributoAgrupamento.ConfiguraçãoTributoAgrupamentoEditar" name="Editar" time="68.474"/>
=======
<testsuite hostname="DESKTOP-C57COV6" failures="0" tests="1" name="com.timp.test.ADM.Configuração.ConfiguraçãoTributo.ConfiguraçãoTributoAgrupamento.ConfiguraçãoTributoAgrupamentoEditar" time="96.027" errors="0" timestamp="17 ago. 2021 21:48:12 GMT" skipped="0">
  <testcase classname="com.timp.test.ADM.Configuração.ConfiguraçãoTributo.ConfiguraçãoTributoAgrupamento.ConfiguraçãoTributoAgrupamentoEditar" name="Editar" time="96.027"/>
>>>>>>> refs/remotes/origin/Yessy
</testsuite> <!-- com.timp.test.ADM.Configuração.ConfiguraçãoTributo.ConfiguraçãoTributoAgrupamento.ConfiguraçãoTributoAgrupamentoEditar -->
