<?xml version="1.0" encoding="UTF-8"?>
<!-- Generated by org.testng.reporters.JUnitReportReporter -->
<testsuite hostname="LitoSoler" name="com.timp.test.MDR.Automacoes.AutomacoesMDR4" tests="71" failures="0" timestamp="3 Oct 2020 02:17:44 GMT" time="6688.375" errors="0">
  <testcase name="tabelaOutrosDebitosCriar" time="99.822" classname="com.timp.test.MDR.Automacoes.AutomacoesMDR4"/>
  <testcase name="tabelaDeDetalhamentosParaRegistro11Detalhes" time="72.067" classname="com.timp.test.MDR.Automacoes.AutomacoesMDR4"/>
  <testcase name="tabelaDeDetalhamentosParaRegistro10Excluir" time="86.709" classname="com.timp.test.MDR.Automacoes.AutomacoesMDR4"/>
  <testcase name="tabelaReceitasPermitidasDetalhes" time="73.685" classname="com.timp.test.MDR.Automacoes.AutomacoesMDR4"/>
  <testcase name="tabelaDeOutrosCreditosCriar" time="97.953" classname="com.timp.test.MDR.Automacoes.AutomacoesMDR4"/>
  <testcase name="tabelaServicosCriar" time="119.468" classname="com.timp.test.MDR.Automacoes.AutomacoesMDR4"/>
  <testcase name="tabelaReceitasCreditoFiscalAntecipadoEditar" time="108.709" classname="com.timp.test.MDR.Automacoes.AutomacoesMDR4"/>
  <testcase name="tabelaDeProdutosExcluir" time="86.922" classname="com.timp.test.MDR.Automacoes.AutomacoesMDR4"/>
  <testcase name="tabelaMunicipioIBGECriar" time="97.351" classname="com.timp.test.MDR.Automacoes.AutomacoesMDR4"/>
  <testcase name="tabelaDeCodigosDeTransferenciasDetalhes" time="68.553" classname="com.timp.test.MDR.Automacoes.AutomacoesMDR4"/>
  <testcase name="tabelaMunicipioIBGEExcluir" time="88.864" classname="com.timp.test.MDR.Automacoes.AutomacoesMDR4"/>
  <testcase name="tabelaDeEstoqueParaRegistro12Visualizar" time="97.709" classname="com.timp.test.MDR.Automacoes.AutomacoesMDR4"/>
  <testcase name="tabelaMunicipioIBGEDetalhes" time="72.258" classname="com.timp.test.MDR.Automacoes.AutomacoesMDR4"/>
  <testcase name="inclusaoDeCamposMarEditar" time="117.536" classname="com.timp.test.MDR.Automacoes.AutomacoesMDR4"/>
  <testcase name="tabelaDeCodigosDeTransferenciasCriar" time="102.470" classname="com.timp.test.MDR.Automacoes.AutomacoesMDR4"/>
  <testcase name="tabelaDeCreditosPorObrigacaoEditar" time="110.259" classname="com.timp.test.MDR.Automacoes.AutomacoesMDR4"/>
  <testcase name="tabelaOutrosDebitosDetalhes" time="71.805" classname="com.timp.test.MDR.Automacoes.AutomacoesMDR4"/>
  <testcase name="tabelaReceitasPermitidasVisualizar" time="91.529" classname="com.timp.test.MDR.Automacoes.AutomacoesMDR4"/>
  <testcase name="inclusaoDeCamposMarCriar" time="105.373" classname="com.timp.test.MDR.Automacoes.AutomacoesMDR4"/>
  <testcase name="tabelaLogradouroVisuzalizar" time="99.196" classname="com.timp.test.MDR.Automacoes.AutomacoesMDR4"/>
  <testcase name="tabelaReceitasPermitidasCriar" time="97.549" classname="com.timp.test.MDR.Automacoes.AutomacoesMDR4"/>
  <testcase name="tabelaDeDetalhamentosParaRegistro11Criar" time="104.701" classname="com.timp.test.MDR.Automacoes.AutomacoesMDR4"/>
  <testcase name="tabelaOutosDebitosEditar" time="106.606" classname="com.timp.test.MDR.Automacoes.AutomacoesMDR4"/>
  <testcase name="tabelaDeEstoqueParaRegistro12Excluir" time="88.042" classname="com.timp.test.MDR.Automacoes.AutomacoesMDR4"/>
  <testcase name="inclusaoDeCamposMarFiltrosAvançados" time="169.565" classname="com.timp.test.MDR.Automacoes.AutomacoesMDR4"/>
  <testcase name="tabelaDeIsencoesDetalhes" time="68.065" classname="com.timp.test.MDR.Automacoes.AutomacoesMDR4"/>
  <testcase name="tabelaLogradouroExcluir" time="87.051" classname="com.timp.test.MDR.Automacoes.AutomacoesMDR4"/>
  <testcase name="tabelaDeCodigosDeTransferenciasVisualizar" time="95.716" classname="com.timp.test.MDR.Automacoes.AutomacoesMDR4"/>
  <testcase name="tabelaOutrosDebitosVisualizar" time="86.756" classname="com.timp.test.MDR.Automacoes.AutomacoesMDR4"/>
  <testcase name="tabelaDeCreditosPorObrigacaoDetalhes" time="69.284" classname="com.timp.test.MDR.Automacoes.AutomacoesMDR4"/>
  <testcase name="tabelaReceitasPermitidasEditar" time="107.055" classname="com.timp.test.MDR.Automacoes.AutomacoesMDR4"/>
  <testcase name="tabelaServicosExcluir" time="87.109" classname="com.timp.test.MDR.Automacoes.AutomacoesMDR4"/>
  <testcase name="tabelaReceitasCreditoFiscalAntecipadoCriar" time="96.090" classname="com.timp.test.MDR.Automacoes.AutomacoesMDR4"/>
  <testcase name="tabelaDeIsencoesVisualizar" time="94.062" classname="com.timp.test.MDR.Automacoes.AutomacoesMDR4"/>
  <testcase name="tabelaDeOutrosCreditosVisualizar" time="95.017" classname="com.timp.test.MDR.Automacoes.AutomacoesMDR4"/>
  <testcase name="tabelaReceitasPermitidasExcluir" time="89.657" classname="com.timp.test.MDR.Automacoes.AutomacoesMDR4"/>
  <testcase name="tabelaDeProdutosDetalhes" time="71.727" classname="com.timp.test.MDR.Automacoes.AutomacoesMDR4"/>
  <testcase name="tabelaMunicipioIBGEVisualizar" time="96.330" classname="com.timp.test.MDR.Automacoes.AutomacoesMDR4"/>
  <testcase name="tabelaLogradouroCriar" time="99.597" classname="com.timp.test.MDR.Automacoes.AutomacoesMDR4"/>
  <testcase name="inclusaoDeCamposMarExcluir" time="96.695" classname="com.timp.test.MDR.Automacoes.AutomacoesMDR4"/>
  <testcase name="tabelaDeDetalhamentosParaRegistro10Criar" time="102.620" classname="com.timp.test.MDR.Automacoes.AutomacoesMDR4"/>
  <testcase name="tipoDeTributoContaContabilExcluir" time="98.595" classname="com.timp.test.MDR.Automacoes.AutomacoesMDR4"/>
  <testcase name="tabelaDeCodigosDeTransferenciasExcluir" time="85.931" classname="com.timp.test.MDR.Automacoes.AutomacoesMDR4"/>
  <testcase name="tabelaDeIsencoesEditar" time="109.827" classname="com.timp.test.MDR.Automacoes.AutomacoesMDR4"/>
  <testcase name="tabelaDeIsencoesCriar" time="95.251" classname="com.timp.test.MDR.Automacoes.AutomacoesMDR4"/>
  <testcase name="tabelaDeOutrosCreditosEditar" time="110.363" classname="com.timp.test.MDR.Automacoes.AutomacoesMDR4"/>
  <testcase name="tabelaDeCreditosPorObrigacaoExcluir" time="85.346" classname="com.timp.test.MDR.Automacoes.AutomacoesMDR4"/>
  <testcase name="inclusaoDeCamposMarVisualizar" time="97.031" classname="com.timp.test.MDR.Automacoes.AutomacoesMDR4"/>
  <testcase name="tabelaDeOutrosCreditosExcluir" time="90.693" classname="com.timp.test.MDR.Automacoes.AutomacoesMDR4"/>
  <testcase name="tabelaDeDetalhamentosParaRegistro10Editar" time="108.085" classname="com.timp.test.MDR.Automacoes.AutomacoesMDR4"/>
  <testcase name="tabelaDeEstoqueParaRegistro12Editar" time="110.628" classname="com.timp.test.MDR.Automacoes.AutomacoesMDR4"/>
  <testcase name="tabelaDeOutrosCreditosDetalhes" time="67.581" classname="com.timp.test.MDR.Automacoes.AutomacoesMDR4"/>
  <testcase name="tabelaDeCodigosDeTransferenciasEditar" time="110.373" classname="com.timp.test.MDR.Automacoes.AutomacoesMDR4"/>
  <testcase name="inclusaoDeCamposMarDetalhes" time="79.509" classname="com.timp.test.MDR.Automacoes.AutomacoesMDR4"/>
  <testcase name="tabelaDeEstoqueParaRegistro12Criar" time="102.265" classname="com.timp.test.MDR.Automacoes.AutomacoesMDR4"/>
  <testcase name="tabelaLograduroDetalhes" time="73.056" classname="com.timp.test.MDR.Automacoes.AutomacoesMDR4"/>
  <testcase name="tabelaMunicipioIBGEEditar" time="106.960" classname="com.timp.test.MDR.Automacoes.AutomacoesMDR4"/>
  <testcase name="tabelaDeDetalhamentosParaRegistro10Visualizar" time="93.877" classname="com.timp.test.MDR.Automacoes.AutomacoesMDR4"/>
  <testcase name="tabelaDeDetalhamentosParaRegistro11Editar" time="108.829" classname="com.timp.test.MDR.Automacoes.AutomacoesMDR4"/>
  <testcase name="tabelaDeDetalhamentosParaRegistro11Excluir" time="86.697" classname="com.timp.test.MDR.Automacoes.AutomacoesMDR4"/>
  <testcase name="tabelaDeCreditosPorObrigacaoVisulizar" time="95.656" classname="com.timp.test.MDR.Automacoes.AutomacoesMDR4"/>
  <testcase name="tabelaServicosDetalhes" time="73.501" classname="com.timp.test.MDR.Automacoes.AutomacoesMDR4"/>
  <testcase name="tabelaDeDetalhamentosParaRegistro10Detalhes" time="70.615" classname="com.timp.test.MDR.Automacoes.AutomacoesMDR4"/>
  <testcase name="tabelaDeDetalhamentosParaRegistro11Visualizar" time="94.470" classname="com.timp.test.MDR.Automacoes.AutomacoesMDR4"/>
  <testcase name="tabelaOutrosDebitosExcluir" time="87.492" classname="com.timp.test.MDR.Automacoes.AutomacoesMDR4"/>
  <testcase name="tabelaDeEstoqueParaRegistro12Detalhes" time="74.022" classname="com.timp.test.MDR.Automacoes.AutomacoesMDR4"/>
  <testcase name="tabelaLogradouroEditar" time="108.598" classname="com.timp.test.MDR.Automacoes.AutomacoesMDR4"/>
  <testcase name="tabelaDeCreditosPorObrigacaoCriar" time="94.706" classname="com.timp.test.MDR.Automacoes.AutomacoesMDR4"/>
  <testcase name="tabelaDeProdutosCriar" time="109.944" classname="com.timp.test.MDR.Automacoes.AutomacoesMDR4"/>
  <testcase name="tabelaDeIsencoesExcluir" time="84.639" classname="com.timp.test.MDR.Automacoes.AutomacoesMDR4"/>
  <testcase name="tipoDeTributoContaContabilCriar" time="96.303" classname="com.timp.test.MDR.Automacoes.AutomacoesMDR4"/>
</testsuite> <!-- com.timp.test.MDR.Automacoes.AutomacoesMDR4 -->
