<?xml version="1.0" encoding="UTF-8"?>
<!-- Generated by org.testng.reporters.JUnitReportReporter -->
<testsuite hostname="DESKTOP-M23FVFN" failures="0" tests="1" name="com.timp.test.BRB.CrescenteEDecrescente" time="738.626" errors="0" timestamp="30 nov. 2021 17:02:18 GMT" skipped="0">
  <testcase classname="com.timp.test.BRB.CrescenteEDecrescente" name="crescenteEDecrescente" time="738.626"/>
</testsuite> <!-- com.timp.test.BRB.CrescenteEDecrescente -->
