<?xml version="1.0" encoding="UTF-8"?>
<!-- Generated by org.testng.reporters.JUnitReportReporter -->
<testsuite hostname="DESKTOP-C57COV6" failures="0" tests="1" name="com.timp.test.MDR.ValorAdicionado.Municipio.MunicipioCriar" time="80.336" errors="0" timestamp="05 jun. 2021 06:14:55 GMT" skipped="0">
  <testcase classname="com.timp.test.MDR.ValorAdicionado.Municipio.MunicipioCriar" name="criar" time="80.336"/>
</testsuite> <!-- com.timp.test.MDR.ValorAdicionado.Municipio.MunicipioCriar -->
