<?xml version="1.0" encoding="UTF-8"?>
<!-- Generated by org.testng.reporters.JUnitReportReporter -->
<testsuite hostname="CRISTHIAN-VASQUEZ" failures="0" tests="3" name="com.timp.test.TCC.BancoCréditoTributário.PainelPerDcomp.ConfiguraçãodeLayoutdePainelCriarcomCópiaExcluir" time="90.833" errors="0" timestamp="12 Jan 2021 18:16:59 GMT">
  <testcase classname="com.timp.test.TCC.BancoCréditoTributário.PainelPerDcomp.ConfiguraçãodeLayoutdePainelCriarcomCópiaExcluir" name="editar" time="66.749"/>
  <testcase classname="com.timp.test.TCC.BancoCréditoTributário.PainelPerDcomp.ConfiguraçãodeLayoutdePainelCriarcomCópiaExcluir" name="ingresarTAA" time="15.121"/>
  <testcase classname="com.timp.test.TCC.BancoCréditoTributário.PainelPerDcomp.ConfiguraçãodeLayoutdePainelCriarcomCópiaExcluir" name="ingresar" time="8.963"/>
</testsuite> <!-- com.timp.test.TCC.BancoCréditoTributário.PainelPerDcomp.ConfiguraçãodeLayoutdePainelCriarcomCópiaExcluir -->
