<?xml version="1.0" encoding="UTF-8"?>
<!-- Generated by org.testng.reporters.JUnitReportReporter -->
<testsuite hostname="DESKTOP-M23FVFN" failures="0" tests="3" name="com.timp.test.BRB.Formula" time="267.686" errors="0" timestamp="2022-08-20T16:31:39 CST" skipped="0">
  <testcase classname="com.timp.test.BRB.Formula" name="aplicar" time="14.278"/>
  <system-out/>
  <testcase classname="com.timp.test.BRB.Formula" name="formulaColuna" time="140.572"/>
  <system-out/>
  <testcase classname="com.timp.test.BRB.Formula" name="formulaBoton" time="112.836"/>
  <system-out/>
</testsuite> <!-- com.timp.test.BRB.Formula -->
