<?xml version="1.0" encoding="UTF-8"?>
<!-- Generated by org.testng.reporters.JUnitReportReporter -->
<testsuite hostname="MassielV" failures="0" tests="2" name="com.timp.test.BRB.ExcluirRelatorio" time="258.439" errors="0" timestamp="14 oct. 2021 20:54:43 GMT" skipped="0">
  <testcase classname="com.timp.test.BRB.ExcluirRelatorio" name="eliminarLixeira" time="62.300"/>
  <testcase classname="com.timp.test.BRB.ExcluirRelatorio" name="eliminar" time="196.139"/>
</testsuite> <!-- com.timp.test.BRB.ExcluirRelatorio -->
