<?xml version="1.0" encoding="UTF-8"?>
<!-- Generated by org.testng.reporters.JUnitReportReporter -->
<testsuite hostname="DESKTOP-35UG9UP" name="com.timp.test.MDR.TabelasApoioSped.CodigoTipoCredito.InformaçoesAdicionaisVisualizar" tests="3" failures="0" timestamp="6 Aug 2020 17:05:56 GMT" time="72.746" errors="0">
  <testcase name="login" time="9.425" classname="com.timp.test.MDR.TabelasApoioSped.CodigoTipoCredito.InformaçoesAdicionaisVisualizar"/>
  <testcase name="Visualizar" time="51.530" classname="com.timp.test.MDR.TabelasApoioSped.CodigoTipoCredito.InformaçoesAdicionaisVisualizar"/>
  <testcase name="acessarMDR" time="11.791" classname="com.timp.test.MDR.TabelasApoioSped.CodigoTipoCredito.InformaçoesAdicionaisVisualizar"/>
</testsuite> <!-- com.timp.test.MDR.TabelasApoioSped.CodigoTipoCredito.InformaçoesAdicionaisVisualizar -->
