<?xml version="1.0" encoding="UTF-8"?>
<!-- Generated by org.testng.reporters.JUnitReportReporter -->
<testsuite hostname="LitoSoler" name="com.timp.test.BRB.Cabeçalho" tests="3" failures="0" timestamp="23 Sep 2020 20:51:42 GMT" time="88.056" errors="0">
  <testcase name="cabeçalho" time="61.831" classname="com.timp.test.BRB.Cabeçalho"/>
  <testcase name="login" time="7.636" classname="com.timp.test.BRB.Cabeçalho"/>
  <testcase name="brbEntrar" time="18.589" classname="com.timp.test.BRB.Cabeçalho"/>
</testsuite> <!-- com.timp.test.BRB.Cabeçalho -->
