<?xml version="1.0" encoding="UTF-8"?>
<!-- Generated by org.testng.reporters.JUnitReportReporter -->
<testsuite hostname="DESKTOP-5P4F1JE" failures="0" tests="3" name="com.timp.test.TDK.Dashboard.DashboardCriar" time="133.367" errors="0" timestamp="4 Feb 2021 14:16:09 GMT">
  <testcase classname="com.timp.test.TDK.Dashboard.DashboardCriar" name="login" time="8.532"/>
  <testcase classname="com.timp.test.TDK.Dashboard.DashboardCriar" name="criar" time="101.096"/>
  <testcase classname="com.timp.test.TDK.Dashboard.DashboardCriar" name="acessarTDK" time="23.739"/>
</testsuite> <!-- com.timp.test.TDK.Dashboard.DashboardCriar -->
