<?xml version="1.0" encoding="UTF-8"?>
<!-- Generated by org.testng.reporters.JUnitReportReporter -->
<testsuite hostname="DESKTOP-M23FVFN" failures="0" tests="1" name="com.timp.test.MDR.TabelasComplementaresParaObrigaçoesAcessorias.TabelaDeEstoqueParaRegistro12.TabelaDeEstoqueParaRegistro12Editar" time="117.254" errors="0" timestamp="16 feb. 2022 07:35:04 GMT" skipped="0">
  <testcase classname="com.timp.test.MDR.TabelasComplementaresParaObrigaçoesAcessorias.TabelaDeEstoqueParaRegistro12.TabelaDeEstoqueParaRegistro12Editar" name="editar" time="117.254"/>
</testsuite> <!-- com.timp.test.MDR.TabelasComplementaresParaObrigaçoesAcessorias.TabelaDeEstoqueParaRegistro12.TabelaDeEstoqueParaRegistro12Editar -->
