<?xml version="1.0" encoding="UTF-8"?>
<!-- Generated by org.testng.reporters.JUnitReportReporter -->
<testsuite hostname="MIGUEL" failures="0" tests="3" name="com.timp.test.TDK.Dashboard.DashboardCriar" time="128.271" errors="0" timestamp="17 mar. 2021 17:00:50 GMT" skipped="0">
  <testcase classname="com.timp.test.TDK.Dashboard.DashboardCriar" name="login" time="8.182"/>
  <testcase classname="com.timp.test.TDK.Dashboard.DashboardCriar" name="acessarTDK" time="25.717"/>
  <testcase classname="com.timp.test.TDK.Dashboard.DashboardCriar" name="criar" time="94.372"/>
</testsuite> <!-- com.timp.test.TDK.Dashboard.DashboardCriar -->
