<?xml version="1.0" encoding="UTF-8"?>
<!-- Generated by org.testng.reporters.JUnitReportReporter -->
<testsuite hostname="DESKTOP-C57COV6" failures="0" tests="3" name="com.timp.test.DFG.Painel.PainelNovaConfiguração" time="107.735" errors="0" timestamp="05 ago. 2021 21:21:45 GMT" skipped="0">
  <testcase classname="com.timp.test.DFG.Painel.PainelNovaConfiguração" name="ingresar" time="8.023"/>
  <testcase classname="com.timp.test.DFG.Painel.PainelNovaConfiguração" name="DFGEntrar" time="25.637"/>
  <testcase classname="com.timp.test.DFG.Painel.PainelNovaConfiguração" name="criar" time="74.075"/>
</testsuite> <!-- com.timp.test.DFG.Painel.PainelNovaConfiguração -->
