<?xml version="1.0" encoding="UTF-8"?>
<!-- Generated by org.testng.reporters.JUnitReportReporter -->
<testsuite hostname="MassielV" failures="0" tests="1" name="com.timp.test.MDR.Filiais.FiliaisEditar" time="234.698" errors="0" timestamp="21 oct. 2021 01:42:53 GMT" skipped="0">
  <testcase classname="com.timp.test.MDR.Filiais.FiliaisEditar" name="editar" time="234.698"/>
</testsuite> <!-- com.timp.test.MDR.Filiais.FiliaisEditar -->
