<?xml version="1.0" encoding="UTF-8"?>
<!-- Generated by org.testng.reporters.JUnitReportReporter -->
<testsuite skipped="0" hostname="LitoSoler" name="com.timp.test.MDR.AtividadesFiscais.AtividadeFiscal.AtividadeEliminar" tests="1" failures="0" timestamp="09 mar 2021 01:40:51 GMT" time="78.259" errors="0">
  <testcase name="eliminar" time="78.259" classname="com.timp.test.MDR.AtividadesFiscais.AtividadeFiscal.AtividadeEliminar"/>
</testsuite> <!-- com.timp.test.MDR.AtividadesFiscais.AtividadeFiscal.AtividadeEliminar -->
