<?xml version="1.0" encoding="UTF-8"?>
<!-- Generated by org.testng.reporters.JUnitReportReporter -->
<testsuite hostname="LitoSoler" name="com.timp.test.TCC.GestaoDeCreditoTributarioPISCONFINS.ApuracaoDeCreditoTributarioCOFINS.ConfiguracaoEExecucao.RegistroM625.RegistroM625Criar" tests="3" failures="0" timestamp="11 Feb 2021 21:05:31 GMT" time="114.911" errors="0">
  <testcase name="acessarTCC" time="30.049" classname="com.timp.test.TCC.GestaoDeCreditoTributarioPISCONFINS.ApuracaoDeCreditoTributarioCOFINS.ConfiguracaoEExecucao.RegistroM625.RegistroM625Criar"/>
  <testcase name="criar" time="74.992" classname="com.timp.test.TCC.GestaoDeCreditoTributarioPISCONFINS.ApuracaoDeCreditoTributarioCOFINS.ConfiguracaoEExecucao.RegistroM625.RegistroM625Criar"/>
  <testcase name="login" time="9.870" classname="com.timp.test.TCC.GestaoDeCreditoTributarioPISCONFINS.ApuracaoDeCreditoTributarioCOFINS.ConfiguracaoEExecucao.RegistroM625.RegistroM625Criar"/>
</testsuite> <!-- com.timp.test.TCC.GestaoDeCreditoTributarioPISCONFINS.ApuracaoDeCreditoTributarioCOFINS.ConfiguracaoEExecucao.RegistroM625.RegistroM625Criar -->
