<?xml version="1.0" encoding="UTF-8"?>
<!-- Generated by org.testng.reporters.JUnitReportReporter -->
<testsuite hostname="DESKTOP-35UG9UP" name="com.timp.test.MDR.EventosESocial.S1060AmbientesDeTrablho.S1060AmbientesDeTrablhoEditar" tests="3" failures="0" timestamp="25 Sep 2020 20:17:50 GMT" time="171.215" errors="0">
  <testcase name="login" time="16.146" classname="com.timp.test.MDR.EventosESocial.S1060AmbientesDeTrablho.S1060AmbientesDeTrablhoEditar"/>
  <testcase name="acessarMDR" time="14.562" classname="com.timp.test.MDR.EventosESocial.S1060AmbientesDeTrablho.S1060AmbientesDeTrablhoEditar"/>
  <testcase name="editar" time="140.507" classname="com.timp.test.MDR.EventosESocial.S1060AmbientesDeTrablho.S1060AmbientesDeTrablhoEditar"/>
</testsuite> <!-- com.timp.test.MDR.EventosESocial.S1060AmbientesDeTrablho.S1060AmbientesDeTrablhoEditar -->
