<?xml version="1.0" encoding="UTF-8"?>
<!-- Generated by org.testng.reporters.JUnitReportReporter -->
<testsuite hostname="LAPTOP-IN7IV9K5" failures="0" tests="3" name="com.timp.test.TBD.Configuração.CamposChaves.CamposChavesCriar" time="134.219" errors="0" timestamp="09 abr. 2021 15:39:44 GMT" skipped="0">
  <testcase classname="com.timp.test.TBD.Configuração.CamposChaves.CamposChavesCriar" name="login" time="8.699"/>
  <testcase classname="com.timp.test.TBD.Configuração.CamposChaves.CamposChavesCriar" name="criar" time="110.256"/>
  <testcase classname="com.timp.test.TBD.Configuração.CamposChaves.CamposChavesCriar" name="TBDEntrar" time="15.264"/>
</testsuite> <!-- com.timp.test.TBD.Configuração.CamposChaves.CamposChavesCriar -->
