<?xml version="1.0" encoding="UTF-8"?>
<!-- Generated by org.testng.reporters.JUnitReportReporter -->
<testsuite hostname="DESKTOP-C57COV6" failures="0" tests="3" name="com.timp.test.BRB.Formula" time="190.373" errors="0" timestamp="26 oct. 2021 07:51:19 GMT" skipped="0">
  <testcase classname="com.timp.test.BRB.Formula" name="aplicar" time="3.075"/>
  <testcase classname="com.timp.test.BRB.Formula" name="formulaColuna" time="80.004"/>
  <testcase classname="com.timp.test.BRB.Formula" name="formulaBoton" time="107.294"/>
</testsuite> <!-- com.timp.test.BRB.Formula -->
