<?xml version="1.0" encoding="UTF-8"?>
<!-- Generated by org.testng.reporters.JUnitReportReporter -->
<testsuite hostname="LAPTOP-IN7IV9K5" failures="0" tests="1" name="com.timp.test.MDR.Reinf.R1070DadosAdicionais.R1070DadosAdicionaisDetalhes" time="78.438" errors="0" timestamp="24 mar. 2021 05:11:13 GMT" skipped="0">
  <testcase classname="com.timp.test.MDR.Reinf.R1070DadosAdicionais.R1070DadosAdicionaisDetalhes" name="detalhes" time="78.438"/>
</testsuite> <!-- com.timp.test.MDR.Reinf.R1070DadosAdicionais.R1070DadosAdicionaisDetalhes -->
