<?xml version="1.0" encoding="UTF-8"?>
<!-- Generated by org.testng.reporters.JUnitReportReporter -->
<testsuite hostname="DESKTOP-M23FVFN" failures="0" tests="1" name="com.timp.test.BRB.AgrupadoPeloCampo" time="260.679" errors="0" timestamp="31 dic. 2021 04:47:01 GMT" skipped="0">
  <testcase classname="com.timp.test.BRB.AgrupadoPeloCampo" name="agrupadoPeloCampo" time="260.679"/>
</testsuite> <!-- com.timp.test.BRB.AgrupadoPeloCampo -->
