<?xml version="1.0" encoding="UTF-8"?>
<!-- Generated by org.testng.reporters.JUnitReportReporter -->
<testsuite hostname="MIGUEL" failures="0" tests="8" name="com.timp.test.BCB.Demais.HierarquiaConfiguracao.DemaisHierarquiaConfiguracaoTodasAsFuncionalidadesParte2" time="479.101" errors="0" timestamp="23 abr. 2021 03:45:03 GMT" skipped="0">
  <testcase classname="com.timp.test.BCB.Demais.HierarquiaConfiguracao.DemaisHierarquiaConfiguracaoTodasAsFuncionalidadesParte2" name="login" time="10.943"/>
  <testcase classname="com.timp.test.BCB.Demais.HierarquiaConfiguracao.DemaisHierarquiaConfiguracaoTodasAsFuncionalidadesParte2" name="brbEntrar" time="24.299"/>
  <testcase classname="com.timp.test.BCB.Demais.HierarquiaConfiguracao.DemaisHierarquiaConfiguracaoTodasAsFuncionalidadesParte2" name="ejecutarFinal" time="180.812"/>
  <testcase classname="com.timp.test.BCB.Demais.HierarquiaConfiguracao.DemaisHierarquiaConfiguracaoTodasAsFuncionalidadesParte2" name="relacionamentoFinalyAbrirHierarquiaGrupo" time="15.880"/>
  <testcase classname="com.timp.test.BCB.Demais.HierarquiaConfiguracao.DemaisHierarquiaConfiguracaoTodasAsFuncionalidadesParte2" name="excluirConfiguracoes2" time="61.116"/>
  <testcase classname="com.timp.test.BCB.Demais.HierarquiaConfiguracao.DemaisHierarquiaConfiguracaoTodasAsFuncionalidadesParte2" name="excluirHierarquia2" time="60.642"/>
  <testcase classname="com.timp.test.BCB.Demais.HierarquiaConfiguracao.DemaisHierarquiaConfiguracaoTodasAsFuncionalidadesParte2" name="excluirConfiguracoes1" time="71.077"/>
  <testcase classname="com.timp.test.BCB.Demais.HierarquiaConfiguracao.DemaisHierarquiaConfiguracaoTodasAsFuncionalidadesParte2" name="excluirHierarquia1" time="54.332"/>
</testsuite> <!-- com.timp.test.BCB.Demais.HierarquiaConfiguracao.DemaisHierarquiaConfiguracaoTodasAsFuncionalidadesParte2 -->
