<?xml version="1.0" encoding="UTF-8"?>
<!-- Generated by org.testng.reporters.JUnitReportReporter -->
<testsuite hostname="DESKTOP-M23FVFN" failures="0" tests="1" name="com.timp.test.BCB.ParametrosGeraisHierarquia.Hierarquia.ParametrosGeraisHierarquiaVisualizar" time="76.712" errors="0" timestamp="10 mar. 2022 17:46:39 GMT" skipped="0">
  <testcase classname="com.timp.test.BCB.ParametrosGeraisHierarquia.Hierarquia.ParametrosGeraisHierarquiaVisualizar" name="visualizar" time="76.712"/>
</testsuite> <!-- com.timp.test.BCB.ParametrosGeraisHierarquia.Hierarquia.ParametrosGeraisHierarquiaVisualizar -->
