<?xml version="1.0" encoding="UTF-8"?>
<!-- Generated by org.testng.reporters.JUnitReportReporter -->
<testsuite hostname="DESKTOP-M23FVFN" failures="0" tests="1" name="com.timp.test.ADM.Configuração.ConfiguraçãoTributo.ConfiguraçãodeTributoXTributoGrupo.ConfiguraçãodeTributoXTributoGrupoEditar" time="86.046" errors="0" timestamp="11 may. 2022 20:20:41 GMT" skipped="0">
  <testcase classname="com.timp.test.ADM.Configuração.ConfiguraçãoTributo.ConfiguraçãodeTributoXTributoGrupo.ConfiguraçãodeTributoXTributoGrupoEditar" name="Editar" time="86.046"/>
</testsuite> <!-- com.timp.test.ADM.Configuração.ConfiguraçãoTributo.ConfiguraçãodeTributoXTributoGrupo.ConfiguraçãodeTributoXTributoGrupoEditar -->
