<?xml version="1.0" encoding="UTF-8"?>
<!-- Generated by org.testng.reporters.JUnitReportReporter -->
<<<<<<< HEAD
<testsuite hostname="DESKTOP-C57COV6" failures="0" tests="1" name="com.timp.test.ADM.Configuração.Usuarios.UsuariosFiltrosAvancados" time="93.943" errors="0" timestamp="23 sep. 2021 00:59:38 GMT" skipped="0">
  <testcase classname="com.timp.test.ADM.Configuração.Usuarios.UsuariosFiltrosAvancados" name="filtros" time="93.943"/>
=======
<testsuite hostname="MassielV" failures="0" tests="1" name="com.timp.test.ADM.Configuração.Usuarios.UsuariosFiltrosAvancados" time="80.949" errors="0" timestamp="01 oct. 2021 00:12:37 GMT" skipped="0">
  <testcase classname="com.timp.test.ADM.Configuração.Usuarios.UsuariosFiltrosAvancados" name="filtros" time="80.949"/>
>>>>>>> branch 'Yessy' of https://github.com/salc1997/TIMP_R1.git
</testsuite> <!-- com.timp.test.ADM.Configuração.Usuarios.UsuariosFiltrosAvancados -->
