<?xml version="1.0" encoding="UTF-8"?>
<!-- Generated by org.testng.reporters.JUnitReportReporter -->
<testsuite hostname="LitoSoler" name="com.timp.test.MDR.SequenciaAcesso.SequenciaCriar" tests="3" failures="0" timestamp="1 Sep 2020 20:27:40 GMT" time="104.702" errors="0">
  <testcase name="login" time="7.187" classname="com.timp.test.MDR.SequenciaAcesso.SequenciaCriar"/>
  <testcase name="acessarMDR" time="26.032" classname="com.timp.test.MDR.SequenciaAcesso.SequenciaCriar"/>
  <testcase name="criar" time="71.483" classname="com.timp.test.MDR.SequenciaAcesso.SequenciaCriar"/>
</testsuite> <!-- com.timp.test.MDR.SequenciaAcesso.SequenciaCriar -->
