<?xml version="1.0" encoding="UTF-8"?>
<!-- Generated by org.testng.reporters.JUnitReportReporter -->
<testsuite hostname="EC2AMAZ-8HCHO4G" failures="0" tests="5" name="com.timp.test.ADM.Configuracao.ConfiguracaoDeTributos.ConfiguracaoTributoAgrupamento.ConfiguracaoTributoAgrupamentoTodasFunc" time="225.990" errors="0" timestamp="2024-02-19T21:54:41 UTC" skipped="0">
  <testcase classname="com.timp.test.ADM.Configuracao.ConfiguracaoDeTributos.ConfiguracaoTributoAgrupamento.ConfiguracaoTributoAgrupamentoTodasFunc" name="criar" time="77.382"/>
  <system-out/>
  <testcase classname="com.timp.test.ADM.Configuracao.ConfiguracaoDeTributos.ConfiguracaoTributoAgrupamento.ConfiguracaoTributoAgrupamentoTodasFunc" name="Editar" time="37.762"/>
  <system-out/>
  <testcase classname="com.timp.test.ADM.Configuracao.ConfiguracaoDeTributos.ConfiguracaoTributoAgrupamento.ConfiguracaoTributoAgrupamentoTodasFunc" name="visualizar" time="60.118"/>
  <system-out/>
  <testcase classname="com.timp.test.ADM.Configuracao.ConfiguracaoDeTributos.ConfiguracaoTributoAgrupamento.ConfiguracaoTributoAgrupamentoTodasFunc" name="filtros" time="23.356"/>
  <system-out/>
  <testcase classname="com.timp.test.ADM.Configuracao.ConfiguracaoDeTributos.ConfiguracaoTributoAgrupamento.ConfiguracaoTributoAgrupamentoTodasFunc" name="Excluir" time="27.372"/>
  <system-out/>
</testsuite> <!-- com.timp.test.ADM.Configuracao.ConfiguracaoDeTributos.ConfiguracaoTributoAgrupamento.ConfiguracaoTributoAgrupamentoTodasFunc -->
