<?xml version="1.0" encoding="UTF-8"?>
<!-- Generated by org.testng.reporters.JUnitReportReporter -->
<testsuite hostname="DESKTOP-C57COV6" failures="0" tests="1" name="com.timp.test.TCC.GestaoDeCreditoTributarioPISCONFINS.GestaoDeCreditoTributarioCOFINS.ConfiguracaoEExecucao.Registro1600.Registro1600Excluir" time="92.956" errors="0" timestamp="24 ago. 2021 08:37:48 GMT" skipped="0">
  <testcase classname="com.timp.test.TCC.GestaoDeCreditoTributarioPISCONFINS.GestaoDeCreditoTributarioCOFINS.ConfiguracaoEExecucao.Registro1600.Registro1600Excluir" name="excluir" time="92.956"/>
</testsuite> <!-- com.timp.test.TCC.GestaoDeCreditoTributarioPISCONFINS.GestaoDeCreditoTributarioCOFINS.ConfiguracaoEExecucao.Registro1600.Registro1600Excluir -->
