<?xml version="1.0" encoding="UTF-8"?>
<!-- Generated by org.testng.reporters.JUnitReportReporter -->
<testsuite hostname="LitoSoler" name="com.timp.test.BRB.NovoRelatorio" tests="4" failures="0" timestamp="23 Sep 2020 22:05:36 GMT" time="142.459" errors="0">
  <testcase name="novoRelatorio" time="51.251" classname="com.timp.test.BRB.NovoRelatorio"/>
  <testcase name="colunas" time="64.280" classname="com.timp.test.BRB.NovoRelatorio"/>
  <testcase name="brbEntrar" time="19.702" classname="com.timp.test.BRB.NovoRelatorio"/>
  <testcase name="login" time="7.226" classname="com.timp.test.BRB.NovoRelatorio"/>
</testsuite> <!-- com.timp.test.BRB.NovoRelatorio -->
