<?xml version="1.0" encoding="UTF-8"?>
<!-- Generated by org.testng.reporters.JUnitReportReporter -->
<testsuite hostname="DESKTOP-BNBDMGT" failures="0" tests="3" name="com.timp.test.BSC.CorreçãodeNFRejeitarEmMassa" time="267.044" errors="0" timestamp="3 Dec 2020 04:54:16 GMT">
  <testcase classname="com.timp.test.BSC.CorreçãodeNFRejeitarEmMassa" name="brbEntrar" time="24.614"/>
  <testcase classname="com.timp.test.BSC.CorreçãodeNFRejeitarEmMassa" name="rejeitar" time="234.851"/>
  <testcase classname="com.timp.test.BSC.CorreçãodeNFRejeitarEmMassa" name="login" time="7.579"/>
</testsuite> <!-- com.timp.test.BSC.CorreçãodeNFRejeitarEmMassa -->
