<?xml version="1.0" encoding="UTF-8"?>
<!-- Generated by org.testng.reporters.JUnitReportReporter -->
<testsuite hostname="EC2AMAZ-8HCHO4G" failures="0" tests="4" name="com.timp.test.BCB.OrigemBRB.HierarquiaConfiguracao.copy.OrigenBRBHierarquiaConfiguracaoTodasAsFuncionalidades" time="135.216" errors="0" timestamp="2023-05-03T20:20:56 UTC" skipped="0">
  <testcase classname="com.timp.test.BCB.OrigemBRB.HierarquiaConfiguracao.copy.OrigenBRBHierarquiaConfiguracaoTodasAsFuncionalidades" name="login" time="6.548"/>
  <system-out/>
  <testcase classname="com.timp.test.BCB.OrigemBRB.HierarquiaConfiguracao.copy.OrigenBRBHierarquiaConfiguracaoTodasAsFuncionalidades" name="brbEntrar" time="13.552"/>
  <system-out/>
  <testcase classname="com.timp.test.BCB.OrigemBRB.HierarquiaConfiguracao.copy.OrigenBRBHierarquiaConfiguracaoTodasAsFuncionalidades" name="Ingresar" time="45.691"/>
  <system-out/>
  <testcase classname="com.timp.test.BCB.OrigemBRB.HierarquiaConfiguracao.copy.OrigenBRBHierarquiaConfiguracaoTodasAsFuncionalidades" name="subNivel6" time="69.425"/>
  <system-out/>
</testsuite> <!-- com.timp.test.BCB.OrigemBRB.HierarquiaConfiguracao.copy.OrigenBRBHierarquiaConfiguracaoTodasAsFuncionalidades -->
