<?xml version="1.0" encoding="UTF-8"?>
<!-- Generated by org.testng.reporters.JUnitReportReporter -->
<testsuite hostname="DESKTOP-C57COV6" failures="0" tests="1" name="com.timp.test.MDR.TabelasApoioESocial.Tabela02.FinanciamentoDeAposEspDetalhe" time="126.816" errors="0" timestamp="25 ago. 2021 05:16:03 GMT" skipped="0">
  <testcase classname="com.timp.test.MDR.TabelasApoioESocial.Tabela02.FinanciamentoDeAposEspDetalhe" name="detalhe" time="126.816"/>
</testsuite> <!-- com.timp.test.MDR.TabelasApoioESocial.Tabela02.FinanciamentoDeAposEspDetalhe -->
