<?xml version="1.0" encoding="UTF-8"?>
<!-- Generated by org.testng.reporters.JUnitReportReporter -->
<testsuite hostname="EC2AMAZ-8HCHO4G" failures="0" tests="1" name="com.timp.test.MDR.LivrosFiscais.ParametrizaçãoDoLivroOficial.ParametrizaçãoDoLivroOficialExcluir" time="74.684" errors="0" timestamp="2024-07-10T22:42:45 UTC" skipped="0">
  <testcase classname="com.timp.test.MDR.LivrosFiscais.ParametrizaçãoDoLivroOficial.ParametrizaçãoDoLivroOficialExcluir" name="excluir" time="74.684"/>
  <system-out/>
</testsuite> <!-- com.timp.test.MDR.LivrosFiscais.ParametrizaçãoDoLivroOficial.ParametrizaçãoDoLivroOficialExcluir -->
