<?xml version="1.0" encoding="UTF-8"?>
<!-- Generated by org.testng.reporters.JUnitReportReporter -->
<testsuite hostname="DESKTOP-M23FVFN" failures="0" tests="1" name="com.timp.test.MDR.RegistroECAC.RegistroECACFiltrosAvan" time="97.631" errors="0" timestamp="09 dic. 2021 07:59:53 GMT" skipped="0">
  <testcase classname="com.timp.test.MDR.RegistroECAC.RegistroECACFiltrosAvan" name="filtrarAvanRegistroECAC" time="97.631"/>
</testsuite> <!-- com.timp.test.MDR.RegistroECAC.RegistroECACFiltrosAvan -->
