<?xml version="1.0" encoding="UTF-8"?>
<!-- Generated by org.testng.reporters.JUnitReportReporter -->
<testsuite hostname="SALC-PC" failures="0" tests="1" name="com.timp.test.BRB.EditarRelatorio" time="108.326" errors="0" timestamp="2023-05-13T16:19:15 CST" skipped="0">
  <testcase classname="com.timp.test.BRB.EditarRelatorio" name="editar" time="108.326"/>
  <system-out/>
</testsuite> <!-- com.timp.test.BRB.EditarRelatorio -->
