<?xml version="1.0" encoding="UTF-8"?>
<!-- Generated by org.testng.reporters.JUnitReportReporter -->
<testsuite hostname="LitoSoler" name="com.timp.test.MDR.Centralizacao.Tributos.TributosEditar" tests="3" failures="0" timestamp="24 Sep 2020 16:20:31 GMT" time="103.605" errors="0">
  <testcase name="acessarMDR" time="15.597" classname="com.timp.test.MDR.Centralizacao.Tributos.TributosEditar"/>
  <testcase name="tributoEditar" time="81.507" classname="com.timp.test.MDR.Centralizacao.Tributos.TributosEditar"/>
  <testcase name="login" time="6.501" classname="com.timp.test.MDR.Centralizacao.Tributos.TributosEditar"/>
</testsuite> <!-- com.timp.test.MDR.Centralizacao.Tributos.TributosEditar -->
