<?xml version="1.0" encoding="UTF-8"?>
<!-- Generated by org.testng.reporters.JUnitReportReporter -->
<testsuite hostname="MIGUEL" failures="0" tests="4" name="com.timp.test.MDR.ParâmetrosParaEnvioDeMensagens.ParâmetrosParaEnvioDeMensagensExcluirMassa" time="295.590" errors="0" timestamp="16 Nov 2020 19:10:53 GMT">
  <testcase classname="com.timp.test.MDR.ParâmetrosParaEnvioDeMensagens.ParâmetrosParaEnvioDeMensagensExcluirMassa" name="acessarMDR" time="9.963"/>
  <testcase classname="com.timp.test.MDR.ParâmetrosParaEnvioDeMensagens.ParâmetrosParaEnvioDeMensagensExcluirMassa" name="criar" time="227.250"/>
  <testcase classname="com.timp.test.MDR.ParâmetrosParaEnvioDeMensagens.ParâmetrosParaEnvioDeMensagensExcluirMassa" name="excluirMassa" time="50.833"/>
  <testcase classname="com.timp.test.MDR.ParâmetrosParaEnvioDeMensagens.ParâmetrosParaEnvioDeMensagensExcluirMassa" name="login" time="7.544"/>
</testsuite> <!-- com.timp.test.MDR.ParâmetrosParaEnvioDeMensagens.ParâmetrosParaEnvioDeMensagensExcluirMassa -->
