<?xml version="1.0" encoding="UTF-8"?>
<!-- Generated by org.testng.reporters.JUnitReportReporter -->
<testsuite hostname="DESKTOP-35UG9UP" name="com.timp.test.MDR.RepresentanteLegais.RepresentantesLegaisExcluir" tests="3" failures="0" timestamp="27 Aug 2020 21:04:49 GMT" time="94.027" errors="0">
  <testcase name="acessarMDR" time="12.357" classname="com.timp.test.MDR.RepresentanteLegais.RepresentantesLegaisExcluir"/>
  <testcase name="login" time="10.055" classname="com.timp.test.MDR.RepresentanteLegais.RepresentantesLegaisExcluir"/>
  <testcase name="excluir" time="71.615" classname="com.timp.test.MDR.RepresentanteLegais.RepresentantesLegaisExcluir"/>
</testsuite> <!-- com.timp.test.MDR.RepresentanteLegais.RepresentantesLegaisExcluir -->
