<?xml version="1.0" encoding="UTF-8"?>
<!-- Generated by org.testng.reporters.JUnitReportReporter -->
<testsuite hostname="DESKTOP-5P4F1JE" failures="0" tests="3" name="com.timp.test.MDR.Siscoserv.Enquadramento.EnquadramentoCriar" time="81.638" errors="0" timestamp="20 Oct 2020 20:34:28 GMT">
  <testcase classname="com.timp.test.MDR.Siscoserv.Enquadramento.EnquadramentoCriar" name="acessarMDR" time="23.323"/>
  <testcase classname="com.timp.test.MDR.Siscoserv.Enquadramento.EnquadramentoCriar" name="login" time="7.519"/>
  <testcase classname="com.timp.test.MDR.Siscoserv.Enquadramento.EnquadramentoCriar" name="criar" time="50.796"/>
</testsuite> <!-- com.timp.test.MDR.Siscoserv.Enquadramento.EnquadramentoCriar -->
