<?xml version="1.0" encoding="UTF-8"?>
<!-- Generated by org.testng.reporters.JUnitReportReporter -->
<testsuite hostname="LAPTOP-IN7IV9K5" failures="0" tests="3" name="com.timp.test.CALENDAR.ParametrosGerais.AbrirCalendario" time="96.379" errors="0" timestamp="25 feb. 2021 00:39:41 GMT" skipped="0">
  <testcase classname="com.timp.test.CALENDAR.ParametrosGerais.AbrirCalendario" name="login" time="25.900"/>
  <testcase classname="com.timp.test.CALENDAR.ParametrosGerais.AbrirCalendario" name="acessarCalendar" time="63.271"/>
  <testcase classname="com.timp.test.CALENDAR.ParametrosGerais.AbrirCalendario" name="CalendarEntrar" time="7.208"/>
</testsuite> <!-- com.timp.test.CALENDAR.ParametrosGerais.AbrirCalendario -->
