<?xml version="1.0" encoding="UTF-8"?>
<!-- Generated by org.testng.reporters.JUnitReportReporter -->
<testsuite hostname="DESKTOP-M23FVFN" failures="0" tests="2" name="com.timp.test.BRB.FormatacaoEVariante" time="336.655" errors="0" timestamp="2022-10-25T14:13:36 BRT" skipped="0">
  <testcase classname="com.timp.test.BRB.FormatacaoEVariante" name="excluirVariante" time="60.380"/>
  <system-out/>
  <testcase classname="com.timp.test.BRB.FormatacaoEVariante" name="formatacaoEVariante" time="276.275"/>
  <system-out/>
</testsuite> <!-- com.timp.test.BRB.FormatacaoEVariante -->
