<?xml version="1.0" encoding="UTF-8"?>
<!-- Generated by org.testng.reporters.JUnitReportReporter -->
<testsuite skipped="0" hostname="LitoSoler" name="com.timp.test.MDR.ConfiguracoesFundoSocial.ConfiguracoesDeFundoSocialExcluirEmMassa" tests="2" failures="0" timestamp="16 mar 2021 02:40:52 GMT" time="265.545" errors="0">
  <testcase name="criar" time="228.192" classname="com.timp.test.MDR.ConfiguracoesFundoSocial.ConfiguracoesDeFundoSocialExcluirEmMassa"/>
  <testcase name="excluir" time="37.353" classname="com.timp.test.MDR.ConfiguracoesFundoSocial.ConfiguracoesDeFundoSocialExcluirEmMassa"/>
</testsuite> <!-- com.timp.test.MDR.ConfiguracoesFundoSocial.ConfiguracoesDeFundoSocialExcluirEmMassa -->
