<?xml version="1.0" encoding="UTF-8"?>
<!-- Generated by org.testng.reporters.JUnitReportReporter -->
<testsuite hostname="DESKTOP-C57COV6" failures="0" tests="1" name="com.timp.test.MDR.TabelasComplementaresParaObrigaçoesAcessorias.TabelaDeEstoqueParaRegistro12.TabelaDeEstoqueParaRegistro12Editar" time="99.381" errors="0" timestamp="23 oct. 2021 07:27:32 GMT" skipped="0">
  <testcase classname="com.timp.test.MDR.TabelasComplementaresParaObrigaçoesAcessorias.TabelaDeEstoqueParaRegistro12.TabelaDeEstoqueParaRegistro12Editar" name="editar" time="99.381"/>
</testsuite> <!-- com.timp.test.MDR.TabelasComplementaresParaObrigaçoesAcessorias.TabelaDeEstoqueParaRegistro12.TabelaDeEstoqueParaRegistro12Editar -->
