<?xml version="1.0" encoding="UTF-8"?>
<!-- Generated by org.testng.reporters.JUnitReportReporter -->
<testsuite hostname="DESKTOP-M23FVFN" failures="0" tests="1" name="com.timp.test.ADM.Configuração.Licenças.LicençasDetalhes" time="76.443" errors="0" timestamp="14 dic. 2021 23:40:11 GMT" skipped="0">
  <testcase classname="com.timp.test.ADM.Configuração.Licenças.LicençasDetalhes" name="Detalles" time="76.443"/>
</testsuite> <!-- com.timp.test.ADM.Configuração.Licenças.LicençasDetalhes -->
