<?xml version="1.0" encoding="UTF-8"?>
<!-- Generated by org.testng.reporters.JUnitReportReporter -->
<testsuite hostname="LitoSoler" name="com.timp.test.BRE.RegrasDeEscrituração.RegrasDeEscrituraçãoEditar" tests="3" failures="0" timestamp="6 Jan 2021 07:05:33 GMT" time="186.251" errors="0">
  <testcase name="login" time="6.534" classname="com.timp.test.BRE.RegrasDeEscrituração.RegrasDeEscrituraçãoEditar"/>
  <testcase name="criar" time="162.791" classname="com.timp.test.BRE.RegrasDeEscrituração.RegrasDeEscrituraçãoEditar"/>
  <testcase name="acessarBRE" time="16.926" classname="com.timp.test.BRE.RegrasDeEscrituração.RegrasDeEscrituraçãoEditar"/>
</testsuite> <!-- com.timp.test.BRE.RegrasDeEscrituração.RegrasDeEscrituraçãoEditar -->
