<?xml version="1.0" encoding="UTF-8"?>
<!-- Generated by org.testng.reporters.JUnitReportReporter -->
<testsuite hostname="LitoSoler" name="com.timp.test.BRB.BRBAcessar" tests="2" failures="0" timestamp="30 Sep 2020 15:19:33 GMT" time="62.967" errors="0">
  <testcase name="brbEntrar" time="49.979" classname="com.timp.test.BRB.BRBAcessar"/>
  <testcase name="login" time="12.988" classname="com.timp.test.BRB.BRBAcessar"/>
</testsuite> <!-- com.timp.test.BRB.BRBAcessar -->
