<?xml version="1.0" encoding="UTF-8"?>
<!-- Generated by org.testng.reporters.JUnitReportReporter -->
<testsuite hostname="MassielV" failures="0" tests="1" name="com.timp.test.MDR.TabelasApoioESocial.Tabela28.DadosDeRATCriar" time="141.869" errors="0" timestamp="20 oct. 2021 07:36:58 GMT" skipped="0">
  <testcase classname="com.timp.test.MDR.TabelasApoioESocial.Tabela28.DadosDeRATCriar" name="criar" time="141.869"/>
</testsuite> <!-- com.timp.test.MDR.TabelasApoioESocial.Tabela28.DadosDeRATCriar -->
