<?xml version="1.0" encoding="UTF-8"?>
<!-- Generated by org.testng.reporters.JUnitReportReporter -->
<testsuite hostname="DESKTOP-C57COV6" failures="0" tests="1" name="com.timp.test.BRB.AgrupadoPeloCampo" time="192.349" errors="0" timestamp="11 may. 2021 00:16:55 GMT" skipped="0">
  <testcase classname="com.timp.test.BRB.AgrupadoPeloCampo" name="agrupadoPeloCampo" time="192.349"/>
</testsuite> <!-- com.timp.test.BRB.AgrupadoPeloCampo -->
