<?xml version="1.0" encoding="UTF-8"?>
<!-- Generated by org.testng.reporters.JUnitReportReporter -->
<testsuite hostname="LitoSoler" name="com.timp.test.BRB.CriarCopia" tests="3" failures="0" timestamp="2 Jul 2020 15:26:13 GMT" time="177.931" errors="0">
  <testcase name="criarCopia" time="130.173" classname="com.timp.test.BRB.CriarCopia"/>
  <testcase name="brbEntrar" time="34.208" classname="com.timp.test.BRB.CriarCopia"/>
  <testcase name="login" time="13.550" classname="com.timp.test.BRB.CriarCopia"/>
</testsuite> <!-- com.timp.test.BRB.CriarCopia -->
