<?xml version="1.0" encoding="UTF-8"?>
<!-- Generated by org.testng.reporters.JUnitReportReporter -->
<testsuite hostname="DESKTOP-M23FVFN" failures="0" tests="1" name="com.timp.test.MDR.TaxasDeAtualização.AlíquotasTaxaDeAtualização.AliquotaDeTaxaDeActualizacaoCriar" time="167.683" errors="0" timestamp="04 mar. 2022 23:06:46 GMT" skipped="0">
  <testcase classname="com.timp.test.MDR.TaxasDeAtualização.AlíquotasTaxaDeAtualização.AliquotaDeTaxaDeActualizacaoCriar" name="criar" time="167.683"/>
</testsuite> <!-- com.timp.test.MDR.TaxasDeAtualização.AlíquotasTaxaDeAtualização.AliquotaDeTaxaDeActualizacaoCriar -->
