<?xml version="1.0" encoding="UTF-8"?>
<!-- Generated by org.testng.reporters.JUnitReportReporter -->
<testsuite hostname="DESKTOP-BNBDMGT" failures="0" tests="1" name="com.timp.test.MDR.Filiais.FiliaisEditar" time="107.516" errors="0" timestamp="16 mar. 2021 01:38:18 GMT" skipped="0">
  <testcase classname="com.timp.test.MDR.Filiais.FiliaisEditar" name="editar" time="107.516"/>
</testsuite> <!-- com.timp.test.MDR.Filiais.FiliaisEditar -->
