<?xml version="1.0" encoding="UTF-8"?>
<!-- Generated by org.testng.reporters.JUnitReportReporter -->
<testsuite hostname="DESKTOP-JP1A9E6" failures="0" tests="1" name="com.timp.test.MDR.TabelasApoioESocial.Tabela08.ClassificacaoTributariaDetalhe" time="110.245" errors="0" timestamp="17 ago. 2021 13:12:47 GMT" skipped="0">
  <testcase classname="com.timp.test.MDR.TabelasApoioESocial.Tabela08.ClassificacaoTributariaDetalhe" name="detalhes" time="110.245"/>
</testsuite> <!-- com.timp.test.MDR.TabelasApoioESocial.Tabela08.ClassificacaoTributariaDetalhe -->
