<?xml version="1.0" encoding="UTF-8"?>
<!-- Generated by org.testng.reporters.JUnitReportReporter -->
<testsuite hostname="DESKTOP-C57COV6" failures="0" tests="1" name="com.timp.test.MDR.CadastrosIRPJCSLL.DEPARAContasContábeis.DEPARAContasContábeisEditar" time="149.671" errors="0" timestamp="25 ago. 2021 07:54:48 GMT" skipped="0">
  <testcase classname="com.timp.test.MDR.CadastrosIRPJCSLL.DEPARAContasContábeis.DEPARAContasContábeisEditar" name="Editar" time="149.671"/>
</testsuite> <!-- com.timp.test.MDR.CadastrosIRPJCSLL.DEPARAContasContábeis.DEPARAContasContábeisEditar -->
