<?xml version="1.0" encoding="UTF-8"?>
<!-- Generated by org.testng.reporters.JUnitReportReporter -->
<testsuite hostname="Agile" failures="0" tests="1" name="com.timp.test.BRB.CriarComCopia" time="231.734" errors="0" timestamp="29 dic. 2021 00:24:02 GMT" skipped="0">
  <testcase classname="com.timp.test.BRB.CriarComCopia" name="criarCopia" time="231.734"/>
</testsuite> <!-- com.timp.test.BRB.CriarComCopia -->
