<?xml version="1.0" encoding="UTF-8"?>
<!-- Generated by org.testng.reporters.JUnitReportReporter -->
<testsuite hostname="MIGUEL" failures="0" tests="8" name="com.timp.test.BCB.Demais.HierarquiaConfiguracao.DemaisHierarquiaConfiguracaoTodasAsFuncionalidadesParte2" time="353.131" errors="0" timestamp="23 abr. 2021 16:48:19 GMT" skipped="0">
  <testcase classname="com.timp.test.BCB.Demais.HierarquiaConfiguracao.DemaisHierarquiaConfiguracaoTodasAsFuncionalidadesParte2" name="login" time="7.267"/>
  <testcase classname="com.timp.test.BCB.Demais.HierarquiaConfiguracao.DemaisHierarquiaConfiguracaoTodasAsFuncionalidadesParte2" name="brbEntrar" time="16.305"/>
  <testcase classname="com.timp.test.BCB.Demais.HierarquiaConfiguracao.DemaisHierarquiaConfiguracaoTodasAsFuncionalidadesParte2" name="ejecutarFinal" time="86.830"/>
  <testcase classname="com.timp.test.BCB.Demais.HierarquiaConfiguracao.DemaisHierarquiaConfiguracaoTodasAsFuncionalidadesParte2" name="relacionamentoFinalyAbrirHierarquiaGrupo" time="17.171"/>
  <testcase classname="com.timp.test.BCB.Demais.HierarquiaConfiguracao.DemaisHierarquiaConfiguracaoTodasAsFuncionalidadesParte2" name="excluirConfiguracoes2" time="53.550"/>
  <testcase classname="com.timp.test.BCB.Demais.HierarquiaConfiguracao.DemaisHierarquiaConfiguracaoTodasAsFuncionalidadesParte2" name="excluirHierarquia2" time="59.269"/>
  <testcase classname="com.timp.test.BCB.Demais.HierarquiaConfiguracao.DemaisHierarquiaConfiguracaoTodasAsFuncionalidadesParte2" name="excluirConfiguracoes1" time="58.487"/>
  <testcase classname="com.timp.test.BCB.Demais.HierarquiaConfiguracao.DemaisHierarquiaConfiguracaoTodasAsFuncionalidadesParte2" name="excluirHierarquia1" time="54.252"/>
</testsuite> <!-- com.timp.test.BCB.Demais.HierarquiaConfiguracao.DemaisHierarquiaConfiguracaoTodasAsFuncionalidadesParte2 -->
