<?xml version="1.0" encoding="UTF-8"?>
<!-- Generated by org.testng.reporters.JUnitReportReporter -->
<testsuite hostname="EC2AMAZ-8HCHO4G" failures="0" tests="4" name="com.timp.test.DFG.Leiautes.Execucao.LeiautesExecucacoFuncionalidades4Pt2" time="146.794" errors="0" timestamp="2023-08-15T16:34:09 UTC" skipped="0">
  <testcase classname="com.timp.test.DFG.Leiautes.Execucao.LeiautesExecucacoFuncionalidades4Pt2" name="ingresar" time="6.613"/>
  <system-out/>
  <testcase classname="com.timp.test.DFG.Leiautes.Execucao.LeiautesExecucacoFuncionalidades4Pt2" name="mdrEntrar" time="16.464"/>
  <system-out/>
  <testcase classname="com.timp.test.DFG.Leiautes.Execucao.LeiautesExecucacoFuncionalidades4Pt2" name="campoFixo" time="94.626"/>
  <system-out/>
  <testcase classname="com.timp.test.DFG.Leiautes.Execucao.LeiautesExecucacoFuncionalidades4Pt2" name="campoFixoManual" time="29.091"/>
  <system-out/>
</testsuite> <!-- com.timp.test.DFG.Leiautes.Execucao.LeiautesExecucacoFuncionalidades4Pt2 -->
