<?xml version="1.0" encoding="UTF-8"?>
<!-- Generated by org.testng.reporters.JUnitReportReporter -->
<testsuite hostname="DESKTOP-35UG9UP" name="com.timp.test.MDR.ControleDeCreditoTributario.UtilizacaoDosCreditosEmPeriodoAnterior.UtilizacaoDosCreditosEmPeriodoAnterioreditar" tests="3" failures="0" timestamp="27 Aug 2020 12:59:51 GMT" time="115.528" errors="0">
  <testcase name="editar" time="88.462" classname="com.timp.test.MDR.ControleDeCreditoTributario.UtilizacaoDosCreditosEmPeriodoAnterior.UtilizacaoDosCreditosEmPeriodoAnterioreditar"/>
  <testcase name="acessarMDR" time="17.587" classname="com.timp.test.MDR.ControleDeCreditoTributario.UtilizacaoDosCreditosEmPeriodoAnterior.UtilizacaoDosCreditosEmPeriodoAnterioreditar"/>
  <testcase name="login" time="9.479" classname="com.timp.test.MDR.ControleDeCreditoTributario.UtilizacaoDosCreditosEmPeriodoAnterior.UtilizacaoDosCreditosEmPeriodoAnterioreditar"/>
</testsuite> <!-- com.timp.test.MDR.ControleDeCreditoTributario.UtilizacaoDosCreditosEmPeriodoAnterior.UtilizacaoDosCreditosEmPeriodoAnterioreditar -->
