<?xml version="1.0" encoding="UTF-8"?>
<!-- Generated by org.testng.reporters.JUnitReportReporter -->
<testsuite hostname="EC2AMAZ-8HCHO4G" failures="0" tests="3" name="com.timp.test.BRB.FiltrosRelatorio" time="363.975" errors="0" timestamp="2023-09-13T16:56:16 UTC" skipped="0">
  <testcase classname="com.timp.test.BRB.FiltrosRelatorio" name="AfiltrosEditor" time="206.654"/>
  <system-out/>
  <testcase classname="com.timp.test.BRB.FiltrosRelatorio" name="CasignarValores" time="31.989"/>
  <system-out/>
  <testcase classname="com.timp.test.BRB.FiltrosRelatorio" name="BfiltrosBiblioteca" time="125.332"/>
  <system-out/>
</testsuite> <!-- com.timp.test.BRB.FiltrosRelatorio -->
