<?xml version="1.0" encoding="UTF-8"?>
<!-- Generated by org.testng.reporters.JUnitReportReporter -->
<testsuite hostname="LAPTOP-IN7IV9K5" failures="0" tests="1" name="com.timp.test.MDR.CEP.Logradouro.LogradouroVisualizar" time="130.819" errors="0" timestamp="30 mar. 2021 02:14:09 GMT" skipped="0">
  <testcase classname="com.timp.test.MDR.CEP.Logradouro.LogradouroVisualizar" name="visualizar" time="130.819"/>
</testsuite> <!-- com.timp.test.MDR.CEP.Logradouro.LogradouroVisualizar -->
