<?xml version="1.0" encoding="UTF-8"?>
<!-- Generated by org.testng.reporters.JUnitReportReporter -->
<testsuite hostname="DESKTOP-BNBDMGT" failures="0" tests="1" name="com.timp.test.MDR.CadastrosIRPJCSLL.ContasContábeisRBLP.ContasContábeisRBLPFiltroId" time="43.639" errors="0" timestamp="19 mar. 2021 23:32:59 GMT" skipped="0">
  <testcase classname="com.timp.test.MDR.CadastrosIRPJCSLL.ContasContábeisRBLP.ContasContábeisRBLPFiltroId" name="filtro" time="43.639"/>
</testsuite> <!-- com.timp.test.MDR.CadastrosIRPJCSLL.ContasContábeisRBLP.ContasContábeisRBLPFiltroId -->
