<?xml version="1.0" encoding="UTF-8"?>
<!-- Generated by org.testng.reporters.JUnitReportReporter -->
<testsuite hostname="DESKTOP-M23FVFN" failures="0" tests="3" name="com.timp.test.BRB.Formula" time="192.820" errors="0" timestamp="2022-11-15T20:10:09 BRT" skipped="0">
  <testcase classname="com.timp.test.BRB.Formula" name="aplicar" time="14.156"/>
  <system-out/>
  <testcase classname="com.timp.test.BRB.Formula" name="formulaBoton" time="83.599"/>
  <system-out/>
  <testcase classname="com.timp.test.BRB.Formula" name="formulaColuna" time="95.065"/>
  <system-out/>
</testsuite> <!-- com.timp.test.BRB.Formula -->
