<?xml version="1.0" encoding="UTF-8"?>
<!-- Generated by org.testng.reporters.JUnitReportReporter -->
<testsuite hostname="DESKTOP-M23FVFN" failures="0" tests="1" name="com.timp.test.MDR.ValorAdicionado.Confrontacao.ConfrontacaoExcluir" time="190.397" errors="0" timestamp="18 dic. 2021 16:35:25 GMT" skipped="0">
  <testcase classname="com.timp.test.MDR.ValorAdicionado.Confrontacao.ConfrontacaoExcluir" name="Excluir" time="190.397"/>
</testsuite> <!-- com.timp.test.MDR.ValorAdicionado.Confrontacao.ConfrontacaoExcluir -->
