<?xml version="1.0" encoding="UTF-8"?>
<!-- Generated by org.testng.reporters.JUnitReportReporter -->
<testsuite hostname="MassielV" failures="0" tests="2" name="com.timp.test.BRB.FiltroColunas" time="181.926" errors="0" timestamp="05 nov. 2021 19:13:52 GMT" skipped="0">
  <testcase classname="com.timp.test.BRB.FiltroColunas" name="filtroConFerramenta1" time="150.683"/>
  <testcase classname="com.timp.test.BRB.FiltroColunas" name="filtroConFerramenta2" time="31.243"/>
</testsuite> <!-- com.timp.test.BRB.FiltroColunas -->
