<?xml version="1.0" encoding="UTF-8"?>
<!-- Generated by org.testng.reporters.JUnitReportReporter -->
<testsuite hostname="CRISTHIAN-VASQUEZ" failures="0" tests="3" name="com.timp.test.BRE.RegrasDeEscrituração.BRERegradeEscrituraçãoEdiçãoSimular" time="178.136" errors="0" timestamp="8 Jan 2021 01:33:51 GMT">
  <testcase classname="com.timp.test.BRE.RegrasDeEscrituração.BRERegradeEscrituraçãoEdiçãoSimular" name="acessarBRE" time="17.260"/>
  <testcase classname="com.timp.test.BRE.RegrasDeEscrituração.BRERegradeEscrituraçãoEdiçãoSimular" name="login" time="6.872"/>
  <testcase classname="com.timp.test.BRE.RegrasDeEscrituração.BRERegradeEscrituraçãoEdiçãoSimular" name="editar" time="154.004"/>
</testsuite> <!-- com.timp.test.BRE.RegrasDeEscrituração.BRERegradeEscrituraçãoEdiçãoSimular -->
