<?xml version="1.0" encoding="UTF-8"?>
<!-- Generated by org.testng.reporters.JUnitReportReporter -->
<testsuite hostname="DESKTOP-C57COV6" failures="0" tests="1" name="com.timp.test.ATR.Arquivos.CarregamentoDeArquivos.CarregamentoDeArquivosFiltroPorID" time="85.064" errors="0" timestamp="24 ago. 2021 17:49:34 GMT" skipped="0">
  <testcase classname="com.timp.test.ATR.Arquivos.CarregamentoDeArquivos.CarregamentoDeArquivosFiltroPorID" name="filtro" time="85.064"/>
</testsuite> <!-- com.timp.test.ATR.Arquivos.CarregamentoDeArquivos.CarregamentoDeArquivosFiltroPorID -->
