<?xml version="1.0" encoding="UTF-8"?>
<!-- Generated by org.testng.reporters.JUnitReportReporter -->
<testsuite hostname="EC2AMAZ-8HCHO4G" failures="0" tests="1" name="com.timp.test.ATR.Estruturas.GrupoDeEstruturas.GrupoDeEstruturasExcluir" time="40.735" errors="1" timestamp="2024-10-16T18:09:37 UTC" skipped="0">
  <testcase classname="com.timp.test.ATR.Estruturas.GrupoDeEstruturas.GrupoDeEstruturasExcluir" name="criar" time="40.735">
    <error message="Unresolved compilation problems: 
	Syntax error on token &quot;Invalid Character&quot;, ; expected
	o cannot be resolved to a variable
	Syntax error on token &quot;Invalid Character&quot;, invalid AssignmentOperator
	o cannot be resolved to a variable
" type="java.lang.Error">
      <![CDATA[java.lang.Error: Unresolved compilation problems: 
Syntax error on token "Invalid Character", ; expected
o cannot be resolved to a variable
Syntax error on token "Invalid Character", invalid AssignmentOperator
o cannot be resolved to a variable

at com.sap.timp.pageObjectModel.ATR.Estruturas.GrupoDeEstruturas.GrupoDeEstruturasExcluirPO.excluir(GrupoDeEstruturasExcluirPO.java:77)
at com.timp.test.ATR.Estruturas.GrupoDeEstruturas.GrupoDeEstruturasExcluir.criar(GrupoDeEstruturasExcluir.java:46)
at java.base/jdk.internal.reflect.NativeMethodAccessorImpl.invoke0(Native Method)
at java.base/jdk.internal.reflect.NativeMethodAccessorImpl.invoke(NativeMethodAccessorImpl.java:77)
at java.base/jdk.internal.reflect.DelegatingMethodAccessorImpl.invoke(DelegatingMethodAccessorImpl.java:43)
at java.base/java.lang.reflect.Method.invoke(Method.java:568)
at org.testng.internal.MethodInvocationHelper.invokeMethod(MethodInvocationHelper.java:133)
at org.testng.internal.TestInvoker.invokeMethod(TestInvoker.java:598)
at org.testng.internal.TestInvoker.invokeTestMethod(TestInvoker.java:173)
at org.testng.internal.MethodRunner.runInSequence(MethodRunner.java:46)
at org.testng.internal.TestInvoker$MethodInvocationAgent.invoke(TestInvoker.java:824)
at org.testng.internal.TestInvoker.invokeTestMethods(TestInvoker.java:146)
at org.testng.internal.TestMethodWorker.invokeTestMethods(TestMethodWorker.java:146)
at org.testng.internal.TestMethodWorker.run(TestMethodWorker.java:128)
at java.base/java.util.ArrayList.forEach(ArrayList.java:1511)
at org.testng.TestRunner.privateRun(TestRunner.java:794)
at org.testng.TestRunner.run(TestRunner.java:596)
at org.testng.SuiteRunner.runTest(SuiteRunner.java:377)
at org.testng.SuiteRunner.runSequentially(SuiteRunner.java:371)
at org.testng.SuiteRunner.privateRun(SuiteRunner.java:332)
at org.testng.SuiteRunner.run(SuiteRunner.java:276)
at org.testng.SuiteRunnerWorker.runSuite(SuiteRunnerWorker.java:53)
at org.testng.SuiteRunnerWorker.run(SuiteRunnerWorker.java:96)
at org.testng.TestNG.runSuitesSequentially(TestNG.java:1212)
at org.testng.TestNG.runSuitesLocally(TestNG.java:1134)
at org.testng.TestNG.runSuites(TestNG.java:1063)
at org.testng.TestNG.run(TestNG.java:1031)
at org.testng.remote.AbstractRemoteTestNG.run(AbstractRemoteTestNG.java:115)
at org.testng.remote.RemoteTestNG.initAndRun(RemoteTestNG.java:251)
at org.testng.remote.RemoteTestNG.main(RemoteTestNG.java:77)
]]>
    </error>
  </testcase> <!-- criar -->
  <system-out/>
</testsuite> <!-- com.timp.test.ATR.Estruturas.GrupoDeEstruturas.GrupoDeEstruturasExcluir -->
