<?xml version="1.0" encoding="UTF-8"?>
<!-- Generated by org.testng.reporters.JUnitReportReporter -->
<testsuite hostname="DESKTOP-BNBDMGT" failures="0" tests="3" name="com.timp.test.BRE.RegrasDeNegocio.RegrasdeNegócioLixeiraExcluirdefinitivamenteCriarAbas" time="125.005" errors="0" timestamp="19 feb. 2021 19:24:08 GMT" skipped="0">
  <testcase classname="com.timp.test.BRE.RegrasDeNegocio.RegrasdeNegócioLixeiraExcluirdefinitivamenteCriarAbas" name="login" time="11.080"/>
  <testcase classname="com.timp.test.BRE.RegrasDeNegocio.RegrasdeNegócioLixeiraExcluirdefinitivamenteCriarAbas" name="acessarBRE" time="19.863"/>
  <testcase classname="com.timp.test.BRE.RegrasDeNegocio.RegrasdeNegócioLixeiraExcluirdefinitivamenteCriarAbas" name="lexeira" time="94.062"/>
</testsuite> <!-- com.timp.test.BRE.RegrasDeNegocio.RegrasdeNegócioLixeiraExcluirdefinitivamenteCriarAbas -->
