<?xml version="1.0" encoding="UTF-8"?>
<!-- Generated by org.testng.reporters.JUnitReportReporter -->
<testsuite hostname="CRISTHIAN-VASQUEZ" failures="0" tests="3" name="com.timp.test.MDR.TabelasApoioESocial.Tabela11.CompatibilidadeEnCatTrabCriar" time="68.364" errors="0" timestamp="22 Jan 2021 16:08:21 GMT">
  <testcase classname="com.timp.test.MDR.TabelasApoioESocial.Tabela11.CompatibilidadeEnCatTrabCriar" name="criar" time="43.191"/>
  <testcase classname="com.timp.test.MDR.TabelasApoioESocial.Tabela11.CompatibilidadeEnCatTrabCriar" name="acessarMDR" time="17.363"/>
  <testcase classname="com.timp.test.MDR.TabelasApoioESocial.Tabela11.CompatibilidadeEnCatTrabCriar" name="login" time="7.810"/>
</testsuite> <!-- com.timp.test.MDR.TabelasApoioESocial.Tabela11.CompatibilidadeEnCatTrabCriar -->
