<?xml version="1.0" encoding="UTF-8"?>
<!-- Generated by org.testng.reporters.JUnitReportReporter -->
<testsuite hostname="Agile" failures="0" tests="1" name="com.timp.test.MDR.PrecoDeTransferencia.ValoresParaMetodo.ValoresParaMetodoCAP.ValoresParaMetodoCAPExcluir" time="115.515" errors="0" timestamp="16 feb. 2022 13:36:45 GMT" skipped="0">
  <testcase classname="com.timp.test.MDR.PrecoDeTransferencia.ValoresParaMetodo.ValoresParaMetodoCAP.ValoresParaMetodoCAPExcluir" name="excluir" time="115.515"/>
</testsuite> <!-- com.timp.test.MDR.PrecoDeTransferencia.ValoresParaMetodo.ValoresParaMetodoCAP.ValoresParaMetodoCAPExcluir -->
