<?xml version="1.0" encoding="UTF-8"?>
<!-- Generated by org.testng.reporters.JUnitReportReporter -->
<testsuite skipped="0" hostname="LitoSoler" name="com.timp.test.MDR.CadastroCondiçao.CadastroCondicaoEditar" tests="1" failures="0" timestamp="16 feb 2021 23:33:39 GMT" time="90.706" errors="0">
  <testcase name="editar" time="90.706" classname="com.timp.test.MDR.CadastroCondiçao.CadastroCondicaoEditar"/>
</testsuite> <!-- com.timp.test.MDR.CadastroCondiçao.CadastroCondicaoEditar -->
