<?xml version="1.0" encoding="UTF-8"?>
<!-- Generated by org.testng.reporters.JUnitReportReporter -->
<testsuite hostname="Agile" failures="0" tests="1" name="com.timp.test.MDR.ValorAdicionado.Municipio.MunicipioExcluir" time="106.454" errors="0" timestamp="11 mar. 2022 23:30:29 GMT" skipped="0">
  <testcase classname="com.timp.test.MDR.ValorAdicionado.Municipio.MunicipioExcluir" name="excluir" time="106.454"/>
</testsuite> <!-- com.timp.test.MDR.ValorAdicionado.Municipio.MunicipioExcluir -->
