<?xml version="1.0" encoding="UTF-8"?>
<!-- Generated by org.testng.reporters.JUnitReportReporter -->
<testsuite hostname="LitoSoler" name="com.timp.test.BRB.FormatacaoEVariante" tests="4" failures="0" timestamp="2 Dec 2020 22:41:43 GMT" time="200.008" errors="0">
  <testcase name="login" time="10.195" classname="com.timp.test.BRB.FormatacaoEVariante"/>
  <testcase name="formatacaoEVariante" time="123.755" classname="com.timp.test.BRB.FormatacaoEVariante"/>
  <testcase name="brbEntrar" time="29.853" classname="com.timp.test.BRB.FormatacaoEVariante"/>
  <testcase name="excluirVariante" time="36.205" classname="com.timp.test.BRB.FormatacaoEVariante"/>
</testsuite> <!-- com.timp.test.BRB.FormatacaoEVariante -->
