<?xml version="1.0" encoding="UTF-8"?>
<!-- Generated by org.testng.reporters.JUnitReportReporter -->
<testsuite hostname="LitoSoler" name="com.timp.test.MDR.TabelasApoioESocial.Tabela20.TiposDeLogradouroCriar" tests="3" failures="0" timestamp="12 Nov 2020 16:48:57 GMT" time="116.027" errors="0">
  <testcase name="login" time="11.240" classname="com.timp.test.MDR.TabelasApoioESocial.Tabela20.TiposDeLogradouroCriar"/>
  <testcase name="acessarMDR" time="58.572" classname="com.timp.test.MDR.TabelasApoioESocial.Tabela20.TiposDeLogradouroCriar"/>
  <testcase name="criar" time="46.215" classname="com.timp.test.MDR.TabelasApoioESocial.Tabela20.TiposDeLogradouroCriar"/>
</testsuite> <!-- com.timp.test.MDR.TabelasApoioESocial.Tabela20.TiposDeLogradouroCriar -->
