<?xml version="1.0" encoding="UTF-8"?>
<!-- Generated by org.testng.reporters.JUnitReportReporter -->
<testsuite hostname="MIGUEL" failures="0" tests="3" name="com.timp.test.BRE.CalculoDeTributos.CalculodeTributosTabelas" time="315.785" errors="0" timestamp="15 Feb 2021 21:32:31 GMT">
  <testcase classname="com.timp.test.BRE.CalculoDeTributos.CalculodeTributosTabelas" name="acessarBRE" time="16.637"/>
  <testcase classname="com.timp.test.BRE.CalculoDeTributos.CalculodeTributosTabelas" name="editar" time="290.124"/>
  <testcase classname="com.timp.test.BRE.CalculoDeTributos.CalculodeTributosTabelas" name="login" time="9.024"/>
</testsuite> <!-- com.timp.test.BRE.CalculoDeTributos.CalculodeTributosTabelas -->
