<?xml version="1.0" encoding="UTF-8"?>
<!-- Generated by org.testng.reporters.JUnitReportReporter -->
<testsuite hostname="MassielV" failures="0" tests="1" name="com.timp.test.MDR.TabelasComplementaresParaObrigaçoesAcessorias.TabelaDaReceitasPermitidas.TabelaReceitasPermitidasExcluir" time="189.258" errors="0" timestamp="20 oct. 2021 22:27:35 GMT" skipped="0">
  <testcase classname="com.timp.test.MDR.TabelasComplementaresParaObrigaçoesAcessorias.TabelaDaReceitasPermitidas.TabelaReceitasPermitidasExcluir" name="excluir" time="189.258"/>
</testsuite> <!-- com.timp.test.MDR.TabelasComplementaresParaObrigaçoesAcessorias.TabelaDaReceitasPermitidas.TabelaReceitasPermitidasExcluir -->
