<?xml version="1.0" encoding="UTF-8"?>
<!-- Generated by org.testng.reporters.JUnitReportReporter -->
<testsuite hostname="DESKTOP-BNBDMGT" failures="0" tests="3" name="com.timp.test.BRE.CalculoDeTributos.ParametroGerais.CalculoDeTributosLixeiraEmMassaMaisExcluirEmMassa" time="245.506" errors="0" timestamp="6 Jan 2021 09:13:33 GMT">
  <testcase classname="com.timp.test.BRE.CalculoDeTributos.ParametroGerais.CalculoDeTributosLixeiraEmMassaMaisExcluirEmMassa" name="acessarBRE" time="16.599"/>
  <testcase classname="com.timp.test.BRE.CalculoDeTributos.ParametroGerais.CalculoDeTributosLixeiraEmMassaMaisExcluirEmMassa" name="criar" time="219.470"/>
  <testcase classname="com.timp.test.BRE.CalculoDeTributos.ParametroGerais.CalculoDeTributosLixeiraEmMassaMaisExcluirEmMassa" name="login" time="9.437"/>
</testsuite> <!-- com.timp.test.BRE.CalculoDeTributos.ParametroGerais.CalculoDeTributosLixeiraEmMassaMaisExcluirEmMassa -->
