<?xml version="1.0" encoding="UTF-8"?>
<!-- Generated by org.testng.reporters.JUnitReportReporter -->
<testsuite hostname="CRISTHIAN-VASQUEZ" failures="0" tests="3" name="com.timp.test.TAA.Agendamento.AgendamentoEditar" time="73.131" errors="0" timestamp="11 mar. 2021 16:48:49 GMT" skipped="0">
  <testcase classname="com.timp.test.TAA.Agendamento.AgendamentoEditar" name="ingresar" time="8.816"/>
  <testcase classname="com.timp.test.TAA.Agendamento.AgendamentoEditar" name="ingresarTAA" time="18.716"/>
  <testcase classname="com.timp.test.TAA.Agendamento.AgendamentoEditar" name="editar" time="45.599"/>
</testsuite> <!-- com.timp.test.TAA.Agendamento.AgendamentoEditar -->
