<?xml version="1.0" encoding="UTF-8"?>
<!-- Generated by org.testng.reporters.JUnitReportReporter -->
<testsuite hostname="DESKTOP-M23FVFN" failures="0" tests="3" name="com.timp.test.BRB.Formula" time="200.738" errors="0" timestamp="10 may. 2022 18:17:49 GMT" skipped="0">
  <testcase classname="com.timp.test.BRB.Formula" name="formulaBoton" time="106.794"/>
  <testcase classname="com.timp.test.BRB.Formula" name="aplicar" time="14.268"/>
  <testcase classname="com.timp.test.BRB.Formula" name="formulaColuna" time="79.676"/>
</testsuite> <!-- com.timp.test.BRB.Formula -->
