<?xml version="1.0" encoding="UTF-8"?>
<!-- Generated by org.testng.reporters.JUnitReportReporter -->
<testsuite hostname="LitoSoler" name="com.timp.test.MDR.TabelasApoioESocial.Tabela21.NaturezaJuridicaVisualizar" tests="3" failures="0" timestamp="13 Nov 2020 16:17:01 GMT" time="84.151" errors="0">
  <testcase name="ingresar" time="6.834" classname="com.timp.test.MDR.TabelasApoioESocial.Tabela21.NaturezaJuridicaVisualizar"/>
  <testcase name="visualizar" time="37.436" classname="com.timp.test.MDR.TabelasApoioESocial.Tabela21.NaturezaJuridicaVisualizar"/>
  <testcase name="mdrEntrar" time="39.881" classname="com.timp.test.MDR.TabelasApoioESocial.Tabela21.NaturezaJuridicaVisualizar"/>
</testsuite> <!-- com.timp.test.MDR.TabelasApoioESocial.Tabela21.NaturezaJuridicaVisualizar -->
