<?xml version="1.0" encoding="UTF-8"?>
<!-- Generated by org.testng.reporters.JUnitReportReporter -->
<testsuite hostname="DESKTOP-BNBDMGT" failures="0" tests="3" name="com.timp.test.MDR.DetalheTipoTributo.DetalheEditar" time="107.014" errors="0" timestamp="19 Jan 2021 21:41:03 GMT">
  <testcase classname="com.timp.test.MDR.DetalheTipoTributo.DetalheEditar" name="login" time="8.625"/>
  <testcase classname="com.timp.test.MDR.DetalheTipoTributo.DetalheEditar" name="editar" time="72.504"/>
  <testcase classname="com.timp.test.MDR.DetalheTipoTributo.DetalheEditar" name="acessarMDR" time="25.885"/>
</testsuite> <!-- com.timp.test.MDR.DetalheTipoTributo.DetalheEditar -->
