<?xml version="1.0" encoding="UTF-8"?>
<!-- Generated by org.testng.reporters.JUnitReportReporter -->
<testsuite hostname="DESKTOP-M23FVFN" failures="0" tests="1" name="com.timp.test.BRB.OutputAutomático" time="255.314" errors="0" timestamp="2022-10-25T14:40:44 BRT" skipped="0">
  <testcase classname="com.timp.test.BRB.OutputAutomático" name="outputAutomatico" time="255.314"/>
  <system-out/>
</testsuite> <!-- com.timp.test.BRB.OutputAutomático -->
