<?xml version="1.0" encoding="UTF-8"?>
<!-- Generated by org.testng.reporters.JUnitReportReporter -->
<testsuite hostname="DESKTOP-C57COV6" failures="0" tests="1" name="com.timp.test.BRB.CrescenteEDecrescente" time="318.155" errors="0" timestamp="11 may. 2021 04:24:08 GMT" skipped="0">
  <testcase classname="com.timp.test.BRB.CrescenteEDecrescente" name="crescenteEDecrescente" time="318.155"/>
</testsuite> <!-- com.timp.test.BRB.CrescenteEDecrescente -->
