<?xml version="1.0" encoding="UTF-8"?>
<!-- Generated by org.testng.reporters.JUnitReportReporter -->
<testsuite hostname="MIGUEL" failures="0" tests="3" name="com.timp.test.TDK.Dashboard.Lixeira.LixeiraFiltroId" time="54.403" errors="0" timestamp="11 mar. 2021 23:15:52 GMT" skipped="0">
  <testcase classname="com.timp.test.TDK.Dashboard.Lixeira.LixeiraFiltroId" name="login" time="9.549"/>
  <testcase classname="com.timp.test.TDK.Dashboard.Lixeira.LixeiraFiltroId" name="acessarTDK" time="20.819"/>
  <testcase classname="com.timp.test.TDK.Dashboard.Lixeira.LixeiraFiltroId" name="filtro" time="24.035"/>
</testsuite> <!-- com.timp.test.TDK.Dashboard.Lixeira.LixeiraFiltroId -->
