<?xml version="1.0" encoding="UTF-8"?>
<!-- Generated by org.testng.reporters.JUnitReportReporter -->
<testsuite hostname="DESKTOP-M23FVFN" failures="0" tests="2" name="com.timp.test.TFB.LivrosOficiais.LivrosOficiais" time="354.417" errors="0" timestamp="2022-08-17T12:03:21 CST" skipped="0">
  <testcase classname="com.timp.test.TFB.LivrosOficiais.LivrosOficiais" name="livrosOficias" time="52.105"/>
  <system-out/>
  <testcase classname="com.timp.test.TFB.LivrosOficiais.LivrosOficiais" name="livrosICMSDIFAL" time="302.312"/>
  <system-out/>
</testsuite> <!-- com.timp.test.TFB.LivrosOficiais.LivrosOficiais -->
