<?xml version="1.0" encoding="UTF-8"?>
<!-- Generated by org.testng.reporters.JUnitReportReporter -->
<testsuite hostname="LitoSoler" name="com.timp.test.BRB.Cabeçalho" tests="3" failures="0" timestamp="2 Jul 2020 16:22:00 GMT" time="76.601" errors="0">
  <testcase name="login" time="7.269" classname="com.timp.test.BRB.Cabeçalho"/>
  <testcase name="brbEntrar" time="12.136" classname="com.timp.test.BRB.Cabeçalho"/>
  <testcase name="cabeçalho" time="57.196" classname="com.timp.test.BRB.Cabeçalho"/>
</testsuite> <!-- com.timp.test.BRB.Cabeçalho -->
