<?xml version="1.0" encoding="UTF-8"?>
<!-- Generated by org.testng.reporters.JUnitReportReporter -->
<testsuite skipped="0" hostname="LitoSoler" name="com.timp.test.MDR.AtivaçaoParaMunicipio.AtivaçaoParaMunicipioVisualizar" tests="1" failures="0" timestamp="24 feb 2021 16:56:24 GMT" time="66.928" errors="0">
  <testcase name="visualizar" time="66.928" classname="com.timp.test.MDR.AtivaçaoParaMunicipio.AtivaçaoParaMunicipioVisualizar"/>
</testsuite> <!-- com.timp.test.MDR.AtivaçaoParaMunicipio.AtivaçaoParaMunicipioVisualizar -->
