<?xml version="1.0" encoding="UTF-8"?>
<!-- Generated by org.testng.reporters.JUnitReportReporter -->
<testsuite hostname="DESKTOP-M23FVFN" failures="0" tests="1" name="com.timp.test.MDR.TabelasComplementaresParaObrigaçoesAcessorias.TabelaDaReceitasPermitidas.TabelaReceitasPermitidasExcluir" time="79.983" errors="0" timestamp="11 mar. 2022 15:49:55 GMT" skipped="0">
  <testcase classname="com.timp.test.MDR.TabelasComplementaresParaObrigaçoesAcessorias.TabelaDaReceitasPermitidas.TabelaReceitasPermitidasExcluir" name="excluir" time="79.983"/>
</testsuite> <!-- com.timp.test.MDR.TabelasComplementaresParaObrigaçoesAcessorias.TabelaDaReceitasPermitidas.TabelaReceitasPermitidasExcluir -->
