<?xml version="1.0" encoding="UTF-8"?>
<!-- Generated by org.testng.reporters.JUnitReportReporter -->
<testsuite hostname="DESKTOP-M23FVFN" failures="0" tests="1" name="com.timp.test.MDR.TabelasComplementaresParaObrigaçoesAcessorias.AgrupadorDeCFOP.AgrupadorDeCFOPDetalhes" time="188.764" errors="0" timestamp="21 ene. 2022 22:12:54 GMT" skipped="0">
  <testcase classname="com.timp.test.MDR.TabelasComplementaresParaObrigaçoesAcessorias.AgrupadorDeCFOP.AgrupadorDeCFOPDetalhes" name="detalhes" time="188.764"/>
</testsuite> <!-- com.timp.test.MDR.TabelasComplementaresParaObrigaçoesAcessorias.AgrupadorDeCFOP.AgrupadorDeCFOPDetalhes -->
