<?xml version="1.0" encoding="UTF-8"?>
<!-- Generated by org.testng.reporters.JUnitReportReporter -->
<testsuite hostname="DESKTOP-M23FVFN" failures="0" tests="1" name="com.timp.test.ADM.Configuração.ManuaisDeComponente.ManuaisDeComponenteEditar" time="95.810" errors="0" timestamp="09 feb. 2022 14:01:54 GMT" skipped="0">
  <testcase classname="com.timp.test.ADM.Configuração.ManuaisDeComponente.ManuaisDeComponenteEditar" name="editar" time="95.810"/>
</testsuite> <!-- com.timp.test.ADM.Configuração.ManuaisDeComponente.ManuaisDeComponenteEditar -->
