<?xml version="1.0" encoding="UTF-8"?>
<!-- Generated by org.testng.reporters.JUnitReportReporter -->
<testsuite hostname="MIGUEL" failures="0" tests="3" name="com.timp.test.BRE.RegrasdeAuditoriaN1.RegrasdeAuditoriaN1EdiçãoSimula" time="165.816" errors="0" timestamp="8 Jan 2021 03:49:04 GMT">
  <testcase classname="com.timp.test.BRE.RegrasdeAuditoriaN1.RegrasdeAuditoriaN1EdiçãoSimula" name="editar" time="138.629"/>
  <testcase classname="com.timp.test.BRE.RegrasdeAuditoriaN1.RegrasdeAuditoriaN1EdiçãoSimula" name="acessarBRE" time="15.707"/>
  <testcase classname="com.timp.test.BRE.RegrasdeAuditoriaN1.RegrasdeAuditoriaN1EdiçãoSimula" name="login" time="11.480"/>
</testsuite> <!-- com.timp.test.BRE.RegrasdeAuditoriaN1.RegrasdeAuditoriaN1EdiçãoSimula -->
