<?xml version="1.0" encoding="UTF-8"?>
<!-- Generated by org.testng.reporters.JUnitReportReporter -->
<testsuite hostname="LitoSoler" name="com.timp.test.MDR.TabelasComplementaresParaObrigaçoesAcessorias.TabelaReceitasPermitidas.TabelaReceitasPermitidasCriar" tests="3" failures="0" timestamp="17 Sep 2020 20:58:56 GMT" time="78.604" errors="0">
  <testcase name="acessarMDR" time="9.098" classname="com.timp.test.MDR.TabelasComplementaresParaObrigaçoesAcessorias.TabelaReceitasPermitidas.TabelaReceitasPermitidasCriar"/>
  <testcase name="login" time="8.026" classname="com.timp.test.MDR.TabelasComplementaresParaObrigaçoesAcessorias.TabelaReceitasPermitidas.TabelaReceitasPermitidasCriar"/>
  <testcase name="criar" time="61.480" classname="com.timp.test.MDR.TabelasComplementaresParaObrigaçoesAcessorias.TabelaReceitasPermitidas.TabelaReceitasPermitidasCriar"/>
</testsuite> <!-- com.timp.test.MDR.TabelasComplementaresParaObrigaçoesAcessorias.TabelaReceitasPermitidas.TabelaReceitasPermitidasCriar -->
