<?xml version="1.0" encoding="UTF-8"?>
<!-- Generated by org.testng.reporters.JUnitReportReporter -->
<testsuite hostname="DESKTOP-M23FVFN" failures="0" tests="3" name="com.timp.test.BRB.Formula" time="196.659" errors="0" timestamp="2022-07-05T14:22:13 CST" skipped="0">
  <testcase classname="com.timp.test.BRB.Formula" name="aplicar" time="3.039"/>
  <system-out/>
  <testcase classname="com.timp.test.BRB.Formula" name="formulaBoton" time="105.853"/>
  <system-out/>
  <testcase classname="com.timp.test.BRB.Formula" name="formulaColuna" time="87.767"/>
  <system-out/>
</testsuite> <!-- com.timp.test.BRB.Formula -->
