<?xml version="1.0" encoding="UTF-8"?>
<!-- Generated by org.testng.reporters.JUnitReportReporter -->
<testsuite hostname="DESKTOP-35UG9UP" name="com.timp.test.MDR.TabelasApoioSped.CodigoTipoCredito.InformaçoesAdicionaisDetalhes" tests="3" failures="0" timestamp="6 Aug 2020 17:35:36 GMT" time="62.250" errors="0">
  <testcase name="login" time="9.440" classname="com.timp.test.MDR.TabelasApoioSped.CodigoTipoCredito.InformaçoesAdicionaisDetalhes"/>
  <testcase name="acessarMDR" time="10.927" classname="com.timp.test.MDR.TabelasApoioSped.CodigoTipoCredito.InformaçoesAdicionaisDetalhes"/>
  <testcase name="Visualizar" time="41.883" classname="com.timp.test.MDR.TabelasApoioSped.CodigoTipoCredito.InformaçoesAdicionaisDetalhes"/>
</testsuite> <!-- com.timp.test.MDR.TabelasApoioSped.CodigoTipoCredito.InformaçoesAdicionaisDetalhes -->
