<?xml version="1.0" encoding="UTF-8"?>
<!-- Generated by org.testng.reporters.JUnitReportReporter -->
<testsuite hostname="EC2AMAZ-8HCHO4G" failures="0" tests="11" name="com.timp.test.DFG.LeiautesExecução.LeiautesExecucaoFuncionalidades4" time="526.381" errors="0" timestamp="2023-06-14T21:23:56 UTC" skipped="0">
  <testcase classname="com.timp.test.DFG.LeiautesExecução.LeiautesExecucaoFuncionalidades4" name="ingresar" time="6.332"/>
  <system-out/>
  <testcase classname="com.timp.test.DFG.LeiautesExecução.LeiautesExecucaoFuncionalidades4" name="mdrEntrar" time="16.619"/>
  <system-out/>
  <testcase classname="com.timp.test.DFG.LeiautesExecução.LeiautesExecucaoFuncionalidades4" name="criar" time="48.458"/>
  <system-out/>
  <testcase classname="com.timp.test.DFG.LeiautesExecução.LeiautesExecucaoFuncionalidades4" name="separadores" time="90.479"/>
  <system-out/>
  <testcase classname="com.timp.test.DFG.LeiautesExecução.LeiautesExecucaoFuncionalidades4" name="dataInicialDeReferencia" time="147.499"/>
  <system-out/>
  <testcase classname="com.timp.test.DFG.LeiautesExecução.LeiautesExecucaoFuncionalidades4" name="saltodeLinha" time="24.841"/>
  <system-out/>
  <testcase classname="com.timp.test.DFG.LeiautesExecução.LeiautesExecucaoFuncionalidades4" name="dataFinalDeReferencia" time="39.135"/>
  <system-out/>
  <testcase classname="com.timp.test.DFG.LeiautesExecução.LeiautesExecucaoFuncionalidades4" name="versao" time="26.801"/>
  <system-out/>
  <testcase classname="com.timp.test.DFG.LeiautesExecução.LeiautesExecucaoFuncionalidades4" name="horaDaExecucao" time="38.327"/>
  <system-out/>
  <testcase classname="com.timp.test.DFG.LeiautesExecução.LeiautesExecucaoFuncionalidades4" name="dataDaExecucao" time="40.568"/>
  <system-out/>
  <testcase classname="com.timp.test.DFG.LeiautesExecução.LeiautesExecucaoFuncionalidades4" name="periodoDaReferencia" time="47.322"/>
  <system-out/>
</testsuite> <!-- com.timp.test.DFG.LeiautesExecução.LeiautesExecucaoFuncionalidades4 -->
