<?xml version="1.0" encoding="UTF-8"?>
<!-- Generated by org.testng.reporters.JUnitReportReporter -->
<testsuite hostname="DESKTOP-C57COV6" failures="0" tests="2" name="com.timp.test.MDR.CEP.Municipio.MunicipioExcluirMassa" time="208.201" errors="0" timestamp="30 sep. 2021 14:55:02 GMT" skipped="0">
  <testcase classname="com.timp.test.MDR.CEP.Municipio.MunicipioExcluirMassa" name="criar" time="150.808"/>
  <testcase classname="com.timp.test.MDR.CEP.Municipio.MunicipioExcluirMassa" name="excluirMassa" time="57.393"/>
</testsuite> <!-- com.timp.test.MDR.CEP.Municipio.MunicipioExcluirMassa -->
