<?xml version="1.0" encoding="UTF-8"?>
<!-- Generated by org.testng.reporters.JUnitReportReporter -->
<testsuite hostname="LitoSoler" name="com.timp.test.MDR.ThinCapitalization.Emprestimos.EmprestimosCriar" tests="3" failures="0" timestamp="22 Jan 2021 23:01:17 GMT" time="107.530" errors="0">
  <testcase name="login" time="7.343" classname="com.timp.test.MDR.ThinCapitalization.Emprestimos.EmprestimosCriar"/>
  <testcase name="acessarMDR" time="21.278" classname="com.timp.test.MDR.ThinCapitalization.Emprestimos.EmprestimosCriar"/>
  <testcase name="criarEmprestimos" time="78.909" classname="com.timp.test.MDR.ThinCapitalization.Emprestimos.EmprestimosCriar"/>
</testsuite> <!-- com.timp.test.MDR.ThinCapitalization.Emprestimos.EmprestimosCriar -->
