<?xml version="1.0" encoding="UTF-8"?>
<!-- Generated by org.testng.reporters.JUnitReportReporter -->
<testsuite hostname="LAPTOP-IN7IV9K5" failures="0" tests="3" name="com.timp.test.DFG.Configuracoes.ConfiguracoesFavoritos" time="107.373" errors="0" timestamp="14 jun. 2021 04:55:47 GMT" skipped="0">
  <testcase classname="com.timp.test.DFG.Configuracoes.ConfiguracoesFavoritos" name="ingresar" time="7.224"/>
  <testcase classname="com.timp.test.DFG.Configuracoes.ConfiguracoesFavoritos" name="mdrEntrar" time="21.701"/>
  <testcase classname="com.timp.test.DFG.Configuracoes.ConfiguracoesFavoritos" name="favoritos" time="78.448"/>
</testsuite> <!-- com.timp.test.DFG.Configuracoes.ConfiguracoesFavoritos -->
