<?xml version="1.0" encoding="UTF-8"?>
<!-- Generated by org.testng.reporters.JUnitReportReporter -->
<testsuite hostname="EC2AMAZ-8HCHO4G" failures="0" tests="3" name="com.timp.test.SCANC.ArquivosImportados.ArquivosImportadosFiltrosAvancados" time="78.034" errors="0" timestamp="2023-05-18T21:42:59 UTC" skipped="0">
  <testcase classname="com.timp.test.SCANC.ArquivosImportados.ArquivosImportadosFiltrosAvancados" name="ingresar" time="5.962"/>
  <system-out/>
  <testcase classname="com.timp.test.SCANC.ArquivosImportados.ArquivosImportadosFiltrosAvancados" name="scancEntrar" time="16.220"/>
  <system-out/>
  <testcase classname="com.timp.test.SCANC.ArquivosImportados.ArquivosImportadosFiltrosAvancados" name="filtrosAvancados" time="55.852"/>
  <system-out/>
</testsuite> <!-- com.timp.test.SCANC.ArquivosImportados.ArquivosImportadosFiltrosAvancados -->
