<?xml version="1.0" encoding="UTF-8"?>
<!-- Generated by org.testng.reporters.JUnitReportReporter -->
<testsuite hostname="DESKTOP-BNBDMGT" failures="0" tests="3" name="com.timp.test.TCC.GestaoDeCreditoTributarioPIS.ConfiguracaoEExecucao.Registro1100.Registro1100Criar" time="147.354" errors="0" timestamp="27 Jan 2021 03:44:39 GMT">
  <testcase classname="com.timp.test.TCC.GestaoDeCreditoTributarioPIS.ConfiguracaoEExecucao.Registro1100.Registro1100Criar" name="acessarTCC" time="29.781"/>
  <testcase classname="com.timp.test.TCC.GestaoDeCreditoTributarioPIS.ConfiguracaoEExecucao.Registro1100.Registro1100Criar" name="login" time="16.704"/>
  <testcase classname="com.timp.test.TCC.GestaoDeCreditoTributarioPIS.ConfiguracaoEExecucao.Registro1100.Registro1100Criar" name="criar" time="100.869"/>
</testsuite> <!-- com.timp.test.TCC.GestaoDeCreditoTributarioPIS.ConfiguracaoEExecucao.Registro1100.Registro1100Criar -->
