<?xml version="1.0" encoding="UTF-8"?>
<!-- Generated by org.testng.reporters.JUnitReportReporter -->
<testsuite hostname="Agile" failures="0" tests="1" name="com.timp.test.MDR.DetalheTipoTributo.DetalheFiltroId" time="136.522" errors="0" timestamp="12 mar. 2022 07:48:40 GMT" skipped="0">
  <testcase classname="com.timp.test.MDR.DetalheTipoTributo.DetalheFiltroId" name="filtroId" time="136.522"/>
</testsuite> <!-- com.timp.test.MDR.DetalheTipoTributo.DetalheFiltroId -->
