<?xml version="1.0" encoding="UTF-8"?>
<!-- Generated by org.testng.reporters.JUnitReportReporter -->
<testsuite hostname="MIGUEL" failures="0" tests="1" name="com.timp.test.BRE.CalculoDeTributos.Edicao.CálculodeTributosEdiçãoEstruturas" time="332.675" errors="0" timestamp="15 abr. 2021 20:40:35 GMT" skipped="0">
  <testcase classname="com.timp.test.BRE.CalculoDeTributos.Edicao.CálculodeTributosEdiçãoEstruturas" name="editar" time="332.675"/>
</testsuite> <!-- com.timp.test.BRE.CalculoDeTributos.Edicao.CálculodeTributosEdiçãoEstruturas -->
