<?xml version="1.0" encoding="UTF-8"?>
<!-- Generated by org.testng.reporters.JUnitReportReporter -->
<testsuite hostname="CRISTHIAN-VASQUEZ" failures="0" tests="3" name="com.timp.test.TDK.Kpis.KpisLixeira" time="86.135" errors="0" timestamp="22 feb. 2021 18:43:18 GMT" skipped="0">
  <testcase classname="com.timp.test.TDK.Kpis.KpisLixeira" name="login" time="8.026"/>
  <testcase classname="com.timp.test.TDK.Kpis.KpisLixeira" name="acessarTDK" time="23.124"/>
  <testcase classname="com.timp.test.TDK.Kpis.KpisLixeira" name="lixeira" time="54.985"/>
</testsuite> <!-- com.timp.test.TDK.Kpis.KpisLixeira -->
