<?xml version="1.0" encoding="UTF-8"?>
<!-- Generated by org.testng.reporters.JUnitReportReporter -->
<testsuite hostname="DESKTOP-C57COV6" failures="0" tests="1" name="com.timp.test.BRB.AdicionarColunas" time="167.085" errors="0" timestamp="05 jul. 2021 15:24:51 GMT" skipped="0">
  <testcase classname="com.timp.test.BRB.AdicionarColunas" name="adicionarColunas" time="167.085"/>
</testsuite> <!-- com.timp.test.BRB.AdicionarColunas -->
