<?xml version="1.0" encoding="UTF-8"?>
<!-- Generated by org.testng.reporters.JUnitReportReporter -->
<<<<<<< HEAD
<<<<<<< HEAD
<testsuite hostname="DESKTOP-JP1A9E6" failures="0" tests="1" name="com.timp.test.MDR.TabelasApoioSped.CodigoContribuiçaoSocialApurada.CodigoContribuiçaoSocialApuradaExcluir" time="73.757" errors="0" timestamp="26 may. 2021 17:38:03 GMT" skipped="0">
  <testcase classname="com.timp.test.MDR.TabelasApoioSped.CodigoContribuiçaoSocialApurada.CodigoContribuiçaoSocialApuradaExcluir" name="excluir" time="73.757"/>
=======
<testsuite hostname="LAPTOP-IN7IV9K5" failures="0" tests="1" name="com.timp.test.MDR.TabelasApoioSped.CodigoContribuiçaoSocialApurada.CodigoContribuiçaoSocialApuradaExcluir" time="85.711" errors="0" timestamp="25 jun. 2021 11:15:11 GMT" skipped="0">
  <testcase classname="com.timp.test.MDR.TabelasApoioSped.CodigoContribuiçaoSocialApurada.CodigoContribuiçaoSocialApuradaExcluir" name="excluir" time="85.711"/>
>>>>>>> refs/remotes/origin/Kenssy
=======
<testsuite hostname="DESKTOP-JP1A9E6" failures="0" tests="1" name="com.timp.test.MDR.TabelasApoioSped.CodigoContribuiçaoSocialApurada.CodigoContribuiçaoSocialApuradaExcluir" time="118.873" errors="0" timestamp="15 sep. 2021 19:11:28 GMT" skipped="0">
  <testcase classname="com.timp.test.MDR.TabelasApoioSped.CodigoContribuiçaoSocialApurada.CodigoContribuiçaoSocialApuradaExcluir" name="excluir" time="118.873"/>
>>>>>>> refs/remotes/origin/Yessy
</testsuite> <!-- com.timp.test.MDR.TabelasApoioSped.CodigoContribuiçaoSocialApurada.CodigoContribuiçaoSocialApuradaExcluir -->
