<?xml version="1.0" encoding="UTF-8"?>
<!-- Generated by org.testng.reporters.JUnitReportReporter -->
<testsuite hostname="EC2AMAZ-8HCHO4G" failures="0" tests="1" name="com.timp.test.BRE.RegrasdeAuditoriaN1.ParametrosGerais.RegrasDeAuditoriaN1Criar" time="266.018" errors="0" timestamp="2024-05-10T18:33:03 UTC" skipped="0">
  <testcase classname="com.timp.test.BRE.RegrasdeAuditoriaN1.ParametrosGerais.RegrasDeAuditoriaN1Criar" name="criar" time="266.018"/>
  <system-out/>
</testsuite> <!-- com.timp.test.BRE.RegrasdeAuditoriaN1.ParametrosGerais.RegrasDeAuditoriaN1Criar -->
