<?xml version="1.0" encoding="UTF-8"?>
<!-- Generated by org.testng.reporters.JUnitReportReporter -->
<testsuite hostname="DESKTOP-C57COV6" failures="0" tests="2" name="com.timp.test.TDK.Kpis.KpisCriarCopia" time="336.317" errors="0" timestamp="06 sep. 2021 15:18:31 GMT" skipped="0">
  <testcase classname="com.timp.test.TDK.Kpis.KpisCriarCopia" name="comparar" time="168.722"/>
  <testcase classname="com.timp.test.TDK.Kpis.KpisCriarCopia" name="criarCopia" time="167.595"/>
</testsuite> <!-- com.timp.test.TDK.Kpis.KpisCriarCopia -->
