<?xml version="1.0" encoding="UTF-8"?>
<!-- Generated by org.testng.reporters.JUnitReportReporter -->
<testsuite hostname="DESKTOP-M23FVFN" failures="0" tests="1" name="com.timp.test.MDR.TabelasApoioSped.InformaçoesAdicionais.InformaçoesAdicionaisExcluirEmMassa" time="217.822" errors="0" timestamp="21 ene. 2022 17:11:48 GMT" skipped="0">
  <testcase classname="com.timp.test.MDR.TabelasApoioSped.InformaçoesAdicionais.InformaçoesAdicionaisExcluirEmMassa" name="criar" time="217.822"/>
</testsuite> <!-- com.timp.test.MDR.TabelasApoioSped.InformaçoesAdicionais.InformaçoesAdicionaisExcluirEmMassa -->
