<?xml version="1.0" encoding="UTF-8"?>
<!-- Generated by org.testng.reporters.JUnitReportReporter -->
<testsuite hostname="CRISTHIAN-VASQUEZ" failures="0" tests="3" name="com.timp.test.TPC.ParâmetrosGeraisCancelar" time="80.500" errors="0" timestamp="18 Jan 2021 00:30:07 GMT">
  <testcase classname="com.timp.test.TPC.ParâmetrosGeraisCancelar" name="ingresar" time="6.979"/>
  <testcase classname="com.timp.test.TPC.ParâmetrosGeraisCancelar" name="ingresarTPC" time="28.847"/>
  <testcase classname="com.timp.test.TPC.ParâmetrosGeraisCancelar" name="aprovado" time="44.674"/>
</testsuite> <!-- com.timp.test.TPC.ParâmetrosGeraisCancelar -->
