<?xml version="1.0" encoding="UTF-8"?>
<!-- Generated by org.testng.reporters.JUnitReportReporter -->
<testsuite hostname="EC2AMAZ-8HCHO4G" failures="0" tests="3" name="com.timp.test.BRB.Formula" time="189.192" errors="0" timestamp="2024-05-29T20:53:10 UTC" skipped="0">
  <testcase classname="com.timp.test.BRB.Formula" name="aplicar" time="14.818"/>
  <system-out/>
  <testcase classname="com.timp.test.BRB.Formula" name="formulaBoton" time="113.804"/>
  <system-out/>
  <testcase classname="com.timp.test.BRB.Formula" name="formulaColuna" time="60.570"/>
  <system-out/>
</testsuite> <!-- com.timp.test.BRB.Formula -->
