<?xml version="1.0" encoding="UTF-8"?>
<!-- Generated by org.testng.reporters.JUnitReportReporter -->
<testsuite hostname="DESKTOP-C57COV6" failures="0" tests="1" name="com.timp.test.TDK.Dashboard.DashboardPublicos.DashboardFiltroPorID" time="1778.266" errors="0" timestamp="22 oct. 2021 21:13:45 GMT" skipped="0">
  <testcase classname="com.timp.test.TDK.Dashboard.DashboardPublicos.DashboardFiltroPorID" name="filtro" time="1778.266"/>
</testsuite> <!-- com.timp.test.TDK.Dashboard.DashboardPublicos.DashboardFiltroPorID -->
