<?xml version="1.0" encoding="UTF-8"?>
<!-- Generated by org.testng.reporters.JUnitReportReporter -->
<testsuite hostname="Agile" failures="0" tests="1" name="com.timp.test.MDR.TabelasApoioSped.ObservaçoesdoDocumentoFiscal.ObserbaçoesdoDocumentoFiscalExcluir" time="158.260" errors="0" timestamp="31 ene. 2022 04:38:48 GMT" skipped="0">
  <testcase classname="com.timp.test.MDR.TabelasApoioSped.ObservaçoesdoDocumentoFiscal.ObserbaçoesdoDocumentoFiscalExcluir" name="excluir" time="158.260"/>
</testsuite> <!-- com.timp.test.MDR.TabelasApoioSped.ObservaçoesdoDocumentoFiscal.ObserbaçoesdoDocumentoFiscalExcluir -->
