<?xml version="1.0" encoding="UTF-8"?>
<!-- Generated by org.testng.reporters.JUnitReportReporter -->
<testsuite hostname="EC2AMAZ-8HCHO4G" failures="0" tests="1" name="com.timp.test.TFP.Configuracoes.Configuracoes.Periodo.ConfiguracoesPeríodoVer" time="61.646" errors="0" timestamp="2024-01-31T22:32:51 UTC" skipped="0">
  <testcase classname="com.timp.test.TFP.Configuracoes.Configuracoes.Periodo.ConfiguracoesPeríodoVer" name="ver" time="61.646"/>
  <system-out/>
</testsuite> <!-- com.timp.test.TFP.Configuracoes.Configuracoes.Periodo.ConfiguracoesPeríodoVer -->
