<?xml version="1.0" encoding="UTF-8"?>
<!-- Generated by org.testng.reporters.JUnitReportReporter -->
<testsuite hostname="DESKTOP-M23FVFN" failures="0" tests="1" name="com.timp.test.TFP.Configurações.Configurações.Subperíodo.SubperíodoExcluir" time="78.381" errors="0" timestamp="2022-12-28T15:35:36 BRT" skipped="0">
  <testcase classname="com.timp.test.TFP.Configurações.Configurações.Subperíodo.SubperíodoExcluir" name="excluir" time="78.381"/>
  <system-out/>
</testsuite> <!-- com.timp.test.TFP.Configurações.Configurações.Subperíodo.SubperíodoExcluir -->
