<?xml version="1.0" encoding="UTF-8"?>
<!-- Generated by org.testng.reporters.JUnitReportReporter -->
<testsuite hostname="LitoSoler" name="com.timp.test.MDR.SCANC.MovimentoSCANC.MovimentoSCANCCriar" tests="3" failures="0" timestamp="3 Sep 2020 17:03:11 GMT" time="100.247" errors="0">
  <testcase name="criar" time="69.613" classname="com.timp.test.MDR.SCANC.MovimentoSCANC.MovimentoSCANCCriar"/>
  <testcase name="login" time="6.006" classname="com.timp.test.MDR.SCANC.MovimentoSCANC.MovimentoSCANCCriar"/>
  <testcase name="acessarMDR" time="24.628" classname="com.timp.test.MDR.SCANC.MovimentoSCANC.MovimentoSCANCCriar"/>
</testsuite> <!-- com.timp.test.MDR.SCANC.MovimentoSCANC.MovimentoSCANCCriar -->
