<?xml version="1.0" encoding="UTF-8"?>
<!-- Generated by org.testng.reporters.JUnitReportReporter -->
<testsuite hostname="MassielV" failures="0" tests="1" name="com.timp.test.BRB.OutputdeReferência" time="206.353" errors="0" timestamp="10 nov. 2021 22:57:29 GMT" skipped="0">
  <testcase classname="com.timp.test.BRB.OutputdeReferência" name="outputReferencia" time="206.353"/>
</testsuite> <!-- com.timp.test.BRB.OutputdeReferência -->
