<?xml version="1.0" encoding="UTF-8"?>
<!-- Generated by org.testng.reporters.JUnitReportReporter -->
<testsuite hostname="LitoSoler" name="com.timp.test.BRB.AtivarComentario" tests="3" failures="0" timestamp="2 Dec 2020 21:51:26 GMT" time="84.436" errors="0">
  <testcase name="login" time="7.583" classname="com.timp.test.BRB.AtivarComentario"/>
  <testcase name="ativarComentarios" time="50.876" classname="com.timp.test.BRB.AtivarComentario"/>
  <testcase name="brbEntrar" time="25.977" classname="com.timp.test.BRB.AtivarComentario"/>
</testsuite> <!-- com.timp.test.BRB.AtivarComentario -->
