<?xml version="1.0" encoding="UTF-8"?>
<!-- Generated by org.testng.reporters.JUnitReportReporter -->
<testsuite hostname="LitoSoler" name="com.timp.test.MDR.TabelaDeApoioECF.TabelaDeApoioECFVisualizar" tests="3" failures="0" timestamp="8 Oct 2020 22:04:07 GMT" time="95.106" errors="0">
  <testcase name="login" time="14.400" classname="com.timp.test.MDR.TabelaDeApoioECF.TabelaDeApoioECFVisualizar"/>
  <testcase name="acessarMDR" time="18.389" classname="com.timp.test.MDR.TabelaDeApoioECF.TabelaDeApoioECFVisualizar"/>
  <testcase name="Visualizar" time="62.317" classname="com.timp.test.MDR.TabelaDeApoioECF.TabelaDeApoioECFVisualizar"/>
</testsuite> <!-- com.timp.test.MDR.TabelaDeApoioECF.TabelaDeApoioECFVisualizar -->
