<?xml version="1.0" encoding="UTF-8"?>
<!-- Generated by org.testng.reporters.JUnitReportReporter -->
<testsuite hostname="DESKTOP-BNBDMGT" failures="0" tests="3" name="com.timp.test.LOG.LogDeAções.LogDeAçõesDetalhes" time="37.982" errors="0" timestamp="29 Jan 2021 02:26:50 GMT">
  <testcase classname="com.timp.test.LOG.LogDeAções.LogDeAçõesDetalhes" name="Detalle" time="14.125"/>
  <testcase classname="com.timp.test.LOG.LogDeAções.LogDeAçõesDetalhes" name="login" time="6.962"/>
  <testcase classname="com.timp.test.LOG.LogDeAções.LogDeAçõesDetalhes" name="AcessarLOG" time="16.895"/>
</testsuite> <!-- com.timp.test.LOG.LogDeAções.LogDeAçõesDetalhes -->
