<?xml version="1.0" encoding="UTF-8"?>
<!-- Generated by org.testng.reporters.JUnitReportReporter -->
<testsuite hostname="MassielV" failures="0" tests="2" name="com.timp.test.MDR.Siscoserv.RegistroRVS.RegistroRVSExcluirEmMassa" time="321.449" errors="0" timestamp="18 nov. 2021 01:39:56 GMT" skipped="0">
  <testcase classname="com.timp.test.MDR.Siscoserv.RegistroRVS.RegistroRVSExcluirEmMassa" name="excluirEmMassa" time="48.116"/>
  <testcase classname="com.timp.test.MDR.Siscoserv.RegistroRVS.RegistroRVSExcluirEmMassa" name="criar" time="273.333"/>
</testsuite> <!-- com.timp.test.MDR.Siscoserv.RegistroRVS.RegistroRVSExcluirEmMassa -->
