<?xml version="1.0" encoding="UTF-8"?>
<!-- Generated by org.testng.reporters.JUnitReportReporter -->
<testsuite hostname="DESKTOP-M23FVFN" failures="0" tests="2" name="com.timp.test.BRB.GruposAvancados" time="463.057" errors="0" timestamp="09 feb. 2022 15:33:56 GMT" skipped="0">
  <testcase classname="com.timp.test.BRB.GruposAvancados" name="gruposAvanzados" time="411.081"/>
  <testcase classname="com.timp.test.BRB.GruposAvancados" name="eliminarGrupos" time="51.976"/>
</testsuite> <!-- com.timp.test.BRB.GruposAvancados -->
