<?xml version="1.0" encoding="UTF-8"?>
<!-- Generated by org.testng.reporters.JUnitReportReporter -->
<testsuite hostname="DESKTOP-BNBDMGT" failures="0" tests="3" name="com.timp.test.MDR.SCANC.MovimentoSCANC.MovimentoSCANCExcluirMasas" time="151.787" errors="0" timestamp="4 Jan 2021 07:05:40 GMT">
  <testcase classname="com.timp.test.MDR.SCANC.MovimentoSCANC.MovimentoSCANCExcluirMasas" name="login" time="7.197"/>
  <testcase classname="com.timp.test.MDR.SCANC.MovimentoSCANC.MovimentoSCANCExcluirMasas" name="criar" time="119.265"/>
  <testcase classname="com.timp.test.MDR.SCANC.MovimentoSCANC.MovimentoSCANCExcluirMasas" name="acessarMDR" time="25.325"/>
</testsuite> <!-- com.timp.test.MDR.SCANC.MovimentoSCANC.MovimentoSCANCExcluirMasas -->
