<?xml version="1.0" encoding="UTF-8"?>
<!-- Generated by org.testng.reporters.JUnitReportReporter -->
<testsuite hostname="DESKTOP-C57COV6" failures="0" tests="1" name="com.timp.test.TDK.Kpis.Edicao.KpisTabelas" time="251.751" errors="0" timestamp="07 sep. 2021 00:32:55 GMT" skipped="0">
  <testcase classname="com.timp.test.TDK.Kpis.Edicao.KpisTabelas" name="criar" time="251.751"/>
</testsuite> <!-- com.timp.test.TDK.Kpis.Edicao.KpisTabelas -->
