<?xml version="1.0" encoding="UTF-8"?>
<!-- Generated by org.testng.reporters.JUnitReportReporter -->
<testsuite hostname="DESKTOP-35UG9UP" name="com.timp.test.MDR.TabelasApoioSped.CodigoTipoCredito.CodigoTipoCreditoFiltrosAvançados" tests="3" failures="0" timestamp="4 Aug 2020 21:40:14 GMT" time="55.023" errors="0">
  <testcase name="login" time="9.671" classname="com.timp.test.MDR.TabelasApoioSped.CodigoTipoCredito.CodigoTipoCreditoFiltrosAvançados"/>
  <testcase name="acessarMDR" time="12.174" classname="com.timp.test.MDR.TabelasApoioSped.CodigoTipoCredito.CodigoTipoCreditoFiltrosAvançados"/>
  <testcase name="criar" time="33.178" classname="com.timp.test.MDR.TabelasApoioSped.CodigoTipoCredito.CodigoTipoCreditoFiltrosAvançados"/>
</testsuite> <!-- com.timp.test.MDR.TabelasApoioSped.CodigoTipoCredito.CodigoTipoCreditoFiltrosAvançados -->
