<?xml version="1.0" encoding="UTF-8"?>
<!-- Generated by org.testng.reporters.JUnitReportReporter -->
<testsuite hostname="MassielV" failures="0" tests="1" name="com.timp.test.MDR.ICMSSTTransporte.ICMSSTTransporteFiltroID" time="78.691" errors="0" timestamp="25 nov. 2021 09:03:54 GMT" skipped="0">
  <testcase classname="com.timp.test.MDR.ICMSSTTransporte.ICMSSTTransporteFiltroID" name="filtro" time="78.691"/>
</testsuite> <!-- com.timp.test.MDR.ICMSSTTransporte.ICMSSTTransporteFiltroID -->
