<?xml version="1.0" encoding="UTF-8"?>
<!-- Generated by org.testng.reporters.JUnitReportReporter -->
<testsuite hostname="Agile" failures="0" tests="1" name="com.timp.test.MDR.DetalheTipoTributo.DetalheCriar" time="135.948" errors="0" timestamp="06 ene. 2022 11:39:23 GMT" skipped="0">
  <testcase classname="com.timp.test.MDR.DetalheTipoTributo.DetalheCriar" name="criar" time="135.948"/>
</testsuite> <!-- com.timp.test.MDR.DetalheTipoTributo.DetalheCriar -->
