<?xml version="1.0" encoding="UTF-8"?>
<!-- Generated by org.testng.reporters.JUnitReportReporter -->
<testsuite hostname="LitoSoler" name="com.timp.test.BRB.ValidacaoEstruturas.ContasConsolidadasEliminacoesConsolidadas" tests="3" failures="0" timestamp="19 Jan 2021 20:18:04 GMT" time="93.723" errors="0">
  <testcase name="login" time="8.042" classname="com.timp.test.BRB.ValidacaoEstruturas.ContasConsolidadasEliminacoesConsolidadas"/>
  <testcase name="verificar" time="58.305" classname="com.timp.test.BRB.ValidacaoEstruturas.ContasConsolidadasEliminacoesConsolidadas"/>
  <testcase name="brbEntrar" time="27.376" classname="com.timp.test.BRB.ValidacaoEstruturas.ContasConsolidadasEliminacoesConsolidadas"/>
</testsuite> <!-- com.timp.test.BRB.ValidacaoEstruturas.ContasConsolidadasEliminacoesConsolidadas -->
