<?xml version="1.0" encoding="UTF-8"?>
<!-- Generated by org.testng.reporters.JUnitReportReporter -->
<testsuite hostname="LitoSoler" name="com.timp.test.MDR.Antecipacao.AntecipacaoCriar" tests="3" failures="0" timestamp="6 Aug 2020 17:35:54 GMT" time="163.075" errors="0">
  <testcase name="login" time="6.632" classname="com.timp.test.MDR.Antecipacao.AntecipacaoCriar"/>
  <testcase name="criar" time="133.350" classname="com.timp.test.MDR.Antecipacao.AntecipacaoCriar"/>
  <testcase name="acessarMDR" time="23.093" classname="com.timp.test.MDR.Antecipacao.AntecipacaoCriar"/>
</testsuite> <!-- com.timp.test.MDR.Antecipacao.AntecipacaoCriar -->
