<?xml version="1.0" encoding="UTF-8"?>
<!-- Generated by org.testng.reporters.JUnitReportReporter -->
<testsuite hostname="DESKTOP-5P4F1JE" failures="0" tests="3" name="com.timp.test.BRE.RegrasDeMensagens.RegraDeMensagensCriar" time="119.015" errors="0" timestamp="26 Nov 2020 17:53:32 GMT">
  <testcase classname="com.timp.test.BRE.RegrasDeMensagens.RegraDeMensagensCriar" name="criar" time="93.470"/>
  <testcase classname="com.timp.test.BRE.RegrasDeMensagens.RegraDeMensagensCriar" name="login" time="8.281"/>
  <testcase classname="com.timp.test.BRE.RegrasDeMensagens.RegraDeMensagensCriar" name="acessarBRE" time="17.264"/>
</testsuite> <!-- com.timp.test.BRE.RegrasDeMensagens.RegraDeMensagensCriar -->
