<?xml version="1.0" encoding="UTF-8"?>
<!-- Generated by org.testng.reporters.JUnitReportReporter -->
<testsuite hostname="LitoSoler" name="com.timp.test.MDR.TabelasApoioESocial.Tabela26.MotivosCesBeneficiosEliminar" tests="3" failures="0" timestamp="30 Jul 2020 01:05:24 GMT" time="44.521" errors="0">
  <testcase name="login" time="5.752" classname="com.timp.test.MDR.TabelasApoioESocial.Tabela26.MotivosCesBeneficiosEliminar"/>
  <testcase name="acessarMDR" time="7.457" classname="com.timp.test.MDR.TabelasApoioESocial.Tabela26.MotivosCesBeneficiosEliminar"/>
  <testcase name="criar" time="31.312" classname="com.timp.test.MDR.TabelasApoioESocial.Tabela26.MotivosCesBeneficiosEliminar"/>
</testsuite> <!-- com.timp.test.MDR.TabelasApoioESocial.Tabela26.MotivosCesBeneficiosEliminar -->
