<?xml version="1.0" encoding="UTF-8"?>
<!-- Generated by org.testng.reporters.JUnitReportReporter -->
<<<<<<< HEAD
<testsuite hostname="DESKTOP-NV7E9IV" name="com.timp.test.BRB.NovoRelatorio" tests="4" failures="0" timestamp="25 Aug 2020 17:04:01 GMT" time="126.126" errors="0">
  <testcase name="brbEntrar" time="20.678" classname="com.timp.test.BRB.NovoRelatorio"/>
  <testcase name="colunas" time="55.612" classname="com.timp.test.BRB.NovoRelatorio"/>
  <testcase name="login" time="8.935" classname="com.timp.test.BRB.NovoRelatorio"/>
  <testcase name="novoRelatorio" time="40.901" classname="com.timp.test.BRB.NovoRelatorio"/>
=======
<testsuite hostname="LitoSoler" name="com.timp.test.BRB.NovoRelatorio" tests="4" failures="0" timestamp="23 Sep 2020 22:05:36 GMT" time="142.459" errors="0">
  <testcase name="novoRelatorio" time="51.251" classname="com.timp.test.BRB.NovoRelatorio"/>
  <testcase name="colunas" time="64.280" classname="com.timp.test.BRB.NovoRelatorio"/>
  <testcase name="brbEntrar" time="19.702" classname="com.timp.test.BRB.NovoRelatorio"/>
  <testcase name="login" time="7.226" classname="com.timp.test.BRB.NovoRelatorio"/>
>>>>>>> branch 'master' of https://github.com/salc1997/TIMP_R1.git
</testsuite> <!-- com.timp.test.BRB.NovoRelatorio -->
