<?xml version="1.0" encoding="UTF-8"?>
<!-- Generated by org.testng.reporters.JUnitReportReporter -->
<testsuite hostname="DESKTOP-JP1A9E6" failures="0" tests="3" name="com.timp.test.BPMA.Processo.ParametrosGerais.ParametrosGeraisPesquisaPorNomeDeProcesso" time="44.105" errors="0" timestamp="27 ago. 2021 13:42:27 GMT" skipped="0">
  <testcase classname="com.timp.test.BPMA.Processo.ParametrosGerais.ParametrosGeraisPesquisaPorNomeDeProcesso" name="login" time="7.066"/>
  <testcase classname="com.timp.test.BPMA.Processo.ParametrosGerais.ParametrosGeraisPesquisaPorNomeDeProcesso" name="acessarBPMA" time="18.634"/>
  <testcase classname="com.timp.test.BPMA.Processo.ParametrosGerais.ParametrosGeraisPesquisaPorNomeDeProcesso" name="criar" time="18.405"/>
</testsuite> <!-- com.timp.test.BPMA.Processo.ParametrosGerais.ParametrosGeraisPesquisaPorNomeDeProcesso -->
