<?xml version="1.0" encoding="UTF-8"?>
<!-- Generated by org.testng.reporters.JUnitReportReporter -->
<testsuite hostname="MassielV" failures="0" tests="3" name="com.timp.test.BRB.Formula" time="200.347" errors="0" timestamp="25 nov. 2021 00:39:43 GMT" skipped="0">
  <testcase classname="com.timp.test.BRB.Formula" name="formulaColuna" time="92.255"/>
  <testcase classname="com.timp.test.BRB.Formula" name="aplicar" time="10.146"/>
  <testcase classname="com.timp.test.BRB.Formula" name="formulaBoton" time="97.946"/>
</testsuite> <!-- com.timp.test.BRB.Formula -->
