<?xml version="1.0" encoding="UTF-8"?>
<!-- Generated by org.testng.reporters.JUnitReportReporter -->
<testsuite hostname="DESKTOP-M23FVFN" failures="0" tests="3" name="com.timp.test.LOG.LogDeAções.LogDeAçõesDetalhes" time="1020.378" errors="0" timestamp="2022-06-20T19:20:34 CST" skipped="0">
  <testcase classname="com.timp.test.LOG.LogDeAções.LogDeAçõesDetalhes" name="login" time="15.762"/>
  <system-out/>
  <testcase classname="com.timp.test.LOG.LogDeAções.LogDeAçõesDetalhes" name="AcessarLOG" time="990.796"/>
  <system-out/>
  <testcase classname="com.timp.test.LOG.LogDeAções.LogDeAçõesDetalhes" name="Detalle" time="13.820"/>
  <system-out/>
</testsuite> <!-- com.timp.test.LOG.LogDeAções.LogDeAçõesDetalhes -->
