<?xml version="1.0" encoding="UTF-8"?>
<!-- Generated by org.testng.reporters.JUnitReportReporter -->
<testsuite hostname="MassielV" failures="0" tests="3" name="com.timp.test.BRB.Formula" time="190.259" errors="0" timestamp="20 oct. 2021 05:41:05 GMT" skipped="0">
  <testcase classname="com.timp.test.BRB.Formula" name="formulaBoton" time="88.812"/>
  <testcase classname="com.timp.test.BRB.Formula" name="formulaColuna" time="98.389"/>
  <testcase classname="com.timp.test.BRB.Formula" name="aplicar" time="3.058"/>
</testsuite> <!-- com.timp.test.BRB.Formula -->
