<?xml version="1.0" encoding="UTF-8"?>
<!-- Generated by org.testng.reporters.JUnitReportReporter -->
<<<<<<< HEAD
<testsuite hostname="Agile" failures="0" tests="1" name="com.timp.test.MDR.LivrosFiscais.ParametrizaçãoDoLivroOficial.ParametrizaçãoDoLivroOficialExcluir" time="236.451" errors="0" timestamp="06 ene. 2022 17:29:33 GMT" skipped="0">
  <testcase classname="com.timp.test.MDR.LivrosFiscais.ParametrizaçãoDoLivroOficial.ParametrizaçãoDoLivroOficialExcluir" name="excluir" time="236.451"/>
=======
<testsuite hostname="DESKTOP-M23FVFN" failures="0" tests="1" name="com.timp.test.MDR.LivrosFiscais.ParametrizaçãoDoLivroOficial.ParametrizaçãoDoLivroOficialExcluir" time="93.604" errors="0" timestamp="07 ene. 2022 14:01:56 GMT" skipped="0">
  <testcase classname="com.timp.test.MDR.LivrosFiscais.ParametrizaçãoDoLivroOficial.ParametrizaçãoDoLivroOficialExcluir" name="excluir" time="93.604"/>
>>>>>>> branch 'Yessy' of https://github.com/salc1997/TIMP_R1
</testsuite> <!-- com.timp.test.MDR.LivrosFiscais.ParametrizaçãoDoLivroOficial.ParametrizaçãoDoLivroOficialExcluir -->
