<?xml version="1.0" encoding="UTF-8"?>
<!-- Generated by org.testng.reporters.JUnitReportReporter -->
<testsuite hostname="MassielV" failures="0" tests="1" name="com.timp.test.ADM.Configuração.ConfiguraçãoTributo.ConfiguraçãoTributoTributoXEstrutura.ConfiguraçãoTributoTributoXEstruturaCriar" time="93.142" errors="0" timestamp="18 nov. 2021 07:16:55 GMT" skipped="0">
  <testcase classname="com.timp.test.ADM.Configuração.ConfiguraçãoTributo.ConfiguraçãoTributoTributoXEstrutura.ConfiguraçãoTributoTributoXEstruturaCriar" name="criar" time="93.142"/>
</testsuite> <!-- com.timp.test.ADM.Configuração.ConfiguraçãoTributo.ConfiguraçãoTributoTributoXEstrutura.ConfiguraçãoTributoTributoXEstruturaCriar -->
