<?xml version="1.0" encoding="UTF-8"?>
<!-- Generated by org.testng.reporters.JUnitReportReporter -->
<testsuite hostname="DESKTOP-35UG9UP" name="com.timp.test.BRB.BRBAcessar" tests="2" failures="0" timestamp="1 Oct 2020 12:47:05 GMT" time="38.132" errors="0">
  <testcase name="brbEntrar" time="27.415" classname="com.timp.test.BRB.BRBAcessar"/>
  <testcase name="login" time="10.717" classname="com.timp.test.BRB.BRBAcessar"/>
</testsuite> <!-- com.timp.test.BRB.BRBAcessar -->
