<?xml version="1.0" encoding="UTF-8"?>
<!-- Generated by org.testng.reporters.JUnitReportReporter -->
<testsuite hostname="LitoSoler" name="com.timp.test.BRE.RegrasDeEscrituração.RegrasDeEscrituraçãoEditar" tests="3" failures="0" timestamp="2 Feb 2021 13:37:02 GMT" time="189.937" errors="0">
  <testcase name="acessarBRE" time="16.778" classname="com.timp.test.BRE.RegrasDeEscrituração.RegrasDeEscrituraçãoEditar"/>
  <testcase name="login" time="7.213" classname="com.timp.test.BRE.RegrasDeEscrituração.RegrasDeEscrituraçãoEditar"/>
  <testcase name="criar" time="165.946" classname="com.timp.test.BRE.RegrasDeEscrituração.RegrasDeEscrituraçãoEditar"/>
</testsuite> <!-- com.timp.test.BRE.RegrasDeEscrituração.RegrasDeEscrituraçãoEditar -->
