<?xml version="1.0" encoding="UTF-8"?>
<!-- Generated by org.testng.reporters.JUnitReportReporter -->
<testsuite hostname="DESKTOP-C57COV6" failures="0" tests="3" name="com.timp.test.TBD.Configuração.CamposChaves.CamposChavesFiltroPorID" time="35.048" errors="0" timestamp="22 abr. 2021 01:06:05 GMT" skipped="0">
  <testcase classname="com.timp.test.TBD.Configuração.CamposChaves.CamposChavesFiltroPorID" name="login" time="7.223"/>
  <testcase classname="com.timp.test.TBD.Configuração.CamposChaves.CamposChavesFiltroPorID" name="TBDEntrar" time="14.118"/>
  <testcase classname="com.timp.test.TBD.Configuração.CamposChaves.CamposChavesFiltroPorID" name="filtro" time="13.707"/>
</testsuite> <!-- com.timp.test.TBD.Configuração.CamposChaves.CamposChavesFiltroPorID -->
