<?xml version="1.0" encoding="UTF-8"?>
<!-- Generated by org.testng.reporters.JUnitReportReporter -->
<<<<<<< HEAD
<testsuite hostname="DESKTOP-C57COV6" failures="0" tests="1" name="com.timp.test.MDR.LimiteCompetencia.LimiteCompetenciaExcluir" time="89.181" errors="0" timestamp="18 nov. 2021 06:57:39 GMT" skipped="0">
  <testcase classname="com.timp.test.MDR.LimiteCompetencia.LimiteCompetenciaExcluir" name="excluir" time="89.181"/>
=======
<testsuite hostname="MassielV" failures="0" tests="1" name="com.timp.test.MDR.LimiteCompetencia.LimiteCompetenciaExcluir" time="103.508" errors="0" timestamp="11 nov. 2021 07:10:42 GMT" skipped="0">
  <testcase classname="com.timp.test.MDR.LimiteCompetencia.LimiteCompetenciaExcluir" name="excluir" time="103.508"/>
>>>>>>> branch 'Yessy' of https://github.com/salc1997/TIMP_R1.git
</testsuite> <!-- com.timp.test.MDR.LimiteCompetencia.LimiteCompetenciaExcluir -->
