<?xml version="1.0" encoding="UTF-8"?>
<!-- Generated by org.testng.reporters.JUnitReportReporter -->
<testsuite hostname="DESKTOP-C57COV6" failures="0" tests="1" name="com.timp.test.BRB.CriarComCopia" time="226.791" errors="0" timestamp="01 jul. 2021 21:24:04 GMT" skipped="0">
  <testcase classname="com.timp.test.BRB.CriarComCopia" name="criarCopia" time="226.791"/>
</testsuite> <!-- com.timp.test.BRB.CriarComCopia -->
