<?xml version="1.0" encoding="UTF-8"?>
<!-- Generated by org.testng.reporters.JUnitReportReporter -->
<testsuite skipped="0" hostname="LitoSoler" name="com.timp.test.MDR.CenariosCorrecao.CenariosCorrecaoFiltrosAvanzados" tests="1" failures="0" timestamp="19 mar 2021 21:37:16 GMT" time="133.398" errors="0">
  <testcase name="filtros" time="133.398" classname="com.timp.test.MDR.CenariosCorrecao.CenariosCorrecaoFiltrosAvanzados"/>
</testsuite> <!-- com.timp.test.MDR.CenariosCorrecao.CenariosCorrecaoFiltrosAvanzados -->
