<?xml version="1.0" encoding="UTF-8"?>
<!-- Generated by org.testng.reporters.JUnitReportReporter -->
<testsuite hostname="LAPTOP-IN7IV9K5" failures="0" tests="1" name="com.timp.test.TCC.BancoDeCreditoExtemporaneo.ConfiguracaoEExecucao.ConfiguracaoEExecucaoEditar" time="196.756" errors="0" timestamp="09 abr. 2021 13:41:37 GMT" skipped="0">
  <testcase classname="com.timp.test.TCC.BancoDeCreditoExtemporaneo.ConfiguracaoEExecucao.ConfiguracaoEExecucaoEditar" name="editar" time="196.756"/>
</testsuite> <!-- com.timp.test.TCC.BancoDeCreditoExtemporaneo.ConfiguracaoEExecucao.ConfiguracaoEExecucaoEditar -->
