<?xml version="1.0" encoding="UTF-8"?>
<!-- Generated by org.testng.reporters.JUnitReportReporter -->
<testsuite hostname="DESKTOP-M23FVFN" failures="0" tests="1" name="com.timp.test.MDR.DetalheTipoTributo.DetalheEditar" time="190.760" errors="0" timestamp="08 dic. 2021 18:48:10 GMT" skipped="0">
  <testcase classname="com.timp.test.MDR.DetalheTipoTributo.DetalheEditar" name="editar" time="190.760"/>
</testsuite> <!-- com.timp.test.MDR.DetalheTipoTributo.DetalheEditar -->
