<?xml version="1.0" encoding="UTF-8"?>
<!-- Generated by org.testng.reporters.JUnitReportReporter -->
<<<<<<< HEAD
<testsuite hostname="LAPTOP-IN7IV9K5" failures="0" tests="1" name="com.timp.test.MDR.CEP.Bairro.BairroDetalhes" time="73.148" errors="0" timestamp="25 jun. 2021 10:36:12 GMT" skipped="0">
  <testcase classname="com.timp.test.MDR.CEP.Bairro.BairroDetalhes" name="visualizar" time="73.148"/>
=======
<testsuite hostname="DESKTOP-C57COV6" failures="0" tests="1" name="com.timp.test.MDR.CEP.Bairro.BairroDetalhes" time="141.081" errors="0" timestamp="15 sep. 2021 21:06:08 GMT" skipped="0">
  <testcase classname="com.timp.test.MDR.CEP.Bairro.BairroDetalhes" name="visualizar" time="141.081"/>
>>>>>>> refs/remotes/origin/Yessy
</testsuite> <!-- com.timp.test.MDR.CEP.Bairro.BairroDetalhes -->
