<?xml version="1.0" encoding="UTF-8"?>
<!-- Generated by org.testng.reporters.JUnitReportReporter -->
<testsuite hostname="DESKTOP-5P4F1JE" failures="0" tests="3" name="com.timp.test.MDR.Siscoserv.NBS.NBSEditar" time="158.871" errors="0" timestamp="19 Oct 2020 20:48:12 GMT">
  <testcase classname="com.timp.test.MDR.Siscoserv.NBS.NBSEditar" name="login" time="7.692"/>
  <testcase classname="com.timp.test.MDR.Siscoserv.NBS.NBSEditar" name="editar" time="119.386"/>
  <testcase classname="com.timp.test.MDR.Siscoserv.NBS.NBSEditar" name="acessarMDR" time="31.793"/>
</testsuite> <!-- com.timp.test.MDR.Siscoserv.NBS.NBSEditar -->
