<?xml version="1.0" encoding="UTF-8"?>
<!-- Generated by org.testng.reporters.JUnitReportReporter -->
<testsuite hostname="MIGUEL" failures="0" tests="13" name="com.timp.test.DFG.SPED.ESocial.Eventos.S1210.S1210ExcluirDadosDoEvento" time="354.808" errors="0" timestamp="28 Dec 2020 15:19:27 GMT">
  <testcase classname="com.timp.test.DFG.SPED.ESocial.Eventos.S1210.S1210ExcluirDadosDoEvento" name="informacao2" time="22.037"/>
  <testcase classname="com.timp.test.DFG.SPED.ESocial.Eventos.S1210.S1210ExcluirDadosDoEvento" name="dfgEntrar" time="16.252"/>
  <testcase classname="com.timp.test.DFG.SPED.ESocial.Eventos.S1210.S1210ExcluirDadosDoEvento" name="informacao" time="18.977"/>
  <testcase classname="com.timp.test.DFG.SPED.ESocial.Eventos.S1210.S1210ExcluirDadosDoEvento" name="execucao" time="68.456"/>
  <testcase classname="com.timp.test.DFG.SPED.ESocial.Eventos.S1210.S1210ExcluirDadosDoEvento" name="ingresar" time="8.632"/>
  <testcase classname="com.timp.test.DFG.SPED.ESocial.Eventos.S1210.S1210ExcluirDadosDoEvento" name="enviarSeleccionado" time="13.069"/>
  <testcase classname="com.timp.test.DFG.SPED.ESocial.Eventos.S1210.S1210ExcluirDadosDoEvento" name="gravarAN3" time="41.666"/>
  <testcase classname="com.timp.test.DFG.SPED.ESocial.Eventos.S1210.S1210ExcluirDadosDoEvento" name="enviarPendencias" time="9.237"/>
  <testcase classname="com.timp.test.DFG.SPED.ESocial.Eventos.S1210.S1210ExcluirDadosDoEvento" name="gravar" time="10.403"/>
  <testcase classname="com.timp.test.DFG.SPED.ESocial.Eventos.S1210.S1210ExcluirDadosDoEvento" name="visualizar" time="24.563"/>
  <testcase classname="com.timp.test.DFG.SPED.ESocial.Eventos.S1210.S1210ExcluirDadosDoEvento" name="criarNovoEvento" time="57.171"/>
  <testcase classname="com.timp.test.DFG.SPED.ESocial.Eventos.S1210.S1210ExcluirDadosDoEvento" name="editar" time="39.929"/>
  <testcase classname="com.timp.test.DFG.SPED.ESocial.Eventos.S1210.S1210ExcluirDadosDoEvento" name="visualizarCriarAN3" time="24.416"/>
</testsuite> <!-- com.timp.test.DFG.SPED.ESocial.Eventos.S1210.S1210ExcluirDadosDoEvento -->
