<?xml version="1.0" encoding="UTF-8"?>
<!-- Generated by org.testng.reporters.JUnitReportReporter -->
<testsuite skipped="0" hostname="LitoSoler" name="com.timp.test.MDR.Antecipacao.AntecipacaoEditar" tests="1" failures="0" timestamp="17 feb 2021 15:02:48 GMT" time="88.676" errors="0">
  <testcase name="editar" time="88.676" classname="com.timp.test.MDR.Antecipacao.AntecipacaoEditar"/>
</testsuite> <!-- com.timp.test.MDR.Antecipacao.AntecipacaoEditar -->
