<?xml version="1.0" encoding="UTF-8"?>
<!-- Generated by org.testng.reporters.JUnitReportReporter -->
<testsuite hostname="MIGUEL" failures="0" tests="3" name="com.timp.test.MDR.RegistroECAC.RegistroECACExcluir" time="52.249" errors="0" timestamp="22 Jan 2021 06:14:16 GMT">
  <testcase classname="com.timp.test.MDR.RegistroECAC.RegistroECACExcluir" name="login" time="6.485"/>
  <testcase classname="com.timp.test.MDR.RegistroECAC.RegistroECACExcluir" name="excluir" time="32.208"/>
  <testcase classname="com.timp.test.MDR.RegistroECAC.RegistroECACExcluir" name="acessarMDR" time="13.556"/>
</testsuite> <!-- com.timp.test.MDR.RegistroECAC.RegistroECACExcluir -->
