<?xml version="1.0" encoding="UTF-8"?>
<!-- Generated by org.testng.reporters.JUnitReportReporter -->
<testsuite hostname="MassielV" failures="0" tests="1" name="com.timp.test.MDR.RegistroECAC.RegistroECACCriar" time="158.963" errors="0" timestamp="15 oct. 2021 14:44:52 GMT" skipped="0">
  <testcase classname="com.timp.test.MDR.RegistroECAC.RegistroECACCriar" name="criar" time="158.963"/>
</testsuite> <!-- com.timp.test.MDR.RegistroECAC.RegistroECACCriar -->
