<?xml version="1.0" encoding="UTF-8"?>
<!-- Generated by org.testng.reporters.JUnitReportReporter -->
<testsuite hostname="DESKTOP-C57COV6" failures="0" tests="1" name="com.timp.test.TDK.Kpis.Edicao.KpisTabelasEditar" time="240.990" errors="0" timestamp="07 sep. 2021 00:40:54 GMT" skipped="0">
  <testcase classname="com.timp.test.TDK.Kpis.Edicao.KpisTabelasEditar" name="Editar" time="240.990"/>
</testsuite> <!-- com.timp.test.TDK.Kpis.Edicao.KpisTabelasEditar -->
