<?xml version="1.0" encoding="UTF-8"?>
<!-- Generated by org.testng.reporters.JUnitReportReporter -->
<testsuite hostname="DESKTOP-JP1A9E6" failures="0" tests="1" name="com.timp.test.BRB.AtivarComentario" time="107.316" errors="0" timestamp="27 jul. 2021 20:06:47 GMT" skipped="0">
  <testcase classname="com.timp.test.BRB.AtivarComentario" name="ativarComentarios" time="107.316"/>
</testsuite> <!-- com.timp.test.BRB.AtivarComentario -->
