<?xml version="1.0" encoding="UTF-8"?>
<!-- Generated by org.testng.reporters.JUnitReportReporter -->
<testsuite hostname="DESKTOP-C57COV6" failures="0" tests="3" name="com.timp.test.TBD.Configuração.TipoDeDocumento.TipoDeDocumentoEditar" time="163.656" errors="0" timestamp="03 ago. 2021 01:50:59 GMT" skipped="0">
  <testcase classname="com.timp.test.TBD.Configuração.TipoDeDocumento.TipoDeDocumentoEditar" name="login" time="23.535"/>
  <testcase classname="com.timp.test.TBD.Configuração.TipoDeDocumento.TipoDeDocumentoEditar" name="TBDEntrar" time="56.087"/>
  <testcase classname="com.timp.test.TBD.Configuração.TipoDeDocumento.TipoDeDocumentoEditar" name="editar" time="84.034"/>
</testsuite> <!-- com.timp.test.TBD.Configuração.TipoDeDocumento.TipoDeDocumentoEditar -->
