<?xml version="1.0" encoding="UTF-8"?>
<!-- Generated by org.testng.reporters.JUnitReportReporter -->
<testsuite hostname="DESKTOP-M23FVFN" failures="0" tests="4" name="com.timp.test.DFG.Leiautes.Execucao.LeiautesExecucacoFuncionalidades4Pt2" time="197.301" errors="0" timestamp="28 feb. 2022 12:08:50 GMT" skipped="0">
  <testcase classname="com.timp.test.DFG.Leiautes.Execucao.LeiautesExecucacoFuncionalidades4Pt2" name="ingresar" time="7.648"/>
  <testcase classname="com.timp.test.DFG.Leiautes.Execucao.LeiautesExecucacoFuncionalidades4Pt2" name="mdrEntrar" time="22.493"/>
  <testcase classname="com.timp.test.DFG.Leiautes.Execucao.LeiautesExecucacoFuncionalidades4Pt2" name="campoFixo" time="134.532"/>
  <testcase classname="com.timp.test.DFG.Leiautes.Execucao.LeiautesExecucacoFuncionalidades4Pt2" name="campoFixoManual" time="32.628"/>
</testsuite> <!-- com.timp.test.DFG.Leiautes.Execucao.LeiautesExecucacoFuncionalidades4Pt2 -->
