<?xml version="1.0" encoding="UTF-8"?>
<!-- Generated by org.testng.reporters.JUnitReportReporter -->
<testsuite hostname="CRISTHIAN-VASQUEZ" failures="0" tests="3" name="com.timp.test.MDR.TabelasApoioSped.CodigoAjustesContribuiçoesCreditos.CodigoAjustesContribuiçaoCreditosCriar" time="84.611" errors="0" timestamp="19 feb. 2021 15:37:16 GMT" skipped="0">
  <testcase classname="com.timp.test.MDR.TabelasApoioSped.CodigoAjustesContribuiçoesCreditos.CodigoAjustesContribuiçaoCreditosCriar" name="login" time="9.999"/>
  <testcase classname="com.timp.test.MDR.TabelasApoioSped.CodigoAjustesContribuiçoesCreditos.CodigoAjustesContribuiçaoCreditosCriar" name="acessarMDR" time="23.995"/>
  <testcase classname="com.timp.test.MDR.TabelasApoioSped.CodigoAjustesContribuiçoesCreditos.CodigoAjustesContribuiçaoCreditosCriar" name="criar" time="50.617"/>
</testsuite> <!-- com.timp.test.MDR.TabelasApoioSped.CodigoAjustesContribuiçoesCreditos.CodigoAjustesContribuiçaoCreditosCriar -->
