<?xml version="1.0" encoding="UTF-8"?>
<!-- Generated by org.testng.reporters.JUnitReportReporter -->
<testsuite hostname="DESKTOP-BNBDMGT" failures="0" tests="3" name="com.timp.test.BRE.RegrasDeNegocio.RegrasdeNegócioExcluirdefinitivamente" time="283.911" errors="0" timestamp="15 Feb 2021 21:00:19 GMT">
  <testcase classname="com.timp.test.BRE.RegrasDeNegocio.RegrasdeNegócioExcluirdefinitivamente" name="criar" time="252.149"/>
  <testcase classname="com.timp.test.BRE.RegrasDeNegocio.RegrasdeNegócioExcluirdefinitivamente" name="acessarBRE" time="21.487"/>
  <testcase classname="com.timp.test.BRE.RegrasDeNegocio.RegrasdeNegócioExcluirdefinitivamente" name="login" time="10.275"/>
</testsuite> <!-- com.timp.test.BRE.RegrasDeNegocio.RegrasdeNegócioExcluirdefinitivamente -->
