<?xml version="1.0" encoding="UTF-8"?>
<!-- Generated by org.testng.reporters.JUnitReportReporter -->
<testsuite hostname="LitoSoler" name="com.timp.test.MDR.CodigoContabilizacao.CodigoContabilizacaoExcluir" tests="3" failures="0" timestamp="7 Aug 2020 19:55:22 GMT" time="89.799" errors="0">
  <testcase name="Excluir" time="59.210" classname="com.timp.test.MDR.CodigoContabilizacao.CodigoContabilizacaoExcluir"/>
  <testcase name="acessarMDR" time="23.361" classname="com.timp.test.MDR.CodigoContabilizacao.CodigoContabilizacaoExcluir"/>
  <testcase name="login" time="7.228" classname="com.timp.test.MDR.CodigoContabilizacao.CodigoContabilizacaoExcluir"/>
</testsuite> <!-- com.timp.test.MDR.CodigoContabilizacao.CodigoContabilizacaoExcluir -->
