<?xml version="1.0" encoding="UTF-8"?>
<!-- Generated by org.testng.reporters.JUnitReportReporter -->
<testsuite hostname="DESKTOP-C57COV6" failures="0" tests="3" name="com.timp.test.TFP.Configurações.Status.Periodo.ConfiguracoesStatusPeriodoEditar" time="111.988" errors="0" timestamp="22 abr. 2021 20:54:41 GMT" skipped="0">
  <testcase classname="com.timp.test.TFP.Configurações.Status.Periodo.ConfiguracoesStatusPeriodoEditar" name="login" time="9.208"/>
  <testcase classname="com.timp.test.TFP.Configurações.Status.Periodo.ConfiguracoesStatusPeriodoEditar" name="TFPEntrar" time="34.037"/>
  <testcase classname="com.timp.test.TFP.Configurações.Status.Periodo.ConfiguracoesStatusPeriodoEditar" name="editar" time="68.743"/>
</testsuite> <!-- com.timp.test.TFP.Configurações.Status.Periodo.ConfiguracoesStatusPeriodoEditar -->
