<?xml version="1.0" encoding="UTF-8"?>
<!-- Generated by org.testng.reporters.JUnitReportReporter -->
<testsuite hostname="MIGUEL" failures="0" tests="3" name="com.timp.test.TBD.Configuração.RangeDeNumeracao.RangeDeNumeracaoExcluir" time="61.273" errors="0" timestamp="22 abr. 2021 16:12:24 GMT" skipped="0">
  <testcase classname="com.timp.test.TBD.Configuração.RangeDeNumeracao.RangeDeNumeracaoExcluir" name="login" time="9.141"/>
  <testcase classname="com.timp.test.TBD.Configuração.RangeDeNumeracao.RangeDeNumeracaoExcluir" name="TBDEntrar" time="16.045"/>
  <testcase classname="com.timp.test.TBD.Configuração.RangeDeNumeracao.RangeDeNumeracaoExcluir" name="excluir" time="36.087"/>
</testsuite> <!-- com.timp.test.TBD.Configuração.RangeDeNumeracao.RangeDeNumeracaoExcluir -->
