<?xml version="1.0" encoding="UTF-8"?>
<!-- Generated by org.testng.reporters.JUnitReportReporter -->
<testsuite hostname="DESKTOP-M23FVFN" failures="0" tests="3" name="com.timp.test.BRB.Formula" time="157.473" errors="0" timestamp="2023-01-11T11:21:28 BRT" skipped="0">
  <testcase classname="com.timp.test.BRB.Formula" name="formulaColuna" time="64.392"/>
  <system-out/>
  <testcase classname="com.timp.test.BRB.Formula" name="formulaBoton" time="90.035"/>
  <system-out/>
  <testcase classname="com.timp.test.BRB.Formula" name="aplicar" time="3.046"/>
  <system-out/>
</testsuite> <!-- com.timp.test.BRB.Formula -->
