<?xml version="1.0" encoding="UTF-8"?>
<!-- Generated by org.testng.reporters.JUnitReportReporter -->
<testsuite hostname="DESKTOP-35UG9UP" name="com.timp.test.MDR.TipoDeTributoContaContabil.TipoDeTributoContaContabilExcluir" tests="3" failures="0" timestamp="17 Sep 2020 21:57:23 GMT" time="100.377" errors="0">
  <testcase name="excluir" time="75.599" classname="com.timp.test.MDR.TipoDeTributoContaContabil.TipoDeTributoContaContabilExcluir"/>
  <testcase name="login" time="11.578" classname="com.timp.test.MDR.TipoDeTributoContaContabil.TipoDeTributoContaContabilExcluir"/>
  <testcase name="acessarMDR" time="13.200" classname="com.timp.test.MDR.TipoDeTributoContaContabil.TipoDeTributoContaContabilExcluir"/>
</testsuite> <!-- com.timp.test.MDR.TipoDeTributoContaContabil.TipoDeTributoContaContabilExcluir -->
