<?xml version="1.0" encoding="UTF-8"?>
<!-- Generated by org.testng.reporters.JUnitReportReporter -->
<testsuite hostname="DESKTOP-M23FVFN" failures="0" tests="1" name="com.timp.test.TFP.Configurações.Status.SubPeriodo.ConfiguracoesStatusSubPeriodoVer" time="122.317" errors="0" timestamp="2022-09-01T10:41:39 CST" skipped="0">
  <testcase classname="com.timp.test.TFP.Configurações.Status.SubPeriodo.ConfiguracoesStatusSubPeriodoVer" name="ver" time="122.317"/>
  <system-out/>
</testsuite> <!-- com.timp.test.TFP.Configurações.Status.SubPeriodo.ConfiguracoesStatusSubPeriodoVer -->
