<?xml version="1.0" encoding="UTF-8"?>
<!-- Generated by org.testng.reporters.JUnitReportReporter -->
<testsuite hostname="DESKTOP-M23FVFN" failures="0" tests="1" name="com.timp.test.MDR.Ajustes.CodigosAjustes.CodigosAjustesVisualizar" time="151.463" errors="0" timestamp="12 mar. 2022 05:58:45 GMT" skipped="0">
  <testcase classname="com.timp.test.MDR.Ajustes.CodigosAjustes.CodigosAjustesVisualizar" name="visualizar" time="151.463"/>
</testsuite> <!-- com.timp.test.MDR.Ajustes.CodigosAjustes.CodigosAjustesVisualizar -->
