<?xml version="1.0" encoding="UTF-8"?>
<!-- Generated by org.testng.reporters.JUnitReportReporter -->
<testsuite hostname="DESKTOP-C57COV6" failures="0" tests="1" name="com.timp.test.MDR.SCANC.AjustesDosAnexos.AjustesDosAnexosExcluir" time="268.720" errors="0" timestamp="08 sep. 2021 05:21:55 GMT" skipped="0">
  <testcase classname="com.timp.test.MDR.SCANC.AjustesDosAnexos.AjustesDosAnexosExcluir" name="excluir" time="268.720"/>
</testsuite> <!-- com.timp.test.MDR.SCANC.AjustesDosAnexos.AjustesDosAnexosExcluir -->
