<?xml version="1.0" encoding="UTF-8"?>
<!-- Generated by org.testng.reporters.JUnitReportReporter -->
<testsuite hostname="DESKTOP-SUF121B" failures="0" tests="3" name="com.timp.test.MDR.Antecipacao.AntecipacaoEditar" time="134.215" errors="0" timestamp="27 Jul 2020 08:44:17 GMT">
  <testcase classname="com.timp.test.MDR.Antecipacao.AntecipacaoEditar" name="visualizar" time="91.258"/>
  <testcase classname="com.timp.test.MDR.Antecipacao.AntecipacaoEditar" name="login" time="17.146"/>
  <testcase classname="com.timp.test.MDR.Antecipacao.AntecipacaoEditar" name="acessarMDR" time="25.811"/>
</testsuite> <!-- com.timp.test.MDR.Antecipacao.AntecipacaoEditar -->
