<?xml version="1.0" encoding="UTF-8"?>
<!-- Generated by org.testng.reporters.JUnitReportReporter -->
<testsuite hostname="DESKTOP-M23FVFN" failures="0" tests="1" name="com.timp.test.MDR.Antecipacao.AntecipacaoCriar" time="203.811" errors="0" timestamp="09 dic. 2021 09:30:15 GMT" skipped="0">
  <testcase classname="com.timp.test.MDR.Antecipacao.AntecipacaoCriar" name="criar" time="203.811"/>
</testsuite> <!-- com.timp.test.MDR.Antecipacao.AntecipacaoCriar -->
