<?xml version="1.0" encoding="UTF-8"?>
<!-- Generated by org.testng.reporters.JUnitReportReporter -->
<testsuite hostname="EC2AMAZ-8HCHO4G" failures="0" tests="2" name="com.timp.test.BRB.FiltroColunas" time="162.649" errors="0" timestamp="2024-01-29T15:36:06 UTC" skipped="0">
  <testcase classname="com.timp.test.BRB.FiltroColunas" name="filtroConFerramenta1" time="137.474"/>
  <system-out/>
  <testcase classname="com.timp.test.BRB.FiltroColunas" name="filtroConFerramenta2" time="25.175"/>
  <system-out/>
</testsuite> <!-- com.timp.test.BRB.FiltroColunas -->
