<?xml version="1.0" encoding="UTF-8"?>
<!-- Generated by org.testng.reporters.JUnitReportReporter -->
<testsuite hostname="DESKTOP-JP1A9E6" failures="0" tests="1" name="com.timp.test.MDR.DetalheTipoTributo.DetalheFiltroId" time="41.797" errors="0" timestamp="05 jun. 2021 01:48:58 GMT" skipped="0">
  <testcase classname="com.timp.test.MDR.DetalheTipoTributo.DetalheFiltroId" name="filtroId" time="41.797"/>
</testsuite> <!-- com.timp.test.MDR.DetalheTipoTributo.DetalheFiltroId -->
