<?xml version="1.0" encoding="UTF-8"?>
<!-- Generated by org.testng.reporters.JUnitReportReporter -->
<testsuite hostname="LitoSoler" name="com.timp.test.SCANC.ArquivosImportados.ArquivosImportadosFiltrosAvancados" tests="3" failures="0" timestamp="27 Jan 2021 22:22:06 GMT" time="106.846" errors="0">
  <testcase name="filtrosAvancados" time="79.021" classname="com.timp.test.SCANC.ArquivosImportados.ArquivosImportadosFiltrosAvancados"/>
  <testcase name="ingresar" time="6.106" classname="com.timp.test.SCANC.ArquivosImportados.ArquivosImportadosFiltrosAvancados"/>
  <testcase name="scancEntrar" time="21.719" classname="com.timp.test.SCANC.ArquivosImportados.ArquivosImportadosFiltrosAvancados"/>
</testsuite> <!-- com.timp.test.SCANC.ArquivosImportados.ArquivosImportadosFiltrosAvancados -->
