<?xml version="1.0" encoding="UTF-8"?>
<!-- Generated by org.testng.reporters.JUnitReportReporter -->
<testsuite hostname="DESKTOP-5P4F1JE" failures="0" tests="3" name="com.timp.test.TDK.Kpis.MeusRelatoriosKpis.MeusFavoritos.KpisMeusFavoritosFiltroPorID" time="61.496" errors="0" timestamp="3 Feb 2021 14:08:59 GMT">
  <testcase classname="com.timp.test.TDK.Kpis.MeusRelatoriosKpis.MeusFavoritos.KpisMeusFavoritosFiltroPorID" name="login" time="9.246"/>
  <testcase classname="com.timp.test.TDK.Kpis.MeusRelatoriosKpis.MeusFavoritos.KpisMeusFavoritosFiltroPorID" name="filtro" time="26.116"/>
  <testcase classname="com.timp.test.TDK.Kpis.MeusRelatoriosKpis.MeusFavoritos.KpisMeusFavoritosFiltroPorID" name="acessarTDK" time="26.134"/>
</testsuite> <!-- com.timp.test.TDK.Kpis.MeusRelatoriosKpis.MeusFavoritos.KpisMeusFavoritosFiltroPorID -->
