<?xml version="1.0" encoding="UTF-8"?>
<!-- Generated by org.testng.reporters.JUnitReportReporter -->
<<<<<<< HEAD
<testsuite hostname="CRISTHIAN-VASQUEZ" failures="0" tests="1" name="com.timp.test.MDR.TabelasComplementaresParaObrigaçoesAcessorias.CodigoDeMotivosDeAjustes.CodigoDeMotivosDeAjustesCriar" time="94.946" errors="0" timestamp="19 mar. 2021 18:21:23 GMT" skipped="0">
  <testcase classname="com.timp.test.MDR.TabelasComplementaresParaObrigaçoesAcessorias.CodigoDeMotivosDeAjustes.CodigoDeMotivosDeAjustesCriar" name="criar" time="94.946"/>
=======
<testsuite hostname="CRISTHIAN-VASQUEZ" failures="0" tests="1" name="com.timp.test.MDR.TabelasComplementaresParaObrigaçoesAcessorias.CodigoDeMotivosDeAjustes.CodigoDeMotivosDeAjustesCriar" time="117.833" errors="0" timestamp="16 mar. 2021 11:15:53 GMT" skipped="0">
  <testcase classname="com.timp.test.MDR.TabelasComplementaresParaObrigaçoesAcessorias.CodigoDeMotivosDeAjustes.CodigoDeMotivosDeAjustesCriar" name="criar" time="117.833"/>
>>>>>>> branch 'Cristhian' of https://github.com/salc1997/TIMP_R1.git
</testsuite> <!-- com.timp.test.MDR.TabelasComplementaresParaObrigaçoesAcessorias.CodigoDeMotivosDeAjustes.CodigoDeMotivosDeAjustesCriar -->
