<?xml version="1.0" encoding="UTF-8"?>
<!-- Generated by org.testng.reporters.JUnitReportReporter -->
<testsuite hostname="MIGUEL" failures="0" tests="3" name="com.timp.test.TDK.Kpis.KpisPublicos.KpisPublicosFiltroId" time="64.334" errors="0" timestamp="19 mar. 2021 18:13:27 GMT" skipped="0">
  <testcase classname="com.timp.test.TDK.Kpis.KpisPublicos.KpisPublicosFiltroId" name="login" time="8.588"/>
  <testcase classname="com.timp.test.TDK.Kpis.KpisPublicos.KpisPublicosFiltroId" name="acessarTDK" time="21.706"/>
  <testcase classname="com.timp.test.TDK.Kpis.KpisPublicos.KpisPublicosFiltroId" name="filtro" time="34.040"/>
</testsuite> <!-- com.timp.test.TDK.Kpis.KpisPublicos.KpisPublicosFiltroId -->
