<?xml version="1.0" encoding="UTF-8"?>
<!-- Generated by org.testng.reporters.JUnitReportReporter -->
<testsuite hostname="DESKTOP-BNBDMGT" failures="0" tests="3" name="com.timp.test.BRE.RegrasDeNegocio.RegradeNegócioEdiçãoValoresCalculados" time="161.283" errors="0" timestamp="2 Feb 2021 13:47:00 GMT">
  <testcase classname="com.timp.test.BRE.RegrasDeNegocio.RegradeNegócioEdiçãoValoresCalculados" name="login" time="6.594"/>
  <testcase classname="com.timp.test.BRE.RegrasDeNegocio.RegradeNegócioEdiçãoValoresCalculados" name="acessarBRE" time="17.646"/>
  <testcase classname="com.timp.test.BRE.RegrasDeNegocio.RegradeNegócioEdiçãoValoresCalculados" name="editar" time="137.043"/>
</testsuite> <!-- com.timp.test.BRE.RegrasDeNegocio.RegradeNegócioEdiçãoValoresCalculados -->
