<?xml version="1.0" encoding="UTF-8"?>
<!-- Generated by org.testng.reporters.JUnitReportReporter -->
<testsuite hostname="LitoSoler" name="com.timp.test.MDR.CenariosCorrecao.CenariosCorrecaoVisualizar" tests="3" failures="0" timestamp="7 Aug 2020 16:58:17 GMT" time="57.612" errors="0">
  <testcase name="login" time="7.480" classname="com.timp.test.MDR.CenariosCorrecao.CenariosCorrecaoVisualizar"/>
  <testcase name="cenariosCorrecaoVisualizar" time="40.320" classname="com.timp.test.MDR.CenariosCorrecao.CenariosCorrecaoVisualizar"/>
  <testcase name="acessarMDR" time="9.812" classname="com.timp.test.MDR.CenariosCorrecao.CenariosCorrecaoVisualizar"/>
</testsuite> <!-- com.timp.test.MDR.CenariosCorrecao.CenariosCorrecaoVisualizar -->
