<?xml version="1.0" encoding="UTF-8"?>
<!-- Generated by org.testng.reporters.JUnitReportReporter -->
<testsuite hostname="Agile" failures="0" tests="1" name="com.timp.test.BRB.CrescenteEDecrescente" time="417.915" errors="0" timestamp="15 feb. 2022 00:54:38 GMT" skipped="0">
  <testcase classname="com.timp.test.BRB.CrescenteEDecrescente" name="crescenteEDecrescente" time="417.915"/>
</testsuite> <!-- com.timp.test.BRB.CrescenteEDecrescente -->
