<?xml version="1.0" encoding="UTF-8"?>
<!-- Generated by org.testng.reporters.JUnitReportReporter -->
<testsuite hostname="DESKTOP-C57COV6" failures="0" tests="1" name="com.timp.test.MDR.TabelasApoioESocial.Tabela18.MotivoDeAfastamentoCriar" time="167.616" errors="0" timestamp="15 oct. 2021 21:58:05 GMT" skipped="0">
  <testcase classname="com.timp.test.MDR.TabelasApoioESocial.Tabela18.MotivoDeAfastamentoCriar" name="criar" time="167.616"/>
</testsuite> <!-- com.timp.test.MDR.TabelasApoioESocial.Tabela18.MotivoDeAfastamentoCriar -->
