<?xml version="1.0" encoding="UTF-8"?>
<!-- Generated by org.testng.reporters.JUnitReportReporter -->
<testsuite hostname="DESKTOP-35UG9UP" name="com.timp.test.MDR.TabelasComplementaresParaObrigaçoesAcessorias.TabelaDeAtribuicaoDeCodigoCFOP.TabelaDeAtribuicaoDeCodigoCFOPEditar" tests="3" failures="0" timestamp="28 Aug 2020 20:49:50 GMT" time="114.111" errors="0">
  <testcase name="acessarMDR" time="14.765" classname="com.timp.test.MDR.TabelasComplementaresParaObrigaçoesAcessorias.TabelaDeAtribuicaoDeCodigoCFOP.TabelaDeAtribuicaoDeCodigoCFOPEditar"/>
  <testcase name="login" time="10.279" classname="com.timp.test.MDR.TabelasComplementaresParaObrigaçoesAcessorias.TabelaDeAtribuicaoDeCodigoCFOP.TabelaDeAtribuicaoDeCodigoCFOPEditar"/>
  <testcase name="editar" time="89.067" classname="com.timp.test.MDR.TabelasComplementaresParaObrigaçoesAcessorias.TabelaDeAtribuicaoDeCodigoCFOP.TabelaDeAtribuicaoDeCodigoCFOPEditar"/>
</testsuite> <!-- com.timp.test.MDR.TabelasComplementaresParaObrigaçoesAcessorias.TabelaDeAtribuicaoDeCodigoCFOP.TabelaDeAtribuicaoDeCodigoCFOPEditar -->
