<?xml version="1.0" encoding="UTF-8"?>
<!-- Generated by org.testng.reporters.JUnitReportReporter -->
<testsuite hostname="DESKTOP-M23FVFN" failures="0" tests="1" name="com.timp.test.MDR.EventosESocial.S1200RemuneracaoDeTrabalhador.S1200RemuneracaoDeTrabalhadorExcluir" time="92.296" errors="0" timestamp="11 mar. 2022 15:49:55 GMT" skipped="0">
  <testcase classname="com.timp.test.MDR.EventosESocial.S1200RemuneracaoDeTrabalhador.S1200RemuneracaoDeTrabalhadorExcluir" name="excluir" time="92.296"/>
</testsuite> <!-- com.timp.test.MDR.EventosESocial.S1200RemuneracaoDeTrabalhador.S1200RemuneracaoDeTrabalhadorExcluir -->
