<?xml version="1.0" encoding="UTF-8"?>
<!-- Generated by org.testng.reporters.JUnitReportReporter -->
<testsuite hostname="LitoSoler" name="com.timp.test.SCANC.OficiosExtemporaneos.OficiosExtemporaneosCriar" tests="3" failures="0" timestamp="27 Jan 2021 22:08:32 GMT" time="134.264" errors="0">
  <testcase name="ingresar" time="6.646" classname="com.timp.test.SCANC.OficiosExtemporaneos.OficiosExtemporaneosCriar"/>
  <testcase name="criar" time="101.443" classname="com.timp.test.SCANC.OficiosExtemporaneos.OficiosExtemporaneosCriar"/>
  <testcase name="scancEntrar" time="26.175" classname="com.timp.test.SCANC.OficiosExtemporaneos.OficiosExtemporaneosCriar"/>
</testsuite> <!-- com.timp.test.SCANC.OficiosExtemporaneos.OficiosExtemporaneosCriar -->
