<?xml version="1.0" encoding="UTF-8"?>
<!-- Generated by org.testng.reporters.JUnitReportReporter -->
<testsuite hostname="DESKTOP-HB7TMPD" failures="0" tests="3" name="com.timp.test.MDR.SaldoInicial.SaldoInicialDetalhe" time="63.677" errors="0" timestamp="25 Oct 2020 03:24:47 GMT">
  <testcase classname="com.timp.test.MDR.SaldoInicial.SaldoInicialDetalhe" name="login" time="7.676"/>
  <testcase classname="com.timp.test.MDR.SaldoInicial.SaldoInicialDetalhe" name="acessarMDR" time="10.930"/>
  <testcase classname="com.timp.test.MDR.SaldoInicial.SaldoInicialDetalhe" name="detalheSaldoInicial" time="45.071"/>
</testsuite> <!-- com.timp.test.MDR.SaldoInicial.SaldoInicialDetalhe -->
