<?xml version="1.0" encoding="UTF-8"?>
<!-- Generated by org.testng.reporters.JUnitReportReporter -->
<testsuite hostname="DESKTOP-JP1A9E6" failures="0" tests="1" name="com.timp.test.MDR.CEP.Bairro.BairroFiltros" time="110.714" errors="0" timestamp="07 sep. 2021 21:55:59 GMT" skipped="0">
  <testcase classname="com.timp.test.MDR.CEP.Bairro.BairroFiltros" name="filtro" time="110.714"/>
</testsuite> <!-- com.timp.test.MDR.CEP.Bairro.BairroFiltros -->
