<?xml version="1.0" encoding="UTF-8"?>
<!-- Generated by org.testng.reporters.JUnitReportReporter -->
<testsuite hostname="DESKTOP-M23FVFN" failures="0" tests="2" name="com.timp.test.BRB.GruposAvancados" time="529.777" errors="0" timestamp="17 dic. 2021 00:08:59 GMT" skipped="0">
  <testcase classname="com.timp.test.BRB.GruposAvancados" name="eliminarGrupos" time="91.277"/>
  <testcase classname="com.timp.test.BRB.GruposAvancados" name="gruposAvanzados" time="438.500"/>
</testsuite> <!-- com.timp.test.BRB.GruposAvancados -->
