<?xml version="1.0" encoding="UTF-8"?>
<!-- Generated by org.testng.reporters.JUnitReportReporter -->
<testsuite hostname="Agile" failures="0" tests="1" name="com.timp.test.BRB.AcessarBRB" time="46.209" errors="0" timestamp="28 feb. 2022 07:49:40 GMT" skipped="0">
  <testcase classname="com.timp.test.BRB.AcessarBRB" name="brbEntrar" time="46.209"/>
</testsuite> <!-- com.timp.test.BRB.AcessarBRB -->
