<?xml version="1.0" encoding="UTF-8"?>
<!-- Generated by org.testng.reporters.JUnitReportReporter -->
<testsuite hostname="DESKTOP-M23FVFN" failures="0" tests="1" name="com.timp.test.ADM.Usuários.Usuários.UsuariosFiltrosAvancados" time="99.560" errors="0" timestamp="2022-10-13T02:03:33 BRT" skipped="0">
  <testcase classname="com.timp.test.ADM.Usuários.Usuários.UsuariosFiltrosAvancados" name="filtros" time="99.560"/>
  <system-out/>
</testsuite> <!-- com.timp.test.ADM.Usuários.Usuários.UsuariosFiltrosAvancados -->
