<?xml version="1.0" encoding="UTF-8"?>
<!-- Generated by org.testng.reporters.JUnitReportReporter -->
<testsuite hostname="DESKTOP-M23FVFN" failures="0" tests="2" name="com.timp.test.BRB.GruposAvancados" time="472.366" errors="0" timestamp="24 may. 2022 21:31:14 GMT" skipped="0">
  <testcase classname="com.timp.test.BRB.GruposAvancados" name="eliminarGrupos" time="50.985"/>
  <testcase classname="com.timp.test.BRB.GruposAvancados" name="gruposAvanzados" time="421.381"/>
</testsuite> <!-- com.timp.test.BRB.GruposAvancados -->
