<?xml version="1.0" encoding="UTF-8"?>
<!-- Generated by org.testng.reporters.JUnitReportReporter -->
<testsuite skipped="0" hostname="LitoSoler" name="com.timp.test.MDR.CodigoReceita.CodigoReceitaExcluir" tests="1" failures="0" timestamp="16 feb 2021 21:58:27 GMT" time="71.009" errors="0">
  <testcase name="excluir" time="71.009" classname="com.timp.test.MDR.CodigoReceita.CodigoReceitaExcluir"/>
</testsuite> <!-- com.timp.test.MDR.CodigoReceita.CodigoReceitaExcluir -->
