<?xml version="1.0" encoding="UTF-8"?>
<!-- Generated by org.testng.reporters.JUnitReportReporter -->
<testsuite hostname="DESKTOP-35UG9UP" name="com.timp.test.MDR.RegistroECAC.RegistroECACEditar" tests="3" failures="0" timestamp="8 Oct 2020 19:13:16 GMT" time="182.067" errors="0">
  <testcase name="login" time="9.989" classname="com.timp.test.MDR.RegistroECAC.RegistroECACEditar"/>
  <testcase name="acessarMDR" time="37.305" classname="com.timp.test.MDR.RegistroECAC.RegistroECACEditar"/>
  <testcase name="editar" time="134.773" classname="com.timp.test.MDR.RegistroECAC.RegistroECACEditar"/>
</testsuite> <!-- com.timp.test.MDR.RegistroECAC.RegistroECACEditar -->
