<?xml version="1.0" encoding="UTF-8"?>
<!-- Generated by org.testng.reporters.JUnitReportReporter -->
<testsuite hostname="DESKTOP-BNBDMGT" failures="0" tests="3" name="com.timp.test.TDK.Dashboard.Lixeira.LixeiraFiltroId" time="164.254" errors="0" timestamp="12 Feb 2021 04:00:06 GMT">
  <testcase classname="com.timp.test.TDK.Dashboard.Lixeira.LixeiraFiltroId" name="acessarTDK" time="109.402"/>
  <testcase classname="com.timp.test.TDK.Dashboard.Lixeira.LixeiraFiltroId" name="filtro" time="26.091"/>
  <testcase classname="com.timp.test.TDK.Dashboard.Lixeira.LixeiraFiltroId" name="login" time="28.761"/>
</testsuite> <!-- com.timp.test.TDK.Dashboard.Lixeira.LixeiraFiltroId -->
