<?xml version="1.0" encoding="UTF-8"?>
<!-- Generated by org.testng.reporters.JUnitReportReporter -->
<testsuite hostname="DESKTOP-M23FVFN" failures="0" tests="1" name="com.timp.test.BRB.ReordenarColuna" time="155.836" errors="0" timestamp="2022-08-20T16:31:39 CST" skipped="0">
  <testcase classname="com.timp.test.BRB.ReordenarColuna" name="reordenar" time="155.836"/>
  <system-out/>
</testsuite> <!-- com.timp.test.BRB.ReordenarColuna -->
