<?xml version="1.0" encoding="UTF-8"?>
<!-- Generated by org.testng.reporters.JUnitReportReporter -->
<testsuite hostname="DESKTOP-M23FVFN" failures="0" tests="1" name="com.timp.test.ADM.Configuração.Usuarios.UsuáriosVisualizar" time="83.754" errors="0" timestamp="11 may. 2022 20:57:05 GMT" skipped="0">
  <testcase classname="com.timp.test.ADM.Configuração.Usuarios.UsuáriosVisualizar" name="ver" time="83.754"/>
</testsuite> <!-- com.timp.test.ADM.Configuração.Usuarios.UsuáriosVisualizar -->
