<?xml version="1.0" encoding="UTF-8"?>
<!-- Generated by org.testng.reporters.JUnitReportReporter -->
<testsuite hostname="DESKTOP-C57COV6" failures="0" tests="1" name="com.timp.test.BRB.EditarRelatorio" time="185.468" errors="0" timestamp="18 oct. 2021 02:03:40 GMT" skipped="0">
  <testcase classname="com.timp.test.BRB.EditarRelatorio" name="editar" time="185.468"/>
</testsuite> <!-- com.timp.test.BRB.EditarRelatorio -->
