<?xml version="1.0" encoding="UTF-8"?>
<!-- Generated by org.testng.reporters.JUnitReportReporter -->
<testsuite hostname="DESKTOP-C57COV6" failures="0" tests="1" name="com.timp.test.BRE.RegrasDeEscrituração.Edicao.RegrasDeEscrituraçãoEdiçãoValoresCalculados" time="190.929" errors="0" timestamp="30 abr. 2021 22:04:09 GMT" skipped="0">
  <testcase classname="com.timp.test.BRE.RegrasDeEscrituração.Edicao.RegrasDeEscrituraçãoEdiçãoValoresCalculados" name="ValoresCalculados" time="190.929"/>
</testsuite> <!-- com.timp.test.BRE.RegrasDeEscrituração.Edicao.RegrasDeEscrituraçãoEdiçãoValoresCalculados -->
