<?xml version="1.0" encoding="UTF-8"?>
<!-- Generated by org.testng.reporters.JUnitReportReporter -->
<testsuite hostname="Agile" failures="0" tests="1" name="com.timp.test.MDR.Centralizacao.FatorCreditamento.FatorCreditamentoEditar" time="134.047" errors="0" timestamp="30 ene. 2022 08:36:12 GMT" skipped="0">
  <testcase classname="com.timp.test.MDR.Centralizacao.FatorCreditamento.FatorCreditamentoEditar" name="editar" time="134.047"/>
</testsuite> <!-- com.timp.test.MDR.Centralizacao.FatorCreditamento.FatorCreditamentoEditar -->
