<?xml version="1.0" encoding="UTF-8"?>
<!-- Generated by org.testng.reporters.JUnitReportReporter -->
<testsuite hostname="LitoSoler" name="com.timp.test.MDR.CodigoContabilizacao.CodigoContabilizacaoExcluir" tests="3" failures="0" timestamp="24 Sep 2020 15:39:50 GMT" time="56.790" errors="0">
  <testcase name="login" time="6.543" classname="com.timp.test.MDR.CodigoContabilizacao.CodigoContabilizacaoExcluir"/>
  <testcase name="Excluir" time="35.386" classname="com.timp.test.MDR.CodigoContabilizacao.CodigoContabilizacaoExcluir"/>
  <testcase name="acessarMDR" time="14.861" classname="com.timp.test.MDR.CodigoContabilizacao.CodigoContabilizacaoExcluir"/>
</testsuite> <!-- com.timp.test.MDR.CodigoContabilizacao.CodigoContabilizacaoExcluir -->
