<?xml version="1.0" encoding="UTF-8"?>
<!-- Generated by org.testng.reporters.JUnitReportReporter -->
<testsuite hostname="Agile" failures="0" tests="1" name="com.timp.test.BRB.ComentarioLibre" time="372.524" errors="0" timestamp="15 feb. 2022 01:24:51 GMT" skipped="0">
  <testcase classname="com.timp.test.BRB.ComentarioLibre" name="comentarioLibre" time="372.524"/>
</testsuite> <!-- com.timp.test.BRB.ComentarioLibre -->
