<?xml version="1.0" encoding="UTF-8"?>
<!-- Generated by org.testng.reporters.JUnitReportReporter -->
<<<<<<< HEAD
<testsuite hostname="DESKTOP-C57COV6" failures="0" tests="1" name="com.timp.test.MDR.Siscoserv.PaisMoeda.PaisMoedaExcluir" time="192.907" errors="0" timestamp="06 nov. 2021 18:00:27 GMT" skipped="0">
  <testcase classname="com.timp.test.MDR.Siscoserv.PaisMoeda.PaisMoedaExcluir" name="excluir" time="192.907"/>
=======
<testsuite hostname="MassielV" failures="0" tests="1" name="com.timp.test.MDR.Siscoserv.PaisMoeda.PaisMoedaExcluir" time="94.849" errors="0" timestamp="06 nov. 2021 16:00:45 GMT" skipped="0">
  <testcase classname="com.timp.test.MDR.Siscoserv.PaisMoeda.PaisMoedaExcluir" name="excluir" time="94.849"/>
>>>>>>> branch 'Yessy' of https://github.com/salc1997/TIMP_R1.git
</testsuite> <!-- com.timp.test.MDR.Siscoserv.PaisMoeda.PaisMoedaExcluir -->
