<?xml version="1.0" encoding="UTF-8"?>
<!-- Generated by org.testng.reporters.JUnitReportReporter -->
<testsuite hostname="DESKTOP-5P4F1JE" failures="0" tests="3" name="com.timp.test.TBD.ArmazenagemDeArquivos.AprovacaoDeDocumentos.AprovacaoDeDocumentosEditar" time="145.055" errors="0" timestamp="28 Dec 2020 20:11:32 GMT">
  <testcase classname="com.timp.test.TBD.ArmazenagemDeArquivos.AprovacaoDeDocumentos.AprovacaoDeDocumentosEditar" name="TBDEntrar" time="15.239"/>
  <testcase classname="com.timp.test.TBD.ArmazenagemDeArquivos.AprovacaoDeDocumentos.AprovacaoDeDocumentosEditar" name="login" time="7.812"/>
  <testcase classname="com.timp.test.TBD.ArmazenagemDeArquivos.AprovacaoDeDocumentos.AprovacaoDeDocumentosEditar" name="editar" time="122.004"/>
</testsuite> <!-- com.timp.test.TBD.ArmazenagemDeArquivos.AprovacaoDeDocumentos.AprovacaoDeDocumentosEditar -->
