<?xml version="1.0" encoding="UTF-8"?>
<!-- Generated by org.testng.reporters.JUnitReportReporter -->
<<<<<<< HEAD
<testsuite hostname="DESKTOP-C57COV6" failures="0" tests="1" name="com.timp.test.MDR.TabelasApoioESocial.Tabela02.FinanciamentoDeAposEspDetalhe" time="140.367" errors="0" timestamp="30 sep. 2021 06:32:19 GMT" skipped="0">
  <testcase classname="com.timp.test.MDR.TabelasApoioESocial.Tabela02.FinanciamentoDeAposEspDetalhe" name="detalhe" time="140.367"/>
=======
<testsuite hostname="DESKTOP-JP1A9E6" failures="0" tests="1" name="com.timp.test.MDR.TabelasApoioESocial.Tabela02.FinanciamentoDeAposEspDetalhe" time="113.490" errors="0" timestamp="23 sep. 2021 07:43:47 GMT" skipped="0">
  <testcase classname="com.timp.test.MDR.TabelasApoioESocial.Tabela02.FinanciamentoDeAposEspDetalhe" name="detalhe" time="113.490"/>
>>>>>>> branch 'Yessy' of https://github.com/salc1997/TIMP_R1.git
</testsuite> <!-- com.timp.test.MDR.TabelasApoioESocial.Tabela02.FinanciamentoDeAposEspDetalhe -->
