<?xml version="1.0" encoding="UTF-8"?>
<!-- Generated by org.testng.reporters.JUnitReportReporter -->
<testsuite hostname="MassielV" failures="0" tests="2" name="com.timp.test.ATR.Estruturas.MapeamentoDeEstruturas.MapeamentodeEstruturasExcluirMassa" time="315.132" errors="0" timestamp="14 oct. 2021 06:35:56 GMT" skipped="0">
  <testcase classname="com.timp.test.ATR.Estruturas.MapeamentoDeEstruturas.MapeamentodeEstruturasExcluirMassa" name="Criar" time="276.270"/>
  <testcase classname="com.timp.test.ATR.Estruturas.MapeamentoDeEstruturas.MapeamentodeEstruturasExcluirMassa" name="excluirMasa" time="38.862"/>
</testsuite> <!-- com.timp.test.ATR.Estruturas.MapeamentoDeEstruturas.MapeamentodeEstruturasExcluirMassa -->
