<?xml version="1.0" encoding="UTF-8"?>
<!-- Generated by org.testng.reporters.JUnitReportReporter -->
<testsuite hostname="DESKTOP-JP1A9E6" failures="0" tests="3" name="com.timp.test.BRB.Formula" time="203.475" errors="0" timestamp="20 ago. 2021 23:09:46 GMT" skipped="0">
  <testcase classname="com.timp.test.BRB.Formula" name="formulaColuna" time="105.537"/>
  <testcase classname="com.timp.test.BRB.Formula" name="aplicar" time="10.396"/>
  <testcase classname="com.timp.test.BRB.Formula" name="formulaBoton" time="87.542"/>
</testsuite> <!-- com.timp.test.BRB.Formula -->
