<?xml version="1.0" encoding="UTF-8"?>
<!-- Generated by org.testng.reporters.JUnitReportReporter -->
<testsuite hostname="DESKTOP-C57COV6" failures="0" tests="1" name="com.timp.test.MDR.TabelasApoioESocial.Tabela12.CompatibilidadeEntreLotacaoVisualizar" time="75.953" errors="0" timestamp="02 nov. 2021 11:12:24 GMT" skipped="0">
  <testcase classname="com.timp.test.MDR.TabelasApoioESocial.Tabela12.CompatibilidadeEntreLotacaoVisualizar" name="visualizar" time="75.953"/>
</testsuite> <!-- com.timp.test.MDR.TabelasApoioESocial.Tabela12.CompatibilidadeEntreLotacaoVisualizar -->
