<?xml version="1.0" encoding="UTF-8"?>
<!-- Generated by org.testng.reporters.JUnitReportReporter -->
<testsuite hostname="DESKTOP-M23FVFN" failures="0" tests="2" name="com.timp.test.BCB.ParametrosGeraisConfiguracao.Configuracao.ParametrosGeraisConfiguraçãoConfiguraçãoCriarComCópia" time="181.624" errors="0" timestamp="2022-07-05T08:11:32 CST" skipped="0">
  <testcase classname="com.timp.test.BCB.ParametrosGeraisConfiguracao.Configuracao.ParametrosGeraisConfiguraçãoConfiguraçãoCriarComCópia" name="criarConfiguracaoHierarquia" time="129.458"/>
  <system-out/>
  <testcase classname="com.timp.test.BCB.ParametrosGeraisConfiguracao.Configuracao.ParametrosGeraisConfiguraçãoConfiguraçãoCriarComCópia" name="excluirr" time="52.166"/>
  <system-out/>
</testsuite> <!-- com.timp.test.BCB.ParametrosGeraisConfiguracao.Configuracao.ParametrosGeraisConfiguraçãoConfiguraçãoCriarComCópia -->
