<?xml version="1.0" encoding="UTF-8"?>
<!-- Generated by org.testng.reporters.JUnitReportReporter -->
<testsuite hostname="DESKTOP-M23FVFN" failures="0" tests="1" name="com.timp.test.TFP.Periodos.Periodos.PeriodosFiltroPorId" time="85.895" errors="0" timestamp="23 feb. 2022 22:45:22 GMT" skipped="0">
  <testcase classname="com.timp.test.TFP.Periodos.Periodos.PeriodosFiltroPorId" name="filtro" time="85.895"/>
</testsuite> <!-- com.timp.test.TFP.Periodos.Periodos.PeriodosFiltroPorId -->
