<?xml version="1.0" encoding="UTF-8"?>
<!-- Generated by org.testng.reporters.JUnitReportReporter -->
<<<<<<< HEAD
<testsuite hostname="MassielV" failures="0" tests="1" name="com.timp.test.BRB.NovoRelatorio" time="197.597" errors="0" timestamp="11 oct. 2021 14:09:32 GMT" skipped="0">
  <testcase classname="com.timp.test.BRB.NovoRelatorio" name="novoRelatorio" time="197.597"/>
=======
<testsuite hostname="DESKTOP-C57COV6" failures="0" tests="1" name="com.timp.test.BRB.NovoRelatorio" time="199.781" errors="0" timestamp="05 oct. 2021 18:27:39 GMT" skipped="0">
  <testcase classname="com.timp.test.BRB.NovoRelatorio" name="novoRelatorio" time="199.781"/>
>>>>>>> branch 'Yessy' of https://github.com/salc1997/TIMP_R1.git
</testsuite> <!-- com.timp.test.BRB.NovoRelatorio -->
