<?xml version="1.0" encoding="UTF-8"?>
<!-- Generated by org.testng.reporters.JUnitReportReporter -->
<<<<<<< HEAD
<<<<<<< HEAD
<testsuite hostname="DESKTOP-M23FVFN" failures="0" tests="1" name="com.timp.test.MDR.IncentivosFiscais.IncentivosFiscaisCriar" time="149.202" errors="0" timestamp="30 nov. 2021 08:27:55 GMT" skipped="0">
  <testcase classname="com.timp.test.MDR.IncentivosFiscais.IncentivosFiscaisCriar" name="CriarIncentivosFiscais" time="149.202"/>
=======
<<<<<<< HEAD
<testsuite hostname="DESKTOP-C57COV6" failures="0" tests="1" name="com.timp.test.MDR.IncentivosFiscais.IncentivosFiscaisCriar" time="145.346" errors="0" timestamp="26 nov. 2021 20:06:57 GMT" skipped="0">
  <testcase classname="com.timp.test.MDR.IncentivosFiscais.IncentivosFiscaisCriar" name="CriarIncentivosFiscais" time="145.346"/>
=======
<testsuite hostname="MassielV" failures="0" tests="1" name="com.timp.test.MDR.IncentivosFiscais.IncentivosFiscaisCriar" time="136.373" errors="0" timestamp="25 nov. 2021 09:03:54 GMT" skipped="0">
  <testcase classname="com.timp.test.MDR.IncentivosFiscais.IncentivosFiscaisCriar" name="CriarIncentivosFiscais" time="136.373"/>
>>>>>>> branch 'Yessy' of https://github.com/salc1997/TIMP_R1.git
>>>>>>> branch 'master' of https://github.com/salc1997/TIMP_R1.git
=======
<testsuite hostname="Agile" failures="0" tests="1" name="com.timp.test.MDR.IncentivosFiscais.IncentivosFiscaisCriar" time="124.956" errors="0" timestamp="04 mar. 2022 09:52:12 GMT" skipped="0">
  <testcase classname="com.timp.test.MDR.IncentivosFiscais.IncentivosFiscaisCriar" name="CriarIncentivosFiscais" time="124.956"/>
>>>>>>> refs/heads/Yessy
</testsuite> <!-- com.timp.test.MDR.IncentivosFiscais.IncentivosFiscaisCriar -->
