<?xml version="1.0" encoding="UTF-8"?>
<!-- Generated by org.testng.reporters.JUnitReportReporter -->
<testsuite hostname="MIGUEL" failures="0" tests="3" name="com.timp.test.TBD.Configuração.CamposChaves.CamposChavesCriar" time="143.101" errors="0" timestamp="22 abr. 2021 13:49:57 GMT" skipped="0">
  <testcase classname="com.timp.test.TBD.Configuração.CamposChaves.CamposChavesCriar" name="login" time="7.555"/>
  <testcase classname="com.timp.test.TBD.Configuração.CamposChaves.CamposChavesCriar" name="TBDEntrar" time="17.202"/>
  <testcase classname="com.timp.test.TBD.Configuração.CamposChaves.CamposChavesCriar" name="criar" time="118.344"/>
</testsuite> <!-- com.timp.test.TBD.Configuração.CamposChaves.CamposChavesCriar -->
