<?xml version="1.0" encoding="UTF-8"?>
<!-- Generated by org.testng.reporters.JUnitReportReporter -->
<testsuite hostname="DESKTOP-M23FVFN" failures="0" tests="1" name="com.timp.test.MDR.RegistroECAC.RegistroECACEditar" time="103.690" errors="0" timestamp="06 ene. 2022 10:51:38 GMT" skipped="0">
  <testcase classname="com.timp.test.MDR.RegistroECAC.RegistroECACEditar" name="editar" time="103.690"/>
</testsuite> <!-- com.timp.test.MDR.RegistroECAC.RegistroECACEditar -->
