<?xml version="1.0" encoding="UTF-8"?>
<!-- Generated by org.testng.reporters.JUnitReportReporter -->
<testsuite hostname="LitoSoler" name="com.timp.test.MDR.TabelaDeApoioECF.TabelaDeApoioECFCriar" tests="3" failures="0" timestamp="8 Oct 2020 21:48:40 GMT" time="103.754" errors="0">
  <testcase name="acessarMDR" time="18.969" classname="com.timp.test.MDR.TabelaDeApoioECF.TabelaDeApoioECFCriar"/>
  <testcase name="login" time="11.795" classname="com.timp.test.MDR.TabelaDeApoioECF.TabelaDeApoioECFCriar"/>
  <testcase name="criar" time="72.990" classname="com.timp.test.MDR.TabelaDeApoioECF.TabelaDeApoioECFCriar"/>
</testsuite> <!-- com.timp.test.MDR.TabelaDeApoioECF.TabelaDeApoioECFCriar -->
