<?xml version="1.0" encoding="UTF-8"?>
<!-- Generated by org.testng.reporters.JUnitReportReporter -->
<testsuite hostname="DESKTOP-M23FVFN" failures="0" tests="2" name="com.timp.test.BCB.ParametrosGeraisConfiguracao.Configuracao.ParametrosGeraisConfiguraçãoConfiguraçãoCriarComCópia" time="177.742" errors="0" timestamp="24 may. 2022 07:21:55 GMT" skipped="0">
  <testcase classname="com.timp.test.BCB.ParametrosGeraisConfiguracao.Configuracao.ParametrosGeraisConfiguraçãoConfiguraçãoCriarComCópia" name="excluirr" time="50.390"/>
  <testcase classname="com.timp.test.BCB.ParametrosGeraisConfiguracao.Configuracao.ParametrosGeraisConfiguraçãoConfiguraçãoCriarComCópia" name="criarConfiguracaoHierarquia" time="127.352"/>
</testsuite> <!-- com.timp.test.BCB.ParametrosGeraisConfiguracao.Configuracao.ParametrosGeraisConfiguraçãoConfiguraçãoCriarComCópia -->
