<?xml version="1.0" encoding="UTF-8"?>
<!-- Generated by org.testng.reporters.JUnitReportReporter -->
<testsuite hostname="LitoSoler" name="com.timp.test.BRB.Formula" tests="5" failures="0" timestamp="12 Nov 2020 01:12:48 GMT" time="210.084" errors="0">
  <testcase name="aplicar" time="11.475" classname="com.timp.test.BRB.Formula"/>
  <testcase name="login" time="7.463" classname="com.timp.test.BRB.Formula"/>
  <testcase name="formulaBoton" time="120.019" classname="com.timp.test.BRB.Formula"/>
  <testcase name="formulaColuna" time="48.894" classname="com.timp.test.BRB.Formula"/>
  <testcase name="brbEntrar" time="22.233" classname="com.timp.test.BRB.Formula"/>
</testsuite> <!-- com.timp.test.BRB.Formula -->
