<?xml version="1.0" encoding="UTF-8"?>
<!-- Generated by org.testng.reporters.JUnitReportReporter -->
<testsuite hostname="DESKTOP-35UG9UP" name="com.timp.test.MDR.CadastroCondiçao.CadasatroCondicaoVisualizar" tests="3" failures="0" timestamp="29 Jul 2020 17:08:28 GMT" time="64.936" errors="0">
  <testcase name="Visualizar" time="27.254" classname="com.timp.test.MDR.CadastroCondiçao.CadasatroCondicaoVisualizar"/>
  <testcase name="login" time="10.326" classname="com.timp.test.MDR.CadastroCondiçao.CadasatroCondicaoVisualizar"/>
  <testcase name="acessarMDR" time="27.356" classname="com.timp.test.MDR.CadastroCondiçao.CadasatroCondicaoVisualizar"/>
</testsuite> <!-- com.timp.test.MDR.CadastroCondiçao.CadasatroCondicaoVisualizar -->
