<?xml version="1.0" encoding="UTF-8"?>
<!-- Generated by org.testng.reporters.JUnitReportReporter -->
<testsuite hostname="LitoSoler" name="com.timp.test.BCB.ParametrosGeraisHierarquiaVisualizar" tests="3" failures="0" timestamp="21 Jan 2021 20:27:27 GMT" time="56.772" errors="0">
  <testcase name="visualizar" time="35.800" classname="com.timp.test.BCB.ParametrosGeraisHierarquiaVisualizar"/>
  <testcase name="login" time="7.065" classname="com.timp.test.BCB.ParametrosGeraisHierarquiaVisualizar"/>
  <testcase name="brbEntrar" time="13.907" classname="com.timp.test.BCB.ParametrosGeraisHierarquiaVisualizar"/>
</testsuite> <!-- com.timp.test.BCB.ParametrosGeraisHierarquiaVisualizar -->
