<?xml version="1.0" encoding="UTF-8"?>
<!-- Generated by org.testng.reporters.JUnitReportReporter -->
<testsuite hostname="DESKTOP-HB7TMPD" failures="0" tests="3" name="com.timp.test.MDR.PrecoDeTransferencia.ModeloDeApuracaoTP.ModeloDeApuracaoTPCriar" time="130.009" errors="0" timestamp="14 Nov 2020 04:58:29 GMT">
  <testcase classname="com.timp.test.MDR.PrecoDeTransferencia.ModeloDeApuracaoTP.ModeloDeApuracaoTPCriar" name="login" time="11.346"/>
  <testcase classname="com.timp.test.MDR.PrecoDeTransferencia.ModeloDeApuracaoTP.ModeloDeApuracaoTPCriar" name="acessarMDR" time="67.363"/>
  <testcase classname="com.timp.test.MDR.PrecoDeTransferencia.ModeloDeApuracaoTP.ModeloDeApuracaoTPCriar" name="criar" time="51.300"/>
</testsuite> <!-- com.timp.test.MDR.PrecoDeTransferencia.ModeloDeApuracaoTP.ModeloDeApuracaoTPCriar -->
