<?xml version="1.0" encoding="UTF-8"?>
<!-- Generated by org.testng.reporters.JUnitReportReporter -->
<testsuite hostname="Agile" failures="0" tests="1" name="com.timp.test.MDR.ContratoIOF.ContratoIOFEditar" time="188.336" errors="0" timestamp="18 dic. 2021 16:10:32 GMT" skipped="0">
  <testcase classname="com.timp.test.MDR.ContratoIOF.ContratoIOFEditar" name="editar" time="188.336"/>
</testsuite> <!-- com.timp.test.MDR.ContratoIOF.ContratoIOFEditar -->
