<?xml version="1.0" encoding="UTF-8"?>
<!-- Generated by org.testng.reporters.JUnitReportReporter -->
<testsuite hostname="CRISTHIAN-VASQUEZ" failures="0" tests="3" name="com.timp.test.TPC.ParâmetrosGeraisCriar" time="145.573" errors="0" timestamp="18 Jan 2021 15:43:26 GMT">
  <testcase classname="com.timp.test.TPC.ParâmetrosGeraisCriar" name="ingresarTPC" time="19.352"/>
  <testcase classname="com.timp.test.TPC.ParâmetrosGeraisCriar" name="criar" time="118.362"/>
  <testcase classname="com.timp.test.TPC.ParâmetrosGeraisCriar" name="ingresar" time="7.859"/>
</testsuite> <!-- com.timp.test.TPC.ParâmetrosGeraisCriar -->
