<?xml version="1.0" encoding="UTF-8"?>
<!-- Generated by org.testng.reporters.JUnitReportReporter -->
<testsuite hostname="LitoSoler" name="com.timp.test.BRB.Eliminar" tests="4" failures="0" timestamp="11 Nov 2020 23:01:13 GMT" time="139.148" errors="0">
  <testcase name="eliminarLixeira" time="38.512" classname="com.timp.test.BRB.Eliminar"/>
  <testcase name="login" time="8.370" classname="com.timp.test.BRB.Eliminar"/>
  <testcase name="brbEntrar" time="47.297" classname="com.timp.test.BRB.Eliminar"/>
  <testcase name="eliminar" time="44.969" classname="com.timp.test.BRB.Eliminar"/>
</testsuite> <!-- com.timp.test.BRB.Eliminar -->
