<?xml version="1.0" encoding="UTF-8"?>
<!-- Generated by org.testng.reporters.JUnitReportReporter -->
<testsuite hostname="DESKTOP-C57COV6" failures="0" tests="1" name="com.timp.test.TFP.Configurações.Configurações.Período.ConfiguraçõesPeríodoCriar" time="110.494" errors="0" timestamp="22 abr. 2021 19:36:50 GMT" skipped="0">
  <testcase classname="com.timp.test.TFP.Configurações.Configurações.Período.ConfiguraçõesPeríodoCriar" name="criar" time="110.494"/>
</testsuite> <!-- com.timp.test.TFP.Configurações.Configurações.Período.ConfiguraçõesPeríodoCriar -->
