<?xml version="1.0" encoding="UTF-8"?>
<!-- Generated by org.testng.reporters.JUnitReportReporter -->
<testsuite hostname="Agile" failures="0" tests="1" name="com.timp.test.MDR.TabelasApoioESocial.Tabela20.TiposDeLogradouroVisualizar" time="84.430" errors="0" timestamp="22 dic. 2021 11:40:47 GMT" skipped="0">
  <testcase classname="com.timp.test.MDR.TabelasApoioESocial.Tabela20.TiposDeLogradouroVisualizar" name="visualizar" time="84.430"/>
</testsuite> <!-- com.timp.test.MDR.TabelasApoioESocial.Tabela20.TiposDeLogradouroVisualizar -->
