<?xml version="1.0" encoding="UTF-8"?>
<!-- Generated by org.testng.reporters.JUnitReportReporter -->
<testsuite hostname="LitoSoler" name="com.timp.test.MDR.Centralizacao.Tributos.TributosVisualizar" tests="3" failures="0" timestamp="7 Aug 2020 02:01:17 GMT" time="45.702" errors="0">
  <testcase name="visualizar" time="31.797" classname="com.timp.test.MDR.Centralizacao.Tributos.TributosVisualizar"/>
  <testcase name="login" time="6.128" classname="com.timp.test.MDR.Centralizacao.Tributos.TributosVisualizar"/>
  <testcase name="acessarMDR" time="7.777" classname="com.timp.test.MDR.Centralizacao.Tributos.TributosVisualizar"/>
</testsuite> <!-- com.timp.test.MDR.Centralizacao.Tributos.TributosVisualizar -->
