<?xml version="1.0" encoding="UTF-8"?>
<!-- Generated by org.testng.reporters.JUnitReportReporter -->
<testsuite hostname="DESKTOP-5P4F1JE" failures="0" tests="3" name="com.timp.test.BRB.AtivarComentario" time="70.251" errors="0" timestamp="13 Nov 2020 19:39:19 GMT">
  <testcase classname="com.timp.test.BRB.AtivarComentario" name="login" time="7.893"/>
  <testcase classname="com.timp.test.BRB.AtivarComentario" name="ativarComentarios" time="39.686"/>
  <testcase classname="com.timp.test.BRB.AtivarComentario" name="brbEntrar" time="22.672"/>
</testsuite> <!-- com.timp.test.BRB.AtivarComentario -->
