<?xml version="1.0" encoding="UTF-8"?>
<!-- Generated by org.testng.reporters.JUnitReportReporter -->
<testsuite hostname="DESKTOP-C57COV6" failures="0" tests="1" name="com.timp.test.BRB.FiltrosAvancados" time="62.456" errors="0" timestamp="25 sep. 2021 05:44:14 GMT" skipped="0">
  <testcase classname="com.timp.test.BRB.FiltrosAvancados" name="filtrosAvanzados" time="62.456"/>
</testsuite> <!-- com.timp.test.BRB.FiltrosAvancados -->
