<?xml version="1.0" encoding="UTF-8"?>
<!-- Generated by org.testng.reporters.JUnitReportReporter -->
<testsuite hostname="DESKTOP-HB7TMPD" failures="0" tests="3" name="com.timp.test.TFP.Configurações.StatusPeriodo.ConfiguracoesStatusPeriodoCriar" time="123.339" errors="0" timestamp="9 Dec 2020 06:35:19 GMT">
  <testcase classname="com.timp.test.TFP.Configurações.StatusPeriodo.ConfiguracoesStatusPeriodoCriar" name="criar" time="93.959"/>
  <testcase classname="com.timp.test.TFP.Configurações.StatusPeriodo.ConfiguracoesStatusPeriodoCriar" name="TFPEntrar" time="20.078"/>
  <testcase classname="com.timp.test.TFP.Configurações.StatusPeriodo.ConfiguracoesStatusPeriodoCriar" name="login" time="9.302"/>
</testsuite> <!-- com.timp.test.TFP.Configurações.StatusPeriodo.ConfiguracoesStatusPeriodoCriar -->
