<?xml version="1.0" encoding="UTF-8"?>
<!-- Generated by org.testng.reporters.JUnitReportReporter -->
<testsuite hostname="DESKTOP-M23FVFN" failures="0" tests="2" name="com.timp.test.BRB.GruposAvancados" time="1190.370" errors="0" timestamp="2022-07-18T16:47:38 CST" skipped="0">
  <testcase classname="com.timp.test.BRB.GruposAvancados" name="gruposAvanzados" time="1135.206"/>
  <system-out/>
  <testcase classname="com.timp.test.BRB.GruposAvancados" name="eliminarGrupos" time="55.164"/>
  <system-out/>
</testsuite> <!-- com.timp.test.BRB.GruposAvancados -->
