<?xml version="1.0" encoding="UTF-8"?>
<!-- Generated by org.testng.reporters.JUnitReportReporter -->
<<<<<<< HEAD
<testsuite hostname="DESKTOP-C57COV6" failures="0" tests="3" name="com.timp.test.TBD.ConsultaDeDocumentos.ConsultaDeDocumentosDetalhes" time="46.144" errors="0" timestamp="22 abr. 2021 02:21:03 GMT" skipped="0">
  <testcase classname="com.timp.test.TBD.ConsultaDeDocumentos.ConsultaDeDocumentosDetalhes" name="login" time="11.599"/>
  <testcase classname="com.timp.test.TBD.ConsultaDeDocumentos.ConsultaDeDocumentosDetalhes" name="TBDEntrar" time="15.990"/>
  <testcase classname="com.timp.test.TBD.ConsultaDeDocumentos.ConsultaDeDocumentosDetalhes" name="detalle" time="18.555"/>
</testsuite> <!-- com.timp.test.TBD.ConsultaDeDocumentos.ConsultaDeDocumentosDetalhes -->
=======
<testsuite hostname="MIGUEL" failures="0" tests="3" name="com.timp.test.TBD.ConsultaDeDocumentos.ConsultaDeDocumentosDetalhes" time="127.448" errors="0" timestamp="21 abr. 2021 21:18:15 GMT" skipped="0">
  <testcase classname="com.timp.test.TBD.ConsultaDeDocumentos.ConsultaDeDocumentosDetalhes" name="login" time="12.010"/>
  <testcase classname="com.timp.test.TBD.ConsultaDeDocumentos.ConsultaDeDocumentosDetalhes" name="detalle" time="85.813"/>
  <testcase classname="com.timp.test.TBD.ConsultaDeDocumentos.ConsultaDeDocumentosDetalhes" name="TBDEntrar" time="29.625"/>
</testsuite> <!-- com.timp.test.TBD.ConsultaDeDocumentos.ConsultaDeDocumentosDetalhes -->
>>>>>>> refs/heads/Fernando
