<?xml version="1.0" encoding="UTF-8"?>
<!-- Generated by org.testng.reporters.JUnitReportReporter -->
<testsuite hostname="DESKTOP-C57COV6" failures="0" tests="1" name="com.timp.test.MDR.Empresas.EmpresasDetalhes" time="89.746" errors="0" timestamp="18 may. 2021 03:29:11 GMT" skipped="0">
  <testcase classname="com.timp.test.MDR.Empresas.EmpresasDetalhes" name="detalhes" time="89.746"/>
</testsuite> <!-- com.timp.test.MDR.Empresas.EmpresasDetalhes -->
