<?xml version="1.0" encoding="UTF-8"?>
<!-- Generated by org.testng.reporters.JUnitReportReporter -->
<testsuite hostname="Agile" failures="0" tests="1" name="com.timp.test.BRE.RegrasDeAuditoriaN3.ParametrosGerais.RegrasDeAuditoriaN3LixeiraEmMassaMaisExcluirEmMassa" time="380.784" errors="0" timestamp="09 dic. 2021 18:32:14 GMT" skipped="0">
  <testcase classname="com.timp.test.BRE.RegrasDeAuditoriaN3.ParametrosGerais.RegrasDeAuditoriaN3LixeiraEmMassaMaisExcluirEmMassa" name="excluirEmMassa" time="380.784"/>
</testsuite> <!-- com.timp.test.BRE.RegrasDeAuditoriaN3.ParametrosGerais.RegrasDeAuditoriaN3LixeiraEmMassaMaisExcluirEmMassa -->
