<?xml version="1.0" encoding="UTF-8"?>
<!-- Generated by org.testng.reporters.JUnitReportReporter -->
<testsuite hostname="DESKTOP-M23FVFN" failures="0" tests="1" name="com.timp.test.BRB.ComentarioListaSuspensa" time="376.016" errors="0" timestamp="04 feb. 2022 21:28:11 GMT" skipped="0">
  <testcase classname="com.timp.test.BRB.ComentarioListaSuspensa" name="listaSuspensa" time="376.016"/>
</testsuite> <!-- com.timp.test.BRB.ComentarioListaSuspensa -->
