<?xml version="1.0" encoding="UTF-8"?>
<!-- Generated by org.testng.reporters.JUnitReportReporter -->
<testsuite skipped="0" hostname="LitoSoler" name="com.timp.test.MDR.ValorAdicionado.Municipio.MunicipioDetalhes" tests="1" failures="0" timestamp="24 feb 2021 17:33:34 GMT" time="71.735" errors="0">
  <testcase name="detalhes" time="71.735" classname="com.timp.test.MDR.ValorAdicionado.Municipio.MunicipioDetalhes"/>
</testsuite> <!-- com.timp.test.MDR.ValorAdicionado.Municipio.MunicipioDetalhes -->
