<?xml version="1.0" encoding="UTF-8"?>
<!-- Generated by org.testng.reporters.JUnitReportReporter -->
<testsuite hostname="DESKTOP-M23FVFN" failures="0" tests="1" name="com.timp.test.MDR.DeterminacaoRelevanciaTarefaMotivoReabertura.CadastroMotivosReabertura.CadastroMotivosReaberturaCriar" time="92.548" errors="0" timestamp="16 feb. 2022 09:15:00 GMT" skipped="0">
  <testcase classname="com.timp.test.MDR.DeterminacaoRelevanciaTarefaMotivoReabertura.CadastroMotivosReabertura.CadastroMotivosReaberturaCriar" name="criar" time="92.548"/>
</testsuite> <!-- com.timp.test.MDR.DeterminacaoRelevanciaTarefaMotivoReabertura.CadastroMotivosReabertura.CadastroMotivosReaberturaCriar -->
