<?xml version="1.0" encoding="UTF-8"?>
<!-- Generated by org.testng.reporters.JUnitReportReporter -->
<testsuite hostname="DESKTOP-5P4F1JE" failures="0" tests="2" name="com.timp.test.BRE.AcessarBRE" time="27.958" errors="0" timestamp="20 Dec 2020 23:59:56 GMT">
  <testcase classname="com.timp.test.BRE.AcessarBRE" name="MDREntrar" time="18.425"/>
  <testcase classname="com.timp.test.BRE.AcessarBRE" name="login" time="9.533"/>
</testsuite> <!-- com.timp.test.BRE.AcessarBRE -->
