<?xml version="1.0" encoding="UTF-8"?>
<!-- Generated by org.testng.reporters.JUnitReportReporter -->
<testsuite hostname="DESKTOP-35UG9UP" name="com.timp.test.MDR.RepresentanteLegais.RepresentanteLegaisVisualizar" tests="3" failures="0" timestamp="27 Aug 2020 21:01:29 GMT" time="95.683" errors="0">
  <testcase name="Visualizar" time="73.503" classname="com.timp.test.MDR.RepresentanteLegais.RepresentanteLegaisVisualizar"/>
  <testcase name="acessarMDR" time="12.016" classname="com.timp.test.MDR.RepresentanteLegais.RepresentanteLegaisVisualizar"/>
  <testcase name="login" time="10.164" classname="com.timp.test.MDR.RepresentanteLegais.RepresentanteLegaisVisualizar"/>
</testsuite> <!-- com.timp.test.MDR.RepresentanteLegais.RepresentanteLegaisVisualizar -->
