<?xml version="1.0" encoding="UTF-8"?>
<!-- Generated by org.testng.reporters.JUnitReportReporter -->
<testsuite hostname="DESKTOP-C57COV6" failures="0" tests="3" name="com.timp.test.DFG.Configuracoes.ConfiguracoesExecutar" time="254.269" errors="0" timestamp="13 may. 2021 20:31:07 GMT" skipped="0">
  <testcase classname="com.timp.test.DFG.Configuracoes.ConfiguracoesExecutar" name="ingresar" time="8.113"/>
  <testcase classname="com.timp.test.DFG.Configuracoes.ConfiguracoesExecutar" name="dfgEntrar" time="16.935"/>
  <testcase classname="com.timp.test.DFG.Configuracoes.ConfiguracoesExecutar" name="executar" time="229.221"/>
</testsuite> <!-- com.timp.test.DFG.Configuracoes.ConfiguracoesExecutar -->
