<?xml version="1.0" encoding="UTF-8"?>
<!-- Generated by org.testng.reporters.JUnitReportReporter -->
<testsuite hostname="LitoSoler" name="com.timp.test.MDR.TaxasDeActualizacao.AliquotasDeTaxaDeActualizacaoExcluirEmMassa" tests="3" failures="0" timestamp="22 Jan 2021 23:27:28 GMT" time="132.918" errors="0">
  <testcase name="ingresar" time="8.389" classname="com.timp.test.MDR.TaxasDeActualizacao.AliquotasDeTaxaDeActualizacaoExcluirEmMassa"/>
  <testcase name="mdrEntrar" time="21.367" classname="com.timp.test.MDR.TaxasDeActualizacao.AliquotasDeTaxaDeActualizacaoExcluirEmMassa"/>
  <testcase name="excluirEmMassa" time="103.162" classname="com.timp.test.MDR.TaxasDeActualizacao.AliquotasDeTaxaDeActualizacaoExcluirEmMassa"/>
</testsuite> <!-- com.timp.test.MDR.TaxasDeActualizacao.AliquotasDeTaxaDeActualizacaoExcluirEmMassa -->
