<?xml version="1.0" encoding="UTF-8"?>
<!-- Generated by org.testng.reporters.JUnitReportReporter -->
<testsuite hostname="DESKTOP-M23FVFN" failures="0" tests="1" name="com.timp.test.BRB.RenomearColuna" time="94.794" errors="0" timestamp="2023-01-11T11:21:27 BRT" skipped="0">
  <testcase classname="com.timp.test.BRB.RenomearColuna" name="renomearColuna" time="94.794"/>
  <system-out/>
</testsuite> <!-- com.timp.test.BRB.RenomearColuna -->
