<?xml version="1.0" encoding="UTF-8"?>
<!-- Generated by org.testng.reporters.JUnitReportReporter -->
<testsuite hostname="DESKTOP-C57COV6" failures="0" tests="3" name="com.timp.test.ADM.Configuração.Usuarios.UsuariosFiltrosAvancados" time="84.287" errors="0" timestamp="27 jul. 2021 18:47:41 GMT" skipped="0">
  <testcase classname="com.timp.test.ADM.Configuração.Usuarios.UsuariosFiltrosAvancados" name="login" time="10.543"/>
  <testcase classname="com.timp.test.ADM.Configuração.Usuarios.UsuariosFiltrosAvancados" name="AcessarADM" time="17.869"/>
  <testcase classname="com.timp.test.ADM.Configuração.Usuarios.UsuariosFiltrosAvancados" name="filtros" time="55.875"/>
</testsuite> <!-- com.timp.test.ADM.Configuração.Usuarios.UsuariosFiltrosAvancados -->
