<?xml version="1.0" encoding="UTF-8"?>
<!-- Generated by org.testng.reporters.JUnitReportReporter -->
<testsuite hostname="LitoSoler" name="com.timp.test.BRB.GruposAvanzados" tests="4" failures="0" timestamp="30 Sep 2020 19:54:09 GMT" time="323.441" errors="0">
  <testcase name="login" time="12.437" classname="com.timp.test.BRB.GruposAvanzados"/>
  <testcase name="eliminarGrupos" time="33.683" classname="com.timp.test.BRB.GruposAvanzados"/>
  <testcase name="brbEntrar" time="41.854" classname="com.timp.test.BRB.GruposAvanzados"/>
  <testcase name="gruposAvanzados" time="235.467" classname="com.timp.test.BRB.GruposAvanzados"/>
</testsuite> <!-- com.timp.test.BRB.GruposAvanzados -->
