<?xml version="1.0" encoding="UTF-8"?>
<!-- Generated by org.testng.reporters.JUnitReportReporter -->
<testsuite hostname="MIGUEL" failures="0" tests="3" name="com.timp.test.BRB.Formula" time="153.725" errors="0" timestamp="17 abr. 2021 20:16:59 GMT" skipped="0">
  <testcase classname="com.timp.test.BRB.Formula" name="formulaBoton" time="72.500"/>
  <testcase classname="com.timp.test.BRB.Formula" name="formulaColuna" time="64.837"/>
  <testcase classname="com.timp.test.BRB.Formula" name="aplicar" time="16.388"/>
</testsuite> <!-- com.timp.test.BRB.Formula -->
