<?xml version="1.0" encoding="UTF-8"?>
<!-- Generated by org.testng.reporters.JUnitReportReporter -->
<testsuite hostname="EC2AMAZ-8HCHO4G" failures="0" tests="1" name="com.timp.test.BRB.CriarComCopia" time="182.475" errors="0" timestamp="2023-03-23T02:55:19 UTC" skipped="0">
  <testcase classname="com.timp.test.BRB.CriarComCopia" name="criarCopia" time="182.475"/>
  <system-out/>
</testsuite> <!-- com.timp.test.BRB.CriarComCopia -->
