<?xml version="1.0" encoding="UTF-8"?>
<!-- Generated by org.testng.reporters.JUnitReportReporter -->
<testsuite hostname="DESKTOP-BNBDMGT" failures="0" tests="3" name="com.timp.test.BCB.ParametrosGeraisFiltrosAvancados" time="82.950" errors="0" timestamp="21 Jan 2021 04:39:30 GMT">
  <testcase classname="com.timp.test.BCB.ParametrosGeraisFiltrosAvancados" name="login" time="8.707"/>
  <testcase classname="com.timp.test.BCB.ParametrosGeraisFiltrosAvancados" name="criarConfiguracao" time="58.696"/>
  <testcase classname="com.timp.test.BCB.ParametrosGeraisFiltrosAvancados" name="brbEntrar" time="15.547"/>
</testsuite> <!-- com.timp.test.BCB.ParametrosGeraisFiltrosAvancados -->
