<?xml version="1.0" encoding="UTF-8"?>
<!-- Generated by org.testng.reporters.JUnitReportReporter -->
<testsuite hostname="MassielV" failures="0" tests="1" name="com.timp.test.MDR.SPCBFederaisRetidos.SPCBFederaisRetidosCriar" time="77.677" errors="0" timestamp="17 nov. 2021 09:08:58 GMT" skipped="0">
  <testcase classname="com.timp.test.MDR.SPCBFederaisRetidos.SPCBFederaisRetidosCriar" name="criar" time="77.677"/>
</testsuite> <!-- com.timp.test.MDR.SPCBFederaisRetidos.SPCBFederaisRetidosCriar -->
