<?xml version="1.0" encoding="UTF-8"?>
<!-- Generated by org.testng.reporters.JUnitReportReporter -->
<testsuite hostname="DESKTOP-C57COV6" failures="0" tests="1" name="com.timp.test.MDR.TabelasApoioSped.AjusteEInformaçoesDeValores.AjusteEInformaçoesDeValoresCriar" time="78.830" errors="0" timestamp="21 may. 2021 10:15:24 GMT" skipped="0">
  <testcase classname="com.timp.test.MDR.TabelasApoioSped.AjusteEInformaçoesDeValores.AjusteEInformaçoesDeValoresCriar" name="criar" time="78.830"/>
</testsuite> <!-- com.timp.test.MDR.TabelasApoioSped.AjusteEInformaçoesDeValores.AjusteEInformaçoesDeValoresCriar -->
