<?xml version="1.0" encoding="UTF-8"?>
<!-- Generated by org.testng.reporters.JUnitReportReporter -->
<testsuite hostname="LitoSoler" name="com.timp.test.BRB.ValidacaoEstruturas.ATRCamposAdicionaisOrdemVendas" tests="3" failures="0" timestamp="14 Sep 2020 18:55:43 GMT" time="149.402" errors="0">
  <testcase name="verificar" time="125.660" classname="com.timp.test.BRB.ValidacaoEstruturas.ATRCamposAdicionaisOrdemVendas"/>
  <testcase name="login" time="7.277" classname="com.timp.test.BRB.ValidacaoEstruturas.ATRCamposAdicionaisOrdemVendas"/>
  <testcase name="brbEntrar" time="16.465" classname="com.timp.test.BRB.ValidacaoEstruturas.ATRCamposAdicionaisOrdemVendas"/>
</testsuite> <!-- com.timp.test.BRB.ValidacaoEstruturas.ATRCamposAdicionaisOrdemVendas -->
