<?xml version="1.0" encoding="UTF-8"?>
<!-- Generated by org.testng.reporters.JUnitReportReporter -->
<testsuite hostname="DESKTOP-C57COV6" failures="0" tests="1" name="com.timp.test.MDR.TabelasApoioESocial.Tabela26.MotivosCesBeneficiosExcluir" time="108.206" errors="0" timestamp="06 oct. 2021 06:30:52 GMT" skipped="0">
  <testcase classname="com.timp.test.MDR.TabelasApoioESocial.Tabela26.MotivosCesBeneficiosExcluir" name="excluir" time="108.206"/>
</testsuite> <!-- com.timp.test.MDR.TabelasApoioESocial.Tabela26.MotivosCesBeneficiosExcluir -->
