<?xml version="1.0" encoding="UTF-8"?>
<!-- Generated by org.testng.reporters.JUnitReportReporter -->
<testsuite hostname="LitoSoler" name="com.timp.test.BRB.FormatacaoEVariante" tests="4" failures="0" timestamp="2 Jul 2020 15:49:04 GMT" time="150.223" errors="0">
  <testcase name="login" time="12.535" classname="com.timp.test.BRB.FormatacaoEVariante"/>
  <testcase name="formatacaoEVariante" time="95.661" classname="com.timp.test.BRB.FormatacaoEVariante"/>
  <testcase name="excluirVariante" time="23.842" classname="com.timp.test.BRB.FormatacaoEVariante"/>
  <testcase name="brbEntrar" time="18.185" classname="com.timp.test.BRB.FormatacaoEVariante"/>
</testsuite> <!-- com.timp.test.BRB.FormatacaoEVariante -->
