<?xml version="1.0" encoding="UTF-8"?>
<!-- Generated by org.testng.reporters.JUnitReportReporter -->
<testsuite hostname="EC2AMAZ-8HCHO4G" failures="0" tests="1" name="com.timp.test.TCC.GestaoDeCreditoTributarioPISCONFINS.ApuracaoDeCreditoTributarioPIS.ConfiguracaoEExecucao.RegistroM205.RegistroM205Visualizar" time="90.631" errors="0" timestamp="2023-12-27T01:59:24 UTC" skipped="0">
  <testcase classname="com.timp.test.TCC.GestaoDeCreditoTributarioPISCONFINS.ApuracaoDeCreditoTributarioPIS.ConfiguracaoEExecucao.RegistroM205.RegistroM205Visualizar" name="visualizar" time="90.631"/>
  <system-out/>
</testsuite> <!-- com.timp.test.TCC.GestaoDeCreditoTributarioPISCONFINS.ApuracaoDeCreditoTributarioPIS.ConfiguracaoEExecucao.RegistroM205.RegistroM205Visualizar -->
