<?xml version="1.0" encoding="UTF-8"?>
<!-- Generated by org.testng.reporters.JUnitReportReporter -->
<testsuite hostname="DESKTOP-JP1A9E6" failures="0" tests="3" name="com.timp.test.BRB.Formula" time="197.336" errors="0" timestamp="15 sep. 2021 07:01:46 GMT" skipped="0">
  <testcase classname="com.timp.test.BRB.Formula" name="formulaColuna" time="89.627"/>
  <testcase classname="com.timp.test.BRB.Formula" name="aplicar" time="10.123"/>
  <testcase classname="com.timp.test.BRB.Formula" name="formulaBoton" time="97.586"/>
</testsuite> <!-- com.timp.test.BRB.Formula -->
