<?xml version="1.0" encoding="UTF-8"?>
<!-- Generated by org.testng.reporters.JUnitReportReporter -->
<testsuite hostname="DESKTOP-BNBDMGT" failures="0" tests="3" name="com.timp.test.BRE.TabelasExternas.TabelasExternasEditar" time="69.344" errors="0" timestamp="2 Feb 2021 13:35:44 GMT">
  <testcase classname="com.timp.test.BRE.TabelasExternas.TabelasExternasEditar" name="login" time="7.530"/>
  <testcase classname="com.timp.test.BRE.TabelasExternas.TabelasExternasEditar" name="Editar" time="44.281"/>
  <testcase classname="com.timp.test.BRE.TabelasExternas.TabelasExternasEditar" name="acessarBRE" time="17.533"/>
</testsuite> <!-- com.timp.test.BRE.TabelasExternas.TabelasExternasEditar -->
