<?xml version="1.0" encoding="UTF-8"?>
<!-- Generated by org.testng.reporters.JUnitReportReporter -->
<testsuite hostname="DESKTOP-BNBDMGT" failures="0" tests="3" name="com.timp.test.MDR.IncentivosFiscais.IncentivosFiscaisEditar" time="190.099" errors="0" timestamp="22 Jan 2021 16:13:27 GMT">
  <testcase classname="com.timp.test.MDR.IncentivosFiscais.IncentivosFiscaisEditar" name="editar" time="167.234"/>
  <testcase classname="com.timp.test.MDR.IncentivosFiscais.IncentivosFiscaisEditar" name="login" time="10.185"/>
  <testcase classname="com.timp.test.MDR.IncentivosFiscais.IncentivosFiscaisEditar" name="acessarMDR" time="12.680"/>
</testsuite> <!-- com.timp.test.MDR.IncentivosFiscais.IncentivosFiscaisEditar -->
