<?xml version="1.0" encoding="UTF-8"?>
<!-- Generated by org.testng.reporters.JUnitReportReporter -->
<testsuite hostname="LitoSoler" name="com.timp.test.MDR.CEP.Logradouro.LogradouroExcluir" tests="3" failures="0" timestamp="24 Sep 2020 14:45:53 GMT" time="55.946" errors="0">
  <testcase name="logradouroExcluir" time="26.212" classname="com.timp.test.MDR.CEP.Logradouro.LogradouroExcluir"/>
  <testcase name="login" time="6.775" classname="com.timp.test.MDR.CEP.Logradouro.LogradouroExcluir"/>
  <testcase name="acessarMDR" time="22.959" classname="com.timp.test.MDR.CEP.Logradouro.LogradouroExcluir"/>
</testsuite> <!-- com.timp.test.MDR.CEP.Logradouro.LogradouroExcluir -->
