<?xml version="1.0" encoding="UTF-8"?>
<!-- Generated by org.testng.reporters.JUnitReportReporter -->
<testsuite hostname="DESKTOP-C57COV6" failures="0" tests="1" name="com.timp.test.BRB.OutputAutomático" time="152.206" errors="0" timestamp="13 may. 2021 17:57:44 GMT" skipped="0">
  <testcase classname="com.timp.test.BRB.OutputAutomático" name="outputAutomatico" time="152.206"/>
</testsuite> <!-- com.timp.test.BRB.OutputAutomático -->
