<?xml version="1.0" encoding="UTF-8"?>
<!-- Generated by org.testng.reporters.JUnitReportReporter -->
<testsuite hostname="DESKTOP-M23FVFN" failures="0" tests="3" name="com.timp.test.BRB.Formula" time="228.621" errors="0" timestamp="08 dic. 2021 23:18:42 GMT" skipped="0">
  <testcase classname="com.timp.test.BRB.Formula" name="formulaBoton" time="98.723"/>
  <testcase classname="com.timp.test.BRB.Formula" name="formulaColuna" time="108.479"/>
  <testcase classname="com.timp.test.BRB.Formula" name="aplicar" time="21.419"/>
</testsuite> <!-- com.timp.test.BRB.Formula -->
