<?xml version="1.0" encoding="UTF-8"?>
<!-- Generated by org.testng.reporters.JUnitReportReporter -->
<testsuite hostname="LitoSoler" name="com.timp.test.MDR.TabelasComplementaresParaObrigaçoesAcessorias.TabelaOutrosDebitos.TabelaOutrosDebitosCriar" tests="3" failures="0" timestamp="3 Sep 2020 14:29:39 GMT" time="108.897" errors="0">
  <testcase name="login" time="6.916" classname="com.timp.test.MDR.TabelasComplementaresParaObrigaçoesAcessorias.TabelaOutrosDebitos.TabelaOutrosDebitosCriar"/>
  <testcase name="acessarMDR" time="28.247" classname="com.timp.test.MDR.TabelasComplementaresParaObrigaçoesAcessorias.TabelaOutrosDebitos.TabelaOutrosDebitosCriar"/>
  <testcase name="criar" time="73.734" classname="com.timp.test.MDR.TabelasComplementaresParaObrigaçoesAcessorias.TabelaOutrosDebitos.TabelaOutrosDebitosCriar"/>
</testsuite> <!-- com.timp.test.MDR.TabelasComplementaresParaObrigaçoesAcessorias.TabelaOutrosDebitos.TabelaOutrosDebitosCriar -->
