<?xml version="1.0" encoding="UTF-8"?>
<!-- Generated by org.testng.reporters.JUnitReportReporter -->
<testsuite hostname="DESKTOP-BNBDMGT" failures="0" tests="3" name="com.timp.test.TDK.Dashboard.DashboardCriar" time="101.101" errors="0" timestamp="30 Dec 2020 20:46:14 GMT">
  <testcase classname="com.timp.test.TDK.Dashboard.DashboardCriar" name="acessarTDK" time="18.740"/>
  <testcase classname="com.timp.test.TDK.Dashboard.DashboardCriar" name="criar" time="76.663"/>
  <testcase classname="com.timp.test.TDK.Dashboard.DashboardCriar" name="login" time="5.698"/>
</testsuite> <!-- com.timp.test.TDK.Dashboard.DashboardCriar -->
