<?xml version="1.0" encoding="UTF-8"?>
<!-- Generated by org.testng.reporters.JUnitReportReporter -->
<testsuite hostname="DESKTOP-C57COV6" failures="0" tests="3" name="com.timp.test.BRB.Formula" time="189.745" errors="0" timestamp="01 jul. 2021 17:59:30 GMT" skipped="0">
  <testcase classname="com.timp.test.BRB.Formula" name="aplicar" time="10.052"/>
  <testcase classname="com.timp.test.BRB.Formula" name="formulaColuna" time="86.583"/>
  <testcase classname="com.timp.test.BRB.Formula" name="formulaBoton" time="93.110"/>
</testsuite> <!-- com.timp.test.BRB.Formula -->
