<?xml version="1.0" encoding="UTF-8"?>
<!-- Generated by org.testng.reporters.JUnitReportReporter -->
<testsuite hostname="DESKTOP-BNBDMGT" failures="0" tests="3" name="com.timp.test.TAA.Ajustes.AjusteFiltrosAvansados" time="548.944" errors="0" timestamp="12 Jan 2021 04:42:26 GMT">
  <testcase classname="com.timp.test.TAA.Ajustes.AjusteFiltrosAvansados" name="TAAEntrar" time="29.466"/>
  <testcase classname="com.timp.test.TAA.Ajustes.AjusteFiltrosAvansados" name="ingresar" time="346.532"/>
  <testcase classname="com.timp.test.TAA.Ajustes.AjusteFiltrosAvansados" name="filtroAv" time="172.946"/>
</testsuite> <!-- com.timp.test.TAA.Ajustes.AjusteFiltrosAvansados -->
