<?xml version="1.0" encoding="UTF-8"?>
<!-- Generated by org.testng.reporters.JUnitReportReporter -->
<testsuite hostname="MassielV" failures="0" tests="1" name="com.timp.test.BRB.CampoOutput" time="152.892" errors="0" timestamp="05 nov. 2021 18:49:56 GMT" skipped="0">
  <testcase classname="com.timp.test.BRB.CampoOutput" name="campoOutput" time="152.892"/>
</testsuite> <!-- com.timp.test.BRB.CampoOutput -->
