<?xml version="1.0" encoding="UTF-8"?>
<!-- Generated by org.testng.reporters.JUnitReportReporter -->
<testsuite hostname="Agile" failures="0" tests="2" name="com.timp.test.BRB.GruposAvancados" time="541.237" errors="0" timestamp="04 feb. 2022 21:12:11 GMT" skipped="0">
  <testcase classname="com.timp.test.BRB.GruposAvancados" name="eliminarGrupos" time="60.959"/>
  <testcase classname="com.timp.test.BRB.GruposAvancados" name="gruposAvanzados" time="480.278"/>
</testsuite> <!-- com.timp.test.BRB.GruposAvancados -->
