<?xml version="1.0" encoding="UTF-8"?>
<!-- Generated by org.testng.reporters.JUnitReportReporter -->
<testsuite hostname="LitoSoler" name="com.timp.test.MDR.CadastroDerex.InstituicaoFinanceira.InstituicaoCriar" tests="3" failures="0" timestamp="6 Aug 2020 21:06:38 GMT" time="109.017" errors="0">
  <testcase name="visualizar" time="90.763" classname="com.timp.test.MDR.CadastroDerex.InstituicaoFinanceira.InstituicaoCriar"/>
  <testcase name="login" time="8.027" classname="com.timp.test.MDR.CadastroDerex.InstituicaoFinanceira.InstituicaoCriar"/>
  <testcase name="acessarMDR" time="10.227" classname="com.timp.test.MDR.CadastroDerex.InstituicaoFinanceira.InstituicaoCriar"/>
</testsuite> <!-- com.timp.test.MDR.CadastroDerex.InstituicaoFinanceira.InstituicaoCriar -->
