<?xml version="1.0" encoding="UTF-8"?>
<!-- Generated by org.testng.reporters.JUnitReportReporter -->
<testsuite hostname="EC2AMAZ-8HCHO4G" failures="0" tests="3" name="com.timp.test.SCANC.RelatoriosRefineriaGerados.RRFConfiguracaoDeAjusteFiltrosAvancados" time="161.920" errors="0" timestamp="2023-03-23T00:30:10 UTC" skipped="0">
  <testcase classname="com.timp.test.SCANC.RelatoriosRefineriaGerados.RRFConfiguracaoDeAjusteFiltrosAvancados" name="ingresar" time="6.046"/>
  <system-out/>
  <testcase classname="com.timp.test.SCANC.RelatoriosRefineriaGerados.RRFConfiguracaoDeAjusteFiltrosAvancados" name="scancEntrar" time="16.793"/>
  <system-out/>
  <testcase classname="com.timp.test.SCANC.RelatoriosRefineriaGerados.RRFConfiguracaoDeAjusteFiltrosAvancados" name="filtrosAvancados" time="139.081"/>
  <system-out/>
</testsuite> <!-- com.timp.test.SCANC.RelatoriosRefineriaGerados.RRFConfiguracaoDeAjusteFiltrosAvancados -->
