<?xml version="1.0" encoding="UTF-8"?>
<!-- Generated by org.testng.reporters.JUnitReportReporter -->
<testsuite hostname="CRISTHIAN-VASQUEZ" failures="4" tests="4" name="com.timp.test.DFG.Leiautes.Execucao.LeiautesExecucacoFuncionalidades4Pt2" time="0.006" errors="0" timestamp="8 Feb 2021 12:01:17 GMT">
  <testcase classname="com.timp.test.DFG.Leiautes.Execucao.LeiautesExecucacoFuncionalidades4Pt2" name="campoFixoManual" time="0.002">
    <failure message="session not created
from chrome not reachable
  (Session info: chrome=83.0.4103.106)
Build info: version: &#039;3.141.59&#039;, revision: &#039;e82be7d358&#039;, time: &#039;2018-11-14T08:17:03&#039;
System info: host: &#039;CRISTHIAN-VASQU&#039;, ip: &#039;192.168.254.1&#039;, os.name: &#039;Windows 10&#039;, os.arch: &#039;amd64&#039;, os.version: &#039;10.0&#039;, java.version: &#039;11.0.8&#039;
Driver info: driver.version: ChromeDriver
remote stacktrace: Backtrace:
	Ordinal0 [0x00329563+2725219]
	Ordinal0 [0x00228551+1672529]
	Ordinal0 [0x00110202+524802]
	Ordinal0 [0x001099B2+498098]
	Ordinal0 [0x0010A09B+499867]
	Ordinal0 [0x0010AFF5+503797]
	Ordinal0 [0x00106994+485780]
	Ordinal0 [0x00110FF0+528368]
	Ordinal0 [0x000BD6C9+186057]
	Ordinal0 [0x000BCA3D+182845]
	Ordinal0 [0x000BA94B+174411]
	Ordinal0 [0x000A2528+75048]
	Ordinal0 [0x000A35A0+79264]
	Ordinal0 [0x000A3539+79161]
	Ordinal0 [0x0023D607+1758727]
	GetHandleVerifier [0x00446546+1050150]
	GetHandleVerifier [0x00446291+1049457]
	GetHandleVerifier [0x004510D7+1094071]
	GetHandleVerifier [0x00446B46+1051686]
	Ordinal0 [0x00235B06+1727238]
	Ordinal0 [0x0023EB7B+1764219]
	Ordinal0 [0x0023ECE3+1764579]
	Ordinal0 [0x00254C05+1854469]
	BaseThreadInitThunk [0x774EFA29+25]
	RtlGetAppContainerNamedObjectPath [0x777B75F4+228]
	RtlGetAppContainerNamedObjectPath [0x777B75C4+180]
	(No symbol) [0x00000000]
" type="org.openqa.selenium.SessionNotCreatedException">
      <![CDATA[org.openqa.selenium.SessionNotCreatedException: session not created
from chrome not reachable
  (Session info: chrome=83.0.4103.106)
Build info: version: '3.141.59', revision: 'e82be7d358', time: '2018-11-14T08:17:03'
System info: host: 'CRISTHIAN-VASQU', ip: '192.168.254.1', os.name: 'Windows 10', os.arch: 'amd64', os.version: '10.0', java.version: '11.0.8'
Driver info: driver.version: ChromeDriver
remote stacktrace: Backtrace:
	Ordinal0 [0x00329563+2725219]
	Ordinal0 [0x00228551+1672529]
	Ordinal0 [0x00110202+524802]
	Ordinal0 [0x001099B2+498098]
	Ordinal0 [0x0010A09B+499867]
	Ordinal0 [0x0010AFF5+503797]
	Ordinal0 [0x00106994+485780]
	Ordinal0 [0x00110FF0+528368]
	Ordinal0 [0x000BD6C9+186057]
	Ordinal0 [0x000BCA3D+182845]
	Ordinal0 [0x000BA94B+174411]
	Ordinal0 [0x000A2528+75048]
	Ordinal0 [0x000A35A0+79264]
	Ordinal0 [0x000A3539+79161]
	Ordinal0 [0x0023D607+1758727]
	GetHandleVerifier [0x00446546+1050150]
	GetHandleVerifier [0x00446291+1049457]
	GetHandleVerifier [0x004510D7+1094071]
	GetHandleVerifier [0x00446B46+1051686]
	Ordinal0 [0x00235B06+1727238]
	Ordinal0 [0x0023EB7B+1764219]
	Ordinal0 [0x0023ECE3+1764579]
	Ordinal0 [0x00254C05+1854469]
	BaseThreadInitThunk [0x774EFA29+25]
	RtlGetAppContainerNamedObjectPath [0x777B75F4+228]
	RtlGetAppContainerNamedObjectPath [0x777B75C4+180]
	(No symbol) [0x00000000]

	at java.base/jdk.internal.reflect.NativeConstructorAccessorImpl.newInstance0(Native Method)
	at java.base/jdk.internal.reflect.NativeConstructorAccessorImpl.newInstance(NativeConstructorAccessorImpl.java:62)
	at java.base/jdk.internal.reflect.DelegatingConstructorAccessorImpl.newInstance(DelegatingConstructorAccessorImpl.java:45)
	at java.base/java.lang.reflect.Constructor.newInstance(Constructor.java:490)
	at org.openqa.selenium.remote.W3CHandshakeResponse.lambda$errorHandler$0(W3CHandshakeResponse.java:62)
	at org.openqa.selenium.remote.HandshakeResponse.lambda$getResponseFunction$0(HandshakeResponse.java:30)
	at org.openqa.selenium.remote.ProtocolHandshake.lambda$createSession$0(ProtocolHandshake.java:126)
	at java.base/java.util.stream.ReferencePipeline$3$1.accept(ReferencePipeline.java:195)
	at java.base/java.util.Spliterators$ArraySpliterator.tryAdvance(Spliterators.java:958)
	at java.base/java.util.stream.ReferencePipeline.forEachWithCancel(ReferencePipeline.java:127)
	at java.base/java.util.stream.AbstractPipeline.copyIntoWithCancel(AbstractPipeline.java:502)
	at java.base/java.util.stream.AbstractPipeline.copyInto(AbstractPipeline.java:488)
	at java.base/java.util.stream.AbstractPipeline.wrapAndCopyInto(AbstractPipeline.java:474)
	at java.base/java.util.stream.FindOps$FindOp.evaluateSequential(FindOps.java:150)
	at java.base/java.util.stream.AbstractPipeline.evaluate(AbstractPipeline.java:234)
	at java.base/java.util.stream.ReferencePipeline.findFirst(ReferencePipeline.java:543)
	at org.openqa.selenium.remote.ProtocolHandshake.createSession(ProtocolHandshake.java:128)
	at org.openqa.selenium.remote.ProtocolHandshake.createSession(ProtocolHandshake.java:74)
	at org.openqa.selenium.remote.HttpCommandExecutor.execute(HttpCommandExecutor.java:136)
	at org.openqa.selenium.remote.service.DriverCommandExecutor.execute(DriverCommandExecutor.java:83)
	at org.openqa.selenium.remote.RemoteWebDriver.execute(RemoteWebDriver.java:552)
	at org.openqa.selenium.remote.RemoteWebDriver.startSession(RemoteWebDriver.java:213)
	at org.openqa.selenium.remote.RemoteWebDriver.<init>(RemoteWebDriver.java:131)
	at org.openqa.selenium.chrome.ChromeDriver.<init>(ChromeDriver.java:181)
	at org.openqa.selenium.chrome.ChromeDriver.<init>(ChromeDriver.java:168)
	at org.openqa.selenium.chrome.ChromeDriver.<init>(ChromeDriver.java:157)
	at com.sap.timp.base.TestBaseFernando.initializationF(TestBaseFernando.java:37)
	at com.timp.test.DFG.Leiautes.Execucao.LeiautesExecucacoFuncionalidades4Pt2.beforeClass(LeiautesExecucacoFuncionalidades4Pt2.java:23)
	at java.base/jdk.internal.reflect.NativeMethodAccessorImpl.invoke0(Native Method)
	at java.base/jdk.internal.reflect.NativeMethodAccessorImpl.invoke(NativeMethodAccessorImpl.java:62)
	at java.base/jdk.internal.reflect.DelegatingMethodAccessorImpl.invoke(DelegatingMethodAccessorImpl.java:43)
	at java.base/java.lang.reflect.Method.invoke(Method.java:566)
	at org.testng.internal.MethodInvocationHelper.invokeMethod(MethodInvocationHelper.java:80)
	at org.testng.internal.Invoker.invokeConfigurationMethod(Invoker.java:564)
	at org.testng.internal.Invoker.invokeConfigurations(Invoker.java:213)
	at org.testng.internal.Invoker.invokeConfigurations(Invoker.java:138)
	at org.testng.internal.TestMethodWorker.invokeBeforeClassMethods(TestMethodWorker.java:175)
	at org.testng.internal.TestMethodWorker.run(TestMethodWorker.java:107)
	at org.testng.TestRunner.privateRun(TestRunner.java:767)
	at org.testng.TestRunner.run(TestRunner.java:617)
	at org.testng.SuiteRunner.runTest(SuiteRunner.java:334)
	at org.testng.SuiteRunner.runSequentially(SuiteRunner.java:329)
	at org.testng.SuiteRunner.privateRun(SuiteRunner.java:291)
	at org.testng.SuiteRunner.run(SuiteRunner.java:240)
	at org.testng.SuiteRunnerWorker.runSuite(SuiteRunnerWorker.java:52)
	at org.testng.SuiteRunnerWorker.run(SuiteRunnerWorker.java:86)
	at org.testng.TestNG.runSuitesSequentially(TestNG.java:1198)
	at org.testng.TestNG.runSuitesLocally(TestNG.java:1123)
	at org.testng.TestNG.run(TestNG.java:1031)
	at org.testng.remote.AbstractRemoteTestNG.run(AbstractRemoteTestNG.java:115)
	at org.testng.remote.RemoteTestNG.initAndRun(RemoteTestNG.java:251)
	at org.testng.remote.RemoteTestNG.main(RemoteTestNG.java:77)
]]>
    </failure>
  </testcase> <!-- campoFixoManual -->
  <testcase classname="com.timp.test.DFG.Leiautes.Execucao.LeiautesExecucacoFuncionalidades4Pt2" name="ingresar" time="0.002">
    <failure message="session not created
from chrome not reachable
  (Session info: chrome=83.0.4103.106)
Build info: version: &#039;3.141.59&#039;, revision: &#039;e82be7d358&#039;, time: &#039;2018-11-14T08:17:03&#039;
System info: host: &#039;CRISTHIAN-VASQU&#039;, ip: &#039;192.168.254.1&#039;, os.name: &#039;Windows 10&#039;, os.arch: &#039;amd64&#039;, os.version: &#039;10.0&#039;, java.version: &#039;11.0.8&#039;
Driver info: driver.version: ChromeDriver
remote stacktrace: Backtrace:
	Ordinal0 [0x00329563+2725219]
	Ordinal0 [0x00228551+1672529]
	Ordinal0 [0x00110202+524802]
	Ordinal0 [0x001099B2+498098]
	Ordinal0 [0x0010A09B+499867]
	Ordinal0 [0x0010AFF5+503797]
	Ordinal0 [0x00106994+485780]
	Ordinal0 [0x00110FF0+528368]
	Ordinal0 [0x000BD6C9+186057]
	Ordinal0 [0x000BCA3D+182845]
	Ordinal0 [0x000BA94B+174411]
	Ordinal0 [0x000A2528+75048]
	Ordinal0 [0x000A35A0+79264]
	Ordinal0 [0x000A3539+79161]
	Ordinal0 [0x0023D607+1758727]
	GetHandleVerifier [0x00446546+1050150]
	GetHandleVerifier [0x00446291+1049457]
	GetHandleVerifier [0x004510D7+1094071]
	GetHandleVerifier [0x00446B46+1051686]
	Ordinal0 [0x00235B06+1727238]
	Ordinal0 [0x0023EB7B+1764219]
	Ordinal0 [0x0023ECE3+1764579]
	Ordinal0 [0x00254C05+1854469]
	BaseThreadInitThunk [0x774EFA29+25]
	RtlGetAppContainerNamedObjectPath [0x777B75F4+228]
	RtlGetAppContainerNamedObjectPath [0x777B75C4+180]
	(No symbol) [0x00000000]
" type="org.openqa.selenium.SessionNotCreatedException">
      <![CDATA[org.openqa.selenium.SessionNotCreatedException: session not created
from chrome not reachable
  (Session info: chrome=83.0.4103.106)
Build info: version: '3.141.59', revision: 'e82be7d358', time: '2018-11-14T08:17:03'
System info: host: 'CRISTHIAN-VASQU', ip: '192.168.254.1', os.name: 'Windows 10', os.arch: 'amd64', os.version: '10.0', java.version: '11.0.8'
Driver info: driver.version: ChromeDriver
remote stacktrace: Backtrace:
	Ordinal0 [0x00329563+2725219]
	Ordinal0 [0x00228551+1672529]
	Ordinal0 [0x00110202+524802]
	Ordinal0 [0x001099B2+498098]
	Ordinal0 [0x0010A09B+499867]
	Ordinal0 [0x0010AFF5+503797]
	Ordinal0 [0x00106994+485780]
	Ordinal0 [0x00110FF0+528368]
	Ordinal0 [0x000BD6C9+186057]
	Ordinal0 [0x000BCA3D+182845]
	Ordinal0 [0x000BA94B+174411]
	Ordinal0 [0x000A2528+75048]
	Ordinal0 [0x000A35A0+79264]
	Ordinal0 [0x000A3539+79161]
	Ordinal0 [0x0023D607+1758727]
	GetHandleVerifier [0x00446546+1050150]
	GetHandleVerifier [0x00446291+1049457]
	GetHandleVerifier [0x004510D7+1094071]
	GetHandleVerifier [0x00446B46+1051686]
	Ordinal0 [0x00235B06+1727238]
	Ordinal0 [0x0023EB7B+1764219]
	Ordinal0 [0x0023ECE3+1764579]
	Ordinal0 [0x00254C05+1854469]
	BaseThreadInitThunk [0x774EFA29+25]
	RtlGetAppContainerNamedObjectPath [0x777B75F4+228]
	RtlGetAppContainerNamedObjectPath [0x777B75C4+180]
	(No symbol) [0x00000000]

	at java.base/jdk.internal.reflect.NativeConstructorAccessorImpl.newInstance0(Native Method)
	at java.base/jdk.internal.reflect.NativeConstructorAccessorImpl.newInstance(NativeConstructorAccessorImpl.java:62)
	at java.base/jdk.internal.reflect.DelegatingConstructorAccessorImpl.newInstance(DelegatingConstructorAccessorImpl.java:45)
	at java.base/java.lang.reflect.Constructor.newInstance(Constructor.java:490)
	at org.openqa.selenium.remote.W3CHandshakeResponse.lambda$errorHandler$0(W3CHandshakeResponse.java:62)
	at org.openqa.selenium.remote.HandshakeResponse.lambda$getResponseFunction$0(HandshakeResponse.java:30)
	at org.openqa.selenium.remote.ProtocolHandshake.lambda$createSession$0(ProtocolHandshake.java:126)
	at java.base/java.util.stream.ReferencePipeline$3$1.accept(ReferencePipeline.java:195)
	at java.base/java.util.Spliterators$ArraySpliterator.tryAdvance(Spliterators.java:958)
	at java.base/java.util.stream.ReferencePipeline.forEachWithCancel(ReferencePipeline.java:127)
	at java.base/java.util.stream.AbstractPipeline.copyIntoWithCancel(AbstractPipeline.java:502)
	at java.base/java.util.stream.AbstractPipeline.copyInto(AbstractPipeline.java:488)
	at java.base/java.util.stream.AbstractPipeline.wrapAndCopyInto(AbstractPipeline.java:474)
	at java.base/java.util.stream.FindOps$FindOp.evaluateSequential(FindOps.java:150)
	at java.base/java.util.stream.AbstractPipeline.evaluate(AbstractPipeline.java:234)
	at java.base/java.util.stream.ReferencePipeline.findFirst(ReferencePipeline.java:543)
	at org.openqa.selenium.remote.ProtocolHandshake.createSession(ProtocolHandshake.java:128)
	at org.openqa.selenium.remote.ProtocolHandshake.createSession(ProtocolHandshake.java:74)
	at org.openqa.selenium.remote.HttpCommandExecutor.execute(HttpCommandExecutor.java:136)
	at org.openqa.selenium.remote.service.DriverCommandExecutor.execute(DriverCommandExecutor.java:83)
	at org.openqa.selenium.remote.RemoteWebDriver.execute(RemoteWebDriver.java:552)
	at org.openqa.selenium.remote.RemoteWebDriver.startSession(RemoteWebDriver.java:213)
	at org.openqa.selenium.remote.RemoteWebDriver.<init>(RemoteWebDriver.java:131)
	at org.openqa.selenium.chrome.ChromeDriver.<init>(ChromeDriver.java:181)
	at org.openqa.selenium.chrome.ChromeDriver.<init>(ChromeDriver.java:168)
	at org.openqa.selenium.chrome.ChromeDriver.<init>(ChromeDriver.java:157)
	at com.sap.timp.base.TestBaseFernando.initializationF(TestBaseFernando.java:37)
	at com.timp.test.DFG.Leiautes.Execucao.LeiautesExecucacoFuncionalidades4Pt2.beforeClass(LeiautesExecucacoFuncionalidades4Pt2.java:23)
	at java.base/jdk.internal.reflect.NativeMethodAccessorImpl.invoke0(Native Method)
	at java.base/jdk.internal.reflect.NativeMethodAccessorImpl.invoke(NativeMethodAccessorImpl.java:62)
	at java.base/jdk.internal.reflect.DelegatingMethodAccessorImpl.invoke(DelegatingMethodAccessorImpl.java:43)
	at java.base/java.lang.reflect.Method.invoke(Method.java:566)
	at org.testng.internal.MethodInvocationHelper.invokeMethod(MethodInvocationHelper.java:80)
	at org.testng.internal.Invoker.invokeConfigurationMethod(Invoker.java:564)
	at org.testng.internal.Invoker.invokeConfigurations(Invoker.java:213)
	at org.testng.internal.Invoker.invokeConfigurations(Invoker.java:138)
	at org.testng.internal.TestMethodWorker.invokeBeforeClassMethods(TestMethodWorker.java:175)
	at org.testng.internal.TestMethodWorker.run(TestMethodWorker.java:107)
	at org.testng.TestRunner.privateRun(TestRunner.java:767)
	at org.testng.TestRunner.run(TestRunner.java:617)
	at org.testng.SuiteRunner.runTest(SuiteRunner.java:334)
	at org.testng.SuiteRunner.runSequentially(SuiteRunner.java:329)
	at org.testng.SuiteRunner.privateRun(SuiteRunner.java:291)
	at org.testng.SuiteRunner.run(SuiteRunner.java:240)
	at org.testng.SuiteRunnerWorker.runSuite(SuiteRunnerWorker.java:52)
	at org.testng.SuiteRunnerWorker.run(SuiteRunnerWorker.java:86)
	at org.testng.TestNG.runSuitesSequentially(TestNG.java:1198)
	at org.testng.TestNG.runSuitesLocally(TestNG.java:1123)
	at org.testng.TestNG.run(TestNG.java:1031)
	at org.testng.remote.AbstractRemoteTestNG.run(AbstractRemoteTestNG.java:115)
	at org.testng.remote.RemoteTestNG.initAndRun(RemoteTestNG.java:251)
	at org.testng.remote.RemoteTestNG.main(RemoteTestNG.java:77)
]]>
    </failure>
  </testcase> <!-- ingresar -->
  <testcase classname="com.timp.test.DFG.Leiautes.Execucao.LeiautesExecucacoFuncionalidades4Pt2" name="campoFixo" time="0.001">
    <failure message="session not created
from chrome not reachable
  (Session info: chrome=83.0.4103.106)
Build info: version: &#039;3.141.59&#039;, revision: &#039;e82be7d358&#039;, time: &#039;2018-11-14T08:17:03&#039;
System info: host: &#039;CRISTHIAN-VASQU&#039;, ip: &#039;192.168.254.1&#039;, os.name: &#039;Windows 10&#039;, os.arch: &#039;amd64&#039;, os.version: &#039;10.0&#039;, java.version: &#039;11.0.8&#039;
Driver info: driver.version: ChromeDriver
remote stacktrace: Backtrace:
	Ordinal0 [0x00329563+2725219]
	Ordinal0 [0x00228551+1672529]
	Ordinal0 [0x00110202+524802]
	Ordinal0 [0x001099B2+498098]
	Ordinal0 [0x0010A09B+499867]
	Ordinal0 [0x0010AFF5+503797]
	Ordinal0 [0x00106994+485780]
	Ordinal0 [0x00110FF0+528368]
	Ordinal0 [0x000BD6C9+186057]
	Ordinal0 [0x000BCA3D+182845]
	Ordinal0 [0x000BA94B+174411]
	Ordinal0 [0x000A2528+75048]
	Ordinal0 [0x000A35A0+79264]
	Ordinal0 [0x000A3539+79161]
	Ordinal0 [0x0023D607+1758727]
	GetHandleVerifier [0x00446546+1050150]
	GetHandleVerifier [0x00446291+1049457]
	GetHandleVerifier [0x004510D7+1094071]
	GetHandleVerifier [0x00446B46+1051686]
	Ordinal0 [0x00235B06+1727238]
	Ordinal0 [0x0023EB7B+1764219]
	Ordinal0 [0x0023ECE3+1764579]
	Ordinal0 [0x00254C05+1854469]
	BaseThreadInitThunk [0x774EFA29+25]
	RtlGetAppContainerNamedObjectPath [0x777B75F4+228]
	RtlGetAppContainerNamedObjectPath [0x777B75C4+180]
	(No symbol) [0x00000000]
" type="org.openqa.selenium.SessionNotCreatedException">
      <![CDATA[org.openqa.selenium.SessionNotCreatedException: session not created
from chrome not reachable
  (Session info: chrome=83.0.4103.106)
Build info: version: '3.141.59', revision: 'e82be7d358', time: '2018-11-14T08:17:03'
System info: host: 'CRISTHIAN-VASQU', ip: '192.168.254.1', os.name: 'Windows 10', os.arch: 'amd64', os.version: '10.0', java.version: '11.0.8'
Driver info: driver.version: ChromeDriver
remote stacktrace: Backtrace:
	Ordinal0 [0x00329563+2725219]
	Ordinal0 [0x00228551+1672529]
	Ordinal0 [0x00110202+524802]
	Ordinal0 [0x001099B2+498098]
	Ordinal0 [0x0010A09B+499867]
	Ordinal0 [0x0010AFF5+503797]
	Ordinal0 [0x00106994+485780]
	Ordinal0 [0x00110FF0+528368]
	Ordinal0 [0x000BD6C9+186057]
	Ordinal0 [0x000BCA3D+182845]
	Ordinal0 [0x000BA94B+174411]
	Ordinal0 [0x000A2528+75048]
	Ordinal0 [0x000A35A0+79264]
	Ordinal0 [0x000A3539+79161]
	Ordinal0 [0x0023D607+1758727]
	GetHandleVerifier [0x00446546+1050150]
	GetHandleVerifier [0x00446291+1049457]
	GetHandleVerifier [0x004510D7+1094071]
	GetHandleVerifier [0x00446B46+1051686]
	Ordinal0 [0x00235B06+1727238]
	Ordinal0 [0x0023EB7B+1764219]
	Ordinal0 [0x0023ECE3+1764579]
	Ordinal0 [0x00254C05+1854469]
	BaseThreadInitThunk [0x774EFA29+25]
	RtlGetAppContainerNamedObjectPath [0x777B75F4+228]
	RtlGetAppContainerNamedObjectPath [0x777B75C4+180]
	(No symbol) [0x00000000]

	at java.base/jdk.internal.reflect.NativeConstructorAccessorImpl.newInstance0(Native Method)
	at java.base/jdk.internal.reflect.NativeConstructorAccessorImpl.newInstance(NativeConstructorAccessorImpl.java:62)
	at java.base/jdk.internal.reflect.DelegatingConstructorAccessorImpl.newInstance(DelegatingConstructorAccessorImpl.java:45)
	at java.base/java.lang.reflect.Constructor.newInstance(Constructor.java:490)
	at org.openqa.selenium.remote.W3CHandshakeResponse.lambda$errorHandler$0(W3CHandshakeResponse.java:62)
	at org.openqa.selenium.remote.HandshakeResponse.lambda$getResponseFunction$0(HandshakeResponse.java:30)
	at org.openqa.selenium.remote.ProtocolHandshake.lambda$createSession$0(ProtocolHandshake.java:126)
	at java.base/java.util.stream.ReferencePipeline$3$1.accept(ReferencePipeline.java:195)
	at java.base/java.util.Spliterators$ArraySpliterator.tryAdvance(Spliterators.java:958)
	at java.base/java.util.stream.ReferencePipeline.forEachWithCancel(ReferencePipeline.java:127)
	at java.base/java.util.stream.AbstractPipeline.copyIntoWithCancel(AbstractPipeline.java:502)
	at java.base/java.util.stream.AbstractPipeline.copyInto(AbstractPipeline.java:488)
	at java.base/java.util.stream.AbstractPipeline.wrapAndCopyInto(AbstractPipeline.java:474)
	at java.base/java.util.stream.FindOps$FindOp.evaluateSequential(FindOps.java:150)
	at java.base/java.util.stream.AbstractPipeline.evaluate(AbstractPipeline.java:234)
	at java.base/java.util.stream.ReferencePipeline.findFirst(ReferencePipeline.java:543)
	at org.openqa.selenium.remote.ProtocolHandshake.createSession(ProtocolHandshake.java:128)
	at org.openqa.selenium.remote.ProtocolHandshake.createSession(ProtocolHandshake.java:74)
	at org.openqa.selenium.remote.HttpCommandExecutor.execute(HttpCommandExecutor.java:136)
	at org.openqa.selenium.remote.service.DriverCommandExecutor.execute(DriverCommandExecutor.java:83)
	at org.openqa.selenium.remote.RemoteWebDriver.execute(RemoteWebDriver.java:552)
	at org.openqa.selenium.remote.RemoteWebDriver.startSession(RemoteWebDriver.java:213)
	at org.openqa.selenium.remote.RemoteWebDriver.<init>(RemoteWebDriver.java:131)
	at org.openqa.selenium.chrome.ChromeDriver.<init>(ChromeDriver.java:181)
	at org.openqa.selenium.chrome.ChromeDriver.<init>(ChromeDriver.java:168)
	at org.openqa.selenium.chrome.ChromeDriver.<init>(ChromeDriver.java:157)
	at com.sap.timp.base.TestBaseFernando.initializationF(TestBaseFernando.java:37)
	at com.timp.test.DFG.Leiautes.Execucao.LeiautesExecucacoFuncionalidades4Pt2.beforeClass(LeiautesExecucacoFuncionalidades4Pt2.java:23)
	at java.base/jdk.internal.reflect.NativeMethodAccessorImpl.invoke0(Native Method)
	at java.base/jdk.internal.reflect.NativeMethodAccessorImpl.invoke(NativeMethodAccessorImpl.java:62)
	at java.base/jdk.internal.reflect.DelegatingMethodAccessorImpl.invoke(DelegatingMethodAccessorImpl.java:43)
	at java.base/java.lang.reflect.Method.invoke(Method.java:566)
	at org.testng.internal.MethodInvocationHelper.invokeMethod(MethodInvocationHelper.java:80)
	at org.testng.internal.Invoker.invokeConfigurationMethod(Invoker.java:564)
	at org.testng.internal.Invoker.invokeConfigurations(Invoker.java:213)
	at org.testng.internal.Invoker.invokeConfigurations(Invoker.java:138)
	at org.testng.internal.TestMethodWorker.invokeBeforeClassMethods(TestMethodWorker.java:175)
	at org.testng.internal.TestMethodWorker.run(TestMethodWorker.java:107)
	at org.testng.TestRunner.privateRun(TestRunner.java:767)
	at org.testng.TestRunner.run(TestRunner.java:617)
	at org.testng.SuiteRunner.runTest(SuiteRunner.java:334)
	at org.testng.SuiteRunner.runSequentially(SuiteRunner.java:329)
	at org.testng.SuiteRunner.privateRun(SuiteRunner.java:291)
	at org.testng.SuiteRunner.run(SuiteRunner.java:240)
	at org.testng.SuiteRunnerWorker.runSuite(SuiteRunnerWorker.java:52)
	at org.testng.SuiteRunnerWorker.run(SuiteRunnerWorker.java:86)
	at org.testng.TestNG.runSuitesSequentially(TestNG.java:1198)
	at org.testng.TestNG.runSuitesLocally(TestNG.java:1123)
	at org.testng.TestNG.run(TestNG.java:1031)
	at org.testng.remote.AbstractRemoteTestNG.run(AbstractRemoteTestNG.java:115)
	at org.testng.remote.RemoteTestNG.initAndRun(RemoteTestNG.java:251)
	at org.testng.remote.RemoteTestNG.main(RemoteTestNG.java:77)
]]>
    </failure>
  </testcase> <!-- campoFixo -->
  <testcase classname="com.timp.test.DFG.Leiautes.Execucao.LeiautesExecucacoFuncionalidades4Pt2" name="mdrEntrar" time="0.001">
    <failure message="session not created
from chrome not reachable
  (Session info: chrome=83.0.4103.106)
Build info: version: &#039;3.141.59&#039;, revision: &#039;e82be7d358&#039;, time: &#039;2018-11-14T08:17:03&#039;
System info: host: &#039;CRISTHIAN-VASQU&#039;, ip: &#039;192.168.254.1&#039;, os.name: &#039;Windows 10&#039;, os.arch: &#039;amd64&#039;, os.version: &#039;10.0&#039;, java.version: &#039;11.0.8&#039;
Driver info: driver.version: ChromeDriver
remote stacktrace: Backtrace:
	Ordinal0 [0x00329563+2725219]
	Ordinal0 [0x00228551+1672529]
	Ordinal0 [0x00110202+524802]
	Ordinal0 [0x001099B2+498098]
	Ordinal0 [0x0010A09B+499867]
	Ordinal0 [0x0010AFF5+503797]
	Ordinal0 [0x00106994+485780]
	Ordinal0 [0x00110FF0+528368]
	Ordinal0 [0x000BD6C9+186057]
	Ordinal0 [0x000BCA3D+182845]
	Ordinal0 [0x000BA94B+174411]
	Ordinal0 [0x000A2528+75048]
	Ordinal0 [0x000A35A0+79264]
	Ordinal0 [0x000A3539+79161]
	Ordinal0 [0x0023D607+1758727]
	GetHandleVerifier [0x00446546+1050150]
	GetHandleVerifier [0x00446291+1049457]
	GetHandleVerifier [0x004510D7+1094071]
	GetHandleVerifier [0x00446B46+1051686]
	Ordinal0 [0x00235B06+1727238]
	Ordinal0 [0x0023EB7B+1764219]
	Ordinal0 [0x0023ECE3+1764579]
	Ordinal0 [0x00254C05+1854469]
	BaseThreadInitThunk [0x774EFA29+25]
	RtlGetAppContainerNamedObjectPath [0x777B75F4+228]
	RtlGetAppContainerNamedObjectPath [0x777B75C4+180]
	(No symbol) [0x00000000]
" type="org.openqa.selenium.SessionNotCreatedException">
      <![CDATA[org.openqa.selenium.SessionNotCreatedException: session not created
from chrome not reachable
  (Session info: chrome=83.0.4103.106)
Build info: version: '3.141.59', revision: 'e82be7d358', time: '2018-11-14T08:17:03'
System info: host: 'CRISTHIAN-VASQU', ip: '192.168.254.1', os.name: 'Windows 10', os.arch: 'amd64', os.version: '10.0', java.version: '11.0.8'
Driver info: driver.version: ChromeDriver
remote stacktrace: Backtrace:
	Ordinal0 [0x00329563+2725219]
	Ordinal0 [0x00228551+1672529]
	Ordinal0 [0x00110202+524802]
	Ordinal0 [0x001099B2+498098]
	Ordinal0 [0x0010A09B+499867]
	Ordinal0 [0x0010AFF5+503797]
	Ordinal0 [0x00106994+485780]
	Ordinal0 [0x00110FF0+528368]
	Ordinal0 [0x000BD6C9+186057]
	Ordinal0 [0x000BCA3D+182845]
	Ordinal0 [0x000BA94B+174411]
	Ordinal0 [0x000A2528+75048]
	Ordinal0 [0x000A35A0+79264]
	Ordinal0 [0x000A3539+79161]
	Ordinal0 [0x0023D607+1758727]
	GetHandleVerifier [0x00446546+1050150]
	GetHandleVerifier [0x00446291+1049457]
	GetHandleVerifier [0x004510D7+1094071]
	GetHandleVerifier [0x00446B46+1051686]
	Ordinal0 [0x00235B06+1727238]
	Ordinal0 [0x0023EB7B+1764219]
	Ordinal0 [0x0023ECE3+1764579]
	Ordinal0 [0x00254C05+1854469]
	BaseThreadInitThunk [0x774EFA29+25]
	RtlGetAppContainerNamedObjectPath [0x777B75F4+228]
	RtlGetAppContainerNamedObjectPath [0x777B75C4+180]
	(No symbol) [0x00000000]

	at java.base/jdk.internal.reflect.NativeConstructorAccessorImpl.newInstance0(Native Method)
	at java.base/jdk.internal.reflect.NativeConstructorAccessorImpl.newInstance(NativeConstructorAccessorImpl.java:62)
	at java.base/jdk.internal.reflect.DelegatingConstructorAccessorImpl.newInstance(DelegatingConstructorAccessorImpl.java:45)
	at java.base/java.lang.reflect.Constructor.newInstance(Constructor.java:490)
	at org.openqa.selenium.remote.W3CHandshakeResponse.lambda$errorHandler$0(W3CHandshakeResponse.java:62)
	at org.openqa.selenium.remote.HandshakeResponse.lambda$getResponseFunction$0(HandshakeResponse.java:30)
	at org.openqa.selenium.remote.ProtocolHandshake.lambda$createSession$0(ProtocolHandshake.java:126)
	at java.base/java.util.stream.ReferencePipeline$3$1.accept(ReferencePipeline.java:195)
	at java.base/java.util.Spliterators$ArraySpliterator.tryAdvance(Spliterators.java:958)
	at java.base/java.util.stream.ReferencePipeline.forEachWithCancel(ReferencePipeline.java:127)
	at java.base/java.util.stream.AbstractPipeline.copyIntoWithCancel(AbstractPipeline.java:502)
	at java.base/java.util.stream.AbstractPipeline.copyInto(AbstractPipeline.java:488)
	at java.base/java.util.stream.AbstractPipeline.wrapAndCopyInto(AbstractPipeline.java:474)
	at java.base/java.util.stream.FindOps$FindOp.evaluateSequential(FindOps.java:150)
	at java.base/java.util.stream.AbstractPipeline.evaluate(AbstractPipeline.java:234)
	at java.base/java.util.stream.ReferencePipeline.findFirst(ReferencePipeline.java:543)
	at org.openqa.selenium.remote.ProtocolHandshake.createSession(ProtocolHandshake.java:128)
	at org.openqa.selenium.remote.ProtocolHandshake.createSession(ProtocolHandshake.java:74)
	at org.openqa.selenium.remote.HttpCommandExecutor.execute(HttpCommandExecutor.java:136)
	at org.openqa.selenium.remote.service.DriverCommandExecutor.execute(DriverCommandExecutor.java:83)
	at org.openqa.selenium.remote.RemoteWebDriver.execute(RemoteWebDriver.java:552)
	at org.openqa.selenium.remote.RemoteWebDriver.startSession(RemoteWebDriver.java:213)
	at org.openqa.selenium.remote.RemoteWebDriver.<init>(RemoteWebDriver.java:131)
	at org.openqa.selenium.chrome.ChromeDriver.<init>(ChromeDriver.java:181)
	at org.openqa.selenium.chrome.ChromeDriver.<init>(ChromeDriver.java:168)
	at org.openqa.selenium.chrome.ChromeDriver.<init>(ChromeDriver.java:157)
	at com.sap.timp.base.TestBaseFernando.initializationF(TestBaseFernando.java:37)
	at com.timp.test.DFG.Leiautes.Execucao.LeiautesExecucacoFuncionalidades4Pt2.beforeClass(LeiautesExecucacoFuncionalidades4Pt2.java:23)
	at java.base/jdk.internal.reflect.NativeMethodAccessorImpl.invoke0(Native Method)
	at java.base/jdk.internal.reflect.NativeMethodAccessorImpl.invoke(NativeMethodAccessorImpl.java:62)
	at java.base/jdk.internal.reflect.DelegatingMethodAccessorImpl.invoke(DelegatingMethodAccessorImpl.java:43)
	at java.base/java.lang.reflect.Method.invoke(Method.java:566)
	at org.testng.internal.MethodInvocationHelper.invokeMethod(MethodInvocationHelper.java:80)
	at org.testng.internal.Invoker.invokeConfigurationMethod(Invoker.java:564)
	at org.testng.internal.Invoker.invokeConfigurations(Invoker.java:213)
	at org.testng.internal.Invoker.invokeConfigurations(Invoker.java:138)
	at org.testng.internal.TestMethodWorker.invokeBeforeClassMethods(TestMethodWorker.java:175)
	at org.testng.internal.TestMethodWorker.run(TestMethodWorker.java:107)
	at org.testng.TestRunner.privateRun(TestRunner.java:767)
	at org.testng.TestRunner.run(TestRunner.java:617)
	at org.testng.SuiteRunner.runTest(SuiteRunner.java:334)
	at org.testng.SuiteRunner.runSequentially(SuiteRunner.java:329)
	at org.testng.SuiteRunner.privateRun(SuiteRunner.java:291)
	at org.testng.SuiteRunner.run(SuiteRunner.java:240)
	at org.testng.SuiteRunnerWorker.runSuite(SuiteRunnerWorker.java:52)
	at org.testng.SuiteRunnerWorker.run(SuiteRunnerWorker.java:86)
	at org.testng.TestNG.runSuitesSequentially(TestNG.java:1198)
	at org.testng.TestNG.runSuitesLocally(TestNG.java:1123)
	at org.testng.TestNG.run(TestNG.java:1031)
	at org.testng.remote.AbstractRemoteTestNG.run(AbstractRemoteTestNG.java:115)
	at org.testng.remote.RemoteTestNG.initAndRun(RemoteTestNG.java:251)
	at org.testng.remote.RemoteTestNG.main(RemoteTestNG.java:77)
]]>
    </failure>
  </testcase> <!-- mdrEntrar -->
</testsuite> <!-- com.timp.test.DFG.Leiautes.Execucao.LeiautesExecucacoFuncionalidades4Pt2 -->
