<?xml version="1.0" encoding="UTF-8"?>
<!-- Generated by org.testng.reporters.JUnitReportReporter -->
<testsuite hostname="DESKTOP-C57COV6" failures="0" tests="1" name="com.timp.test.ADM.LoginBRB" time="20.079" errors="0" timestamp="20 jul. 2021 18:03:56 GMT" skipped="0">
  <testcase classname="com.timp.test.ADM.LoginBRB" name="Login" time="20.079"/>
</testsuite> <!-- com.timp.test.ADM.LoginBRB -->
