<?xml version="1.0" encoding="UTF-8"?>
<!-- Generated by org.testng.reporters.JUnitReportReporter -->
<testsuite hostname="DESKTOP-M23FVFN" failures="0" tests="1" name="com.timp.test.MDR.Filiais.FiliaisDetalle" time="128.313" errors="0" timestamp="2022-07-08T08:17:13 CST" skipped="0">
  <testcase classname="com.timp.test.MDR.Filiais.FiliaisDetalle" name="detalle" time="128.313"/>
  <system-out/>
</testsuite> <!-- com.timp.test.MDR.Filiais.FiliaisDetalle -->
