<?xml version="1.0" encoding="UTF-8"?>
<!-- Generated by org.testng.reporters.JUnitReportReporter -->
<testsuite hostname="DESKTOP-BNBDMGT" failures="0" tests="6" name="com.timp.test.TDK.Execucoes.ExecucoesPublicas.ExecuçõesExecuçõesPúblicasLixeiraemMassa" time="259.634" errors="0" timestamp="22 feb. 2021 22:58:08 GMT" skipped="0">
  <testcase classname="com.timp.test.TDK.Execucoes.ExecucoesPublicas.ExecuçõesExecuçõesPúblicasLixeiraemMassa" name="login" time="7.459"/>
  <testcase classname="com.timp.test.TDK.Execucoes.ExecucoesPublicas.ExecuçõesExecuçõesPúblicasLixeiraemMassa" name="acessarTDK" time="18.642"/>
  <testcase classname="com.timp.test.TDK.Execucoes.ExecucoesPublicas.ExecuçõesExecuçõesPúblicasLixeiraemMassa" name="criar" time="123.952"/>
  <testcase classname="com.timp.test.TDK.Execucoes.ExecucoesPublicas.ExecuçõesExecuçõesPúblicasLixeiraemMassa" name="lixeira" time="33.794"/>
  <testcase classname="com.timp.test.TDK.Execucoes.ExecucoesPublicas.ExecuçõesExecuçõesPúblicasLixeiraemMassa" name="lixeiraDefinitiva" time="33.814"/>
  <testcase classname="com.timp.test.TDK.Execucoes.ExecucoesPublicas.ExecuçõesExecuçõesPúblicasLixeiraemMassa" name="lixeiraExecucao" time="41.973"/>
</testsuite> <!-- com.timp.test.TDK.Execucoes.ExecucoesPublicas.ExecuçõesExecuçõesPúblicasLixeiraemMassa -->
