<?xml version="1.0" encoding="UTF-8"?>
<!-- Generated by org.testng.reporters.JUnitReportReporter -->
<testsuite hostname="LitoSoler" name="com.timp.test.BRB.Filtros" tests="5" failures="0" timestamp="2 Jul 2020 15:22:30 GMT" time="188.167" errors="0">
  <testcase name="filtrosEditor" time="86.092" classname="com.timp.test.BRB.Filtros"/>
  <testcase name="brbEntrar" time="29.043" classname="com.timp.test.BRB.Filtros"/>
  <testcase name="login" time="13.402" classname="com.timp.test.BRB.Filtros"/>
  <testcase name="filtrosBiblioteca" time="44.253" classname="com.timp.test.BRB.Filtros"/>
  <testcase name="asignarValores" time="15.377" classname="com.timp.test.BRB.Filtros"/>
</testsuite> <!-- com.timp.test.BRB.Filtros -->
