<?xml version="1.0" encoding="UTF-8"?>
<!-- Generated by org.testng.reporters.JUnitReportReporter -->
<testsuite hostname="DESKTOP-5P4F1JE" failures="0" tests="3" name="com.timp.test.MDR.TabelasComplementaresParaObrigaçoesAcessorias.CodigoDIPAM.CodigoDIPAMExcluirEmMassa" time="241.499" errors="0" timestamp="30 Dec 2020 12:54:30 GMT">
  <testcase classname="com.timp.test.MDR.TabelasComplementaresParaObrigaçoesAcessorias.CodigoDIPAM.CodigoDIPAMExcluirEmMassa" name="acessarMDR" time="13.033"/>
  <testcase classname="com.timp.test.MDR.TabelasComplementaresParaObrigaçoesAcessorias.CodigoDIPAM.CodigoDIPAMExcluirEmMassa" name="criar" time="218.101"/>
  <testcase classname="com.timp.test.MDR.TabelasComplementaresParaObrigaçoesAcessorias.CodigoDIPAM.CodigoDIPAMExcluirEmMassa" name="login" time="10.365"/>
</testsuite> <!-- com.timp.test.MDR.TabelasComplementaresParaObrigaçoesAcessorias.CodigoDIPAM.CodigoDIPAMExcluirEmMassa -->
