<?xml version="1.0" encoding="UTF-8"?>
<!-- Generated by org.testng.reporters.JUnitReportReporter -->
<testsuite hostname="CRISTHIAN-VASQUEZ" failures="0" tests="3" name="com.timp.test.TDK.Kpis.KpisCriar" time="127.180" errors="0" timestamp="30 Jan 2021 19:00:07 GMT">
  <testcase classname="com.timp.test.TDK.Kpis.KpisCriar" name="criar" time="72.301"/>
  <testcase classname="com.timp.test.TDK.Kpis.KpisCriar" name="login" time="28.247"/>
  <testcase classname="com.timp.test.TDK.Kpis.KpisCriar" name="acessarTDK" time="26.632"/>
</testsuite> <!-- com.timp.test.TDK.Kpis.KpisCriar -->
