<?xml version="1.0" encoding="UTF-8"?>
<!-- Generated by org.testng.reporters.JUnitReportReporter -->
<testsuite hostname="DESKTOP-C57COV6" failures="0" tests="2" name="com.timp.test.MDR.TabelasComplementaresParaObrigaçoesAcessorias.TabelaDeDetalhamentosParaRegistro11.TabelaDeDetalhamentosParaRegistro11ExcluirEmMassa" time="174.227" errors="0" timestamp="26 may. 2021 00:28:26 GMT" skipped="0">
  <testcase classname="com.timp.test.MDR.TabelasComplementaresParaObrigaçoesAcessorias.TabelaDeDetalhamentosParaRegistro11.TabelaDeDetalhamentosParaRegistro11ExcluirEmMassa" name="excluriEmMassa" time="31.805"/>
  <testcase classname="com.timp.test.MDR.TabelasComplementaresParaObrigaçoesAcessorias.TabelaDeDetalhamentosParaRegistro11.TabelaDeDetalhamentosParaRegistro11ExcluirEmMassa" name="criar" time="142.422"/>
</testsuite> <!-- com.timp.test.MDR.TabelasComplementaresParaObrigaçoesAcessorias.TabelaDeDetalhamentosParaRegistro11.TabelaDeDetalhamentosParaRegistro11ExcluirEmMassa -->
