<?xml version="1.0" encoding="UTF-8"?>
<!-- Generated by org.testng.reporters.JUnitReportReporter -->
<testsuite hostname="DESKTOP-SUF121B" failures="0" tests="3" name="com.timp.test.MDR.CEP.Logradouro.LogradouroEditar" time="143.428" errors="0" timestamp="28 Jul 2020 22:27:02 GMT">
  <testcase classname="com.timp.test.MDR.CEP.Logradouro.LogradouroEditar" name="logradouroEditar" time="98.181"/>
  <testcase classname="com.timp.test.MDR.CEP.Logradouro.LogradouroEditar" name="login" time="8.701"/>
  <testcase classname="com.timp.test.MDR.CEP.Logradouro.LogradouroEditar" name="acessarMDR" time="36.546"/>
</testsuite> <!-- com.timp.test.MDR.CEP.Logradouro.LogradouroEditar -->
