<?xml version="1.0" encoding="UTF-8"?>
<!-- Generated by org.testng.reporters.JUnitReportReporter -->
<testsuite hostname="LitoSoler" name="com.timp.test.BRB.ListaSuspensa" tests="3" failures="0" timestamp="3 Dec 2020 23:57:03 GMT" time="228.443" errors="0">
  <testcase name="listaSuspensa" time="169.765" classname="com.timp.test.BRB.ListaSuspensa"/>
  <testcase name="login" time="22.086" classname="com.timp.test.BRB.ListaSuspensa"/>
  <testcase name="brbEntrar" time="36.592" classname="com.timp.test.BRB.ListaSuspensa"/>
</testsuite> <!-- com.timp.test.BRB.ListaSuspensa -->
