<?xml version="1.0" encoding="UTF-8"?>
<!-- Generated by org.testng.reporters.JUnitReportReporter -->
<testsuite hostname="DESKTOP-C57COV6" failures="0" tests="3" name="com.timp.test.TBD.ConsultaDeDocumentos.ConsultaDeDocumentosDetalhes" time="165.362" errors="0" timestamp="24 jul. 2021 05:39:06 GMT" skipped="0">
  <testcase classname="com.timp.test.TBD.ConsultaDeDocumentos.ConsultaDeDocumentosDetalhes" name="login" time="13.910"/>
  <testcase classname="com.timp.test.TBD.ConsultaDeDocumentos.ConsultaDeDocumentosDetalhes" name="detalle" time="126.294"/>
  <testcase classname="com.timp.test.TBD.ConsultaDeDocumentos.ConsultaDeDocumentosDetalhes" name="TBDEntrar" time="25.158"/>
</testsuite> <!-- com.timp.test.TBD.ConsultaDeDocumentos.ConsultaDeDocumentosDetalhes -->
