<?xml version="1.0" encoding="UTF-8"?>
<!-- Generated by org.testng.reporters.JUnitReportReporter -->
<testsuite hostname="MIGUEL" failures="0" tests="3" name="com.timp.test.BRE.CalculoDeTributos.CalculoDeTributoCriar" time="139.506" errors="0" timestamp="15 Feb 2021 21:15:56 GMT">
  <testcase classname="com.timp.test.BRE.CalculoDeTributos.CalculoDeTributoCriar" name="login" time="8.265"/>
  <testcase classname="com.timp.test.BRE.CalculoDeTributos.CalculoDeTributoCriar" name="acessarBRE" time="17.354"/>
  <testcase classname="com.timp.test.BRE.CalculoDeTributos.CalculoDeTributoCriar" name="criar" time="113.887"/>
</testsuite> <!-- com.timp.test.BRE.CalculoDeTributos.CalculoDeTributoCriar -->
