<?xml version="1.0" encoding="UTF-8"?>
<!-- Generated by org.testng.reporters.JUnitReportReporter -->
<testsuite hostname="DESKTOP-5P4F1JE" failures="0" tests="19" name="com.timp.test.BCB.OrigenBCBHierarquiaConfiguracaoTodasAsFuncionalidades" time="762.995" errors="0" timestamp="27 Jan 2021 22:18:42 GMT">
  <testcase classname="com.timp.test.BCB.OrigenBCBHierarquiaConfiguracaoTodasAsFuncionalidades" name="abrirSubnivel4" time="5.205"/>
  <testcase classname="com.timp.test.BCB.OrigenBCBHierarquiaConfiguracaoTodasAsFuncionalidades" name="criarConfiguracao" time="119.291"/>
  <testcase classname="com.timp.test.BCB.OrigenBCBHierarquiaConfiguracaoTodasAsFuncionalidades" name="abrirSubnivel6" time="5.235"/>
  <testcase classname="com.timp.test.BCB.OrigenBCBHierarquiaConfiguracaoTodasAsFuncionalidades" name="subNivel5" time="30.410"/>
  <testcase classname="com.timp.test.BCB.OrigenBCBHierarquiaConfiguracaoTodasAsFuncionalidades" name="login" time="7.702"/>
  <testcase classname="com.timp.test.BCB.OrigenBCBHierarquiaConfiguracaoTodasAsFuncionalidades" name="subNivel3" time="28.298"/>
  <testcase classname="com.timp.test.BCB.OrigenBCBHierarquiaConfiguracaoTodasAsFuncionalidades" name="abrirSubnivel5" time="5.304"/>
  <testcase classname="com.timp.test.BCB.OrigenBCBHierarquiaConfiguracaoTodasAsFuncionalidades" name="subNivel2" time="28.259"/>
  <testcase classname="com.timp.test.BCB.OrigenBCBHierarquiaConfiguracaoTodasAsFuncionalidades" name="abrirSubnivel2" time="5.335"/>
  <testcase classname="com.timp.test.BCB.OrigenBCBHierarquiaConfiguracaoTodasAsFuncionalidades" name="criarConfiguracaoHierarquia" time="90.103"/>
  <testcase classname="com.timp.test.BCB.OrigenBCBHierarquiaConfiguracaoTodasAsFuncionalidades" name="abrirSubnivel3" time="5.269"/>
  <testcase classname="com.timp.test.BCB.OrigenBCBHierarquiaConfiguracaoTodasAsFuncionalidades" name="criarConfiguracionConfiguracao" time="161.886"/>
  <testcase classname="com.timp.test.BCB.OrigenBCBHierarquiaConfiguracaoTodasAsFuncionalidades" name="excluirHierarquia" time="60.832"/>
  <testcase classname="com.timp.test.BCB.OrigenBCBHierarquiaConfiguracaoTodasAsFuncionalidades" name="subNivel4" time="30.452"/>
  <testcase classname="com.timp.test.BCB.OrigenBCBHierarquiaConfiguracaoTodasAsFuncionalidades" name="brbEntrar" time="16.125"/>
  <testcase classname="com.timp.test.BCB.OrigenBCBHierarquiaConfiguracaoTodasAsFuncionalidades" name="outputBCB" time="24.434"/>
  <testcase classname="com.timp.test.BCB.OrigenBCBHierarquiaConfiguracaoTodasAsFuncionalidades" name="abrirSubnivel1" time="49.739"/>
  <testcase classname="com.timp.test.BCB.OrigenBCBHierarquiaConfiguracaoTodasAsFuncionalidades" name="excluirConfiguracoes" time="64.949"/>
  <testcase classname="com.timp.test.BCB.OrigenBCBHierarquiaConfiguracaoTodasAsFuncionalidades" name="subNivel6Negativo" time="24.167"/>
</testsuite> <!-- com.timp.test.BCB.OrigenBCBHierarquiaConfiguracaoTodasAsFuncionalidades -->
