<?xml version="1.0" encoding="UTF-8"?>
<!-- Generated by org.testng.reporters.JUnitReportReporter -->
<testsuite hostname="DESKTOP-35UG9UP" name="com.timp.test.BRB.ValidacaoEstruturas.PlanoDeContas" tests="3" failures="0" timestamp="16 Sep 2020 17:13:42 GMT" time="65.046" errors="0">
  <testcase name="brbEntrar" time="25.264" classname="com.timp.test.BRB.ValidacaoEstruturas.PlanoDeContas"/>
  <testcase name="verificar" time="28.096" classname="com.timp.test.BRB.ValidacaoEstruturas.PlanoDeContas"/>
  <testcase name="login" time="11.686" classname="com.timp.test.BRB.ValidacaoEstruturas.PlanoDeContas"/>
</testsuite> <!-- com.timp.test.BRB.ValidacaoEstruturas.PlanoDeContas -->
