<?xml version="1.0" encoding="UTF-8"?>
<!-- Generated by org.testng.reporters.JUnitReportReporter -->
<testsuite hostname="MIGUEL" failures="0" tests="3" name="com.timp.test.BRE.CalculoDeTributos.CalculodeTributosTabelas" time="306.342" errors="0" timestamp="11 Jan 2021 21:46:05 GMT">
  <testcase classname="com.timp.test.BRE.CalculoDeTributos.CalculodeTributosTabelas" name="acessarBRE" time="16.388"/>
  <testcase classname="com.timp.test.BRE.CalculoDeTributos.CalculodeTributosTabelas" name="login" time="7.593"/>
  <testcase classname="com.timp.test.BRE.CalculoDeTributos.CalculodeTributosTabelas" name="editar" time="282.361"/>
</testsuite> <!-- com.timp.test.BRE.CalculoDeTributos.CalculodeTributosTabelas -->
