<?xml version="1.0" encoding="UTF-8"?>
<!-- Generated by org.testng.reporters.JUnitReportReporter -->
<testsuite hostname="DESKTOP-M23FVFN" failures="0" tests="2" name="com.timp.test.MDR.OcorrenciaFiscal.TiposDeObjetosDeOcorrenciasFiscais.TiposDeObjetosDeOcorrenciasFiscaisExcluirMassa" time="411.597" errors="0" timestamp="12 dic. 2021 19:12:05 GMT" skipped="0">
  <testcase classname="com.timp.test.MDR.OcorrenciaFiscal.TiposDeObjetosDeOcorrenciasFiscais.TiposDeObjetosDeOcorrenciasFiscaisExcluirMassa" name="Criar" time="376.687"/>
  <testcase classname="com.timp.test.MDR.OcorrenciaFiscal.TiposDeObjetosDeOcorrenciasFiscais.TiposDeObjetosDeOcorrenciasFiscaisExcluirMassa" name="Excluir" time="34.910"/>
</testsuite> <!-- com.timp.test.MDR.OcorrenciaFiscal.TiposDeObjetosDeOcorrenciasFiscais.TiposDeObjetosDeOcorrenciasFiscaisExcluirMassa -->
