<?xml version="1.0" encoding="UTF-8"?>
<!-- Generated by org.testng.reporters.JUnitReportReporter -->
<testsuite hostname="DESKTOP-BNBDMGT" failures="0" tests="3" name="com.timp.test.BCB.ParametrosGeraisConfiguraçãoEditar" time="274.015" errors="0" timestamp="10 Feb 2021 22:40:07 GMT">
  <testcase classname="com.timp.test.BCB.ParametrosGeraisConfiguraçãoEditar" name="login" time="11.059"/>
  <testcase classname="com.timp.test.BCB.ParametrosGeraisConfiguraçãoEditar" name="brbEntrar" time="17.247"/>
  <testcase classname="com.timp.test.BCB.ParametrosGeraisConfiguraçãoEditar" name="editar" time="245.709"/>
</testsuite> <!-- com.timp.test.BCB.ParametrosGeraisConfiguraçãoEditar -->
