<?xml version="1.0" encoding="UTF-8"?>
<!-- Generated by org.testng.reporters.JUnitReportReporter -->
<testsuite hostname="DESKTOP-M23FVFN" failures="0" tests="1" name="com.timp.test.BRB.FiltrosAvancados" time="56.729" errors="0" timestamp="22 dic. 2021 23:07:52 GMT" skipped="0">
  <testcase classname="com.timp.test.BRB.FiltrosAvancados" name="filtrosAvanzados" time="56.729"/>
</testsuite> <!-- com.timp.test.BRB.FiltrosAvancados -->
