<?xml version="1.0" encoding="UTF-8"?>
<!-- Generated by org.testng.reporters.JUnitReportReporter -->
<testsuite hostname="DESKTOP-C57COV6" failures="0" tests="3" name="com.timp.test.ADM.Configuração.Licenças.LicençasDetalhes" time="51.449" errors="0" timestamp="25 jun. 2021 05:07:23 GMT" skipped="0">
  <testcase classname="com.timp.test.ADM.Configuração.Licenças.LicençasDetalhes" name="login" time="13.768"/>
  <testcase classname="com.timp.test.ADM.Configuração.Licenças.LicençasDetalhes" name="AcessarADM" time="16.190"/>
  <testcase classname="com.timp.test.ADM.Configuração.Licenças.LicençasDetalhes" name="Detalles" time="21.491"/>
</testsuite> <!-- com.timp.test.ADM.Configuração.Licenças.LicençasDetalhes -->
