<?xml version="1.0" encoding="UTF-8"?>
<!-- Generated by org.testng.reporters.JUnitReportReporter -->
<testsuite hostname="LitoSoler" name="com.timp.test.BRB.AgrupadoPeloCampo" tests="3" failures="0" timestamp="30 Sep 2020 17:28:07 GMT" time="114.278" errors="0">
  <testcase name="agrupadoPeloCampo" time="88.297" classname="com.timp.test.BRB.AgrupadoPeloCampo"/>
  <testcase name="login" time="7.282" classname="com.timp.test.BRB.AgrupadoPeloCampo"/>
  <testcase name="brbEntrar" time="18.699" classname="com.timp.test.BRB.AgrupadoPeloCampo"/>
</testsuite> <!-- com.timp.test.BRB.AgrupadoPeloCampo -->
