<?xml version="1.0" encoding="UTF-8"?>
<!-- Generated by org.testng.reporters.JUnitReportReporter -->
<testsuite hostname="DESKTOP-BNBDMGT" failures="0" tests="3" name="com.timp.test.MDR.ContratoIOF.ContratoIOFCriar" time="69.007" errors="0" timestamp="30 Oct 2020 04:06:25 GMT">
  <testcase classname="com.timp.test.MDR.ContratoIOF.ContratoIOFCriar" name="login" time="10.913"/>
  <testcase classname="com.timp.test.MDR.ContratoIOF.ContratoIOFCriar" name="acessarMDR" time="19.688"/>
  <testcase classname="com.timp.test.MDR.ContratoIOF.ContratoIOFCriar" name="criar" time="38.406"/>
</testsuite> <!-- com.timp.test.MDR.ContratoIOF.ContratoIOFCriar -->
