<?xml version="1.0" encoding="UTF-8"?>
<!-- Generated by org.testng.reporters.JUnitReportReporter -->
<testsuite hostname="DESKTOP-35UG9UP" name="com.timp.test.MDR.EventosESocial.S1250AquisicaoDeProducaoRural.S1250AquisicaoDeProducaoRuralExcluir" tests="3" failures="0" timestamp="28 Sep 2020 20:14:16 GMT" time="89.136" errors="0">
  <testcase name="excluir" time="64.658" classname="com.timp.test.MDR.EventosESocial.S1250AquisicaoDeProducaoRural.S1250AquisicaoDeProducaoRuralExcluir"/>
  <testcase name="login" time="11.386" classname="com.timp.test.MDR.EventosESocial.S1250AquisicaoDeProducaoRural.S1250AquisicaoDeProducaoRuralExcluir"/>
  <testcase name="acessarMDR" time="13.092" classname="com.timp.test.MDR.EventosESocial.S1250AquisicaoDeProducaoRural.S1250AquisicaoDeProducaoRuralExcluir"/>
</testsuite> <!-- com.timp.test.MDR.EventosESocial.S1250AquisicaoDeProducaoRural.S1250AquisicaoDeProducaoRuralExcluir -->
