<?xml version="1.0" encoding="UTF-8"?>
<!-- Generated by org.testng.reporters.JUnitReportReporter -->
<<<<<<< HEAD
<testsuite hostname="DESKTOP-BNBDMGT" failures="0" tests="3" name="com.timp.test.MDR.Siscoserv.RegistroRF.RegistroRFCriar" time="109.841" errors="0" timestamp="23 Nov 2020 03:39:37 GMT">
  <testcase classname="com.timp.test.MDR.Siscoserv.RegistroRF.RegistroRFCriar" name="login" time="9.357"/>
  <testcase classname="com.timp.test.MDR.Siscoserv.RegistroRF.RegistroRFCriar" name="criar" time="42.004"/>
  <testcase classname="com.timp.test.MDR.Siscoserv.RegistroRF.RegistroRFCriar" name="acessarMDR" time="58.480"/>
=======
<testsuite hostname="LitoSoler" name="com.timp.test.MDR.Siscoserv.RegistroRF.RegistroRFCriar" tests="3" failures="0" timestamp="20 Nov 2020 17:38:59 GMT" time="67.053" errors="0">
  <testcase name="login" time="6.326" classname="com.timp.test.MDR.Siscoserv.RegistroRF.RegistroRFCriar"/>
  <testcase name="acessarMDR" time="15.348" classname="com.timp.test.MDR.Siscoserv.RegistroRF.RegistroRFCriar"/>
  <testcase name="criar" time="45.379" classname="com.timp.test.MDR.Siscoserv.RegistroRF.RegistroRFCriar"/>
>>>>>>> branch 'master' of https://github.com/salc1997/TIMP_R1.git
</testsuite> <!-- com.timp.test.MDR.Siscoserv.RegistroRF.RegistroRFCriar -->
