<?xml version="1.0" encoding="UTF-8"?>
<!-- Generated by org.testng.reporters.JUnitReportReporter -->
<testsuite hostname="LitoSoler" name="com.timp.test.BRB.NovoRelatorio" tests="4" failures="0" timestamp="30 Sep 2020 18:11:58 GMT" time="106.705" errors="0">
  <testcase name="novoRelatorio" time="45.785" classname="com.timp.test.BRB.NovoRelatorio"/>
  <testcase name="login" time="7.348" classname="com.timp.test.BRB.NovoRelatorio"/>
  <testcase name="colunas" time="35.384" classname="com.timp.test.BRB.NovoRelatorio"/>
  <testcase name="brbEntrar" time="18.188" classname="com.timp.test.BRB.NovoRelatorio"/>
</testsuite> <!-- com.timp.test.BRB.NovoRelatorio -->
