<?xml version="1.0" encoding="UTF-8"?>
<!-- Generated by org.testng.reporters.JUnitReportReporter -->
<testsuite hostname="DESKTOP-SUF121B" failures="0" tests="3" name="com.timp.test.MDR.CEP.Logradouro.LogradouroCriar" time="135.024" errors="0" timestamp="29 Jul 2020 21:22:01 GMT">
  <testcase classname="com.timp.test.MDR.CEP.Logradouro.LogradouroCriar" name="logradouroCriar" time="86.894"/>
  <testcase classname="com.timp.test.MDR.CEP.Logradouro.LogradouroCriar" name="acessarMDR" time="36.300"/>
  <testcase classname="com.timp.test.MDR.CEP.Logradouro.LogradouroCriar" name="login" time="11.830"/>
</testsuite> <!-- com.timp.test.MDR.CEP.Logradouro.LogradouroCriar -->
