<?xml version="1.0" encoding="UTF-8"?>
<!-- Generated by org.testng.reporters.JUnitReportReporter -->
<<<<<<< HEAD
<testsuite hostname="DESKTOP-C57COV6" failures="0" tests="1" name="com.timp.test.MDR.TabelasComplementaresParaObrigaçoesAcessorias.TabelaDeOutrosCreditos.TabelaDeOutrosCreditosCriar" time="115.677" errors="0" timestamp="10 ago. 2021 06:27:50 GMT" skipped="0">
  <testcase classname="com.timp.test.MDR.TabelasComplementaresParaObrigaçoesAcessorias.TabelaDeOutrosCreditos.TabelaDeOutrosCreditosCriar" name="criar" time="115.677"/>
=======
<testsuite hostname="DESKTOP-JP1A9E6" failures="0" tests="1" name="com.timp.test.MDR.TabelasComplementaresParaObrigaçoesAcessorias.TabelaDeOutrosCreditos.TabelaDeOutrosCreditosCriar" time="120.975" errors="0" timestamp="10 ago. 2021 04:34:28 GMT" skipped="0">
  <testcase classname="com.timp.test.MDR.TabelasComplementaresParaObrigaçoesAcessorias.TabelaDeOutrosCreditos.TabelaDeOutrosCreditosCriar" name="criar" time="120.975"/>
>>>>>>> branch 'Yessy' of https://github.com/salc1997/TIMP_R1.git
</testsuite> <!-- com.timp.test.MDR.TabelasComplementaresParaObrigaçoesAcessorias.TabelaDeOutrosCreditos.TabelaDeOutrosCreditosCriar -->
