<?xml version="1.0" encoding="UTF-8"?>
<!-- Generated by org.testng.reporters.JUnitReportReporter -->
<testsuite hostname="LitoSoler" name="com.timp.test.BRB.CrescenteEDecrescente" tests="3" failures="0" timestamp="2 Jul 2020 16:03:51 GMT" time="108.983" errors="0">
  <testcase name="crescenteEDecrescente" time="82.684" classname="com.timp.test.BRB.CrescenteEDecrescente"/>
  <testcase name="login" time="9.729" classname="com.timp.test.BRB.CrescenteEDecrescente"/>
  <testcase name="brbEntrar" time="16.570" classname="com.timp.test.BRB.CrescenteEDecrescente"/>
</testsuite> <!-- com.timp.test.BRB.CrescenteEDecrescente -->
