<?xml version="1.0" encoding="UTF-8"?>
<!-- Generated by org.testng.reporters.JUnitReportReporter -->
<testsuite hostname="DESKTOP-M23FVFN" failures="0" tests="1" name="com.timp.test.MDR.Empresas.EmpresaEditar" time="265.354" errors="0" timestamp="24 may. 2022 17:31:45 GMT" skipped="0">
  <testcase classname="com.timp.test.MDR.Empresas.EmpresaEditar" name="editar" time="265.354"/>
</testsuite> <!-- com.timp.test.MDR.Empresas.EmpresaEditar -->
