<?xml version="1.0" encoding="UTF-8"?>
<!-- Generated by org.testng.reporters.JUnitReportReporter -->
<testsuite hostname="DESKTOP-35UG9UP" name="com.timp.test.MDR.TabelasApoioSped.CodigoTipoCredito.ClassificaçaoDeContribuintesDoIPIEditar" tests="3" failures="0" timestamp="7 Aug 2020 16:24:39 GMT" time="96.890" errors="0">
  <testcase name="login" time="9.426" classname="com.timp.test.MDR.TabelasApoioSped.CodigoTipoCredito.ClassificaçaoDeContribuintesDoIPIEditar"/>
  <testcase name="acessarMDR" time="11.685" classname="com.timp.test.MDR.TabelasApoioSped.CodigoTipoCredito.ClassificaçaoDeContribuintesDoIPIEditar"/>
  <testcase name="editar" time="75.779" classname="com.timp.test.MDR.TabelasApoioSped.CodigoTipoCredito.ClassificaçaoDeContribuintesDoIPIEditar"/>
</testsuite> <!-- com.timp.test.MDR.TabelasApoioSped.CodigoTipoCredito.ClassificaçaoDeContribuintesDoIPIEditar -->
