<?xml version="1.0" encoding="UTF-8"?>
<!-- Generated by org.testng.reporters.JUnitReportReporter -->
<testsuite hostname="LitoSoler" name="com.timp.test.CALENDAR.ParametrosGerais.NovaTarefa" tests="4" failures="0" timestamp="21 Dec 2020 17:51:38 GMT" time="135.957" errors="0">
  <testcase name="excluir" time="41.878" classname="com.timp.test.CALENDAR.ParametrosGerais.NovaTarefa"/>
  <testcase name="acessarCalendar" time="23.654" classname="com.timp.test.CALENDAR.ParametrosGerais.NovaTarefa"/>
  <testcase name="novaTarefa" time="57.819" classname="com.timp.test.CALENDAR.ParametrosGerais.NovaTarefa"/>
  <testcase name="login" time="12.606" classname="com.timp.test.CALENDAR.ParametrosGerais.NovaTarefa"/>
</testsuite> <!-- com.timp.test.CALENDAR.ParametrosGerais.NovaTarefa -->
