<?xml version="1.0" encoding="UTF-8"?>
<!-- Generated by org.testng.reporters.JUnitReportReporter -->
<testsuite hostname="EC2AMAZ-8HCHO4G" failures="0" tests="1" name="com.timp.test.BRB.ComentarioListaSuspensa" time="330.629" errors="0" timestamp="2024-10-17T00:57:44 UTC" skipped="0">
  <testcase classname="com.timp.test.BRB.ComentarioListaSuspensa" name="listaSuspensa" time="330.629"/>
  <system-out/>
</testsuite> <!-- com.timp.test.BRB.ComentarioListaSuspensa -->
