<?xml version="1.0" encoding="UTF-8"?>
<!-- Generated by org.testng.reporters.JUnitReportReporter -->
<testsuite hostname="DESKTOP-C57COV6" failures="0" tests="3" name="com.timp.test.TBD.Configuração.CamposChaves.CamposChavesExcluir" time="56.775" errors="0" timestamp="22 abr. 2021 01:07:38 GMT" skipped="0">
  <testcase classname="com.timp.test.TBD.Configuração.CamposChaves.CamposChavesExcluir" name="login" time="7.312"/>
  <testcase classname="com.timp.test.TBD.Configuração.CamposChaves.CamposChavesExcluir" name="excluir" time="35.083"/>
  <testcase classname="com.timp.test.TBD.Configuração.CamposChaves.CamposChavesExcluir" name="TBDEntrar" time="14.380"/>
</testsuite> <!-- com.timp.test.TBD.Configuração.CamposChaves.CamposChavesExcluir -->
