<?xml version="1.0" encoding="UTF-8"?>
<!-- Generated by org.testng.reporters.JUnitReportReporter -->
<testsuite hostname="DESKTOP-SUF121B" failures="0" tests="3" name="com.timp.test.MDR.CenariosCorrecao.CenariosCorrecaoEditar" time="181.578" errors="0" timestamp="31 Jul 2020 06:06:26 GMT">
  <testcase classname="com.timp.test.MDR.CenariosCorrecao.CenariosCorrecaoEditar" name="login" time="13.597"/>
  <testcase classname="com.timp.test.MDR.CenariosCorrecao.CenariosCorrecaoEditar" name="cenariosCorrecaoEditar" time="128.250"/>
  <testcase classname="com.timp.test.MDR.CenariosCorrecao.CenariosCorrecaoEditar" name="acessarMDR" time="39.731"/>
</testsuite> <!-- com.timp.test.MDR.CenariosCorrecao.CenariosCorrecaoEditar -->
