<?xml version="1.0" encoding="UTF-8"?>
<!-- Generated by org.testng.reporters.JUnitReportReporter -->
<testsuite hostname="DESKTOP-M23FVFN" failures="0" tests="3" name="com.timp.test.SCANC.RelatoriosRefineriaGerados.RRFConfiguracaoDeAjusteFiltrosAvancados" time="339.111" errors="0" timestamp="29 mar. 2022 22:37:20 GMT" skipped="0">
  <testcase classname="com.timp.test.SCANC.RelatoriosRefineriaGerados.RRFConfiguracaoDeAjusteFiltrosAvancados" name="ingresar" time="10.291"/>
  <testcase classname="com.timp.test.SCANC.RelatoriosRefineriaGerados.RRFConfiguracaoDeAjusteFiltrosAvancados" name="scancEntrar" time="38.416"/>
  <testcase classname="com.timp.test.SCANC.RelatoriosRefineriaGerados.RRFConfiguracaoDeAjusteFiltrosAvancados" name="filtrosAvancados" time="290.404"/>
</testsuite> <!-- com.timp.test.SCANC.RelatoriosRefineriaGerados.RRFConfiguracaoDeAjusteFiltrosAvancados -->
