<?xml version="1.0" encoding="UTF-8"?>
<!-- Generated by org.testng.reporters.JUnitReportReporter -->
<testsuite hostname="DESKTOP-C57COV6" failures="0" tests="2" name="com.timp.test.MDR.CodigoReceita.CodigoReceitaExcluirEmMassa" time="161.270" errors="0" timestamp="11 may. 2021 10:00:34 GMT" skipped="0">
  <testcase classname="com.timp.test.MDR.CodigoReceita.CodigoReceitaExcluirEmMassa" name="excluir" time="38.958"/>
  <testcase classname="com.timp.test.MDR.CodigoReceita.CodigoReceitaExcluirEmMassa" name="criar" time="122.312"/>
</testsuite> <!-- com.timp.test.MDR.CodigoReceita.CodigoReceitaExcluirEmMassa -->
