<?xml version="1.0" encoding="UTF-8"?>
<!-- Generated by org.testng.reporters.JUnitReportReporter -->
<testsuite hostname="MassielV" failures="0" tests="2" name="com.timp.test.TDK.Dashboard.DashboardCriar" time="410.025" errors="0" timestamp="26 oct. 2021 11:29:17 GMT" skipped="0">
  <testcase classname="com.timp.test.TDK.Dashboard.DashboardCriar" name="criar" time="223.174"/>
  <testcase classname="com.timp.test.TDK.Dashboard.DashboardCriar" name="criar" time="186.851"/>
</testsuite> <!-- com.timp.test.TDK.Dashboard.DashboardCriar -->
