<?xml version="1.0" encoding="UTF-8"?>
<!-- Generated by org.testng.reporters.JUnitReportReporter -->
<testsuite hostname="MassielV" failures="0" tests="2" name="com.timp.test.MDR.CEP.Bairro.BairroExcluirMassa" time="229.246" errors="0" timestamp="02 nov. 2021 06:24:40 GMT" skipped="0">
  <testcase classname="com.timp.test.MDR.CEP.Bairro.BairroExcluirMassa" name="excluirMassa" time="43.547"/>
  <testcase classname="com.timp.test.MDR.CEP.Bairro.BairroExcluirMassa" name="criar" time="185.699"/>
</testsuite> <!-- com.timp.test.MDR.CEP.Bairro.BairroExcluirMassa -->
