<?xml version="1.0" encoding="UTF-8"?>
<!-- Generated by org.testng.reporters.JUnitReportReporter -->
<testsuite hostname="LitoSoler" name="com.timp.test.MDR.SCANC.MovimentoSCANC.MovimentoSCANCVisualizar" tests="3" failures="0" timestamp="4 Sep 2020 17:38:48 GMT" time="93.052" errors="0">
  <testcase name="login" time="6.702" classname="com.timp.test.MDR.SCANC.MovimentoSCANC.MovimentoSCANCVisualizar"/>
  <testcase name="criar" time="48.083" classname="com.timp.test.MDR.SCANC.MovimentoSCANC.MovimentoSCANCVisualizar"/>
  <testcase name="acessarMDR" time="38.267" classname="com.timp.test.MDR.SCANC.MovimentoSCANC.MovimentoSCANCVisualizar"/>
</testsuite> <!-- com.timp.test.MDR.SCANC.MovimentoSCANC.MovimentoSCANCVisualizar -->
