<?xml version="1.0" encoding="UTF-8"?>
<!-- Generated by org.testng.reporters.JUnitReportReporter -->
<testsuite hostname="DESKTOP-C57COV6" failures="0" tests="1" name="com.timp.test.MDR.ValorAdicionado.InclusaoDeCamposMar.InclusaoDeCamposMarVisualizar" time="79.785" errors="0" timestamp="11 nov. 2021 09:15:47 GMT" skipped="0">
  <testcase classname="com.timp.test.MDR.ValorAdicionado.InclusaoDeCamposMar.InclusaoDeCamposMarVisualizar" name="Visualizar" time="79.785"/>
</testsuite> <!-- com.timp.test.MDR.ValorAdicionado.InclusaoDeCamposMar.InclusaoDeCamposMarVisualizar -->
