<?xml version="1.0" encoding="UTF-8"?>
<!-- Generated by org.testng.reporters.JUnitReportReporter -->
<testsuite hostname="DESKTOP-M23FVFN" failures="0" tests="1" name="com.timp.test.TDK.Kpis.Raiz.KpisRaizFiltroPorId" time="118.444" errors="0" timestamp="06 ene. 2022 16:17:25 GMT" skipped="0">
  <testcase classname="com.timp.test.TDK.Kpis.Raiz.KpisRaizFiltroPorId" name="filtro" time="118.444"/>
</testsuite> <!-- com.timp.test.TDK.Kpis.Raiz.KpisRaizFiltroPorId -->
