<?xml version="1.0" encoding="UTF-8"?>
<!-- Generated by org.testng.reporters.JUnitReportReporter -->
<testsuite hostname="DESKTOP-BNBDMGT" failures="0" tests="3" name="com.timp.test.BCB.ParametrosGeraisConfiguraçãoCriar" time="187.787" errors="0" timestamp="27 Jan 2021 23:56:08 GMT">
  <testcase classname="com.timp.test.BCB.ParametrosGeraisConfiguraçãoCriar" name="login" time="7.303"/>
  <testcase classname="com.timp.test.BCB.ParametrosGeraisConfiguraçãoCriar" name="criarConfiguracao" time="162.314"/>
  <testcase classname="com.timp.test.BCB.ParametrosGeraisConfiguraçãoCriar" name="brbEntrar" time="18.170"/>
</testsuite> <!-- com.timp.test.BCB.ParametrosGeraisConfiguraçãoCriar -->
