<?xml version="1.0" encoding="UTF-8"?>
<!-- Generated by org.testng.reporters.JUnitReportReporter -->
<testsuite hostname="EC2AMAZ-8HCHO4G" failures="0" tests="1" name="com.timp.test.BRB.NovoRelatorio" time="275.688" errors="0" timestamp="2024-05-29T20:53:09 UTC" skipped="0">
  <testcase classname="com.timp.test.BRB.NovoRelatorio" name="novoRelatorio" time="275.688"/>
  <system-out/>
</testsuite> <!-- com.timp.test.BRB.NovoRelatorio -->
