<?xml version="1.0" encoding="UTF-8"?>
<!-- Generated by org.testng.reporters.JUnitReportReporter -->
<testsuite hostname="DESKTOP-C57COV6" failures="0" tests="1" name="com.timp.test.BRB.CampoOutput" time="105.745" errors="0" timestamp="11 may. 2021 00:16:55 GMT" skipped="0">
  <testcase classname="com.timp.test.BRB.CampoOutput" name="campoOutput" time="105.745"/>
</testsuite> <!-- com.timp.test.BRB.CampoOutput -->
