<?xml version="1.0" encoding="UTF-8"?>
<!-- Generated by org.testng.reporters.JUnitReportReporter -->
<testsuite hostname="DESKTOP-M23FVFN" failures="0" tests="1" name="com.timp.test.TFP.Configurações.Bloqueios.SubPeriodo.BloqueioSubPeriodoEditar" time="268.733" errors="0" timestamp="2022-09-01T22:13:17 CST" skipped="0">
  <testcase classname="com.timp.test.TFP.Configurações.Bloqueios.SubPeriodo.BloqueioSubPeriodoEditar" name="editar" time="268.733"/>
  <system-out/>
</testsuite> <!-- com.timp.test.TFP.Configurações.Bloqueios.SubPeriodo.BloqueioSubPeriodoEditar -->
