<?xml version="1.0" encoding="UTF-8"?>
<!-- Generated by org.testng.reporters.JUnitReportReporter -->
<testsuite hostname="LAPTOP-IN7IV9K5" failures="0" tests="2" name="com.timp.test.TDK.Dashboard.Edicao.DashboardCartaoIndicador" time="254.426" errors="0" timestamp="25 jun. 2021 09:13:32 GMT" skipped="0">
  <testcase classname="com.timp.test.TDK.Dashboard.Edicao.DashboardCartaoIndicador" name="criar" time="128.317"/>
  <testcase classname="com.timp.test.TDK.Dashboard.Edicao.DashboardCartaoIndicador" name="criar" time="126.109"/>
</testsuite> <!-- com.timp.test.TDK.Dashboard.Edicao.DashboardCartaoIndicador -->
