<?xml version="1.0" encoding="UTF-8"?>
<!-- Generated by org.testng.reporters.JUnitReportReporter -->
<testsuite skipped="0" hostname="LitoSoler" name="com.timp.test.MDR.CadastroCondiçao.CadastroCondiçaoExcluirMasas" tests="2" failures="0" timestamp="17 feb 2021 15:02:47 GMT" time="180.205" errors="0">
  <testcase name="excluir" time="29.697" classname="com.timp.test.MDR.CadastroCondiçao.CadastroCondiçaoExcluirMasas"/>
  <testcase name="criar" time="150.508" classname="com.timp.test.MDR.CadastroCondiçao.CadastroCondiçaoExcluirMasas"/>
</testsuite> <!-- com.timp.test.MDR.CadastroCondiçao.CadastroCondiçaoExcluirMasas -->
