<?xml version="1.0" encoding="UTF-8"?>
<!-- Generated by org.testng.reporters.JUnitReportReporter -->
<testsuite hostname="MIGUEL" failures="0" tests="3" name="com.timp.test.ATR.Estruturas.GrupoDeEstruturas.GrupoDeEstruturasExcluir" time="63.050" errors="0" timestamp="19 mar. 2021 15:07:05 GMT" skipped="0">
  <testcase classname="com.timp.test.ATR.Estruturas.GrupoDeEstruturas.GrupoDeEstruturasExcluir" name="login" time="11.251"/>
  <testcase classname="com.timp.test.ATR.Estruturas.GrupoDeEstruturas.GrupoDeEstruturasExcluir" name="criar" time="34.080"/>
  <testcase classname="com.timp.test.ATR.Estruturas.GrupoDeEstruturas.GrupoDeEstruturasExcluir" name="ATREntrar" time="17.719"/>
</testsuite> <!-- com.timp.test.ATR.Estruturas.GrupoDeEstruturas.GrupoDeEstruturasExcluir -->
