<?xml version="1.0" encoding="UTF-8"?>
<!-- Generated by org.testng.reporters.JUnitReportReporter -->
<testsuite hostname="DESKTOP-BNBDMGT" failures="0" tests="3" name="com.timp.test.DFG.Leiautes.ParametrosGeraisCriarRaizIDPúblicoPrivadoInformacao" time="77.045" errors="0" timestamp="26 mar. 2021 23:48:20 GMT" skipped="0">
  <testcase classname="com.timp.test.DFG.Leiautes.ParametrosGeraisCriarRaizIDPúblicoPrivadoInformacao" name="ingresar" time="18.219"/>
  <testcase classname="com.timp.test.DFG.Leiautes.ParametrosGeraisCriarRaizIDPúblicoPrivadoInformacao" name="mdrEntrar" time="19.775"/>
  <testcase classname="com.timp.test.DFG.Leiautes.ParametrosGeraisCriarRaizIDPúblicoPrivadoInformacao" name="criar" time="39.051"/>
</testsuite> <!-- com.timp.test.DFG.Leiautes.ParametrosGeraisCriarRaizIDPúblicoPrivadoInformacao -->
