<?xml version="1.0" encoding="UTF-8"?>
<!-- Generated by org.testng.reporters.JUnitReportReporter -->
<testsuite hostname="DESKTOP-JP1A9E6" failures="0" tests="1" name="com.timp.test.BRB.AgrupadoPeloCampo" time="210.613" errors="0" timestamp="03 ago. 2021 16:17:34 GMT" skipped="0">
  <testcase classname="com.timp.test.BRB.AgrupadoPeloCampo" name="agrupadoPeloCampo" time="210.613"/>
</testsuite> <!-- com.timp.test.BRB.AgrupadoPeloCampo -->
