<?xml version="1.0" encoding="UTF-8"?>
<!-- Generated by org.testng.reporters.JUnitReportReporter -->
<testsuite hostname="DESKTOP-M23FVFN" failures="0" tests="1" name="com.timp.test.TDK.Kpis.KpisPublicos.KpisFiltroPorId" time="83.953" errors="0" timestamp="23 ene. 2022 14:25:24 GMT" skipped="0">
  <testcase classname="com.timp.test.TDK.Kpis.KpisPublicos.KpisFiltroPorId" name="filtro" time="83.953"/>
</testsuite> <!-- com.timp.test.TDK.Kpis.KpisPublicos.KpisFiltroPorId -->
