<?xml version="1.0" encoding="UTF-8"?>
<!-- Generated by org.testng.reporters.JUnitReportReporter -->
<testsuite hostname="DESKTOP-JP1A9E6" failures="0" tests="2" name="com.timp.test.BRB.FiltroColunas" time="157.992" errors="0" timestamp="05 ago. 2021 15:53:07 GMT" skipped="0">
  <testcase classname="com.timp.test.BRB.FiltroColunas" name="filtroConFerramenta2" time="26.787"/>
  <testcase classname="com.timp.test.BRB.FiltroColunas" name="filtroConFerramenta1" time="131.205"/>
</testsuite> <!-- com.timp.test.BRB.FiltroColunas -->
