<?xml version="1.0" encoding="UTF-8"?>
<!-- Generated by org.testng.reporters.JUnitReportReporter -->
<testsuite hostname="DESKTOP-M23FVFN" failures="0" tests="2" name="com.timp.test.ADM.Configuração.ConfiguraçãoTributo.ConfiguraçãoTributoTributoXEstrutura.ConfiguraçãoTributoTributoXEstruturaCriar" time="202.452" errors="0" timestamp="14 dic. 2021 23:32:53 GMT" skipped="0">
  <testcase classname="com.timp.test.ADM.Configuração.ConfiguraçãoTributo.ConfiguraçãoTributoTributoXEstrutura.ConfiguraçãoTributoTributoXEstruturaCriar" name="criar" time="156.840"/>
  <testcase classname="com.timp.test.ADM.Configuração.ConfiguraçãoTributo.ConfiguraçãoTributoTributoXEstrutura.ConfiguraçãoTributoTributoXEstruturaCriar" name="excluir" time="45.612"/>
</testsuite> <!-- com.timp.test.ADM.Configuração.ConfiguraçãoTributo.ConfiguraçãoTributoTributoXEstrutura.ConfiguraçãoTributoTributoXEstruturaCriar -->
