<?xml version="1.0" encoding="UTF-8"?>
<!-- Generated by org.testng.reporters.JUnitReportReporter -->
<testsuite hostname="DESKTOP-M23FVFN" failures="0" tests="1" name="com.timp.test.TCC.GestaoDeCreditoTributarioICMS.ConfiguracaoEExecucaoRegistro1200.ConfiguracaoEExecucaoRegistro1200Criar" time="339.557" errors="0" timestamp="2022-11-09T21:05:32 BRT" skipped="0">
  <testcase classname="com.timp.test.TCC.GestaoDeCreditoTributarioICMS.ConfiguracaoEExecucaoRegistro1200.ConfiguracaoEExecucaoRegistro1200Criar" name="criar" time="339.557"/>
  <system-out/>
</testsuite> <!-- com.timp.test.TCC.GestaoDeCreditoTributarioICMS.ConfiguracaoEExecucaoRegistro1200.ConfiguracaoEExecucaoRegistro1200Criar -->
