<?xml version="1.0" encoding="UTF-8"?>
<!-- Generated by org.testng.reporters.JUnitReportReporter -->
<testsuite hostname="DESKTOP-M23FVFN" failures="0" tests="1" name="com.timp.test.MDR.CEP.Bairro.BairroCriar" time="94.055" errors="0" timestamp="06 ene. 2022 11:00:31 GMT" skipped="0">
  <testcase classname="com.timp.test.MDR.CEP.Bairro.BairroCriar" name="criar" time="94.055"/>
</testsuite> <!-- com.timp.test.MDR.CEP.Bairro.BairroCriar -->
