<?xml version="1.0" encoding="UTF-8"?>
<!-- Generated by org.testng.reporters.JUnitReportReporter -->
<testsuite hostname="LitoSoler" name="com.timp.test.MDR.TaxasDeActualizacao.AliquotasDeTaxaDeActualizacaoExcluirEmMassa" tests="4" failures="0" timestamp="25 Jan 2021 20:53:07 GMT" time="155.575" errors="0">
  <testcase name="ingresar" time="8.405" classname="com.timp.test.MDR.TaxasDeActualizacao.AliquotasDeTaxaDeActualizacaoExcluirEmMassa"/>
  <testcase name="criar" time="84.001" classname="com.timp.test.MDR.TaxasDeActualizacao.AliquotasDeTaxaDeActualizacaoExcluirEmMassa"/>
  <testcase name="mdrEntrar" time="28.226" classname="com.timp.test.MDR.TaxasDeActualizacao.AliquotasDeTaxaDeActualizacaoExcluirEmMassa"/>
  <testcase name="excluir" time="34.943" classname="com.timp.test.MDR.TaxasDeActualizacao.AliquotasDeTaxaDeActualizacaoExcluirEmMassa"/>
</testsuite> <!-- com.timp.test.MDR.TaxasDeActualizacao.AliquotasDeTaxaDeActualizacaoExcluirEmMassa -->
