<?xml version="1.0" encoding="UTF-8"?>
<!-- Generated by org.testng.reporters.JUnitReportReporter -->
<testsuite hostname="DESKTOP-5P4F1JE" failures="0" tests="3" name="com.timp.test.TDK.Dashboard.DashboardCriar" time="135.885" errors="0" timestamp="1 Feb 2021 17:00:04 GMT">
  <testcase classname="com.timp.test.TDK.Dashboard.DashboardCriar" name="login" time="7.740"/>
  <testcase classname="com.timp.test.TDK.Dashboard.DashboardCriar" name="criar" time="103.797"/>
  <testcase classname="com.timp.test.TDK.Dashboard.DashboardCriar" name="acessarTDK" time="24.348"/>
</testsuite> <!-- com.timp.test.TDK.Dashboard.DashboardCriar -->
