<?xml version="1.0" encoding="UTF-8"?>
<!-- Generated by org.testng.reporters.JUnitReportReporter -->
<testsuite hostname="CRISTHIAN-VASQUEZ" failures="0" tests="3" name="com.timp.test.BRE.RegrasDeMensagens.RegraDeMensagensCriar" time="125.022" errors="0" timestamp="11 Jan 2021 20:55:48 GMT">
  <testcase classname="com.timp.test.BRE.RegrasDeMensagens.RegraDeMensagensCriar" name="login" time="7.531"/>
  <testcase classname="com.timp.test.BRE.RegrasDeMensagens.RegraDeMensagensCriar" name="acessarBRE" time="18.779"/>
  <testcase classname="com.timp.test.BRE.RegrasDeMensagens.RegraDeMensagensCriar" name="criar" time="98.712"/>
</testsuite> <!-- com.timp.test.BRE.RegrasDeMensagens.RegraDeMensagensCriar -->
