<?xml version="1.0" encoding="UTF-8"?>
<!-- Generated by org.testng.reporters.JUnitReportReporter -->
<testsuite hostname="DESKTOP-JP1A9E6" failures="0" tests="1" name="com.timp.test.BRB.ReordenarColuna" time="108.109" errors="0" timestamp="15 jun. 2021 05:23:37 GMT" skipped="0">
  <testcase classname="com.timp.test.BRB.ReordenarColuna" name="reordenar" time="108.109"/>
</testsuite> <!-- com.timp.test.BRB.ReordenarColuna -->
