<?xml version="1.0" encoding="UTF-8"?>
<!-- Generated by org.testng.reporters.JUnitReportReporter -->
<testsuite hostname="DESKTOP-5P4F1JE" failures="0" tests="4" name="com.timp.test.BRB.Exportar" time="107.861" errors="0" timestamp="13 Nov 2020 19:56:39 GMT">
  <testcase classname="com.timp.test.BRB.Exportar" name="exportarXLSX" time="25.245"/>
  <testcase classname="com.timp.test.BRB.Exportar" name="brbEntrar" time="21.780"/>
  <testcase classname="com.timp.test.BRB.Exportar" name="login" time="7.836"/>
  <testcase classname="com.timp.test.BRB.Exportar" name="exportarCSV" time="53.000"/>
</testsuite> <!-- com.timp.test.BRB.Exportar -->
