<?xml version="1.0" encoding="UTF-8"?>
<!-- Generated by org.testng.reporters.JUnitReportReporter -->
<testsuite hostname="EC2AMAZ-8HCHO4G" failures="0" tests="1" name="com.timp.test.BCB.ParametrosGeraisConfiguracao.Configuracao.ParametrosGeraisConfiguracaoConfiguracaoDetalhes" time="88.351" errors="0" timestamp="2023-06-06T23:08:20 UTC" skipped="0">
  <testcase classname="com.timp.test.BCB.ParametrosGeraisConfiguracao.Configuracao.ParametrosGeraisConfiguracaoConfiguracaoDetalhes" name="detalhes" time="88.351"/>
  <system-out/>
</testsuite> <!-- com.timp.test.BCB.ParametrosGeraisConfiguracao.Configuracao.ParametrosGeraisConfiguracaoConfiguracaoDetalhes -->
