<?xml version="1.0" encoding="UTF-8"?>
<!-- Generated by org.testng.reporters.JUnitReportReporter -->
<testsuite hostname="MassielV" failures="0" tests="1" name="com.timp.test.MDR.TabelasApoioESocial.Tabela15.AgenteCausadorDeSGDPDetalle" time="75.121" errors="0" timestamp="30 sep. 2021 10:17:24 GMT" skipped="0">
  <testcase classname="com.timp.test.MDR.TabelasApoioESocial.Tabela15.AgenteCausadorDeSGDPDetalle" name="detalle" time="75.121"/>
</testsuite> <!-- com.timp.test.MDR.TabelasApoioESocial.Tabela15.AgenteCausadorDeSGDPDetalle -->
