<?xml version="1.0" encoding="UTF-8"?>
<!-- Generated by org.testng.reporters.JUnitReportReporter -->
<testsuite hostname="MassielV" failures="0" tests="2" name="com.timp.test.MDR.TabelasApoioESocial.Tabela23.FatoresDeRiscoExcluirMassa" time="143.748" errors="0" timestamp="27 oct. 2021 07:41:51 GMT" skipped="0">
  <testcase classname="com.timp.test.MDR.TabelasApoioESocial.Tabela23.FatoresDeRiscoExcluirMassa" name="criar" time="107.539"/>
  <testcase classname="com.timp.test.MDR.TabelasApoioESocial.Tabela23.FatoresDeRiscoExcluirMassa" name="excluirMassa" time="36.209"/>
</testsuite> <!-- com.timp.test.MDR.TabelasApoioESocial.Tabela23.FatoresDeRiscoExcluirMassa -->
