<?xml version="1.0" encoding="UTF-8"?>
<<<<<<< HEAD
<!-- Generated by org.testng.reporters.JUnitReportReporter -->
<testsuite hostname="LAPTOP-IN7IV9K5" failures="0" tests="1" name="com.timp.test.MDR.RegistroECAC.RegistroECACCriar" time="164.200" errors="0" timestamp="25 jun. 2021 16:25:15 GMT" skipped="0">
  <testcase classname="com.timp.test.MDR.RegistroECAC.RegistroECACCriar" name="criar" time="164.200"/>
=======
<!-- Generated by org.testng.reporters.JUnitReportReporter -->
<<<<<<< HEAD
<testsuite hostname="DESKTOP-C57COV6" failures="0" tests="1" name="com.timp.test.MDR.RegistroECAC.RegistroECACCriar" time="109.875" errors="0" timestamp="16 sep. 2021 06:47:49 GMT" skipped="0">
  <testcase classname="com.timp.test.MDR.RegistroECAC.RegistroECACCriar" name="criar" time="109.875"/>
=======
<testsuite hostname="DESKTOP-JP1A9E6" failures="0" tests="1" name="com.timp.test.MDR.RegistroECAC.RegistroECACCriar" time="194.566" errors="0" timestamp="15 sep. 2021 22:16:13 GMT" skipped="0">
  <testcase classname="com.timp.test.MDR.RegistroECAC.RegistroECACCriar" name="criar" time="194.566"/>
>>>>>>> branch 'Yessy' of https://github.com/salc1997/TIMP_R1.git
>>>>>>> refs/remotes/origin/Yessy
</testsuite> <!-- com.timp.test.MDR.RegistroECAC.RegistroECACCriar -->
