<?xml version="1.0" encoding="UTF-8"?>
<!-- Generated by org.testng.reporters.JUnitReportReporter -->
<testsuite hostname="DESKTOP-M23FVFN" failures="0" tests="3" name="com.timp.test.BRB.Formula" time="219.039" errors="0" timestamp="2022-07-28T10:36:30 CST" skipped="0">
  <testcase classname="com.timp.test.BRB.Formula" name="formulaBoton" time="114.580"/>
  <system-out/>
  <testcase classname="com.timp.test.BRB.Formula" name="formulaColuna" time="90.340"/>
  <system-out/>
  <testcase classname="com.timp.test.BRB.Formula" name="aplicar" time="14.119"/>
  <system-out/>
</testsuite> <!-- com.timp.test.BRB.Formula -->
