<?xml version="1.0" encoding="UTF-8"?>
<!-- Generated by org.testng.reporters.JUnitReportReporter -->
<testsuite hostname="DESKTOP-M23FVFN" failures="0" tests="2" name="com.timp.test.BRB.FormatacaoEVariante" time="306.019" errors="0" timestamp="2022-08-12T10:57:31 CST" skipped="0">
  <testcase classname="com.timp.test.BRB.FormatacaoEVariante" name="formatacaoEVariante" time="248.903"/>
  <system-out/>
  <testcase classname="com.timp.test.BRB.FormatacaoEVariante" name="excluirVariante" time="57.116"/>
  <system-out/>
</testsuite> <!-- com.timp.test.BRB.FormatacaoEVariante -->
