<?xml version="1.0" encoding="UTF-8"?>
<!-- Generated by org.testng.reporters.JUnitReportReporter -->
<testsuite hostname="DESKTOP-BNBDMGT" failures="0" tests="3" name="com.timp.test.MDR.CadastrosIRPJCSLL.CadastroContaisContabeisFiltroID.CadastroContaisContabeisFiltroID" time="64.710" errors="0" timestamp="18 Nov 2020 20:05:19 GMT">
  <testcase classname="com.timp.test.MDR.CadastrosIRPJCSLL.CadastroContaisContabeisFiltroID.CadastroContaisContabeisFiltroID" name="login" time="12.766"/>
  <testcase classname="com.timp.test.MDR.CadastrosIRPJCSLL.CadastroContaisContabeisFiltroID.CadastroContaisContabeisFiltroID" name="acessarMDR" time="16.277"/>
  <testcase classname="com.timp.test.MDR.CadastrosIRPJCSLL.CadastroContaisContabeisFiltroID.CadastroContaisContabeisFiltroID" name="filtro" time="35.667"/>
</testsuite> <!-- com.timp.test.MDR.CadastrosIRPJCSLL.CadastroContaisContabeisFiltroID.CadastroContaisContabeisFiltroID -->
