<?xml version="1.0" encoding="UTF-8"?>
<!-- Generated by org.testng.reporters.JUnitReportReporter -->
<testsuite hostname="Agile" failures="0" tests="2" name="com.timp.test.BRB.FormatacaoEVariante" time="337.376" errors="0" timestamp="2022-06-06T13:03:58 CST" skipped="0">
  <testcase classname="com.timp.test.BRB.FormatacaoEVariante" name="formatacaoEVariante" time="281.063"/>
  <system-out/>
  <testcase classname="com.timp.test.BRB.FormatacaoEVariante" name="excluirVariante" time="56.313"/>
  <system-out/>
</testsuite> <!-- com.timp.test.BRB.FormatacaoEVariante -->
