<?xml version="1.0" encoding="UTF-8"?>
<!-- Generated by org.testng.reporters.JUnitReportReporter -->
<testsuite hostname="MIGUEL" failures="0" tests="3" name="com.timp.test.MDR.Siscoserv.RegistroRVS.RegistroRVSDetalhes" time="49.619" errors="0" timestamp="22 Jan 2021 06:32:30 GMT">
  <testcase classname="com.timp.test.MDR.Siscoserv.RegistroRVS.RegistroRVSDetalhes" name="login" time="7.513"/>
  <testcase classname="com.timp.test.MDR.Siscoserv.RegistroRVS.RegistroRVSDetalhes" name="detalhes" time="28.841"/>
  <testcase classname="com.timp.test.MDR.Siscoserv.RegistroRVS.RegistroRVSDetalhes" name="acessarMDR" time="13.265"/>
</testsuite> <!-- com.timp.test.MDR.Siscoserv.RegistroRVS.RegistroRVSDetalhes -->
