<?xml version="1.0" encoding="UTF-8"?>
<!-- Generated by org.testng.reporters.JUnitReportReporter -->
<testsuite hostname="LAPTOP-IN7IV9K5" failures="0" tests="3" name="com.timp.test.BRE.RegrasDeMensagens.RegrasDeMensagensEditar" time="134.638" errors="0" timestamp="15 Feb 2021 22:31:33 GMT">
  <testcase classname="com.timp.test.BRE.RegrasDeMensagens.RegrasDeMensagensEditar" name="login" time="9.670"/>
  <testcase classname="com.timp.test.BRE.RegrasDeMensagens.RegrasDeMensagensEditar" name="acessarBRE" time="21.956"/>
  <testcase classname="com.timp.test.BRE.RegrasDeMensagens.RegrasDeMensagensEditar" name="editar" time="103.012"/>
</testsuite> <!-- com.timp.test.BRE.RegrasDeMensagens.RegrasDeMensagensEditar -->
