<?xml version="1.0" encoding="UTF-8"?>
<!-- Generated by org.testng.reporters.JUnitReportReporter -->
<testsuite skipped="0" hostname="LitoSoler" name="com.timp.test.MDR.CadastroCondiçao.CadastroCondicaoCriar" tests="1" failures="0" timestamp="19 mar 2021 21:00:34 GMT" time="99.095" errors="0">
  <testcase name="criar" time="99.095" classname="com.timp.test.MDR.CadastroCondiçao.CadastroCondicaoCriar"/>
</testsuite> <!-- com.timp.test.MDR.CadastroCondiçao.CadastroCondicaoCriar -->
