<?xml version="1.0" encoding="UTF-8"?>
<!-- Generated by org.testng.reporters.JUnitReportReporter -->
<testsuite hostname="LitoSoler" name="com.timp.test.BRB.Regras" tests="3" failures="0" timestamp="2 Jul 2020 16:20:21 GMT" time="82.195" errors="0">
  <testcase name="brbEntrar" time="11.693" classname="com.timp.test.BRB.Regras"/>
  <testcase name="regras" time="63.156" classname="com.timp.test.BRB.Regras"/>
  <testcase name="login" time="7.346" classname="com.timp.test.BRB.Regras"/>
</testsuite> <!-- com.timp.test.BRB.Regras -->
