<?xml version="1.0" encoding="UTF-8"?>
<!-- Generated by org.testng.reporters.JUnitReportReporter -->
<testsuite hostname="DESKTOP-35UG9UP" name="com.timp.test.MDR.CEP.Municipio.MunicipioVisualizar" tests="3" failures="0" timestamp="1 Sep 2020 18:09:09 GMT" time="142.337" errors="0">
  <testcase name="acessarMDR" time="34.478" classname="com.timp.test.MDR.CEP.Municipio.MunicipioVisualizar"/>
  <testcase name="visualizar" time="97.748" classname="com.timp.test.MDR.CEP.Municipio.MunicipioVisualizar"/>
  <testcase name="login" time="10.111" classname="com.timp.test.MDR.CEP.Municipio.MunicipioVisualizar"/>
</testsuite> <!-- com.timp.test.MDR.CEP.Municipio.MunicipioVisualizar -->
