<?xml version="1.0" encoding="UTF-8"?>
<!-- Generated by org.testng.reporters.JUnitReportReporter -->
<testsuite hostname="EC2AMAZ-8HCHO4G" failures="0" tests="3" name="com.timp.test.BRB.todasFunc" time="418.181" errors="0" timestamp="2023-03-02T14:20:26 UTC" skipped="0">
  <testcase classname="com.timp.test.BRB.todasFunc" name="novoRelatorio" time="238.242"/>
  <system-out/>
  <testcase classname="com.timp.test.BRB.todasFunc" name="adicionarColunas" time="119.184"/>
  <system-out/>
  <testcase classname="com.timp.test.BRB.todasFunc" name="editar" time="60.755"/>
  <system-out/>
</testsuite> <!-- com.timp.test.BRB.todasFunc -->
