<?xml version="1.0" encoding="UTF-8"?>
<!-- Generated by org.testng.reporters.JUnitReportReporter -->
<<<<<<< HEAD
<testsuite hostname="EC2AMAZ-8HCHO4G" failures="0" tests="1" name="com.timp.test.BRB.AtivarComentario" time="82.722" errors="0" timestamp="2023-05-19T15:45:34 UTC" skipped="0">
  <testcase classname="com.timp.test.BRB.AtivarComentario" name="ativarComentarios" time="82.722"/>
=======
<testsuite hostname="SALC-PC" failures="0" tests="1" name="com.timp.test.BRB.AtivarComentario" time="98.344" errors="0" timestamp="2023-05-13T16:19:15 CST" skipped="0">
  <testcase classname="com.timp.test.BRB.AtivarComentario" name="ativarComentarios" time="98.344"/>
>>>>>>> refs/remotes/origin/Steven
  <system-out/>
</testsuite> <!-- com.timp.test.BRB.AtivarComentario -->
