<?xml version="1.0" encoding="UTF-8"?>
<!-- Generated by org.testng.reporters.JUnitReportReporter -->
<testsuite hostname="DESKTOP-BNBDMGT" failures="0" tests="3" name="com.timp.test.TCC.GestaoDeCreditoTributarioPISCONFINS.ApuraçãoDeCréditoTributárioPIS.ConfiguraçãoEExecução.RegistroM200.RegistroM200Criar" time="150.381" errors="0" timestamp="4 Feb 2021 23:37:27 GMT">
  <testcase classname="com.timp.test.TCC.GestaoDeCreditoTributarioPISCONFINS.ApuraçãoDeCréditoTributárioPIS.ConfiguraçãoEExecução.RegistroM200.RegistroM200Criar" name="login" time="11.526"/>
  <testcase classname="com.timp.test.TCC.GestaoDeCreditoTributarioPISCONFINS.ApuraçãoDeCréditoTributárioPIS.ConfiguraçãoEExecução.RegistroM200.RegistroM200Criar" name="criar" time="124.607"/>
  <testcase classname="com.timp.test.TCC.GestaoDeCreditoTributarioPISCONFINS.ApuraçãoDeCréditoTributárioPIS.ConfiguraçãoEExecução.RegistroM200.RegistroM200Criar" name="acessarTCC" time="14.248"/>
</testsuite> <!-- com.timp.test.TCC.GestaoDeCreditoTributarioPISCONFINS.ApuraçãoDeCréditoTributárioPIS.ConfiguraçãoEExecução.RegistroM200.RegistroM200Criar -->
