<?xml version="1.0" encoding="UTF-8"?>
<!-- Generated by org.testng.reporters.JUnitReportReporter -->
<testsuite hostname="LitoSoler" name="com.timp.test.BRB.ExcluirColuna" tests="2" failures="0" timestamp="15 Feb 2021 23:47:15 GMT" time="150.771" errors="0">
  <testcase name="excluirColunaOpcao" time="51.762" classname="com.timp.test.BRB.ExcluirColuna"/>
  <testcase name="excluirColunaDragNDrop" time="99.009" classname="com.timp.test.BRB.ExcluirColuna"/>
</testsuite> <!-- com.timp.test.BRB.ExcluirColuna -->
