<?xml version="1.0" encoding="UTF-8"?>
<!-- Generated by org.testng.reporters.JUnitReportReporter -->
<testsuite hostname="LitoSoler" name="com.timp.test.MDR.Automacoes.AutomacoesMDR6" tests="40" failures="1" timestamp="13 Nov 2020 03:43:31 GMT" time="3865.923" errors="2">
  <testcase name="naturezaDasRubricasCriar" time="86.175" classname="com.timp.test.MDR.Automacoes.AutomacoesMDR6"/>
  <testcase name="tiposDeDependentesEditar" time="103.453" classname="com.timp.test.MDR.Automacoes.AutomacoesMDR6"/>
  <testcase name="tiposDeRegistroVisualizar" time="88.533" classname="com.timp.test.MDR.Automacoes.AutomacoesMDR6"/>
  <testcase name="categoriasDeTrabalhadoresCriar" time="88.817" classname="com.timp.test.MDR.Automacoes.AutomacoesMDR6"/>
  <testcase name="codigosEAliqDeFPRASVisualizar" time="85.816" classname="com.timp.test.MDR.Automacoes.AutomacoesMDR6"/>
  <testcase name="codigosEAliqDeFPRASExcluir" time="96.018" classname="com.timp.test.MDR.Automacoes.AutomacoesMDR6"/>
  <testcase name="financiamentoDeAposEspEditar" time="100.159" classname="com.timp.test.MDR.Automacoes.AutomacoesMDR6"/>
  <testcase name="paisesExcluir" time="85.817" classname="com.timp.test.MDR.Automacoes.AutomacoesMDR6"/>
  <testcase name="codigosEAliqDeFPRASCriar" time="95.270" classname="com.timp.test.MDR.Automacoes.AutomacoesMDR6"/>
  <testcase name="registroRPExcluirEmMassa" time="161.490" classname="com.timp.test.MDR.Automacoes.AutomacoesMDR6"/>
  <testcase name="confrontacaoEditar" time="107.747" classname="com.timp.test.MDR.Automacoes.AutomacoesMDR6"/>
  <testcase name="taxasDeConversaoVisualizar" time="74.880" classname="com.timp.test.MDR.Automacoes.AutomacoesMDR6"/>
  <testcase name="tiposDeServicosExcluirEmMassa" time="43.741" classname="com.timp.test.MDR.Automacoes.AutomacoesMDR6">
    <failure type="org.openqa.selenium.NoSuchElementException" message="no such element: Unable to locate element: {&quot;method&quot;:&quot;xpath&quot;,&quot;selector&quot;:&quot;//span[text()=&quot;Atividades para tributação&quot;]&quot;}
  (Session info: chrome=83.0.4103.106)
For documentation on this error, please visit: https://www.seleniumhq.org/exceptions/no_such_element.html
Build info: version: &#039;3.141.59&#039;, revision: &#039;e82be7d358&#039;, time: &#039;2018-11-14T08:17:03&#039;
System info: host: &#039;LITOSOLER&#039;, ip: &#039;192.168.0.4&#039;, os.name: &#039;Windows 10&#039;, os.arch: &#039;amd64&#039;, os.version: &#039;10.0&#039;, java.version: &#039;1.8.0_251&#039;
Driver info: org.openqa.selenium.chrome.ChromeDriver
Capabilities {acceptInsecureCerts: false, browserName: chrome, browserVersion: 83.0.4103.106, chrome: {chromedriverVersion: 83.0.4103.39 (ccbf011cb2d2b..., userDataDir: C:\Users\AGILES~1\AppData\L...}, goog:chromeOptions: {debuggerAddress: localhost:52973}, javascriptEnabled: true, networkConnectionEnabled: false, pageLoadStrategy: normal, platform: WINDOWS, platformName: WINDOWS, proxy: Proxy(), setWindowRect: true, strictFileInteractability: false, timeouts: {implicit: 0, pageLoad: 300000, script: 30000}, unhandledPromptBehavior: dismiss and notify, webauthn:virtualAuthenticators: true}
Session ID: 4856faa39e2cc27b29cdb0f970ee5ecf
*** Element info: {Using=xpath, value=//span[text()=&quot;Atividades para tributação&quot;]}">
      <![CDATA[org.openqa.selenium.NoSuchElementException: no such element: Unable to locate element: {"method":"xpath","selector":"//span[text()="Atividades para tributação"]"}
  (Session info: chrome=83.0.4103.106)
For documentation on this error, please visit: https://www.seleniumhq.org/exceptions/no_such_element.html
Build info: version: '3.141.59', revision: 'e82be7d358', time: '2018-11-14T08:17:03'
System info: host: 'LITOSOLER', ip: '192.168.0.4', os.name: 'Windows 10', os.arch: 'amd64', os.version: '10.0', java.version: '1.8.0_251'
Driver info: org.openqa.selenium.chrome.ChromeDriver
Capabilities {acceptInsecureCerts: false, browserName: chrome, browserVersion: 83.0.4103.106, chrome: {chromedriverVersion: 83.0.4103.39 (ccbf011cb2d2b..., userDataDir: C:\Users\AGILES~1\AppData\L...}, goog:chromeOptions: {debuggerAddress: localhost:52973}, javascriptEnabled: true, networkConnectionEnabled: false, pageLoadStrategy: normal, platform: WINDOWS, platformName: WINDOWS, proxy: Proxy(), setWindowRect: true, strictFileInteractability: false, timeouts: {implicit: 0, pageLoad: 300000, script: 30000}, unhandledPromptBehavior: dismiss and notify, webauthn:virtualAuthenticators: true}
Session ID: 4856faa39e2cc27b29cdb0f970ee5ecf
*** Element info: {Using=xpath, value=//span[text()="Atividades para tributação"]}
	at sun.reflect.GeneratedConstructorAccessor17.newInstance(Unknown Source)
	at sun.reflect.DelegatingConstructorAccessorImpl.newInstance(DelegatingConstructorAccessorImpl.java:45)
	at java.lang.reflect.Constructor.newInstance(Constructor.java:423)
	at org.openqa.selenium.remote.http.W3CHttpResponseCodec.createException(W3CHttpResponseCodec.java:187)
	at org.openqa.selenium.remote.http.W3CHttpResponseCodec.decode(W3CHttpResponseCodec.java:122)
	at org.openqa.selenium.remote.http.W3CHttpResponseCodec.decode(W3CHttpResponseCodec.java:49)
	at org.openqa.selenium.remote.HttpCommandExecutor.execute(HttpCommandExecutor.java:158)
	at org.openqa.selenium.remote.service.DriverCommandExecutor.execute(DriverCommandExecutor.java:83)
	at org.openqa.selenium.remote.RemoteWebDriver.execute(RemoteWebDriver.java:552)
	at org.openqa.selenium.remote.RemoteWebDriver.findElement(RemoteWebDriver.java:323)
	at org.openqa.selenium.remote.RemoteWebDriver.findElementByXPath(RemoteWebDriver.java:428)
	at org.openqa.selenium.By$ByXPath.findElement(By.java:353)
	at org.openqa.selenium.remote.RemoteWebDriver.findElement(RemoteWebDriver.java:315)
	at org.openqa.selenium.support.pagefactory.DefaultElementLocator.findElement(DefaultElementLocator.java:69)
	at org.openqa.selenium.support.pagefactory.internal.LocatingElementHandler.invoke(LocatingElementHandler.java:38)
	at com.sun.proxy.$Proxy7.click(Unknown Source)
	at com.sap.timp.pageObjectModel.MDR.AtividadesParaTributacao.TiposDeServicos.TiposDeServicosExcluirEmMassaPO.criar(TiposDeServicosExcluirEmMassaPO.java:69)
	at com.timp.test.MDR.AtividadesParaTributacao.TiposDeServicos.TiposDeServicosExcluirEmMassa.criar(TiposDeServicosExcluirEmMassa.java:51)
	at com.timp.test.MDR.Automacoes.AutomacoesMDR6.tiposDeServicosExcluirEmMassa(AutomacoesMDR6.java:531)
	at sun.reflect.NativeMethodAccessorImpl.invoke0(Native Method)
	at sun.reflect.NativeMethodAccessorImpl.invoke(NativeMethodAccessorImpl.java:62)
	at sun.reflect.DelegatingMethodAccessorImpl.invoke(DelegatingMethodAccessorImpl.java:43)
	at java.lang.reflect.Method.invoke(Method.java:498)
	at org.testng.internal.MethodInvocationHelper.invokeMethod(MethodInvocationHelper.java:80)
	at org.testng.internal.Invoker.invokeMethod(Invoker.java:714)
	at org.testng.internal.Invoker.invokeTestMethod(Invoker.java:901)
	at org.testng.internal.Invoker.invokeTestMethods(Invoker.java:1231)
	at org.testng.internal.TestMethodWorker.invokeTestMethods(TestMethodWorker.java:127)
	at org.testng.internal.TestMethodWorker.run(TestMethodWorker.java:111)
	at org.testng.TestRunner.privateRun(TestRunner.java:767)
	at org.testng.TestRunner.run(TestRunner.java:617)
	at org.testng.SuiteRunner.runTest(SuiteRunner.java:334)
	at org.testng.SuiteRunner.runSequentially(SuiteRunner.java:329)
	at org.testng.SuiteRunner.privateRun(SuiteRunner.java:291)
	at org.testng.SuiteRunner.run(SuiteRunner.java:240)
	at org.testng.SuiteRunnerWorker.runSuite(SuiteRunnerWorker.java:52)
	at org.testng.SuiteRunnerWorker.run(SuiteRunnerWorker.java:86)
	at org.testng.TestNG.runSuitesSequentially(TestNG.java:1198)
	at org.testng.TestNG.runSuitesLocally(TestNG.java:1123)
	at org.testng.TestNG.run(TestNG.java:1031)
	at org.testng.remote.AbstractRemoteTestNG.run(AbstractRemoteTestNG.java:115)
	at org.testng.remote.RemoteTestNG.initAndRun(RemoteTestNG.java:251)
	at org.testng.remote.RemoteTestNG.main(RemoteTestNG.java:77)
]]>
    </failure>
  </testcase> <!-- tiposDeServicosExcluirEmMassa -->
  <testcase name="tiposDeRegistroEditar" time="109.616" classname="com.timp.test.MDR.Automacoes.AutomacoesMDR6"/>
  <testcase name="paisesVisualizar" time="88.755" classname="com.timp.test.MDR.Automacoes.AutomacoesMDR6"/>
  <testcase name="categoriasDeTrabalhadoresVisualizar" time="80.528" classname="com.timp.test.MDR.Automacoes.AutomacoesMDR6">
    <error type="java.lang.AssertionError" message="O modo visualização não está ativado expected [true] but found [false]">
      <![CDATA[java.lang.AssertionError: O modo visualização não está ativado expected [true] but found [false]
	at org.testng.Assert.fail(Assert.java:94)
	at org.testng.Assert.failNotEquals(Assert.java:494)
	at org.testng.Assert.assertTrue(Assert.java:42)
	at com.timp.test.MDR.TabelasApoioESocial.Tabela01.CategoriasDeTrabalhadoresVisualizar.Visualizar(CategoriasDeTrabalhadoresVisualizar.java:56)
	at com.timp.test.MDR.Automacoes.AutomacoesMDR6.categoriasDeTrabalhadoresVisualizar(AutomacoesMDR6.java:151)
	at sun.reflect.NativeMethodAccessorImpl.invoke0(Native Method)
	at sun.reflect.NativeMethodAccessorImpl.invoke(NativeMethodAccessorImpl.java:62)
	at sun.reflect.DelegatingMethodAccessorImpl.invoke(DelegatingMethodAccessorImpl.java:43)
	at java.lang.reflect.Method.invoke(Method.java:498)
	at org.testng.internal.MethodInvocationHelper.invokeMethod(MethodInvocationHelper.java:80)
	at org.testng.internal.Invoker.invokeMethod(Invoker.java:714)
	at org.testng.internal.Invoker.invokeTestMethod(Invoker.java:901)
	at org.testng.internal.Invoker.invokeTestMethods(Invoker.java:1231)
	at org.testng.internal.TestMethodWorker.invokeTestMethods(TestMethodWorker.java:127)
	at org.testng.internal.TestMethodWorker.run(TestMethodWorker.java:111)
	at org.testng.TestRunner.privateRun(TestRunner.java:767)
	at org.testng.TestRunner.run(TestRunner.java:617)
	at org.testng.SuiteRunner.runTest(SuiteRunner.java:334)
	at org.testng.SuiteRunner.runSequentially(SuiteRunner.java:329)
	at org.testng.SuiteRunner.privateRun(SuiteRunner.java:291)
	at org.testng.SuiteRunner.run(SuiteRunner.java:240)
	at org.testng.SuiteRunnerWorker.runSuite(SuiteRunnerWorker.java:52)
	at org.testng.SuiteRunnerWorker.run(SuiteRunnerWorker.java:86)
	at org.testng.TestNG.runSuitesSequentially(TestNG.java:1198)
	at org.testng.TestNG.runSuitesLocally(TestNG.java:1123)
	at org.testng.TestNG.run(TestNG.java:1031)
	at org.testng.remote.AbstractRemoteTestNG.run(AbstractRemoteTestNG.java:115)
	at org.testng.remote.RemoteTestNG.initAndRun(RemoteTestNG.java:251)
	at org.testng.remote.RemoteTestNG.main(RemoteTestNG.java:77)
]]>
    </error>
  </testcase> <!-- categoriasDeTrabalhadoresVisualizar -->
  <testcase name="tiposDeRegistroExcluir" time="87.744" classname="com.timp.test.MDR.Automacoes.AutomacoesMDR6"/>
  <testcase name="taxasDeConversaoCriar" time="86.864" classname="com.timp.test.MDR.Automacoes.AutomacoesMDR6"/>
  <testcase name="paisMoedaExcluirEmMassa" time="156.080" classname="com.timp.test.MDR.Automacoes.AutomacoesMDR6"/>
  <testcase name="taxasDeConversaoEditar" time="95.348" classname="com.timp.test.MDR.Automacoes.AutomacoesMDR6"/>
  <testcase name="financiamentoDeAposEspCriar" time="94.367" classname="com.timp.test.MDR.Automacoes.AutomacoesMDR6"/>
  <testcase name="financiamentoDeAposEspVisualizar" time="79.629" classname="com.timp.test.MDR.Automacoes.AutomacoesMDR6">
    <error type="java.lang.AssertionError" message="O modo visualização não está ativado expected [true] but found [false]">
      <![CDATA[java.lang.AssertionError: O modo visualização não está ativado expected [true] but found [false]
	at org.testng.Assert.fail(Assert.java:94)
	at org.testng.Assert.failNotEquals(Assert.java:494)
	at org.testng.Assert.assertTrue(Assert.java:42)
	at com.timp.test.MDR.TabelasApoioESocial.Tabela02.FinanciamentoDeAposEspVisualizar.Visualizar(FinanciamentoDeAposEspVisualizar.java:56)
	at com.timp.test.MDR.Automacoes.AutomacoesMDR6.financiamentoDeAposEspVisualizar(AutomacoesMDR6.java:201)
	at sun.reflect.NativeMethodAccessorImpl.invoke0(Native Method)
	at sun.reflect.NativeMethodAccessorImpl.invoke(NativeMethodAccessorImpl.java:62)
	at sun.reflect.DelegatingMethodAccessorImpl.invoke(DelegatingMethodAccessorImpl.java:43)
	at java.lang.reflect.Method.invoke(Method.java:498)
	at org.testng.internal.MethodInvocationHelper.invokeMethod(MethodInvocationHelper.java:80)
	at org.testng.internal.Invoker.invokeMethod(Invoker.java:714)
	at org.testng.internal.Invoker.invokeTestMethod(Invoker.java:901)
	at org.testng.internal.Invoker.invokeTestMethods(Invoker.java:1231)
	at org.testng.internal.TestMethodWorker.invokeTestMethods(TestMethodWorker.java:127)
	at org.testng.internal.TestMethodWorker.run(TestMethodWorker.java:111)
	at org.testng.TestRunner.privateRun(TestRunner.java:767)
	at org.testng.TestRunner.run(TestRunner.java:617)
	at org.testng.SuiteRunner.runTest(SuiteRunner.java:334)
	at org.testng.SuiteRunner.runSequentially(SuiteRunner.java:329)
	at org.testng.SuiteRunner.privateRun(SuiteRunner.java:291)
	at org.testng.SuiteRunner.run(SuiteRunner.java:240)
	at org.testng.SuiteRunnerWorker.runSuite(SuiteRunnerWorker.java:52)
	at org.testng.SuiteRunnerWorker.run(SuiteRunnerWorker.java:86)
	at org.testng.TestNG.runSuitesSequentially(TestNG.java:1198)
	at org.testng.TestNG.runSuitesLocally(TestNG.java:1123)
	at org.testng.TestNG.run(TestNG.java:1031)
	at org.testng.remote.AbstractRemoteTestNG.run(AbstractRemoteTestNG.java:115)
	at org.testng.remote.RemoteTestNG.initAndRun(RemoteTestNG.java:251)
	at org.testng.remote.RemoteTestNG.main(RemoteTestNG.java:77)
]]>
    </error>
  </testcase> <!-- financiamentoDeAposEspVisualizar -->
  <testcase name="categoriasDeTrabalhadoresExcluir" time="81.250" classname="com.timp.test.MDR.Automacoes.AutomacoesMDR6"/>
  <testcase name="paisesCriar" time="97.203" classname="com.timp.test.MDR.Automacoes.AutomacoesMDR6"/>
  <testcase name="naturezaDasRubricasExcluir" time="89.972" classname="com.timp.test.MDR.Automacoes.AutomacoesMDR6"/>
  <testcase name="codigoReceitaExcluirEmMassa" time="157.419" classname="com.timp.test.MDR.Automacoes.AutomacoesMDR6"/>
  <testcase name="confratacaoCriar" time="85.793" classname="com.timp.test.MDR.Automacoes.AutomacoesMDR6"/>
  <testcase name="taxasDeConversaoExcluir" time="70.326" classname="com.timp.test.MDR.Automacoes.AutomacoesMDR6"/>
  <testcase name="codigosEAliqDeFPRASEditar" time="108.843" classname="com.timp.test.MDR.Automacoes.AutomacoesMDR6"/>
  <testcase name="tiposDeDependentesExcluir" time="80.092" classname="com.timp.test.MDR.Automacoes.AutomacoesMDR6"/>
  <testcase name="tiposDeRegistroCriar" time="96.752" classname="com.timp.test.MDR.Automacoes.AutomacoesMDR6"/>
  <testcase name="naturezaDasRubricasEditar" time="107.142" classname="com.timp.test.MDR.Automacoes.AutomacoesMDR6"/>
  <testcase name="registroRASExcluirEmMassa" time="159.575" classname="com.timp.test.MDR.Automacoes.AutomacoesMDR6"/>
  <testcase name="confrontacaoDetalhes" time="68.975" classname="com.timp.test.MDR.Automacoes.AutomacoesMDR6"/>
  <testcase name="tiposDeDependentesVisualizar" time="87.227" classname="com.timp.test.MDR.Automacoes.AutomacoesMDR6"/>
  <testcase name="naturezaDasRubricasVisualizar" time="90.260" classname="com.timp.test.MDR.Automacoes.AutomacoesMDR6"/>
  <testcase name="categoriasDeTrabalhadoresEditar" time="106.734" classname="com.timp.test.MDR.Automacoes.AutomacoesMDR6"/>
  <testcase name="paisesEditar" time="104.097" classname="com.timp.test.MDR.Automacoes.AutomacoesMDR6"/>
  <testcase name="financiamentoDeAposEspExcluir" time="83.824" classname="com.timp.test.MDR.Automacoes.AutomacoesMDR6"/>
  <testcase name="tiposDeDependentesCriar" time="93.592" classname="com.timp.test.MDR.Automacoes.AutomacoesMDR6"/>
</testsuite> <!-- com.timp.test.MDR.Automacoes.AutomacoesMDR6 -->
