<?xml version="1.0" encoding="UTF-8"?>
<!-- Generated by org.testng.reporters.JUnitReportReporter -->
<testsuite hostname="DESKTOP-C57COV6" failures="0" tests="1" name="com.timp.test.MDR.AtivaçaoParaMunicipio.AtivaçaoParaMunicipioExcluir" time="80.025" errors="0" timestamp="04 ago. 2021 05:41:38 GMT" skipped="0">
  <testcase classname="com.timp.test.MDR.AtivaçaoParaMunicipio.AtivaçaoParaMunicipioExcluir" name="excluir" time="80.025"/>
</testsuite> <!-- com.timp.test.MDR.AtivaçaoParaMunicipio.AtivaçaoParaMunicipioExcluir -->
