<?xml version="1.0" encoding="UTF-8"?>
<!-- Generated by org.testng.reporters.JUnitReportReporter -->
<testsuite hostname="LitoSoler" name="com.timp.test.BRE.RegrasDeEscrituração.RegrasDeEscrituraçãoEdiçãoRelacionamento" tests="3" failures="0" timestamp="2 Feb 2021 14:04:25 GMT" time="195.844" errors="0">
  <testcase name="acessarBRE" time="16.286" classname="com.timp.test.BRE.RegrasDeEscrituração.RegrasDeEscrituraçãoEdiçãoRelacionamento"/>
  <testcase name="login" time="7.113" classname="com.timp.test.BRE.RegrasDeEscrituração.RegrasDeEscrituraçãoEdiçãoRelacionamento"/>
  <testcase name="relacionamento" time="172.445" classname="com.timp.test.BRE.RegrasDeEscrituração.RegrasDeEscrituraçãoEdiçãoRelacionamento"/>
</testsuite> <!-- com.timp.test.BRE.RegrasDeEscrituração.RegrasDeEscrituraçãoEdiçãoRelacionamento -->
