<?xml version="1.0" encoding="UTF-8"?>
<!-- Generated by org.testng.reporters.JUnitReportReporter -->
<testsuite hostname="DESKTOP-M23FVFN" failures="0" tests="2" name="com.timp.test.BRB.GruposAvancados" time="529.860" errors="0" timestamp="2022-09-07T15:00:43 BRT" skipped="0">
  <testcase classname="com.timp.test.BRB.GruposAvancados" name="gruposAvanzados" time="477.686"/>
  <system-out/>
  <testcase classname="com.timp.test.BRB.GruposAvancados" name="eliminarGrupos" time="52.174"/>
  <system-out/>
</testsuite> <!-- com.timp.test.BRB.GruposAvancados -->
