<?xml version="1.0" encoding="UTF-8"?>
<!-- Generated by org.testng.reporters.JUnitReportReporter -->
<testsuite hostname="DESKTOP-HB7TMPD" failures="0" tests="3" name="com.timp.test.MDR.Centralizacao.Tributos.TributosDetalhes" time="56.699" errors="0" timestamp="29 Oct 2020 20:18:41 GMT">
  <testcase classname="com.timp.test.MDR.Centralizacao.Tributos.TributosDetalhes" name="acessarMDR" time="23.437"/>
  <testcase classname="com.timp.test.MDR.Centralizacao.Tributos.TributosDetalhes" name="login" time="7.048"/>
  <testcase classname="com.timp.test.MDR.Centralizacao.Tributos.TributosDetalhes" name="detalhes" time="26.214"/>
</testsuite> <!-- com.timp.test.MDR.Centralizacao.Tributos.TributosDetalhes -->
