<?xml version="1.0" encoding="UTF-8"?>
<!-- Generated by org.testng.reporters.JUnitReportReporter -->
<testsuite hostname="DESKTOP-M23FVFN" failures="0" tests="3" name="com.timp.test.BRB.Formula" time="212.317" errors="0" timestamp="2022-08-12T10:57:31 CST" skipped="0">
  <testcase classname="com.timp.test.BRB.Formula" name="aplicar" time="14.819"/>
  <system-out/>
  <testcase classname="com.timp.test.BRB.Formula" name="formulaColuna" time="86.957"/>
  <system-out/>
  <testcase classname="com.timp.test.BRB.Formula" name="formulaBoton" time="110.541"/>
  <system-out/>
</testsuite> <!-- com.timp.test.BRB.Formula -->
