<?xml version="1.0" encoding="UTF-8"?>
<!-- Generated by org.testng.reporters.JUnitReportReporter -->
<testsuite hostname="LitoSoler" name="com.timp.test.MDR.Centralizacao.Tributos.TributosDetalhes" tests="3" failures="0" timestamp="24 Sep 2020 16:24:33 GMT" time="44.067" errors="0">
  <testcase name="acessarMDR" time="15.592" classname="com.timp.test.MDR.Centralizacao.Tributos.TributosDetalhes"/>
  <testcase name="tributoDetalhes" time="21.738" classname="com.timp.test.MDR.Centralizacao.Tributos.TributosDetalhes"/>
  <testcase name="login" time="6.737" classname="com.timp.test.MDR.Centralizacao.Tributos.TributosDetalhes"/>
</testsuite> <!-- com.timp.test.MDR.Centralizacao.Tributos.TributosDetalhes -->
