<?xml version="1.0" encoding="UTF-8"?>
<!-- Generated by org.testng.reporters.JUnitReportReporter -->
<testsuite hostname="DESKTOP-M23FVFN" failures="0" tests="3" name="com.timp.test.CALENDAR.ParametrosGerais.CalendarioDeUsuarios" time="82.162" errors="0" timestamp="29 mar. 2022 18:08:21 GMT" skipped="0">
  <testcase classname="com.timp.test.CALENDAR.ParametrosGerais.CalendarioDeUsuarios" name="login" time="8.919"/>
  <testcase classname="com.timp.test.CALENDAR.ParametrosGerais.CalendarioDeUsuarios" name="acessarCalendar" time="51.877"/>
  <testcase classname="com.timp.test.CALENDAR.ParametrosGerais.CalendarioDeUsuarios" name="CalendarEntrar" time="21.366"/>
</testsuite> <!-- com.timp.test.CALENDAR.ParametrosGerais.CalendarioDeUsuarios -->
