<?xml version="1.0" encoding="UTF-8"?>
<!-- Generated by org.testng.reporters.JUnitReportReporter -->
<testsuite skipped="0" hostname="LitoSoler" name="com.timp.test.MDR.CEP.Logradouro.LogradouroVisualizar" tests="1" failures="0" timestamp="19 mar 2021 21:37:16 GMT" time="87.762" errors="0">
  <testcase name="visualizar" time="87.762" classname="com.timp.test.MDR.CEP.Logradouro.LogradouroVisualizar"/>
</testsuite> <!-- com.timp.test.MDR.CEP.Logradouro.LogradouroVisualizar -->
