<?xml version="1.0" encoding="UTF-8"?>
<!-- Generated by org.testng.reporters.JUnitReportReporter -->
<testsuite hostname="LitoSoler" name="com.timp.test.MDR.DetalheTipoTributo.DetalheExcluir" tests="3" failures="0" timestamp="24 Sep 2020 17:07:02 GMT" time="61.288" errors="0">
  <testcase name="acessarMDR" time="16.323" classname="com.timp.test.MDR.DetalheTipoTributo.DetalheExcluir"/>
  <testcase name="login" time="7.394" classname="com.timp.test.MDR.DetalheTipoTributo.DetalheExcluir"/>
  <testcase name="visualizar" time="37.571" classname="com.timp.test.MDR.DetalheTipoTributo.DetalheExcluir"/>
</testsuite> <!-- com.timp.test.MDR.DetalheTipoTributo.DetalheExcluir -->
