<?xml version="1.0" encoding="UTF-8"?>
<!-- Generated by org.testng.reporters.JUnitReportReporter -->
<testsuite hostname="LitoSoler" name="com.timp.test.MDR.CEP.Municipio.MunicipioVisualizar" tests="3" failures="0" timestamp="24 Sep 2020 14:54:57 GMT" time="58.697" errors="0">
  <testcase name="login" time="6.449" classname="com.timp.test.MDR.CEP.Municipio.MunicipioVisualizar"/>
  <testcase name="visualizar" time="36.627" classname="com.timp.test.MDR.CEP.Municipio.MunicipioVisualizar"/>
  <testcase name="acessarMDR" time="15.621" classname="com.timp.test.MDR.CEP.Municipio.MunicipioVisualizar"/>
</testsuite> <!-- com.timp.test.MDR.CEP.Municipio.MunicipioVisualizar -->
