<?xml version="1.0" encoding="UTF-8"?>
<!-- Generated by org.testng.reporters.JUnitReportReporter -->
<testsuite hostname="LitoSoler" name="com.timp.test.MDR.PrecoDeTransferencia.ParametrosParaTP.ParametrosParaTPFiltroID" tests="3" failures="0" timestamp="14 Oct 2020 21:55:13 GMT" time="65.456" errors="0">
  <testcase name="filtro" time="48.721" classname="com.timp.test.MDR.PrecoDeTransferencia.ParametrosParaTP.ParametrosParaTPFiltroID"/>
  <testcase name="login" time="7.278" classname="com.timp.test.MDR.PrecoDeTransferencia.ParametrosParaTP.ParametrosParaTPFiltroID"/>
  <testcase name="acessarMDR" time="9.457" classname="com.timp.test.MDR.PrecoDeTransferencia.ParametrosParaTP.ParametrosParaTPFiltroID"/>
</testsuite> <!-- com.timp.test.MDR.PrecoDeTransferencia.ParametrosParaTP.ParametrosParaTPFiltroID -->
