<?xml version="1.0" encoding="UTF-8"?>
<!-- Generated by org.testng.reporters.JUnitReportReporter -->
<testsuite hostname="DESKTOP-M23FVFN" failures="0" tests="1" name="com.timp.test.MDR.RepresentanteLegais.RepresentanteLegaisEditar" time="247.149" errors="0" timestamp="18 dic. 2021 23:40:00 GMT" skipped="0">
  <testcase classname="com.timp.test.MDR.RepresentanteLegais.RepresentanteLegaisEditar" name="editar" time="247.149"/>
</testsuite> <!-- com.timp.test.MDR.RepresentanteLegais.RepresentanteLegaisEditar -->
