<?xml version="1.0" encoding="UTF-8"?>
<!-- Generated by org.testng.reporters.JUnitReportReporter -->
<testsuite hostname="DESKTOP-5P4F1JE" failures="0" tests="3" name="com.timp.test.MDR.TabelasComplementaresParaObrigaçoesAcessorias.CodigoDeOutrasSaidas.CodigoDeOutrasSaidasExcluirEmMassa" time="139.913" errors="0" timestamp="31 Dec 2020 13:15:59 GMT">
  <testcase classname="com.timp.test.MDR.TabelasComplementaresParaObrigaçoesAcessorias.CodigoDeOutrasSaidas.CodigoDeOutrasSaidasExcluirEmMassa" name="login" time="9.727"/>
  <testcase classname="com.timp.test.MDR.TabelasComplementaresParaObrigaçoesAcessorias.CodigoDeOutrasSaidas.CodigoDeOutrasSaidasExcluirEmMassa" name="criar" time="104.068"/>
  <testcase classname="com.timp.test.MDR.TabelasComplementaresParaObrigaçoesAcessorias.CodigoDeOutrasSaidas.CodigoDeOutrasSaidasExcluirEmMassa" name="acessarMDR" time="26.118"/>
</testsuite> <!-- com.timp.test.MDR.TabelasComplementaresParaObrigaçoesAcessorias.CodigoDeOutrasSaidas.CodigoDeOutrasSaidasExcluirEmMassa -->
