<?xml version="1.0" encoding="UTF-8"?>
<!-- Generated by org.testng.reporters.JUnitReportReporter -->
<<<<<<< HEAD
<testsuite hostname="LitoSoler" name="com.timp.test.BRE.RegrasDeNegocio.RegrasdeNegócioLixeiraExcluirdefinitivamenteCriarAbas" tests="3" failures="0" timestamp="6 Jan 2021 10:18:44 GMT" time="130.779" errors="0">
  <testcase name="login" time="13.802" classname="com.timp.test.BRE.RegrasDeNegocio.RegrasdeNegócioLixeiraExcluirdefinitivamenteCriarAbas"/>
  <testcase name="acessarBRE" time="19.841" classname="com.timp.test.BRE.RegrasDeNegocio.RegrasdeNegócioLixeiraExcluirdefinitivamenteCriarAbas"/>
  <testcase name="lexeira" time="97.136" classname="com.timp.test.BRE.RegrasDeNegocio.RegrasdeNegócioLixeiraExcluirdefinitivamenteCriarAbas"/>
=======
<testsuite hostname="DESKTOP-HB7TMPD" failures="0" tests="3" name="com.timp.test.BRE.RegrasDeNegocio.RegrasdeNegócioLixeiraExcluirdefinitivamenteCriarAbas" time="119.491" errors="0" timestamp="6 Jan 2021 10:15:13 GMT">
  <testcase classname="com.timp.test.BRE.RegrasDeNegocio.RegrasdeNegócioLixeiraExcluirdefinitivamenteCriarAbas" name="lexeira" time="91.374"/>
  <testcase classname="com.timp.test.BRE.RegrasDeNegocio.RegrasdeNegócioLixeiraExcluirdefinitivamenteCriarAbas" name="acessarBRE" time="19.769"/>
  <testcase classname="com.timp.test.BRE.RegrasDeNegocio.RegrasdeNegócioLixeiraExcluirdefinitivamenteCriarAbas" name="login" time="8.348"/>
>>>>>>> refs/remotes/origin/Kenssy
</testsuite> <!-- com.timp.test.BRE.RegrasDeNegocio.RegrasdeNegócioLixeiraExcluirdefinitivamenteCriarAbas -->
