<?xml version="1.0" encoding="UTF-8"?>
<!-- Generated by org.testng.reporters.JUnitReportReporter -->
<testsuite hostname="DESKTOP-5P4F1JE" failures="0" tests="3" name="com.timp.test.TDK.Dashboard.Edicao.DashboardEdiçãoTabela" time="243.965" errors="0" timestamp="1 Feb 2021 20:32:27 GMT">
  <testcase classname="com.timp.test.TDK.Dashboard.Edicao.DashboardEdiçãoTabela" name="acessarTDK" time="22.875"/>
  <testcase classname="com.timp.test.TDK.Dashboard.Edicao.DashboardEdiçãoTabela" name="login" time="9.856"/>
  <testcase classname="com.timp.test.TDK.Dashboard.Edicao.DashboardEdiçãoTabela" name="editar" time="211.234"/>
</testsuite> <!-- com.timp.test.TDK.Dashboard.Edicao.DashboardEdiçãoTabela -->
