<?xml version="1.0" encoding="UTF-8"?>
<!-- Generated by org.testng.reporters.JUnitReportReporter -->
<testsuite hostname="DESKTOP-BNBDMGT" failures="0" tests="3" name="com.timp.test.TDK.Dashboard.DashboardLixeiraExcluirEmMassa" time="107.763" errors="0" timestamp="11 Feb 2021 04:29:59 GMT">
  <testcase classname="com.timp.test.TDK.Dashboard.DashboardLixeiraExcluirEmMassa" name="login" time="16.323"/>
  <testcase classname="com.timp.test.TDK.Dashboard.DashboardLixeiraExcluirEmMassa" name="excluir" time="43.980"/>
  <testcase classname="com.timp.test.TDK.Dashboard.DashboardLixeiraExcluirEmMassa" name="acessarTDK" time="47.460"/>
</testsuite> <!-- com.timp.test.TDK.Dashboard.DashboardLixeiraExcluirEmMassa -->
