<?xml version="1.0" encoding="UTF-8"?>
<!-- Generated by org.testng.reporters.JUnitReportReporter -->
<testsuite hostname="LitoSoler" name="com.timp.test.MDR.DetalheTipoTributo.DetalheFiltroId" tests="3" failures="0" timestamp="2 Nov 2020 19:06:46 GMT" time="37.680" errors="0">
  <testcase name="acessarMDR" time="21.709" classname="com.timp.test.MDR.DetalheTipoTributo.DetalheFiltroId"/>
  <testcase name="filtroId" time="9.856" classname="com.timp.test.MDR.DetalheTipoTributo.DetalheFiltroId"/>
  <testcase name="login" time="6.115" classname="com.timp.test.MDR.DetalheTipoTributo.DetalheFiltroId"/>
</testsuite> <!-- com.timp.test.MDR.DetalheTipoTributo.DetalheFiltroId -->
