<?xml version="1.0" encoding="UTF-8"?>
<!-- Generated by org.testng.reporters.JUnitReportReporter -->
<testsuite hostname="MIGUEL" failures="0" tests="3" name="com.timp.test.TDK.Dashboard.DashboardPublicos.DashboardLixeiraEmMassa" time="291.553" errors="0" timestamp="11 mar. 2021 22:50:42 GMT" skipped="0">
  <testcase classname="com.timp.test.TDK.Dashboard.DashboardPublicos.DashboardLixeiraEmMassa" name="login" time="8.261"/>
  <testcase classname="com.timp.test.TDK.Dashboard.DashboardPublicos.DashboardLixeiraEmMassa" name="acessarTDK" time="24.537"/>
  <testcase classname="com.timp.test.TDK.Dashboard.DashboardPublicos.DashboardLixeiraEmMassa" name="criar" time="258.755"/>
</testsuite> <!-- com.timp.test.TDK.Dashboard.DashboardPublicos.DashboardLixeiraEmMassa -->
