<?xml version="1.0" encoding="UTF-8"?>
<!-- Generated by org.testng.reporters.JUnitReportReporter -->
<testsuite skipped="0" hostname="LitoSoler" name="com.timp.test.MDR.Ajustes.CodigosAjustes.CodigosAjustesDetalhes" tests="1" failures="0" timestamp="24 feb 2021 16:56:24 GMT" time="73.647" errors="0">
  <testcase name="detalhes" time="73.647" classname="com.timp.test.MDR.Ajustes.CodigosAjustes.CodigosAjustesDetalhes"/>
</testsuite> <!-- com.timp.test.MDR.Ajustes.CodigosAjustes.CodigosAjustesDetalhes -->
