<?xml version="1.0" encoding="UTF-8"?>
<!-- Generated by org.testng.reporters.JUnitReportReporter -->
<testsuite hostname="DESKTOP-JP1A9E6" failures="0" tests="3" name="com.timp.test.BPMA.ProcessodeNegocio.ProcessodeNegócioCriarProcessocomTarefadeUsuário" time="311.183" errors="0" timestamp="27 ago. 2021 14:29:20 GMT" skipped="0">
  <testcase classname="com.timp.test.BPMA.ProcessodeNegocio.ProcessodeNegócioCriarProcessocomTarefadeUsuário" name="login" time="7.303"/>
  <testcase classname="com.timp.test.BPMA.ProcessodeNegocio.ProcessodeNegócioCriarProcessocomTarefadeUsuário" name="criar" time="285.947"/>
  <testcase classname="com.timp.test.BPMA.ProcessodeNegocio.ProcessodeNegócioCriarProcessocomTarefadeUsuário" name="BPMAEntrar" time="17.933"/>
</testsuite> <!-- com.timp.test.BPMA.ProcessodeNegocio.ProcessodeNegócioCriarProcessocomTarefadeUsuário -->
