<?xml version="1.0" encoding="UTF-8"?>
<!-- Generated by org.testng.reporters.JUnitReportReporter -->
<testsuite hostname="DESKTOP-HB7TMPD" failures="0" tests="3" name="com.timp.test.TFP.Configurações.StatusPeriodo.ConfiguracoesStatusPeriodoEditar" time="84.754" errors="0" timestamp="9 Dec 2020 07:10:32 GMT">
  <testcase classname="com.timp.test.TFP.Configurações.StatusPeriodo.ConfiguracoesStatusPeriodoEditar" name="criar" time="57.114"/>
  <testcase classname="com.timp.test.TFP.Configurações.StatusPeriodo.ConfiguracoesStatusPeriodoEditar" name="TFPEntrar" time="20.193"/>
  <testcase classname="com.timp.test.TFP.Configurações.StatusPeriodo.ConfiguracoesStatusPeriodoEditar" name="login" time="7.447"/>
</testsuite> <!-- com.timp.test.TFP.Configurações.StatusPeriodo.ConfiguracoesStatusPeriodoEditar -->
