<?xml version="1.0" encoding="UTF-8"?>
<!-- Generated by org.testng.reporters.JUnitReportReporter -->
<testsuite hostname="LAPTOP-IN7IV9K5" failures="0" tests="1" name="com.timp.test.MDR.CEP.Logradouro.LogradouroExcluir" time="50.143" errors="0" timestamp="23 abr. 2021 17:45:31 GMT" skipped="0">
  <testcase classname="com.timp.test.MDR.CEP.Logradouro.LogradouroExcluir" name="excluir" time="50.143"/>
</testsuite> <!-- com.timp.test.MDR.CEP.Logradouro.LogradouroExcluir -->
