<?xml version="1.0" encoding="UTF-8"?>
<!-- Generated by org.testng.reporters.JUnitReportReporter -->
<testsuite hostname="LitoSoler" name="com.timp.test.SCANC.ArquivosImportados.ArquivosImportadosFiltrosAvancados" tests="3" failures="0" timestamp="16 Dec 2020 16:23:41 GMT" time="122.080" errors="0">
  <testcase name="ingresar" time="10.902" classname="com.timp.test.SCANC.ArquivosImportados.ArquivosImportadosFiltrosAvancados"/>
  <testcase name="filtrosAvancados" time="81.773" classname="com.timp.test.SCANC.ArquivosImportados.ArquivosImportadosFiltrosAvancados"/>
  <testcase name="scancEntrar" time="29.405" classname="com.timp.test.SCANC.ArquivosImportados.ArquivosImportadosFiltrosAvancados"/>
</testsuite> <!-- com.timp.test.SCANC.ArquivosImportados.ArquivosImportadosFiltrosAvancados -->
