<?xml version="1.0" encoding="UTF-8"?>
<!-- Generated by org.testng.reporters.JUnitReportReporter -->
<testsuite hostname="DESKTOP-BNBDMGT" failures="0" tests="3" name="com.timp.test.BRE.TabelasExternas.TabelasExternasEditar" time="69.574" errors="0" timestamp="21 Dec 2020 16:09:32 GMT">
  <testcase classname="com.timp.test.BRE.TabelasExternas.TabelasExternasEditar" name="login" time="6.889"/>
  <testcase classname="com.timp.test.BRE.TabelasExternas.TabelasExternasEditar" name="acessarBRE" time="14.333"/>
  <testcase classname="com.timp.test.BRE.TabelasExternas.TabelasExternasEditar" name="Editar" time="48.352"/>
</testsuite> <!-- com.timp.test.BRE.TabelasExternas.TabelasExternasEditar -->
