<?xml version="1.0" encoding="UTF-8"?>
<!-- Generated by org.testng.reporters.JUnitReportReporter -->
<testsuite hostname="LAPTOP-IN7IV9K5" failures="0" tests="1" name="com.timp.test.MDR.Centralizacao.Saldos.SaldosFiltrarId" time="78.657" errors="0" timestamp="09 mar. 2021 01:59:49 GMT" skipped="0">
  <testcase classname="com.timp.test.MDR.Centralizacao.Saldos.SaldosFiltrarId" name="FiltrarSaldosId" time="78.657"/>
</testsuite> <!-- com.timp.test.MDR.Centralizacao.Saldos.SaldosFiltrarId -->
