<?xml version="1.0" encoding="UTF-8"?>
<!-- Generated by org.testng.reporters.JUnitReportReporter -->
<testsuite hostname="DESKTOP-JP1A9E6" failures="0" tests="3" name="com.timp.test.BRB.Formula" time="193.818" errors="0" timestamp="12 jul. 2021 23:38:07 GMT" skipped="0">
  <testcase classname="com.timp.test.BRB.Formula" name="formulaColuna" time="91.967"/>
  <testcase classname="com.timp.test.BRB.Formula" name="formulaBoton" time="91.722"/>
  <testcase classname="com.timp.test.BRB.Formula" name="aplicar" time="10.129"/>
</testsuite> <!-- com.timp.test.BRB.Formula -->
