<?xml version="1.0" encoding="UTF-8"?>
<!-- Generated by org.testng.reporters.JUnitReportReporter -->
<testsuite hostname="DESKTOP-JP1A9E6" failures="0" tests="1" name="com.timp.test.BRB.FiltrosAvancados" time="951.032" errors="0" timestamp="12 jul. 2021 23:15:00 GMT" skipped="0">
  <testcase classname="com.timp.test.BRB.FiltrosAvancados" name="filtrosAvanzados" time="951.032"/>
</testsuite> <!-- com.timp.test.BRB.FiltrosAvancados -->
