<?xml version="1.0" encoding="UTF-8"?>
<!-- Generated by org.testng.reporters.JUnitReportReporter -->
<testsuite hostname="DESKTOP-M23FVFN" failures="0" tests="3" name="com.timp.test.SCANC.ArquivosImportados.ArquivosImportadosFiltrosAvancados" time="84.415" errors="0" timestamp="29 mar. 2022 16:26:18 GMT" skipped="0">
  <testcase classname="com.timp.test.SCANC.ArquivosImportados.ArquivosImportadosFiltrosAvancados" name="ingresar" time="7.897"/>
  <testcase classname="com.timp.test.SCANC.ArquivosImportados.ArquivosImportadosFiltrosAvancados" name="scancEntrar" time="19.739"/>
  <testcase classname="com.timp.test.SCANC.ArquivosImportados.ArquivosImportadosFiltrosAvancados" name="filtrosAvancados" time="56.779"/>
</testsuite> <!-- com.timp.test.SCANC.ArquivosImportados.ArquivosImportadosFiltrosAvancados -->
