<?xml version="1.0" encoding="UTF-8"?>
<!-- Generated by org.testng.reporters.JUnitReportReporter -->
<testsuite hostname="EC2AMAZ-8HCHO4G" failures="0" tests="3" name="com.timp.test.BRB.FiltrosRelatorio" time="330.706" errors="0" timestamp="2024-05-29T20:53:09 UTC" skipped="0">
  <testcase classname="com.timp.test.BRB.FiltrosRelatorio" name="BfiltrosBiblioteca" time="115.542"/>
  <system-out/>
  <testcase classname="com.timp.test.BRB.FiltrosRelatorio" name="CasignarValores" time="27.016"/>
  <system-out/>
  <testcase classname="com.timp.test.BRB.FiltrosRelatorio" name="AfiltrosEditor" time="188.148"/>
  <system-out/>
</testsuite> <!-- com.timp.test.BRB.FiltrosRelatorio -->
