<?xml version="1.0" encoding="UTF-8"?>
<!-- Generated by org.testng.reporters.JUnitReportReporter -->
<testsuite hostname="EC2AMAZ-8HCHO4G" failures="0" tests="1" name="com.timp.test.MDR.DeterminacaoAutomaticaDeGuias.DeterminacaoAutomaticaDeGuiasExcluir" time="137.203" errors="0" timestamp="2024-01-24T18:05:30 UTC" skipped="0">
  <testcase classname="com.timp.test.MDR.DeterminacaoAutomaticaDeGuias.DeterminacaoAutomaticaDeGuiasExcluir" name="excluir" time="137.203"/>
  <system-out/>
</testsuite> <!-- com.timp.test.MDR.DeterminacaoAutomaticaDeGuias.DeterminacaoAutomaticaDeGuiasExcluir -->
