<?xml version="1.0" encoding="UTF-8"?>
<!-- Generated by org.testng.reporters.JUnitReportReporter -->
<testsuite hostname="MassielV" failures="0" tests="1" name="com.timp.test.BRB.EditarRelatorio" time="269.568" errors="0" timestamp="30 oct. 2021 05:31:28 GMT" skipped="0">
  <testcase classname="com.timp.test.BRB.EditarRelatorio" name="editar" time="269.568"/>
</testsuite> <!-- com.timp.test.BRB.EditarRelatorio -->
