<?xml version="1.0" encoding="UTF-8"?>
<!-- Generated by org.testng.reporters.JUnitReportReporter -->
<testsuite hostname="DESKTOP-BNBDMGT" failures="0" tests="3" name="com.timp.test.CALENDAR.Tarefas.TarefasGatewayAutomatico" time="105.137" errors="0" timestamp="01 mar. 2021 20:46:29 GMT" skipped="0">
  <testcase classname="com.timp.test.CALENDAR.Tarefas.TarefasGatewayAutomatico" name="login" time="21.573"/>
  <testcase classname="com.timp.test.CALENDAR.Tarefas.TarefasGatewayAutomatico" name="BPMAEntrar" time="26.992"/>
  <testcase classname="com.timp.test.CALENDAR.Tarefas.TarefasGatewayAutomatico" name="criar" time="56.572"/>
</testsuite> <!-- com.timp.test.CALENDAR.Tarefas.TarefasGatewayAutomatico -->
