<?xml version="1.0" encoding="UTF-8"?>
<!-- Generated by org.testng.reporters.JUnitReportReporter -->
<testsuite hostname="EC2AMAZ-8HCHO4G" failures="0" tests="1" name="com.timp.test.BRB.ComentarioListaSuspensa" time="308.097" errors="0" timestamp="2023-04-14T19:26:00 UTC" skipped="0">
  <testcase classname="com.timp.test.BRB.ComentarioListaSuspensa" name="listaSuspensa" time="308.097"/>
  <system-out/>
</testsuite> <!-- com.timp.test.BRB.ComentarioListaSuspensa -->
