<?xml version="1.0" encoding="UTF-8"?>
<!-- Generated by org.testng.reporters.JUnitReportReporter -->
<testsuite hostname="EC2AMAZ-8HCHO4G" failures="0" tests="17" name="com.timp.test.BCB.OrigemBFB.HierarquiaConfiguracao.OrigenBFBHierarquiaConfiguracaoTodasAsFuncionalidades" time="663.019" errors="0" timestamp="2023-06-21T19:33:06 UTC" skipped="0">
  <testcase classname="com.timp.test.BCB.OrigemBFB.HierarquiaConfiguracao.OrigenBFBHierarquiaConfiguracaoTodasAsFuncionalidades" name="login" time="6.812"/>
  <system-out/>
  <testcase classname="com.timp.test.BCB.OrigemBFB.HierarquiaConfiguracao.OrigenBFBHierarquiaConfiguracaoTodasAsFuncionalidades" name="brbEntrar" time="13.850"/>
  <system-out/>
  <testcase classname="com.timp.test.BCB.OrigemBFB.HierarquiaConfiguracao.OrigenBFBHierarquiaConfiguracaoTodasAsFuncionalidades" name="criarConfiguracaoExecucoes" time="80.595"/>
  <system-out/>
  <testcase classname="com.timp.test.BCB.OrigemBFB.HierarquiaConfiguracao.OrigenBFBHierarquiaConfiguracaoTodasAsFuncionalidades" name="criarConfiguracionConfiguracao" time="104.871"/>
  <system-out/>
  <testcase classname="com.timp.test.BCB.OrigemBFB.HierarquiaConfiguracao.OrigenBFBHierarquiaConfiguracaoTodasAsFuncionalidades" name="criarConfiguracao" time="52.632"/>
  <system-out/>
  <testcase classname="com.timp.test.BCB.OrigemBFB.HierarquiaConfiguracao.OrigenBFBHierarquiaConfiguracaoTodasAsFuncionalidades" name="outputBCB" time="37.753"/>
  <system-out/>
  <testcase classname="com.timp.test.BCB.OrigemBFB.HierarquiaConfiguracao.OrigenBFBHierarquiaConfiguracaoTodasAsFuncionalidades" name="subNivel2" time="33.163"/>
  <system-out/>
  <testcase classname="com.timp.test.BCB.OrigemBFB.HierarquiaConfiguracao.OrigenBFBHierarquiaConfiguracaoTodasAsFuncionalidades" name="subNivel3" time="38.095"/>
  <system-out/>
  <testcase classname="com.timp.test.BCB.OrigemBFB.HierarquiaConfiguracao.OrigenBFBHierarquiaConfiguracaoTodasAsFuncionalidades" name="subNivel4" time="35.128"/>
  <system-out/>
  <testcase classname="com.timp.test.BCB.OrigemBFB.HierarquiaConfiguracao.OrigenBFBHierarquiaConfiguracaoTodasAsFuncionalidades" name="subNivel5" time="37.994"/>
  <system-out/>
  <testcase classname="com.timp.test.BCB.OrigemBFB.HierarquiaConfiguracao.OrigenBFBHierarquiaConfiguracaoTodasAsFuncionalidades" name="abrirSubnivel1" time="64.670"/>
  <system-out/>
  <testcase classname="com.timp.test.BCB.OrigemBFB.HierarquiaConfiguracao.OrigenBFBHierarquiaConfiguracaoTodasAsFuncionalidades" name="abrirSubnivel2" time="5.175"/>
  <system-out/>
  <testcase classname="com.timp.test.BCB.OrigemBFB.HierarquiaConfiguracao.OrigenBFBHierarquiaConfiguracaoTodasAsFuncionalidades" name="abrirSubnivel3" time="5.150"/>
  <system-out/>
  <testcase classname="com.timp.test.BCB.OrigemBFB.HierarquiaConfiguracao.OrigenBFBHierarquiaConfiguracaoTodasAsFuncionalidades" name="abrirSubnivel4" time="5.166"/>
  <system-out/>
  <testcase classname="com.timp.test.BCB.OrigemBFB.HierarquiaConfiguracao.OrigenBFBHierarquiaConfiguracaoTodasAsFuncionalidades" name="abrirSubnivel5" time="5.155"/>
  <system-out/>
  <testcase classname="com.timp.test.BCB.OrigemBFB.HierarquiaConfiguracao.OrigenBFBHierarquiaConfiguracaoTodasAsFuncionalidades" name="excluirConfiguracoes" time="75.850"/>
  <system-out/>
  <testcase classname="com.timp.test.BCB.OrigemBFB.HierarquiaConfiguracao.OrigenBFBHierarquiaConfiguracaoTodasAsFuncionalidades" name="excluirHierarquia" time="60.960"/>
  <system-out/>
</testsuite> <!-- com.timp.test.BCB.OrigemBFB.HierarquiaConfiguracao.OrigenBFBHierarquiaConfiguracaoTodasAsFuncionalidades -->
