<?xml version="1.0" encoding="UTF-8"?>
<!-- Generated by org.testng.reporters.JUnitReportReporter -->
<testsuite hostname="MIGUEL" failures="0" tests="1" name="com.timp.test.MDR.TabelasComplementaresParaObrigaçoesAcessorias.TabelaOutrosDebitos.TabelaOutrosDebitosCriar" time="87.056" errors="0" timestamp="19 feb. 2021 19:17:22 GMT" skipped="0">
  <testcase classname="com.timp.test.MDR.TabelasComplementaresParaObrigaçoesAcessorias.TabelaOutrosDebitos.TabelaOutrosDebitosCriar" name="criar" time="87.056"/>
</testsuite> <!-- com.timp.test.MDR.TabelasComplementaresParaObrigaçoesAcessorias.TabelaOutrosDebitos.TabelaOutrosDebitosCriar -->
