<?xml version="1.0" encoding="UTF-8"?>
<!-- Generated by org.testng.reporters.JUnitReportReporter -->
<testsuite hostname="DESKTOP-M23FVFN" failures="0" tests="4" name="com.timp.test.DFG.Leiautes.Execucao.LeiautesExecucacoFuncionalidades4Pt2" time="244.509" errors="0" timestamp="08 feb. 2022 19:30:33 GMT" skipped="0">
  <testcase classname="com.timp.test.DFG.Leiautes.Execucao.LeiautesExecucacoFuncionalidades4Pt2" name="ingresar" time="13.727"/>
  <testcase classname="com.timp.test.DFG.Leiautes.Execucao.LeiautesExecucacoFuncionalidades4Pt2" name="mdrEntrar" time="63.989"/>
  <testcase classname="com.timp.test.DFG.Leiautes.Execucao.LeiautesExecucacoFuncionalidades4Pt2" name="campoFixo" time="133.805"/>
  <testcase classname="com.timp.test.DFG.Leiautes.Execucao.LeiautesExecucacoFuncionalidades4Pt2" name="campoFixoManual" time="32.988"/>
</testsuite> <!-- com.timp.test.DFG.Leiautes.Execucao.LeiautesExecucacoFuncionalidades4Pt2 -->
