<?xml version="1.0" encoding="UTF-8"?>
<!-- Generated by org.testng.reporters.JUnitReportReporter -->
<testsuite hostname="DESKTOP-BNBDMGT" failures="0" tests="3" name="com.timp.test.BRE.TabelasExternas.TabelasExternasEditar" time="93.398" errors="0" timestamp="02 mar. 2021 18:49:32 GMT" skipped="0">
  <testcase classname="com.timp.test.BRE.TabelasExternas.TabelasExternasEditar" name="login" time="13.616"/>
  <testcase classname="com.timp.test.BRE.TabelasExternas.TabelasExternasEditar" name="acessarBRE" time="23.493"/>
  <testcase classname="com.timp.test.BRE.TabelasExternas.TabelasExternasEditar" name="Editar" time="56.289"/>
</testsuite> <!-- com.timp.test.BRE.TabelasExternas.TabelasExternasEditar -->
