<?xml version="1.0" encoding="UTF-8"?>
<!-- Generated by org.testng.reporters.JUnitReportReporter -->
<testsuite hostname="MassielV" failures="0" tests="1" name="com.timp.test.MDR.DeterminacaoDeRelevanciaDeTarefa.DeterminacaoDeRelevanciaPorRegra.CadastroDeCódigoDeRegras.CadastroDeCódigoDeRegrasCriar" time="140.108" errors="0" timestamp="15 oct. 2021 13:00:10 GMT" skipped="0">
  <testcase classname="com.timp.test.MDR.DeterminacaoDeRelevanciaDeTarefa.DeterminacaoDeRelevanciaPorRegra.CadastroDeCódigoDeRegras.CadastroDeCódigoDeRegrasCriar" name="criar" time="140.108"/>
</testsuite> <!-- com.timp.test.MDR.DeterminacaoDeRelevanciaDeTarefa.DeterminacaoDeRelevanciaPorRegra.CadastroDeCódigoDeRegras.CadastroDeCódigoDeRegrasCriar -->
