<?xml version="1.0" encoding="UTF-8"?>
<!-- Generated by org.testng.reporters.JUnitReportReporter -->
<testsuite hostname="LitoSoler" name="com.timp.test.MDR.CEP.Logradouro.LogradouroVisualizar" tests="3" failures="0" timestamp="24 Sep 2020 14:40:16 GMT" time="73.828" errors="0">
  <testcase name="login" time="8.086" classname="com.timp.test.MDR.CEP.Logradouro.LogradouroVisualizar"/>
  <testcase name="logradouroVisualizar" time="37.087" classname="com.timp.test.MDR.CEP.Logradouro.LogradouroVisualizar"/>
  <testcase name="acessarMDR" time="28.655" classname="com.timp.test.MDR.CEP.Logradouro.LogradouroVisualizar"/>
</testsuite> <!-- com.timp.test.MDR.CEP.Logradouro.LogradouroVisualizar -->
