<?xml version="1.0" encoding="UTF-8"?>
<!-- Generated by org.testng.reporters.JUnitReportReporter -->
<testsuite hostname="LAPTOP-IN7IV9K5" failures="0" tests="1" name="com.timp.test.MDR.ICMSSTTransporte.ICMSSTTransporteFiltroID" time="85.895" errors="0" timestamp="29 mar. 2021 21:48:47 GMT" skipped="0">
  <testcase classname="com.timp.test.MDR.ICMSSTTransporte.ICMSSTTransporteFiltroID" name="filtro" time="85.895"/>
</testsuite> <!-- com.timp.test.MDR.ICMSSTTransporte.ICMSSTTransporteFiltroID -->
