<?xml version="1.0" encoding="UTF-8"?>
<!-- Generated by org.testng.reporters.JUnitReportReporter -->
<testsuite hostname="DESKTOP-C57COV6" failures="0" tests="1" name="com.timp.test.TDK.Kpis.Edicao.KpisEdiçãoTabelasExcluir" time="668.676" errors="0" timestamp="07 sep. 2021 02:17:45 GMT" skipped="0">
  <testcase classname="com.timp.test.TDK.Kpis.Edicao.KpisEdiçãoTabelasExcluir" name="Editar" time="668.676"/>
</testsuite> <!-- com.timp.test.TDK.Kpis.Edicao.KpisEdiçãoTabelasExcluir -->
