<?xml version="1.0" encoding="UTF-8"?>
<!-- Generated by org.testng.reporters.JUnitReportReporter -->
<testsuite hostname="LitoSoler" name="com.timp.test.BRB.AtivarCorrecao" tests="3" failures="0" timestamp="2 Jul 2020 15:28:17 GMT" time="96.141" errors="0">
  <testcase name="login" time="15.713" classname="com.timp.test.BRB.AtivarCorrecao"/>
  <testcase name="ativarCorreccion" time="44.644" classname="com.timp.test.BRB.AtivarCorrecao"/>
  <testcase name="brbEntrar" time="35.784" classname="com.timp.test.BRB.AtivarCorrecao"/>
</testsuite> <!-- com.timp.test.BRB.AtivarCorrecao -->
