<?xml version="1.0" encoding="UTF-8"?>
<!-- Generated by org.testng.reporters.JUnitReportReporter -->
<testsuite hostname="MIGUEL" failures="0" tests="3" name="com.timp.test.MDR.PrecoDeTransferencia.ValoresParaMetodo.ValoresParaMetodoCPL.ValoresParaMetodoCPLCriar" time="111.132" errors="0" timestamp="2 Feb 2021 20:53:32 GMT">
  <testcase classname="com.timp.test.MDR.PrecoDeTransferencia.ValoresParaMetodo.ValoresParaMetodoCPL.ValoresParaMetodoCPLCriar" name="login" time="7.036"/>
  <testcase classname="com.timp.test.MDR.PrecoDeTransferencia.ValoresParaMetodo.ValoresParaMetodoCPL.ValoresParaMetodoCPLCriar" name="acessarMDR" time="23.061"/>
  <testcase classname="com.timp.test.MDR.PrecoDeTransferencia.ValoresParaMetodo.ValoresParaMetodoCPL.ValoresParaMetodoCPLCriar" name="criar" time="81.035"/>
</testsuite> <!-- com.timp.test.MDR.PrecoDeTransferencia.ValoresParaMetodo.ValoresParaMetodoCPL.ValoresParaMetodoCPLCriar -->
