<?xml version="1.0" encoding="UTF-8"?>
<!-- Generated by org.testng.reporters.JUnitReportReporter -->
<testsuite hostname="MIGUEL" failures="0" tests="3" name="com.timp.test.BRE.CalculoDeTributos.Edicao.CalculodeTributosTabelas" time="324.221" errors="0" timestamp="02 mar. 2021 19:17:00 GMT" skipped="0">
  <testcase classname="com.timp.test.BRE.CalculoDeTributos.Edicao.CalculodeTributosTabelas" name="login" time="8.987"/>
  <testcase classname="com.timp.test.BRE.CalculoDeTributos.Edicao.CalculodeTributosTabelas" name="acessarBRE" time="16.708"/>
  <testcase classname="com.timp.test.BRE.CalculoDeTributos.Edicao.CalculodeTributosTabelas" name="editar" time="298.526"/>
</testsuite> <!-- com.timp.test.BRE.CalculoDeTributos.Edicao.CalculodeTributosTabelas -->
