<?xml version="1.0" encoding="UTF-8"?>
<!-- Generated by org.testng.reporters.JUnitReportReporter -->
<testsuite hostname="LitoSoler" name="com.timp.test.MDR.Antecipacao.AntecipacaoCriar" tests="3" failures="0" timestamp="25 Jan 2021 19:08:25 GMT" time="132.387" errors="0">
  <testcase name="login" time="7.138" classname="com.timp.test.MDR.Antecipacao.AntecipacaoCriar"/>
  <testcase name="criar" time="102.223" classname="com.timp.test.MDR.Antecipacao.AntecipacaoCriar"/>
  <testcase name="acessarMDR" time="23.026" classname="com.timp.test.MDR.Antecipacao.AntecipacaoCriar"/>
</testsuite> <!-- com.timp.test.MDR.Antecipacao.AntecipacaoCriar -->
