<?xml version="1.0" encoding="UTF-8"?>
<!-- Generated by org.testng.reporters.JUnitReportReporter -->
<<<<<<< HEAD
<testsuite hostname="Agile" failures="0" tests="1" name="com.timp.test.BRB.NovoRelatorio" time="291.478" errors="0" timestamp="2022-06-06T13:03:58 CST" skipped="0">
  <testcase classname="com.timp.test.BRB.NovoRelatorio" name="novoRelatorio" time="291.478"/>
=======
<testsuite hostname="DESKTOP-M23FVFN" failures="0" tests="1" name="com.timp.test.BRB.NovoRelatorio" time="107.112" errors="0" timestamp="2022-06-16T10:30:54 CST" skipped="0">
  <testcase classname="com.timp.test.BRB.NovoRelatorio" name="novoRelatorio" time="107.112"/>
>>>>>>> branch 'Yessy' of https://github.com/salc1997/TIMP_R1
  <system-out/>
</testsuite> <!-- com.timp.test.BRB.NovoRelatorio -->
