<?xml version="1.0" encoding="UTF-8"?>
<!-- Generated by org.testng.reporters.JUnitReportReporter -->
<testsuite hostname="MassielV" failures="0" tests="4" name="com.timp.test.MDR.TabelasApoioSped.TabelaCodigoDeContribucaoSocialApurada.TabelaCodigoDeContribucaoSocialApuradaExcluirEmMassa" time="381.412" errors="0" timestamp="15 oct. 2021 12:09:09 GMT" skipped="0">
  <testcase classname="com.timp.test.MDR.TabelasApoioSped.TabelaCodigoDeContribucaoSocialApurada.TabelaCodigoDeContribucaoSocialApuradaExcluirEmMassa" name="criar" time="157.661"/>
  <testcase classname="com.timp.test.MDR.TabelasApoioSped.TabelaCodigoDeContribucaoSocialApurada.TabelaCodigoDeContribucaoSocialApuradaExcluirEmMassa" name="criar" time="151.434"/>
  <testcase classname="com.timp.test.MDR.TabelasApoioSped.TabelaCodigoDeContribucaoSocialApurada.TabelaCodigoDeContribucaoSocialApuradaExcluirEmMassa" name="excluirEmMassa" time="33.204"/>
  <testcase classname="com.timp.test.MDR.TabelasApoioSped.TabelaCodigoDeContribucaoSocialApurada.TabelaCodigoDeContribucaoSocialApuradaExcluirEmMassa" name="excluirEmMassa" time="39.113"/>
</testsuite> <!-- com.timp.test.MDR.TabelasApoioSped.TabelaCodigoDeContribucaoSocialApurada.TabelaCodigoDeContribucaoSocialApuradaExcluirEmMassa -->
