<?xml version="1.0" encoding="UTF-8"?>
<!-- Generated by org.testng.reporters.JUnitReportReporter -->
<testsuite hostname="Agile" failures="0" tests="1" name="com.timp.test.MDR.SequenciaAcesso.SequenciaFiltros" time="65.351" errors="0" timestamp="16 feb. 2022 13:56:35 GMT" skipped="0">
  <testcase classname="com.timp.test.MDR.SequenciaAcesso.SequenciaFiltros" name="filtro" time="65.351"/>
</testsuite> <!-- com.timp.test.MDR.SequenciaAcesso.SequenciaFiltros -->
