<?xml version="1.0" encoding="UTF-8"?>
<!-- Generated by org.testng.reporters.JUnitReportReporter -->
<testsuite hostname="DESKTOP-5P4F1JE" failures="0" tests="3" name="com.timp.test.TDK.Dashboard.Edicao.DashboardTabelaExcluir" time="205.108" errors="0" timestamp="1 Feb 2021 15:06:15 GMT">
  <testcase classname="com.timp.test.TDK.Dashboard.Edicao.DashboardTabelaExcluir" name="login" time="9.202"/>
  <testcase classname="com.timp.test.TDK.Dashboard.Edicao.DashboardTabelaExcluir" name="acessarTDK" time="33.769"/>
  <testcase classname="com.timp.test.TDK.Dashboard.Edicao.DashboardTabelaExcluir" name="excluir" time="162.137"/>
</testsuite> <!-- com.timp.test.TDK.Dashboard.Edicao.DashboardTabelaExcluir -->
