<?xml version="1.0" encoding="UTF-8"?>
<!-- Generated by org.testng.reporters.JUnitReportReporter -->
<testsuite hostname="Agile" failures="0" tests="1" name="com.timp.test.BRE.Estruturas.ParametrosGerais.EstruturasExcluir" time="91.589" errors="0" timestamp="14 dic. 2021 23:39:33 GMT" skipped="0">
  <testcase classname="com.timp.test.BRE.Estruturas.ParametrosGerais.EstruturasExcluir" name="criar" time="91.589"/>
</testsuite> <!-- com.timp.test.BRE.Estruturas.ParametrosGerais.EstruturasExcluir -->
