<?xml version="1.0" encoding="UTF-8"?>
<!-- Generated by org.testng.reporters.JUnitReportReporter -->
<testsuite hostname="DESKTOP-M23FVFN" failures="0" tests="1" name="com.timp.test.MDR.DeterminacaoDeRelevanciaDeTarefa.CadastroDeCódigoDeRegras.CadastroDeCódigoDeRegrasCriar" time="2304.187" errors="0" timestamp="21 ene. 2022 03:26:52 GMT" skipped="0">
  <testcase classname="com.timp.test.MDR.DeterminacaoDeRelevanciaDeTarefa.CadastroDeCódigoDeRegras.CadastroDeCódigoDeRegrasCriar" name="criar" time="2304.187"/>
</testsuite> <!-- com.timp.test.MDR.DeterminacaoDeRelevanciaDeTarefa.CadastroDeCódigoDeRegras.CadastroDeCódigoDeRegrasCriar -->
