<?xml version="1.0" encoding="UTF-8"?>
<!-- Generated by org.testng.reporters.JUnitReportReporter -->
<testsuite hostname="DESKTOP-JP1A9E6" failures="0" tests="3" name="com.timp.test.BPMA.ProcessodeNegocio.CriarProcessocomTarefaAutomatizada" time="331.423" errors="0" timestamp="14 jul. 2021 19:54:55 GMT" skipped="0">
  <testcase classname="com.timp.test.BPMA.ProcessodeNegocio.CriarProcessocomTarefaAutomatizada" name="login" time="9.169"/>
  <testcase classname="com.timp.test.BPMA.ProcessodeNegocio.CriarProcessocomTarefaAutomatizada" name="criar" time="279.313"/>
  <testcase classname="com.timp.test.BPMA.ProcessodeNegocio.CriarProcessocomTarefaAutomatizada" name="BPMAEntrar" time="42.941"/>
</testsuite> <!-- com.timp.test.BPMA.ProcessodeNegocio.CriarProcessocomTarefaAutomatizada -->
