<?xml version="1.0" encoding="UTF-8"?>
<!-- Generated by org.testng.reporters.JUnitReportReporter -->
<testsuite hostname="EC2AMAZ-8HCHO4G" failures="0" tests="17" name="com.timp.test.BCB.OrigemBFB.HierarquiaConfiguracao.OrigenBFBHierarquiaConfiguracaoTodasAsFuncionalidades" time="685.438" errors="0" timestamp="2023-08-21T16:23:30 UTC" skipped="0">
  <testcase classname="com.timp.test.BCB.OrigemBFB.HierarquiaConfiguracao.OrigenBFBHierarquiaConfiguracaoTodasAsFuncionalidades" name="login" time="6.596"/>
  <system-out/>
  <testcase classname="com.timp.test.BCB.OrigemBFB.HierarquiaConfiguracao.OrigenBFBHierarquiaConfiguracaoTodasAsFuncionalidades" name="brbEntrar" time="14.868"/>
  <system-out/>
  <testcase classname="com.timp.test.BCB.OrigemBFB.HierarquiaConfiguracao.OrigenBFBHierarquiaConfiguracaoTodasAsFuncionalidades" name="criarConfiguracaoExecucoes" time="80.853"/>
  <system-out/>
  <testcase classname="com.timp.test.BCB.OrigemBFB.HierarquiaConfiguracao.OrigenBFBHierarquiaConfiguracaoTodasAsFuncionalidades" name="criarConfiguracionConfiguracao" time="112.710"/>
  <system-out/>
  <testcase classname="com.timp.test.BCB.OrigemBFB.HierarquiaConfiguracao.OrigenBFBHierarquiaConfiguracaoTodasAsFuncionalidades" name="criarConfiguracao" time="53.586"/>
  <system-out/>
  <testcase classname="com.timp.test.BCB.OrigemBFB.HierarquiaConfiguracao.OrigenBFBHierarquiaConfiguracaoTodasAsFuncionalidades" name="outputBCB" time="37.684"/>
  <system-out/>
  <testcase classname="com.timp.test.BCB.OrigemBFB.HierarquiaConfiguracao.OrigenBFBHierarquiaConfiguracaoTodasAsFuncionalidades" name="subNivel2" time="33.138"/>
  <system-out/>
  <testcase classname="com.timp.test.BCB.OrigemBFB.HierarquiaConfiguracao.OrigenBFBHierarquiaConfiguracaoTodasAsFuncionalidades" name="subNivel3" time="38.286"/>
  <system-out/>
  <testcase classname="com.timp.test.BCB.OrigemBFB.HierarquiaConfiguracao.OrigenBFBHierarquiaConfiguracaoTodasAsFuncionalidades" name="subNivel4" time="40.304"/>
  <system-out/>
  <testcase classname="com.timp.test.BCB.OrigemBFB.HierarquiaConfiguracao.OrigenBFBHierarquiaConfiguracaoTodasAsFuncionalidades" name="subNivel5" time="38.084"/>
  <system-out/>
  <testcase classname="com.timp.test.BCB.OrigemBFB.HierarquiaConfiguracao.OrigenBFBHierarquiaConfiguracaoTodasAsFuncionalidades" name="abrirSubnivel1" time="71.168"/>
  <system-out/>
  <testcase classname="com.timp.test.BCB.OrigemBFB.HierarquiaConfiguracao.OrigenBFBHierarquiaConfiguracaoTodasAsFuncionalidades" name="abrirSubnivel2" time="5.214"/>
  <system-out/>
  <testcase classname="com.timp.test.BCB.OrigemBFB.HierarquiaConfiguracao.OrigenBFBHierarquiaConfiguracaoTodasAsFuncionalidades" name="abrirSubnivel3" time="5.253"/>
  <system-out/>
  <testcase classname="com.timp.test.BCB.OrigemBFB.HierarquiaConfiguracao.OrigenBFBHierarquiaConfiguracaoTodasAsFuncionalidades" name="abrirSubnivel4" time="5.264"/>
  <system-out/>
  <testcase classname="com.timp.test.BCB.OrigemBFB.HierarquiaConfiguracao.OrigenBFBHierarquiaConfiguracaoTodasAsFuncionalidades" name="abrirSubnivel5" time="5.163"/>
  <system-out/>
  <testcase classname="com.timp.test.BCB.OrigemBFB.HierarquiaConfiguracao.OrigenBFBHierarquiaConfiguracaoTodasAsFuncionalidades" name="excluirConfiguracoes" time="76.789"/>
  <system-out/>
  <testcase classname="com.timp.test.BCB.OrigemBFB.HierarquiaConfiguracao.OrigenBFBHierarquiaConfiguracaoTodasAsFuncionalidades" name="excluirHierarquia" time="60.478"/>
  <system-out/>
</testsuite> <!-- com.timp.test.BCB.OrigemBFB.HierarquiaConfiguracao.OrigenBFBHierarquiaConfiguracaoTodasAsFuncionalidades -->
