<?xml version="1.0" encoding="UTF-8"?>
<!-- Generated by org.testng.reporters.JUnitReportReporter -->
<testsuite hostname="LitoSoler" name="com.timp.test.MDR.LimiteCompetencia.LimiteCompetenciaFiltroID" tests="3" failures="0" timestamp="18 Nov 2020 16:49:42 GMT" time="33.374" errors="0">
  <testcase name="acessarMDR" time="15.124" classname="com.timp.test.MDR.LimiteCompetencia.LimiteCompetenciaFiltroID"/>
  <testcase name="filtro" time="12.319" classname="com.timp.test.MDR.LimiteCompetencia.LimiteCompetenciaFiltroID"/>
  <testcase name="login" time="5.931" classname="com.timp.test.MDR.LimiteCompetencia.LimiteCompetenciaFiltroID"/>
</testsuite> <!-- com.timp.test.MDR.LimiteCompetencia.LimiteCompetenciaFiltroID -->
