<?xml version="1.0" encoding="UTF-8"?>
<!-- Generated by org.testng.reporters.JUnitReportReporter -->
<testsuite hostname="DESKTOP-5P4F1JE" failures="0" tests="3" name="com.timp.test.MDR.ThinCapitalization.Subcapitalizacao.SubcapitalizacaoExcluir" time="58.509" errors="0" timestamp="22 Jan 2021 17:17:02 GMT">
  <testcase classname="com.timp.test.MDR.ThinCapitalization.Subcapitalizacao.SubcapitalizacaoExcluir" name="acessarMDR" time="15.215"/>
  <testcase classname="com.timp.test.MDR.ThinCapitalization.Subcapitalizacao.SubcapitalizacaoExcluir" name="login" time="7.958"/>
  <testcase classname="com.timp.test.MDR.ThinCapitalization.Subcapitalizacao.SubcapitalizacaoExcluir" name="excluir" time="35.336"/>
</testsuite> <!-- com.timp.test.MDR.ThinCapitalization.Subcapitalizacao.SubcapitalizacaoExcluir -->
