<?xml version="1.0" encoding="UTF-8"?>
<!-- Generated by org.testng.reporters.JUnitReportReporter -->
<testsuite skipped="0" hostname="LitoSoler" name="com.timp.test.MDR.SPCBFederaisRetidos.SPCBFederaisRetidosEditar" tests="1" failures="0" timestamp="16 mar 2021 02:40:52 GMT" time="92.573" errors="0">
  <testcase name="editar" time="92.573" classname="com.timp.test.MDR.SPCBFederaisRetidos.SPCBFederaisRetidosEditar"/>
</testsuite> <!-- com.timp.test.MDR.SPCBFederaisRetidos.SPCBFederaisRetidosEditar -->
