<?xml version="1.0" encoding="UTF-8"?>
<!-- Generated by org.testng.reporters.JUnitReportReporter -->
<testsuite hostname="EC2AMAZ-8HCHO4G" failures="0" tests="5" name="com.timp.test.ADM.Configuracao.ConfiguracaoDeTributos.ConfiguracaodeTributoXTributoGrupo.ConfiguracaodeTributoXTributoGrupoTodasFunc" time="219.180" errors="0" timestamp="2024-10-14T23:17:40 UTC" skipped="0">
  <testcase classname="com.timp.test.ADM.Configuracao.ConfiguracaoDeTributos.ConfiguracaodeTributoXTributoGrupo.ConfiguracaodeTributoXTributoGrupoTodasFunc" name="criar" time="75.222"/>
  <system-out/>
  <testcase classname="com.timp.test.ADM.Configuracao.ConfiguracaoDeTributos.ConfiguracaodeTributoXTributoGrupo.ConfiguracaodeTributoXTributoGrupoTodasFunc" name="Editar" time="37.630"/>
  <system-out/>
  <testcase classname="com.timp.test.ADM.Configuracao.ConfiguracaoDeTributos.ConfiguracaodeTributoXTributoGrupo.ConfiguracaodeTributoXTributoGrupoTodasFunc" name="visualizar" time="61.951"/>
  <system-out/>
  <testcase classname="com.timp.test.ADM.Configuracao.ConfiguracaoDeTributos.ConfiguracaodeTributoXTributoGrupo.ConfiguracaodeTributoXTributoGrupoTodasFunc" name="filtros" time="19.966"/>
  <system-out/>
  <testcase classname="com.timp.test.ADM.Configuracao.ConfiguracaoDeTributos.ConfiguracaodeTributoXTributoGrupo.ConfiguracaodeTributoXTributoGrupoTodasFunc" name="Excluir" time="24.411"/>
  <system-out/>
</testsuite> <!-- com.timp.test.ADM.Configuracao.ConfiguracaoDeTributos.ConfiguracaodeTributoXTributoGrupo.ConfiguracaodeTributoXTributoGrupoTodasFunc -->
