<?xml version="1.0" encoding="UTF-8"?>
<!-- Generated by org.testng.reporters.JUnitReportReporter -->
<testsuite hostname="LitoSoler" name="com.timp.test.BCB.ParametrosGeraisHierarquiaEditar" tests="3" failures="0" timestamp="27 Jan 2021 20:23:47 GMT" time="94.884" errors="0">
  <testcase name="login" time="6.867" classname="com.timp.test.BCB.ParametrosGeraisHierarquiaEditar"/>
  <testcase name="brbEntrar" time="16.228" classname="com.timp.test.BCB.ParametrosGeraisHierarquiaEditar"/>
  <testcase name="editar" time="71.789" classname="com.timp.test.BCB.ParametrosGeraisHierarquiaEditar"/>
</testsuite> <!-- com.timp.test.BCB.ParametrosGeraisHierarquiaEditar -->
