<?xml version="1.0" encoding="UTF-8"?>
<!-- Generated by org.testng.reporters.JUnitReportReporter -->
<testsuite hostname="LitoSoler" name="com.timp.test.MDR.CEP.Municipio.MunicipioFiltros" tests="3" failures="0" timestamp="23 Jul 2020 18:11:19 GMT" time="17.852" errors="0">
  <testcase name="login" time="5.519" classname="com.timp.test.MDR.CEP.Municipio.MunicipioFiltros"/>
  <testcase name="acessarMDR" time="6.736" classname="com.timp.test.MDR.CEP.Municipio.MunicipioFiltros"/>
  <testcase name="filtro" time="5.597" classname="com.timp.test.MDR.CEP.Municipio.MunicipioFiltros"/>
</testsuite> <!-- com.timp.test.MDR.CEP.Municipio.MunicipioFiltros -->
