<?xml version="1.0" encoding="UTF-8"?>
<!-- Generated by org.testng.reporters.JUnitReportReporter -->
<testsuite hostname="LitoSoler" name="com.timp.test.MDR.ValorAdicionado.Municipio.MunicipioExcluir" tests="3" failures="0" timestamp="12 Oct 2020 20:22:58 GMT" time="120.659" errors="0">
  <testcase name="excluir" time="77.166" classname="com.timp.test.MDR.ValorAdicionado.Municipio.MunicipioExcluir"/>
  <testcase name="login" time="8.991" classname="com.timp.test.MDR.ValorAdicionado.Municipio.MunicipioExcluir"/>
  <testcase name="acessarMDR" time="34.502" classname="com.timp.test.MDR.ValorAdicionado.Municipio.MunicipioExcluir"/>
</testsuite> <!-- com.timp.test.MDR.ValorAdicionado.Municipio.MunicipioExcluir -->
