<?xml version="1.0" encoding="UTF-8"?>
<!-- Generated by org.testng.reporters.JUnitReportReporter -->
<testsuite hostname="EC2AMAZ-8HCHO4G" failures="0" tests="2" name="com.timp.test.BRB.ExcluirColuna" time="270.049" errors="0" timestamp="2023-09-13T16:56:16 UTC" skipped="0">
  <testcase classname="com.timp.test.BRB.ExcluirColuna" name="excluirColunaDragNDrop" time="157.429"/>
  <system-out/>
  <testcase classname="com.timp.test.BRB.ExcluirColuna" name="excluirColunaOpcao" time="112.620"/>
  <system-out/>
</testsuite> <!-- com.timp.test.BRB.ExcluirColuna -->
