<?xml version="1.0" encoding="UTF-8"?>
<!-- Generated by org.testng.reporters.JUnitReportReporter -->
<testsuite skipped="0" hostname="LitoSoler" name="com.timp.test.MDR.CEP.Bairro.BairroFiltros" tests="1" failures="0" timestamp="19 mar 2021 21:37:16 GMT" time="37.737" errors="0">
  <testcase name="filtro" time="37.737" classname="com.timp.test.MDR.CEP.Bairro.BairroFiltros"/>
</testsuite> <!-- com.timp.test.MDR.CEP.Bairro.BairroFiltros -->
