<?xml version="1.0" encoding="UTF-8"?>
<!-- Generated by org.testng.reporters.JUnitReportReporter -->
<testsuite hostname="DESKTOP-C57COV6" failures="0" tests="1" name="com.timp.test.TDK.Kpis.KpisLixeira" time="76.603" errors="0" timestamp="01 may. 2021 00:49:14 GMT" skipped="0">
  <testcase classname="com.timp.test.TDK.Kpis.KpisLixeira" name="lixeira" time="76.603"/>
</testsuite> <!-- com.timp.test.TDK.Kpis.KpisLixeira -->
