<?xml version="1.0" encoding="UTF-8"?>
<!-- Generated by org.testng.reporters.JUnitReportReporter -->
<testsuite hostname="DESKTOP-5P4F1JE" failures="0" tests="3" name="com.timp.test.MDR.PrecoDeTransferencia.ValoresParaMetodo.ValoresParaMetodoCPL.ValoresParaMetodoCPLCriar" time="186.311" errors="0" timestamp="14 Oct 2020 20:17:53 GMT">
  <testcase classname="com.timp.test.MDR.PrecoDeTransferencia.ValoresParaMetodo.ValoresParaMetodoCPL.ValoresParaMetodoCPLCriar" name="login" time="10.515"/>
  <testcase classname="com.timp.test.MDR.PrecoDeTransferencia.ValoresParaMetodo.ValoresParaMetodoCPL.ValoresParaMetodoCPLCriar" name="acessarMDR" time="48.544"/>
  <testcase classname="com.timp.test.MDR.PrecoDeTransferencia.ValoresParaMetodo.ValoresParaMetodoCPL.ValoresParaMetodoCPLCriar" name="criar" time="127.252"/>
</testsuite> <!-- com.timp.test.MDR.PrecoDeTransferencia.ValoresParaMetodo.ValoresParaMetodoCPL.ValoresParaMetodoCPLCriar -->
