<?xml version="1.0" encoding="UTF-8"?>
<!-- Generated by org.testng.reporters.JUnitReportReporter -->
<testsuite hostname="DESKTOP-JP1A9E6" failures="0" tests="4" name="com.timp.test.DFG.Leiautes.Execucao.LeiautesExecucacoFuncionalidades4Pt2" time="214.744" errors="0" timestamp="16 jul. 2021 22:33:01 GMT" skipped="0">
  <testcase classname="com.timp.test.DFG.Leiautes.Execucao.LeiautesExecucacoFuncionalidades4Pt2" name="ingresar" time="10.489"/>
  <testcase classname="com.timp.test.DFG.Leiautes.Execucao.LeiautesExecucacoFuncionalidades4Pt2" name="mdrEntrar" time="38.772"/>
  <testcase classname="com.timp.test.DFG.Leiautes.Execucao.LeiautesExecucacoFuncionalidades4Pt2" name="campoFixo" time="133.760"/>
  <testcase classname="com.timp.test.DFG.Leiautes.Execucao.LeiautesExecucacoFuncionalidades4Pt2" name="campoFixoManual" time="31.723"/>
</testsuite> <!-- com.timp.test.DFG.Leiautes.Execucao.LeiautesExecucacoFuncionalidades4Pt2 -->
