<?xml version="1.0" encoding="UTF-8"?>
<!-- Generated by org.testng.reporters.JUnitReportReporter -->
<testsuite hostname="EC2AMAZ-8HCHO4G" failures="0" tests="3" name="com.timp.test.BRB.Formula" time="210.185" errors="0" timestamp="2024-10-17T00:57:44 UTC" skipped="0">
  <testcase classname="com.timp.test.BRB.Formula" name="formulaBoton" time="124.606"/>
  <system-out/>
  <testcase classname="com.timp.test.BRB.Formula" name="formulaColuna" time="71.007"/>
  <system-out/>
  <testcase classname="com.timp.test.BRB.Formula" name="aplicar" time="14.572"/>
  <system-out/>
</testsuite> <!-- com.timp.test.BRB.Formula -->
