<?xml version="1.0" encoding="UTF-8"?>
<!-- Generated by org.testng.reporters.JUnitReportReporter -->
<testsuite hostname="DESKTOP-M23FVFN" failures="0" tests="2" name="com.timp.test.MDR.TabelasApoioESocial.Tabela28.DadosDeRATExcluirEmMassa" time="191.330" errors="0" timestamp="22 dic. 2021 11:46:20 GMT" skipped="0">
  <testcase classname="com.timp.test.MDR.TabelasApoioESocial.Tabela28.DadosDeRATExcluirEmMassa" name="criar" time="155.651"/>
  <testcase classname="com.timp.test.MDR.TabelasApoioESocial.Tabela28.DadosDeRATExcluirEmMassa" name="excluir" time="35.679"/>
</testsuite> <!-- com.timp.test.MDR.TabelasApoioESocial.Tabela28.DadosDeRATExcluirEmMassa -->
