<?xml version="1.0" encoding="UTF-8"?>
<!-- Generated by org.testng.reporters.JUnitReportReporter -->
<testsuite hostname="MIGUEL" failures="0" tests="3" name="com.timp.test.ADM.Configuração.ConfiguracaoDeTributos.ConfiguracaoDeTributoGrupo.ConfiguracaoDeTributoGrupoEditar" time="62.106" errors="0" timestamp="19 mar. 2021 21:31:09 GMT" skipped="0">
  <testcase classname="com.timp.test.ADM.Configuração.ConfiguracaoDeTributos.ConfiguracaoDeTributoGrupo.ConfiguracaoDeTributoGrupoEditar" name="login" time="8.683"/>
  <testcase classname="com.timp.test.ADM.Configuração.ConfiguracaoDeTributos.ConfiguracaoDeTributoGrupo.ConfiguracaoDeTributoGrupoEditar" name="AcessarADM" time="13.856"/>
  <testcase classname="com.timp.test.ADM.Configuração.ConfiguracaoDeTributos.ConfiguracaoDeTributoGrupo.ConfiguracaoDeTributoGrupoEditar" name="editar" time="39.567"/>
</testsuite> <!-- com.timp.test.ADM.Configuração.ConfiguracaoDeTributos.ConfiguracaoDeTributoGrupo.ConfiguracaoDeTributoGrupoEditar -->
