<?xml version="1.0" encoding="UTF-8"?>
<!-- Generated by org.testng.reporters.JUnitReportReporter -->
<testsuite hostname="DESKTOP-M23FVFN" failures="0" tests="1" name="com.timp.test.BRB.ReordenarColuna" time="120.660" errors="0" timestamp="11 mar. 2022 15:19:57 GMT" skipped="0">
  <testcase classname="com.timp.test.BRB.ReordenarColuna" name="reordenar" time="120.660"/>
</testsuite> <!-- com.timp.test.BRB.ReordenarColuna -->
