<?xml version="1.0" encoding="UTF-8"?>
<!-- Generated by org.testng.reporters.JUnitReportReporter -->
<testsuite hostname="SALC-PC" failures="0" tests="1" name="com.timp.test.BRB.OutputAutomatico" time="204.341" errors="0" timestamp="2023-08-07T12:27:14 CST" skipped="0">
  <testcase classname="com.timp.test.BRB.OutputAutomatico" name="outputAutomatico" time="204.341"/>
  <system-out/>
</testsuite> <!-- com.timp.test.BRB.OutputAutomatico -->
