<?xml version="1.0" encoding="UTF-8"?>
<!-- Generated by org.testng.reporters.JUnitReportReporter -->
<testsuite hostname="CRISTHIAN-VASQUEZ" failures="0" tests="1" name="com.timp.test.MDR.Siscoserv.RegistroRF.RegistroRFFiltroPorID" time="58.478" errors="0" timestamp="24 feb. 2021 15:36:36 GMT" skipped="0">
  <testcase classname="com.timp.test.MDR.Siscoserv.RegistroRF.RegistroRFFiltroPorID" name="filtro" time="58.478"/>
</testsuite> <!-- com.timp.test.MDR.Siscoserv.RegistroRF.RegistroRFFiltroPorID -->
