<?xml version="1.0" encoding="UTF-8"?>
<!-- Generated by org.testng.reporters.JUnitReportReporter -->
<testsuite hostname="Agile" failures="0" tests="1" name="com.timp.test.MDR.SaldoInicial.SaldoInicialExcluir" time="12234.958" errors="0" timestamp="11 mar. 2022 17:05:45 GMT" skipped="0">
  <testcase classname="com.timp.test.MDR.SaldoInicial.SaldoInicialExcluir" name="ExcluirSaldoInicial" time="12234.958"/>
</testsuite> <!-- com.timp.test.MDR.SaldoInicial.SaldoInicialExcluir -->
