<?xml version="1.0" encoding="UTF-8"?>
<!-- Generated by org.testng.reporters.JUnitReportReporter -->
<testsuite hostname="DESKTOP-M23FVFN" failures="0" tests="1" name="com.timp.test.ATR.Estruturas.GrupoDeEstruturas.GrupoDeEstruturasExcluir" time="96.356" errors="0" timestamp="16 dic. 2021 19:25:19 GMT" skipped="0">
  <testcase classname="com.timp.test.ATR.Estruturas.GrupoDeEstruturas.GrupoDeEstruturasExcluir" name="criar" time="96.356"/>
</testsuite> <!-- com.timp.test.ATR.Estruturas.GrupoDeEstruturas.GrupoDeEstruturasExcluir -->
