<?xml version="1.0" encoding="UTF-8"?>
<!-- Generated by org.testng.reporters.JUnitReportReporter -->
<testsuite hostname="DESKTOP-M23FVFN" failures="0" tests="1" name="com.timp.test.MDR.ContratoIOF.ContratoIOFDetalhes" time="123.511" errors="0" timestamp="08 dic. 2021 21:41:08 GMT" skipped="0">
  <testcase classname="com.timp.test.MDR.ContratoIOF.ContratoIOFDetalhes" name="Detalhes" time="123.511"/>
</testsuite> <!-- com.timp.test.MDR.ContratoIOF.ContratoIOFDetalhes -->
