<?xml version="1.0" encoding="UTF-8"?>
<!-- Generated by org.testng.reporters.JUnitReportReporter -->
<testsuite hostname="MassielV" failures="0" tests="1" name="com.timp.test.MDR.TabelasComplementaresParaObrigaçoesAcessorias.TabelaDeIsencoes.TabelaDeIsencoesCriar" time="204.593" errors="0" timestamp="18 oct. 2021 04:56:08 GMT" skipped="0">
  <testcase classname="com.timp.test.MDR.TabelasComplementaresParaObrigaçoesAcessorias.TabelaDeIsencoes.TabelaDeIsencoesCriar" name="criar" time="204.593"/>
</testsuite> <!-- com.timp.test.MDR.TabelasComplementaresParaObrigaçoesAcessorias.TabelaDeIsencoes.TabelaDeIsencoesCriar -->
