<?xml version="1.0" encoding="UTF-8"?>
<!-- Generated by org.testng.reporters.JUnitReportReporter -->
<testsuite hostname="DESKTOP-M23FVFN" failures="0" tests="1" name="com.timp.test.MDR.TabelasComplementaresParaObrigaçoesAcessorias.CodigoDIPAM.CodigoDIPAMExcluirEmMassa" time="200.995" errors="0" timestamp="29 ene. 2022 15:34:41 GMT" skipped="0">
  <testcase classname="com.timp.test.MDR.TabelasComplementaresParaObrigaçoesAcessorias.CodigoDIPAM.CodigoDIPAMExcluirEmMassa" name="criar" time="200.995"/>
</testsuite> <!-- com.timp.test.MDR.TabelasComplementaresParaObrigaçoesAcessorias.CodigoDIPAM.CodigoDIPAMExcluirEmMassa -->
