<?xml version="1.0" encoding="UTF-8"?>
<!-- Generated by org.testng.reporters.JUnitReportReporter -->
<testsuite hostname="DESKTOP-M23FVFN" failures="0" tests="2" name="com.timp.test.BRB.GruposAvancados" time="567.073" errors="0" timestamp="2022-06-06T13:56:36 CST" skipped="0">
  <testcase classname="com.timp.test.BRB.GruposAvancados" name="gruposAvanzados" time="504.152"/>
  <system-out/>
  <testcase classname="com.timp.test.BRB.GruposAvancados" name="eliminarGrupos" time="62.921"/>
  <system-out/>
</testsuite> <!-- com.timp.test.BRB.GruposAvancados -->
