<?xml version="1.0" encoding="UTF-8"?>
<!-- Generated by org.testng.reporters.JUnitReportReporter -->
<testsuite hostname="LitoSoler" name="com.timp.test.BRB.Filtros" tests="5" failures="0" timestamp="2 Dec 2020 21:16:20 GMT" time="243.839" errors="0">
  <testcase name="filtrosBiblioteca" time="69.156" classname="com.timp.test.BRB.Filtros"/>
  <testcase name="filtrosEditor" time="107.693" classname="com.timp.test.BRB.Filtros"/>
  <testcase name="login" time="7.764" classname="com.timp.test.BRB.Filtros"/>
  <testcase name="asignarValores" time="28.271" classname="com.timp.test.BRB.Filtros"/>
  <testcase name="brbEntrar" time="30.955" classname="com.timp.test.BRB.Filtros"/>
</testsuite> <!-- com.timp.test.BRB.Filtros -->
