<?xml version="1.0" encoding="UTF-8"?>
<!-- Generated by org.testng.reporters.JUnitReportReporter -->
<testsuite hostname="DESKTOP-M23FVFN" failures="0" tests="1" name="com.timp.test.BRB.CampoOutput" time="153.728" errors="0" timestamp="2022-10-13T18:26:20 BRT" skipped="0">
  <testcase classname="com.timp.test.BRB.CampoOutput" name="campoOutput" time="153.728"/>
  <system-out/>
</testsuite> <!-- com.timp.test.BRB.CampoOutput -->
