<?xml version="1.0" encoding="UTF-8"?>
<!-- Generated by org.testng.reporters.JUnitReportReporter -->
<testsuite hostname="DESKTOP-C57COV6" failures="0" tests="1" name="com.timp.test.MDR.TabelasApoioESocial.Tabela06.PaisesDetalhe" time="68.259" errors="0" timestamp="25 jun. 2021 06:57:40 GMT" skipped="0">
  <testcase classname="com.timp.test.MDR.TabelasApoioESocial.Tabela06.PaisesDetalhe" name="detalhes" time="68.259"/>
</testsuite> <!-- com.timp.test.MDR.TabelasApoioESocial.Tabela06.PaisesDetalhe -->
