<?xml version="1.0" encoding="UTF-8"?>
<!-- Generated by org.testng.reporters.JUnitReportReporter -->
<testsuite hostname="MIGUEL" failures="0" tests="1" name="com.timp.test.BRE.CalculoDeTributos.Edicao.CalculoDeTributosFiltrosAvansados" time="52.745" errors="0" timestamp="15 abr. 2021 21:00:02 GMT" skipped="0">
  <testcase classname="com.timp.test.BRE.CalculoDeTributos.Edicao.CalculoDeTributosFiltrosAvansados" name="Filtro" time="52.745"/>
</testsuite> <!-- com.timp.test.BRE.CalculoDeTributos.Edicao.CalculoDeTributosFiltrosAvansados -->
