<?xml version="1.0" encoding="UTF-8"?>
<!-- Generated by org.testng.reporters.JUnitReportReporter -->
<testsuite hostname="DESKTOP-JP1A9E6" failures="0" tests="2" name="com.timp.test.MDR.DetalheTipoTributo.DetalheExcluirMassa" time="272.053" errors="0" timestamp="27 ago. 2021 03:21:58 GMT" skipped="0">
  <testcase classname="com.timp.test.MDR.DetalheTipoTributo.DetalheExcluirMassa" name="excluirMassa" time="61.766"/>
  <testcase classname="com.timp.test.MDR.DetalheTipoTributo.DetalheExcluirMassa" name="criar" time="210.287"/>
</testsuite> <!-- com.timp.test.MDR.DetalheTipoTributo.DetalheExcluirMassa -->
