<?xml version="1.0" encoding="UTF-8"?>
<!-- Generated by org.testng.reporters.JUnitReportReporter -->
<testsuite hostname="EC2AMAZ-8HCHO4G" failures="0" tests="3" name="com.timp.test.BRB.Formula" time="177.050" errors="0" timestamp="2023-05-29T20:16:17 UTC" skipped="0">
  <testcase classname="com.timp.test.BRB.Formula" name="formulaColuna" time="59.693"/>
  <system-out/>
  <testcase classname="com.timp.test.BRB.Formula" name="aplicar" time="14.368"/>
  <system-out/>
  <testcase classname="com.timp.test.BRB.Formula" name="formulaBoton" time="102.989"/>
  <system-out/>
</testsuite> <!-- com.timp.test.BRB.Formula -->
