<?xml version="1.0" encoding="UTF-8"?>
<!-- Generated by org.testng.reporters.JUnitReportReporter -->
<testsuite hostname="DESKTOP-M23FVFN" failures="0" tests="3" name="com.timp.test.BPMA.ProcessodeNegocio.ProcessodeNegocioCriarCopia" time="297.783" errors="0" timestamp="26 abr. 2022 23:34:31 GMT" skipped="0">
  <testcase classname="com.timp.test.BPMA.ProcessodeNegocio.ProcessodeNegocioCriarCopia" name="login" time="21.868"/>
  <testcase classname="com.timp.test.BPMA.ProcessodeNegocio.ProcessodeNegocioCriarCopia" name="BPMAEntrar" time="21.459"/>
  <testcase classname="com.timp.test.BPMA.ProcessodeNegocio.ProcessodeNegocioCriarCopia" name="CriarCopia" time="254.456"/>
</testsuite> <!-- com.timp.test.BPMA.ProcessodeNegocio.ProcessodeNegocioCriarCopia -->
