<?xml version="1.0" encoding="UTF-8"?>
<!-- Generated by org.testng.reporters.JUnitReportReporter -->
<<<<<<< HEAD
<<<<<<< HEAD
<testsuite hostname="DESKTOP-M23FVFN" failures="0" tests="1" name="com.timp.test.MDR.PrecoDeTransferencia.ValoresParaMetodo.ValoresParaMetodoPVA.ValoresParaMetodoPVAFiltroID" time="99.120" errors="0" timestamp="30 nov. 2021 08:59:51 GMT" skipped="0">
  <testcase classname="com.timp.test.MDR.PrecoDeTransferencia.ValoresParaMetodo.ValoresParaMetodoPVA.ValoresParaMetodoPVAFiltroID" name="filtro" time="99.120"/>
=======
<testsuite hostname="DESKTOP-C57COV6" failures="0" tests="1" name="com.timp.test.MDR.PrecoDeTransferencia.ValoresParaMetodo.ValoresParaMetodoPVA.ValoresParaMetodoPVAFiltroID" time="204.335" errors="0" timestamp="25 nov. 2021 22:12:09 GMT" skipped="0">
  <testcase classname="com.timp.test.MDR.PrecoDeTransferencia.ValoresParaMetodo.ValoresParaMetodoPVA.ValoresParaMetodoPVAFiltroID" name="filtro" time="204.335"/>
>>>>>>> branch 'master' of https://github.com/salc1997/TIMP_R1.git
=======
<testsuite hostname="DESKTOP-M23FVFN" failures="0" tests="1" name="com.timp.test.MDR.PrecoDeTransferencia.ValoresParaMetodo.ValoresParaMetodoPVA.ValoresParaMetodoPVAFiltroID" time="82.786" errors="0" timestamp="12 mar. 2022 05:51:55 GMT" skipped="0">
  <testcase classname="com.timp.test.MDR.PrecoDeTransferencia.ValoresParaMetodo.ValoresParaMetodoPVA.ValoresParaMetodoPVAFiltroID" name="filtro" time="82.786"/>
>>>>>>> refs/heads/Yessy
</testsuite> <!-- com.timp.test.MDR.PrecoDeTransferencia.ValoresParaMetodo.ValoresParaMetodoPVA.ValoresParaMetodoPVAFiltroID -->
