<?xml version="1.0" encoding="UTF-8"?>
<!-- Generated by org.testng.reporters.JUnitReportReporter -->
<<<<<<< HEAD
<testsuite skipped="0" hostname="LitoSoler" name="com.timp.test.MDR.ValorAdicionado.Municipio.MunicipioExcluirEmMassa" tests="2" failures="0" timestamp="24 feb 2021 17:33:34 GMT" time="144.009" errors="0">
  <testcase name="ExcluirEmMassa" time="25.078" classname="com.timp.test.MDR.ValorAdicionado.Municipio.MunicipioExcluirEmMassa"/>
  <testcase name="Criar" time="118.931" classname="com.timp.test.MDR.ValorAdicionado.Municipio.MunicipioExcluirEmMassa"/>
=======
<testsuite hostname="CRISTHIAN-VASQUEZ" failures="0" tests="1" name="com.timp.test.MDR.ValorAdicionado.Municipio.MunicipioExcluirEmMassa" time="162.892" errors="0" timestamp="24 feb. 2021 15:36:36 GMT" skipped="0">
  <testcase classname="com.timp.test.MDR.ValorAdicionado.Municipio.MunicipioExcluirEmMassa" name="criar" time="162.892"/>
>>>>>>> branch 'master' of https://github.com/salc1997/TIMP_R1.git
</testsuite> <!-- com.timp.test.MDR.ValorAdicionado.Municipio.MunicipioExcluirEmMassa -->
