<?xml version="1.0" encoding="UTF-8"?>
<!-- Generated by org.testng.reporters.JUnitReportReporter -->
<testsuite hostname="LitoSoler" name="com.timp.test.BRB.Eliminar" tests="4" failures="0" timestamp="21 Jan 2021 20:46:28 GMT" time="96.722" errors="0">
  <testcase name="login" time="6.207" classname="com.timp.test.BRB.Eliminar"/>
  <testcase name="eliminar" time="38.808" classname="com.timp.test.BRB.Eliminar"/>
  <testcase name="brbEntrar" time="18.117" classname="com.timp.test.BRB.Eliminar"/>
  <testcase name="eliminarLixeira" time="33.590" classname="com.timp.test.BRB.Eliminar"/>
</testsuite> <!-- com.timp.test.BRB.Eliminar -->
