<?xml version="1.0" encoding="UTF-8"?>
<!-- Generated by org.testng.reporters.JUnitReportReporter -->
<testsuite hostname="DESKTOP-HB7TMPD" failures="0" tests="9" name="com.timp.test.DFG.Leiautes.LeiautesExecucaoCamposEspeciais1y2" time="445.886" errors="0" timestamp="21 Dec 2020 08:23:08 GMT">
  <testcase classname="com.timp.test.DFG.Leiautes.LeiautesExecucaoCamposEspeciais1y2" name="separadores" time="150.438"/>
  <testcase classname="com.timp.test.DFG.Leiautes.LeiautesExecucaoCamposEspeciais1y2" name="criarConfiguracao" time="57.956"/>
  <testcase classname="com.timp.test.DFG.Leiautes.LeiautesExecucaoCamposEspeciais1y2" name="excluirLeiaute" time="48.254"/>
  <testcase classname="com.timp.test.DFG.Leiautes.LeiautesExecucaoCamposEspeciais1y2" name="criar" time="38.409"/>
  <testcase classname="com.timp.test.DFG.Leiautes.LeiautesExecucaoCamposEspeciais1y2" name="executar" time="78.252"/>
  <testcase classname="com.timp.test.DFG.Leiautes.LeiautesExecucaoCamposEspeciais1y2" name="comparar" time="14.881"/>
  <testcase classname="com.timp.test.DFG.Leiautes.LeiautesExecucaoCamposEspeciais1y2" name="ingresar" time="9.072"/>
  <testcase classname="com.timp.test.DFG.Leiautes.LeiautesExecucaoCamposEspeciais1y2" name="mdrEntrar" time="19.777"/>
  <testcase classname="com.timp.test.DFG.Leiautes.LeiautesExecucaoCamposEspeciais1y2" name="excluirConfiguracao" time="28.847"/>
</testsuite> <!-- com.timp.test.DFG.Leiautes.LeiautesExecucaoCamposEspeciais1y2 -->
