<?xml version="1.0" encoding="UTF-8"?>
<!-- Generated by org.testng.reporters.JUnitReportReporter -->
<testsuite hostname="LitoSoler" name="com.timp.test.MDR.CenariosCorrecao.CenariosCorrecaoExcluir" tests="3" failures="0" timestamp="7 Aug 2020 16:59:48 GMT" time="66.914" errors="0">
  <testcase name="cenariosCorrecaoExcluir" time="50.024" classname="com.timp.test.MDR.CenariosCorrecao.CenariosCorrecaoExcluir"/>
  <testcase name="login" time="7.466" classname="com.timp.test.MDR.CenariosCorrecao.CenariosCorrecaoExcluir"/>
  <testcase name="acessarMDR" time="9.424" classname="com.timp.test.MDR.CenariosCorrecao.CenariosCorrecaoExcluir"/>
</testsuite> <!-- com.timp.test.MDR.CenariosCorrecao.CenariosCorrecaoExcluir -->
