<?xml version="1.0" encoding="UTF-8"?>
<!-- Generated by org.testng.reporters.JUnitReportReporter -->
<testsuite hostname="EC2AMAZ-8HCHO4G" failures="0" tests="3" name="com.timp.test.SCANC.RelatoriosRefineriaGerados.RRGConfiguracaoDeAjustePresquisaPorIDOuCodigoDeAjuste" time="83.042" errors="0" timestamp="2023-03-23T01:17:34 UTC" skipped="0">
  <testcase classname="com.timp.test.SCANC.RelatoriosRefineriaGerados.RRGConfiguracaoDeAjustePresquisaPorIDOuCodigoDeAjuste" name="ingresar" time="6.946"/>
  <system-out/>
  <testcase classname="com.timp.test.SCANC.RelatoriosRefineriaGerados.RRGConfiguracaoDeAjustePresquisaPorIDOuCodigoDeAjuste" name="scancEntrar" time="16.187"/>
  <system-out/>
  <testcase classname="com.timp.test.SCANC.RelatoriosRefineriaGerados.RRGConfiguracaoDeAjustePresquisaPorIDOuCodigoDeAjuste" name="pesquisar" time="59.909"/>
  <system-out/>
</testsuite> <!-- com.timp.test.SCANC.RelatoriosRefineriaGerados.RRGConfiguracaoDeAjustePresquisaPorIDOuCodigoDeAjuste -->
