<?xml version="1.0" encoding="UTF-8"?>
<!-- Generated by org.testng.reporters.JUnitReportReporter -->
<testsuite hostname="Agile" failures="0" tests="1" name="com.timp.test.BRB.AdicionarColunas" time="367.705" errors="0" timestamp="19 abr. 2022 22:32:28 GMT" skipped="0">
  <testcase classname="com.timp.test.BRB.AdicionarColunas" name="adicionarColunas" time="367.705"/>
</testsuite> <!-- com.timp.test.BRB.AdicionarColunas -->
