<?xml version="1.0" encoding="UTF-8"?>
<!-- Generated by org.testng.reporters.JUnitReportReporter -->
<testsuite hostname="LitoSoler" name="com.timp.test.MDR.Centralizacao.EstornoCredito.EstornoCreditoCriar" tests="3" failures="0" timestamp="8 Dec 2020 19:42:33 GMT" time="64.852" errors="0">
  <testcase name="login" time="7.305" classname="com.timp.test.MDR.Centralizacao.EstornoCredito.EstornoCreditoCriar"/>
  <testcase name="acessarMDR" time="25.578" classname="com.timp.test.MDR.Centralizacao.EstornoCredito.EstornoCreditoCriar"/>
  <testcase name="criar" time="31.969" classname="com.timp.test.MDR.Centralizacao.EstornoCredito.EstornoCreditoCriar"/>
</testsuite> <!-- com.timp.test.MDR.Centralizacao.EstornoCredito.EstornoCreditoCriar -->
