<?xml version="1.0" encoding="UTF-8"?>
<!-- Generated by org.testng.reporters.JUnitReportReporter -->
<testsuite hostname="DESKTOP-C57COV6" failures="0" tests="1" name="com.timp.test.MDR.TabelasApoioESocial.Tabela01.CategoriasDeTrabalhadoresEditar" time="97.519" errors="0" timestamp="04 jun. 2021 23:15:03 GMT" skipped="0">
  <testcase classname="com.timp.test.MDR.TabelasApoioESocial.Tabela01.CategoriasDeTrabalhadoresEditar" name="editar" time="97.519"/>
</testsuite> <!-- com.timp.test.MDR.TabelasApoioESocial.Tabela01.CategoriasDeTrabalhadoresEditar -->
