<?xml version="1.0" encoding="UTF-8"?>
<!-- Generated by org.testng.reporters.JUnitReportReporter -->
<testsuite hostname="EC2AMAZ-8HCHO4G" failures="0" tests="3" name="com.timp.test.SCANC.OficiosExtemporaneos.OficiosExtemporaneosCriar" time="104.397" errors="0" timestamp="2023-05-04T14:38:33 UTC" skipped="0">
  <testcase classname="com.timp.test.SCANC.OficiosExtemporaneos.OficiosExtemporaneosCriar" name="ingresar" time="6.071"/>
  <system-out/>
  <testcase classname="com.timp.test.SCANC.OficiosExtemporaneos.OficiosExtemporaneosCriar" name="scancEntrar" time="16.228"/>
  <system-out/>
  <testcase classname="com.timp.test.SCANC.OficiosExtemporaneos.OficiosExtemporaneosCriar" name="criar" time="82.098"/>
  <system-out/>
</testsuite> <!-- com.timp.test.SCANC.OficiosExtemporaneos.OficiosExtemporaneosCriar -->
