<?xml version="1.0" encoding="UTF-8"?>
<!-- Generated by org.testng.reporters.JUnitReportReporter -->
<testsuite skipped="0" hostname="LitoSoler" name="com.timp.test.MDR.AtividadesFiscais.AssociacaoAtividadeFiscal.AssociaçãoCriar" tests="1" failures="0" timestamp="24 feb 2021 18:05:35 GMT" time="114.232" errors="0">
  <testcase name="criarAssociação" time="114.232" classname="com.timp.test.MDR.AtividadesFiscais.AssociacaoAtividadeFiscal.AssociaçãoCriar"/>
</testsuite> <!-- com.timp.test.MDR.AtividadesFiscais.AssociacaoAtividadeFiscal.AssociaçãoCriar -->
