<?xml version="1.0" encoding="UTF-8"?>
<!-- Generated by org.testng.reporters.JUnitReportReporter -->
<testsuite hostname="LAPTOP-IN7IV9K5" failures="0" tests="1" name="com.timp.test.BRE.TabelasExternas.TabelasExternasEditar" time="78.541" errors="0" timestamp="13 may. 2021 15:50:00 GMT" skipped="0">
  <testcase classname="com.timp.test.BRE.TabelasExternas.TabelasExternasEditar" name="Editar" time="78.541"/>
</testsuite> <!-- com.timp.test.BRE.TabelasExternas.TabelasExternasEditar -->
