<?xml version="1.0" encoding="UTF-8"?>
<!-- Generated by org.testng.reporters.JUnitReportReporter -->
<testsuite hostname="EC2AMAZ-8HCHO4G" failures="0" tests="11" name="com.timp.test.DFG.LeiautesExecução.LeiautesExecucaoFuncionalidades4" time="489.480" errors="0" timestamp="2024-01-22T17:43:09 UTC" skipped="0">
  <testcase classname="com.timp.test.DFG.LeiautesExecução.LeiautesExecucaoFuncionalidades4" name="ingresar" time="6.490"/>
  <system-out/>
  <testcase classname="com.timp.test.DFG.LeiautesExecução.LeiautesExecucaoFuncionalidades4" name="mdrEntrar" time="16.766"/>
  <system-out/>
  <testcase classname="com.timp.test.DFG.LeiautesExecução.LeiautesExecucaoFuncionalidades4" name="criar" time="47.196"/>
  <system-out/>
  <testcase classname="com.timp.test.DFG.LeiautesExecução.LeiautesExecucaoFuncionalidades4" name="separadores" time="78.933"/>
  <system-out/>
  <testcase classname="com.timp.test.DFG.LeiautesExecução.LeiautesExecucaoFuncionalidades4" name="dataInicialDeReferencia" time="133.441"/>
  <system-out/>
  <testcase classname="com.timp.test.DFG.LeiautesExecução.LeiautesExecucaoFuncionalidades4" name="saltodeLinha" time="21.977"/>
  <system-out/>
  <testcase classname="com.timp.test.DFG.LeiautesExecução.LeiautesExecucaoFuncionalidades4" name="dataFinalDeReferencia" time="37.707"/>
  <system-out/>
  <testcase classname="com.timp.test.DFG.LeiautesExecução.LeiautesExecucaoFuncionalidades4" name="versao" time="24.983"/>
  <system-out/>
  <testcase classname="com.timp.test.DFG.LeiautesExecução.LeiautesExecucaoFuncionalidades4" name="horaDaExecucao" time="39.210"/>
  <system-out/>
  <testcase classname="com.timp.test.DFG.LeiautesExecução.LeiautesExecucaoFuncionalidades4" name="dataDaExecucao" time="37.023"/>
  <system-out/>
  <testcase classname="com.timp.test.DFG.LeiautesExecução.LeiautesExecucaoFuncionalidades4" name="periodoDaReferencia" time="45.754"/>
  <system-out/>
</testsuite> <!-- com.timp.test.DFG.LeiautesExecução.LeiautesExecucaoFuncionalidades4 -->
