<?xml version="1.0" encoding="UTF-8"?>
<!-- Generated by org.testng.reporters.JUnitReportReporter -->
<testsuite hostname="MIGUEL" failures="0" tests="1" name="com.timp.test.BRB.AcessarBRB" time="34.477" errors="0" timestamp="17 abr. 2021 00:37:01 GMT" skipped="0">
  <testcase classname="com.timp.test.BRB.AcessarBRB" name="brbEntrar" time="34.477"/>
</testsuite> <!-- com.timp.test.BRB.AcessarBRB -->
