<?xml version="1.0" encoding="UTF-8"?>
<!-- Generated by org.testng.reporters.JUnitReportReporter -->
<testsuite hostname="DESKTOP-M23FVFN" failures="0" tests="1" name="com.timp.test.TCC.GestaoDeCreditoTributarioPISCONFINS.PainelCredito.ConfiguraçãoeExecução.ConfiguraçãoeExecuçãoCriar" time="166.594" errors="0" timestamp="20 abr. 2022 14:42:01 GMT" skipped="0">
  <testcase classname="com.timp.test.TCC.GestaoDeCreditoTributarioPISCONFINS.PainelCredito.ConfiguraçãoeExecução.ConfiguraçãoeExecuçãoCriar" name="criar" time="166.594"/>
</testsuite> <!-- com.timp.test.TCC.GestaoDeCreditoTributarioPISCONFINS.PainelCredito.ConfiguraçãoeExecução.ConfiguraçãoeExecuçãoCriar -->
