<?xml version="1.0" encoding="UTF-8"?>
<!-- Generated by org.testng.reporters.JUnitReportReporter -->
<<<<<<< HEAD
<testsuite hostname="MIGUEL" failures="0" tests="1" name="com.timp.test.BRB.ReordenarColuna" time="95.388" errors="0" timestamp="16 mar. 2021 15:04:50 GMT" skipped="0">
  <testcase classname="com.timp.test.BRB.ReordenarColuna" name="reordenar" time="95.388"/>
</testsuite> <!-- com.timp.test.BRB.ReordenarColuna -->
=======
<testsuite hostname="LAPTOP-IN7IV9K5" failures="0" tests="1" name="com.timp.test.BRB.ReordenarColuna" time="105.296" errors="0" timestamp="16 mar. 2021 11:19:55 GMT" skipped="0">
  <testcase classname="com.timp.test.BRB.ReordenarColuna" name="reordenar" time="105.296"/>
</testsuite> <!-- com.timp.test.BRB.ReordenarColuna -->
>>>>>>> refs/remotes/origin/Kenssy
