<?xml version="1.0" encoding="UTF-8"?>
<!-- Generated by org.testng.reporters.JUnitReportReporter -->
<testsuite hostname="CRISTHIAN-VASQUEZ" failures="0" tests="3" name="com.timp.test.TAA.Agendamento.AgendamentoCopiar" time="87.461" errors="0" timestamp="11 mar. 2021 16:26:03 GMT" skipped="0">
  <testcase classname="com.timp.test.TAA.Agendamento.AgendamentoCopiar" name="ingresar" time="9.111"/>
  <testcase classname="com.timp.test.TAA.Agendamento.AgendamentoCopiar" name="ingresarTAA" time="17.171"/>
  <testcase classname="com.timp.test.TAA.Agendamento.AgendamentoCopiar" name="criarCopiar" time="61.179"/>
</testsuite> <!-- com.timp.test.TAA.Agendamento.AgendamentoCopiar -->
