<?xml version="1.0" encoding="UTF-8"?>
<<<<<<< HEAD
<!-- Generated by org.testng.reporters.JUnitReportReporter -->
<testsuite hostname="DESKTOP-JP1A9E6" failures="0" tests="1" name="com.timp.test.BRB.PublicoEPrivado" time="203.446" errors="0" timestamp="12 jul. 2021 23:27:55 GMT" skipped="0">
  <testcase classname="com.timp.test.BRB.PublicoEPrivado" name="publicoYPRivado" time="203.446"/>
=======
<<<<<<< HEAD
<<<<<<< HEAD
<<<<<<< HEAD
<!-- Generated by org.testng.reporters.JUnitReportReporter -->
<<<<<<< HEAD
<testsuite hostname="DESKTOP-C57COV6" failures="0" tests="1" name="com.timp.test.BRB.PublicoEPrivado" time="191.168" errors="0" timestamp="13 may. 2021 17:57:44 GMT" skipped="0">
  <testcase classname="com.timp.test.BRB.PublicoEPrivado" name="publicoYPRivado" time="191.168"/>
=======
<testsuite hostname="DESKTOP-C57COV6" failures="0" tests="1" name="com.timp.test.BRB.PublicoEPrivado" time="164.043" errors="0" timestamp="24 may. 2021 22:50:53 GMT" skipped="0">
  <testcase classname="com.timp.test.BRB.PublicoEPrivado" name="publicoYPRivado" time="164.043"/>
>>>>>>> branch 'master' of https://github.com/salc1997/TIMP_R1.git
=======
=======
>>>>>>> refs/remotes/origin/Yessy
<!-- Generated by org.testng.reporters.JUnitReportReporter -->
<testsuite hostname="DESKTOP-JP1A9E6" failures="0" tests="1" name="com.timp.test.BRB.PublicoEPrivado" time="147.810" errors="0" timestamp="01 jun. 2021 00:52:00 GMT" skipped="0">
  <testcase classname="com.timp.test.BRB.PublicoEPrivado" name="publicoYPRivado" time="147.810"/>
>>>>>>> refs/remotes/origin/Yessy
=======
<!-- Generated by org.testng.reporters.JUnitReportReporter -->
<testsuite hostname="DESKTOP-C57COV6" failures="0" tests="1" name="com.timp.test.BRB.PublicoEPrivado" time="186.829" errors="0" timestamp="05 jul. 2021 15:11:16 GMT" skipped="0">
  <testcase classname="com.timp.test.BRB.PublicoEPrivado" name="publicoYPRivado" time="186.829"/>
>>>>>>> refs/remotes/origin/Yessy
>>>>>>> branch 'Yessy' of https://github.com/salc1997/TIMP_R1.git
</testsuite> <!-- com.timp.test.BRB.PublicoEPrivado -->
