<?xml version="1.0" encoding="UTF-8"?>
<!-- Generated by org.testng.reporters.JUnitReportReporter -->
<testsuite hostname="DESKTOP-35UG9UP" name="com.timp.test.BRB.ReordenarColuna" tests="3" failures="0" timestamp="1 Oct 2020 20:47:21 GMT" time="91.297" errors="0">
  <testcase name="login" time="10.947" classname="com.timp.test.BRB.ReordenarColuna"/>
  <testcase name="reordenar" time="51.639" classname="com.timp.test.BRB.ReordenarColuna"/>
  <testcase name="brbEntrar" time="28.711" classname="com.timp.test.BRB.ReordenarColuna"/>
</testsuite> <!-- com.timp.test.BRB.ReordenarColuna -->
