<?xml version="1.0" encoding="UTF-8"?>
<!-- Generated by org.testng.reporters.JUnitReportReporter -->
<<<<<<< HEAD
<testsuite hostname="EC2AMAZ-8HCHO4G" failures="0" tests="1" name="com.timp.test.BRB.OutputAutomatico" time="177.612" errors="0" timestamp="2023-02-15T16:57:03 UTC" skipped="0">
  <testcase classname="com.timp.test.BRB.OutputAutomatico" name="outputAutomatico" time="177.612"/>
=======
<testsuite hostname="DESKTOP-M23FVFN" failures="0" tests="1" name="com.timp.test.BRB.OutputAutomatico" time="236.284" errors="0" timestamp="2023-02-13T18:38:24 BRT" skipped="0">
  <testcase classname="com.timp.test.BRB.OutputAutomatico" name="outputAutomatico" time="236.284"/>
>>>>>>> branch 'Yessy' of https://github.com/salc1997/TIMP_R1.git
  <system-out/>
</testsuite> <!-- com.timp.test.BRB.OutputAutomatico -->
