<?xml version="1.0" encoding="UTF-8"?>
<!-- Generated by org.testng.reporters.JUnitReportReporter -->
<testsuite hostname="LAPTOP-IN7IV9K5" failures="0" tests="1" name="com.timp.test.MDR.TabelasApoioSped.CodigoDeAjusteDaApuraçaoDoIPI.CodigoDeAjusteDaApuraçaoDoIPIEditar" time="100.914" errors="0" timestamp="09 abr. 2021 00:40:42 GMT" skipped="0">
  <testcase classname="com.timp.test.MDR.TabelasApoioSped.CodigoDeAjusteDaApuraçaoDoIPI.CodigoDeAjusteDaApuraçaoDoIPIEditar" name="editar" time="100.914"/>
</testsuite> <!-- com.timp.test.MDR.TabelasApoioSped.CodigoDeAjusteDaApuraçaoDoIPI.CodigoDeAjusteDaApuraçaoDoIPIEditar -->
