<?xml version="1.0" encoding="UTF-8"?>
<!-- Generated by org.testng.reporters.JUnitReportReporter -->
<testsuite hostname="DESKTOP-5P4F1JE" failures="0" tests="3" name="com.timp.test.TDK.Dashboard.Edicao.DashboardEdiçãoTabela" time="263.353" errors="0" timestamp="1 Feb 2021 17:15:37 GMT">
  <testcase classname="com.timp.test.TDK.Dashboard.Edicao.DashboardEdiçãoTabela" name="login" time="8.307"/>
  <testcase classname="com.timp.test.TDK.Dashboard.Edicao.DashboardEdiçãoTabela" name="editar" time="229.535"/>
  <testcase classname="com.timp.test.TDK.Dashboard.Edicao.DashboardEdiçãoTabela" name="acessarTDK" time="25.511"/>
</testsuite> <!-- com.timp.test.TDK.Dashboard.Edicao.DashboardEdiçãoTabela -->
