<?xml version="1.0" encoding="UTF-8"?>
<!-- Generated by org.testng.reporters.JUnitReportReporter -->
<testsuite hostname="MIGUEL" failures="0" tests="1" name="com.timp.test.MDR.TabelasComplementaresParaObrigaçoesAcessorias.TabelaDeDetalhamentosParaRegistro10.TabelaDeDetalhamentosParaRegistro10Excluir" time="73.633" errors="0" timestamp="08 abr. 2021 20:10:30 GMT" skipped="0">
  <testcase classname="com.timp.test.MDR.TabelasComplementaresParaObrigaçoesAcessorias.TabelaDeDetalhamentosParaRegistro10.TabelaDeDetalhamentosParaRegistro10Excluir" name="excluir" time="73.633"/>
</testsuite> <!-- com.timp.test.MDR.TabelasComplementaresParaObrigaçoesAcessorias.TabelaDeDetalhamentosParaRegistro10.TabelaDeDetalhamentosParaRegistro10Excluir -->
