<?xml version="1.0" encoding="UTF-8"?>
<!-- Generated by org.testng.reporters.JUnitReportReporter -->
<testsuite hostname="MIGUEL" failures="0" tests="3" name="com.timp.test.TDK.Kpis.Lixeira.KpisLixeiraExcluirEmMassa" time="85.441" errors="0" timestamp="19 mar. 2021 19:04:53 GMT" skipped="0">
  <testcase classname="com.timp.test.TDK.Kpis.Lixeira.KpisLixeiraExcluirEmMassa" name="login" time="9.781"/>
  <testcase classname="com.timp.test.TDK.Kpis.Lixeira.KpisLixeiraExcluirEmMassa" name="acessarTDK" time="20.614"/>
  <testcase classname="com.timp.test.TDK.Kpis.Lixeira.KpisLixeiraExcluirEmMassa" name="excluir" time="55.046"/>
</testsuite> <!-- com.timp.test.TDK.Kpis.Lixeira.KpisLixeiraExcluirEmMassa -->
