<?xml version="1.0" encoding="UTF-8"?>
<!-- Generated by org.testng.reporters.JUnitReportReporter -->
<testsuite hostname="DESKTOP-BNBDMGT" failures="0" tests="3" name="com.timp.test.TCC.GestaoDeCreditoTributarioICMS.ConfiguracaoEExecucaoPainelCreditoICMS.ConfiguracaoEExecucaoPainelCreditoICMSFiltrosAvansados" time="79.592" errors="0" timestamp="21 Jan 2021 19:38:37 GMT">
  <testcase classname="com.timp.test.TCC.GestaoDeCreditoTributarioICMS.ConfiguracaoEExecucaoPainelCreditoICMS.ConfiguracaoEExecucaoPainelCreditoICMSFiltrosAvansados" name="filtros" time="46.076"/>
  <testcase classname="com.timp.test.TCC.GestaoDeCreditoTributarioICMS.ConfiguracaoEExecucaoPainelCreditoICMS.ConfiguracaoEExecucaoPainelCreditoICMSFiltrosAvansados" name="acessarTCC" time="25.081"/>
  <testcase classname="com.timp.test.TCC.GestaoDeCreditoTributarioICMS.ConfiguracaoEExecucaoPainelCreditoICMS.ConfiguracaoEExecucaoPainelCreditoICMSFiltrosAvansados" name="login" time="8.435"/>
</testsuite> <!-- com.timp.test.TCC.GestaoDeCreditoTributarioICMS.ConfiguracaoEExecucaoPainelCreditoICMS.ConfiguracaoEExecucaoPainelCreditoICMSFiltrosAvansados -->
