<?xml version="1.0" encoding="UTF-8"?>
<!-- Generated by org.testng.reporters.JUnitReportReporter -->
<testsuite hostname="MIGUEL" failures="0" tests="3" name="com.timp.test.ATR.Estruturas.Estruturas.EstruturasVisualizar" time="50.296" errors="0" timestamp="13 Jan 2021 15:25:22 GMT">
  <testcase classname="com.timp.test.ATR.Estruturas.Estruturas.EstruturasVisualizar" name="login" time="6.946"/>
  <testcase classname="com.timp.test.ATR.Estruturas.Estruturas.EstruturasVisualizar" name="visualizar" time="29.964"/>
  <testcase classname="com.timp.test.ATR.Estruturas.Estruturas.EstruturasVisualizar" name="ATREntrar" time="13.386"/>
</testsuite> <!-- com.timp.test.ATR.Estruturas.Estruturas.EstruturasVisualizar -->
