<?xml version="1.0" encoding="UTF-8"?>
<!-- Generated by org.testng.reporters.JUnitReportReporter -->
<testsuite hostname="LitoSoler" name="com.timp.test.BRB.GruposAvanzados" tests="4" failures="0" timestamp="2 Jul 2020 15:58:51 GMT" time="334.785" errors="0">
  <testcase name="login" time="9.843" classname="com.timp.test.BRB.GruposAvanzados"/>
  <testcase name="eliminarGrupos" time="33.890" classname="com.timp.test.BRB.GruposAvanzados"/>
  <testcase name="brbEntrar" time="26.290" classname="com.timp.test.BRB.GruposAvanzados"/>
  <testcase name="gruposAvanzados" time="264.762" classname="com.timp.test.BRB.GruposAvanzados"/>
</testsuite> <!-- com.timp.test.BRB.GruposAvanzados -->
