<?xml version="1.0" encoding="UTF-8"?>
<!-- Generated by org.testng.reporters.JUnitReportReporter -->
<testsuite hostname="DESKTOP-M23FVFN" failures="0" tests="1" name="com.timp.test.MDR.TabelasApoioESocial.Tabela20.TiposDeLogradouroVisualizar" time="90.700" errors="0" timestamp="11 mar. 2022 07:33:06 GMT" skipped="0">
  <testcase classname="com.timp.test.MDR.TabelasApoioESocial.Tabela20.TiposDeLogradouroVisualizar" name="visualizar" time="90.700"/>
</testsuite> <!-- com.timp.test.MDR.TabelasApoioESocial.Tabela20.TiposDeLogradouroVisualizar -->
