<?xml version="1.0" encoding="UTF-8"?>
<!-- Generated by org.testng.reporters.JUnitReportReporter -->
<testsuite hostname="DESKTOP-JP1A9E6" failures="0" tests="2" name="com.timp.test.MDR.TaxasDeConversao.TaxasDeConversaoExcluirEmMassa" time="135.990" errors="0" timestamp="14 jul. 2021 09:31:56 GMT" skipped="0">
  <testcase classname="com.timp.test.MDR.TaxasDeConversao.TaxasDeConversaoExcluirEmMassa" name="criar" time="108.307"/>
  <testcase classname="com.timp.test.MDR.TaxasDeConversao.TaxasDeConversaoExcluirEmMassa" name="excluirEmMassa" time="27.683"/>
</testsuite> <!-- com.timp.test.MDR.TaxasDeConversao.TaxasDeConversaoExcluirEmMassa -->
