<?xml version="1.0" encoding="UTF-8"?>
<!-- Generated by org.testng.reporters.JUnitReportReporter -->
<testsuite hostname="LitoSoler" name="com.timp.test.MDR.Empresas.EmpresasVisualizar" tests="3" failures="0" timestamp="6 Jul 2020 23:04:11 GMT" time="18.838" errors="0">
  <testcase name="visualizar" time="6.253" classname="com.timp.test.MDR.Empresas.EmpresasVisualizar"/>
  <testcase name="login" time="5.770" classname="com.timp.test.MDR.Empresas.EmpresasVisualizar"/>
  <testcase name="acessarMDR" time="6.815" classname="com.timp.test.MDR.Empresas.EmpresasVisualizar"/>
</testsuite> <!-- com.timp.test.MDR.Empresas.EmpresasVisualizar -->
