<?xml version="1.0" encoding="UTF-8"?>
<!-- Generated by org.testng.reporters.JUnitReportReporter -->
<testsuite hostname="DESKTOP-M23FVFN" failures="0" tests="1" name="com.timp.test.BRE.RegrasdeAuditoriaN2.ParametrosGerais.RegrasDeAuditoriaN2CriarCaminhos" time="275.380" errors="0" timestamp="2022-08-25T15:48:13 CST" skipped="0">
  <testcase classname="com.timp.test.BRE.RegrasdeAuditoriaN2.ParametrosGerais.RegrasDeAuditoriaN2CriarCaminhos" name="criar" time="275.380"/>
  <system-out/>
</testsuite> <!-- com.timp.test.BRE.RegrasdeAuditoriaN2.ParametrosGerais.RegrasDeAuditoriaN2CriarCaminhos -->
