<?xml version="1.0" encoding="UTF-8"?>
<!-- Generated by org.testng.reporters.JUnitReportReporter -->
<testsuite hostname="DESKTOP-C57COV6" failures="0" tests="1" name="com.timp.test.BRB.AtivarComentario" time="160.879" errors="0" timestamp="01 nov. 2021 18:53:45 GMT" skipped="0">
  <testcase classname="com.timp.test.BRB.AtivarComentario" name="ativarComentarios" time="160.879"/>
</testsuite> <!-- com.timp.test.BRB.AtivarComentario -->
