<?xml version="1.0" encoding="UTF-8"?>
<!-- Generated by org.testng.reporters.JUnitReportReporter -->
<testsuite hostname="DESKTOP-5P4F1JE" failures="0" tests="3" name="com.timp.test.MDR.PrecoDeTransferencia.ValoresParaMetodosDeImportacao.ValoresParaMetodoPIC.ValoresParaMetodoPICDetalhes" time="90.866" errors="0" timestamp="15 Oct 2020 20:26:09 GMT">
  <testcase classname="com.timp.test.MDR.PrecoDeTransferencia.ValoresParaMetodosDeImportacao.ValoresParaMetodoPIC.ValoresParaMetodoPICDetalhes" name="Detalhes" time="52.221"/>
  <testcase classname="com.timp.test.MDR.PrecoDeTransferencia.ValoresParaMetodosDeImportacao.ValoresParaMetodoPIC.ValoresParaMetodoPICDetalhes" name="login" time="7.699"/>
  <testcase classname="com.timp.test.MDR.PrecoDeTransferencia.ValoresParaMetodosDeImportacao.ValoresParaMetodoPIC.ValoresParaMetodoPICDetalhes" name="acessarMDR" time="30.946"/>
</testsuite> <!-- com.timp.test.MDR.PrecoDeTransferencia.ValoresParaMetodosDeImportacao.ValoresParaMetodoPIC.ValoresParaMetodoPICDetalhes -->
