<?xml version="1.0" encoding="UTF-8"?>
<!-- Generated by org.testng.reporters.JUnitReportReporter -->
<testsuite hostname="LitoSoler" name="com.timp.test.MDR.Antecipacao.AntecipacaoVisualizar" tests="3" failures="0" timestamp="5 Aug 2020 18:04:10 GMT" time="112.941" errors="0">
  <testcase name="acessarMDR" time="32.752" classname="com.timp.test.MDR.Antecipacao.AntecipacaoVisualizar"/>
  <testcase name="visualizar" time="73.627" classname="com.timp.test.MDR.Antecipacao.AntecipacaoVisualizar"/>
  <testcase name="login" time="6.562" classname="com.timp.test.MDR.Antecipacao.AntecipacaoVisualizar"/>
</testsuite> <!-- com.timp.test.MDR.Antecipacao.AntecipacaoVisualizar -->
