<?xml version="1.0" encoding="UTF-8"?>
<!-- Generated by org.testng.reporters.JUnitReportReporter -->
<testsuite hostname="DESKTOP-5P4F1JE" failures="0" tests="3" name="com.timp.test.MDR.Siscoserv.NBS.NBSDetalhes" time="82.196" errors="0" timestamp="19 Oct 2020 20:36:48 GMT">
  <testcase classname="com.timp.test.MDR.Siscoserv.NBS.NBSDetalhes" name="login" time="7.448"/>
  <testcase classname="com.timp.test.MDR.Siscoserv.NBS.NBSDetalhes" name="detalhes" time="51.221"/>
  <testcase classname="com.timp.test.MDR.Siscoserv.NBS.NBSDetalhes" name="acessarMDR" time="23.527"/>
</testsuite> <!-- com.timp.test.MDR.Siscoserv.NBS.NBSDetalhes -->
