<?xml version="1.0" encoding="UTF-8"?>
<!-- Generated by org.testng.reporters.JUnitReportReporter -->
<testsuite hostname="DESKTOP-C57COV6" failures="0" tests="3" name="com.timp.test.TBD.Configuração.CamposChaves.CamposChavesExcluir" time="358.566" errors="0" timestamp="03 ago. 2021 01:45:43 GMT" skipped="0">
  <testcase classname="com.timp.test.TBD.Configuração.CamposChaves.CamposChavesExcluir" name="login" time="60.092"/>
  <testcase classname="com.timp.test.TBD.Configuração.CamposChaves.CamposChavesExcluir" name="excluir" time="52.441"/>
  <testcase classname="com.timp.test.TBD.Configuração.CamposChaves.CamposChavesExcluir" name="TBDEntrar" time="246.033"/>
</testsuite> <!-- com.timp.test.TBD.Configuração.CamposChaves.CamposChavesExcluir -->
