<?xml version="1.0" encoding="UTF-8"?>
<!-- Generated by org.testng.reporters.JUnitReportReporter -->
<testsuite hostname="LitoSoler" name="com.timp.test.MDR.CadastroCondiçao.CadasatroCondicaoVisualizar" tests="3" failures="0" timestamp="30 Jul 2020 14:26:04 GMT" time="53.734" errors="0">
  <testcase name="Visualizar" time="31.539" classname="com.timp.test.MDR.CadastroCondiçao.CadasatroCondicaoVisualizar"/>
  <testcase name="login" time="9.309" classname="com.timp.test.MDR.CadastroCondiçao.CadasatroCondicaoVisualizar"/>
  <testcase name="acessarMDR" time="12.886" classname="com.timp.test.MDR.CadastroCondiçao.CadasatroCondicaoVisualizar"/>
</testsuite> <!-- com.timp.test.MDR.CadastroCondiçao.CadasatroCondicaoVisualizar -->
