<?xml version="1.0" encoding="UTF-8"?>
<!-- Generated by org.testng.reporters.JUnitReportReporter -->
<testsuite hostname="DESKTOP-C57COV6" failures="0" tests="1" name="com.timp.test.TCC.BancoDeCreditoExtemporaneo.Executados.ExecutadosExcluir" time="135.428" errors="0" timestamp="18 nov. 2021 21:41:47 GMT" skipped="0">
  <testcase classname="com.timp.test.TCC.BancoDeCreditoExtemporaneo.Executados.ExecutadosExcluir" name="excluir" time="135.428"/>
</testsuite> <!-- com.timp.test.TCC.BancoDeCreditoExtemporaneo.Executados.ExecutadosExcluir -->
