<?xml version="1.0" encoding="UTF-8"?>
<!-- Generated by org.testng.reporters.JUnitReportReporter -->
<testsuite hostname="DESKTOP-BNBDMGT" failures="0" tests="3" name="com.timp.test.TDK.Kpis.KpisCriar" time="121.477" errors="0" timestamp="19 Jan 2021 13:34:27 GMT">
  <testcase classname="com.timp.test.TDK.Kpis.KpisCriar" name="criar" time="79.487"/>
  <testcase classname="com.timp.test.TDK.Kpis.KpisCriar" name="acessarTDK" time="32.344"/>
  <testcase classname="com.timp.test.TDK.Kpis.KpisCriar" name="login" time="9.646"/>
</testsuite> <!-- com.timp.test.TDK.Kpis.KpisCriar -->
