<?xml version="1.0" encoding="UTF-8"?>
<!-- Generated by org.testng.reporters.JUnitReportReporter -->
<testsuite hostname="DESKTOP-35UG9UP" name="com.timp.test.MDR.TabelasApoioSped.CodigoTipoCredito.ClassificaçaoDeContribuintesDoIPIFiltrosAvançados" tests="3" failures="0" timestamp="7 Aug 2020 18:53:46 GMT" time="53.377" errors="0">
  <testcase name="login" time="9.290" classname="com.timp.test.MDR.TabelasApoioSped.CodigoTipoCredito.ClassificaçaoDeContribuintesDoIPIFiltrosAvançados"/>
  <testcase name="acessarMDR" time="11.653" classname="com.timp.test.MDR.TabelasApoioSped.CodigoTipoCredito.ClassificaçaoDeContribuintesDoIPIFiltrosAvançados"/>
  <testcase name="filtros" time="32.434" classname="com.timp.test.MDR.TabelasApoioSped.CodigoTipoCredito.ClassificaçaoDeContribuintesDoIPIFiltrosAvançados"/>
</testsuite> <!-- com.timp.test.MDR.TabelasApoioSped.CodigoTipoCredito.ClassificaçaoDeContribuintesDoIPIFiltrosAvançados -->
