<?xml version="1.0" encoding="UTF-8"?>
<!-- Generated by org.testng.reporters.JUnitReportReporter -->
<testsuite hostname="DESKTOP-M23FVFN" failures="0" tests="1" name="com.timp.test.ATR.Arquivos.CarregamentoDeArquivos.CarregamentoDeArquivosFiltroPorID" time="85.668" errors="0" timestamp="21 ene. 2022 13:04:15 GMT" skipped="0">
  <testcase classname="com.timp.test.ATR.Arquivos.CarregamentoDeArquivos.CarregamentoDeArquivosFiltroPorID" name="filtro" time="85.668"/>
</testsuite> <!-- com.timp.test.ATR.Arquivos.CarregamentoDeArquivos.CarregamentoDeArquivosFiltroPorID -->
