<?xml version="1.0" encoding="UTF-8"?>
<!-- Generated by org.testng.reporters.JUnitReportReporter -->
<<<<<<< HEAD
<testsuite hostname="DESKTOP-C57COV6" failures="0" tests="1" name="com.timp.test.TCC.TransferenciaDeSaldosCredores.TransferenciaDeSaldosCredoresFiltrosAvancados" time="133.637" errors="0" timestamp="26 ago. 2021 21:35:31 GMT" skipped="0">
  <testcase classname="com.timp.test.TCC.TransferenciaDeSaldosCredores.TransferenciaDeSaldosCredoresFiltrosAvancados" name="filtrarAvanzados" time="133.637"/>
=======
<testsuite hostname="DESKTOP-JP1A9E6" failures="0" tests="1" name="com.timp.test.TCC.TransferenciaDeSaldosCredores.TransferenciaDeSaldosCredoresFiltrosAvancados" time="114.377" errors="0" timestamp="24 ago. 2021 05:47:57 GMT" skipped="0">
  <testcase classname="com.timp.test.TCC.TransferenciaDeSaldosCredores.TransferenciaDeSaldosCredoresFiltrosAvancados" name="filtrarAvanzados" time="114.377"/>
>>>>>>> branch 'Yessy' of https://github.com/salc1997/TIMP_R1.git
</testsuite> <!-- com.timp.test.TCC.TransferenciaDeSaldosCredores.TransferenciaDeSaldosCredoresFiltrosAvancados -->
