<?xml version="1.0" encoding="UTF-8"?>
<!-- Generated by org.testng.reporters.JUnitReportReporter -->
<testsuite hostname="LitoSoler" name="com.timp.test.BRB.NovoRelatorio" tests="4" failures="0" timestamp="11 Aug 2020 14:55:27 GMT" time="133.125" errors="0">
  <testcase name="colunas" time="60.842" classname="com.timp.test.BRB.NovoRelatorio"/>
  <testcase name="novoRelatorio" time="43.285" classname="com.timp.test.BRB.NovoRelatorio"/>
  <testcase name="login" time="11.103" classname="com.timp.test.BRB.NovoRelatorio"/>
  <testcase name="brbEntrar" time="17.895" classname="com.timp.test.BRB.NovoRelatorio"/>
</testsuite> <!-- com.timp.test.BRB.NovoRelatorio -->
