<?xml version="1.0" encoding="UTF-8"?>
<!-- Generated by org.testng.reporters.JUnitReportReporter -->
<testsuite hostname="LitoSoler" name="com.timp.test.BRE.RegrasDeMensagens.Edicao.RegrasDeMensagensSimular" tests="3" failures="0" timestamp="6 Jan 2021 08:15:20 GMT" time="125.079" errors="0">
  <testcase name="acessarBRE" time="15.391" classname="com.timp.test.BRE.RegrasDeMensagens.Edicao.RegrasDeMensagensSimular"/>
  <testcase name="login" time="6.224" classname="com.timp.test.BRE.RegrasDeMensagens.Edicao.RegrasDeMensagensSimular"/>
  <testcase name="editar" time="103.464" classname="com.timp.test.BRE.RegrasDeMensagens.Edicao.RegrasDeMensagensSimular"/>
</testsuite> <!-- com.timp.test.BRE.RegrasDeMensagens.Edicao.RegrasDeMensagensSimular -->
