<?xml version="1.0" encoding="UTF-8"?>
<!-- Generated by org.testng.reporters.JUnitReportReporter -->
<testsuite hostname="LitoSoler" name="com.timp.test.MDR.ParametrosContabilizacao.ContasDefaultParaExtemporaneo.ContasDefaultParaExtemporaneoEditar" tests="3" failures="0" timestamp="22 Dec 2020 13:44:23 GMT" time="106.327" errors="0">
  <testcase name="login" time="7.413" classname="com.timp.test.MDR.ParametrosContabilizacao.ContasDefaultParaExtemporaneo.ContasDefaultParaExtemporaneoEditar"/>
  <testcase name="acessarMDR" time="10.368" classname="com.timp.test.MDR.ParametrosContabilizacao.ContasDefaultParaExtemporaneo.ContasDefaultParaExtemporaneoEditar"/>
  <testcase name="editar" time="88.546" classname="com.timp.test.MDR.ParametrosContabilizacao.ContasDefaultParaExtemporaneo.ContasDefaultParaExtemporaneoEditar"/>
</testsuite> <!-- com.timp.test.MDR.ParametrosContabilizacao.ContasDefaultParaExtemporaneo.ContasDefaultParaExtemporaneoEditar -->
