<?xml version="1.0" encoding="UTF-8"?>
<!-- Generated by org.testng.reporters.JUnitReportReporter -->
<testsuite hostname="DESKTOP-JP1A9E6" failures="0" tests="1" name="com.timp.test.MDR.TabelasApoioESocial.Tabela14.AgenteCausadorDeAcidenteCriar" time="93.844" errors="0" timestamp="02 sep. 2021 21:15:04 GMT" skipped="0">
  <testcase classname="com.timp.test.MDR.TabelasApoioESocial.Tabela14.AgenteCausadorDeAcidenteCriar" name="criar" time="93.844"/>
</testsuite> <!-- com.timp.test.MDR.TabelasApoioESocial.Tabela14.AgenteCausadorDeAcidenteCriar -->
