<?xml version="1.0" encoding="UTF-8"?>
<!-- Generated by org.testng.reporters.JUnitReportReporter -->
<testsuite skipped="0" hostname="LitoSoler" name="com.timp.test.MDR.CadastroCondiçao.CadastroCondicaoCriar" tests="1" failures="0" timestamp="09 mar 2021 00:23:11 GMT" time="107.285" errors="0">
  <testcase name="criar" time="107.285" classname="com.timp.test.MDR.CadastroCondiçao.CadastroCondicaoCriar"/>
</testsuite> <!-- com.timp.test.MDR.CadastroCondiçao.CadastroCondicaoCriar -->
