<?xml version="1.0" encoding="UTF-8"?>
<!-- Generated by org.testng.reporters.JUnitReportReporter -->
<testsuite hostname="LitoSoler" name="com.timp.test.BRB.BRBAcessar" tests="2" failures="0" timestamp="27 Jul 2020 17:37:01 GMT" time="20.089" errors="0">
  <testcase name="login" time="5.781" classname="com.timp.test.BRB.BRBAcessar"/>
  <testcase name="brbEntrar" time="14.308" classname="com.timp.test.BRB.BRBAcessar"/>
</testsuite> <!-- com.timp.test.BRB.BRBAcessar -->
