<?xml version="1.0" encoding="UTF-8"?>
<!-- Generated by org.testng.reporters.JUnitReportReporter -->
<testsuite hostname="DESKTOP-C57COV6" failures="0" tests="1" name="com.timp.test.MDR.TabelasApoioSped.TiposDeUtilizacaoDosCreditosFiscais.TiposDeUtilizacaoDosCreditosFiscaisCriar" time="153.007" errors="0" timestamp="15 sep. 2021 18:24:45 GMT" skipped="0">
  <testcase classname="com.timp.test.MDR.TabelasApoioSped.TiposDeUtilizacaoDosCreditosFiscais.TiposDeUtilizacaoDosCreditosFiscaisCriar" name="criar" time="153.007"/>
</testsuite> <!-- com.timp.test.MDR.TabelasApoioSped.TiposDeUtilizacaoDosCreditosFiscais.TiposDeUtilizacaoDosCreditosFiscaisCriar -->
