<?xml version="1.0" encoding="UTF-8"?>
<!-- Generated by org.testng.reporters.JUnitReportReporter -->
<testsuite hostname="LAPTOP-IN7IV9K5" failures="0" tests="2" name="com.timp.test.MDR.CEP.Bairro.BairroExcluirMassa" time="193.677" errors="0" timestamp="24 abr. 2021 02:44:24 GMT" skipped="0">
  <testcase classname="com.timp.test.MDR.CEP.Bairro.BairroExcluirMassa" name="excluirMassa" time="57.885"/>
  <testcase classname="com.timp.test.MDR.CEP.Bairro.BairroExcluirMassa" name="criar" time="135.792"/>
</testsuite> <!-- com.timp.test.MDR.CEP.Bairro.BairroExcluirMassa -->
