<?xml version="1.0" encoding="UTF-8"?>
<!-- Generated by org.testng.reporters.JUnitReportReporter -->
<testsuite hostname="DESKTOP-5P4F1JE" failures="0" tests="3" name="com.timp.test.MDR.Siscoserv.RegistroRP.RegistroRPEditar" time="106.495" errors="0" timestamp="22 Oct 2020 20:52:06 GMT">
  <testcase classname="com.timp.test.MDR.Siscoserv.RegistroRP.RegistroRPEditar" name="editar" time="87.577"/>
  <testcase classname="com.timp.test.MDR.Siscoserv.RegistroRP.RegistroRPEditar" name="acessarMDR" time="10.401"/>
  <testcase classname="com.timp.test.MDR.Siscoserv.RegistroRP.RegistroRPEditar" name="login" time="8.517"/>
</testsuite> <!-- com.timp.test.MDR.Siscoserv.RegistroRP.RegistroRPEditar -->
