<?xml version="1.0" encoding="UTF-8"?>
<!-- Generated by org.testng.reporters.JUnitReportReporter -->
<testsuite hostname="DESKTOP-BNBDMGT" failures="0" tests="3" name="com.timp.test.CALENDAR.ParametrosGerais.CalendarioDeUsuarios" time="69.844" errors="0" timestamp="30 mar. 2021 13:47:30 GMT" skipped="0">
  <testcase classname="com.timp.test.CALENDAR.ParametrosGerais.CalendarioDeUsuarios" name="login" time="6.893"/>
  <testcase classname="com.timp.test.CALENDAR.ParametrosGerais.CalendarioDeUsuarios" name="acessarCalendar" time="44.743"/>
  <testcase classname="com.timp.test.CALENDAR.ParametrosGerais.CalendarioDeUsuarios" name="CalendarEntrar" time="18.208"/>
</testsuite> <!-- com.timp.test.CALENDAR.ParametrosGerais.CalendarioDeUsuarios -->
