<?xml version="1.0" encoding="UTF-8"?>
<!-- Generated by org.testng.reporters.JUnitReportReporter -->
<testsuite hostname="DESKTOP-C57COV6" failures="0" tests="1" name="com.timp.test.MDR.Empresas.EmpresasVisualizar" time="106.887" errors="0" timestamp="29 jul. 2021 08:34:19 GMT" skipped="0">
  <testcase classname="com.timp.test.MDR.Empresas.EmpresasVisualizar" name="visualizar" time="106.887"/>
</testsuite> <!-- com.timp.test.MDR.Empresas.EmpresasVisualizar -->
