<?xml version="1.0" encoding="UTF-8"?>
<!-- Generated by org.testng.reporters.JUnitReportReporter -->
<testsuite hostname="DESKTOP-C57COV6" failures="0" tests="1" name="com.timp.test.MDR.Siscoserv.RegistroRF.RegistroRFFiltroPorID" time="125.231" errors="0" timestamp="02 sep. 2021 22:15:14 GMT" skipped="0">
  <testcase classname="com.timp.test.MDR.Siscoserv.RegistroRF.RegistroRFFiltroPorID" name="filtro" time="125.231"/>
</testsuite> <!-- com.timp.test.MDR.Siscoserv.RegistroRF.RegistroRFFiltroPorID -->
