<?xml version="1.0" encoding="UTF-8"?>
<!-- Generated by org.testng.reporters.JUnitReportReporter -->
<testsuite hostname="LitoSoler" name="com.timp.test.MDR.CodigoReceita.CodigoReceitaVisualizar" tests="3" failures="0" timestamp="26 Aug 2020 23:41:00 GMT" time="125.109" errors="0">
  <testcase name="login" time="8.759" classname="com.timp.test.MDR.CodigoReceita.CodigoReceitaVisualizar"/>
  <testcase name="acessarMDR" time="33.062" classname="com.timp.test.MDR.CodigoReceita.CodigoReceitaVisualizar"/>
  <testcase name="criar" time="83.288" classname="com.timp.test.MDR.CodigoReceita.CodigoReceitaVisualizar"/>
</testsuite> <!-- com.timp.test.MDR.CodigoReceita.CodigoReceitaVisualizar -->
