<?xml version="1.0" encoding="UTF-8"?>
<<<<<<< HEAD
=======
<<<<<<< HEAD
<<<<<<< HEAD
>>>>>>> refs/remotes/origin/master
<!-- Generated by org.testng.reporters.JUnitReportReporter -->
<<<<<<< HEAD
<testsuite hostname="LitoSoler" name="com.timp.test.SCANC.RelatoriosRefineriaGerados.RelatorioRefinariaGeradosManutencaoCriarLancamentoVisualizacaoAnexo" tests="3" failures="0" timestamp="22 Dec 2020 22:33:32 GMT" time="229.526" errors="0">
  <testcase name="manutencaoCriarLancamentoVisualizacaoAnexo" time="191.647" classname="com.timp.test.SCANC.RelatoriosRefineriaGerados.RelatorioRefinariaGeradosManutencaoCriarLancamentoVisualizacaoAnexo"/>
  <testcase name="ingresar" time="7.962" classname="com.timp.test.SCANC.RelatoriosRefineriaGerados.RelatorioRefinariaGeradosManutencaoCriarLancamentoVisualizacaoAnexo"/>
  <testcase name="scancEntrar" time="29.917" classname="com.timp.test.SCANC.RelatoriosRefineriaGerados.RelatorioRefinariaGeradosManutencaoCriarLancamentoVisualizacaoAnexo"/>
=======
<testsuite hostname="LitoSoler" name="com.timp.test.SCANC.RelatoriosRefineriaGerados.RelatorioRefinariaGeradosManutencaoCriarLancamentoVisualizacaoAnexo" tests="3" failures="1" timestamp="16 Dec 2020 16:47:48 GMT" time="133.199" errors="0">
  <testcase name="scancEntrar" time="36.063" classname="com.timp.test.SCANC.RelatoriosRefineriaGerados.RelatorioRefinariaGeradosManutencaoCriarLancamentoVisualizacaoAnexo"/>
  <testcase name="manutencaoCriarLancamentoVisualizacaoAnexo" time="85.837" classname="com.timp.test.SCANC.RelatoriosRefineriaGerados.RelatorioRefinariaGeradosManutencaoCriarLancamentoVisualizacaoAnexo">
    <failure type="org.openqa.selenium.ElementClickInterceptedException" message="element click intercepted: Element &lt;span&gt;...&lt;/span&gt; is not clickable at point (132, 563). Other element would receive the click: &lt;div class=&quot;main-footer&quot;&gt;...&lt;/div&gt;
  (Session info: chrome=83.0.4103.106)
Build info: version: &#039;3.141.59&#039;, revision: &#039;e82be7d358&#039;, time: &#039;2018-11-14T08:17:03&#039;
System info: host: &#039;LITOSOLER&#039;, ip: &#039;192.168.0.9&#039;, os.name: &#039;Windows 10&#039;, os.arch: &#039;amd64&#039;, os.version: &#039;10.0&#039;, java.version: &#039;1.8.0_251&#039;
Driver info: org.openqa.selenium.chrome.ChromeDriver
Capabilities {acceptInsecureCerts: false, browserName: chrome, browserVersion: 83.0.4103.106, chrome: {chromedriverVersion: 83.0.4103.39 (ccbf011cb2d2b..., userDataDir: C:\Users\AGILES~1\AppData\L...}, goog:chromeOptions: {debuggerAddress: localhost:55015}, javascriptEnabled: true, networkConnectionEnabled: false, pageLoadStrategy: normal, platform: WINDOWS, platformName: WINDOWS, proxy: Proxy(), setWindowRect: true, strictFileInteractability: false, timeouts: {implicit: 0, pageLoad: 300000, script: 30000}, unhandledPromptBehavior: dismiss and notify, webauthn:virtualAuthenticators: true}
Session ID: 55012e4471c50e60b4b92cbdee52f491">
      <![CDATA[org.openqa.selenium.ElementClickInterceptedException: element click intercepted: Element <span>...</span> is not clickable at point (132, 563). Other element would receive the click: <div class="main-footer">...</div>
  (Session info: chrome=83.0.4103.106)
Build info: version: '3.141.59', revision: 'e82be7d358', time: '2018-11-14T08:17:03'
System info: host: 'LITOSOLER', ip: '192.168.0.9', os.name: 'Windows 10', os.arch: 'amd64', os.version: '10.0', java.version: '1.8.0_251'
Driver info: org.openqa.selenium.chrome.ChromeDriver
Capabilities {acceptInsecureCerts: false, browserName: chrome, browserVersion: 83.0.4103.106, chrome: {chromedriverVersion: 83.0.4103.39 (ccbf011cb2d2b..., userDataDir: C:\Users\AGILES~1\AppData\L...}, goog:chromeOptions: {debuggerAddress: localhost:55015}, javascriptEnabled: true, networkConnectionEnabled: false, pageLoadStrategy: normal, platform: WINDOWS, platformName: WINDOWS, proxy: Proxy(), setWindowRect: true, strictFileInteractability: false, timeouts: {implicit: 0, pageLoad: 300000, script: 30000}, unhandledPromptBehavior: dismiss and notify, webauthn:virtualAuthenticators: true}
Session ID: 55012e4471c50e60b4b92cbdee52f491
	at sun.reflect.NativeConstructorAccessorImpl.newInstance0(Native Method)
	at sun.reflect.NativeConstructorAccessorImpl.newInstance(Unknown Source)
	at sun.reflect.DelegatingConstructorAccessorImpl.newInstance(Unknown Source)
	at java.lang.reflect.Constructor.newInstance(Unknown Source)
	at org.openqa.selenium.remote.http.W3CHttpResponseCodec.createException(W3CHttpResponseCodec.java:187)
	at org.openqa.selenium.remote.http.W3CHttpResponseCodec.decode(W3CHttpResponseCodec.java:122)
	at org.openqa.selenium.remote.http.W3CHttpResponseCodec.decode(W3CHttpResponseCodec.java:49)
	at org.openqa.selenium.remote.HttpCommandExecutor.execute(HttpCommandExecutor.java:158)
	at org.openqa.selenium.remote.service.DriverCommandExecutor.execute(DriverCommandExecutor.java:83)
	at org.openqa.selenium.remote.RemoteWebDriver.execute(RemoteWebDriver.java:552)
	at org.openqa.selenium.remote.RemoteWebElement.execute(RemoteWebElement.java:285)
	at org.openqa.selenium.remote.RemoteWebElement.click(RemoteWebElement.java:84)
	at sun.reflect.GeneratedMethodAccessor1.invoke(Unknown Source)
	at sun.reflect.DelegatingMethodAccessorImpl.invoke(Unknown Source)
	at java.lang.reflect.Method.invoke(Unknown Source)
	at org.openqa.selenium.support.pagefactory.internal.LocatingElementHandler.invoke(LocatingElementHandler.java:51)
	at com.sun.proxy.$Proxy9.click(Unknown Source)
	at com.sap.timp.pageObjectModel.SCANC.RelatoriosRefineriaGerados.RelatorioRefinariaGeradosManutencaoCriarLancamentoVisualizacaoAnexoPO.llenarDatosTQ1(RelatorioRefinariaGeradosManutencaoCriarLancamentoVisualizacaoAnexoPO.java:302)
	at com.sap.timp.pageObjectModel.SCANC.RelatoriosRefineriaGerados.RelatorioRefinariaGeradosManutencaoCriarLancamentoVisualizacaoAnexoPO.manutencaoCriarLancamentoVisualizacaoAnexo(RelatorioRefinariaGeradosManutencaoCriarLancamentoVisualizacaoAnexoPO.java:788)
	at com.timp.test.SCANC.RelatoriosRefineriaGerados.RelatorioRefinariaGeradosManutencaoCriarLancamentoVisualizacaoAnexo.manutencaoCriarLancamentoVisualizacaoAnexo(RelatorioRefinariaGeradosManutencaoCriarLancamentoVisualizacaoAnexo.java:46)
	at sun.reflect.NativeMethodAccessorImpl.invoke0(Native Method)
	at sun.reflect.NativeMethodAccessorImpl.invoke(Unknown Source)
	at sun.reflect.DelegatingMethodAccessorImpl.invoke(Unknown Source)
	at java.lang.reflect.Method.invoke(Unknown Source)
	at org.testng.internal.MethodInvocationHelper.invokeMethod(MethodInvocationHelper.java:80)
	at org.testng.internal.Invoker.invokeMethod(Invoker.java:714)
	at org.testng.internal.Invoker.invokeTestMethod(Invoker.java:901)
	at org.testng.internal.Invoker.invokeTestMethods(Invoker.java:1231)
	at org.testng.internal.TestMethodWorker.invokeTestMethods(TestMethodWorker.java:127)
	at org.testng.internal.TestMethodWorker.run(TestMethodWorker.java:111)
	at org.testng.TestRunner.privateRun(TestRunner.java:767)
	at org.testng.TestRunner.run(TestRunner.java:617)
	at org.testng.SuiteRunner.runTest(SuiteRunner.java:334)
	at org.testng.SuiteRunner.runSequentially(SuiteRunner.java:329)
	at org.testng.SuiteRunner.privateRun(SuiteRunner.java:291)
	at org.testng.SuiteRunner.run(SuiteRunner.java:240)
	at org.testng.SuiteRunnerWorker.runSuite(SuiteRunnerWorker.java:52)
	at org.testng.SuiteRunnerWorker.run(SuiteRunnerWorker.java:86)
	at org.testng.TestNG.runSuitesSequentially(TestNG.java:1198)
	at org.testng.TestNG.runSuitesLocally(TestNG.java:1123)
	at org.testng.TestNG.run(TestNG.java:1031)
	at org.testng.remote.AbstractRemoteTestNG.run(AbstractRemoteTestNG.java:115)
	at org.testng.remote.RemoteTestNG.initAndRun(RemoteTestNG.java:251)
	at org.testng.remote.RemoteTestNG.main(RemoteTestNG.java:77)
]]>
    </failure>
  </testcase> <!-- manutencaoCriarLancamentoVisualizacaoAnexo -->
  <testcase name="ingresar" time="11.299" classname="com.timp.test.SCANC.RelatoriosRefineriaGerados.RelatorioRefinariaGeradosManutencaoCriarLancamentoVisualizacaoAnexo"/>
=======
<<<<<<< HEAD
=======
<<<<<<< HEAD
<<<<<<< HEAD
=======
<<<<<<< HEAD
<!-- Generated by org.testng.reporters.JUnitReportReporter -->
<testsuite hostname="MIGUEL" failures="0" tests="3" name="com.timp.test.SCANC.RelatoriosRefineriaGerados.RelatorioRefinariaGeradosManutencaoCriarLancamentoVisualizacaoAnexo" time="210.917" errors="0" timestamp="18 Dec 2020 16:04:55 GMT">
  <testcase classname="com.timp.test.SCANC.RelatoriosRefineriaGerados.RelatorioRefinariaGeradosManutencaoCriarLancamentoVisualizacaoAnexo" name="ingresar" time="8.622"/>
  <testcase classname="com.timp.test.SCANC.RelatoriosRefineriaGerados.RelatorioRefinariaGeradosManutencaoCriarLancamentoVisualizacaoAnexo" name="scancEntrar" time="27.868"/>
  <testcase classname="com.timp.test.SCANC.RelatoriosRefineriaGerados.RelatorioRefinariaGeradosManutencaoCriarLancamentoVisualizacaoAnexo" name="manutencaoCriarLancamentoVisualizacaoAnexo" time="174.427"/>
=======
>>>>>>> branch 'master' of https://github.com/salc1997/TIMP_R1.git
=======
>>>>>>> refs/remotes/origin/Eliel
>>>>>>> branch 'master' of https://github.com/salc1997/TIMP_R1.git
<!-- Generated by org.testng.reporters.JUnitReportReporter -->
<testsuite hostname="MIGUEL" failures="0" tests="3" name="com.timp.test.SCANC.RelatoriosRefineriaGerados.RelatorioRefinariaGeradosManutencaoCriarLancamentoVisualizacaoAnexo" time="215.988" errors="0" timestamp="2 Dec 2020 20:42:52 GMT">
  <testcase classname="com.timp.test.SCANC.RelatoriosRefineriaGerados.RelatorioRefinariaGeradosManutencaoCriarLancamentoVisualizacaoAnexo" name="ingresar" time="8.484"/>
  <testcase classname="com.timp.test.SCANC.RelatoriosRefineriaGerados.RelatorioRefinariaGeradosManutencaoCriarLancamentoVisualizacaoAnexo" name="scancEntrar" time="29.746"/>
  <testcase classname="com.timp.test.SCANC.RelatoriosRefineriaGerados.RelatorioRefinariaGeradosManutencaoCriarLancamentoVisualizacaoAnexo" name="criarCampoDeSaida" time="177.758"/>
>>>>>>> refs/heads/Yessy
>>>>>>> refs/remotes/origin/master
=======
<!-- Generated by org.testng.reporters.JUnitReportReporter -->
<testsuite hostname="MIGUEL" failures="3" tests="3" name="com.timp.test.SCANC.RelatoriosRefineriaGerados.RelatorioRefinariaGeradosManutencaoCriarLancamentoVisualizacaoAnexo" time="0.005" errors="0" timestamp="18 Dec 2020 16:24:57 GMT">
  <testcase classname="com.timp.test.SCANC.RelatoriosRefineriaGerados.RelatorioRefinariaGeradosManutencaoCriarLancamentoVisualizacaoAnexo" name="scancEntrar" time="0.002">
    <failure message="session not created
from chrome not reachable
  (Session info: chrome=83.0.4103.106)
Build info: version: &#039;3.141.59&#039;, revision: &#039;e82be7d358&#039;, time: &#039;2018-11-14T08:17:03&#039;
System info: host: &#039;MIGUEL&#039;, ip: &#039;192.168.0.13&#039;, os.name: &#039;Windows 10&#039;, os.arch: &#039;amd64&#039;, os.version: &#039;10.0&#039;, java.version: &#039;14.0.2&#039;
Driver info: driver.version: ChromeDriver
remote stacktrace: Backtrace:
	Ordinal0 [0x00B79563+2725219]
	Ordinal0 [0x00A78551+1672529]
	Ordinal0 [0x00960202+524802]
	Ordinal0 [0x009599B2+498098]
	Ordinal0 [0x0095A09B+499867]
	Ordinal0 [0x0095AFF5+503797]
	Ordinal0 [0x00956994+485780]
	Ordinal0 [0x00960FF0+528368]
	Ordinal0 [0x0090D6C9+186057]
	Ordinal0 [0x0090CA3D+182845]
	Ordinal0 [0x0090A94B+174411]
	Ordinal0 [0x008F2528+75048]
	Ordinal0 [0x008F35A0+79264]
	Ordinal0 [0x008F3539+79161]
	Ordinal0 [0x00A8D607+1758727]
	GetHandleVerifier [0x00C96546+1050150]
	GetHandleVerifier [0x00C96291+1049457]
	GetHandleVerifier [0x00CA10D7+1094071]
	GetHandleVerifier [0x00C96B46+1051686]
	Ordinal0 [0x00A85B06+1727238]
	Ordinal0 [0x00A8EB7B+1764219]
	Ordinal0 [0x00A8ECE3+1764579]
	Ordinal0 [0x00AA4C05+1854469]
	BaseThreadInitThunk [0x75786359+25]
	RtlGetAppContainerNamedObjectPath [0x77E98944+228]
	RtlGetAppContainerNamedObjectPath [0x77E98914+180]
" type="org.openqa.selenium.SessionNotCreatedException">
      <![CDATA[org.openqa.selenium.SessionNotCreatedException: session not created
from chrome not reachable
  (Session info: chrome=83.0.4103.106)
Build info: version: '3.141.59', revision: 'e82be7d358', time: '2018-11-14T08:17:03'
System info: host: 'MIGUEL', ip: '192.168.0.13', os.name: 'Windows 10', os.arch: 'amd64', os.version: '10.0', java.version: '14.0.2'
Driver info: driver.version: ChromeDriver
remote stacktrace: Backtrace:
	Ordinal0 [0x00B79563+2725219]
	Ordinal0 [0x00A78551+1672529]
	Ordinal0 [0x00960202+524802]
	Ordinal0 [0x009599B2+498098]
	Ordinal0 [0x0095A09B+499867]
	Ordinal0 [0x0095AFF5+503797]
	Ordinal0 [0x00956994+485780]
	Ordinal0 [0x00960FF0+528368]
	Ordinal0 [0x0090D6C9+186057]
	Ordinal0 [0x0090CA3D+182845]
	Ordinal0 [0x0090A94B+174411]
	Ordinal0 [0x008F2528+75048]
	Ordinal0 [0x008F35A0+79264]
	Ordinal0 [0x008F3539+79161]
	Ordinal0 [0x00A8D607+1758727]
	GetHandleVerifier [0x00C96546+1050150]
	GetHandleVerifier [0x00C96291+1049457]
	GetHandleVerifier [0x00CA10D7+1094071]
	GetHandleVerifier [0x00C96B46+1051686]
	Ordinal0 [0x00A85B06+1727238]
	Ordinal0 [0x00A8EB7B+1764219]
	Ordinal0 [0x00A8ECE3+1764579]
	Ordinal0 [0x00AA4C05+1854469]
	BaseThreadInitThunk [0x75786359+25]
	RtlGetAppContainerNamedObjectPath [0x77E98944+228]
	RtlGetAppContainerNamedObjectPath [0x77E98914+180]

	at java.base/jdk.internal.reflect.NativeConstructorAccessorImpl.newInstance0(Native Method)
	at java.base/jdk.internal.reflect.NativeConstructorAccessorImpl.newInstance(NativeConstructorAccessorImpl.java:62)
	at java.base/jdk.internal.reflect.DelegatingConstructorAccessorImpl.newInstance(DelegatingConstructorAccessorImpl.java:45)
	at java.base/java.lang.reflect.Constructor.newInstanceWithCaller(Constructor.java:500)
	at java.base/java.lang.reflect.Constructor.newInstance(Constructor.java:481)
	at org.openqa.selenium.remote.W3CHandshakeResponse.lambda$errorHandler$0(W3CHandshakeResponse.java:62)
	at org.openqa.selenium.remote.HandshakeResponse.lambda$getResponseFunction$0(HandshakeResponse.java:30)
	at org.openqa.selenium.remote.ProtocolHandshake.lambda$createSession$0(ProtocolHandshake.java:126)
	at java.base/java.util.stream.ReferencePipeline$3$1.accept(ReferencePipeline.java:195)
	at java.base/java.util.Spliterators$ArraySpliterator.tryAdvance(Spliterators.java:958)
	at java.base/java.util.stream.ReferencePipeline.forEachWithCancel(ReferencePipeline.java:127)
	at java.base/java.util.stream.AbstractPipeline.copyIntoWithCancel(AbstractPipeline.java:502)
	at java.base/java.util.stream.AbstractPipeline.copyInto(AbstractPipeline.java:488)
	at java.base/java.util.stream.AbstractPipeline.wrapAndCopyInto(AbstractPipeline.java:474)
	at java.base/java.util.stream.FindOps$FindOp.evaluateSequential(FindOps.java:150)
	at java.base/java.util.stream.AbstractPipeline.evaluate(AbstractPipeline.java:234)
	at java.base/java.util.stream.ReferencePipeline.findFirst(ReferencePipeline.java:543)
	at org.openqa.selenium.remote.ProtocolHandshake.createSession(ProtocolHandshake.java:128)
	at org.openqa.selenium.remote.ProtocolHandshake.createSession(ProtocolHandshake.java:74)
	at org.openqa.selenium.remote.HttpCommandExecutor.execute(HttpCommandExecutor.java:136)
	at org.openqa.selenium.remote.service.DriverCommandExecutor.execute(DriverCommandExecutor.java:83)
	at org.openqa.selenium.remote.RemoteWebDriver.execute(RemoteWebDriver.java:552)
	at org.openqa.selenium.remote.RemoteWebDriver.startSession(RemoteWebDriver.java:213)
	at org.openqa.selenium.remote.RemoteWebDriver.<init>(RemoteWebDriver.java:131)
	at org.openqa.selenium.chrome.ChromeDriver.<init>(ChromeDriver.java:181)
	at org.openqa.selenium.chrome.ChromeDriver.<init>(ChromeDriver.java:168)
	at org.openqa.selenium.chrome.ChromeDriver.<init>(ChromeDriver.java:157)
	at com.sap.timp.base.TestBaseFernando.initializationF(TestBaseFernando.java:28)
	at com.timp.test.SCANC.RelatoriosRefineriaGerados.RelatorioRefinariaGeradosManutencaoCriarLancamentoVisualizacaoAnexo.beforeClass(RelatorioRefinariaGeradosManutencaoCriarLancamentoVisualizacaoAnexo.java:23)
	at java.base/jdk.internal.reflect.NativeMethodAccessorImpl.invoke0(Native Method)
	at java.base/jdk.internal.reflect.NativeMethodAccessorImpl.invoke(NativeMethodAccessorImpl.java:62)
	at java.base/jdk.internal.reflect.DelegatingMethodAccessorImpl.invoke(DelegatingMethodAccessorImpl.java:43)
	at java.base/java.lang.reflect.Method.invoke(Method.java:564)
	at org.testng.internal.MethodInvocationHelper.invokeMethod(MethodInvocationHelper.java:80)
	at org.testng.internal.Invoker.invokeConfigurationMethod(Invoker.java:564)
	at org.testng.internal.Invoker.invokeConfigurations(Invoker.java:213)
	at org.testng.internal.Invoker.invokeConfigurations(Invoker.java:138)
	at org.testng.internal.TestMethodWorker.invokeBeforeClassMethods(TestMethodWorker.java:175)
	at org.testng.internal.TestMethodWorker.run(TestMethodWorker.java:107)
	at org.testng.TestRunner.privateRun(TestRunner.java:767)
	at org.testng.TestRunner.run(TestRunner.java:617)
	at org.testng.SuiteRunner.runTest(SuiteRunner.java:334)
	at org.testng.SuiteRunner.runSequentially(SuiteRunner.java:329)
	at org.testng.SuiteRunner.privateRun(SuiteRunner.java:291)
	at org.testng.SuiteRunner.run(SuiteRunner.java:240)
	at org.testng.SuiteRunnerWorker.runSuite(SuiteRunnerWorker.java:52)
	at org.testng.SuiteRunnerWorker.run(SuiteRunnerWorker.java:86)
	at org.testng.TestNG.runSuitesSequentially(TestNG.java:1198)
	at org.testng.TestNG.runSuitesLocally(TestNG.java:1123)
	at org.testng.TestNG.run(TestNG.java:1031)
	at org.testng.remote.AbstractRemoteTestNG.run(AbstractRemoteTestNG.java:115)
	at org.testng.remote.RemoteTestNG.initAndRun(RemoteTestNG.java:251)
	at org.testng.remote.RemoteTestNG.main(RemoteTestNG.java:77)
]]>
    </failure>
  </testcase> <!-- scancEntrar -->
  <testcase classname="com.timp.test.SCANC.RelatoriosRefineriaGerados.RelatorioRefinariaGeradosManutencaoCriarLancamentoVisualizacaoAnexo" name="ingresar" time="0.002">
    <failure message="session not created
from chrome not reachable
  (Session info: chrome=83.0.4103.106)
Build info: version: &#039;3.141.59&#039;, revision: &#039;e82be7d358&#039;, time: &#039;2018-11-14T08:17:03&#039;
System info: host: &#039;MIGUEL&#039;, ip: &#039;192.168.0.13&#039;, os.name: &#039;Windows 10&#039;, os.arch: &#039;amd64&#039;, os.version: &#039;10.0&#039;, java.version: &#039;14.0.2&#039;
Driver info: driver.version: ChromeDriver
remote stacktrace: Backtrace:
	Ordinal0 [0x00B79563+2725219]
	Ordinal0 [0x00A78551+1672529]
	Ordinal0 [0x00960202+524802]
	Ordinal0 [0x009599B2+498098]
	Ordinal0 [0x0095A09B+499867]
	Ordinal0 [0x0095AFF5+503797]
	Ordinal0 [0x00956994+485780]
	Ordinal0 [0x00960FF0+528368]
	Ordinal0 [0x0090D6C9+186057]
	Ordinal0 [0x0090CA3D+182845]
	Ordinal0 [0x0090A94B+174411]
	Ordinal0 [0x008F2528+75048]
	Ordinal0 [0x008F35A0+79264]
	Ordinal0 [0x008F3539+79161]
	Ordinal0 [0x00A8D607+1758727]
	GetHandleVerifier [0x00C96546+1050150]
	GetHandleVerifier [0x00C96291+1049457]
	GetHandleVerifier [0x00CA10D7+1094071]
	GetHandleVerifier [0x00C96B46+1051686]
	Ordinal0 [0x00A85B06+1727238]
	Ordinal0 [0x00A8EB7B+1764219]
	Ordinal0 [0x00A8ECE3+1764579]
	Ordinal0 [0x00AA4C05+1854469]
	BaseThreadInitThunk [0x75786359+25]
	RtlGetAppContainerNamedObjectPath [0x77E98944+228]
	RtlGetAppContainerNamedObjectPath [0x77E98914+180]
" type="org.openqa.selenium.SessionNotCreatedException">
      <![CDATA[org.openqa.selenium.SessionNotCreatedException: session not created
from chrome not reachable
  (Session info: chrome=83.0.4103.106)
Build info: version: '3.141.59', revision: 'e82be7d358', time: '2018-11-14T08:17:03'
System info: host: 'MIGUEL', ip: '192.168.0.13', os.name: 'Windows 10', os.arch: 'amd64', os.version: '10.0', java.version: '14.0.2'
Driver info: driver.version: ChromeDriver
remote stacktrace: Backtrace:
	Ordinal0 [0x00B79563+2725219]
	Ordinal0 [0x00A78551+1672529]
	Ordinal0 [0x00960202+524802]
	Ordinal0 [0x009599B2+498098]
	Ordinal0 [0x0095A09B+499867]
	Ordinal0 [0x0095AFF5+503797]
	Ordinal0 [0x00956994+485780]
	Ordinal0 [0x00960FF0+528368]
	Ordinal0 [0x0090D6C9+186057]
	Ordinal0 [0x0090CA3D+182845]
	Ordinal0 [0x0090A94B+174411]
	Ordinal0 [0x008F2528+75048]
	Ordinal0 [0x008F35A0+79264]
	Ordinal0 [0x008F3539+79161]
	Ordinal0 [0x00A8D607+1758727]
	GetHandleVerifier [0x00C96546+1050150]
	GetHandleVerifier [0x00C96291+1049457]
	GetHandleVerifier [0x00CA10D7+1094071]
	GetHandleVerifier [0x00C96B46+1051686]
	Ordinal0 [0x00A85B06+1727238]
	Ordinal0 [0x00A8EB7B+1764219]
	Ordinal0 [0x00A8ECE3+1764579]
	Ordinal0 [0x00AA4C05+1854469]
	BaseThreadInitThunk [0x75786359+25]
	RtlGetAppContainerNamedObjectPath [0x77E98944+228]
	RtlGetAppContainerNamedObjectPath [0x77E98914+180]

	at java.base/jdk.internal.reflect.NativeConstructorAccessorImpl.newInstance0(Native Method)
	at java.base/jdk.internal.reflect.NativeConstructorAccessorImpl.newInstance(NativeConstructorAccessorImpl.java:62)
	at java.base/jdk.internal.reflect.DelegatingConstructorAccessorImpl.newInstance(DelegatingConstructorAccessorImpl.java:45)
	at java.base/java.lang.reflect.Constructor.newInstanceWithCaller(Constructor.java:500)
	at java.base/java.lang.reflect.Constructor.newInstance(Constructor.java:481)
	at org.openqa.selenium.remote.W3CHandshakeResponse.lambda$errorHandler$0(W3CHandshakeResponse.java:62)
	at org.openqa.selenium.remote.HandshakeResponse.lambda$getResponseFunction$0(HandshakeResponse.java:30)
	at org.openqa.selenium.remote.ProtocolHandshake.lambda$createSession$0(ProtocolHandshake.java:126)
	at java.base/java.util.stream.ReferencePipeline$3$1.accept(ReferencePipeline.java:195)
	at java.base/java.util.Spliterators$ArraySpliterator.tryAdvance(Spliterators.java:958)
	at java.base/java.util.stream.ReferencePipeline.forEachWithCancel(ReferencePipeline.java:127)
	at java.base/java.util.stream.AbstractPipeline.copyIntoWithCancel(AbstractPipeline.java:502)
	at java.base/java.util.stream.AbstractPipeline.copyInto(AbstractPipeline.java:488)
	at java.base/java.util.stream.AbstractPipeline.wrapAndCopyInto(AbstractPipeline.java:474)
	at java.base/java.util.stream.FindOps$FindOp.evaluateSequential(FindOps.java:150)
	at java.base/java.util.stream.AbstractPipeline.evaluate(AbstractPipeline.java:234)
	at java.base/java.util.stream.ReferencePipeline.findFirst(ReferencePipeline.java:543)
	at org.openqa.selenium.remote.ProtocolHandshake.createSession(ProtocolHandshake.java:128)
	at org.openqa.selenium.remote.ProtocolHandshake.createSession(ProtocolHandshake.java:74)
	at org.openqa.selenium.remote.HttpCommandExecutor.execute(HttpCommandExecutor.java:136)
	at org.openqa.selenium.remote.service.DriverCommandExecutor.execute(DriverCommandExecutor.java:83)
	at org.openqa.selenium.remote.RemoteWebDriver.execute(RemoteWebDriver.java:552)
	at org.openqa.selenium.remote.RemoteWebDriver.startSession(RemoteWebDriver.java:213)
	at org.openqa.selenium.remote.RemoteWebDriver.<init>(RemoteWebDriver.java:131)
	at org.openqa.selenium.chrome.ChromeDriver.<init>(ChromeDriver.java:181)
	at org.openqa.selenium.chrome.ChromeDriver.<init>(ChromeDriver.java:168)
	at org.openqa.selenium.chrome.ChromeDriver.<init>(ChromeDriver.java:157)
	at com.sap.timp.base.TestBaseFernando.initializationF(TestBaseFernando.java:28)
	at com.timp.test.SCANC.RelatoriosRefineriaGerados.RelatorioRefinariaGeradosManutencaoCriarLancamentoVisualizacaoAnexo.beforeClass(RelatorioRefinariaGeradosManutencaoCriarLancamentoVisualizacaoAnexo.java:23)
	at java.base/jdk.internal.reflect.NativeMethodAccessorImpl.invoke0(Native Method)
	at java.base/jdk.internal.reflect.NativeMethodAccessorImpl.invoke(NativeMethodAccessorImpl.java:62)
	at java.base/jdk.internal.reflect.DelegatingMethodAccessorImpl.invoke(DelegatingMethodAccessorImpl.java:43)
	at java.base/java.lang.reflect.Method.invoke(Method.java:564)
	at org.testng.internal.MethodInvocationHelper.invokeMethod(MethodInvocationHelper.java:80)
	at org.testng.internal.Invoker.invokeConfigurationMethod(Invoker.java:564)
	at org.testng.internal.Invoker.invokeConfigurations(Invoker.java:213)
	at org.testng.internal.Invoker.invokeConfigurations(Invoker.java:138)
	at org.testng.internal.TestMethodWorker.invokeBeforeClassMethods(TestMethodWorker.java:175)
	at org.testng.internal.TestMethodWorker.run(TestMethodWorker.java:107)
	at org.testng.TestRunner.privateRun(TestRunner.java:767)
	at org.testng.TestRunner.run(TestRunner.java:617)
	at org.testng.SuiteRunner.runTest(SuiteRunner.java:334)
	at org.testng.SuiteRunner.runSequentially(SuiteRunner.java:329)
	at org.testng.SuiteRunner.privateRun(SuiteRunner.java:291)
	at org.testng.SuiteRunner.run(SuiteRunner.java:240)
	at org.testng.SuiteRunnerWorker.runSuite(SuiteRunnerWorker.java:52)
	at org.testng.SuiteRunnerWorker.run(SuiteRunnerWorker.java:86)
	at org.testng.TestNG.runSuitesSequentially(TestNG.java:1198)
	at org.testng.TestNG.runSuitesLocally(TestNG.java:1123)
	at org.testng.TestNG.run(TestNG.java:1031)
	at org.testng.remote.AbstractRemoteTestNG.run(AbstractRemoteTestNG.java:115)
	at org.testng.remote.RemoteTestNG.initAndRun(RemoteTestNG.java:251)
	at org.testng.remote.RemoteTestNG.main(RemoteTestNG.java:77)
]]>
    </failure>
  </testcase> <!-- ingresar -->
  <testcase classname="com.timp.test.SCANC.RelatoriosRefineriaGerados.RelatorioRefinariaGeradosManutencaoCriarLancamentoVisualizacaoAnexo" name="manutencaoCriarLancamentoVisualizacaoAnexo" time="0.001">
    <failure message="session not created
from chrome not reachable
  (Session info: chrome=83.0.4103.106)
Build info: version: &#039;3.141.59&#039;, revision: &#039;e82be7d358&#039;, time: &#039;2018-11-14T08:17:03&#039;
System info: host: &#039;MIGUEL&#039;, ip: &#039;192.168.0.13&#039;, os.name: &#039;Windows 10&#039;, os.arch: &#039;amd64&#039;, os.version: &#039;10.0&#039;, java.version: &#039;14.0.2&#039;
Driver info: driver.version: ChromeDriver
remote stacktrace: Backtrace:
	Ordinal0 [0x00B79563+2725219]
	Ordinal0 [0x00A78551+1672529]
	Ordinal0 [0x00960202+524802]
	Ordinal0 [0x009599B2+498098]
	Ordinal0 [0x0095A09B+499867]
	Ordinal0 [0x0095AFF5+503797]
	Ordinal0 [0x00956994+485780]
	Ordinal0 [0x00960FF0+528368]
	Ordinal0 [0x0090D6C9+186057]
	Ordinal0 [0x0090CA3D+182845]
	Ordinal0 [0x0090A94B+174411]
	Ordinal0 [0x008F2528+75048]
	Ordinal0 [0x008F35A0+79264]
	Ordinal0 [0x008F3539+79161]
	Ordinal0 [0x00A8D607+1758727]
	GetHandleVerifier [0x00C96546+1050150]
	GetHandleVerifier [0x00C96291+1049457]
	GetHandleVerifier [0x00CA10D7+1094071]
	GetHandleVerifier [0x00C96B46+1051686]
	Ordinal0 [0x00A85B06+1727238]
	Ordinal0 [0x00A8EB7B+1764219]
	Ordinal0 [0x00A8ECE3+1764579]
	Ordinal0 [0x00AA4C05+1854469]
	BaseThreadInitThunk [0x75786359+25]
	RtlGetAppContainerNamedObjectPath [0x77E98944+228]
	RtlGetAppContainerNamedObjectPath [0x77E98914+180]
" type="org.openqa.selenium.SessionNotCreatedException">
      <![CDATA[org.openqa.selenium.SessionNotCreatedException: session not created
from chrome not reachable
  (Session info: chrome=83.0.4103.106)
Build info: version: '3.141.59', revision: 'e82be7d358', time: '2018-11-14T08:17:03'
System info: host: 'MIGUEL', ip: '192.168.0.13', os.name: 'Windows 10', os.arch: 'amd64', os.version: '10.0', java.version: '14.0.2'
Driver info: driver.version: ChromeDriver
remote stacktrace: Backtrace:
	Ordinal0 [0x00B79563+2725219]
	Ordinal0 [0x00A78551+1672529]
	Ordinal0 [0x00960202+524802]
	Ordinal0 [0x009599B2+498098]
	Ordinal0 [0x0095A09B+499867]
	Ordinal0 [0x0095AFF5+503797]
	Ordinal0 [0x00956994+485780]
	Ordinal0 [0x00960FF0+528368]
	Ordinal0 [0x0090D6C9+186057]
	Ordinal0 [0x0090CA3D+182845]
	Ordinal0 [0x0090A94B+174411]
	Ordinal0 [0x008F2528+75048]
	Ordinal0 [0x008F35A0+79264]
	Ordinal0 [0x008F3539+79161]
	Ordinal0 [0x00A8D607+1758727]
	GetHandleVerifier [0x00C96546+1050150]
	GetHandleVerifier [0x00C96291+1049457]
	GetHandleVerifier [0x00CA10D7+1094071]
	GetHandleVerifier [0x00C96B46+1051686]
	Ordinal0 [0x00A85B06+1727238]
	Ordinal0 [0x00A8EB7B+1764219]
	Ordinal0 [0x00A8ECE3+1764579]
	Ordinal0 [0x00AA4C05+1854469]
	BaseThreadInitThunk [0x75786359+25]
	RtlGetAppContainerNamedObjectPath [0x77E98944+228]
	RtlGetAppContainerNamedObjectPath [0x77E98914+180]

	at java.base/jdk.internal.reflect.NativeConstructorAccessorImpl.newInstance0(Native Method)
	at java.base/jdk.internal.reflect.NativeConstructorAccessorImpl.newInstance(NativeConstructorAccessorImpl.java:62)
	at java.base/jdk.internal.reflect.DelegatingConstructorAccessorImpl.newInstance(DelegatingConstructorAccessorImpl.java:45)
	at java.base/java.lang.reflect.Constructor.newInstanceWithCaller(Constructor.java:500)
	at java.base/java.lang.reflect.Constructor.newInstance(Constructor.java:481)
	at org.openqa.selenium.remote.W3CHandshakeResponse.lambda$errorHandler$0(W3CHandshakeResponse.java:62)
	at org.openqa.selenium.remote.HandshakeResponse.lambda$getResponseFunction$0(HandshakeResponse.java:30)
	at org.openqa.selenium.remote.ProtocolHandshake.lambda$createSession$0(ProtocolHandshake.java:126)
	at java.base/java.util.stream.ReferencePipeline$3$1.accept(ReferencePipeline.java:195)
	at java.base/java.util.Spliterators$ArraySpliterator.tryAdvance(Spliterators.java:958)
	at java.base/java.util.stream.ReferencePipeline.forEachWithCancel(ReferencePipeline.java:127)
	at java.base/java.util.stream.AbstractPipeline.copyIntoWithCancel(AbstractPipeline.java:502)
	at java.base/java.util.stream.AbstractPipeline.copyInto(AbstractPipeline.java:488)
	at java.base/java.util.stream.AbstractPipeline.wrapAndCopyInto(AbstractPipeline.java:474)
	at java.base/java.util.stream.FindOps$FindOp.evaluateSequential(FindOps.java:150)
	at java.base/java.util.stream.AbstractPipeline.evaluate(AbstractPipeline.java:234)
	at java.base/java.util.stream.ReferencePipeline.findFirst(ReferencePipeline.java:543)
	at org.openqa.selenium.remote.ProtocolHandshake.createSession(ProtocolHandshake.java:128)
	at org.openqa.selenium.remote.ProtocolHandshake.createSession(ProtocolHandshake.java:74)
	at org.openqa.selenium.remote.HttpCommandExecutor.execute(HttpCommandExecutor.java:136)
	at org.openqa.selenium.remote.service.DriverCommandExecutor.execute(DriverCommandExecutor.java:83)
	at org.openqa.selenium.remote.RemoteWebDriver.execute(RemoteWebDriver.java:552)
	at org.openqa.selenium.remote.RemoteWebDriver.startSession(RemoteWebDriver.java:213)
	at org.openqa.selenium.remote.RemoteWebDriver.<init>(RemoteWebDriver.java:131)
	at org.openqa.selenium.chrome.ChromeDriver.<init>(ChromeDriver.java:181)
	at org.openqa.selenium.chrome.ChromeDriver.<init>(ChromeDriver.java:168)
	at org.openqa.selenium.chrome.ChromeDriver.<init>(ChromeDriver.java:157)
	at com.sap.timp.base.TestBaseFernando.initializationF(TestBaseFernando.java:28)
	at com.timp.test.SCANC.RelatoriosRefineriaGerados.RelatorioRefinariaGeradosManutencaoCriarLancamentoVisualizacaoAnexo.beforeClass(RelatorioRefinariaGeradosManutencaoCriarLancamentoVisualizacaoAnexo.java:23)
	at java.base/jdk.internal.reflect.NativeMethodAccessorImpl.invoke0(Native Method)
	at java.base/jdk.internal.reflect.NativeMethodAccessorImpl.invoke(NativeMethodAccessorImpl.java:62)
	at java.base/jdk.internal.reflect.DelegatingMethodAccessorImpl.invoke(DelegatingMethodAccessorImpl.java:43)
	at java.base/java.lang.reflect.Method.invoke(Method.java:564)
	at org.testng.internal.MethodInvocationHelper.invokeMethod(MethodInvocationHelper.java:80)
	at org.testng.internal.Invoker.invokeConfigurationMethod(Invoker.java:564)
	at org.testng.internal.Invoker.invokeConfigurations(Invoker.java:213)
	at org.testng.internal.Invoker.invokeConfigurations(Invoker.java:138)
	at org.testng.internal.TestMethodWorker.invokeBeforeClassMethods(TestMethodWorker.java:175)
	at org.testng.internal.TestMethodWorker.run(TestMethodWorker.java:107)
	at org.testng.TestRunner.privateRun(TestRunner.java:767)
	at org.testng.TestRunner.run(TestRunner.java:617)
	at org.testng.SuiteRunner.runTest(SuiteRunner.java:334)
	at org.testng.SuiteRunner.runSequentially(SuiteRunner.java:329)
	at org.testng.SuiteRunner.privateRun(SuiteRunner.java:291)
	at org.testng.SuiteRunner.run(SuiteRunner.java:240)
	at org.testng.SuiteRunnerWorker.runSuite(SuiteRunnerWorker.java:52)
	at org.testng.SuiteRunnerWorker.run(SuiteRunnerWorker.java:86)
	at org.testng.TestNG.runSuitesSequentially(TestNG.java:1198)
	at org.testng.TestNG.runSuitesLocally(TestNG.java:1123)
	at org.testng.TestNG.run(TestNG.java:1031)
	at org.testng.remote.AbstractRemoteTestNG.run(AbstractRemoteTestNG.java:115)
	at org.testng.remote.RemoteTestNG.initAndRun(RemoteTestNG.java:251)
	at org.testng.remote.RemoteTestNG.main(RemoteTestNG.java:77)
]]>
    </failure>
  </testcase> <!-- manutencaoCriarLancamentoVisualizacaoAnexo -->
>>>>>>> refs/remotes/origin/Fernando
>>>>>>> refs/remotes/origin/master
</testsuite> <!-- com.timp.test.SCANC.RelatoriosRefineriaGerados.RelatorioRefinariaGeradosManutencaoCriarLancamentoVisualizacaoAnexo -->
