<?xml version="1.0" encoding="UTF-8"?>
<!-- Generated by org.testng.reporters.JUnitReportReporter -->
<testsuite hostname="DESKTOP-JP1A9E6" failures="0" tests="1" name="com.timp.test.BRB.AdicionarColunas" time="161.173" errors="0" timestamp="15 sep. 2021 07:04:40 GMT" skipped="0">
  <testcase classname="com.timp.test.BRB.AdicionarColunas" name="adicionarColunas" time="161.173"/>
</testsuite> <!-- com.timp.test.BRB.AdicionarColunas -->
