<?xml version="1.0" encoding="UTF-8"?>
<!-- Generated by org.testng.reporters.JUnitReportReporter -->
<<<<<<< HEAD
<testsuite skipped="0" hostname="LitoSoler" name="com.timp.test.MDR.ValorAdicionado.Municipio.MunicipioExcluirEmMassa" tests="2" failures="0" timestamp="16 mar 2021 02:19:30 GMT" time="155.101" errors="0">
  <testcase name="Criar" time="128.340" classname="com.timp.test.MDR.ValorAdicionado.Municipio.MunicipioExcluirEmMassa"/>
  <testcase name="ExcluirEmMassa" time="26.761" classname="com.timp.test.MDR.ValorAdicionado.Municipio.MunicipioExcluirEmMassa"/>
=======
<testsuite hostname="CRISTHIAN-VASQUEZ" failures="0" tests="2" name="com.timp.test.MDR.ValorAdicionado.Municipio.MunicipioExcluirEmMassa" time="151.390" errors="0" timestamp="16 mar. 2021 11:23:20 GMT" skipped="0">
  <testcase classname="com.timp.test.MDR.ValorAdicionado.Municipio.MunicipioExcluirEmMassa" name="ExcluirEmMassa" time="25.502"/>
  <testcase classname="com.timp.test.MDR.ValorAdicionado.Municipio.MunicipioExcluirEmMassa" name="Criar" time="125.888"/>
>>>>>>> refs/heads/Cristhian
</testsuite> <!-- com.timp.test.MDR.ValorAdicionado.Municipio.MunicipioExcluirEmMassa -->
