<?xml version="1.0" encoding="UTF-8"?>
<!-- Generated by org.testng.reporters.JUnitReportReporter -->
<testsuite hostname="LitoSoler" name="com.timp.test.MDR.CEP.Municipio.MunicipioCriar" tests="3" failures="0" timestamp="29 Jul 2020 17:15:49 GMT" time="92.894" errors="0">
  <testcase name="login" time="11.590" classname="com.timp.test.MDR.CEP.Municipio.MunicipioCriar"/>
  <testcase name="acessarMDR" time="21.410" classname="com.timp.test.MDR.CEP.Municipio.MunicipioCriar"/>
  <testcase name="filtro" time="59.894" classname="com.timp.test.MDR.CEP.Municipio.MunicipioCriar"/>
</testsuite> <!-- com.timp.test.MDR.CEP.Municipio.MunicipioCriar -->
