<?xml version="1.0" encoding="UTF-8"?>
<!-- Generated by org.testng.reporters.JUnitReportReporter -->
<testsuite hostname="EC2AMAZ-8HCHO4G" failures="0" tests="1" name="com.timp.test.BRB.AdicionarColunas" time="164.885" errors="0" timestamp="2024-09-18T22:39:35 UTC" skipped="0">
  <testcase classname="com.timp.test.BRB.AdicionarColunas" name="adicionarColunas" time="164.885"/>
  <system-out/>
</testsuite> <!-- com.timp.test.BRB.AdicionarColunas -->
