<?xml version="1.0" encoding="UTF-8"?>
<!-- Generated by org.testng.reporters.JUnitReportReporter -->
<testsuite hostname="DESKTOP-M23FVFN" failures="0" tests="1" name="com.timp.test.ADM.Usuários.Usuários.UsuáriosDetalhes" time="76.755" errors="0" timestamp="2022-10-13T02:03:33 BRT" skipped="0">
  <testcase classname="com.timp.test.ADM.Usuários.Usuários.UsuáriosDetalhes" name="ver" time="76.755"/>
  <system-out/>
</testsuite> <!-- com.timp.test.ADM.Usuários.Usuários.UsuáriosDetalhes -->
