<?xml version="1.0" encoding="UTF-8"?>
<!-- Generated by org.testng.reporters.JUnitReportReporter -->
<testsuite hostname="DESKTOP-M23FVFN" failures="0" tests="1" name="com.timp.test.BRB.AtribuiçãodeRegra" time="269.895" errors="0" timestamp="21 dic. 2021 16:50:00 GMT" skipped="0">
  <testcase classname="com.timp.test.BRB.AtribuiçãodeRegra" name="editar" time="269.895"/>
</testsuite> <!-- com.timp.test.BRB.AtribuiçãodeRegra -->
