<?xml version="1.0" encoding="UTF-8"?>
<!-- Generated by org.testng.reporters.JUnitReportReporter -->
<testsuite hostname="LitoSoler" name="com.timp.test.BRB.NovoRelatorio" tests="4" failures="0" timestamp="18 Oct 2020 22:41:46 GMT" time="142.154" errors="0">
  <testcase name="brbEntrar" time="18.579" classname="com.timp.test.BRB.NovoRelatorio"/>
  <testcase name="login" time="6.851" classname="com.timp.test.BRB.NovoRelatorio"/>
  <testcase name="novoRelatorio" time="44.448" classname="com.timp.test.BRB.NovoRelatorio"/>
  <testcase name="colunas" time="72.276" classname="com.timp.test.BRB.NovoRelatorio"/>
</testsuite> <!-- com.timp.test.BRB.NovoRelatorio -->
