<?xml version="1.0" encoding="UTF-8"?>
<!-- Generated by org.testng.reporters.JUnitReportReporter -->
<testsuite hostname="DESKTOP-C57COV6" failures="0" tests="2" name="com.timp.test.BRB.ExcluirRelatorio" time="120.679" errors="0" timestamp="11 may. 2021 00:16:55 GMT" skipped="0">
  <testcase classname="com.timp.test.BRB.ExcluirRelatorio" name="eliminarLixeira" time="40.332"/>
  <testcase classname="com.timp.test.BRB.ExcluirRelatorio" name="eliminar" time="80.347"/>
</testsuite> <!-- com.timp.test.BRB.ExcluirRelatorio -->
