<?xml version="1.0" encoding="UTF-8"?>
<!-- Generated by org.testng.reporters.JUnitReportReporter -->
<testsuite hostname="EC2AMAZ-8HCHO4G" failures="0" tests="2" name="com.timp.test.BRB.ExcluirRelatorio" time="131.625" errors="0" timestamp="2023-05-29T19:59:22 UTC" skipped="0">
  <testcase classname="com.timp.test.BRB.ExcluirRelatorio" name="eliminarLixeira" time="46.883"/>
  <system-out/>
  <testcase classname="com.timp.test.BRB.ExcluirRelatorio" name="eliminar" time="84.742"/>
  <system-out/>
</testsuite> <!-- com.timp.test.BRB.ExcluirRelatorio -->
