<?xml version="1.0" encoding="UTF-8"?>
<!-- Generated by org.testng.reporters.JUnitReportReporter -->
<testsuite hostname="LitoSoler" name="com.timp.test.TPC.ParâmetrosGeraisCriar" tests="3" failures="0" timestamp="5 Feb 2021 20:15:01 GMT" time="161.405" errors="0">
  <testcase name="ingresar" time="14.815" classname="com.timp.test.TPC.ParâmetrosGeraisCriar"/>
  <testcase name="criar" time="118.978" classname="com.timp.test.TPC.ParâmetrosGeraisCriar"/>
  <testcase name="ingresarTPC" time="27.612" classname="com.timp.test.TPC.ParâmetrosGeraisCriar"/>
</testsuite> <!-- com.timp.test.TPC.ParâmetrosGeraisCriar -->
