<?xml version="1.0" encoding="UTF-8"?>
<!-- Generated by org.testng.reporters.JUnitReportReporter -->
<testsuite hostname="LAPTOP-IN7IV9K5" failures="0" tests="2" name="com.timp.test.MDR.TabelasApoioESocial.Tabela19.MotivosdeDesligamentoExcluirMasa" time="105.834" errors="0" timestamp="19 feb. 2021 18:14:51 GMT" skipped="0">
  <testcase classname="com.timp.test.MDR.TabelasApoioESocial.Tabela19.MotivosdeDesligamentoExcluirMasa" name="excluirEmMassa" time="27.626"/>
  <testcase classname="com.timp.test.MDR.TabelasApoioESocial.Tabela19.MotivosdeDesligamentoExcluirMasa" name="criar" time="78.208"/>
</testsuite> <!-- com.timp.test.MDR.TabelasApoioESocial.Tabela19.MotivosdeDesligamentoExcluirMasa -->
