<?xml version="1.0" encoding="UTF-8"?>
<!-- Generated by org.testng.reporters.JUnitReportReporter -->
<testsuite hostname="LAPTOP-IN7IV9K5" failures="0" tests="3" name="com.timp.test.BRE.RegrasDeEscrituração.RegrasDeEscrituraçãoVisualizar" time="80.698" errors="0" timestamp="15 Feb 2021 20:42:21 GMT">
  <testcase classname="com.timp.test.BRE.RegrasDeEscrituração.RegrasDeEscrituraçãoVisualizar" name="acessarBRE" time="17.947"/>
  <testcase classname="com.timp.test.BRE.RegrasDeEscrituração.RegrasDeEscrituraçãoVisualizar" name="login" time="6.951"/>
  <testcase classname="com.timp.test.BRE.RegrasDeEscrituração.RegrasDeEscrituraçãoVisualizar" name="visualizar" time="55.800"/>
</testsuite> <!-- com.timp.test.BRE.RegrasDeEscrituração.RegrasDeEscrituraçãoVisualizar -->
