<?xml version="1.0" encoding="UTF-8"?>
<!-- Generated by org.testng.reporters.JUnitReportReporter -->
<testsuite hostname="DESKTOP-35UG9UP" name="com.timp.test.MDR.RegistroDeExportaçao.RegistroDeExportaçaoExcluir" tests="3" failures="0" timestamp="10 Aug 2020 21:19:17 GMT" time="61.511" errors="0">
  <testcase name="Excluir" time="39.899" classname="com.timp.test.MDR.RegistroDeExportaçao.RegistroDeExportaçaoExcluir"/>
  <testcase name="acessarMDR" time="11.428" classname="com.timp.test.MDR.RegistroDeExportaçao.RegistroDeExportaçaoExcluir"/>
  <testcase name="login" time="10.184" classname="com.timp.test.MDR.RegistroDeExportaçao.RegistroDeExportaçaoExcluir"/>
</testsuite> <!-- com.timp.test.MDR.RegistroDeExportaçao.RegistroDeExportaçaoExcluir -->
