<?xml version="1.0" encoding="UTF-8"?>
<!-- Generated by org.testng.reporters.JUnitReportReporter -->
<testsuite hostname="MIGUEL" failures="0" tests="3" name="com.timp.test.BRE.Lixeira.ParametrosGerais.LixeiraCriar" time="110.974" errors="0" timestamp="11 Jan 2021 00:08:01 GMT">
  <testcase classname="com.timp.test.BRE.Lixeira.ParametrosGerais.LixeiraCriar" name="criar" time="86.546"/>
  <testcase classname="com.timp.test.BRE.Lixeira.ParametrosGerais.LixeiraCriar" name="login" time="10.932"/>
  <testcase classname="com.timp.test.BRE.Lixeira.ParametrosGerais.LixeiraCriar" name="acessarBRE" time="13.496"/>
</testsuite> <!-- com.timp.test.BRE.Lixeira.ParametrosGerais.LixeiraCriar -->
