<?xml version="1.0" encoding="UTF-8"?>
<!-- Generated by org.testng.reporters.JUnitReportReporter -->
<testsuite hostname="DESKTOP-C57COV6" failures="0" tests="4" name="com.timp.test.MDR.TabelasApoioSped.TabelaCodigoDeContribucaoSocialApurada.TabelaCodigoDeContribucaoSocialApuradaExcluirEmMassa" time="365.556" errors="0" timestamp="17 ago. 2021 07:10:48 GMT" skipped="0">
  <testcase classname="com.timp.test.MDR.TabelasApoioSped.TabelaCodigoDeContribucaoSocialApurada.TabelaCodigoDeContribucaoSocialApuradaExcluirEmMassa" name="excluirEmMassa" time="33.628"/>
  <testcase classname="com.timp.test.MDR.TabelasApoioSped.TabelaCodigoDeContribucaoSocialApurada.TabelaCodigoDeContribucaoSocialApuradaExcluirEmMassa" name="criar" time="139.280"/>
  <testcase classname="com.timp.test.MDR.TabelasApoioSped.TabelaCodigoDeContribucaoSocialApurada.TabelaCodigoDeContribucaoSocialApuradaExcluirEmMassa" name="criar" time="157.702"/>
  <testcase classname="com.timp.test.MDR.TabelasApoioSped.TabelaCodigoDeContribucaoSocialApurada.TabelaCodigoDeContribucaoSocialApuradaExcluirEmMassa" name="excluirEmMassa" time="34.946"/>
</testsuite> <!-- com.timp.test.MDR.TabelasApoioSped.TabelaCodigoDeContribucaoSocialApurada.TabelaCodigoDeContribucaoSocialApuradaExcluirEmMassa -->
