<?xml version="1.0" encoding="UTF-8"?>
<!-- Generated by org.testng.reporters.JUnitReportReporter -->
<testsuite hostname="MIGUEL" failures="0" tests="8" name="com.timp.test.BCB.DemaisHierarquiaConfiguracaoTodasAsFuncionalidadesParte2" time="438.684" errors="0" timestamp="28 Jan 2021 04:43:39 GMT">
  <testcase classname="com.timp.test.BCB.DemaisHierarquiaConfiguracaoTodasAsFuncionalidadesParte2" name="ejecutarFinal" time="152.397"/>
  <testcase classname="com.timp.test.BCB.DemaisHierarquiaConfiguracaoTodasAsFuncionalidadesParte2" name="excluirConfiguracoes1" time="72.859"/>
  <testcase classname="com.timp.test.BCB.DemaisHierarquiaConfiguracaoTodasAsFuncionalidadesParte2" name="excluirHierarquia2" time="58.162"/>
  <testcase classname="com.timp.test.BCB.DemaisHierarquiaConfiguracaoTodasAsFuncionalidadesParte2" name="excluirHierarquia1" time="54.049"/>
  <testcase classname="com.timp.test.BCB.DemaisHierarquiaConfiguracaoTodasAsFuncionalidadesParte2" name="relacionamentoFinalyAbrirHierarquiaGrupo" time="15.170"/>
  <testcase classname="com.timp.test.BCB.DemaisHierarquiaConfiguracaoTodasAsFuncionalidadesParte2" name="login" time="8.136"/>
  <testcase classname="com.timp.test.BCB.DemaisHierarquiaConfiguracaoTodasAsFuncionalidadesParte2" name="brbEntrar" time="14.552"/>
  <testcase classname="com.timp.test.BCB.DemaisHierarquiaConfiguracaoTodasAsFuncionalidadesParte2" name="excluirConfiguracoes2" time="63.359"/>
</testsuite> <!-- com.timp.test.BCB.DemaisHierarquiaConfiguracaoTodasAsFuncionalidadesParte2 -->
