<?xml version="1.0" encoding="UTF-8"?>
<!-- Generated by org.testng.reporters.JUnitReportReporter -->
<testsuite hostname="LitoSoler" name="com.timp.test.BRB.Filtros" tests="5" failures="0" timestamp="23 Sep 2020 21:54:48 GMT" time="209.191" errors="0">
  <testcase name="filtrosEditor" time="96.766" classname="com.timp.test.BRB.Filtros"/>
  <testcase name="login" time="9.266" classname="com.timp.test.BRB.Filtros"/>
  <testcase name="brbEntrar" time="22.452" classname="com.timp.test.BRB.Filtros"/>
  <testcase name="filtrosBiblioteca" time="63.911" classname="com.timp.test.BRB.Filtros"/>
  <testcase name="asignarValores" time="16.796" classname="com.timp.test.BRB.Filtros"/>
</testsuite> <!-- com.timp.test.BRB.Filtros -->
