<?xml version="1.0" encoding="UTF-8"?>
<!-- Generated by org.testng.reporters.JUnitReportReporter -->
<testsuite hostname="DESKTOP-C57COV6" failures="0" tests="1" name="com.timp.test.MDR.SCANC.MovimentoSCANC.MovimentoSCANCExcluir" time="75.663" errors="0" timestamp="18 may. 2021 01:28:43 GMT" skipped="0">
  <testcase classname="com.timp.test.MDR.SCANC.MovimentoSCANC.MovimentoSCANCExcluir" name="excluir" time="75.663"/>
</testsuite> <!-- com.timp.test.MDR.SCANC.MovimentoSCANC.MovimentoSCANCExcluir -->
