<?xml version="1.0" encoding="UTF-8"?>
<!-- Generated by org.testng.reporters.JUnitReportReporter -->
<testsuite hostname="DESKTOP-35UG9UP" name="com.timp.test.BRB.BRBAcessar" tests="2" failures="0" timestamp="30 Sep 2020 17:34:20 GMT" time="38.315" errors="0">
  <testcase name="login" time="12.337" classname="com.timp.test.BRB.BRBAcessar"/>
  <testcase name="brbEntrar" time="25.978" classname="com.timp.test.BRB.BRBAcessar"/>
</testsuite> <!-- com.timp.test.BRB.BRBAcessar -->
