<?xml version="1.0" encoding="UTF-8"?>
<!-- Generated by org.testng.reporters.JUnitReportReporter -->
<testsuite hostname="LAPTOP-IN7IV9K5" failures="0" tests="3" name="com.timp.test.TCM.Configuracao.ModeloDeDados.ConfiguracaoModeloDeDadosExcluir" time="79.712" errors="0" timestamp="16 Feb 2021 03:09:59 GMT">
  <testcase classname="com.timp.test.TCM.Configuracao.ModeloDeDados.ConfiguracaoModeloDeDadosExcluir" name="acessarTCM" time="16.410"/>
  <testcase classname="com.timp.test.TCM.Configuracao.ModeloDeDados.ConfiguracaoModeloDeDadosExcluir" name="login" time="13.484"/>
  <testcase classname="com.timp.test.TCM.Configuracao.ModeloDeDados.ConfiguracaoModeloDeDadosExcluir" name="excluir" time="49.818"/>
</testsuite> <!-- com.timp.test.TCM.Configuracao.ModeloDeDados.ConfiguracaoModeloDeDadosExcluir -->
