<?xml version="1.0" encoding="UTF-8"?>
<!-- Generated by org.testng.reporters.JUnitReportReporter -->
<testsuite hostname="DESKTOP-M23FVFN" failures="0" tests="1" name="com.timp.test.MDR.TabelasComplementaresParaObrigaçoesAcessorias.TabelaDaReceitasPermitidas.TabelaReceitasPermitidasExcluir" time="103.516" errors="0" timestamp="18 dic. 2021 17:16:19 GMT" skipped="0">
  <testcase classname="com.timp.test.MDR.TabelasComplementaresParaObrigaçoesAcessorias.TabelaDaReceitasPermitidas.TabelaReceitasPermitidasExcluir" name="excluir" time="103.516"/>
</testsuite> <!-- com.timp.test.MDR.TabelasComplementaresParaObrigaçoesAcessorias.TabelaDaReceitasPermitidas.TabelaReceitasPermitidasExcluir -->
