<?xml version="1.0" encoding="UTF-8"?>
<!-- Generated by org.testng.reporters.JUnitReportReporter -->
<testsuite hostname="DESKTOP-C57COV6" failures="0" tests="1" name="com.timp.test.BRB.OutputdeReferência" time="192.320" errors="0" timestamp="17 ago. 2021 05:42:09 GMT" skipped="0">
  <testcase classname="com.timp.test.BRB.OutputdeReferência" name="outputReferencia" time="192.320"/>
</testsuite> <!-- com.timp.test.BRB.OutputdeReferência -->
