<?xml version="1.0" encoding="UTF-8"?>
<!-- Generated by org.testng.reporters.JUnitReportReporter -->
<testsuite hostname="LitoSoler" name="com.timp.test.MDR.CodigoContabilizacao.CodigoContabalizacaoVisualizar" tests="3" failures="0" timestamp="7 Aug 2020 19:50:29 GMT" time="64.520" errors="0">
  <testcase name="Visualizar" time="35.186" classname="com.timp.test.MDR.CodigoContabilizacao.CodigoContabalizacaoVisualizar"/>
  <testcase name="acessarMDR" time="22.991" classname="com.timp.test.MDR.CodigoContabilizacao.CodigoContabalizacaoVisualizar"/>
  <testcase name="login" time="6.343" classname="com.timp.test.MDR.CodigoContabilizacao.CodigoContabalizacaoVisualizar"/>
</testsuite> <!-- com.timp.test.MDR.CodigoContabilizacao.CodigoContabalizacaoVisualizar -->
