<?xml version="1.0" encoding="UTF-8"?>
<!-- Generated by org.testng.reporters.JUnitReportReporter -->
<testsuite hostname="DESKTOP-JP1A9E6" failures="0" tests="3" name="com.timp.test.BCB.Formula.Configuracao.Percentual" time="139.063" errors="0" timestamp="20 ago. 2021 23:47:05 GMT" skipped="0">
  <testcase classname="com.timp.test.BCB.Formula.Configuracao.Percentual" name="login" time="9.072"/>
  <testcase classname="com.timp.test.BCB.Formula.Configuracao.Percentual" name="brbEntrar" time="24.712"/>
  <testcase classname="com.timp.test.BCB.Formula.Configuracao.Percentual" name="criarConfiguracionConfiguracao" time="105.279"/>
</testsuite> <!-- com.timp.test.BCB.Formula.Configuracao.Percentual -->
