<?xml version="1.0" encoding="UTF-8"?>
<!-- Generated by org.testng.reporters.JUnitReportReporter -->
<testsuite hostname="DESKTOP-35UG9UP" name="com.timp.test.MDR.RegistroDeExportaçao.RegistroDeExportaçaoVisualizar" tests="3" failures="0" timestamp="10 Aug 2020 20:48:08 GMT" time="75.400" errors="0">
  <testcase name="login" time="10.424" classname="com.timp.test.MDR.RegistroDeExportaçao.RegistroDeExportaçaoVisualizar"/>
  <testcase name="Visualizar" time="53.267" classname="com.timp.test.MDR.RegistroDeExportaçao.RegistroDeExportaçaoVisualizar"/>
  <testcase name="acessarMDR" time="11.709" classname="com.timp.test.MDR.RegistroDeExportaçao.RegistroDeExportaçaoVisualizar"/>
</testsuite> <!-- com.timp.test.MDR.RegistroDeExportaçao.RegistroDeExportaçaoVisualizar -->
