<?xml version="1.0" encoding="UTF-8"?>
<!-- Generated by org.testng.reporters.JUnitReportReporter -->
<testsuite hostname="DESKTOP-HB7TMPD" failures="0" tests="19" name="com.timp.test.BCB.OrigenBCBHierarquiaConfiguracaoTodasAsFuncionalidades" time="608.770" errors="0" timestamp="7 Dec 2020 16:37:47 GMT">
  <testcase classname="com.timp.test.BCB.OrigenBCBHierarquiaConfiguracaoTodasAsFuncionalidades" name="criarConfiguracionConfiguracao" time="87.815"/>
  <testcase classname="com.timp.test.BCB.OrigenBCBHierarquiaConfiguracaoTodasAsFuncionalidades" name="abrirSubnivel1" time="41.872"/>
  <testcase classname="com.timp.test.BCB.OrigenBCBHierarquiaConfiguracaoTodasAsFuncionalidades" name="subNivel2" time="29.132"/>
  <testcase classname="com.timp.test.BCB.OrigenBCBHierarquiaConfiguracaoTodasAsFuncionalidades" name="abrirSubnivel5" time="5.232"/>
  <testcase classname="com.timp.test.BCB.OrigenBCBHierarquiaConfiguracaoTodasAsFuncionalidades" name="outputBCB" time="24.913"/>
  <testcase classname="com.timp.test.BCB.OrigenBCBHierarquiaConfiguracaoTodasAsFuncionalidades" name="abrirSubnivel6" time="5.233"/>
  <testcase classname="com.timp.test.BCB.OrigenBCBHierarquiaConfiguracaoTodasAsFuncionalidades" name="brbEntrar" time="15.815"/>
  <testcase classname="com.timp.test.BCB.OrigenBCBHierarquiaConfiguracaoTodasAsFuncionalidades" name="excluirHierarquia" time="59.726"/>
  <testcase classname="com.timp.test.BCB.OrigenBCBHierarquiaConfiguracaoTodasAsFuncionalidades" name="login" time="9.519"/>
  <testcase classname="com.timp.test.BCB.OrigenBCBHierarquiaConfiguracaoTodasAsFuncionalidades" name="abrirSubnivel4" time="5.233"/>
  <testcase classname="com.timp.test.BCB.OrigenBCBHierarquiaConfiguracaoTodasAsFuncionalidades" name="subNivel4" time="31.994"/>
  <testcase classname="com.timp.test.BCB.OrigenBCBHierarquiaConfiguracaoTodasAsFuncionalidades" name="subNivel6Negativo" time="25.138"/>
  <testcase classname="com.timp.test.BCB.OrigenBCBHierarquiaConfiguracaoTodasAsFuncionalidades" name="subNivel5" time="31.617"/>
  <testcase classname="com.timp.test.BCB.OrigenBCBHierarquiaConfiguracaoTodasAsFuncionalidades" name="criarConfiguracao" time="56.085"/>
  <testcase classname="com.timp.test.BCB.OrigenBCBHierarquiaConfiguracaoTodasAsFuncionalidades" name="abrirSubnivel3" time="5.268"/>
  <testcase classname="com.timp.test.BCB.OrigenBCBHierarquiaConfiguracaoTodasAsFuncionalidades" name="excluirConfiguracoes" time="53.440"/>
  <testcase classname="com.timp.test.BCB.OrigenBCBHierarquiaConfiguracaoTodasAsFuncionalidades" name="subNivel3" time="29.799"/>
  <testcase classname="com.timp.test.BCB.OrigenBCBHierarquiaConfiguracaoTodasAsFuncionalidades" name="abrirSubnivel2" time="5.335"/>
  <testcase classname="com.timp.test.BCB.OrigenBCBHierarquiaConfiguracaoTodasAsFuncionalidades" name="criarConfiguracaoHierarquia" time="85.604"/>
</testsuite> <!-- com.timp.test.BCB.OrigenBCBHierarquiaConfiguracaoTodasAsFuncionalidades -->
