<?xml version="1.0" encoding="UTF-8"?>
<!-- Generated by org.testng.reporters.JUnitReportReporter -->
<testsuite hostname="DESKTOP-BNBDMGT" failures="0" tests="3" name="com.timp.test.TAA.Ajustes.AjustesCriar" time="193.911" errors="0" timestamp="8 Jan 2021 07:14:27 GMT">
  <testcase classname="com.timp.test.TAA.Ajustes.AjustesCriar" name="TAAEntrar" time="16.463"/>
  <testcase classname="com.timp.test.TAA.Ajustes.AjustesCriar" name="ajustesCriar" time="169.790"/>
  <testcase classname="com.timp.test.TAA.Ajustes.AjustesCriar" name="ingresar" time="7.658"/>
</testsuite> <!-- com.timp.test.TAA.Ajustes.AjustesCriar -->
