<?xml version="1.0" encoding="UTF-8"?>
<!-- Generated by org.testng.reporters.JUnitReportReporter -->
<testsuite hostname="DESKTOP-35UG9UP" name="com.timp.test.BRB.Eliminar" tests="4" failures="0" timestamp="1 Oct 2020 21:25:50 GMT" time="175.954" errors="0">
  <testcase name="eliminar" time="70.648" classname="com.timp.test.BRB.Eliminar"/>
  <testcase name="brbEntrar" time="24.751" classname="com.timp.test.BRB.Eliminar"/>
  <testcase name="login" time="9.368" classname="com.timp.test.BRB.Eliminar"/>
  <testcase name="eliminarLixeira" time="71.187" classname="com.timp.test.BRB.Eliminar"/>
</testsuite> <!-- com.timp.test.BRB.Eliminar -->
