<?xml version="1.0" encoding="UTF-8"?>
<!-- Generated by org.testng.reporters.JUnitReportReporter -->
<testsuite hostname="LitoSoler" name="com.timp.test.MDR.IncentivosFiscais.IncentivosFiscaisCriar" tests="3" failures="0" timestamp="25 Jan 2021 20:02:13 GMT" time="95.339" errors="0">
  <testcase name="login" time="6.937" classname="com.timp.test.MDR.IncentivosFiscais.IncentivosFiscaisCriar"/>
  <testcase name="acessarMDR" time="23.847" classname="com.timp.test.MDR.IncentivosFiscais.IncentivosFiscaisCriar"/>
  <testcase name="CriarIncentivosFiscais" time="64.555" classname="com.timp.test.MDR.IncentivosFiscais.IncentivosFiscaisCriar"/>
</testsuite> <!-- com.timp.test.MDR.IncentivosFiscais.IncentivosFiscaisCriar -->
