<?xml version="1.0" encoding="UTF-8"?>
<!-- Generated by org.testng.reporters.JUnitReportReporter -->
<<<<<<< HEAD
<testsuite hostname="DESKTOP-5P4F1JE" failures="0" tests="4" name="com.timp.test.BRB.NovoRelatorio" time="165.396" errors="0" timestamp="13 Nov 2020 18:47:52 GMT">
  <testcase classname="com.timp.test.BRB.NovoRelatorio" name="brbEntrar" time="23.400"/>
  <testcase classname="com.timp.test.BRB.NovoRelatorio" name="colunas" time="75.990"/>
  <testcase classname="com.timp.test.BRB.NovoRelatorio" name="novoRelatorio" time="57.679"/>
  <testcase classname="com.timp.test.BRB.NovoRelatorio" name="login" time="8.327"/>
=======
<<<<<<< HEAD
<testsuite hostname="LitoSoler" name="com.timp.test.BRB.NovoRelatorio" tests="4" failures="0" timestamp="12 Nov 2020 00:38:34 GMT" time="175.332" errors="0">
  <testcase name="login" time="9.566" classname="com.timp.test.BRB.NovoRelatorio"/>
  <testcase name="brbEntrar" time="22.939" classname="com.timp.test.BRB.NovoRelatorio"/>
  <testcase name="colunas" time="82.649" classname="com.timp.test.BRB.NovoRelatorio"/>
  <testcase name="novoRelatorio" time="60.178" classname="com.timp.test.BRB.NovoRelatorio"/>
=======
<testsuite hostname="DESKTOP-5P4F1JE" failures="0" tests="4" name="com.timp.test.BRB.NovoRelatorio" time="169.022" errors="0" timestamp="5 Nov 2020 18:39:54 GMT">
  <testcase classname="com.timp.test.BRB.NovoRelatorio" name="novoRelatorio" time="58.134"/>
  <testcase classname="com.timp.test.BRB.NovoRelatorio" name="colunas" time="81.325"/>
  <testcase classname="com.timp.test.BRB.NovoRelatorio" name="brbEntrar" time="21.984"/>
  <testcase classname="com.timp.test.BRB.NovoRelatorio" name="login" time="7.579"/>
>>>>>>> branch 'master' of https://github.com/salc1997/TIMP_R1.git
>>>>>>> branch 'master' of https://github.com/salc1997/TIMP_R1.git
</testsuite> <!-- com.timp.test.BRB.NovoRelatorio -->
