<?xml version="1.0" encoding="UTF-8"?>
<!-- Generated by org.testng.reporters.JUnitReportReporter -->
<<<<<<< HEAD
<testsuite hostname="Agile" failures="0" tests="1" name="com.timp.test.MDR.Filiais.FiliaisDetalle" time="132.793" errors="0" timestamp="12 mar. 2022 07:48:40 GMT" skipped="0">
  <testcase classname="com.timp.test.MDR.Filiais.FiliaisDetalle" name="detalle" time="132.793"/>
=======
<testsuite hostname="DESKTOP-M23FVFN" failures="0" tests="1" name="com.timp.test.MDR.Filiais.FiliaisDetalle" time="117.557" errors="0" timestamp="24 mar. 2022 13:33:21 GMT" skipped="0">
  <testcase classname="com.timp.test.MDR.Filiais.FiliaisDetalle" name="detalle" time="117.557"/>
>>>>>>> branch 'Yessy' of https://github.com/salc1997/TIMP_R1
</testsuite> <!-- com.timp.test.MDR.Filiais.FiliaisDetalle -->
