<?xml version="1.0" encoding="UTF-8"?>
<!-- Generated by org.testng.reporters.JUnitReportReporter -->
<testsuite hostname="DESKTOP-5P4F1JE" failures="0" tests="3" name="com.timp.test.TBD.Configuração.TipoDeDocumento.TipoDeDocumentoVisualizar" time="66.545" errors="0" timestamp="22 Dec 2020 20:26:31 GMT">
  <testcase classname="com.timp.test.TBD.Configuração.TipoDeDocumento.TipoDeDocumentoVisualizar" name="login" time="7.860"/>
  <testcase classname="com.timp.test.TBD.Configuração.TipoDeDocumento.TipoDeDocumentoVisualizar" name="TBDEntrar" time="15.032"/>
  <testcase classname="com.timp.test.TBD.Configuração.TipoDeDocumento.TipoDeDocumentoVisualizar" name="criar" time="43.653"/>
</testsuite> <!-- com.timp.test.TBD.Configuração.TipoDeDocumento.TipoDeDocumentoVisualizar -->
