<?xml version="1.0" encoding="UTF-8"?>
<!-- Generated by org.testng.reporters.JUnitReportReporter -->
<testsuite hostname="DESKTOP-JP1A9E6" failures="0" tests="3" name="com.timp.test.BPMA.Processo.ParametrosGerais.ParametrosGeraisVisualizar" time="244.696" errors="0" timestamp="10 ago. 2021 14:55:14 GMT" skipped="0">
  <testcase classname="com.timp.test.BPMA.Processo.ParametrosGerais.ParametrosGeraisVisualizar" name="login" time="7.838"/>
  <testcase classname="com.timp.test.BPMA.Processo.ParametrosGerais.ParametrosGeraisVisualizar" name="BPMAEntrar" time="18.185"/>
  <testcase classname="com.timp.test.BPMA.Processo.ParametrosGerais.ParametrosGeraisVisualizar" name="visualizar" time="218.673"/>
</testsuite> <!-- com.timp.test.BPMA.Processo.ParametrosGerais.ParametrosGeraisVisualizar -->
