<?xml version="1.0" encoding="UTF-8"?>
<!-- Generated by org.testng.reporters.JUnitReportReporter -->
<testsuite hostname="MassielV" failures="0" tests="1" name="com.timp.test.BRB.AdicionarColunas" time="190.625" errors="0" timestamp="05 nov. 2021 16:48:08 GMT" skipped="0">
  <testcase classname="com.timp.test.BRB.AdicionarColunas" name="adicionarColunas" time="190.625"/>
</testsuite> <!-- com.timp.test.BRB.AdicionarColunas -->
