<?xml version="1.0" encoding="UTF-8"?>
<!-- Generated by org.testng.reporters.JUnitReportReporter -->
<testsuite hostname="LitoSoler" name="com.timp.test.MDR.AtividadesFiscais.AssociacaoAtividadeFiscal.AssociaçãoCriar" tests="3" failures="0" timestamp="15 Oct 2020 18:00:32 GMT" time="197.208" errors="0">
  <testcase name="criarAssociação" time="131.271" classname="com.timp.test.MDR.AtividadesFiscais.AssociacaoAtividadeFiscal.AssociaçãoCriar"/>
  <testcase name="mdrEntrar" time="42.177" classname="com.timp.test.MDR.AtividadesFiscais.AssociacaoAtividadeFiscal.AssociaçãoCriar"/>
  <testcase name="ingresar" time="23.760" classname="com.timp.test.MDR.AtividadesFiscais.AssociacaoAtividadeFiscal.AssociaçãoCriar"/>
</testsuite> <!-- com.timp.test.MDR.AtividadesFiscais.AssociacaoAtividadeFiscal.AssociaçãoCriar -->
