<?xml version="1.0" encoding="UTF-8"?>
<!-- Generated by org.testng.reporters.JUnitReportReporter -->
<testsuite hostname="Agile" failures="0" tests="2" name="com.timp.test.MDR.TabelasApoioESocial.Tabela13.ParteDoCorpoAtingidaExcluirEmMassa" time="198.299" errors="0" timestamp="21 ene. 2022 09:15:47 GMT" skipped="0">
  <testcase classname="com.timp.test.MDR.TabelasApoioESocial.Tabela13.ParteDoCorpoAtingidaExcluirEmMassa" name="criar" time="157.052"/>
  <testcase classname="com.timp.test.MDR.TabelasApoioESocial.Tabela13.ParteDoCorpoAtingidaExcluirEmMassa" name="excluirEmMassa" time="41.247"/>
</testsuite> <!-- com.timp.test.MDR.TabelasApoioESocial.Tabela13.ParteDoCorpoAtingidaExcluirEmMassa -->
