<?xml version="1.0" encoding="UTF-8"?>
<!-- Generated by org.testng.reporters.JUnitReportReporter -->
<testsuite hostname="MassielV" failures="0" tests="1" name="com.timp.test.MDR.CadastroCondiçao.CadastroCondicaoEditar" time="221.157" errors="0" timestamp="06 oct. 2021 18:23:43 GMT" skipped="0">
  <testcase classname="com.timp.test.MDR.CadastroCondiçao.CadastroCondicaoEditar" name="editar" time="221.157"/>
</testsuite> <!-- com.timp.test.MDR.CadastroCondiçao.CadastroCondicaoEditar -->
