<?xml version="1.0" encoding="UTF-8"?>
<!-- Generated by org.testng.reporters.JUnitReportReporter -->
<testsuite hostname="DESKTOP-BNBDMGT" failures="0" tests="3" name="com.timp.test.TFP.Configurações.ConfiguraçõesPeríodoCriar" time="113.928" errors="0" timestamp="8 Dec 2020 08:03:58 GMT">
  <testcase classname="com.timp.test.TFP.Configurações.ConfiguraçõesPeríodoCriar" name="criar" time="87.539"/>
  <testcase classname="com.timp.test.TFP.Configurações.ConfiguraçõesPeríodoCriar" name="TFPEntrar" time="19.779"/>
  <testcase classname="com.timp.test.TFP.Configurações.ConfiguraçõesPeríodoCriar" name="login" time="6.610"/>
</testsuite> <!-- com.timp.test.TFP.Configurações.ConfiguraçõesPeríodoCriar -->
