<?xml version="1.0" encoding="UTF-8"?>
<!-- Generated by org.testng.reporters.JUnitReportReporter -->
<testsuite hostname="LitoSoler" name="com.timp.test.MDR.Centralizacao.Tributos.TributosCriar" tests="3" failures="0" timestamp="24 Sep 2020 16:16:55 GMT" time="114.291" errors="0">
  <testcase name="acessarMDR" time="17.105" classname="com.timp.test.MDR.Centralizacao.Tributos.TributosCriar"/>
  <testcase name="tributoCriar" time="88.841" classname="com.timp.test.MDR.Centralizacao.Tributos.TributosCriar"/>
  <testcase name="login" time="8.345" classname="com.timp.test.MDR.Centralizacao.Tributos.TributosCriar"/>
</testsuite> <!-- com.timp.test.MDR.Centralizacao.Tributos.TributosCriar -->
