<?xml version="1.0" encoding="UTF-8"?>
<!-- Generated by org.testng.reporters.JUnitReportReporter -->
<testsuite hostname="LAPTOP-IN7IV9K5" failures="0" tests="2" name="com.timp.test.BRE.RegrasDeAuditoriaN4.ParametrosGerais.RegrasdeAuditoriaN4LixeiraExcluirdefinitivamente" time="127.673" errors="0" timestamp="27 mar. 2021 03:44:23 GMT" skipped="0">
  <testcase classname="com.timp.test.BRE.RegrasDeAuditoriaN4.ParametrosGerais.RegrasdeAuditoriaN4LixeiraExcluirdefinitivamente" name="excluirDefinitivo" time="44.316"/>
  <testcase classname="com.timp.test.BRE.RegrasDeAuditoriaN4.ParametrosGerais.RegrasdeAuditoriaN4LixeiraExcluirdefinitivamente" name="lixeira" time="83.357"/>
</testsuite> <!-- com.timp.test.BRE.RegrasDeAuditoriaN4.ParametrosGerais.RegrasdeAuditoriaN4LixeiraExcluirdefinitivamente -->
