<?xml version="1.0" encoding="UTF-8"?>
<!-- Generated by org.testng.reporters.JUnitReportReporter -->
<testsuite hostname="EC2AMAZ-8HCHO4G" failures="0" tests="5" name="com.timp.test.ADM.Configuracao.ConfiguracaoDeTributos.ConfiguracaoTributoAgrupamento.ConfiguracaoTributoAgrupamentoTodasFunc" time="222.658" errors="0" timestamp="2024-10-09T19:01:02 UTC" skipped="0">
  <testcase classname="com.timp.test.ADM.Configuracao.ConfiguracaoDeTributos.ConfiguracaoTributoAgrupamento.ConfiguracaoTributoAgrupamentoTodasFunc" name="criar" time="70.762"/>
  <system-out/>
  <testcase classname="com.timp.test.ADM.Configuracao.ConfiguracaoDeTributos.ConfiguracaoTributoAgrupamento.ConfiguracaoTributoAgrupamentoTodasFunc" name="Editar" time="37.794"/>
  <system-out/>
  <testcase classname="com.timp.test.ADM.Configuracao.ConfiguracaoDeTributos.ConfiguracaoTributoAgrupamento.ConfiguracaoTributoAgrupamentoTodasFunc" name="visualizar" time="60.645"/>
  <system-out/>
  <testcase classname="com.timp.test.ADM.Configuracao.ConfiguracaoDeTributos.ConfiguracaoTributoAgrupamento.ConfiguracaoTributoAgrupamentoTodasFunc" name="filtros" time="23.391"/>
  <system-out/>
  <testcase classname="com.timp.test.ADM.Configuracao.ConfiguracaoDeTributos.ConfiguracaoTributoAgrupamento.ConfiguracaoTributoAgrupamentoTodasFunc" name="Excluir" time="30.066"/>
  <system-out/>
</testsuite> <!-- com.timp.test.ADM.Configuracao.ConfiguracaoDeTributos.ConfiguracaoTributoAgrupamento.ConfiguracaoTributoAgrupamentoTodasFunc -->
