<?xml version="1.0" encoding="UTF-8"?>
<!-- Generated by org.testng.reporters.JUnitReportReporter -->
<testsuite hostname="DESKTOP-5P4F1JE" failures="0" tests="3" name="com.timp.test.TDK.Kpis.Edicao.KpisCartaoIndicadorEditar" time="104.091" errors="0" timestamp="19 Jan 2021 22:02:10 GMT">
  <testcase classname="com.timp.test.TDK.Kpis.Edicao.KpisCartaoIndicadorEditar" name="CartaoIndicador" time="70.206"/>
  <testcase classname="com.timp.test.TDK.Kpis.Edicao.KpisCartaoIndicadorEditar" name="acessarTDK" time="25.719"/>
  <testcase classname="com.timp.test.TDK.Kpis.Edicao.KpisCartaoIndicadorEditar" name="login" time="8.166"/>
</testsuite> <!-- com.timp.test.TDK.Kpis.Edicao.KpisCartaoIndicadorEditar -->
