<?xml version="1.0" encoding="UTF-8"?>
<!-- Generated by org.testng.reporters.JUnitReportReporter -->
<testsuite hostname="LitoSoler" name="com.timp.test.BRB.FormatacaoEVariante" tests="4" failures="0" timestamp="23 Sep 2020 22:01:16 GMT" time="143.279" errors="0">
  <testcase name="excluirVariante" time="22.789" classname="com.timp.test.BRB.FormatacaoEVariante"/>
  <testcase name="brbEntrar" time="22.313" classname="com.timp.test.BRB.FormatacaoEVariante"/>
  <testcase name="login" time="10.950" classname="com.timp.test.BRB.FormatacaoEVariante"/>
  <testcase name="formatacaoEVariante" time="87.227" classname="com.timp.test.BRB.FormatacaoEVariante"/>
</testsuite> <!-- com.timp.test.BRB.FormatacaoEVariante -->
