<?xml version="1.0" encoding="UTF-8"?>
<!-- Generated by org.testng.reporters.JUnitReportReporter -->
<testsuite hostname="DESKTOP-M23FVFN" failures="0" tests="1" name="com.timp.test.BRE.RegrasdeAuditoriaN2.ParametrosGerais.RegrasDeAuditoriaN2CriarCaminhos" time="257.502" errors="0" timestamp="11 abr. 2022 22:23:56 GMT" skipped="0">
  <testcase classname="com.timp.test.BRE.RegrasdeAuditoriaN2.ParametrosGerais.RegrasDeAuditoriaN2CriarCaminhos" name="criar" time="257.502"/>
</testsuite> <!-- com.timp.test.BRE.RegrasdeAuditoriaN2.ParametrosGerais.RegrasDeAuditoriaN2CriarCaminhos -->
