<?xml version="1.0" encoding="UTF-8"?>
<!-- Generated by org.testng.reporters.JUnitReportReporter -->
<testsuite hostname="Agile" failures="0" tests="1" name="com.timp.test.MDR.AtividadesParaTributacao.TiposDeServicos.TiposDeServicosEditar" time="211.610" errors="0" timestamp="04 mar. 2022 23:38:48 GMT" skipped="0">
  <testcase classname="com.timp.test.MDR.AtividadesParaTributacao.TiposDeServicos.TiposDeServicosEditar" name="editar" time="211.610"/>
</testsuite> <!-- com.timp.test.MDR.AtividadesParaTributacao.TiposDeServicos.TiposDeServicosEditar -->
