<?xml version="1.0" encoding="UTF-8"?>
<!-- Generated by org.testng.reporters.JUnitReportReporter -->
<testsuite hostname="DESKTOP-BNBDMGT" failures="0" tests="1" name="com.timp.test.MDR.SequenciaAcesso.SequenciaEditar" time="107.284" errors="0" timestamp="08 abr. 2021 21:52:45 GMT" skipped="0">
  <testcase classname="com.timp.test.MDR.SequenciaAcesso.SequenciaEditar" name="Editar" time="107.284"/>
</testsuite> <!-- com.timp.test.MDR.SequenciaAcesso.SequenciaEditar -->
