<?xml version="1.0" encoding="UTF-8"?>
<!-- Generated by org.testng.reporters.JUnitReportReporter -->
<testsuite hostname="LAPTOP-IN7IV9K5" failures="0" tests="1" name="com.timp.test.MDR.TabelasApoioSped.CodigoTipoCredito.CodigoTipoCreditoCriar" time="81.127" errors="0" timestamp="09 abr. 2021 00:40:41 GMT" skipped="0">
  <testcase classname="com.timp.test.MDR.TabelasApoioSped.CodigoTipoCredito.CodigoTipoCreditoCriar" name="criar" time="81.127"/>
</testsuite> <!-- com.timp.test.MDR.TabelasApoioSped.CodigoTipoCredito.CodigoTipoCreditoCriar -->
