<?xml version="1.0" encoding="UTF-8"?>
<!-- Generated by org.testng.reporters.JUnitReportReporter -->
<testsuite hostname="MassielV" failures="0" tests="1" name="com.timp.test.BRB.ReordenarColuna" time="121.369" errors="0" timestamp="20 oct. 2021 05:41:05 GMT" skipped="0">
  <testcase classname="com.timp.test.BRB.ReordenarColuna" name="reordenar" time="121.369"/>
</testsuite> <!-- com.timp.test.BRB.ReordenarColuna -->
