<?xml version="1.0" encoding="UTF-8"?>
<!-- Generated by org.testng.reporters.JUnitReportReporter -->
<testsuite hostname="DESKTOP-JP1A9E6" failures="0" tests="1" name="com.timp.test.MDR.ValorAdicionado.Municipio.MunicipioDetalhes" time="80.826" errors="0" timestamp="17 ago. 2021 10:19:47 GMT" skipped="0">
  <testcase classname="com.timp.test.MDR.ValorAdicionado.Municipio.MunicipioDetalhes" name="detalhes" time="80.826"/>
</testsuite> <!-- com.timp.test.MDR.ValorAdicionado.Municipio.MunicipioDetalhes -->
