<?xml version="1.0" encoding="UTF-8"?>
<!-- Generated by org.testng.reporters.JUnitReportReporter -->
<testsuite hostname="EC2AMAZ-8HCHO4G" failures="0" tests="1" name="com.timp.test.BRB.AtivarComentario" time="85.260" errors="0" timestamp="2023-03-03T20:29:18 UTC" skipped="0">
  <testcase classname="com.timp.test.BRB.AtivarComentario" name="ativarComentarios" time="85.260"/>
  <system-out/>
</testsuite> <!-- com.timp.test.BRB.AtivarComentario -->
