<?xml version="1.0" encoding="UTF-8"?>
<!-- Generated by org.testng.reporters.JUnitReportReporter -->
<testsuite hostname="MassielV" failures="0" tests="1" name="com.timp.test.MDR.ValorAdicionado.Confrontacao.ConfrontacaoExcluir" time="257.587" errors="0" timestamp="25 nov. 2021 23:08:09 GMT" skipped="0">
  <testcase classname="com.timp.test.MDR.ValorAdicionado.Confrontacao.ConfrontacaoExcluir" name="Excluir" time="257.587"/>
</testsuite> <!-- com.timp.test.MDR.ValorAdicionado.Confrontacao.ConfrontacaoExcluir -->
