<?xml version="1.0" encoding="UTF-8"?>
<!-- Generated by org.testng.reporters.JUnitReportReporter -->
<testsuite hostname="CRISTHIAN-VASQUEZ" failures="0" tests="3" name="com.timp.test.BRE.RegrasdeAuditoriaN2.RegrasdeAuditoriaN2Estrutura" time="297.152" errors="0" timestamp="19 feb. 2021 16:42:53 GMT" skipped="0">
  <testcase classname="com.timp.test.BRE.RegrasdeAuditoriaN2.RegrasdeAuditoriaN2Estrutura" name="login" time="8.651"/>
  <testcase classname="com.timp.test.BRE.RegrasdeAuditoriaN2.RegrasdeAuditoriaN2Estrutura" name="acessarBRE" time="16.954"/>
  <testcase classname="com.timp.test.BRE.RegrasdeAuditoriaN2.RegrasdeAuditoriaN2Estrutura" name="editar" time="271.547"/>
</testsuite> <!-- com.timp.test.BRE.RegrasdeAuditoriaN2.RegrasdeAuditoriaN2Estrutura -->
