<?xml version="1.0" encoding="UTF-8"?>
<!-- Generated by org.testng.reporters.JUnitReportReporter -->
<testsuite hostname="SALC-PC" failures="0" tests="3" name="com.timp.test.SCANC.OficiosExtemporaneos.OficiosExtemporaneosExcluir" time="78.939" errors="0" timestamp="2023-07-14T15:47:21 CST" skipped="0">
  <testcase classname="com.timp.test.SCANC.OficiosExtemporaneos.OficiosExtemporaneosExcluir" name="ingresar" time="7.979"/>
  <system-out/>
  <testcase classname="com.timp.test.SCANC.OficiosExtemporaneos.OficiosExtemporaneosExcluir" name="scancEntrar" time="19.904"/>
  <system-out/>
  <testcase classname="com.timp.test.SCANC.OficiosExtemporaneos.OficiosExtemporaneosExcluir" name="criar" time="51.056"/>
  <system-out/>
</testsuite> <!-- com.timp.test.SCANC.OficiosExtemporaneos.OficiosExtemporaneosExcluir -->
