<?xml version="1.0" encoding="UTF-8"?>
<!-- Generated by org.testng.reporters.JUnitReportReporter -->
<testsuite hostname="DESKTOP-JP1A9E6" failures="0" tests="3" name="com.timp.test.BPMA.ProcessodeNegocio.ProcessodeNegócioCriarProcessocomTarefadeUsuário" time="326.494" errors="0" timestamp="14 jul. 2021 22:49:07 GMT" skipped="0">
  <testcase classname="com.timp.test.BPMA.ProcessodeNegocio.ProcessodeNegócioCriarProcessocomTarefadeUsuário" name="login" time="14.621"/>
  <testcase classname="com.timp.test.BPMA.ProcessodeNegocio.ProcessodeNegócioCriarProcessocomTarefadeUsuário" name="criar" time="265.855"/>
  <testcase classname="com.timp.test.BPMA.ProcessodeNegocio.ProcessodeNegócioCriarProcessocomTarefadeUsuário" name="BPMAEntrar" time="46.018"/>
</testsuite> <!-- com.timp.test.BPMA.ProcessodeNegocio.ProcessodeNegócioCriarProcessocomTarefadeUsuário -->
