<?xml version="1.0" encoding="UTF-8"?>
<!-- Generated by org.testng.reporters.JUnitReportReporter -->
<testsuite hostname="DESKTOP-C57COV6" failures="0" tests="1" name="com.timp.test.TDK.Dashboard.Raiz.RaizFiltroId" time="83.883" errors="0" timestamp="17 ago. 2021 14:29:00 GMT" skipped="0">
  <testcase classname="com.timp.test.TDK.Dashboard.Raiz.RaizFiltroId" name="filtro" time="83.883"/>
</testsuite> <!-- com.timp.test.TDK.Dashboard.Raiz.RaizFiltroId -->
