<?xml version="1.0" encoding="UTF-8"?>
<!-- Generated by org.testng.reporters.JUnitReportReporter -->
<testsuite hostname="LitoSoler" name="com.timp.test.MDR.CadastroDerex.InstituicaoFinanceira.InstituicaoEditar" tests="3" failures="0" timestamp="20 Oct 2020 23:18:41 GMT" time="79.414" errors="0">
  <testcase name="acessarMDR" time="20.785" classname="com.timp.test.MDR.CadastroDerex.InstituicaoFinanceira.InstituicaoEditar"/>
  <testcase name="editar" time="51.332" classname="com.timp.test.MDR.CadastroDerex.InstituicaoFinanceira.InstituicaoEditar"/>
  <testcase name="login" time="7.297" classname="com.timp.test.MDR.CadastroDerex.InstituicaoFinanceira.InstituicaoEditar"/>
</testsuite> <!-- com.timp.test.MDR.CadastroDerex.InstituicaoFinanceira.InstituicaoEditar -->
