<?xml version="1.0" encoding="UTF-8"?>
<!-- Generated by org.testng.reporters.JUnitReportReporter -->
<testsuite hostname="DESKTOP-M23FVFN" failures="0" tests="2" name="com.timp.test.BRB.ExcluirRelatorio" time="154.127" errors="0" timestamp="22 dic. 2021 23:07:52 GMT" skipped="0">
  <testcase classname="com.timp.test.BRB.ExcluirRelatorio" name="eliminarLixeira" time="52.399"/>
  <testcase classname="com.timp.test.BRB.ExcluirRelatorio" name="eliminar" time="101.728"/>
</testsuite> <!-- com.timp.test.BRB.ExcluirRelatorio -->
