<?xml version="1.0" encoding="UTF-8"?>
<!-- Generated by org.testng.reporters.JUnitReportReporter -->
<testsuite hostname="DESKTOP-NV7E9IV" name="com.timp.test.MDR.ContratoIOF.ContratoIOFCriar" tests="3" failures="0" timestamp="25 Aug 2020 21:44:00 GMT" time="81.666" errors="0">
  <testcase name="acessarMDR" time="10.495" classname="com.timp.test.MDR.ContratoIOF.ContratoIOFCriar"/>
  <testcase name="criar" time="60.981" classname="com.timp.test.MDR.ContratoIOF.ContratoIOFCriar"/>
  <testcase name="login" time="10.190" classname="com.timp.test.MDR.ContratoIOF.ContratoIOFCriar"/>
</testsuite> <!-- com.timp.test.MDR.ContratoIOF.ContratoIOFCriar -->
