<?xml version="1.0" encoding="UTF-8"?>
<<<<<<< HEAD
<<<<<<< HEAD
<!-- Generated by org.testng.reporters.JUnitReportReporter -->
<testsuite hostname="LAPTOP-IN7IV9K5" failures="0" tests="1" name="com.timp.test.TBD.ArmazenagemDeArquivos.ArmazenarArquivo.ArmazenarArquivoEditar" time="145.370" errors="0" timestamp="27 abr. 2021 16:05:51 GMT" skipped="0">
  <testcase classname="com.timp.test.TBD.ArmazenagemDeArquivos.ArmazenarArquivo.ArmazenarArquivoEditar" name="editar" time="145.370"/>
=======
=======
>>>>>>> refs/heads/Yessy
<!-- Generated by org.testng.reporters.JUnitReportReporter -->
<testsuite hostname="DESKTOP-C57COV6" failures="0" tests="1" name="com.timp.test.TBD.ArmazenagemDeArquivos.ArmazenarArquivo.ArmazenarArquivoEditar" time="227.631" errors="0" timestamp="03 ago. 2021 00:19:29 GMT" skipped="0">
  <testcase classname="com.timp.test.TBD.ArmazenagemDeArquivos.ArmazenarArquivo.ArmazenarArquivoEditar" name="editar" time="227.631"/>
>>>>>>> refs/remotes/origin/Yessy
</testsuite> <!-- com.timp.test.TBD.ArmazenagemDeArquivos.ArmazenarArquivo.ArmazenarArquivoEditar -->
