<?xml version="1.0" encoding="UTF-8"?>
<!-- Generated by org.testng.reporters.JUnitReportReporter -->
<testsuite hostname="MassielV" failures="0" tests="1" name="com.timp.test.BRB.ExcluirColuna" time="185.729" errors="0" timestamp="10 nov. 2021 22:57:29 GMT" skipped="0">
  <testcase classname="com.timp.test.BRB.ExcluirColuna" name="excluirColunaDragNDrop" time="185.729"/>
</testsuite> <!-- com.timp.test.BRB.ExcluirColuna -->
