<?xml version="1.0" encoding="UTF-8"?>
<!-- Generated by org.testng.reporters.JUnitReportReporter -->
<testsuite hostname="DESKTOP-JP1A9E6" failures="0" tests="2" name="com.timp.test.MDR.TabelasApoioESocial.Tabela02.FinanciamientoDeAposEspExcluiMassa" time="151.309" errors="0" timestamp="15 jun. 2021 07:55:09 GMT" skipped="0">
  <testcase classname="com.timp.test.MDR.TabelasApoioESocial.Tabela02.FinanciamientoDeAposEspExcluiMassa" name="excluirMassa" time="44.514"/>
  <testcase classname="com.timp.test.MDR.TabelasApoioESocial.Tabela02.FinanciamientoDeAposEspExcluiMassa" name="criar" time="106.795"/>
</testsuite> <!-- com.timp.test.MDR.TabelasApoioESocial.Tabela02.FinanciamientoDeAposEspExcluiMassa -->
