<?xml version="1.0" encoding="UTF-8"?>
<!-- Generated by org.testng.reporters.JUnitReportReporter -->
<testsuite hostname="Agile" failures="0" tests="2" name="com.timp.test.ADM.Configuração.ConfiguraçãoTributo.ConfiguraçãoTributoTributoXEstrutura.ConfiguraçãoTributoTributoXEstruturaCriar" time="282.655" errors="0" timestamp="19 feb. 2022 00:25:48 GMT" skipped="0">
  <testcase classname="com.timp.test.ADM.Configuração.ConfiguraçãoTributo.ConfiguraçãoTributoTributoXEstrutura.ConfiguraçãoTributoTributoXEstruturaCriar" name="criar" time="230.273"/>
  <testcase classname="com.timp.test.ADM.Configuração.ConfiguraçãoTributo.ConfiguraçãoTributoTributoXEstrutura.ConfiguraçãoTributoTributoXEstruturaCriar" name="excluir" time="52.382"/>
</testsuite> <!-- com.timp.test.ADM.Configuração.ConfiguraçãoTributo.ConfiguraçãoTributoTributoXEstrutura.ConfiguraçãoTributoTributoXEstruturaCriar -->
