<?xml version="1.0" encoding="UTF-8"?>
<!-- Generated by org.testng.reporters.JUnitReportReporter -->
<testsuite hostname="Agile" failures="0" tests="1" name="com.timp.test.MDR.CEP.Bairro.BairroCriar" time="89.414" errors="0" timestamp="30 ene. 2022 08:36:12 GMT" skipped="0">
  <testcase classname="com.timp.test.MDR.CEP.Bairro.BairroCriar" name="criar" time="89.414"/>
</testsuite> <!-- com.timp.test.MDR.CEP.Bairro.BairroCriar -->
