<?xml version="1.0" encoding="UTF-8"?>
<!-- Generated by org.testng.reporters.JUnitReportReporter -->
<testsuite hostname="DESKTOP-JP1A9E6" failures="0" tests="2" name="com.timp.test.MDR.ValorAdicionado.Municipio.MunicipioExcluirEmMassa" time="155.623" errors="0" timestamp="26 may. 2021 06:05:28 GMT" skipped="0">
  <testcase classname="com.timp.test.MDR.ValorAdicionado.Municipio.MunicipioExcluirEmMassa" name="Criar" time="126.861"/>
  <testcase classname="com.timp.test.MDR.ValorAdicionado.Municipio.MunicipioExcluirEmMassa" name="ExcluirEmMassa" time="28.762"/>
</testsuite> <!-- com.timp.test.MDR.ValorAdicionado.Municipio.MunicipioExcluirEmMassa -->
