<?xml version="1.0" encoding="UTF-8"?>
<!-- Generated by org.testng.reporters.JUnitReportReporter -->
<testsuite hostname="LitoSoler" name="com.timp.test.BRB.ListaSuspensa" tests="3" failures="0" timestamp="21 Jul 2020 03:13:36 GMT" time="138.099" errors="0">
  <testcase name="listaSuspensa" time="118.079" classname="com.timp.test.BRB.ListaSuspensa"/>
  <testcase name="brbEntrar" time="14.152" classname="com.timp.test.BRB.ListaSuspensa"/>
  <testcase name="login" time="5.868" classname="com.timp.test.BRB.ListaSuspensa"/>
</testsuite> <!-- com.timp.test.BRB.ListaSuspensa -->
