<?xml version="1.0" encoding="UTF-8"?>
<!-- Generated by org.testng.reporters.JUnitReportReporter -->
<testsuite hostname="DESKTOP-BNBDMGT" failures="0" tests="2" name="com.timp.test.LOG.AcessarLOG" time="28.039" errors="0" timestamp="29 Jan 2021 01:52:43 GMT">
  <testcase classname="com.timp.test.LOG.AcessarLOG" name="login" time="8.294"/>
  <testcase classname="com.timp.test.LOG.AcessarLOG" name="AcessarLOG" time="19.745"/>
</testsuite> <!-- com.timp.test.LOG.AcessarLOG -->
