<?xml version="1.0" encoding="UTF-8"?>
<!-- Generated by org.testng.reporters.JUnitReportReporter -->
<testsuite hostname="DESKTOP-M23FVFN" failures="0" tests="3" name="com.timp.test.SCANC.ArquivosImportados.ArquivosImportadosFiltrosAvancados" time="135.787" errors="0" timestamp="2022-09-20T12:49:02 BRT" skipped="0">
  <testcase classname="com.timp.test.SCANC.ArquivosImportados.ArquivosImportadosFiltrosAvancados" name="ingresar" time="17.378"/>
  <system-out/>
  <testcase classname="com.timp.test.SCANC.ArquivosImportados.ArquivosImportadosFiltrosAvancados" name="scancEntrar" time="30.043"/>
  <system-out/>
  <testcase classname="com.timp.test.SCANC.ArquivosImportados.ArquivosImportadosFiltrosAvancados" name="filtrosAvancados" time="88.366"/>
  <system-out/>
</testsuite> <!-- com.timp.test.SCANC.ArquivosImportados.ArquivosImportadosFiltrosAvancados -->
