<?xml version="1.0" encoding="UTF-8"?>
<!-- Generated by org.testng.reporters.JUnitReportReporter -->
<testsuite hostname="DESKTOP-M23FVFN" failures="0" tests="1" name="com.timp.test.MDR.TabelasComplementaresParaObrigaçoesAcessorias.TabelaMunicipiosIBGE.TabelaMunicipioIBGEVisualizar" time="107.415" errors="0" timestamp="11 mar. 2022 15:49:55 GMT" skipped="0">
  <testcase classname="com.timp.test.MDR.TabelasComplementaresParaObrigaçoesAcessorias.TabelaMunicipiosIBGE.TabelaMunicipioIBGEVisualizar" name="visualizar" time="107.415"/>
</testsuite> <!-- com.timp.test.MDR.TabelasComplementaresParaObrigaçoesAcessorias.TabelaMunicipiosIBGE.TabelaMunicipioIBGEVisualizar -->
