<?xml version="1.0" encoding="UTF-8"?>
<!-- Generated by org.testng.reporters.JUnitReportReporter -->
<testsuite hostname="LitoSoler" name="com.timp.test.MDR.AtividadesFiscais.AtividadeFiscal.AtividadeEditar" tests="3" failures="0" timestamp="18 Nov 2020 17:35:24 GMT" time="84.299" errors="0">
  <testcase name="login" time="6.423" classname="com.timp.test.MDR.AtividadesFiscais.AtividadeFiscal.AtividadeEditar"/>
  <testcase name="editar" time="52.470" classname="com.timp.test.MDR.AtividadesFiscais.AtividadeFiscal.AtividadeEditar"/>
  <testcase name="acessarMDR" time="25.406" classname="com.timp.test.MDR.AtividadesFiscais.AtividadeFiscal.AtividadeEditar"/>
</testsuite> <!-- com.timp.test.MDR.AtividadesFiscais.AtividadeFiscal.AtividadeEditar -->
