<?xml version="1.0" encoding="UTF-8"?>
<!-- Generated by org.testng.reporters.JUnitReportReporter -->
<testsuite hostname="EC2AMAZ-8HCHO4G" failures="0" tests="1" name="com.timp.test.TFP.Configuracoes.Bloqueios.SubPeriodo.BloqueioSubPeriodoEditar" time="159.858" errors="0" timestamp="2024-01-31T23:26:51 UTC" skipped="0">
  <testcase classname="com.timp.test.TFP.Configuracoes.Bloqueios.SubPeriodo.BloqueioSubPeriodoEditar" name="editar" time="159.858"/>
  <system-out/>
</testsuite> <!-- com.timp.test.TFP.Configuracoes.Bloqueios.SubPeriodo.BloqueioSubPeriodoEditar -->
