<?xml version="1.0" encoding="UTF-8"?>
<!-- Generated by org.testng.reporters.JUnitReportReporter -->
<testsuite hostname="EC2AMAZ-8HCHO4G" failures="0" tests="1" name="com.timp.test.BRE.RegrasDeEscrituração.Edicao.RegrasDeEscrituraçãoEdiçãoValoresCalculados" time="261.678" errors="0" timestamp="2024-01-29T15:13:30 UTC" skipped="0">
  <testcase classname="com.timp.test.BRE.RegrasDeEscrituração.Edicao.RegrasDeEscrituraçãoEdiçãoValoresCalculados" name="ValoresCalculados" time="261.678"/>
  <system-out/>
</testsuite> <!-- com.timp.test.BRE.RegrasDeEscrituração.Edicao.RegrasDeEscrituraçãoEdiçãoValoresCalculados -->
