<?xml version="1.0" encoding="UTF-8"?>
<!-- Generated by org.testng.reporters.JUnitReportReporter -->
<testsuite hostname="DESKTOP-M23FVFN" failures="0" tests="1" name="com.timp.test.MDR.SaldoInicial.SaldoInicialVisualizar" time="130.348" errors="0" timestamp="22 dic. 2021 11:46:20 GMT" skipped="0">
  <testcase classname="com.timp.test.MDR.SaldoInicial.SaldoInicialVisualizar" name="VisualizarSaldoInicial" time="130.348"/>
</testsuite> <!-- com.timp.test.MDR.SaldoInicial.SaldoInicialVisualizar -->
