<?xml version="1.0" encoding="UTF-8"?>
<!-- Generated by org.testng.reporters.JUnitReportReporter -->
<testsuite hostname="CRISTHIAN-VASQUEZ" failures="0" tests="3" name="com.timp.test.CALENDAR.Tarefas.TarefasNAGatewayPortaMultipla" time="96.894" errors="0" timestamp="01 mar. 2021 21:56:43 GMT" skipped="0">
  <testcase classname="com.timp.test.CALENDAR.Tarefas.TarefasNAGatewayPortaMultipla" name="login" time="14.026"/>
  <testcase classname="com.timp.test.CALENDAR.Tarefas.TarefasNAGatewayPortaMultipla" name="acessarCalendar" time="41.209"/>
  <testcase classname="com.timp.test.CALENDAR.Tarefas.TarefasNAGatewayPortaMultipla" name="Calendar" time="41.659"/>
</testsuite> <!-- com.timp.test.CALENDAR.Tarefas.TarefasNAGatewayPortaMultipla -->
