<?xml version="1.0" encoding="UTF-8"?>
<!-- Generated by org.testng.reporters.JUnitReportReporter -->
<testsuite hostname="DESKTOP-M23FVFN" failures="0" tests="1" name="com.timp.test.BRB.Visualizar" time="59.175" errors="0" timestamp="2022-12-11T14:38:08 BRT" skipped="0">
  <testcase classname="com.timp.test.BRB.Visualizar" name="visualizar" time="59.175"/>
  <system-out/>
</testsuite> <!-- com.timp.test.BRB.Visualizar -->
