<?xml version="1.0" encoding="UTF-8"?>
<!-- Generated by org.testng.reporters.JUnitReportReporter -->
<testsuite hostname="DESKTOP-M23FVFN" failures="0" tests="2" name="com.timp.test.BRB.ExcluirRelatorio" time="178.168" errors="0" timestamp="06 abr. 2022 19:20:40 GMT" skipped="0">
  <testcase classname="com.timp.test.BRB.ExcluirRelatorio" name="eliminarLixeira" time="52.747"/>
  <testcase classname="com.timp.test.BRB.ExcluirRelatorio" name="eliminar" time="125.421"/>
</testsuite> <!-- com.timp.test.BRB.ExcluirRelatorio -->
