<?xml version="1.0" encoding="UTF-8"?>
<!-- Generated by org.testng.reporters.JUnitReportReporter -->
<testsuite hostname="DESKTOP-C57COV6" failures="0" tests="2" name="com.timp.test.MDR.Antecipacao.AntecipacaoExcluirMassa" time="366.353" errors="0" timestamp="04 ago. 2021 05:30:23 GMT" skipped="0">
  <testcase classname="com.timp.test.MDR.Antecipacao.AntecipacaoExcluirMassa" name="excluir" time="47.027"/>
  <testcase classname="com.timp.test.MDR.Antecipacao.AntecipacaoExcluirMassa" name="criar" time="319.326"/>
</testsuite> <!-- com.timp.test.MDR.Antecipacao.AntecipacaoExcluirMassa -->
