<?xml version="1.0" encoding="UTF-8"?>
<!-- Generated by org.testng.reporters.JUnitReportReporter -->
<testsuite hostname="DESKTOP-BNBDMGT" failures="0" tests="3" name="com.timp.test.MDR.IncentivosFiscais.IncentivosFiscaisCriar" time="78.390" errors="0" timestamp="16 Dec 2020 04:48:10 GMT">
  <testcase classname="com.timp.test.MDR.IncentivosFiscais.IncentivosFiscaisCriar" name="login" time="5.824"/>
  <testcase classname="com.timp.test.MDR.IncentivosFiscais.IncentivosFiscaisCriar" name="CriarIncentivosFiscais" time="54.906"/>
  <testcase classname="com.timp.test.MDR.IncentivosFiscais.IncentivosFiscaisCriar" name="acessarMDR" time="17.660"/>
</testsuite> <!-- com.timp.test.MDR.IncentivosFiscais.IncentivosFiscaisCriar -->
