<?xml version="1.0" encoding="UTF-8"?>
<!-- Generated by org.testng.reporters.JUnitReportReporter -->
<testsuite hostname="CRISTHIAN-VASQUEZ" failures="0" tests="1" name="com.timp.test.MDR.TabelasApoioSped.ObservaçoesdoDocumentoFiscal.ObservaçoesdoDocumentoFiscalEditar" time="91.137" errors="0" timestamp="24 feb. 2021 13:58:04 GMT" skipped="0">
  <testcase classname="com.timp.test.MDR.TabelasApoioSped.ObservaçoesdoDocumentoFiscal.ObservaçoesdoDocumentoFiscalEditar" name="editar" time="91.137"/>
</testsuite> <!-- com.timp.test.MDR.TabelasApoioSped.ObservaçoesdoDocumentoFiscal.ObservaçoesdoDocumentoFiscalEditar -->
