<?xml version="1.0" encoding="UTF-8"?>
<!-- Generated by org.testng.reporters.JUnitReportReporter -->
<testsuite hostname="LAPTOP-IN7IV9K5" failures="0" tests="1" name="com.timp.test.MDR.AtividadesFiscais.GrupoAtividadeFiscal.GrupoAtividadeExcluir" time="79.510" errors="0" timestamp="09 abr. 2021 00:01:20 GMT" skipped="0">
  <testcase classname="com.timp.test.MDR.AtividadesFiscais.GrupoAtividadeFiscal.GrupoAtividadeExcluir" name="excluir" time="79.510"/>
</testsuite> <!-- com.timp.test.MDR.AtividadesFiscais.GrupoAtividadeFiscal.GrupoAtividadeExcluir -->
