<?xml version="1.0" encoding="UTF-8"?>
<!-- Generated by org.testng.reporters.JUnitReportReporter -->
<testsuite skipped="0" hostname="LitoSoler" name="com.timp.test.MDR.CodigoContabilizacao.CódigoContabilizaçãoExcluirMassa" tests="2" failures="0" timestamp="17 feb 2021 21:46:17 GMT" time="176.338" errors="0">
  <testcase name="exlcuir" time="39.591" classname="com.timp.test.MDR.CodigoContabilizacao.CódigoContabilizaçãoExcluirMassa"/>
  <testcase name="criar" time="136.747" classname="com.timp.test.MDR.CodigoContabilizacao.CódigoContabilizaçãoExcluirMassa"/>
</testsuite> <!-- com.timp.test.MDR.CodigoContabilizacao.CódigoContabilizaçãoExcluirMassa -->
