<?xml version="1.0" encoding="UTF-8"?>
<!-- Generated by org.testng.reporters.JUnitReportReporter -->
<testsuite hostname="MIGUEL" failures="0" tests="3" name="com.timp.test.TFP.Configurações.Bloqueios.Periodo.ConfiguracaoBloqueiosVer" time="85.435" errors="0" timestamp="29 Dec 2020 20:38:43 GMT">
  <testcase classname="com.timp.test.TFP.Configurações.Bloqueios.Periodo.ConfiguracaoBloqueiosVer" name="ver" time="52.931"/>
  <testcase classname="com.timp.test.TFP.Configurações.Bloqueios.Periodo.ConfiguracaoBloqueiosVer" name="login" time="11.237"/>
  <testcase classname="com.timp.test.TFP.Configurações.Bloqueios.Periodo.ConfiguracaoBloqueiosVer" name="TFPEntrar" time="21.267"/>
</testsuite> <!-- com.timp.test.TFP.Configurações.Bloqueios.Periodo.ConfiguracaoBloqueiosVer -->
