<?xml version="1.0" encoding="UTF-8"?>
<!-- Generated by org.testng.reporters.JUnitReportReporter -->
<testsuite hostname="CRISTHIAN-VASQUEZ" failures="0" tests="3" name="com.timp.test.MDR.EventosESocial.S1250AquisicaoDeProducaoRural.S1250DadosdeEventos.S1250DadosdeEventoEditar" time="110.868" errors="0" timestamp="5 Jan 2021 18:47:57 GMT">
  <testcase classname="com.timp.test.MDR.EventosESocial.S1250AquisicaoDeProducaoRural.S1250DadosdeEventos.S1250DadosdeEventoEditar" name="acessarMDR" time="11.681"/>
  <testcase classname="com.timp.test.MDR.EventosESocial.S1250AquisicaoDeProducaoRural.S1250DadosdeEventos.S1250DadosdeEventoEditar" name="editar" time="90.559"/>
  <testcase classname="com.timp.test.MDR.EventosESocial.S1250AquisicaoDeProducaoRural.S1250DadosdeEventos.S1250DadosdeEventoEditar" name="login" time="8.628"/>
</testsuite> <!-- com.timp.test.MDR.EventosESocial.S1250AquisicaoDeProducaoRural.S1250DadosdeEventos.S1250DadosdeEventoEditar -->
