<?xml version="1.0" encoding="UTF-8"?>
<!-- Generated by org.testng.reporters.JUnitReportReporter -->
<<<<<<< HEAD
<testsuite hostname="DESKTOP-M23FVFN" failures="0" tests="2" name="com.timp.test.ATR.Estruturas.MapeamentoDeEstruturas.MapeamentodeEstruturasExcluirMassa" time="515.129" errors="0" timestamp="25 feb. 2022 20:48:45 GMT" skipped="0">
  <testcase classname="com.timp.test.ATR.Estruturas.MapeamentoDeEstruturas.MapeamentodeEstruturasExcluirMassa" name="excluirMasa" time="43.864"/>
  <testcase classname="com.timp.test.ATR.Estruturas.MapeamentoDeEstruturas.MapeamentodeEstruturasExcluirMassa" name="Criar" time="471.265"/>
=======
<testsuite hostname="Agile" failures="0" tests="2" name="com.timp.test.ATR.Estruturas.MapeamentoDeEstruturas.MapeamentodeEstruturasExcluirMassa" time="525.907" errors="0" timestamp="14 feb. 2022 19:48:59 GMT" skipped="0">
  <testcase classname="com.timp.test.ATR.Estruturas.MapeamentoDeEstruturas.MapeamentodeEstruturasExcluirMassa" name="excluirMasa" time="55.181"/>
  <testcase classname="com.timp.test.ATR.Estruturas.MapeamentoDeEstruturas.MapeamentodeEstruturasExcluirMassa" name="Criar" time="470.726"/>
>>>>>>> branch 'Yessy' of https://github.com/salc1997/TIMP_R1.git
</testsuite> <!-- com.timp.test.ATR.Estruturas.MapeamentoDeEstruturas.MapeamentodeEstruturasExcluirMassa -->
