<?xml version="1.0" encoding="UTF-8"?>
<!-- Generated by org.testng.reporters.JUnitReportReporter -->
<testsuite hostname="EC2AMAZ-8HCHO4G" failures="0" tests="1" name="com.timp.test.BRE.RegrasdeAuditoriaN1.Edicao.RegrasdeAuditoriaN1EdiçãoEstruturas" time="364.042" errors="0" timestamp="2023-08-30T17:20:33 UTC" skipped="0">
  <testcase classname="com.timp.test.BRE.RegrasdeAuditoriaN1.Edicao.RegrasdeAuditoriaN1EdiçãoEstruturas" name="editar" time="364.042"/>
  <system-out/>
</testsuite> <!-- com.timp.test.BRE.RegrasdeAuditoriaN1.Edicao.RegrasdeAuditoriaN1EdiçãoEstruturas -->
