<?xml version="1.0" encoding="UTF-8"?>
<!-- Generated by org.testng.reporters.JUnitReportReporter -->
<testsuite hostname="Agile" failures="0" tests="2" name="com.timp.test.BRB.FiltroColunas" time="218.759" errors="0" timestamp="19 abr. 2022 22:55:39 GMT" skipped="0">
  <testcase classname="com.timp.test.BRB.FiltroColunas" name="filtroConFerramenta1" time="184.988"/>
  <testcase classname="com.timp.test.BRB.FiltroColunas" name="filtroConFerramenta2" time="33.771"/>
</testsuite> <!-- com.timp.test.BRB.FiltroColunas -->
