<?xml version="1.0" encoding="UTF-8"?>
<!-- Generated by org.testng.reporters.JUnitReportReporter -->
<testsuite hostname="DESKTOP-5P4F1JE" failures="0" tests="3" name="com.timp.test.MDR.TabelasApoioSped.DeParaLivroApuraçaoXSpedFiscal.DeParaLivroApuraçaoXSpedFiscalDetalhes" time="87.845" errors="0" timestamp="2 Feb 2021 21:22:16 GMT">
  <testcase classname="com.timp.test.MDR.TabelasApoioSped.DeParaLivroApuraçaoXSpedFiscal.DeParaLivroApuraçaoXSpedFiscalDetalhes" name="detalhes" time="31.893"/>
  <testcase classname="com.timp.test.MDR.TabelasApoioSped.DeParaLivroApuraçaoXSpedFiscal.DeParaLivroApuraçaoXSpedFiscalDetalhes" name="login" time="13.208"/>
  <testcase classname="com.timp.test.MDR.TabelasApoioSped.DeParaLivroApuraçaoXSpedFiscal.DeParaLivroApuraçaoXSpedFiscalDetalhes" name="acessarMDR" time="42.744"/>
</testsuite> <!-- com.timp.test.MDR.TabelasApoioSped.DeParaLivroApuraçaoXSpedFiscal.DeParaLivroApuraçaoXSpedFiscalDetalhes -->
