<?xml version="1.0" encoding="UTF-8"?>
<!-- Generated by org.testng.reporters.JUnitReportReporter -->
<testsuite hostname="DESKTOP-5P4F1JE" failures="0" tests="3" name="com.timp.test.MDR.TabelasComplementaresParaObrigaçoesAcessorias.TabelaCodigoReceitas.TabelaDeCodigosDeReceitasExcluirEmMassa" time="125.552" errors="0" timestamp="18 Dec 2020 22:02:53 GMT">
  <testcase classname="com.timp.test.MDR.TabelasComplementaresParaObrigaçoesAcessorias.TabelaCodigoReceitas.TabelaDeCodigosDeReceitasExcluirEmMassa" name="acessarMDR" time="23.279"/>
  <testcase classname="com.timp.test.MDR.TabelasComplementaresParaObrigaçoesAcessorias.TabelaCodigoReceitas.TabelaDeCodigosDeReceitasExcluirEmMassa" name="login" time="7.904"/>
  <testcase classname="com.timp.test.MDR.TabelasComplementaresParaObrigaçoesAcessorias.TabelaCodigoReceitas.TabelaDeCodigosDeReceitasExcluirEmMassa" name="criar" time="94.369"/>
</testsuite> <!-- com.timp.test.MDR.TabelasComplementaresParaObrigaçoesAcessorias.TabelaCodigoReceitas.TabelaDeCodigosDeReceitasExcluirEmMassa -->
