<?xml version="1.0" encoding="UTF-8"?>
<!-- Generated by org.testng.reporters.JUnitReportReporter -->
<testsuite hostname="DESKTOP-M23FVFN" failures="0" tests="1" name="com.timp.test.BCB.ParametrosGeraisHierarquia.Hierarquia.ParametrosGeraisHierarquiaVisualizar" time="89.442" errors="0" timestamp="2022-10-25T14:04:13 BRT" skipped="0">
  <testcase classname="com.timp.test.BCB.ParametrosGeraisHierarquia.Hierarquia.ParametrosGeraisHierarquiaVisualizar" name="visualizar" time="89.442"/>
  <system-out/>
</testsuite> <!-- com.timp.test.BCB.ParametrosGeraisHierarquia.Hierarquia.ParametrosGeraisHierarquiaVisualizar -->
