<?xml version="1.0" encoding="UTF-8"?>
<!-- Generated by org.testng.reporters.JUnitReportReporter -->
<testsuite hostname="LitoSoler" name="com.timp.test.MDR.SCANC.MovimentoSCANC.MovimentoSCANCExcluir" tests="3" failures="0" timestamp="4 Sep 2020 17:42:44 GMT" time="190.636" errors="0">
  <testcase name="login" time="14.875" classname="com.timp.test.MDR.SCANC.MovimentoSCANC.MovimentoSCANCExcluir"/>
  <testcase name="criar" time="61.231" classname="com.timp.test.MDR.SCANC.MovimentoSCANC.MovimentoSCANCExcluir"/>
  <testcase name="acessarMDR" time="114.530" classname="com.timp.test.MDR.SCANC.MovimentoSCANC.MovimentoSCANCExcluir"/>
</testsuite> <!-- com.timp.test.MDR.SCANC.MovimentoSCANC.MovimentoSCANCExcluir -->
