<?xml version="1.0" encoding="UTF-8"?>
<!-- Generated by org.testng.reporters.JUnitReportReporter -->
<testsuite hostname="DESKTOP-35UG9UP" name="com.timp.test.MDR.ContratoIOF.ContratoIOFEditar" tests="3" failures="0" timestamp="3 Aug 2020 18:54:10 GMT" time="64.164" errors="0">
  <testcase name="login" time="9.276" classname="com.timp.test.MDR.ContratoIOF.ContratoIOFEditar"/>
  <testcase name="acessarMDR" time="11.330" classname="com.timp.test.MDR.ContratoIOF.ContratoIOFEditar"/>
  <testcase name="Editar" time="43.558" classname="com.timp.test.MDR.ContratoIOF.ContratoIOFEditar"/>
</testsuite> <!-- com.timp.test.MDR.ContratoIOF.ContratoIOFEditar -->
