<?xml version="1.0" encoding="UTF-8"?>
<!-- Generated by org.testng.reporters.JUnitReportReporter -->
<testsuite hostname="DESKTOP-C57COV6" failures="0" tests="1" name="com.timp.test.MDR.TabelasComplementaresParaObrigaçoesAcessorias.AgrupadorDeCFOP.AgrupadorDeCFOPDetalhes" time="79.704" errors="0" timestamp="25 nov. 2021 08:03:48 GMT" skipped="0">
  <testcase classname="com.timp.test.MDR.TabelasComplementaresParaObrigaçoesAcessorias.AgrupadorDeCFOP.AgrupadorDeCFOPDetalhes" name="detalhes" time="79.704"/>
</testsuite> <!-- com.timp.test.MDR.TabelasComplementaresParaObrigaçoesAcessorias.AgrupadorDeCFOP.AgrupadorDeCFOPDetalhes -->
