<?xml version="1.0" encoding="UTF-8"?>
<!-- Generated by org.testng.reporters.JUnitReportReporter -->
<testsuite hostname="EC2AMAZ-8HCHO4G" failures="0" tests="1" name="com.timp.test.TDK.Kpis.Edicao.KpisGraficoEditar" time="104.799" errors="0" timestamp="2024-01-22T20:29:10 UTC" skipped="0">
  <testcase classname="com.timp.test.TDK.Kpis.Edicao.KpisGraficoEditar" name="Grafico" time="104.799"/>
  <system-out/>
</testsuite> <!-- com.timp.test.TDK.Kpis.Edicao.KpisGraficoEditar -->
