<?xml version="1.0" encoding="UTF-8"?>
<!-- Generated by org.testng.reporters.JUnitReportReporter -->
<testsuite hostname="LitoSoler" name="com.timp.test.MDR.TabelasApoioSped.InformaçoesAdicionais.InformaçoesAdicionaisVisualizar" tests="3" failures="0" timestamp="2 Sep 2020 23:28:59 GMT" time="112.563" errors="0">
  <testcase name="login" time="7.888" classname="com.timp.test.MDR.TabelasApoioSped.InformaçoesAdicionais.InformaçoesAdicionaisVisualizar"/>
  <testcase name="Visualizar" time="73.031" classname="com.timp.test.MDR.TabelasApoioSped.InformaçoesAdicionais.InformaçoesAdicionaisVisualizar"/>
  <testcase name="acessarMDR" time="31.644" classname="com.timp.test.MDR.TabelasApoioSped.InformaçoesAdicionais.InformaçoesAdicionaisVisualizar"/>
</testsuite> <!-- com.timp.test.MDR.TabelasApoioSped.InformaçoesAdicionais.InformaçoesAdicionaisVisualizar -->
