<?xml version="1.0" encoding="UTF-8"?>
<!-- Generated by org.testng.reporters.JUnitReportReporter -->
<testsuite hostname="LitoSoler" name="com.timp.test.BRB.AgrupadoPeloCampo" tests="3" failures="0" timestamp="23 Sep 2020 20:47:12 GMT" time="117.701" errors="0">
  <testcase name="login" time="9.868" classname="com.timp.test.BRB.AgrupadoPeloCampo"/>
  <testcase name="brbEntrar" time="18.650" classname="com.timp.test.BRB.AgrupadoPeloCampo"/>
  <testcase name="agrupadoPeloCampo" time="89.183" classname="com.timp.test.BRB.AgrupadoPeloCampo"/>
</testsuite> <!-- com.timp.test.BRB.AgrupadoPeloCampo -->
