<?xml version="1.0" encoding="UTF-8"?>
<!-- Generated by org.testng.reporters.JUnitReportReporter -->
<testsuite hostname="DESKTOP-C57COV6" failures="0" tests="2" name="com.timp.test.BRB.GruposAvancados" time="238.909" errors="0" timestamp="13 may. 2021 17:57:44 GMT" skipped="0">
  <testcase classname="com.timp.test.BRB.GruposAvancados" name="gruposAvanzados" time="198.046"/>
  <testcase classname="com.timp.test.BRB.GruposAvancados" name="eliminarGrupos" time="40.863"/>
</testsuite> <!-- com.timp.test.BRB.GruposAvancados -->
