<?xml version="1.0" encoding="UTF-8"?>
<!-- Generated by org.testng.reporters.JUnitReportReporter -->
<testsuite hostname="LitoSoler" name="com.timp.test.DFG.Configuracoes.ConfiguracoesCriar" tests="3" failures="0" timestamp="14 Dec 2020 15:26:36 GMT" time="199.657" errors="0">
  <testcase name="ingresar" time="6.023" classname="com.timp.test.DFG.Configuracoes.ConfiguracoesCriar"/>
  <testcase name="mdrEntrar" time="13.999" classname="com.timp.test.DFG.Configuracoes.ConfiguracoesCriar"/>
  <testcase name="criar" time="179.635" classname="com.timp.test.DFG.Configuracoes.ConfiguracoesCriar"/>
</testsuite> <!-- com.timp.test.DFG.Configuracoes.ConfiguracoesCriar -->
