<?xml version="1.0" encoding="UTF-8"?>
<!-- Generated by org.testng.reporters.JUnitReportReporter -->
<testsuite hostname="DESKTOP-35UG9UP" name="com.timp.test.MDR.EventosESocial.S1250AquisicaoDeProducaoRural.S1250AquisicaoDeProducaoRuralEditar" tests="3" failures="0" timestamp="28 Sep 2020 20:11:49 GMT" time="94.559" errors="0">
  <testcase name="login" time="11.508" classname="com.timp.test.MDR.EventosESocial.S1250AquisicaoDeProducaoRural.S1250AquisicaoDeProducaoRuralEditar"/>
  <testcase name="editar" time="70.507" classname="com.timp.test.MDR.EventosESocial.S1250AquisicaoDeProducaoRural.S1250AquisicaoDeProducaoRuralEditar"/>
  <testcase name="acessarMDR" time="12.544" classname="com.timp.test.MDR.EventosESocial.S1250AquisicaoDeProducaoRural.S1250AquisicaoDeProducaoRuralEditar"/>
</testsuite> <!-- com.timp.test.MDR.EventosESocial.S1250AquisicaoDeProducaoRural.S1250AquisicaoDeProducaoRuralEditar -->
