<?xml version="1.0" encoding="UTF-8"?>
<!-- Generated by org.testng.reporters.JUnitReportReporter -->
<testsuite hostname="DESKTOP-5P4F1JE" failures="0" tests="3" name="com.timp.test.MDR.RateioDeConsorcio.RateioDeConsorcioPesquisaPorID" time="49.981" errors="0" timestamp="13 Nov 2020 13:18:50 GMT">
  <testcase classname="com.timp.test.MDR.RateioDeConsorcio.RateioDeConsorcioPesquisaPorID" name="login" time="10.511"/>
  <testcase classname="com.timp.test.MDR.RateioDeConsorcio.RateioDeConsorcioPesquisaPorID" name="filtro" time="26.442"/>
  <testcase classname="com.timp.test.MDR.RateioDeConsorcio.RateioDeConsorcioPesquisaPorID" name="acessarMDR" time="13.028"/>
</testsuite> <!-- com.timp.test.MDR.RateioDeConsorcio.RateioDeConsorcioPesquisaPorID -->
