<?xml version="1.0" encoding="UTF-8"?>
<!-- Generated by org.testng.reporters.JUnitReportReporter -->
<testsuite hostname="DESKTOP-M23FVFN" failures="0" tests="1" name="com.timp.test.MDR.TabelasApoioESocial.Tabela22.CompatibilidadeEntreFPASExcluir" time="98.638" errors="0" timestamp="30 nov. 2021 08:27:56 GMT" skipped="0">
  <testcase classname="com.timp.test.MDR.TabelasApoioESocial.Tabela22.CompatibilidadeEntreFPASExcluir" name="excluirCompatibilidadeEntreFPAS" time="98.638"/>
</testsuite> <!-- com.timp.test.MDR.TabelasApoioESocial.Tabela22.CompatibilidadeEntreFPASExcluir -->
