<?xml version="1.0" encoding="UTF-8"?>
<!-- Generated by org.testng.reporters.JUnitReportReporter -->
<testsuite hostname="LitoSoler" name="com.timp.test.BCB.ParametrosGeraisHierarquiaExcluirSelectFlag" tests="3" failures="0" timestamp="21 Jan 2021 20:32:49 GMT" time="65.440" errors="0">
  <testcase name="excluir" time="44.871" classname="com.timp.test.BCB.ParametrosGeraisHierarquiaExcluirSelectFlag"/>
  <testcase name="login" time="7.387" classname="com.timp.test.BCB.ParametrosGeraisHierarquiaExcluirSelectFlag"/>
  <testcase name="brbEntrar" time="13.182" classname="com.timp.test.BCB.ParametrosGeraisHierarquiaExcluirSelectFlag"/>
</testsuite> <!-- com.timp.test.BCB.ParametrosGeraisHierarquiaExcluirSelectFlag -->
