<?xml version="1.0" encoding="UTF-8"?>
<!-- Generated by org.testng.reporters.JUnitReportReporter -->
<testsuite skipped="0" hostname="LitoSoler" name="com.timp.test.BRB.CrescenteEDecrescente" tests="1" failures="0" timestamp="24 feb 2021 16:20:00 GMT" time="241.359" errors="0">
  <testcase name="crescenteEDecrescente" time="241.359" classname="com.timp.test.BRB.CrescenteEDecrescente"/>
</testsuite> <!-- com.timp.test.BRB.CrescenteEDecrescente -->
