<?xml version="1.0" encoding="UTF-8"?>
<!-- Generated by org.testng.reporters.JUnitReportReporter -->
<testsuite hostname="DESKTOP-JP1A9E6" failures="0" tests="2" name="com.timp.test.BRB.ExcluirRelatorio" time="146.947" errors="0" timestamp="20 ago. 2021 23:09:46 GMT" skipped="0">
  <testcase classname="com.timp.test.BRB.ExcluirRelatorio" name="eliminarLixeira" time="50.769"/>
  <testcase classname="com.timp.test.BRB.ExcluirRelatorio" name="eliminar" time="96.178"/>
</testsuite> <!-- com.timp.test.BRB.ExcluirRelatorio -->
