<?xml version="1.0" encoding="UTF-8"?>
<!-- Generated by org.testng.reporters.JUnitReportReporter -->
<testsuite hostname="DESKTOP-M23FVFN" failures="0" tests="2" name="com.timp.test.TFB.LivrosOficiais.LivrosOficiais" time="157.279" errors="0" timestamp="09 may. 2022 19:19:38 GMT" skipped="0">
  <testcase classname="com.timp.test.TFB.LivrosOficiais.LivrosOficiais" name="livrosOficias" time="41.607"/>
  <testcase classname="com.timp.test.TFB.LivrosOficiais.LivrosOficiais" name="livrosICMSDIFAL" time="115.672"/>
</testsuite> <!-- com.timp.test.TFB.LivrosOficiais.LivrosOficiais -->
