<?xml version="1.0" encoding="UTF-8"?>
<!-- Generated by org.testng.reporters.JUnitReportReporter -->
<testsuite hostname="DESKTOP-JP1A9E6" failures="0" tests="1" name="com.timp.test.MDR.SCANC.RelacionamentoEntreQuadros.RelacionamentoEntreQuadrosExcluir" time="92.375" errors="0" timestamp="18 may. 2021 05:45:05 GMT" skipped="0">
  <testcase classname="com.timp.test.MDR.SCANC.RelacionamentoEntreQuadros.RelacionamentoEntreQuadrosExcluir" name="excluir" time="92.375"/>
</testsuite> <!-- com.timp.test.MDR.SCANC.RelacionamentoEntreQuadros.RelacionamentoEntreQuadrosExcluir -->
