<?xml version="1.0" encoding="UTF-8"?>
<!-- Generated by org.testng.reporters.JUnitReportReporter -->
<testsuite hostname="LitoSoler" name="com.timp.test.MDR.CenariosCorrecao.CenariosCorrecaoEditar" tests="3" failures="0" timestamp="7 Aug 2020 16:56:45 GMT" time="103.278" errors="0">
  <testcase name="login" time="7.431" classname="com.timp.test.MDR.CenariosCorrecao.CenariosCorrecaoEditar"/>
  <testcase name="cenariosCorrecaoEditar" time="86.548" classname="com.timp.test.MDR.CenariosCorrecao.CenariosCorrecaoEditar"/>
  <testcase name="acessarMDR" time="9.299" classname="com.timp.test.MDR.CenariosCorrecao.CenariosCorrecaoEditar"/>
</testsuite> <!-- com.timp.test.MDR.CenariosCorrecao.CenariosCorrecaoEditar -->
