<?xml version="1.0" encoding="UTF-8"?>
<!-- Generated by org.testng.reporters.JUnitReportReporter -->
<testsuite hostname="DESKTOP-C57COV6" failures="0" tests="1" name="com.timp.test.ATR.Arquivos.NotaFiscalEletronicaDeEntradaDeSaida.NotaFiscalEletronicaDeEntradaDeSaidaFiltrosAvancados" time="73.598" errors="0" timestamp="13 ago. 2021 16:41:40 GMT" skipped="0">
  <testcase classname="com.timp.test.ATR.Arquivos.NotaFiscalEletronicaDeEntradaDeSaida.NotaFiscalEletronicaDeEntradaDeSaidaFiltrosAvancados" name="filtroAvansado" time="73.598"/>
</testsuite> <!-- com.timp.test.ATR.Arquivos.NotaFiscalEletronicaDeEntradaDeSaida.NotaFiscalEletronicaDeEntradaDeSaidaFiltrosAvancados -->
