<?xml version="1.0" encoding="UTF-8"?>
<!-- Generated by org.testng.reporters.JUnitReportReporter -->
<testsuite hostname="DESKTOP-JP1A9E6" failures="0" tests="1" name="com.timp.test.MDR.SequenciaAcesso.SequenciaFiltros" time="47.009" errors="0" timestamp="10 sep. 2021 21:42:07 GMT" skipped="0">
  <testcase classname="com.timp.test.MDR.SequenciaAcesso.SequenciaFiltros" name="filtro" time="47.009"/>
</testsuite> <!-- com.timp.test.MDR.SequenciaAcesso.SequenciaFiltros -->
