<?xml version="1.0" encoding="UTF-8"?>
<!-- Generated by org.testng.reporters.JUnitReportReporter -->
<<<<<<< HEAD
<testsuite hostname="DESKTOP-C57COV6" failures="0" tests="1" name="com.timp.test.MDR.PrecoDeTransferencia.ValoresParaMetodo.ValoresParaMetodoPVA.ValoresParaMetodoPVACriar" time="119.512" errors="0" timestamp="05 ago. 2021 12:32:47 GMT" skipped="0">
  <testcase classname="com.timp.test.MDR.PrecoDeTransferencia.ValoresParaMetodo.ValoresParaMetodoPVA.ValoresParaMetodoPVACriar" name="criar" time="119.512"/>
=======
<testsuite hostname="DESKTOP-JP1A9E6" failures="0" tests="1" name="com.timp.test.MDR.PrecoDeTransferencia.ValoresParaMetodo.ValoresParaMetodoPVA.ValoresParaMetodoPVACriar" time="114.453" errors="0" timestamp="10 ago. 2021 12:24:38 GMT" skipped="0">
  <testcase classname="com.timp.test.MDR.PrecoDeTransferencia.ValoresParaMetodo.ValoresParaMetodoPVA.ValoresParaMetodoPVACriar" name="criar" time="114.453"/>
>>>>>>> branch 'Yessy' of https://github.com/salc1997/TIMP_R1.git
</testsuite> <!-- com.timp.test.MDR.PrecoDeTransferencia.ValoresParaMetodo.ValoresParaMetodoPVA.ValoresParaMetodoPVACriar -->
