<?xml version="1.0" encoding="UTF-8"?>
<!-- Generated by org.testng.reporters.JUnitReportReporter -->
<testsuite hostname="LitoSoler" name="com.timp.test.BRB.Eliminar" tests="4" failures="0" timestamp="23 Sep 2020 22:58:56 GMT" time="147.334" errors="0">
  <testcase name="eliminarLixeira" time="65.741" classname="com.timp.test.BRB.Eliminar"/>
  <testcase name="brbEntrar" time="16.158" classname="com.timp.test.BRB.Eliminar"/>
  <testcase name="login" time="5.973" classname="com.timp.test.BRB.Eliminar"/>
  <testcase name="eliminar" time="59.462" classname="com.timp.test.BRB.Eliminar"/>
</testsuite> <!-- com.timp.test.BRB.Eliminar -->
