<?xml version="1.0" encoding="UTF-8"?>
<!-- Generated by org.testng.reporters.JUnitReportReporter -->
<testsuite hostname="MassielV" failures="0" tests="1" name="com.timp.test.MDR.CodigoContabilizacao.CodigoContabilizacaoEditar" time="161.377" errors="0" timestamp="15 oct. 2021 10:29:25 GMT" skipped="0">
  <testcase classname="com.timp.test.MDR.CodigoContabilizacao.CodigoContabilizacaoEditar" name="editar" time="161.377"/>
</testsuite> <!-- com.timp.test.MDR.CodigoContabilizacao.CodigoContabilizacaoEditar -->
