<?xml version="1.0" encoding="UTF-8"?>
<!-- Generated by org.testng.reporters.JUnitReportReporter -->
<testsuite hostname="MIGUEL" failures="0" tests="1" name="com.timp.test.MDR.ValorAdicionado.InclusaoDeCamposMar.InclusaoDeCamposMarVisualizar" time="82.433" errors="0" timestamp="29 mar. 2021 23:38:02 GMT" skipped="0">
  <testcase classname="com.timp.test.MDR.ValorAdicionado.InclusaoDeCamposMar.InclusaoDeCamposMarVisualizar" name="Visualizar" time="82.433"/>
</testsuite> <!-- com.timp.test.MDR.ValorAdicionado.InclusaoDeCamposMar.InclusaoDeCamposMarVisualizar -->
