<?xml version="1.0" encoding="UTF-8"?>
<!-- Generated by org.testng.reporters.JUnitReportReporter -->
<testsuite hostname="DESKTOP-JP1A9E6" failures="0" tests="3" name="com.timp.test.BPMA.Processo.ParametrosGerais.ParametrosGeraisVisualizar" time="266.874" errors="0" timestamp="19 jul. 2021 23:59:53 GMT" skipped="0">
  <testcase classname="com.timp.test.BPMA.Processo.ParametrosGerais.ParametrosGeraisVisualizar" name="login" time="19.846"/>
  <testcase classname="com.timp.test.BPMA.Processo.ParametrosGerais.ParametrosGeraisVisualizar" name="visualizar" time="209.618"/>
  <testcase classname="com.timp.test.BPMA.Processo.ParametrosGerais.ParametrosGeraisVisualizar" name="BPMAEntrar" time="37.410"/>
</testsuite> <!-- com.timp.test.BPMA.Processo.ParametrosGerais.ParametrosGeraisVisualizar -->
