<?xml version="1.0" encoding="UTF-8"?>
<!-- Generated by org.testng.reporters.JUnitReportReporter -->
<testsuite hostname="DESKTOP-SUF121B" failures="0" tests="3" name="com.timp.test.MDR.CEP.Logradouro.LogradouroExcluir" time="110.813" errors="0" timestamp="29 Jul 2020 21:58:17 GMT">
  <testcase classname="com.timp.test.MDR.CEP.Logradouro.LogradouroExcluir" name="logradouroExcluir" time="56.315"/>
  <testcase classname="com.timp.test.MDR.CEP.Logradouro.LogradouroExcluir" name="login" time="13.280"/>
  <testcase classname="com.timp.test.MDR.CEP.Logradouro.LogradouroExcluir" name="acessarMDR" time="41.218"/>
</testsuite> <!-- com.timp.test.MDR.CEP.Logradouro.LogradouroExcluir -->
