<?xml version="1.0" encoding="UTF-8"?>
<<<<<<< HEAD
<!-- Generated by org.testng.reporters.JUnitReportReporter -->
<testsuite hostname="LitoSoler" name="com.timp.test.SCANC.RelatoriosRefineriaGerados.RRGConfiguracaoDeAjustePresquisaPorIDOuCodigoDeAjuste" tests="3" failures="0" timestamp="16 Dec 2020 17:17:35 GMT" time="122.528" errors="0">
  <testcase name="scancEntrar" time="33.507" classname="com.timp.test.SCANC.RelatoriosRefineriaGerados.RRGConfiguracaoDeAjustePresquisaPorIDOuCodigoDeAjuste"/>
  <testcase name="pesquisar" time="69.818" classname="com.timp.test.SCANC.RelatoriosRefineriaGerados.RRGConfiguracaoDeAjustePresquisaPorIDOuCodigoDeAjuste"/>
  <testcase name="ingresar" time="19.203" classname="com.timp.test.SCANC.RelatoriosRefineriaGerados.RRGConfiguracaoDeAjustePresquisaPorIDOuCodigoDeAjuste"/>
=======
<!-- Generated by org.testng.reporters.JUnitReportReporter -->
<testsuite hostname="MIGUEL" failures="0" tests="3" name="com.timp.test.SCANC.RelatoriosRefineriaGerados.RRGConfiguracaoDeAjustePresquisaPorIDOuCodigoDeAjuste" time="100.045" errors="0" timestamp="7 Dec 2020 03:29:30 GMT">
  <testcase classname="com.timp.test.SCANC.RelatoriosRefineriaGerados.RRGConfiguracaoDeAjustePresquisaPorIDOuCodigoDeAjuste" name="pesquisar" time="66.091"/>
  <testcase classname="com.timp.test.SCANC.RelatoriosRefineriaGerados.RRGConfiguracaoDeAjustePresquisaPorIDOuCodigoDeAjuste" name="ingresar" time="7.079"/>
  <testcase classname="com.timp.test.SCANC.RelatoriosRefineriaGerados.RRGConfiguracaoDeAjustePresquisaPorIDOuCodigoDeAjuste" name="scancEntrar" time="26.875"/>
>>>>>>> refs/remotes/origin/master
</testsuite> <!-- com.timp.test.SCANC.RelatoriosRefineriaGerados.RRGConfiguracaoDeAjustePresquisaPorIDOuCodigoDeAjuste -->
