<?xml version="1.0" encoding="UTF-8"?>
<!-- Generated by org.testng.reporters.JUnitReportReporter -->
<testsuite hostname="LitoSoler" name="com.timp.test.MDR.Empresas.EmpresasVisualizar" tests="3" failures="0" timestamp="24 Sep 2020 17:20:20 GMT" time="52.367" errors="0">
  <testcase name="login" time="7.531" classname="com.timp.test.MDR.Empresas.EmpresasVisualizar"/>
  <testcase name="acessarMDR" time="16.416" classname="com.timp.test.MDR.Empresas.EmpresasVisualizar"/>
  <testcase name="visualizar" time="28.420" classname="com.timp.test.MDR.Empresas.EmpresasVisualizar"/>
</testsuite> <!-- com.timp.test.MDR.Empresas.EmpresasVisualizar -->
