<?xml version="1.0" encoding="UTF-8"?>
<!-- Generated by org.testng.reporters.JUnitReportReporter -->
<testsuite hostname="DESKTOP-HB7TMPD" failures="0" tests="10" name="com.timp.test.BCB.FormulaHierarquiaConfiguracaoTodasAsFuncionalidadesParte2" time="415.881" errors="0" timestamp="19 Dec 2020 01:53:41 GMT">
  <testcase classname="com.timp.test.BCB.FormulaHierarquiaConfiguracaoTodasAsFuncionalidadesParte2" name="login" time="10.850"/>
  <testcase classname="com.timp.test.BCB.FormulaHierarquiaConfiguracaoTodasAsFuncionalidadesParte2" name="abrirSubnivel4" time="5.194"/>
  <testcase classname="com.timp.test.BCB.FormulaHierarquiaConfiguracaoTodasAsFuncionalidadesParte2" name="abrirSubnivel5" time="5.203"/>
  <testcase classname="com.timp.test.BCB.FormulaHierarquiaConfiguracaoTodasAsFuncionalidadesParte2" name="brbEntrar" time="15.148"/>
  <testcase classname="com.timp.test.BCB.FormulaHierarquiaConfiguracaoTodasAsFuncionalidadesParte2" name="subNivel5" time="199.742"/>
  <testcase classname="com.timp.test.BCB.FormulaHierarquiaConfiguracaoTodasAsFuncionalidadesParte2" name="excluirHierarquia" time="58.739"/>
  <testcase classname="com.timp.test.BCB.FormulaHierarquiaConfiguracaoTodasAsFuncionalidadesParte2" name="abrirSubnivel3" time="5.189"/>
  <testcase classname="com.timp.test.BCB.FormulaHierarquiaConfiguracaoTodasAsFuncionalidadesParte2" name="abrirSubnivel2" time="5.269"/>
  <testcase classname="com.timp.test.BCB.FormulaHierarquiaConfiguracaoTodasAsFuncionalidadesParte2" name="abrirSubnivel1" time="47.339"/>
  <testcase classname="com.timp.test.BCB.FormulaHierarquiaConfiguracaoTodasAsFuncionalidadesParte2" name="excluirConfiguracoes" time="63.208"/>
</testsuite> <!-- com.timp.test.BCB.FormulaHierarquiaConfiguracaoTodasAsFuncionalidadesParte2 -->
