<?xml version="1.0" encoding="UTF-8"?>
<!-- Generated by org.testng.reporters.JUnitReportReporter -->
<testsuite hostname="DESKTOP-BNBDMGT" failures="24" tests="119" name="com.timp.test.MDR.Automacoes.AutomacoesMDR2" time="15410.948" errors="10" timestamp="9 Jan 2021 00:03:23 GMT">
  <testcase classname="com.timp.test.MDR.Automacoes.AutomacoesMDR2" name="detalheTipoTributoDetalhes" time="93.790"/>
  <testcase classname="com.timp.test.MDR.Automacoes.AutomacoesMDR2" name="detalheTipoTributoFiscalExcluir" time="98.892"/>
  <testcase classname="com.timp.test.MDR.Automacoes.AutomacoesMDR2" name="contasDefaultParaExtemporaneoVisualizar" time="154.397">
    <error message="As informações não são as esperadas expected [true] but found [false]" type="java.lang.AssertionError">
      <![CDATA[java.lang.AssertionError: As informações não são as esperadas expected [true] but found [false]
	at org.testng.Assert.fail(Assert.java:94)
	at org.testng.Assert.failNotEquals(Assert.java:494)
	at org.testng.Assert.assertTrue(Assert.java:42)
	at com.timp.test.MDR.ParametrosContabilizacao.ContasDefaultParaExtemporaneo.ContasDefaultParaExtemporaneoVisualizar.Visualizar(ContasDefaultParaExtemporaneoVisualizar.java:56)
	at com.timp.test.MDR.Automacoes.AutomacoesMDR2.contasDefaultParaExtemporaneoVisualizar(AutomacoesMDR2.java:1080)
	at java.base/jdk.internal.reflect.NativeMethodAccessorImpl.invoke0(Native Method)
	at java.base/jdk.internal.reflect.NativeMethodAccessorImpl.invoke(NativeMethodAccessorImpl.java:62)
	at java.base/jdk.internal.reflect.DelegatingMethodAccessorImpl.invoke(DelegatingMethodAccessorImpl.java:43)
	at java.base/java.lang.reflect.Method.invoke(Method.java:564)
	at org.testng.internal.MethodInvocationHelper.invokeMethod(MethodInvocationHelper.java:80)
	at org.testng.internal.Invoker.invokeMethod(Invoker.java:714)
	at org.testng.internal.Invoker.invokeTestMethod(Invoker.java:901)
	at org.testng.internal.Invoker.invokeTestMethods(Invoker.java:1231)
	at org.testng.internal.TestMethodWorker.invokeTestMethods(TestMethodWorker.java:127)
	at org.testng.internal.TestMethodWorker.run(TestMethodWorker.java:111)
	at org.testng.TestRunner.privateRun(TestRunner.java:767)
	at org.testng.TestRunner.run(TestRunner.java:617)
	at org.testng.SuiteRunner.runTest(SuiteRunner.java:334)
	at org.testng.SuiteRunner.runSequentially(SuiteRunner.java:329)
	at org.testng.SuiteRunner.privateRun(SuiteRunner.java:291)
	at org.testng.SuiteRunner.run(SuiteRunner.java:240)
	at org.testng.SuiteRunnerWorker.runSuite(SuiteRunnerWorker.java:52)
	at org.testng.SuiteRunnerWorker.run(SuiteRunnerWorker.java:86)
	at org.testng.TestNG.runSuitesSequentially(TestNG.java:1198)
	at org.testng.TestNG.runSuitesLocally(TestNG.java:1123)
	at org.testng.TestNG.run(TestNG.java:1031)
	at org.testng.remote.AbstractRemoteTestNG.run(AbstractRemoteTestNG.java:115)
	at org.testng.remote.RemoteTestNG.initAndRun(RemoteTestNG.java:251)
	at org.testng.remote.RemoteTestNG.main(RemoteTestNG.java:77)
]]>
    </error>
  </testcase> <!-- contasDefaultParaExtemporaneoVisualizar -->
  <testcase classname="com.timp.test.MDR.Automacoes.AutomacoesMDR2" name="determinacaoDeTipoDeCondicaoCriarExcluir" time="90.868"/>
  <testcase classname="com.timp.test.MDR.Automacoes.AutomacoesMDR2" name="empresaEditar" time="161.139"/>
  <testcase classname="com.timp.test.MDR.Automacoes.AutomacoesMDR2" name="contasDefaultParaExtemporaneoExcluir" time="77.096"/>
  <testcase classname="com.timp.test.MDR.Automacoes.AutomacoesMDR2" name="registroDeExportaçaoCriar" time="106.504"/>
  <testcase classname="com.timp.test.MDR.Automacoes.AutomacoesMDR2" name="limiteCompetenciaVisualizar" time="111.032"/>
  <testcase classname="com.timp.test.MDR.Automacoes.AutomacoesMDR2" name="livrosFiscaisVisualizar" time="112.817"/>
  <testcase classname="com.timp.test.MDR.Automacoes.AutomacoesMDR2" name="mapeamentoSubstituicaoContaEstoqueCenariosCorrecoesExcluir" time="119.658"/>
  <testcase classname="com.timp.test.MDR.Automacoes.AutomacoesMDR2" name="detalheTipoTributoFiscalEditar" time="145.339"/>
  <testcase classname="com.timp.test.MDR.Automacoes.AutomacoesMDR2" name="productosSCANCExcluir" time="72.033">
    <failure message="no such element: Unable to locate element: {&quot;method&quot;:&quot;xpath&quot;,&quot;selector&quot;:&quot;//div[@data-id=&quot;41&quot;]/div[1]/div&quot;}
  (Session info: chrome=83.0.4103.106)
For documentation on this error, please visit: https://www.seleniumhq.org/exceptions/no_such_element.html
Build info: version: &#039;3.141.59&#039;, revision: &#039;e82be7d358&#039;, time: &#039;2018-11-14T08:17:03&#039;
System info: host: &#039;DESKTOP-BNBDMGT&#039;, ip: &#039;192.168.1.37&#039;, os.name: &#039;Windows 10&#039;, os.arch: &#039;amd64&#039;, os.version: &#039;10.0&#039;, java.version: &#039;14.0.1&#039;
Driver info: org.openqa.selenium.chrome.ChromeDriver
Capabilities {acceptInsecureCerts: false, browserName: chrome, browserVersion: 83.0.4103.106, chrome: {chromedriverVersion: 83.0.4103.39 (ccbf011cb2d2b..., userDataDir: C:\Users\ymass\AppData\Loca...}, goog:chromeOptions: {debuggerAddress: localhost:54095}, javascriptEnabled: true, networkConnectionEnabled: false, pageLoadStrategy: normal, platform: WINDOWS, platformName: WINDOWS, proxy: Proxy(), setWindowRect: true, strictFileInteractability: false, timeouts: {implicit: 0, pageLoad: 300000, script: 30000}, unhandledPromptBehavior: dismiss and notify, webauthn:virtualAuthenticators: true}
Session ID: 591c7b19840dee6c618b9b38b83fc673
*** Element info: {Using=xpath, value=//div[@data-id=&quot;41&quot;]/div[1]/div}" type="org.openqa.selenium.NoSuchElementException">
      <![CDATA[org.openqa.selenium.NoSuchElementException: no such element: Unable to locate element: {"method":"xpath","selector":"//div[@data-id="41"]/div[1]/div"}
  (Session info: chrome=83.0.4103.106)
For documentation on this error, please visit: https://www.seleniumhq.org/exceptions/no_such_element.html
Build info: version: '3.141.59', revision: 'e82be7d358', time: '2018-11-14T08:17:03'
System info: host: 'DESKTOP-BNBDMGT', ip: '192.168.1.37', os.name: 'Windows 10', os.arch: 'amd64', os.version: '10.0', java.version: '14.0.1'
Driver info: org.openqa.selenium.chrome.ChromeDriver
Capabilities {acceptInsecureCerts: false, browserName: chrome, browserVersion: 83.0.4103.106, chrome: {chromedriverVersion: 83.0.4103.39 (ccbf011cb2d2b..., userDataDir: C:\Users\ymass\AppData\Loca...}, goog:chromeOptions: {debuggerAddress: localhost:54095}, javascriptEnabled: true, networkConnectionEnabled: false, pageLoadStrategy: normal, platform: WINDOWS, platformName: WINDOWS, proxy: Proxy(), setWindowRect: true, strictFileInteractability: false, timeouts: {implicit: 0, pageLoad: 300000, script: 30000}, unhandledPromptBehavior: dismiss and notify, webauthn:virtualAuthenticators: true}
Session ID: 591c7b19840dee6c618b9b38b83fc673
*** Element info: {Using=xpath, value=//div[@data-id="41"]/div[1]/div}
	at jdk.internal.reflect.GeneratedConstructorAccessor14.newInstance(Unknown Source)
	at java.base/jdk.internal.reflect.DelegatingConstructorAccessorImpl.newInstance(DelegatingConstructorAccessorImpl.java:45)
	at java.base/java.lang.reflect.Constructor.newInstanceWithCaller(Constructor.java:500)
	at java.base/java.lang.reflect.Constructor.newInstance(Constructor.java:481)
	at org.openqa.selenium.remote.http.W3CHttpResponseCodec.createException(W3CHttpResponseCodec.java:187)
	at org.openqa.selenium.remote.http.W3CHttpResponseCodec.decode(W3CHttpResponseCodec.java:122)
	at org.openqa.selenium.remote.http.W3CHttpResponseCodec.decode(W3CHttpResponseCodec.java:49)
	at org.openqa.selenium.remote.HttpCommandExecutor.execute(HttpCommandExecutor.java:158)
	at org.openqa.selenium.remote.service.DriverCommandExecutor.execute(DriverCommandExecutor.java:83)
	at org.openqa.selenium.remote.RemoteWebDriver.execute(RemoteWebDriver.java:552)
	at org.openqa.selenium.remote.RemoteWebDriver.findElement(RemoteWebDriver.java:323)
	at org.openqa.selenium.remote.RemoteWebDriver.findElementByXPath(RemoteWebDriver.java:428)
	at org.openqa.selenium.By$ByXPath.findElement(By.java:353)
	at org.openqa.selenium.remote.RemoteWebDriver.findElement(RemoteWebDriver.java:315)
	at com.sap.timp.pageObjectModel.MDR.SCANC.ProdutosSCANC.ProdutosSCANCExcluirPO.excluir(ProdutosSCANCExcluirPO.java:72)
	at com.timp.test.MDR.SCANC.ProdutosSCANC.ProductosSCANCExcluir.excluir(ProductosSCANCExcluir.java:54)
	at com.timp.test.MDR.Automacoes.AutomacoesMDR2.productosSCANCExcluir(AutomacoesMDR2.java:1766)
	at java.base/jdk.internal.reflect.NativeMethodAccessorImpl.invoke0(Native Method)
	at java.base/jdk.internal.reflect.NativeMethodAccessorImpl.invoke(NativeMethodAccessorImpl.java:62)
	at java.base/jdk.internal.reflect.DelegatingMethodAccessorImpl.invoke(DelegatingMethodAccessorImpl.java:43)
	at java.base/java.lang.reflect.Method.invoke(Method.java:564)
	at org.testng.internal.MethodInvocationHelper.invokeMethod(MethodInvocationHelper.java:80)
	at org.testng.internal.Invoker.invokeMethod(Invoker.java:714)
	at org.testng.internal.Invoker.invokeTestMethod(Invoker.java:901)
	at org.testng.internal.Invoker.invokeTestMethods(Invoker.java:1231)
	at org.testng.internal.TestMethodWorker.invokeTestMethods(TestMethodWorker.java:127)
	at org.testng.internal.TestMethodWorker.run(TestMethodWorker.java:111)
	at org.testng.TestRunner.privateRun(TestRunner.java:767)
	at org.testng.TestRunner.run(TestRunner.java:617)
	at org.testng.SuiteRunner.runTest(SuiteRunner.java:334)
	at org.testng.SuiteRunner.runSequentially(SuiteRunner.java:329)
	at org.testng.SuiteRunner.privateRun(SuiteRunner.java:291)
	at org.testng.SuiteRunner.run(SuiteRunner.java:240)
	at org.testng.SuiteRunnerWorker.runSuite(SuiteRunnerWorker.java:52)
	at org.testng.SuiteRunnerWorker.run(SuiteRunnerWorker.java:86)
	at org.testng.TestNG.runSuitesSequentially(TestNG.java:1198)
	at org.testng.TestNG.runSuitesLocally(TestNG.java:1123)
	at org.testng.TestNG.run(TestNG.java:1031)
	at org.testng.remote.AbstractRemoteTestNG.run(AbstractRemoteTestNG.java:115)
	at org.testng.remote.RemoteTestNG.initAndRun(RemoteTestNG.java:251)
	at org.testng.remote.RemoteTestNG.main(RemoteTestNG.java:77)
]]>
    </failure>
  </testcase> <!-- productosSCANCExcluir -->
  <testcase classname="com.timp.test.MDR.Automacoes.AutomacoesMDR2" name="empresasDetalhes" time="88.227"/>
  <testcase classname="com.timp.test.MDR.Automacoes.AutomacoesMDR2" name="representanteLegaisEditar" time="117.612"/>
  <testcase classname="com.timp.test.MDR.Automacoes.AutomacoesMDR2" name="contasDefaultParaExtemporaneoDetalhes" time="130.619">
    <error message="As informações não são as esperadas expected [true] but found [false]" type="java.lang.AssertionError">
      <![CDATA[java.lang.AssertionError: As informações não são as esperadas expected [true] but found [false]
	at org.testng.Assert.fail(Assert.java:94)
	at org.testng.Assert.failNotEquals(Assert.java:494)
	at org.testng.Assert.assertTrue(Assert.java:42)
	at com.timp.test.MDR.ParametrosContabilizacao.ContasDefaultParaExtemporaneo.ContasDefaultParaExtemporaneoDetalhes.Detalhes(ContasDefaultParaExtemporaneoDetalhes.java:56)
	at com.timp.test.MDR.Automacoes.AutomacoesMDR2.contasDefaultParaExtemporaneoDetalhes(AutomacoesMDR2.java:1092)
	at java.base/jdk.internal.reflect.NativeMethodAccessorImpl.invoke0(Native Method)
	at java.base/jdk.internal.reflect.NativeMethodAccessorImpl.invoke(NativeMethodAccessorImpl.java:62)
	at java.base/jdk.internal.reflect.DelegatingMethodAccessorImpl.invoke(DelegatingMethodAccessorImpl.java:43)
	at java.base/java.lang.reflect.Method.invoke(Method.java:564)
	at org.testng.internal.MethodInvocationHelper.invokeMethod(MethodInvocationHelper.java:80)
	at org.testng.internal.Invoker.invokeMethod(Invoker.java:714)
	at org.testng.internal.Invoker.invokeTestMethod(Invoker.java:901)
	at org.testng.internal.Invoker.invokeTestMethods(Invoker.java:1231)
	at org.testng.internal.TestMethodWorker.invokeTestMethods(TestMethodWorker.java:127)
	at org.testng.internal.TestMethodWorker.run(TestMethodWorker.java:111)
	at org.testng.TestRunner.privateRun(TestRunner.java:767)
	at org.testng.TestRunner.run(TestRunner.java:617)
	at org.testng.SuiteRunner.runTest(SuiteRunner.java:334)
	at org.testng.SuiteRunner.runSequentially(SuiteRunner.java:329)
	at org.testng.SuiteRunner.privateRun(SuiteRunner.java:291)
	at org.testng.SuiteRunner.run(SuiteRunner.java:240)
	at org.testng.SuiteRunnerWorker.runSuite(SuiteRunnerWorker.java:52)
	at org.testng.SuiteRunnerWorker.run(SuiteRunnerWorker.java:86)
	at org.testng.TestNG.runSuitesSequentially(TestNG.java:1198)
	at org.testng.TestNG.runSuitesLocally(TestNG.java:1123)
	at org.testng.TestNG.run(TestNG.java:1031)
	at org.testng.remote.AbstractRemoteTestNG.run(AbstractRemoteTestNG.java:115)
	at org.testng.remote.RemoteTestNG.initAndRun(RemoteTestNG.java:251)
	at org.testng.remote.RemoteTestNG.main(RemoteTestNG.java:77)
]]>
    </error>
  </testcase> <!-- contasDefaultParaExtemporaneoDetalhes -->
  <testcase classname="com.timp.test.MDR.Automacoes.AutomacoesMDR2" name="determinacaoDeTipoDeCondicaoCriarEditar" time="143.533"/>
  <testcase classname="com.timp.test.MDR.Automacoes.AutomacoesMDR2" name="registroDeExportaçaoDetalhes" time="142.871"/>
  <testcase classname="com.timp.test.MDR.Automacoes.AutomacoesMDR2" name="ajusteEInformaçoesDeValoresVisualizar" time="79.547">
    <failure message="no such element: Unable to locate element: {&quot;method&quot;:&quot;xpath&quot;,&quot;selector&quot;:&quot;//input[@placeholder=&quot;Preencher o Reflexo na Apuração ICMS&quot;]&quot;}
  (Session info: chrome=83.0.4103.106)
For documentation on this error, please visit: https://www.seleniumhq.org/exceptions/no_such_element.html
Build info: version: &#039;3.141.59&#039;, revision: &#039;e82be7d358&#039;, time: &#039;2018-11-14T08:17:03&#039;
System info: host: &#039;DESKTOP-BNBDMGT&#039;, ip: &#039;192.168.1.37&#039;, os.name: &#039;Windows 10&#039;, os.arch: &#039;amd64&#039;, os.version: &#039;10.0&#039;, java.version: &#039;14.0.1&#039;
Driver info: org.openqa.selenium.chrome.ChromeDriver
Capabilities {acceptInsecureCerts: false, browserName: chrome, browserVersion: 83.0.4103.106, chrome: {chromedriverVersion: 83.0.4103.39 (ccbf011cb2d2b..., userDataDir: C:\Users\ymass\AppData\Loca...}, goog:chromeOptions: {debuggerAddress: localhost:55479}, javascriptEnabled: true, networkConnectionEnabled: false, pageLoadStrategy: normal, platform: WINDOWS, platformName: WINDOWS, proxy: Proxy(), setWindowRect: true, strictFileInteractability: false, timeouts: {implicit: 0, pageLoad: 300000, script: 30000}, unhandledPromptBehavior: dismiss and notify, webauthn:virtualAuthenticators: true}
Session ID: cbfc034aad387627e324e204ad34a5b9
*** Element info: {Using=xpath, value=//input[@placeholder=&quot;Preencher o Reflexo na Apuração ICMS&quot;]}" type="org.openqa.selenium.NoSuchElementException">
      <![CDATA[org.openqa.selenium.NoSuchElementException: no such element: Unable to locate element: {"method":"xpath","selector":"//input[@placeholder="Preencher o Reflexo na Apuração ICMS"]"}
  (Session info: chrome=83.0.4103.106)
For documentation on this error, please visit: https://www.seleniumhq.org/exceptions/no_such_element.html
Build info: version: '3.141.59', revision: 'e82be7d358', time: '2018-11-14T08:17:03'
System info: host: 'DESKTOP-BNBDMGT', ip: '192.168.1.37', os.name: 'Windows 10', os.arch: 'amd64', os.version: '10.0', java.version: '14.0.1'
Driver info: org.openqa.selenium.chrome.ChromeDriver
Capabilities {acceptInsecureCerts: false, browserName: chrome, browserVersion: 83.0.4103.106, chrome: {chromedriverVersion: 83.0.4103.39 (ccbf011cb2d2b..., userDataDir: C:\Users\ymass\AppData\Loca...}, goog:chromeOptions: {debuggerAddress: localhost:55479}, javascriptEnabled: true, networkConnectionEnabled: false, pageLoadStrategy: normal, platform: WINDOWS, platformName: WINDOWS, proxy: Proxy(), setWindowRect: true, strictFileInteractability: false, timeouts: {implicit: 0, pageLoad: 300000, script: 30000}, unhandledPromptBehavior: dismiss and notify, webauthn:virtualAuthenticators: true}
Session ID: cbfc034aad387627e324e204ad34a5b9
*** Element info: {Using=xpath, value=//input[@placeholder="Preencher o Reflexo na Apuração ICMS"]}
	at jdk.internal.reflect.GeneratedConstructorAccessor14.newInstance(Unknown Source)
	at java.base/jdk.internal.reflect.DelegatingConstructorAccessorImpl.newInstance(DelegatingConstructorAccessorImpl.java:45)
	at java.base/java.lang.reflect.Constructor.newInstanceWithCaller(Constructor.java:500)
	at java.base/java.lang.reflect.Constructor.newInstance(Constructor.java:481)
	at org.openqa.selenium.remote.http.W3CHttpResponseCodec.createException(W3CHttpResponseCodec.java:187)
	at org.openqa.selenium.remote.http.W3CHttpResponseCodec.decode(W3CHttpResponseCodec.java:122)
	at org.openqa.selenium.remote.http.W3CHttpResponseCodec.decode(W3CHttpResponseCodec.java:49)
	at org.openqa.selenium.remote.HttpCommandExecutor.execute(HttpCommandExecutor.java:158)
	at org.openqa.selenium.remote.service.DriverCommandExecutor.execute(DriverCommandExecutor.java:83)
	at org.openqa.selenium.remote.RemoteWebDriver.execute(RemoteWebDriver.java:552)
	at org.openqa.selenium.remote.RemoteWebDriver.findElement(RemoteWebDriver.java:323)
	at org.openqa.selenium.remote.RemoteWebDriver.findElementByXPath(RemoteWebDriver.java:428)
	at org.openqa.selenium.By$ByXPath.findElement(By.java:353)
	at org.openqa.selenium.remote.RemoteWebDriver.findElement(RemoteWebDriver.java:315)
	at com.sap.timp.base.TestBaseSteven.attributoNotToBeEmptyXpath(TestBaseSteven.java:407)
	at com.sap.timp.pageObjectModel.MDR.TabelasApoioSped.AjusteEInformaçoesDeValores.AjusteEInformaçoesDeValoresVisualizarPO.visualizar(AjusteEInformaçoesDeValoresVisualizarPO.java:161)
	at com.timp.test.MDR.TabelasApoioSped.AjusteEInformaçoesDeValores.AjusteEInformaçoesDeValoresVisualizar.Visualizar(AjusteEInformaçoesDeValoresVisualizar.java:54)
	at com.timp.test.MDR.Automacoes.AutomacoesMDR2.ajusteEInformaçoesDeValoresVisualizar(AutomacoesMDR2.java:1975)
	at java.base/jdk.internal.reflect.NativeMethodAccessorImpl.invoke0(Native Method)
	at java.base/jdk.internal.reflect.NativeMethodAccessorImpl.invoke(NativeMethodAccessorImpl.java:62)
	at java.base/jdk.internal.reflect.DelegatingMethodAccessorImpl.invoke(DelegatingMethodAccessorImpl.java:43)
	at java.base/java.lang.reflect.Method.invoke(Method.java:564)
	at org.testng.internal.MethodInvocationHelper.invokeMethod(MethodInvocationHelper.java:80)
	at org.testng.internal.Invoker.invokeMethod(Invoker.java:714)
	at org.testng.internal.Invoker.invokeTestMethod(Invoker.java:901)
	at org.testng.internal.Invoker.invokeTestMethods(Invoker.java:1231)
	at org.testng.internal.TestMethodWorker.invokeTestMethods(TestMethodWorker.java:127)
	at org.testng.internal.TestMethodWorker.run(TestMethodWorker.java:111)
	at org.testng.TestRunner.privateRun(TestRunner.java:767)
	at org.testng.TestRunner.run(TestRunner.java:617)
	at org.testng.SuiteRunner.runTest(SuiteRunner.java:334)
	at org.testng.SuiteRunner.runSequentially(SuiteRunner.java:329)
	at org.testng.SuiteRunner.privateRun(SuiteRunner.java:291)
	at org.testng.SuiteRunner.run(SuiteRunner.java:240)
	at org.testng.SuiteRunnerWorker.runSuite(SuiteRunnerWorker.java:52)
	at org.testng.SuiteRunnerWorker.run(SuiteRunnerWorker.java:86)
	at org.testng.TestNG.runSuitesSequentially(TestNG.java:1198)
	at org.testng.TestNG.runSuitesLocally(TestNG.java:1123)
	at org.testng.TestNG.run(TestNG.java:1031)
	at org.testng.remote.AbstractRemoteTestNG.run(AbstractRemoteTestNG.java:115)
	at org.testng.remote.RemoteTestNG.initAndRun(RemoteTestNG.java:251)
	at org.testng.remote.RemoteTestNG.main(RemoteTestNG.java:77)
]]>
    </failure>
  </testcase> <!-- ajusteEInformaçoesDeValoresVisualizar -->
  <testcase classname="com.timp.test.MDR.Automacoes.AutomacoesMDR2" name="livrosFiscaisDetalhes" time="98.274"/>
  <testcase classname="com.timp.test.MDR.Automacoes.AutomacoesMDR2" name="mapeamentoSubstituicaoContaEstoqueCenariosCorrecoesVisualizar" time="230.141"/>
  <testcase classname="com.timp.test.MDR.Automacoes.AutomacoesMDR2" name="parametrosParaLivroICMSSTEditar" time="178.413"/>
  <testcase classname="com.timp.test.MDR.Automacoes.AutomacoesMDR2" name="sCANCDistribuidorasVisualizar" time="113.250">
    <failure message="no such element: Unable to locate element: {&quot;method&quot;:&quot;xpath&quot;,&quot;selector&quot;:&quot;//div[@data-id=&quot;5&quot;]/div[1]/div&quot;}
  (Session info: chrome=83.0.4103.106)
For documentation on this error, please visit: https://www.seleniumhq.org/exceptions/no_such_element.html
Build info: version: &#039;3.141.59&#039;, revision: &#039;e82be7d358&#039;, time: &#039;2018-11-14T08:17:03&#039;
System info: host: &#039;DESKTOP-BNBDMGT&#039;, ip: &#039;192.168.1.37&#039;, os.name: &#039;Windows 10&#039;, os.arch: &#039;amd64&#039;, os.version: &#039;10.0&#039;, java.version: &#039;14.0.1&#039;
Driver info: org.openqa.selenium.chrome.ChromeDriver
Capabilities {acceptInsecureCerts: false, browserName: chrome, browserVersion: 83.0.4103.106, chrome: {chromedriverVersion: 83.0.4103.39 (ccbf011cb2d2b..., userDataDir: C:\Users\ymass\AppData\Loca...}, goog:chromeOptions: {debuggerAddress: localhost:54336}, javascriptEnabled: true, networkConnectionEnabled: false, pageLoadStrategy: normal, platform: WINDOWS, platformName: WINDOWS, proxy: Proxy(), setWindowRect: true, strictFileInteractability: false, timeouts: {implicit: 0, pageLoad: 300000, script: 30000}, unhandledPromptBehavior: dismiss and notify, webauthn:virtualAuthenticators: true}
Session ID: c69c4dbf7f8cdd7d52ed48de783b6fcc
*** Element info: {Using=xpath, value=//div[@data-id=&quot;5&quot;]/div[1]/div}" type="org.openqa.selenium.NoSuchElementException">
      <![CDATA[org.openqa.selenium.NoSuchElementException: no such element: Unable to locate element: {"method":"xpath","selector":"//div[@data-id="5"]/div[1]/div"}
  (Session info: chrome=83.0.4103.106)
For documentation on this error, please visit: https://www.seleniumhq.org/exceptions/no_such_element.html
Build info: version: '3.141.59', revision: 'e82be7d358', time: '2018-11-14T08:17:03'
System info: host: 'DESKTOP-BNBDMGT', ip: '192.168.1.37', os.name: 'Windows 10', os.arch: 'amd64', os.version: '10.0', java.version: '14.0.1'
Driver info: org.openqa.selenium.chrome.ChromeDriver
Capabilities {acceptInsecureCerts: false, browserName: chrome, browserVersion: 83.0.4103.106, chrome: {chromedriverVersion: 83.0.4103.39 (ccbf011cb2d2b..., userDataDir: C:\Users\ymass\AppData\Loca...}, goog:chromeOptions: {debuggerAddress: localhost:54336}, javascriptEnabled: true, networkConnectionEnabled: false, pageLoadStrategy: normal, platform: WINDOWS, platformName: WINDOWS, proxy: Proxy(), setWindowRect: true, strictFileInteractability: false, timeouts: {implicit: 0, pageLoad: 300000, script: 30000}, unhandledPromptBehavior: dismiss and notify, webauthn:virtualAuthenticators: true}
Session ID: c69c4dbf7f8cdd7d52ed48de783b6fcc
*** Element info: {Using=xpath, value=//div[@data-id="5"]/div[1]/div}
	at jdk.internal.reflect.GeneratedConstructorAccessor14.newInstance(Unknown Source)
	at java.base/jdk.internal.reflect.DelegatingConstructorAccessorImpl.newInstance(DelegatingConstructorAccessorImpl.java:45)
	at java.base/java.lang.reflect.Constructor.newInstanceWithCaller(Constructor.java:500)
	at java.base/java.lang.reflect.Constructor.newInstance(Constructor.java:481)
	at org.openqa.selenium.remote.http.W3CHttpResponseCodec.createException(W3CHttpResponseCodec.java:187)
	at org.openqa.selenium.remote.http.W3CHttpResponseCodec.decode(W3CHttpResponseCodec.java:122)
	at org.openqa.selenium.remote.http.W3CHttpResponseCodec.decode(W3CHttpResponseCodec.java:49)
	at org.openqa.selenium.remote.HttpCommandExecutor.execute(HttpCommandExecutor.java:158)
	at org.openqa.selenium.remote.service.DriverCommandExecutor.execute(DriverCommandExecutor.java:83)
	at org.openqa.selenium.remote.RemoteWebDriver.execute(RemoteWebDriver.java:552)
	at org.openqa.selenium.remote.RemoteWebDriver.findElement(RemoteWebDriver.java:323)
	at org.openqa.selenium.remote.RemoteWebDriver.findElementByXPath(RemoteWebDriver.java:428)
	at org.openqa.selenium.By$ByXPath.findElement(By.java:353)
	at org.openqa.selenium.remote.RemoteWebDriver.findElement(RemoteWebDriver.java:315)
	at com.sap.timp.pageObjectModel.MDR.SCANC.SCANCDistribuidoras.SCANCDistribuidoraVisualizarPO.visualizar(SCANCDistribuidoraVisualizarPO.java:92)
	at com.timp.test.MDR.SCANC.SCANCDistribuidoras.SCANCDistribuidorasVisualizar.visualizar(SCANCDistribuidorasVisualizar.java:58)
	at com.timp.test.MDR.Automacoes.AutomacoesMDR2.sCANCDistribuidorasVisualizar(AutomacoesMDR2.java:1796)
	at java.base/jdk.internal.reflect.NativeMethodAccessorImpl.invoke0(Native Method)
	at java.base/jdk.internal.reflect.NativeMethodAccessorImpl.invoke(NativeMethodAccessorImpl.java:62)
	at java.base/jdk.internal.reflect.DelegatingMethodAccessorImpl.invoke(DelegatingMethodAccessorImpl.java:43)
	at java.base/java.lang.reflect.Method.invoke(Method.java:564)
	at org.testng.internal.MethodInvocationHelper.invokeMethod(MethodInvocationHelper.java:80)
	at org.testng.internal.Invoker.invokeMethod(Invoker.java:714)
	at org.testng.internal.Invoker.invokeTestMethod(Invoker.java:901)
	at org.testng.internal.Invoker.invokeTestMethods(Invoker.java:1231)
	at org.testng.internal.TestMethodWorker.invokeTestMethods(TestMethodWorker.java:127)
	at org.testng.internal.TestMethodWorker.run(TestMethodWorker.java:111)
	at org.testng.TestRunner.privateRun(TestRunner.java:767)
	at org.testng.TestRunner.run(TestRunner.java:617)
	at org.testng.SuiteRunner.runTest(SuiteRunner.java:334)
	at org.testng.SuiteRunner.runSequentially(SuiteRunner.java:329)
	at org.testng.SuiteRunner.privateRun(SuiteRunner.java:291)
	at org.testng.SuiteRunner.run(SuiteRunner.java:240)
	at org.testng.SuiteRunnerWorker.runSuite(SuiteRunnerWorker.java:52)
	at org.testng.SuiteRunnerWorker.run(SuiteRunnerWorker.java:86)
	at org.testng.TestNG.runSuitesSequentially(TestNG.java:1198)
	at org.testng.TestNG.runSuitesLocally(TestNG.java:1123)
	at org.testng.TestNG.run(TestNG.java:1031)
	at org.testng.remote.AbstractRemoteTestNG.run(AbstractRemoteTestNG.java:115)
	at org.testng.remote.RemoteTestNG.initAndRun(RemoteTestNG.java:251)
	at org.testng.remote.RemoteTestNG.main(RemoteTestNG.java:77)
]]>
    </failure>
  </testcase> <!-- sCANCDistribuidorasVisualizar -->
  <testcase classname="com.timp.test.MDR.Automacoes.AutomacoesMDR2" name="sCANCDistribuidorasCriar" time="86.006">
    <failure message="element not interactable
  (Session info: chrome=83.0.4103.106)
Build info: version: &#039;3.141.59&#039;, revision: &#039;e82be7d358&#039;, time: &#039;2018-11-14T08:17:03&#039;
System info: host: &#039;DESKTOP-BNBDMGT&#039;, ip: &#039;192.168.1.37&#039;, os.name: &#039;Windows 10&#039;, os.arch: &#039;amd64&#039;, os.version: &#039;10.0&#039;, java.version: &#039;14.0.1&#039;
Driver info: org.openqa.selenium.chrome.ChromeDriver
Capabilities {acceptInsecureCerts: false, browserName: chrome, browserVersion: 83.0.4103.106, chrome: {chromedriverVersion: 83.0.4103.39 (ccbf011cb2d2b..., userDataDir: C:\Users\ymass\AppData\Loca...}, goog:chromeOptions: {debuggerAddress: localhost:54208}, javascriptEnabled: true, networkConnectionEnabled: false, pageLoadStrategy: normal, platform: WINDOWS, platformName: WINDOWS, proxy: Proxy(), setWindowRect: true, strictFileInteractability: false, timeouts: {implicit: 0, pageLoad: 300000, script: 30000}, unhandledPromptBehavior: dismiss and notify, webauthn:virtualAuthenticators: true}
Session ID: 8e47f2e6f22e21c0449667e880962c22" type="org.openqa.selenium.ElementNotInteractableException">
      <![CDATA[org.openqa.selenium.ElementNotInteractableException: element not interactable
  (Session info: chrome=83.0.4103.106)
Build info: version: '3.141.59', revision: 'e82be7d358', time: '2018-11-14T08:17:03'
System info: host: 'DESKTOP-BNBDMGT', ip: '192.168.1.37', os.name: 'Windows 10', os.arch: 'amd64', os.version: '10.0', java.version: '14.0.1'
Driver info: org.openqa.selenium.chrome.ChromeDriver
Capabilities {acceptInsecureCerts: false, browserName: chrome, browserVersion: 83.0.4103.106, chrome: {chromedriverVersion: 83.0.4103.39 (ccbf011cb2d2b..., userDataDir: C:\Users\ymass\AppData\Loca...}, goog:chromeOptions: {debuggerAddress: localhost:54208}, javascriptEnabled: true, networkConnectionEnabled: false, pageLoadStrategy: normal, platform: WINDOWS, platformName: WINDOWS, proxy: Proxy(), setWindowRect: true, strictFileInteractability: false, timeouts: {implicit: 0, pageLoad: 300000, script: 30000}, unhandledPromptBehavior: dismiss and notify, webauthn:virtualAuthenticators: true}
Session ID: 8e47f2e6f22e21c0449667e880962c22
	at java.base/jdk.internal.reflect.NativeConstructorAccessorImpl.newInstance0(Native Method)
	at java.base/jdk.internal.reflect.NativeConstructorAccessorImpl.newInstance(NativeConstructorAccessorImpl.java:62)
	at java.base/jdk.internal.reflect.DelegatingConstructorAccessorImpl.newInstance(DelegatingConstructorAccessorImpl.java:45)
	at java.base/java.lang.reflect.Constructor.newInstanceWithCaller(Constructor.java:500)
	at java.base/java.lang.reflect.Constructor.newInstance(Constructor.java:481)
	at org.openqa.selenium.remote.http.W3CHttpResponseCodec.createException(W3CHttpResponseCodec.java:187)
	at org.openqa.selenium.remote.http.W3CHttpResponseCodec.decode(W3CHttpResponseCodec.java:122)
	at org.openqa.selenium.remote.http.W3CHttpResponseCodec.decode(W3CHttpResponseCodec.java:49)
	at org.openqa.selenium.remote.HttpCommandExecutor.execute(HttpCommandExecutor.java:158)
	at org.openqa.selenium.remote.service.DriverCommandExecutor.execute(DriverCommandExecutor.java:83)
	at org.openqa.selenium.remote.RemoteWebDriver.execute(RemoteWebDriver.java:552)
	at org.openqa.selenium.remote.RemoteWebElement.execute(RemoteWebElement.java:285)
	at org.openqa.selenium.remote.RemoteWebElement.click(RemoteWebElement.java:84)
	at jdk.internal.reflect.GeneratedMethodAccessor1.invoke(Unknown Source)
	at java.base/jdk.internal.reflect.DelegatingMethodAccessorImpl.invoke(DelegatingMethodAccessorImpl.java:43)
	at java.base/java.lang.reflect.Method.invoke(Method.java:564)
	at org.openqa.selenium.support.pagefactory.internal.LocatingElementHandler.invoke(LocatingElementHandler.java:51)
	at com.sun.proxy.$Proxy10.click(Unknown Source)
	at com.sap.timp.pageObjectModel.MDR.SCANC.SCANCDistribuidoras.SCANCDistribuidoraCriarPO.criar(SCANCDistribuidoraCriarPO.java:77)
	at com.timp.test.MDR.SCANC.SCANCDistribuidoras.SCANCDistribuidorasCriar.criar(SCANCDistribuidorasCriar.java:55)
	at com.timp.test.MDR.Automacoes.AutomacoesMDR2.sCANCDistribuidorasCriar(AutomacoesMDR2.java:1784)
	at java.base/jdk.internal.reflect.NativeMethodAccessorImpl.invoke0(Native Method)
	at java.base/jdk.internal.reflect.NativeMethodAccessorImpl.invoke(NativeMethodAccessorImpl.java:62)
	at java.base/jdk.internal.reflect.DelegatingMethodAccessorImpl.invoke(DelegatingMethodAccessorImpl.java:43)
	at java.base/java.lang.reflect.Method.invoke(Method.java:564)
	at org.testng.internal.MethodInvocationHelper.invokeMethod(MethodInvocationHelper.java:80)
	at org.testng.internal.Invoker.invokeMethod(Invoker.java:714)
	at org.testng.internal.Invoker.invokeTestMethod(Invoker.java:901)
	at org.testng.internal.Invoker.invokeTestMethods(Invoker.java:1231)
	at org.testng.internal.TestMethodWorker.invokeTestMethods(TestMethodWorker.java:127)
	at org.testng.internal.TestMethodWorker.run(TestMethodWorker.java:111)
	at org.testng.TestRunner.privateRun(TestRunner.java:767)
	at org.testng.TestRunner.run(TestRunner.java:617)
	at org.testng.SuiteRunner.runTest(SuiteRunner.java:334)
	at org.testng.SuiteRunner.runSequentially(SuiteRunner.java:329)
	at org.testng.SuiteRunner.privateRun(SuiteRunner.java:291)
	at org.testng.SuiteRunner.run(SuiteRunner.java:240)
	at org.testng.SuiteRunnerWorker.runSuite(SuiteRunnerWorker.java:52)
	at org.testng.SuiteRunnerWorker.run(SuiteRunnerWorker.java:86)
	at org.testng.TestNG.runSuitesSequentially(TestNG.java:1198)
	at org.testng.TestNG.runSuitesLocally(TestNG.java:1123)
	at org.testng.TestNG.run(TestNG.java:1031)
	at org.testng.remote.AbstractRemoteTestNG.run(AbstractRemoteTestNG.java:115)
	at org.testng.remote.RemoteTestNG.initAndRun(RemoteTestNG.java:251)
	at org.testng.remote.RemoteTestNG.main(RemoteTestNG.java:77)
]]>
    </failure>
  </testcase> <!-- sCANCDistribuidorasCriar -->
  <testcase classname="com.timp.test.MDR.Automacoes.AutomacoesMDR2" name="ajustesDosAnexosExcluir" time="143.456"/>
  <testcase classname="com.timp.test.MDR.Automacoes.AutomacoesMDR2" name="movimentoSCANCVisualizar" time="174.525"/>
  <testcase classname="com.timp.test.MDR.Automacoes.AutomacoesMDR2" name="hierarquiaDeCenariosDeCorreçaoVisualizar" time="82.566">
    <error message="O modo visualização não está ativado expected [true] but found [false]" type="java.lang.AssertionError">
      <![CDATA[java.lang.AssertionError: O modo visualização não está ativado expected [true] but found [false]
	at org.testng.Assert.fail(Assert.java:94)
	at org.testng.Assert.failNotEquals(Assert.java:494)
	at org.testng.Assert.assertTrue(Assert.java:42)
	at com.timp.test.MDR.HierarquiaDeCenariosDeCorreçao.HierarquiaDeCenariosDeCorreçaoVisualizar.visualizar(HierarquiaDeCenariosDeCorreçaoVisualizar.java:57)
	at com.timp.test.MDR.Automacoes.AutomacoesMDR2.hierarquiaDeCenariosDeCorreçaoVisualizar(AutomacoesMDR2.java:614)
	at java.base/jdk.internal.reflect.NativeMethodAccessorImpl.invoke0(Native Method)
	at java.base/jdk.internal.reflect.NativeMethodAccessorImpl.invoke(NativeMethodAccessorImpl.java:62)
	at java.base/jdk.internal.reflect.DelegatingMethodAccessorImpl.invoke(DelegatingMethodAccessorImpl.java:43)
	at java.base/java.lang.reflect.Method.invoke(Method.java:564)
	at org.testng.internal.MethodInvocationHelper.invokeMethod(MethodInvocationHelper.java:80)
	at org.testng.internal.Invoker.invokeMethod(Invoker.java:714)
	at org.testng.internal.Invoker.invokeTestMethod(Invoker.java:901)
	at org.testng.internal.Invoker.invokeTestMethods(Invoker.java:1231)
	at org.testng.internal.TestMethodWorker.invokeTestMethods(TestMethodWorker.java:127)
	at org.testng.internal.TestMethodWorker.run(TestMethodWorker.java:111)
	at org.testng.TestRunner.privateRun(TestRunner.java:767)
	at org.testng.TestRunner.run(TestRunner.java:617)
	at org.testng.SuiteRunner.runTest(SuiteRunner.java:334)
	at org.testng.SuiteRunner.runSequentially(SuiteRunner.java:329)
	at org.testng.SuiteRunner.privateRun(SuiteRunner.java:291)
	at org.testng.SuiteRunner.run(SuiteRunner.java:240)
	at org.testng.SuiteRunnerWorker.runSuite(SuiteRunnerWorker.java:52)
	at org.testng.SuiteRunnerWorker.run(SuiteRunnerWorker.java:86)
	at org.testng.TestNG.runSuitesSequentially(TestNG.java:1198)
	at org.testng.TestNG.runSuitesLocally(TestNG.java:1123)
	at org.testng.TestNG.run(TestNG.java:1031)
	at org.testng.remote.AbstractRemoteTestNG.run(AbstractRemoteTestNG.java:115)
	at org.testng.remote.RemoteTestNG.initAndRun(RemoteTestNG.java:251)
	at org.testng.remote.RemoteTestNG.main(RemoteTestNG.java:77)
]]>
    </error>
  </testcase> <!-- hierarquiaDeCenariosDeCorreçaoVisualizar -->
  <testcase classname="com.timp.test.MDR.Automacoes.AutomacoesMDR2" name="ajusteEInformaçoesDeValoresDetalhes" time="90.384"/>
  <testcase classname="com.timp.test.MDR.Automacoes.AutomacoesMDR2" name="parametrosParaLivroICMSSTCriarCriar" time="212.875"/>
  <testcase classname="com.timp.test.MDR.Automacoes.AutomacoesMDR2" name="mapeamentoContabilCorrecaoExcluir" time="148.314">
    <failure message="element not interactable
  (Session info: chrome=83.0.4103.106)
Build info: version: &#039;3.141.59&#039;, revision: &#039;e82be7d358&#039;, time: &#039;2018-11-14T08:17:03&#039;
System info: host: &#039;DESKTOP-BNBDMGT&#039;, ip: &#039;192.168.1.37&#039;, os.name: &#039;Windows 10&#039;, os.arch: &#039;amd64&#039;, os.version: &#039;10.0&#039;, java.version: &#039;14.0.1&#039;
Driver info: org.openqa.selenium.chrome.ChromeDriver
Capabilities {acceptInsecureCerts: false, browserName: chrome, browserVersion: 83.0.4103.106, chrome: {chromedriverVersion: 83.0.4103.39 (ccbf011cb2d2b..., userDataDir: C:\Users\ymass\AppData\Loca...}, goog:chromeOptions: {debuggerAddress: localhost:52484}, javascriptEnabled: true, networkConnectionEnabled: false, pageLoadStrategy: normal, platform: WINDOWS, platformName: WINDOWS, proxy: Proxy(), setWindowRect: true, strictFileInteractability: false, timeouts: {implicit: 0, pageLoad: 300000, script: 30000}, unhandledPromptBehavior: dismiss and notify, webauthn:virtualAuthenticators: true}
Session ID: 8f0d3cf2ffe157ddb9337d86298078b1" type="org.openqa.selenium.ElementNotInteractableException">
      <![CDATA[org.openqa.selenium.ElementNotInteractableException: element not interactable
  (Session info: chrome=83.0.4103.106)
Build info: version: '3.141.59', revision: 'e82be7d358', time: '2018-11-14T08:17:03'
System info: host: 'DESKTOP-BNBDMGT', ip: '192.168.1.37', os.name: 'Windows 10', os.arch: 'amd64', os.version: '10.0', java.version: '14.0.1'
Driver info: org.openqa.selenium.chrome.ChromeDriver
Capabilities {acceptInsecureCerts: false, browserName: chrome, browserVersion: 83.0.4103.106, chrome: {chromedriverVersion: 83.0.4103.39 (ccbf011cb2d2b..., userDataDir: C:\Users\ymass\AppData\Loca...}, goog:chromeOptions: {debuggerAddress: localhost:52484}, javascriptEnabled: true, networkConnectionEnabled: false, pageLoadStrategy: normal, platform: WINDOWS, platformName: WINDOWS, proxy: Proxy(), setWindowRect: true, strictFileInteractability: false, timeouts: {implicit: 0, pageLoad: 300000, script: 30000}, unhandledPromptBehavior: dismiss and notify, webauthn:virtualAuthenticators: true}
Session ID: 8f0d3cf2ffe157ddb9337d86298078b1
	at java.base/jdk.internal.reflect.NativeConstructorAccessorImpl.newInstance0(Native Method)
	at java.base/jdk.internal.reflect.NativeConstructorAccessorImpl.newInstance(NativeConstructorAccessorImpl.java:62)
	at java.base/jdk.internal.reflect.DelegatingConstructorAccessorImpl.newInstance(DelegatingConstructorAccessorImpl.java:45)
	at java.base/java.lang.reflect.Constructor.newInstanceWithCaller(Constructor.java:500)
	at java.base/java.lang.reflect.Constructor.newInstance(Constructor.java:481)
	at org.openqa.selenium.remote.http.W3CHttpResponseCodec.createException(W3CHttpResponseCodec.java:187)
	at org.openqa.selenium.remote.http.W3CHttpResponseCodec.decode(W3CHttpResponseCodec.java:122)
	at org.openqa.selenium.remote.http.W3CHttpResponseCodec.decode(W3CHttpResponseCodec.java:49)
	at org.openqa.selenium.remote.HttpCommandExecutor.execute(HttpCommandExecutor.java:158)
	at org.openqa.selenium.remote.service.DriverCommandExecutor.execute(DriverCommandExecutor.java:83)
	at org.openqa.selenium.remote.RemoteWebDriver.execute(RemoteWebDriver.java:552)
	at org.openqa.selenium.remote.RemoteWebElement.execute(RemoteWebElement.java:285)
	at org.openqa.selenium.remote.RemoteWebElement.click(RemoteWebElement.java:84)
	at jdk.internal.reflect.GeneratedMethodAccessor1.invoke(Unknown Source)
	at java.base/jdk.internal.reflect.DelegatingMethodAccessorImpl.invoke(DelegatingMethodAccessorImpl.java:43)
	at java.base/java.lang.reflect.Method.invoke(Method.java:564)
	at org.openqa.selenium.support.pagefactory.internal.LocatingElementHandler.invoke(LocatingElementHandler.java:51)
	at com.sun.proxy.$Proxy10.click(Unknown Source)
	at com.sap.timp.pageObjectModel.MDR.ParametrosContabilizacao.MapeamentoContabilCorrecao.MapeamentoContabilCorrecaoExcluirPO.excluir(MapeamentoContabilCorrecaoExcluirPO.java:58)
	at com.timp.test.MDR.ParametrosContabilizacao.MapeamentoContabilCorrecao.MapeamentoContabilCorrecaoExcluir.excluir(MapeamentoContabilCorrecaoExcluir.java:54)
	at com.timp.test.MDR.Automacoes.AutomacoesMDR2.mapeamentoContabilCorrecaoExcluir(AutomacoesMDR2.java:1287)
	at java.base/jdk.internal.reflect.NativeMethodAccessorImpl.invoke0(Native Method)
	at java.base/jdk.internal.reflect.NativeMethodAccessorImpl.invoke(NativeMethodAccessorImpl.java:62)
	at java.base/jdk.internal.reflect.DelegatingMethodAccessorImpl.invoke(DelegatingMethodAccessorImpl.java:43)
	at java.base/java.lang.reflect.Method.invoke(Method.java:564)
	at org.testng.internal.MethodInvocationHelper.invokeMethod(MethodInvocationHelper.java:80)
	at org.testng.internal.Invoker.invokeMethod(Invoker.java:714)
	at org.testng.internal.Invoker.invokeTestMethod(Invoker.java:901)
	at org.testng.internal.Invoker.invokeTestMethods(Invoker.java:1231)
	at org.testng.internal.TestMethodWorker.invokeTestMethods(TestMethodWorker.java:127)
	at org.testng.internal.TestMethodWorker.run(TestMethodWorker.java:111)
	at org.testng.TestRunner.privateRun(TestRunner.java:767)
	at org.testng.TestRunner.run(TestRunner.java:617)
	at org.testng.SuiteRunner.runTest(SuiteRunner.java:334)
	at org.testng.SuiteRunner.runSequentially(SuiteRunner.java:329)
	at org.testng.SuiteRunner.privateRun(SuiteRunner.java:291)
	at org.testng.SuiteRunner.run(SuiteRunner.java:240)
	at org.testng.SuiteRunnerWorker.runSuite(SuiteRunnerWorker.java:52)
	at org.testng.SuiteRunnerWorker.run(SuiteRunnerWorker.java:86)
	at org.testng.TestNG.runSuitesSequentially(TestNG.java:1198)
	at org.testng.TestNG.runSuitesLocally(TestNG.java:1123)
	at org.testng.TestNG.run(TestNG.java:1031)
	at org.testng.remote.AbstractRemoteTestNG.run(AbstractRemoteTestNG.java:115)
	at org.testng.remote.RemoteTestNG.initAndRun(RemoteTestNG.java:251)
	at org.testng.remote.RemoteTestNG.main(RemoteTestNG.java:77)
]]>
    </failure>
  </testcase> <!-- mapeamentoContabilCorrecaoExcluir -->
  <testcase classname="com.timp.test.MDR.Automacoes.AutomacoesMDR2" name="representanteLegaisDetalhes" time="76.897"/>
  <testcase classname="com.timp.test.MDR.Automacoes.AutomacoesMDR2" name="sequenciaVisualizar" time="117.130"/>
  <testcase classname="com.timp.test.MDR.Automacoes.AutomacoesMDR2" name="determinacaoDeTipoDeCondicaoCriarDetalhes" time="88.854"/>
  <testcase classname="com.timp.test.MDR.Automacoes.AutomacoesMDR2" name="tiposDeObjetosDeOcorrenciasFiscaisCriar" time="162.578"/>
  <testcase classname="com.timp.test.MDR.Automacoes.AutomacoesMDR2" name="parametrosParaLivroICMSSTVisualizar" time="116.832">
    <error message="O modo visualização não está ativado expected [true] but found [false]" type="java.lang.AssertionError">
      <![CDATA[java.lang.AssertionError: O modo visualização não está ativado expected [true] but found [false]
	at org.testng.Assert.fail(Assert.java:94)
	at org.testng.Assert.failNotEquals(Assert.java:494)
	at org.testng.Assert.assertTrue(Assert.java:42)
	at com.timp.test.MDR.LivrosFiscais.ParametrosParaLivroICMSST.ParametrosParaLivroICMSSTVisualizar.visualizar(ParametrosParaLivroICMSSTVisualizar.java:58)
	at com.timp.test.MDR.Automacoes.AutomacoesMDR2.parametrosParaLivroICMSSTVisualizar(AutomacoesMDR2.java:873)
	at java.base/jdk.internal.reflect.NativeMethodAccessorImpl.invoke0(Native Method)
	at java.base/jdk.internal.reflect.NativeMethodAccessorImpl.invoke(NativeMethodAccessorImpl.java:62)
	at java.base/jdk.internal.reflect.DelegatingMethodAccessorImpl.invoke(DelegatingMethodAccessorImpl.java:43)
	at java.base/java.lang.reflect.Method.invoke(Method.java:564)
	at org.testng.internal.MethodInvocationHelper.invokeMethod(MethodInvocationHelper.java:80)
	at org.testng.internal.Invoker.invokeMethod(Invoker.java:714)
	at org.testng.internal.Invoker.invokeTestMethod(Invoker.java:901)
	at org.testng.internal.Invoker.invokeTestMethods(Invoker.java:1231)
	at org.testng.internal.TestMethodWorker.invokeTestMethods(TestMethodWorker.java:127)
	at org.testng.internal.TestMethodWorker.run(TestMethodWorker.java:111)
	at org.testng.TestRunner.privateRun(TestRunner.java:767)
	at org.testng.TestRunner.run(TestRunner.java:617)
	at org.testng.SuiteRunner.runTest(SuiteRunner.java:334)
	at org.testng.SuiteRunner.runSequentially(SuiteRunner.java:329)
	at org.testng.SuiteRunner.privateRun(SuiteRunner.java:291)
	at org.testng.SuiteRunner.run(SuiteRunner.java:240)
	at org.testng.SuiteRunnerWorker.runSuite(SuiteRunnerWorker.java:52)
	at org.testng.SuiteRunnerWorker.run(SuiteRunnerWorker.java:86)
	at org.testng.TestNG.runSuitesSequentially(TestNG.java:1198)
	at org.testng.TestNG.runSuitesLocally(TestNG.java:1123)
	at org.testng.TestNG.run(TestNG.java:1031)
	at org.testng.remote.AbstractRemoteTestNG.run(AbstractRemoteTestNG.java:115)
	at org.testng.remote.RemoteTestNG.initAndRun(RemoteTestNG.java:251)
	at org.testng.remote.RemoteTestNG.main(RemoteTestNG.java:77)
]]>
    </error>
  </testcase> <!-- parametrosParaLivroICMSSTVisualizar -->
  <testcase classname="com.timp.test.MDR.Automacoes.AutomacoesMDR2" name="saldoInicialDiferidoFiltroID" time="85.740">
    <failure message="no such element: Unable to locate element: {&quot;method&quot;:&quot;xpath&quot;,&quot;selector&quot;:&quot;//span[text()=&quot;Saldo Inicial Diferido&quot;]&quot;}
  (Session info: chrome=83.0.4103.106)
For documentation on this error, please visit: https://www.seleniumhq.org/exceptions/no_such_element.html
Build info: version: &#039;3.141.59&#039;, revision: &#039;e82be7d358&#039;, time: &#039;2018-11-14T08:17:03&#039;
System info: host: &#039;DESKTOP-BNBDMGT&#039;, ip: &#039;192.168.1.37&#039;, os.name: &#039;Windows 10&#039;, os.arch: &#039;amd64&#039;, os.version: &#039;10.0&#039;, java.version: &#039;14.0.1&#039;
Driver info: org.openqa.selenium.chrome.ChromeDriver
Capabilities {acceptInsecureCerts: false, browserName: chrome, browserVersion: 83.0.4103.106, chrome: {chromedriverVersion: 83.0.4103.39 (ccbf011cb2d2b..., userDataDir: C:\Users\ymass\AppData\Loca...}, goog:chromeOptions: {debuggerAddress: localhost:54467}, javascriptEnabled: true, networkConnectionEnabled: false, pageLoadStrategy: normal, platform: WINDOWS, platformName: WINDOWS, proxy: Proxy(), setWindowRect: true, strictFileInteractability: false, timeouts: {implicit: 0, pageLoad: 300000, script: 30000}, unhandledPromptBehavior: dismiss and notify, webauthn:virtualAuthenticators: true}
Session ID: d13c501181e1d5ed2790e96505344bfe
*** Element info: {Using=xpath, value=//span[text()=&quot;Saldo Inicial Diferido&quot;]}" type="org.openqa.selenium.NoSuchElementException">
      <![CDATA[org.openqa.selenium.NoSuchElementException: no such element: Unable to locate element: {"method":"xpath","selector":"//span[text()="Saldo Inicial Diferido"]"}
  (Session info: chrome=83.0.4103.106)
For documentation on this error, please visit: https://www.seleniumhq.org/exceptions/no_such_element.html
Build info: version: '3.141.59', revision: 'e82be7d358', time: '2018-11-14T08:17:03'
System info: host: 'DESKTOP-BNBDMGT', ip: '192.168.1.37', os.name: 'Windows 10', os.arch: 'amd64', os.version: '10.0', java.version: '14.0.1'
Driver info: org.openqa.selenium.chrome.ChromeDriver
Capabilities {acceptInsecureCerts: false, browserName: chrome, browserVersion: 83.0.4103.106, chrome: {chromedriverVersion: 83.0.4103.39 (ccbf011cb2d2b..., userDataDir: C:\Users\ymass\AppData\Loca...}, goog:chromeOptions: {debuggerAddress: localhost:54467}, javascriptEnabled: true, networkConnectionEnabled: false, pageLoadStrategy: normal, platform: WINDOWS, platformName: WINDOWS, proxy: Proxy(), setWindowRect: true, strictFileInteractability: false, timeouts: {implicit: 0, pageLoad: 300000, script: 30000}, unhandledPromptBehavior: dismiss and notify, webauthn:virtualAuthenticators: true}
Session ID: d13c501181e1d5ed2790e96505344bfe
*** Element info: {Using=xpath, value=//span[text()="Saldo Inicial Diferido"]}
	at jdk.internal.reflect.GeneratedConstructorAccessor14.newInstance(Unknown Source)
	at java.base/jdk.internal.reflect.DelegatingConstructorAccessorImpl.newInstance(DelegatingConstructorAccessorImpl.java:45)
	at java.base/java.lang.reflect.Constructor.newInstanceWithCaller(Constructor.java:500)
	at java.base/java.lang.reflect.Constructor.newInstance(Constructor.java:481)
	at org.openqa.selenium.remote.http.W3CHttpResponseCodec.createException(W3CHttpResponseCodec.java:187)
	at org.openqa.selenium.remote.http.W3CHttpResponseCodec.decode(W3CHttpResponseCodec.java:122)
	at org.openqa.selenium.remote.http.W3CHttpResponseCodec.decode(W3CHttpResponseCodec.java:49)
	at org.openqa.selenium.remote.HttpCommandExecutor.execute(HttpCommandExecutor.java:158)
	at org.openqa.selenium.remote.service.DriverCommandExecutor.execute(DriverCommandExecutor.java:83)
	at org.openqa.selenium.remote.RemoteWebDriver.execute(RemoteWebDriver.java:552)
	at org.openqa.selenium.remote.RemoteWebDriver.findElement(RemoteWebDriver.java:323)
	at org.openqa.selenium.remote.RemoteWebDriver.findElementByXPath(RemoteWebDriver.java:428)
	at org.openqa.selenium.By$ByXPath.findElement(By.java:353)
	at org.openqa.selenium.remote.RemoteWebDriver.findElement(RemoteWebDriver.java:315)
	at org.openqa.selenium.support.pagefactory.DefaultElementLocator.findElement(DefaultElementLocator.java:69)
	at org.openqa.selenium.support.pagefactory.internal.LocatingElementHandler.invoke(LocatingElementHandler.java:38)
	at com.sun.proxy.$Proxy10.click(Unknown Source)
	at com.sap.timp.pageObjectModel.MDR.SaldoInicialDiferido.SaldoInicialDiferidoFiltroIDPO.filtro(SaldoInicialDiferidoFiltroIDPO.java:48)
	at com.timp.test.MDR.SaldoInicialDiferido.SaldoInicialDiferidoFiltroID.filtro(SaldoInicialDiferidoFiltroID.java:52)
	at com.timp.test.MDR.Automacoes.AutomacoesMDR2.saldoInicialDiferidoFiltroID(AutomacoesMDR2.java:1558)
	at java.base/jdk.internal.reflect.NativeMethodAccessorImpl.invoke0(Native Method)
	at java.base/jdk.internal.reflect.NativeMethodAccessorImpl.invoke(NativeMethodAccessorImpl.java:62)
	at java.base/jdk.internal.reflect.DelegatingMethodAccessorImpl.invoke(DelegatingMethodAccessorImpl.java:43)
	at java.base/java.lang.reflect.Method.invoke(Method.java:564)
	at org.testng.internal.MethodInvocationHelper.invokeMethod(MethodInvocationHelper.java:80)
	at org.testng.internal.Invoker.invokeMethod(Invoker.java:714)
	at org.testng.internal.Invoker.invokeTestMethod(Invoker.java:901)
	at org.testng.internal.Invoker.invokeTestMethods(Invoker.java:1231)
	at org.testng.internal.TestMethodWorker.invokeTestMethods(TestMethodWorker.java:127)
	at org.testng.internal.TestMethodWorker.run(TestMethodWorker.java:111)
	at org.testng.TestRunner.privateRun(TestRunner.java:767)
	at org.testng.TestRunner.run(TestRunner.java:617)
	at org.testng.SuiteRunner.runTest(SuiteRunner.java:334)
	at org.testng.SuiteRunner.runSequentially(SuiteRunner.java:329)
	at org.testng.SuiteRunner.privateRun(SuiteRunner.java:291)
	at org.testng.SuiteRunner.run(SuiteRunner.java:240)
	at org.testng.SuiteRunnerWorker.runSuite(SuiteRunnerWorker.java:52)
	at org.testng.SuiteRunnerWorker.run(SuiteRunnerWorker.java:86)
	at org.testng.TestNG.runSuitesSequentially(TestNG.java:1198)
	at org.testng.TestNG.runSuitesLocally(TestNG.java:1123)
	at org.testng.TestNG.run(TestNG.java:1031)
	at org.testng.remote.AbstractRemoteTestNG.run(AbstractRemoteTestNG.java:115)
	at org.testng.remote.RemoteTestNG.initAndRun(RemoteTestNG.java:251)
	at org.testng.remote.RemoteTestNG.main(RemoteTestNG.java:77)
]]>
    </failure>
  </testcase> <!-- saldoInicialDiferidoFiltroID -->
  <testcase classname="com.timp.test.MDR.Automacoes.AutomacoesMDR2" name="parametrosParaLivroICMSSTExcluirEmMassa" time="239.780"/>
  <testcase classname="com.timp.test.MDR.Automacoes.AutomacoesMDR2" name="contasDefaultPorTributoDetalhes" time="100.506"/>
  <testcase classname="com.timp.test.MDR.Automacoes.AutomacoesMDR2" name="limiteCompetenciaDetalhes" time="89.464"/>
  <testcase classname="com.timp.test.MDR.Automacoes.AutomacoesMDR2" name="ajusteEInformaçoesDeValoresEditar" time="106.727"/>
  <testcase classname="com.timp.test.MDR.Automacoes.AutomacoesMDR2" name="registroDeExportaçaoExcluir" time="140.184"/>
  <testcase classname="com.timp.test.MDR.Automacoes.AutomacoesMDR2" name="detalheTipoTributoFiscalVisualizar" time="99.482"/>
  <testcase classname="com.timp.test.MDR.Automacoes.AutomacoesMDR2" name="productosSCANCEditar" time="213.179">
    <failure message="no such element: Unable to locate element: {&quot;method&quot;:&quot;xpath&quot;,&quot;selector&quot;:&quot;//div[@data-id=&quot;41&quot;]/div[1]/div&quot;}
  (Session info: chrome=83.0.4103.106)
For documentation on this error, please visit: https://www.seleniumhq.org/exceptions/no_such_element.html
Build info: version: &#039;3.141.59&#039;, revision: &#039;e82be7d358&#039;, time: &#039;2018-11-14T08:17:03&#039;
System info: host: &#039;DESKTOP-BNBDMGT&#039;, ip: &#039;192.168.1.37&#039;, os.name: &#039;Windows 10&#039;, os.arch: &#039;amd64&#039;, os.version: &#039;10.0&#039;, java.version: &#039;14.0.1&#039;
Driver info: org.openqa.selenium.chrome.ChromeDriver
Capabilities {acceptInsecureCerts: false, browserName: chrome, browserVersion: 83.0.4103.106, chrome: {chromedriverVersion: 83.0.4103.39 (ccbf011cb2d2b..., userDataDir: C:\Users\ymass\AppData\Loca...}, goog:chromeOptions: {debuggerAddress: localhost:53629}, javascriptEnabled: true, networkConnectionEnabled: false, pageLoadStrategy: normal, platform: WINDOWS, platformName: WINDOWS, proxy: Proxy(), setWindowRect: true, strictFileInteractability: false, timeouts: {implicit: 0, pageLoad: 300000, script: 30000}, unhandledPromptBehavior: dismiss and notify, webauthn:virtualAuthenticators: true}
Session ID: 27eb8ae45b83992ba232ed0f53df01b0
*** Element info: {Using=xpath, value=//div[@data-id=&quot;41&quot;]/div[1]/div}" type="org.openqa.selenium.NoSuchElementException">
      <![CDATA[org.openqa.selenium.NoSuchElementException: no such element: Unable to locate element: {"method":"xpath","selector":"//div[@data-id="41"]/div[1]/div"}
  (Session info: chrome=83.0.4103.106)
For documentation on this error, please visit: https://www.seleniumhq.org/exceptions/no_such_element.html
Build info: version: '3.141.59', revision: 'e82be7d358', time: '2018-11-14T08:17:03'
System info: host: 'DESKTOP-BNBDMGT', ip: '192.168.1.37', os.name: 'Windows 10', os.arch: 'amd64', os.version: '10.0', java.version: '14.0.1'
Driver info: org.openqa.selenium.chrome.ChromeDriver
Capabilities {acceptInsecureCerts: false, browserName: chrome, browserVersion: 83.0.4103.106, chrome: {chromedriverVersion: 83.0.4103.39 (ccbf011cb2d2b..., userDataDir: C:\Users\ymass\AppData\Loca...}, goog:chromeOptions: {debuggerAddress: localhost:53629}, javascriptEnabled: true, networkConnectionEnabled: false, pageLoadStrategy: normal, platform: WINDOWS, platformName: WINDOWS, proxy: Proxy(), setWindowRect: true, strictFileInteractability: false, timeouts: {implicit: 0, pageLoad: 300000, script: 30000}, unhandledPromptBehavior: dismiss and notify, webauthn:virtualAuthenticators: true}
Session ID: 27eb8ae45b83992ba232ed0f53df01b0
*** Element info: {Using=xpath, value=//div[@data-id="41"]/div[1]/div}
	at jdk.internal.reflect.GeneratedConstructorAccessor14.newInstance(Unknown Source)
	at java.base/jdk.internal.reflect.DelegatingConstructorAccessorImpl.newInstance(DelegatingConstructorAccessorImpl.java:45)
	at java.base/java.lang.reflect.Constructor.newInstanceWithCaller(Constructor.java:500)
	at java.base/java.lang.reflect.Constructor.newInstance(Constructor.java:481)
	at org.openqa.selenium.remote.http.W3CHttpResponseCodec.createException(W3CHttpResponseCodec.java:187)
	at org.openqa.selenium.remote.http.W3CHttpResponseCodec.decode(W3CHttpResponseCodec.java:122)
	at org.openqa.selenium.remote.http.W3CHttpResponseCodec.decode(W3CHttpResponseCodec.java:49)
	at org.openqa.selenium.remote.HttpCommandExecutor.execute(HttpCommandExecutor.java:158)
	at org.openqa.selenium.remote.service.DriverCommandExecutor.execute(DriverCommandExecutor.java:83)
	at org.openqa.selenium.remote.RemoteWebDriver.execute(RemoteWebDriver.java:552)
	at org.openqa.selenium.remote.RemoteWebDriver.findElement(RemoteWebDriver.java:323)
	at org.openqa.selenium.remote.RemoteWebDriver.findElementByXPath(RemoteWebDriver.java:428)
	at org.openqa.selenium.By$ByXPath.findElement(By.java:353)
	at org.openqa.selenium.remote.RemoteWebDriver.findElement(RemoteWebDriver.java:315)
	at com.sap.timp.pageObjectModel.MDR.SCANC.ProdutosSCANC.ProdutosSCANCEditarPO.editar(ProdutosSCANCEditarPO.java:60)
	at com.timp.test.MDR.SCANC.ProdutosSCANC.ProductosSCANCEditar.editar(ProductosSCANCEditar.java:54)
	at com.timp.test.MDR.Automacoes.AutomacoesMDR2.productosSCANCEditar(AutomacoesMDR2.java:1730)
	at java.base/jdk.internal.reflect.NativeMethodAccessorImpl.invoke0(Native Method)
	at java.base/jdk.internal.reflect.NativeMethodAccessorImpl.invoke(NativeMethodAccessorImpl.java:62)
	at java.base/jdk.internal.reflect.DelegatingMethodAccessorImpl.invoke(DelegatingMethodAccessorImpl.java:43)
	at java.base/java.lang.reflect.Method.invoke(Method.java:564)
	at org.testng.internal.MethodInvocationHelper.invokeMethod(MethodInvocationHelper.java:80)
	at org.testng.internal.Invoker.invokeMethod(Invoker.java:714)
	at org.testng.internal.Invoker.invokeTestMethod(Invoker.java:901)
	at org.testng.internal.Invoker.invokeTestMethods(Invoker.java:1231)
	at org.testng.internal.TestMethodWorker.invokeTestMethods(TestMethodWorker.java:127)
	at org.testng.internal.TestMethodWorker.run(TestMethodWorker.java:111)
	at org.testng.TestRunner.privateRun(TestRunner.java:767)
	at org.testng.TestRunner.run(TestRunner.java:617)
	at org.testng.SuiteRunner.runTest(SuiteRunner.java:334)
	at org.testng.SuiteRunner.runSequentially(SuiteRunner.java:329)
	at org.testng.SuiteRunner.privateRun(SuiteRunner.java:291)
	at org.testng.SuiteRunner.run(SuiteRunner.java:240)
	at org.testng.SuiteRunnerWorker.runSuite(SuiteRunnerWorker.java:52)
	at org.testng.SuiteRunnerWorker.run(SuiteRunnerWorker.java:86)
	at org.testng.TestNG.runSuitesSequentially(TestNG.java:1198)
	at org.testng.TestNG.runSuitesLocally(TestNG.java:1123)
	at org.testng.TestNG.run(TestNG.java:1031)
	at org.testng.remote.AbstractRemoteTestNG.run(AbstractRemoteTestNG.java:115)
	at org.testng.remote.RemoteTestNG.initAndRun(RemoteTestNG.java:251)
	at org.testng.remote.RemoteTestNG.main(RemoteTestNG.java:77)
]]>
    </failure>
  </testcase> <!-- productosSCANCEditar -->
  <testcase classname="com.timp.test.MDR.Automacoes.AutomacoesMDR2" name="contasDefaultPorTributoCriar" time="168.600"/>
  <testcase classname="com.timp.test.MDR.Automacoes.AutomacoesMDR2" name="hierarquiaDeCenariosDeCorreçaoEditar" time="102.133"/>
  <testcase classname="com.timp.test.MDR.Automacoes.AutomacoesMDR2" name="representanteLegaisCriar" time="159.810"/>
  <testcase classname="com.timp.test.MDR.Automacoes.AutomacoesMDR2" name="productosSCANCDetalhes" time="119.126">
    <failure message="no such element: Unable to locate element: {&quot;method&quot;:&quot;xpath&quot;,&quot;selector&quot;:&quot;//div[@data-id=&quot;41&quot;]/div[1]/div&quot;}
  (Session info: chrome=83.0.4103.106)
For documentation on this error, please visit: https://www.seleniumhq.org/exceptions/no_such_element.html
Build info: version: &#039;3.141.59&#039;, revision: &#039;e82be7d358&#039;, time: &#039;2018-11-14T08:17:03&#039;
System info: host: &#039;DESKTOP-BNBDMGT&#039;, ip: &#039;192.168.1.37&#039;, os.name: &#039;Windows 10&#039;, os.arch: &#039;amd64&#039;, os.version: &#039;10.0&#039;, java.version: &#039;14.0.1&#039;
Driver info: org.openqa.selenium.chrome.ChromeDriver
Capabilities {acceptInsecureCerts: false, browserName: chrome, browserVersion: 83.0.4103.106, chrome: {chromedriverVersion: 83.0.4103.39 (ccbf011cb2d2b..., userDataDir: C:\Users\ymass\AppData\Loca...}, goog:chromeOptions: {debuggerAddress: localhost:53923}, javascriptEnabled: true, networkConnectionEnabled: false, pageLoadStrategy: normal, platform: WINDOWS, platformName: WINDOWS, proxy: Proxy(), setWindowRect: true, strictFileInteractability: false, timeouts: {implicit: 0, pageLoad: 300000, script: 30000}, unhandledPromptBehavior: dismiss and notify, webauthn:virtualAuthenticators: true}
Session ID: 64e6b1fa9676d0b9a2962418ed70d32d
*** Element info: {Using=xpath, value=//div[@data-id=&quot;41&quot;]/div[1]/div}" type="org.openqa.selenium.NoSuchElementException">
      <![CDATA[org.openqa.selenium.NoSuchElementException: no such element: Unable to locate element: {"method":"xpath","selector":"//div[@data-id="41"]/div[1]/div"}
  (Session info: chrome=83.0.4103.106)
For documentation on this error, please visit: https://www.seleniumhq.org/exceptions/no_such_element.html
Build info: version: '3.141.59', revision: 'e82be7d358', time: '2018-11-14T08:17:03'
System info: host: 'DESKTOP-BNBDMGT', ip: '192.168.1.37', os.name: 'Windows 10', os.arch: 'amd64', os.version: '10.0', java.version: '14.0.1'
Driver info: org.openqa.selenium.chrome.ChromeDriver
Capabilities {acceptInsecureCerts: false, browserName: chrome, browserVersion: 83.0.4103.106, chrome: {chromedriverVersion: 83.0.4103.39 (ccbf011cb2d2b..., userDataDir: C:\Users\ymass\AppData\Loca...}, goog:chromeOptions: {debuggerAddress: localhost:53923}, javascriptEnabled: true, networkConnectionEnabled: false, pageLoadStrategy: normal, platform: WINDOWS, platformName: WINDOWS, proxy: Proxy(), setWindowRect: true, strictFileInteractability: false, timeouts: {implicit: 0, pageLoad: 300000, script: 30000}, unhandledPromptBehavior: dismiss and notify, webauthn:virtualAuthenticators: true}
Session ID: 64e6b1fa9676d0b9a2962418ed70d32d
*** Element info: {Using=xpath, value=//div[@data-id="41"]/div[1]/div}
	at jdk.internal.reflect.GeneratedConstructorAccessor14.newInstance(Unknown Source)
	at java.base/jdk.internal.reflect.DelegatingConstructorAccessorImpl.newInstance(DelegatingConstructorAccessorImpl.java:45)
	at java.base/java.lang.reflect.Constructor.newInstanceWithCaller(Constructor.java:500)
	at java.base/java.lang.reflect.Constructor.newInstance(Constructor.java:481)
	at org.openqa.selenium.remote.http.W3CHttpResponseCodec.createException(W3CHttpResponseCodec.java:187)
	at org.openqa.selenium.remote.http.W3CHttpResponseCodec.decode(W3CHttpResponseCodec.java:122)
	at org.openqa.selenium.remote.http.W3CHttpResponseCodec.decode(W3CHttpResponseCodec.java:49)
	at org.openqa.selenium.remote.HttpCommandExecutor.execute(HttpCommandExecutor.java:158)
	at org.openqa.selenium.remote.service.DriverCommandExecutor.execute(DriverCommandExecutor.java:83)
	at org.openqa.selenium.remote.RemoteWebDriver.execute(RemoteWebDriver.java:552)
	at org.openqa.selenium.remote.RemoteWebDriver.findElement(RemoteWebDriver.java:323)
	at org.openqa.selenium.remote.RemoteWebDriver.findElementByXPath(RemoteWebDriver.java:428)
	at org.openqa.selenium.By$ByXPath.findElement(By.java:353)
	at org.openqa.selenium.remote.RemoteWebDriver.findElement(RemoteWebDriver.java:315)
	at com.sap.timp.pageObjectModel.MDR.SCANC.ProdutosSCANC.ProdutosSCANCDetalhesPO.detalhes(ProdutosSCANCDetalhesPO.java:83)
	at com.timp.test.MDR.SCANC.ProdutosSCANC.ProdutosSCANCDetalhes.detalhes(ProdutosSCANCDetalhes.java:56)
	at com.timp.test.MDR.Automacoes.AutomacoesMDR2.productosSCANCDetalhes(AutomacoesMDR2.java:1754)
	at java.base/jdk.internal.reflect.NativeMethodAccessorImpl.invoke0(Native Method)
	at java.base/jdk.internal.reflect.NativeMethodAccessorImpl.invoke(NativeMethodAccessorImpl.java:62)
	at java.base/jdk.internal.reflect.DelegatingMethodAccessorImpl.invoke(DelegatingMethodAccessorImpl.java:43)
	at java.base/java.lang.reflect.Method.invoke(Method.java:564)
	at org.testng.internal.MethodInvocationHelper.invokeMethod(MethodInvocationHelper.java:80)
	at org.testng.internal.Invoker.invokeMethod(Invoker.java:714)
	at org.testng.internal.Invoker.invokeTestMethod(Invoker.java:901)
	at org.testng.internal.Invoker.invokeTestMethods(Invoker.java:1231)
	at org.testng.internal.TestMethodWorker.invokeTestMethods(TestMethodWorker.java:127)
	at org.testng.internal.TestMethodWorker.run(TestMethodWorker.java:111)
	at org.testng.TestRunner.privateRun(TestRunner.java:767)
	at org.testng.TestRunner.run(TestRunner.java:617)
	at org.testng.SuiteRunner.runTest(SuiteRunner.java:334)
	at org.testng.SuiteRunner.runSequentially(SuiteRunner.java:329)
	at org.testng.SuiteRunner.privateRun(SuiteRunner.java:291)
	at org.testng.SuiteRunner.run(SuiteRunner.java:240)
	at org.testng.SuiteRunnerWorker.runSuite(SuiteRunnerWorker.java:52)
	at org.testng.SuiteRunnerWorker.run(SuiteRunnerWorker.java:86)
	at org.testng.TestNG.runSuitesSequentially(TestNG.java:1198)
	at org.testng.TestNG.runSuitesLocally(TestNG.java:1123)
	at org.testng.TestNG.run(TestNG.java:1031)
	at org.testng.remote.AbstractRemoteTestNG.run(AbstractRemoteTestNG.java:115)
	at org.testng.remote.RemoteTestNG.initAndRun(RemoteTestNG.java:251)
	at org.testng.remote.RemoteTestNG.main(RemoteTestNG.java:77)
]]>
    </failure>
  </testcase> <!-- productosSCANCDetalhes -->
  <testcase classname="com.timp.test.MDR.Automacoes.AutomacoesMDR2" name="sequenciaEditar" time="144.080"/>
  <testcase classname="com.timp.test.MDR.Automacoes.AutomacoesMDR2" name="movimentoSCANCExcluir" time="198.322">
    <failure message="element not interactable
  (Session info: chrome=83.0.4103.106)
Build info: version: &#039;3.141.59&#039;, revision: &#039;e82be7d358&#039;, time: &#039;2018-11-14T08:17:03&#039;
System info: host: &#039;DESKTOP-BNBDMGT&#039;, ip: &#039;192.168.1.37&#039;, os.name: &#039;Windows 10&#039;, os.arch: &#039;amd64&#039;, os.version: &#039;10.0&#039;, java.version: &#039;14.0.1&#039;
Driver info: org.openqa.selenium.chrome.ChromeDriver
Capabilities {acceptInsecureCerts: false, browserName: chrome, browserVersion: 83.0.4103.106, chrome: {chromedriverVersion: 83.0.4103.39 (ccbf011cb2d2b..., userDataDir: C:\Users\ymass\AppData\Loca...}, goog:chromeOptions: {debuggerAddress: localhost:53166}, javascriptEnabled: true, networkConnectionEnabled: false, pageLoadStrategy: normal, platform: WINDOWS, platformName: WINDOWS, proxy: Proxy(), setWindowRect: true, strictFileInteractability: false, timeouts: {implicit: 0, pageLoad: 300000, script: 30000}, unhandledPromptBehavior: dismiss and notify, webauthn:virtualAuthenticators: true}
Session ID: 131c90573c5df753f7b76f2b54666f99" type="org.openqa.selenium.ElementNotInteractableException">
      <![CDATA[org.openqa.selenium.ElementNotInteractableException: element not interactable
  (Session info: chrome=83.0.4103.106)
Build info: version: '3.141.59', revision: 'e82be7d358', time: '2018-11-14T08:17:03'
System info: host: 'DESKTOP-BNBDMGT', ip: '192.168.1.37', os.name: 'Windows 10', os.arch: 'amd64', os.version: '10.0', java.version: '14.0.1'
Driver info: org.openqa.selenium.chrome.ChromeDriver
Capabilities {acceptInsecureCerts: false, browserName: chrome, browserVersion: 83.0.4103.106, chrome: {chromedriverVersion: 83.0.4103.39 (ccbf011cb2d2b..., userDataDir: C:\Users\ymass\AppData\Loca...}, goog:chromeOptions: {debuggerAddress: localhost:53166}, javascriptEnabled: true, networkConnectionEnabled: false, pageLoadStrategy: normal, platform: WINDOWS, platformName: WINDOWS, proxy: Proxy(), setWindowRect: true, strictFileInteractability: false, timeouts: {implicit: 0, pageLoad: 300000, script: 30000}, unhandledPromptBehavior: dismiss and notify, webauthn:virtualAuthenticators: true}
Session ID: 131c90573c5df753f7b76f2b54666f99
	at java.base/jdk.internal.reflect.NativeConstructorAccessorImpl.newInstance0(Native Method)
	at java.base/jdk.internal.reflect.NativeConstructorAccessorImpl.newInstance(NativeConstructorAccessorImpl.java:62)
	at java.base/jdk.internal.reflect.DelegatingConstructorAccessorImpl.newInstance(DelegatingConstructorAccessorImpl.java:45)
	at java.base/java.lang.reflect.Constructor.newInstanceWithCaller(Constructor.java:500)
	at java.base/java.lang.reflect.Constructor.newInstance(Constructor.java:481)
	at org.openqa.selenium.remote.http.W3CHttpResponseCodec.createException(W3CHttpResponseCodec.java:187)
	at org.openqa.selenium.remote.http.W3CHttpResponseCodec.decode(W3CHttpResponseCodec.java:122)
	at org.openqa.selenium.remote.http.W3CHttpResponseCodec.decode(W3CHttpResponseCodec.java:49)
	at org.openqa.selenium.remote.HttpCommandExecutor.execute(HttpCommandExecutor.java:158)
	at org.openqa.selenium.remote.service.DriverCommandExecutor.execute(DriverCommandExecutor.java:83)
	at org.openqa.selenium.remote.RemoteWebDriver.execute(RemoteWebDriver.java:552)
	at org.openqa.selenium.remote.RemoteWebElement.execute(RemoteWebElement.java:285)
	at org.openqa.selenium.remote.RemoteWebElement.click(RemoteWebElement.java:84)
	at jdk.internal.reflect.GeneratedMethodAccessor1.invoke(Unknown Source)
	at java.base/jdk.internal.reflect.DelegatingMethodAccessorImpl.invoke(DelegatingMethodAccessorImpl.java:43)
	at java.base/java.lang.reflect.Method.invoke(Method.java:564)
	at org.openqa.selenium.support.pagefactory.internal.LocatingElementHandler.invoke(LocatingElementHandler.java:51)
	at com.sun.proxy.$Proxy10.click(Unknown Source)
	at com.sap.timp.pageObjectModel.MDR.SCANC.MovimentoSCANC.MovimentoSCANCExcluirPO.excluir(MovimentoSCANCExcluirPO.java:59)
	at com.timp.test.MDR.SCANC.MovimentoSCANC.MovimentoSCANCExcluir.excluir(MovimentoSCANCExcluir.java:55)
	at com.timp.test.MDR.Automacoes.AutomacoesMDR2.movimentoSCANCExcluir(AutomacoesMDR2.java:1680)
	at java.base/jdk.internal.reflect.NativeMethodAccessorImpl.invoke0(Native Method)
	at java.base/jdk.internal.reflect.NativeMethodAccessorImpl.invoke(NativeMethodAccessorImpl.java:62)
	at java.base/jdk.internal.reflect.DelegatingMethodAccessorImpl.invoke(DelegatingMethodAccessorImpl.java:43)
	at java.base/java.lang.reflect.Method.invoke(Method.java:564)
	at org.testng.internal.MethodInvocationHelper.invokeMethod(MethodInvocationHelper.java:80)
	at org.testng.internal.Invoker.invokeMethod(Invoker.java:714)
	at org.testng.internal.Invoker.invokeTestMethod(Invoker.java:901)
	at org.testng.internal.Invoker.invokeTestMethods(Invoker.java:1231)
	at org.testng.internal.TestMethodWorker.invokeTestMethods(TestMethodWorker.java:127)
	at org.testng.internal.TestMethodWorker.run(TestMethodWorker.java:111)
	at org.testng.TestRunner.privateRun(TestRunner.java:767)
	at org.testng.TestRunner.run(TestRunner.java:617)
	at org.testng.SuiteRunner.runTest(SuiteRunner.java:334)
	at org.testng.SuiteRunner.runSequentially(SuiteRunner.java:329)
	at org.testng.SuiteRunner.privateRun(SuiteRunner.java:291)
	at org.testng.SuiteRunner.run(SuiteRunner.java:240)
	at org.testng.SuiteRunnerWorker.runSuite(SuiteRunnerWorker.java:52)
	at org.testng.SuiteRunnerWorker.run(SuiteRunnerWorker.java:86)
	at org.testng.TestNG.runSuitesSequentially(TestNG.java:1198)
	at org.testng.TestNG.runSuitesLocally(TestNG.java:1123)
	at org.testng.TestNG.run(TestNG.java:1031)
	at org.testng.remote.AbstractRemoteTestNG.run(AbstractRemoteTestNG.java:115)
	at org.testng.remote.RemoteTestNG.initAndRun(RemoteTestNG.java:251)
	at org.testng.remote.RemoteTestNG.main(RemoteTestNG.java:77)
]]>
    </failure>
  </testcase> <!-- movimentoSCANCExcluir -->
  <testcase classname="com.timp.test.MDR.Automacoes.AutomacoesMDR2" name="ajustesDosAnexosCriar" time="180.687"/>
  <testcase classname="com.timp.test.MDR.Automacoes.AutomacoesMDR2" name="livrosFiscaisExcluirEmMassa" time="185.500"/>
  <testcase classname="com.timp.test.MDR.Automacoes.AutomacoesMDR2" name="hierarquiaDeCenariosDeCorreçaoFiltroAbansado" time="129.897"/>
  <testcase classname="com.timp.test.MDR.Automacoes.AutomacoesMDR2" name="mapeamentoContabilCorrecaoVisualizar" time="101.662"/>
  <testcase classname="com.timp.test.MDR.Automacoes.AutomacoesMDR2" name="saldoInicialDiferidoExcluir" time="112.369">
    <failure message="no such element: Unable to locate element: {&quot;method&quot;:&quot;xpath&quot;,&quot;selector&quot;:&quot;//span[text()=&quot;Saldo Inicial Diferido&quot;]&quot;}
  (Session info: chrome=83.0.4103.106)
For documentation on this error, please visit: https://www.seleniumhq.org/exceptions/no_such_element.html
Build info: version: &#039;3.141.59&#039;, revision: &#039;e82be7d358&#039;, time: &#039;2018-11-14T08:17:03&#039;
System info: host: &#039;DESKTOP-BNBDMGT&#039;, ip: &#039;192.168.1.37&#039;, os.name: &#039;Windows 10&#039;, os.arch: &#039;amd64&#039;, os.version: &#039;10.0&#039;, java.version: &#039;14.0.1&#039;
Driver info: org.openqa.selenium.chrome.ChromeDriver
Capabilities {acceptInsecureCerts: false, browserName: chrome, browserVersion: 83.0.4103.106, chrome: {chromedriverVersion: 83.0.4103.39 (ccbf011cb2d2b..., userDataDir: C:\Users\ymass\AppData\Loca...}, goog:chromeOptions: {debuggerAddress: localhost:54560}, javascriptEnabled: true, networkConnectionEnabled: false, pageLoadStrategy: normal, platform: WINDOWS, platformName: WINDOWS, proxy: Proxy(), setWindowRect: true, strictFileInteractability: false, timeouts: {implicit: 0, pageLoad: 300000, script: 30000}, unhandledPromptBehavior: dismiss and notify, webauthn:virtualAuthenticators: true}
Session ID: 73a4506d259ecd5357aaacbf51744822
*** Element info: {Using=xpath, value=//span[text()=&quot;Saldo Inicial Diferido&quot;]}" type="org.openqa.selenium.NoSuchElementException">
      <![CDATA[org.openqa.selenium.NoSuchElementException: no such element: Unable to locate element: {"method":"xpath","selector":"//span[text()="Saldo Inicial Diferido"]"}
  (Session info: chrome=83.0.4103.106)
For documentation on this error, please visit: https://www.seleniumhq.org/exceptions/no_such_element.html
Build info: version: '3.141.59', revision: 'e82be7d358', time: '2018-11-14T08:17:03'
System info: host: 'DESKTOP-BNBDMGT', ip: '192.168.1.37', os.name: 'Windows 10', os.arch: 'amd64', os.version: '10.0', java.version: '14.0.1'
Driver info: org.openqa.selenium.chrome.ChromeDriver
Capabilities {acceptInsecureCerts: false, browserName: chrome, browserVersion: 83.0.4103.106, chrome: {chromedriverVersion: 83.0.4103.39 (ccbf011cb2d2b..., userDataDir: C:\Users\ymass\AppData\Loca...}, goog:chromeOptions: {debuggerAddress: localhost:54560}, javascriptEnabled: true, networkConnectionEnabled: false, pageLoadStrategy: normal, platform: WINDOWS, platformName: WINDOWS, proxy: Proxy(), setWindowRect: true, strictFileInteractability: false, timeouts: {implicit: 0, pageLoad: 300000, script: 30000}, unhandledPromptBehavior: dismiss and notify, webauthn:virtualAuthenticators: true}
Session ID: 73a4506d259ecd5357aaacbf51744822
*** Element info: {Using=xpath, value=//span[text()="Saldo Inicial Diferido"]}
	at jdk.internal.reflect.GeneratedConstructorAccessor14.newInstance(Unknown Source)
	at java.base/jdk.internal.reflect.DelegatingConstructorAccessorImpl.newInstance(DelegatingConstructorAccessorImpl.java:45)
	at java.base/java.lang.reflect.Constructor.newInstanceWithCaller(Constructor.java:500)
	at java.base/java.lang.reflect.Constructor.newInstance(Constructor.java:481)
	at org.openqa.selenium.remote.http.W3CHttpResponseCodec.createException(W3CHttpResponseCodec.java:187)
	at org.openqa.selenium.remote.http.W3CHttpResponseCodec.decode(W3CHttpResponseCodec.java:122)
	at org.openqa.selenium.remote.http.W3CHttpResponseCodec.decode(W3CHttpResponseCodec.java:49)
	at org.openqa.selenium.remote.HttpCommandExecutor.execute(HttpCommandExecutor.java:158)
	at org.openqa.selenium.remote.service.DriverCommandExecutor.execute(DriverCommandExecutor.java:83)
	at org.openqa.selenium.remote.RemoteWebDriver.execute(RemoteWebDriver.java:552)
	at org.openqa.selenium.remote.RemoteWebDriver.findElement(RemoteWebDriver.java:323)
	at org.openqa.selenium.remote.RemoteWebDriver.findElementByXPath(RemoteWebDriver.java:428)
	at org.openqa.selenium.By$ByXPath.findElement(By.java:353)
	at org.openqa.selenium.remote.RemoteWebDriver.findElement(RemoteWebDriver.java:315)
	at org.openqa.selenium.support.pagefactory.DefaultElementLocator.findElement(DefaultElementLocator.java:69)
	at org.openqa.selenium.support.pagefactory.internal.LocatingElementHandler.invoke(LocatingElementHandler.java:38)
	at com.sun.proxy.$Proxy10.click(Unknown Source)
	at com.sap.timp.pageObjectModel.MDR.SaldoInicialDiferido.SaldoInicialDiferidoExcluirPO.excluir(SaldoInicialDiferidoExcluirPO.java:46)
	at com.timp.test.MDR.SaldoInicialDiferido.SaldoInicialDiferidoExcluir.excluir(SaldoInicialDiferidoExcluir.java:53)
	at com.timp.test.MDR.Automacoes.AutomacoesMDR2.saldoInicialDiferidoExcluir(AutomacoesMDR2.java:1580)
	at java.base/jdk.internal.reflect.NativeMethodAccessorImpl.invoke0(Native Method)
	at java.base/jdk.internal.reflect.NativeMethodAccessorImpl.invoke(NativeMethodAccessorImpl.java:62)
	at java.base/jdk.internal.reflect.DelegatingMethodAccessorImpl.invoke(DelegatingMethodAccessorImpl.java:43)
	at java.base/java.lang.reflect.Method.invoke(Method.java:564)
	at org.testng.internal.MethodInvocationHelper.invokeMethod(MethodInvocationHelper.java:80)
	at org.testng.internal.Invoker.invokeMethod(Invoker.java:714)
	at org.testng.internal.Invoker.invokeTestMethod(Invoker.java:901)
	at org.testng.internal.Invoker.invokeTestMethods(Invoker.java:1231)
	at org.testng.internal.TestMethodWorker.invokeTestMethods(TestMethodWorker.java:127)
	at org.testng.internal.TestMethodWorker.run(TestMethodWorker.java:111)
	at org.testng.TestRunner.privateRun(TestRunner.java:767)
	at org.testng.TestRunner.run(TestRunner.java:617)
	at org.testng.SuiteRunner.runTest(SuiteRunner.java:334)
	at org.testng.SuiteRunner.runSequentially(SuiteRunner.java:329)
	at org.testng.SuiteRunner.privateRun(SuiteRunner.java:291)
	at org.testng.SuiteRunner.run(SuiteRunner.java:240)
	at org.testng.SuiteRunnerWorker.runSuite(SuiteRunnerWorker.java:52)
	at org.testng.SuiteRunnerWorker.run(SuiteRunnerWorker.java:86)
	at org.testng.TestNG.runSuitesSequentially(TestNG.java:1198)
	at org.testng.TestNG.runSuitesLocally(TestNG.java:1123)
	at org.testng.TestNG.run(TestNG.java:1031)
	at org.testng.remote.AbstractRemoteTestNG.run(AbstractRemoteTestNG.java:115)
	at org.testng.remote.RemoteTestNG.initAndRun(RemoteTestNG.java:251)
	at org.testng.remote.RemoteTestNG.main(RemoteTestNG.java:77)
]]>
    </failure>
  </testcase> <!-- saldoInicialDiferidoExcluir -->
  <testcase classname="com.timp.test.MDR.Automacoes.AutomacoesMDR2" name="contasDefaultPorTributoEditar" time="116.691"/>
  <testcase classname="com.timp.test.MDR.Automacoes.AutomacoesMDR2" name="ajusteEInformaçoesDeValoresExcluir" time="107.966"/>
  <testcase classname="com.timp.test.MDR.Automacoes.AutomacoesMDR2" name="contasDefaultPorTributoExcluir" time="101.498"/>
  <testcase classname="com.timp.test.MDR.Automacoes.AutomacoesMDR2" name="contasDefaultParaExtemporaneoCriar" time="181.607"/>
  <testcase classname="com.timp.test.MDR.Automacoes.AutomacoesMDR2" name="empresaFiltros" time="64.601">
    <error message="The results in the filter aren&#039;t equal expected [true] but found [false]" type="java.lang.AssertionError">
      <![CDATA[java.lang.AssertionError: The results in the filter aren't equal expected [true] but found [false]
	at org.testng.Assert.fail(Assert.java:94)
	at org.testng.Assert.failNotEquals(Assert.java:494)
	at org.testng.Assert.assertTrue(Assert.java:42)
	at com.timp.test.MDR.Empresas.EmpresasFiltros.filtros(EmpresasFiltros.java:54)
	at com.timp.test.MDR.Automacoes.AutomacoesMDR2.empresaFiltros(AutomacoesMDR2.java:532)
	at java.base/jdk.internal.reflect.NativeMethodAccessorImpl.invoke0(Native Method)
	at java.base/jdk.internal.reflect.NativeMethodAccessorImpl.invoke(NativeMethodAccessorImpl.java:62)
	at java.base/jdk.internal.reflect.DelegatingMethodAccessorImpl.invoke(DelegatingMethodAccessorImpl.java:43)
	at java.base/java.lang.reflect.Method.invoke(Method.java:564)
	at org.testng.internal.MethodInvocationHelper.invokeMethod(MethodInvocationHelper.java:80)
	at org.testng.internal.Invoker.invokeMethod(Invoker.java:714)
	at org.testng.internal.Invoker.invokeTestMethod(Invoker.java:901)
	at org.testng.internal.Invoker.invokeTestMethods(Invoker.java:1231)
	at org.testng.internal.TestMethodWorker.invokeTestMethods(TestMethodWorker.java:127)
	at org.testng.internal.TestMethodWorker.run(TestMethodWorker.java:111)
	at org.testng.TestRunner.privateRun(TestRunner.java:767)
	at org.testng.TestRunner.run(TestRunner.java:617)
	at org.testng.SuiteRunner.runTest(SuiteRunner.java:334)
	at org.testng.SuiteRunner.runSequentially(SuiteRunner.java:329)
	at org.testng.SuiteRunner.privateRun(SuiteRunner.java:291)
	at org.testng.SuiteRunner.run(SuiteRunner.java:240)
	at org.testng.SuiteRunnerWorker.runSuite(SuiteRunnerWorker.java:52)
	at org.testng.SuiteRunnerWorker.run(SuiteRunnerWorker.java:86)
	at org.testng.TestNG.runSuitesSequentially(TestNG.java:1198)
	at org.testng.TestNG.runSuitesLocally(TestNG.java:1123)
	at org.testng.TestNG.run(TestNG.java:1031)
	at org.testng.remote.AbstractRemoteTestNG.run(AbstractRemoteTestNG.java:115)
	at org.testng.remote.RemoteTestNG.initAndRun(RemoteTestNG.java:251)
	at org.testng.remote.RemoteTestNG.main(RemoteTestNG.java:77)
]]>
    </error>
  </testcase> <!-- empresaFiltros -->
  <testcase classname="com.timp.test.MDR.Automacoes.AutomacoesMDR2" name="registroDeExportaçaoEditar" time="101.045">
    <error message="O relatório não foi modificado com sucesso expected [true] but found [false]" type="java.lang.AssertionError">
      <![CDATA[java.lang.AssertionError: O relatório não foi modificado com sucesso expected [true] but found [false]
	at org.testng.Assert.fail(Assert.java:94)
	at org.testng.Assert.failNotEquals(Assert.java:494)
	at org.testng.Assert.assertTrue(Assert.java:42)
	at com.timp.test.MDR.RegistroDeExportaçao.RegistroDeExportaçaoEditar.editar(RegistroDeExportaçaoEditar.java:58)
	at com.timp.test.MDR.Automacoes.AutomacoesMDR2.registroDeExportaçaoEditar(AutomacoesMDR2.java:1401)
	at java.base/jdk.internal.reflect.NativeMethodAccessorImpl.invoke0(Native Method)
	at java.base/jdk.internal.reflect.NativeMethodAccessorImpl.invoke(NativeMethodAccessorImpl.java:62)
	at java.base/jdk.internal.reflect.DelegatingMethodAccessorImpl.invoke(DelegatingMethodAccessorImpl.java:43)
	at java.base/java.lang.reflect.Method.invoke(Method.java:564)
	at org.testng.internal.MethodInvocationHelper.invokeMethod(MethodInvocationHelper.java:80)
	at org.testng.internal.Invoker.invokeMethod(Invoker.java:714)
	at org.testng.internal.Invoker.invokeTestMethod(Invoker.java:901)
	at org.testng.internal.Invoker.invokeTestMethods(Invoker.java:1231)
	at org.testng.internal.TestMethodWorker.invokeTestMethods(TestMethodWorker.java:127)
	at org.testng.internal.TestMethodWorker.run(TestMethodWorker.java:111)
	at org.testng.TestRunner.privateRun(TestRunner.java:767)
	at org.testng.TestRunner.run(TestRunner.java:617)
	at org.testng.SuiteRunner.runTest(SuiteRunner.java:334)
	at org.testng.SuiteRunner.runSequentially(SuiteRunner.java:329)
	at org.testng.SuiteRunner.privateRun(SuiteRunner.java:291)
	at org.testng.SuiteRunner.run(SuiteRunner.java:240)
	at org.testng.SuiteRunnerWorker.runSuite(SuiteRunnerWorker.java:52)
	at org.testng.SuiteRunnerWorker.run(SuiteRunnerWorker.java:86)
	at org.testng.TestNG.runSuitesSequentially(TestNG.java:1198)
	at org.testng.TestNG.runSuitesLocally(TestNG.java:1123)
	at org.testng.TestNG.run(TestNG.java:1031)
	at org.testng.remote.AbstractRemoteTestNG.run(AbstractRemoteTestNG.java:115)
	at org.testng.remote.RemoteTestNG.initAndRun(RemoteTestNG.java:251)
	at org.testng.remote.RemoteTestNG.main(RemoteTestNG.java:77)
]]>
    </error>
  </testcase> <!-- registroDeExportaçaoEditar -->
  <testcase classname="com.timp.test.MDR.Automacoes.AutomacoesMDR2" name="representanteLegaisExcluir" time="83.319">
    <failure message="no such element: Unable to locate element: {&quot;method&quot;:&quot;xpath&quot;,&quot;selector&quot;:&quot;//button[text()=&quot;Aceitar&quot;]&quot;}
  (Session info: chrome=83.0.4103.106)
For documentation on this error, please visit: https://www.seleniumhq.org/exceptions/no_such_element.html
Build info: version: &#039;3.141.59&#039;, revision: &#039;e82be7d358&#039;, time: &#039;2018-11-14T08:17:03&#039;
System info: host: &#039;DESKTOP-BNBDMGT&#039;, ip: &#039;192.168.1.37&#039;, os.name: &#039;Windows 10&#039;, os.arch: &#039;amd64&#039;, os.version: &#039;10.0&#039;, java.version: &#039;14.0.1&#039;
Driver info: org.openqa.selenium.chrome.ChromeDriver
Capabilities {acceptInsecureCerts: false, browserName: chrome, browserVersion: 83.0.4103.106, chrome: {chromedriverVersion: 83.0.4103.39 (ccbf011cb2d2b..., userDataDir: C:\Users\ymass\AppData\Loca...}, goog:chromeOptions: {debuggerAddress: localhost:54233}, javascriptEnabled: true, networkConnectionEnabled: false, pageLoadStrategy: normal, platform: WINDOWS, platformName: WINDOWS, proxy: Proxy(), setWindowRect: true, strictFileInteractability: false, timeouts: {implicit: 0, pageLoad: 300000, script: 30000}, unhandledPromptBehavior: dismiss and notify, webauthn:virtualAuthenticators: true}
Session ID: 67f8b6447b98f9796b3d14b019dfd594
*** Element info: {Using=xpath, value=//button[text()=&quot;Aceitar&quot;]}" type="org.openqa.selenium.NoSuchElementException">
      <![CDATA[org.openqa.selenium.NoSuchElementException: no such element: Unable to locate element: {"method":"xpath","selector":"//button[text()="Aceitar"]"}
  (Session info: chrome=83.0.4103.106)
For documentation on this error, please visit: https://www.seleniumhq.org/exceptions/no_such_element.html
Build info: version: '3.141.59', revision: 'e82be7d358', time: '2018-11-14T08:17:03'
System info: host: 'DESKTOP-BNBDMGT', ip: '192.168.1.37', os.name: 'Windows 10', os.arch: 'amd64', os.version: '10.0', java.version: '14.0.1'
Driver info: org.openqa.selenium.chrome.ChromeDriver
Capabilities {acceptInsecureCerts: false, browserName: chrome, browserVersion: 83.0.4103.106, chrome: {chromedriverVersion: 83.0.4103.39 (ccbf011cb2d2b..., userDataDir: C:\Users\ymass\AppData\Loca...}, goog:chromeOptions: {debuggerAddress: localhost:54233}, javascriptEnabled: true, networkConnectionEnabled: false, pageLoadStrategy: normal, platform: WINDOWS, platformName: WINDOWS, proxy: Proxy(), setWindowRect: true, strictFileInteractability: false, timeouts: {implicit: 0, pageLoad: 300000, script: 30000}, unhandledPromptBehavior: dismiss and notify, webauthn:virtualAuthenticators: true}
Session ID: 67f8b6447b98f9796b3d14b019dfd594
*** Element info: {Using=xpath, value=//button[text()="Aceitar"]}
	at jdk.internal.reflect.GeneratedConstructorAccessor14.newInstance(Unknown Source)
	at java.base/jdk.internal.reflect.DelegatingConstructorAccessorImpl.newInstance(DelegatingConstructorAccessorImpl.java:45)
	at java.base/java.lang.reflect.Constructor.newInstanceWithCaller(Constructor.java:500)
	at java.base/java.lang.reflect.Constructor.newInstance(Constructor.java:481)
	at org.openqa.selenium.remote.http.W3CHttpResponseCodec.createException(W3CHttpResponseCodec.java:187)
	at org.openqa.selenium.remote.http.W3CHttpResponseCodec.decode(W3CHttpResponseCodec.java:122)
	at org.openqa.selenium.remote.http.W3CHttpResponseCodec.decode(W3CHttpResponseCodec.java:49)
	at org.openqa.selenium.remote.HttpCommandExecutor.execute(HttpCommandExecutor.java:158)
	at org.openqa.selenium.remote.service.DriverCommandExecutor.execute(DriverCommandExecutor.java:83)
	at org.openqa.selenium.remote.RemoteWebDriver.execute(RemoteWebDriver.java:552)
	at org.openqa.selenium.remote.RemoteWebDriver.findElement(RemoteWebDriver.java:323)
	at org.openqa.selenium.remote.RemoteWebDriver.findElementByXPath(RemoteWebDriver.java:428)
	at org.openqa.selenium.By$ByXPath.findElement(By.java:353)
	at org.openqa.selenium.remote.RemoteWebDriver.findElement(RemoteWebDriver.java:315)
	at org.openqa.selenium.support.pagefactory.DefaultElementLocator.findElement(DefaultElementLocator.java:69)
	at org.openqa.selenium.support.pagefactory.internal.LocatingElementHandler.invoke(LocatingElementHandler.java:38)
	at com.sun.proxy.$Proxy10.click(Unknown Source)
	at com.sap.timp.pageObjectModel.MDR.RepresentantesLegais.RepresentantesLegaisExcluirPO.excluir(RepresentantesLegaisExcluirPO.java:70)
	at com.timp.test.MDR.RepresentanteLegais.RepresentantesLegaisExcluir.excluir(RepresentantesLegaisExcluir.java:50)
	at com.timp.test.MDR.Automacoes.AutomacoesMDR2.representanteLegaisExcluir(AutomacoesMDR2.java:1515)
	at java.base/jdk.internal.reflect.NativeMethodAccessorImpl.invoke0(Native Method)
	at java.base/jdk.internal.reflect.NativeMethodAccessorImpl.invoke(NativeMethodAccessorImpl.java:62)
	at java.base/jdk.internal.reflect.DelegatingMethodAccessorImpl.invoke(DelegatingMethodAccessorImpl.java:43)
	at java.base/java.lang.reflect.Method.invoke(Method.java:564)
	at org.testng.internal.MethodInvocationHelper.invokeMethod(MethodInvocationHelper.java:80)
	at org.testng.internal.Invoker.invokeMethod(Invoker.java:714)
	at org.testng.internal.Invoker.invokeTestMethod(Invoker.java:901)
	at org.testng.internal.Invoker.invokeTestMethods(Invoker.java:1231)
	at org.testng.internal.TestMethodWorker.invokeTestMethods(TestMethodWorker.java:127)
	at org.testng.internal.TestMethodWorker.run(TestMethodWorker.java:111)
	at org.testng.TestRunner.privateRun(TestRunner.java:767)
	at org.testng.TestRunner.run(TestRunner.java:617)
	at org.testng.SuiteRunner.runTest(SuiteRunner.java:334)
	at org.testng.SuiteRunner.runSequentially(SuiteRunner.java:329)
	at org.testng.SuiteRunner.privateRun(SuiteRunner.java:291)
	at org.testng.SuiteRunner.run(SuiteRunner.java:240)
	at org.testng.SuiteRunnerWorker.runSuite(SuiteRunnerWorker.java:52)
	at org.testng.SuiteRunnerWorker.run(SuiteRunnerWorker.java:86)
	at org.testng.TestNG.runSuitesSequentially(TestNG.java:1198)
	at org.testng.TestNG.runSuitesLocally(TestNG.java:1123)
	at org.testng.TestNG.run(TestNG.java:1031)
	at org.testng.remote.AbstractRemoteTestNG.run(AbstractRemoteTestNG.java:115)
	at org.testng.remote.RemoteTestNG.initAndRun(RemoteTestNG.java:251)
	at org.testng.remote.RemoteTestNG.main(RemoteTestNG.java:77)
]]>
    </failure>
  </testcase> <!-- representanteLegaisExcluir -->
  <testcase classname="com.timp.test.MDR.Automacoes.AutomacoesMDR2" name="livrosFiscaisCriar" time="119.226"/>
  <testcase classname="com.timp.test.MDR.Automacoes.AutomacoesMDR2" name="movimentoSCANCEditar" time="130.730"/>
  <testcase classname="com.timp.test.MDR.Automacoes.AutomacoesMDR2" name="empresaVisualizar" time="93.643"/>
  <testcase classname="com.timp.test.MDR.Automacoes.AutomacoesMDR2" name="ajusteEInformaçoesDeValoresCriar" time="96.489"/>
  <testcase classname="com.timp.test.MDR.Automacoes.AutomacoesMDR2" name="determinacaoDeTipoDeCondicaoCriarCriar" time="199.891"/>
  <testcase classname="com.timp.test.MDR.Automacoes.AutomacoesMDR2" name="saldoInicialDiferidoExcluirMassa" time="65.166">
    <failure message="no such element: Unable to locate element: {&quot;method&quot;:&quot;xpath&quot;,&quot;selector&quot;:&quot;//span[text()=&quot;Saldo Inicial Diferido&quot;]&quot;}
  (Session info: chrome=83.0.4103.106)
For documentation on this error, please visit: https://www.seleniumhq.org/exceptions/no_such_element.html
Build info: version: &#039;3.141.59&#039;, revision: &#039;e82be7d358&#039;, time: &#039;2018-11-14T08:17:03&#039;
System info: host: &#039;DESKTOP-BNBDMGT&#039;, ip: &#039;192.168.1.37&#039;, os.name: &#039;Windows 10&#039;, os.arch: &#039;amd64&#039;, os.version: &#039;10.0&#039;, java.version: &#039;14.0.1&#039;
Driver info: org.openqa.selenium.chrome.ChromeDriver
Capabilities {acceptInsecureCerts: false, browserName: chrome, browserVersion: 83.0.4103.106, chrome: {chromedriverVersion: 83.0.4103.39 (ccbf011cb2d2b..., userDataDir: C:\Users\ymass\AppData\Loca...}, goog:chromeOptions: {debuggerAddress: localhost:54402}, javascriptEnabled: true, networkConnectionEnabled: false, pageLoadStrategy: normal, platform: WINDOWS, platformName: WINDOWS, proxy: Proxy(), setWindowRect: true, strictFileInteractability: false, timeouts: {implicit: 0, pageLoad: 300000, script: 30000}, unhandledPromptBehavior: dismiss and notify, webauthn:virtualAuthenticators: true}
Session ID: 9ac7d7c22c6cd85f36012baf8d024aee
*** Element info: {Using=xpath, value=//span[text()=&quot;Saldo Inicial Diferido&quot;]}" type="org.openqa.selenium.NoSuchElementException">
      <![CDATA[org.openqa.selenium.NoSuchElementException: no such element: Unable to locate element: {"method":"xpath","selector":"//span[text()="Saldo Inicial Diferido"]"}
  (Session info: chrome=83.0.4103.106)
For documentation on this error, please visit: https://www.seleniumhq.org/exceptions/no_such_element.html
Build info: version: '3.141.59', revision: 'e82be7d358', time: '2018-11-14T08:17:03'
System info: host: 'DESKTOP-BNBDMGT', ip: '192.168.1.37', os.name: 'Windows 10', os.arch: 'amd64', os.version: '10.0', java.version: '14.0.1'
Driver info: org.openqa.selenium.chrome.ChromeDriver
Capabilities {acceptInsecureCerts: false, browserName: chrome, browserVersion: 83.0.4103.106, chrome: {chromedriverVersion: 83.0.4103.39 (ccbf011cb2d2b..., userDataDir: C:\Users\ymass\AppData\Loca...}, goog:chromeOptions: {debuggerAddress: localhost:54402}, javascriptEnabled: true, networkConnectionEnabled: false, pageLoadStrategy: normal, platform: WINDOWS, platformName: WINDOWS, proxy: Proxy(), setWindowRect: true, strictFileInteractability: false, timeouts: {implicit: 0, pageLoad: 300000, script: 30000}, unhandledPromptBehavior: dismiss and notify, webauthn:virtualAuthenticators: true}
Session ID: 9ac7d7c22c6cd85f36012baf8d024aee
*** Element info: {Using=xpath, value=//span[text()="Saldo Inicial Diferido"]}
	at jdk.internal.reflect.GeneratedConstructorAccessor14.newInstance(Unknown Source)
	at java.base/jdk.internal.reflect.DelegatingConstructorAccessorImpl.newInstance(DelegatingConstructorAccessorImpl.java:45)
	at java.base/java.lang.reflect.Constructor.newInstanceWithCaller(Constructor.java:500)
	at java.base/java.lang.reflect.Constructor.newInstance(Constructor.java:481)
	at org.openqa.selenium.remote.http.W3CHttpResponseCodec.createException(W3CHttpResponseCodec.java:187)
	at org.openqa.selenium.remote.http.W3CHttpResponseCodec.decode(W3CHttpResponseCodec.java:122)
	at org.openqa.selenium.remote.http.W3CHttpResponseCodec.decode(W3CHttpResponseCodec.java:49)
	at org.openqa.selenium.remote.HttpCommandExecutor.execute(HttpCommandExecutor.java:158)
	at org.openqa.selenium.remote.service.DriverCommandExecutor.execute(DriverCommandExecutor.java:83)
	at org.openqa.selenium.remote.RemoteWebDriver.execute(RemoteWebDriver.java:552)
	at org.openqa.selenium.remote.RemoteWebDriver.findElement(RemoteWebDriver.java:323)
	at org.openqa.selenium.remote.RemoteWebDriver.findElementByXPath(RemoteWebDriver.java:428)
	at org.openqa.selenium.By$ByXPath.findElement(By.java:353)
	at org.openqa.selenium.remote.RemoteWebDriver.findElement(RemoteWebDriver.java:315)
	at org.openqa.selenium.support.pagefactory.DefaultElementLocator.findElement(DefaultElementLocator.java:69)
	at org.openqa.selenium.support.pagefactory.internal.LocatingElementHandler.invoke(LocatingElementHandler.java:38)
	at com.sun.proxy.$Proxy10.click(Unknown Source)
	at com.sap.timp.pageObjectModel.MDR.SaldoInicialDiferido.SaldoInicialDiferidoExcluirMassaPO.criar(SaldoInicialDiferidoExcluirMassaPO.java:92)
	at com.timp.test.MDR.SaldoInicialDiferido.SaldoInicialDiferidoExcluirMassa.criar(SaldoInicialDiferidoExcluirMassa.java:52)
	at com.timp.test.MDR.Automacoes.AutomacoesMDR2.saldoInicialDiferidoExcluirMassa(AutomacoesMDR2.java:1569)
	at java.base/jdk.internal.reflect.NativeMethodAccessorImpl.invoke0(Native Method)
	at java.base/jdk.internal.reflect.NativeMethodAccessorImpl.invoke(NativeMethodAccessorImpl.java:62)
	at java.base/jdk.internal.reflect.DelegatingMethodAccessorImpl.invoke(DelegatingMethodAccessorImpl.java:43)
	at java.base/java.lang.reflect.Method.invoke(Method.java:564)
	at org.testng.internal.MethodInvocationHelper.invokeMethod(MethodInvocationHelper.java:80)
	at org.testng.internal.Invoker.invokeMethod(Invoker.java:714)
	at org.testng.internal.Invoker.invokeTestMethod(Invoker.java:901)
	at org.testng.internal.Invoker.invokeTestMethods(Invoker.java:1231)
	at org.testng.internal.TestMethodWorker.invokeTestMethods(TestMethodWorker.java:127)
	at org.testng.internal.TestMethodWorker.run(TestMethodWorker.java:111)
	at org.testng.TestRunner.privateRun(TestRunner.java:767)
	at org.testng.TestRunner.run(TestRunner.java:617)
	at org.testng.SuiteRunner.runTest(SuiteRunner.java:334)
	at org.testng.SuiteRunner.runSequentially(SuiteRunner.java:329)
	at org.testng.SuiteRunner.privateRun(SuiteRunner.java:291)
	at org.testng.SuiteRunner.run(SuiteRunner.java:240)
	at org.testng.SuiteRunnerWorker.runSuite(SuiteRunnerWorker.java:52)
	at org.testng.SuiteRunnerWorker.run(SuiteRunnerWorker.java:86)
	at org.testng.TestNG.runSuitesSequentially(TestNG.java:1198)
	at org.testng.TestNG.runSuitesLocally(TestNG.java:1123)
	at org.testng.TestNG.run(TestNG.java:1031)
	at org.testng.remote.AbstractRemoteTestNG.run(AbstractRemoteTestNG.java:115)
	at org.testng.remote.RemoteTestNG.initAndRun(RemoteTestNG.java:251)
	at org.testng.remote.RemoteTestNG.main(RemoteTestNG.java:77)
]]>
    </failure>
  </testcase> <!-- saldoInicialDiferidoExcluirMassa -->
  <testcase classname="com.timp.test.MDR.Automacoes.AutomacoesMDR2" name="motivosCesBeneficiosCriar" time="107.931"/>
  <testcase classname="com.timp.test.MDR.Automacoes.AutomacoesMDR2" name="motivosCesBeneficiosVisualizar" time="102.984"/>
  <testcase classname="com.timp.test.MDR.Automacoes.AutomacoesMDR2" name="registroDeExportaçaoVisualizar" time="76.792">
    <failure message="no such element: Unable to locate element: {&quot;method&quot;:&quot;xpath&quot;,&quot;selector&quot;:&quot;//input[contains(@placeholder,&quot;Empresa&quot;)]&quot;}
  (Session info: chrome=83.0.4103.106)
For documentation on this error, please visit: https://www.seleniumhq.org/exceptions/no_such_element.html
Build info: version: &#039;3.141.59&#039;, revision: &#039;e82be7d358&#039;, time: &#039;2018-11-14T08:17:03&#039;
System info: host: &#039;DESKTOP-BNBDMGT&#039;, ip: &#039;192.168.1.37&#039;, os.name: &#039;Windows 10&#039;, os.arch: &#039;amd64&#039;, os.version: &#039;10.0&#039;, java.version: &#039;14.0.1&#039;
Driver info: org.openqa.selenium.chrome.ChromeDriver
Capabilities {acceptInsecureCerts: false, browserName: chrome, browserVersion: 83.0.4103.106, chrome: {chromedriverVersion: 83.0.4103.39 (ccbf011cb2d2b..., userDataDir: C:\Users\ymass\AppData\Loca...}, goog:chromeOptions: {debuggerAddress: localhost:53652}, javascriptEnabled: true, networkConnectionEnabled: false, pageLoadStrategy: normal, platform: WINDOWS, platformName: WINDOWS, proxy: Proxy(), setWindowRect: true, strictFileInteractability: false, timeouts: {implicit: 0, pageLoad: 300000, script: 30000}, unhandledPromptBehavior: dismiss and notify, webauthn:virtualAuthenticators: true}
Session ID: 6af43e13d8896a9c7d94cab9ea16c7fc
*** Element info: {Using=xpath, value=//input[contains(@placeholder,&quot;Empresa&quot;)]}" type="org.openqa.selenium.NoSuchElementException">
      <![CDATA[org.openqa.selenium.NoSuchElementException: no such element: Unable to locate element: {"method":"xpath","selector":"//input[contains(@placeholder,"Empresa")]"}
  (Session info: chrome=83.0.4103.106)
For documentation on this error, please visit: https://www.seleniumhq.org/exceptions/no_such_element.html
Build info: version: '3.141.59', revision: 'e82be7d358', time: '2018-11-14T08:17:03'
System info: host: 'DESKTOP-BNBDMGT', ip: '192.168.1.37', os.name: 'Windows 10', os.arch: 'amd64', os.version: '10.0', java.version: '14.0.1'
Driver info: org.openqa.selenium.chrome.ChromeDriver
Capabilities {acceptInsecureCerts: false, browserName: chrome, browserVersion: 83.0.4103.106, chrome: {chromedriverVersion: 83.0.4103.39 (ccbf011cb2d2b..., userDataDir: C:\Users\ymass\AppData\Loca...}, goog:chromeOptions: {debuggerAddress: localhost:53652}, javascriptEnabled: true, networkConnectionEnabled: false, pageLoadStrategy: normal, platform: WINDOWS, platformName: WINDOWS, proxy: Proxy(), setWindowRect: true, strictFileInteractability: false, timeouts: {implicit: 0, pageLoad: 300000, script: 30000}, unhandledPromptBehavior: dismiss and notify, webauthn:virtualAuthenticators: true}
Session ID: 6af43e13d8896a9c7d94cab9ea16c7fc
*** Element info: {Using=xpath, value=//input[contains(@placeholder,"Empresa")]}
	at jdk.internal.reflect.GeneratedConstructorAccessor14.newInstance(Unknown Source)
	at java.base/jdk.internal.reflect.DelegatingConstructorAccessorImpl.newInstance(DelegatingConstructorAccessorImpl.java:45)
	at java.base/java.lang.reflect.Constructor.newInstanceWithCaller(Constructor.java:500)
	at java.base/java.lang.reflect.Constructor.newInstance(Constructor.java:481)
	at org.openqa.selenium.remote.http.W3CHttpResponseCodec.createException(W3CHttpResponseCodec.java:187)
	at org.openqa.selenium.remote.http.W3CHttpResponseCodec.decode(W3CHttpResponseCodec.java:122)
	at org.openqa.selenium.remote.http.W3CHttpResponseCodec.decode(W3CHttpResponseCodec.java:49)
	at org.openqa.selenium.remote.HttpCommandExecutor.execute(HttpCommandExecutor.java:158)
	at org.openqa.selenium.remote.service.DriverCommandExecutor.execute(DriverCommandExecutor.java:83)
	at org.openqa.selenium.remote.RemoteWebDriver.execute(RemoteWebDriver.java:552)
	at org.openqa.selenium.remote.RemoteWebDriver.findElement(RemoteWebDriver.java:323)
	at org.openqa.selenium.remote.RemoteWebDriver.findElementByXPath(RemoteWebDriver.java:428)
	at org.openqa.selenium.By$ByXPath.findElement(By.java:353)
	at org.openqa.selenium.remote.RemoteWebDriver.findElement(RemoteWebDriver.java:315)
	at org.openqa.selenium.support.pagefactory.DefaultElementLocator.findElement(DefaultElementLocator.java:69)
	at org.openqa.selenium.support.pagefactory.internal.LocatingElementHandler.invoke(LocatingElementHandler.java:38)
	at com.sun.proxy.$Proxy10.getAttribute(Unknown Source)
	at com.sap.timp.pageObjectModel.MDR.RegistroDeExportaçao.RegistroDeExportaçaoVisualizarPO.visualizar(RegistroDeExportaçaoVisualizarPO.java:200)
	at com.timp.test.MDR.RegistroDeExportaçao.RegistroDeExportaçaoVisualizar.Visualizar(RegistroDeExportaçaoVisualizar.java:56)
	at com.timp.test.MDR.Automacoes.AutomacoesMDR2.registroDeExportaçaoVisualizar(AutomacoesMDR2.java:1413)
	at java.base/jdk.internal.reflect.NativeMethodAccessorImpl.invoke0(Native Method)
	at java.base/jdk.internal.reflect.NativeMethodAccessorImpl.invoke(NativeMethodAccessorImpl.java:62)
	at java.base/jdk.internal.reflect.DelegatingMethodAccessorImpl.invoke(DelegatingMethodAccessorImpl.java:43)
	at java.base/java.lang.reflect.Method.invoke(Method.java:564)
	at org.testng.internal.MethodInvocationHelper.invokeMethod(MethodInvocationHelper.java:80)
	at org.testng.internal.Invoker.invokeMethod(Invoker.java:714)
	at org.testng.internal.Invoker.invokeTestMethod(Invoker.java:901)
	at org.testng.internal.Invoker.invokeTestMethods(Invoker.java:1231)
	at org.testng.internal.TestMethodWorker.invokeTestMethods(TestMethodWorker.java:127)
	at org.testng.internal.TestMethodWorker.run(TestMethodWorker.java:111)
	at org.testng.TestRunner.privateRun(TestRunner.java:767)
	at org.testng.TestRunner.run(TestRunner.java:617)
	at org.testng.SuiteRunner.runTest(SuiteRunner.java:334)
	at org.testng.SuiteRunner.runSequentially(SuiteRunner.java:329)
	at org.testng.SuiteRunner.privateRun(SuiteRunner.java:291)
	at org.testng.SuiteRunner.run(SuiteRunner.java:240)
	at org.testng.SuiteRunnerWorker.runSuite(SuiteRunnerWorker.java:52)
	at org.testng.SuiteRunnerWorker.run(SuiteRunnerWorker.java:86)
	at org.testng.TestNG.runSuitesSequentially(TestNG.java:1198)
	at org.testng.TestNG.runSuitesLocally(TestNG.java:1123)
	at org.testng.TestNG.run(TestNG.java:1031)
	at org.testng.remote.AbstractRemoteTestNG.run(AbstractRemoteTestNG.java:115)
	at org.testng.remote.RemoteTestNG.initAndRun(RemoteTestNG.java:251)
	at org.testng.remote.RemoteTestNG.main(RemoteTestNG.java:77)
]]>
    </failure>
  </testcase> <!-- registroDeExportaçaoVisualizar -->
  <testcase classname="com.timp.test.MDR.Automacoes.AutomacoesMDR2" name="mapeamentoSubstituicaoContaEstoqueCenariosCorrecoesEditar" time="178.292"/>
  <testcase classname="com.timp.test.MDR.Automacoes.AutomacoesMDR2" name="hierarquiaDeCenariosDeCorreçaoCriar" time="105.835"/>
  <testcase classname="com.timp.test.MDR.Automacoes.AutomacoesMDR2" name="contasDefaultParaExtemporaneoFiltroID" time="102.699"/>
  <testcase classname="com.timp.test.MDR.Automacoes.AutomacoesMDR2" name="mapeamentoContabilCorrecaoCriar" time="159.745"/>
  <testcase classname="com.timp.test.MDR.Automacoes.AutomacoesMDR2" name="saldoInicialDiferidoEditar" time="66.566">
    <failure message="no such element: Unable to locate element: {&quot;method&quot;:&quot;xpath&quot;,&quot;selector&quot;:&quot;//span[text()=&quot;Saldo Inicial Diferido&quot;]&quot;}
  (Session info: chrome=83.0.4103.106)
For documentation on this error, please visit: https://www.seleniumhq.org/exceptions/no_such_element.html
Build info: version: &#039;3.141.59&#039;, revision: &#039;e82be7d358&#039;, time: &#039;2018-11-14T08:17:03&#039;
System info: host: &#039;DESKTOP-BNBDMGT&#039;, ip: &#039;192.168.1.37&#039;, os.name: &#039;Windows 10&#039;, os.arch: &#039;amd64&#039;, os.version: &#039;10.0&#039;, java.version: &#039;14.0.1&#039;
Driver info: org.openqa.selenium.chrome.ChromeDriver
Capabilities {acceptInsecureCerts: false, browserName: chrome, browserVersion: 83.0.4103.106, chrome: {chromedriverVersion: 83.0.4103.39 (ccbf011cb2d2b..., userDataDir: C:\Users\ymass\AppData\Loca...}, goog:chromeOptions: {debuggerAddress: localhost:54346}, javascriptEnabled: true, networkConnectionEnabled: false, pageLoadStrategy: normal, platform: WINDOWS, platformName: WINDOWS, proxy: Proxy(), setWindowRect: true, strictFileInteractability: false, timeouts: {implicit: 0, pageLoad: 300000, script: 30000}, unhandledPromptBehavior: dismiss and notify, webauthn:virtualAuthenticators: true}
Session ID: 46c03cd88c4ebdcb10d34c5dc90c33ee
*** Element info: {Using=xpath, value=//span[text()=&quot;Saldo Inicial Diferido&quot;]}" type="org.openqa.selenium.NoSuchElementException">
      <![CDATA[org.openqa.selenium.NoSuchElementException: no such element: Unable to locate element: {"method":"xpath","selector":"//span[text()="Saldo Inicial Diferido"]"}
  (Session info: chrome=83.0.4103.106)
For documentation on this error, please visit: https://www.seleniumhq.org/exceptions/no_such_element.html
Build info: version: '3.141.59', revision: 'e82be7d358', time: '2018-11-14T08:17:03'
System info: host: 'DESKTOP-BNBDMGT', ip: '192.168.1.37', os.name: 'Windows 10', os.arch: 'amd64', os.version: '10.0', java.version: '14.0.1'
Driver info: org.openqa.selenium.chrome.ChromeDriver
Capabilities {acceptInsecureCerts: false, browserName: chrome, browserVersion: 83.0.4103.106, chrome: {chromedriverVersion: 83.0.4103.39 (ccbf011cb2d2b..., userDataDir: C:\Users\ymass\AppData\Loca...}, goog:chromeOptions: {debuggerAddress: localhost:54346}, javascriptEnabled: true, networkConnectionEnabled: false, pageLoadStrategy: normal, platform: WINDOWS, platformName: WINDOWS, proxy: Proxy(), setWindowRect: true, strictFileInteractability: false, timeouts: {implicit: 0, pageLoad: 300000, script: 30000}, unhandledPromptBehavior: dismiss and notify, webauthn:virtualAuthenticators: true}
Session ID: 46c03cd88c4ebdcb10d34c5dc90c33ee
*** Element info: {Using=xpath, value=//span[text()="Saldo Inicial Diferido"]}
	at jdk.internal.reflect.GeneratedConstructorAccessor14.newInstance(Unknown Source)
	at java.base/jdk.internal.reflect.DelegatingConstructorAccessorImpl.newInstance(DelegatingConstructorAccessorImpl.java:45)
	at java.base/java.lang.reflect.Constructor.newInstanceWithCaller(Constructor.java:500)
	at java.base/java.lang.reflect.Constructor.newInstance(Constructor.java:481)
	at org.openqa.selenium.remote.http.W3CHttpResponseCodec.createException(W3CHttpResponseCodec.java:187)
	at org.openqa.selenium.remote.http.W3CHttpResponseCodec.decode(W3CHttpResponseCodec.java:122)
	at org.openqa.selenium.remote.http.W3CHttpResponseCodec.decode(W3CHttpResponseCodec.java:49)
	at org.openqa.selenium.remote.HttpCommandExecutor.execute(HttpCommandExecutor.java:158)
	at org.openqa.selenium.remote.service.DriverCommandExecutor.execute(DriverCommandExecutor.java:83)
	at org.openqa.selenium.remote.RemoteWebDriver.execute(RemoteWebDriver.java:552)
	at org.openqa.selenium.remote.RemoteWebDriver.findElement(RemoteWebDriver.java:323)
	at org.openqa.selenium.remote.RemoteWebDriver.findElementByXPath(RemoteWebDriver.java:428)
	at org.openqa.selenium.By$ByXPath.findElement(By.java:353)
	at org.openqa.selenium.remote.RemoteWebDriver.findElement(RemoteWebDriver.java:315)
	at org.openqa.selenium.support.pagefactory.DefaultElementLocator.findElement(DefaultElementLocator.java:69)
	at org.openqa.selenium.support.pagefactory.internal.LocatingElementHandler.invoke(LocatingElementHandler.java:38)
	at com.sun.proxy.$Proxy10.click(Unknown Source)
	at com.sap.timp.pageObjectModel.MDR.SaldoInicialDiferido.SaldoInicialDiferidoEditarPO.editar(SaldoInicialDiferidoEditarPO.java:47)
	at com.timp.test.MDR.SaldoInicialDiferido.SaldoInicialDiferidoEditar.editar(SaldoInicialDiferidoEditar.java:52)
	at com.timp.test.MDR.Automacoes.AutomacoesMDR2.saldoInicialDiferidoEditar(AutomacoesMDR2.java:1546)
	at java.base/jdk.internal.reflect.NativeMethodAccessorImpl.invoke0(Native Method)
	at java.base/jdk.internal.reflect.NativeMethodAccessorImpl.invoke(NativeMethodAccessorImpl.java:62)
	at java.base/jdk.internal.reflect.DelegatingMethodAccessorImpl.invoke(DelegatingMethodAccessorImpl.java:43)
	at java.base/java.lang.reflect.Method.invoke(Method.java:564)
	at org.testng.internal.MethodInvocationHelper.invokeMethod(MethodInvocationHelper.java:80)
	at org.testng.internal.Invoker.invokeMethod(Invoker.java:714)
	at org.testng.internal.Invoker.invokeTestMethod(Invoker.java:901)
	at org.testng.internal.Invoker.invokeTestMethods(Invoker.java:1231)
	at org.testng.internal.TestMethodWorker.invokeTestMethods(TestMethodWorker.java:127)
	at org.testng.internal.TestMethodWorker.run(TestMethodWorker.java:111)
	at org.testng.TestRunner.privateRun(TestRunner.java:767)
	at org.testng.TestRunner.run(TestRunner.java:617)
	at org.testng.SuiteRunner.runTest(SuiteRunner.java:334)
	at org.testng.SuiteRunner.runSequentially(SuiteRunner.java:329)
	at org.testng.SuiteRunner.privateRun(SuiteRunner.java:291)
	at org.testng.SuiteRunner.run(SuiteRunner.java:240)
	at org.testng.SuiteRunnerWorker.runSuite(SuiteRunnerWorker.java:52)
	at org.testng.SuiteRunnerWorker.run(SuiteRunnerWorker.java:86)
	at org.testng.TestNG.runSuitesSequentially(TestNG.java:1198)
	at org.testng.TestNG.runSuitesLocally(TestNG.java:1123)
	at org.testng.TestNG.run(TestNG.java:1031)
	at org.testng.remote.AbstractRemoteTestNG.run(AbstractRemoteTestNG.java:115)
	at org.testng.remote.RemoteTestNG.initAndRun(RemoteTestNG.java:251)
	at org.testng.remote.RemoteTestNG.main(RemoteTestNG.java:77)
]]>
    </failure>
  </testcase> <!-- saldoInicialDiferidoEditar -->
  <testcase classname="com.timp.test.MDR.Automacoes.AutomacoesMDR2" name="tiposDeObjetosDeOcorrenciasFiscaisDetalhes" time="113.383"/>
  <testcase classname="com.timp.test.MDR.Automacoes.AutomacoesMDR2" name="mapeamentoDeRelevanciaParaPisCofinsVisualizar" time="97.201"/>
  <testcase classname="com.timp.test.MDR.Automacoes.AutomacoesMDR2" name="mapeamentoDeRelevanciaParaPisCofinsExcluir" time="150.117"/>
  <testcase classname="com.timp.test.MDR.Automacoes.AutomacoesMDR2" name="productosSCANCCriar" time="138.564">
    <failure message="no such element: Unable to locate element: {&quot;method&quot;:&quot;xpath&quot;,&quot;selector&quot;:&quot;//div[@class=&quot;btn icon-btn trans icon icon-font-Sign-and-Symbols icon-right&quot;]&quot;}
  (Session info: chrome=83.0.4103.106)
For documentation on this error, please visit: https://www.seleniumhq.org/exceptions/no_such_element.html
Build info: version: &#039;3.141.59&#039;, revision: &#039;e82be7d358&#039;, time: &#039;2018-11-14T08:17:03&#039;
System info: host: &#039;DESKTOP-BNBDMGT&#039;, ip: &#039;192.168.1.37&#039;, os.name: &#039;Windows 10&#039;, os.arch: &#039;amd64&#039;, os.version: &#039;10.0&#039;, java.version: &#039;14.0.1&#039;
Driver info: org.openqa.selenium.chrome.ChromeDriver
Capabilities {acceptInsecureCerts: false, browserName: chrome, browserVersion: 83.0.4103.106, chrome: {chromedriverVersion: 83.0.4103.39 (ccbf011cb2d2b..., userDataDir: C:\Users\ymass\AppData\Loca...}, goog:chromeOptions: {debuggerAddress: localhost:53436}, javascriptEnabled: true, networkConnectionEnabled: false, pageLoadStrategy: normal, platform: WINDOWS, platformName: WINDOWS, proxy: Proxy(), setWindowRect: true, strictFileInteractability: false, timeouts: {implicit: 0, pageLoad: 300000, script: 30000}, unhandledPromptBehavior: dismiss and notify, webauthn:virtualAuthenticators: true}
Session ID: 3d4a574d8f0c4a6af62c4d84521d8bdd
*** Element info: {Using=xpath, value=//div[@class=&quot;btn icon-btn trans icon icon-font-Sign-and-Symbols icon-right&quot;]}" type="org.openqa.selenium.NoSuchElementException">
      <![CDATA[org.openqa.selenium.NoSuchElementException: no such element: Unable to locate element: {"method":"xpath","selector":"//div[@class="btn icon-btn trans icon icon-font-Sign-and-Symbols icon-right"]"}
  (Session info: chrome=83.0.4103.106)
For documentation on this error, please visit: https://www.seleniumhq.org/exceptions/no_such_element.html
Build info: version: '3.141.59', revision: 'e82be7d358', time: '2018-11-14T08:17:03'
System info: host: 'DESKTOP-BNBDMGT', ip: '192.168.1.37', os.name: 'Windows 10', os.arch: 'amd64', os.version: '10.0', java.version: '14.0.1'
Driver info: org.openqa.selenium.chrome.ChromeDriver
Capabilities {acceptInsecureCerts: false, browserName: chrome, browserVersion: 83.0.4103.106, chrome: {chromedriverVersion: 83.0.4103.39 (ccbf011cb2d2b..., userDataDir: C:\Users\ymass\AppData\Loca...}, goog:chromeOptions: {debuggerAddress: localhost:53436}, javascriptEnabled: true, networkConnectionEnabled: false, pageLoadStrategy: normal, platform: WINDOWS, platformName: WINDOWS, proxy: Proxy(), setWindowRect: true, strictFileInteractability: false, timeouts: {implicit: 0, pageLoad: 300000, script: 30000}, unhandledPromptBehavior: dismiss and notify, webauthn:virtualAuthenticators: true}
Session ID: 3d4a574d8f0c4a6af62c4d84521d8bdd
*** Element info: {Using=xpath, value=//div[@class="btn icon-btn trans icon icon-font-Sign-and-Symbols icon-right"]}
	at jdk.internal.reflect.GeneratedConstructorAccessor14.newInstance(Unknown Source)
	at java.base/jdk.internal.reflect.DelegatingConstructorAccessorImpl.newInstance(DelegatingConstructorAccessorImpl.java:45)
	at java.base/java.lang.reflect.Constructor.newInstanceWithCaller(Constructor.java:500)
	at java.base/java.lang.reflect.Constructor.newInstance(Constructor.java:481)
	at org.openqa.selenium.remote.http.W3CHttpResponseCodec.createException(W3CHttpResponseCodec.java:187)
	at org.openqa.selenium.remote.http.W3CHttpResponseCodec.decode(W3CHttpResponseCodec.java:122)
	at org.openqa.selenium.remote.http.W3CHttpResponseCodec.decode(W3CHttpResponseCodec.java:49)
	at org.openqa.selenium.remote.HttpCommandExecutor.execute(HttpCommandExecutor.java:158)
	at org.openqa.selenium.remote.service.DriverCommandExecutor.execute(DriverCommandExecutor.java:83)
	at org.openqa.selenium.remote.RemoteWebDriver.execute(RemoteWebDriver.java:552)
	at org.openqa.selenium.remote.RemoteWebDriver.findElement(RemoteWebDriver.java:323)
	at org.openqa.selenium.remote.RemoteWebDriver.findElementByXPath(RemoteWebDriver.java:428)
	at org.openqa.selenium.By$ByXPath.findElement(By.java:353)
	at org.openqa.selenium.remote.RemoteWebDriver.findElement(RemoteWebDriver.java:315)
	at org.openqa.selenium.support.pagefactory.DefaultElementLocator.findElement(DefaultElementLocator.java:69)
	at org.openqa.selenium.support.pagefactory.internal.LocatingElementHandler.invoke(LocatingElementHandler.java:38)
	at com.sun.proxy.$Proxy10.click(Unknown Source)
	at com.sap.timp.pageObjectModel.MDR.SCANC.ProdutosSCANC.ProdutosSCANCCriarPO.criar(ProdutosSCANCCriarPO.java:164)
	at com.timp.test.MDR.SCANC.ProdutosSCANC.ProductosSCANCCriar.criar(ProductosSCANCCriar.java:54)
	at com.timp.test.MDR.Automacoes.AutomacoesMDR2.productosSCANCCriar(AutomacoesMDR2.java:1718)
	at java.base/jdk.internal.reflect.NativeMethodAccessorImpl.invoke0(Native Method)
	at java.base/jdk.internal.reflect.NativeMethodAccessorImpl.invoke(NativeMethodAccessorImpl.java:62)
	at java.base/jdk.internal.reflect.DelegatingMethodAccessorImpl.invoke(DelegatingMethodAccessorImpl.java:43)
	at java.base/java.lang.reflect.Method.invoke(Method.java:564)
	at org.testng.internal.MethodInvocationHelper.invokeMethod(MethodInvocationHelper.java:80)
	at org.testng.internal.Invoker.invokeMethod(Invoker.java:714)
	at org.testng.internal.Invoker.invokeTestMethod(Invoker.java:901)
	at org.testng.internal.Invoker.invokeTestMethods(Invoker.java:1231)
	at org.testng.internal.TestMethodWorker.invokeTestMethods(TestMethodWorker.java:127)
	at org.testng.internal.TestMethodWorker.run(TestMethodWorker.java:111)
	at org.testng.TestRunner.privateRun(TestRunner.java:767)
	at org.testng.TestRunner.run(TestRunner.java:617)
	at org.testng.SuiteRunner.runTest(SuiteRunner.java:334)
	at org.testng.SuiteRunner.runSequentially(SuiteRunner.java:329)
	at org.testng.SuiteRunner.privateRun(SuiteRunner.java:291)
	at org.testng.SuiteRunner.run(SuiteRunner.java:240)
	at org.testng.SuiteRunnerWorker.runSuite(SuiteRunnerWorker.java:52)
	at org.testng.SuiteRunnerWorker.run(SuiteRunnerWorker.java:86)
	at org.testng.TestNG.runSuitesSequentially(TestNG.java:1198)
	at org.testng.TestNG.runSuitesLocally(TestNG.java:1123)
	at org.testng.TestNG.run(TestNG.java:1031)
	at org.testng.remote.AbstractRemoteTestNG.run(AbstractRemoteTestNG.java:115)
	at org.testng.remote.RemoteTestNG.initAndRun(RemoteTestNG.java:251)
	at org.testng.remote.RemoteTestNG.main(RemoteTestNG.java:77)
]]>
    </failure>
  </testcase> <!-- productosSCANCCriar -->
  <testcase classname="com.timp.test.MDR.Automacoes.AutomacoesMDR2" name="parametrosParaLivroICMSSTDetalhes" time="110.289"/>
  <testcase classname="com.timp.test.MDR.Automacoes.AutomacoesMDR2" name="contasDefaultPorTributoVisualizar" time="113.347"/>
  <testcase classname="com.timp.test.MDR.Automacoes.AutomacoesMDR2" name="mapeamentoSubstituicaoContaEstoqueCenariosCorrecoesexCenariosCorrecoesFiltroId" time="69.600"/>
  <testcase classname="com.timp.test.MDR.Automacoes.AutomacoesMDR2" name="filiaisDetalle" time="92.457">
    <error message="As informações não são as esperadas expected [true] but found [false]" type="java.lang.AssertionError">
      <![CDATA[java.lang.AssertionError: As informações não são as esperadas expected [true] but found [false]
	at org.testng.Assert.fail(Assert.java:94)
	at org.testng.Assert.failNotEquals(Assert.java:494)
	at org.testng.Assert.assertTrue(Assert.java:42)
	at com.timp.test.MDR.Filiais.FiliaisDetalle.detalle(FiliaisDetalle.java:52)
	at com.timp.test.MDR.Automacoes.AutomacoesMDR2.filiaisDetalle(AutomacoesMDR2.java:574)
	at java.base/jdk.internal.reflect.NativeMethodAccessorImpl.invoke0(Native Method)
	at java.base/jdk.internal.reflect.NativeMethodAccessorImpl.invoke(NativeMethodAccessorImpl.java:62)
	at java.base/jdk.internal.reflect.DelegatingMethodAccessorImpl.invoke(DelegatingMethodAccessorImpl.java:43)
	at java.base/java.lang.reflect.Method.invoke(Method.java:564)
	at org.testng.internal.MethodInvocationHelper.invokeMethod(MethodInvocationHelper.java:80)
	at org.testng.internal.Invoker.invokeMethod(Invoker.java:714)
	at org.testng.internal.Invoker.invokeTestMethod(Invoker.java:901)
	at org.testng.internal.Invoker.invokeTestMethods(Invoker.java:1231)
	at org.testng.internal.TestMethodWorker.invokeTestMethods(TestMethodWorker.java:127)
	at org.testng.internal.TestMethodWorker.run(TestMethodWorker.java:111)
	at org.testng.TestRunner.privateRun(TestRunner.java:767)
	at org.testng.TestRunner.run(TestRunner.java:617)
	at org.testng.SuiteRunner.runTest(SuiteRunner.java:334)
	at org.testng.SuiteRunner.runSequentially(SuiteRunner.java:329)
	at org.testng.SuiteRunner.privateRun(SuiteRunner.java:291)
	at org.testng.SuiteRunner.run(SuiteRunner.java:240)
	at org.testng.SuiteRunnerWorker.runSuite(SuiteRunnerWorker.java:52)
	at org.testng.SuiteRunnerWorker.run(SuiteRunnerWorker.java:86)
	at org.testng.TestNG.runSuitesSequentially(TestNG.java:1198)
	at org.testng.TestNG.runSuitesLocally(TestNG.java:1123)
	at org.testng.TestNG.run(TestNG.java:1031)
	at org.testng.remote.AbstractRemoteTestNG.run(AbstractRemoteTestNG.java:115)
	at org.testng.remote.RemoteTestNG.initAndRun(RemoteTestNG.java:251)
	at org.testng.remote.RemoteTestNG.main(RemoteTestNG.java:77)
]]>
    </error>
  </testcase> <!-- filiaisDetalle -->
  <testcase classname="com.timp.test.MDR.Automacoes.AutomacoesMDR2" name="mapeamentoDeRelevanciaParaPisCofinsEditar" time="133.743"/>
  <testcase classname="com.timp.test.MDR.Automacoes.AutomacoesMDR2" name="ajusteEInformacoesDeValoresExcluirEmMassa" time="175.665"/>
  <testcase classname="com.timp.test.MDR.Automacoes.AutomacoesMDR2" name="registroDeExportaçaoExcluirMassa" time="81.648">
    <failure message="element not interactable
  (Session info: chrome=83.0.4103.106)
Build info: version: &#039;3.141.59&#039;, revision: &#039;e82be7d358&#039;, time: &#039;2018-11-14T08:17:03&#039;
System info: host: &#039;DESKTOP-BNBDMGT&#039;, ip: &#039;192.168.1.37&#039;, os.name: &#039;Windows 10&#039;, os.arch: &#039;amd64&#039;, os.version: &#039;10.0&#039;, java.version: &#039;14.0.1&#039;
Driver info: org.openqa.selenium.chrome.ChromeDriver
Capabilities {acceptInsecureCerts: false, browserName: chrome, browserVersion: 83.0.4103.106, chrome: {chromedriverVersion: 83.0.4103.39 (ccbf011cb2d2b..., userDataDir: C:\Users\ymass\AppData\Loca...}, goog:chromeOptions: {debuggerAddress: localhost:53874}, javascriptEnabled: true, networkConnectionEnabled: false, pageLoadStrategy: normal, platform: WINDOWS, platformName: WINDOWS, proxy: Proxy(), setWindowRect: true, strictFileInteractability: false, timeouts: {implicit: 0, pageLoad: 300000, script: 30000}, unhandledPromptBehavior: dismiss and notify, webauthn:virtualAuthenticators: true}
Session ID: 7a39d81f449670cacda777f5d0a24968" type="org.openqa.selenium.ElementNotInteractableException">
      <![CDATA[org.openqa.selenium.ElementNotInteractableException: element not interactable
  (Session info: chrome=83.0.4103.106)
Build info: version: '3.141.59', revision: 'e82be7d358', time: '2018-11-14T08:17:03'
System info: host: 'DESKTOP-BNBDMGT', ip: '192.168.1.37', os.name: 'Windows 10', os.arch: 'amd64', os.version: '10.0', java.version: '14.0.1'
Driver info: org.openqa.selenium.chrome.ChromeDriver
Capabilities {acceptInsecureCerts: false, browserName: chrome, browserVersion: 83.0.4103.106, chrome: {chromedriverVersion: 83.0.4103.39 (ccbf011cb2d2b..., userDataDir: C:\Users\ymass\AppData\Loca...}, goog:chromeOptions: {debuggerAddress: localhost:53874}, javascriptEnabled: true, networkConnectionEnabled: false, pageLoadStrategy: normal, platform: WINDOWS, platformName: WINDOWS, proxy: Proxy(), setWindowRect: true, strictFileInteractability: false, timeouts: {implicit: 0, pageLoad: 300000, script: 30000}, unhandledPromptBehavior: dismiss and notify, webauthn:virtualAuthenticators: true}
Session ID: 7a39d81f449670cacda777f5d0a24968
	at java.base/jdk.internal.reflect.NativeConstructorAccessorImpl.newInstance0(Native Method)
	at java.base/jdk.internal.reflect.NativeConstructorAccessorImpl.newInstance(NativeConstructorAccessorImpl.java:62)
	at java.base/jdk.internal.reflect.DelegatingConstructorAccessorImpl.newInstance(DelegatingConstructorAccessorImpl.java:45)
	at java.base/java.lang.reflect.Constructor.newInstanceWithCaller(Constructor.java:500)
	at java.base/java.lang.reflect.Constructor.newInstance(Constructor.java:481)
	at org.openqa.selenium.remote.http.W3CHttpResponseCodec.createException(W3CHttpResponseCodec.java:187)
	at org.openqa.selenium.remote.http.W3CHttpResponseCodec.decode(W3CHttpResponseCodec.java:122)
	at org.openqa.selenium.remote.http.W3CHttpResponseCodec.decode(W3CHttpResponseCodec.java:49)
	at org.openqa.selenium.remote.HttpCommandExecutor.execute(HttpCommandExecutor.java:158)
	at org.openqa.selenium.remote.service.DriverCommandExecutor.execute(DriverCommandExecutor.java:83)
	at org.openqa.selenium.remote.RemoteWebDriver.execute(RemoteWebDriver.java:552)
	at org.openqa.selenium.remote.RemoteWebElement.execute(RemoteWebElement.java:285)
	at org.openqa.selenium.remote.RemoteWebElement.click(RemoteWebElement.java:84)
	at jdk.internal.reflect.GeneratedMethodAccessor1.invoke(Unknown Source)
	at java.base/jdk.internal.reflect.DelegatingMethodAccessorImpl.invoke(DelegatingMethodAccessorImpl.java:43)
	at java.base/java.lang.reflect.Method.invoke(Method.java:564)
	at org.openqa.selenium.support.pagefactory.internal.LocatingElementHandler.invoke(LocatingElementHandler.java:51)
	at com.sun.proxy.$Proxy10.click(Unknown Source)
	at com.sap.timp.pageObjectModel.MDR.RegistroDeExportaçao.RegistroDeExportaçaoExcluirMassaPO.llenarDatos2(RegistroDeExportaçaoExcluirMassaPO.java:120)
	at com.sap.timp.pageObjectModel.MDR.RegistroDeExportaçao.RegistroDeExportaçaoExcluirMassaPO.criar(RegistroDeExportaçaoExcluirMassaPO.java:213)
	at com.timp.test.MDR.RegistroDeExportaçao.RegistroDeExportaçaoExcluirMassa.criar(RegistroDeExportaçaoExcluirMassa.java:48)
	at com.timp.test.MDR.Automacoes.AutomacoesMDR2.registroDeExportaçaoExcluirMassa(AutomacoesMDR2.java:1448)
	at java.base/jdk.internal.reflect.NativeMethodAccessorImpl.invoke0(Native Method)
	at java.base/jdk.internal.reflect.NativeMethodAccessorImpl.invoke(NativeMethodAccessorImpl.java:62)
	at java.base/jdk.internal.reflect.DelegatingMethodAccessorImpl.invoke(DelegatingMethodAccessorImpl.java:43)
	at java.base/java.lang.reflect.Method.invoke(Method.java:564)
	at org.testng.internal.MethodInvocationHelper.invokeMethod(MethodInvocationHelper.java:80)
	at org.testng.internal.Invoker.invokeMethod(Invoker.java:714)
	at org.testng.internal.Invoker.invokeTestMethod(Invoker.java:901)
	at org.testng.internal.Invoker.invokeTestMethods(Invoker.java:1231)
	at org.testng.internal.TestMethodWorker.invokeTestMethods(TestMethodWorker.java:127)
	at org.testng.internal.TestMethodWorker.run(TestMethodWorker.java:111)
	at org.testng.TestRunner.privateRun(TestRunner.java:767)
	at org.testng.TestRunner.run(TestRunner.java:617)
	at org.testng.SuiteRunner.runTest(SuiteRunner.java:334)
	at org.testng.SuiteRunner.runSequentially(SuiteRunner.java:329)
	at org.testng.SuiteRunner.privateRun(SuiteRunner.java:291)
	at org.testng.SuiteRunner.run(SuiteRunner.java:240)
	at org.testng.SuiteRunnerWorker.runSuite(SuiteRunnerWorker.java:52)
	at org.testng.SuiteRunnerWorker.run(SuiteRunnerWorker.java:86)
	at org.testng.TestNG.runSuitesSequentially(TestNG.java:1198)
	at org.testng.TestNG.runSuitesLocally(TestNG.java:1123)
	at org.testng.TestNG.run(TestNG.java:1031)
	at org.testng.remote.AbstractRemoteTestNG.run(AbstractRemoteTestNG.java:115)
	at org.testng.remote.RemoteTestNG.initAndRun(RemoteTestNG.java:251)
	at org.testng.remote.RemoteTestNG.main(RemoteTestNG.java:77)
]]>
    </failure>
  </testcase> <!-- registroDeExportaçaoExcluirMassa -->
  <testcase classname="com.timp.test.MDR.Automacoes.AutomacoesMDR2" name="productosSCANCVisualizar" time="88.373">
    <failure message="no such element: Unable to locate element: {&quot;method&quot;:&quot;xpath&quot;,&quot;selector&quot;:&quot;//div[@data-id=&quot;41&quot;]/div[1]/div&quot;}
  (Session info: chrome=83.0.4103.106)
For documentation on this error, please visit: https://www.seleniumhq.org/exceptions/no_such_element.html
Build info: version: &#039;3.141.59&#039;, revision: &#039;e82be7d358&#039;, time: &#039;2018-11-14T08:17:03&#039;
System info: host: &#039;DESKTOP-BNBDMGT&#039;, ip: &#039;192.168.1.37&#039;, os.name: &#039;Windows 10&#039;, os.arch: &#039;amd64&#039;, os.version: &#039;10.0&#039;, java.version: &#039;14.0.1&#039;
Driver info: org.openqa.selenium.chrome.ChromeDriver
Capabilities {acceptInsecureCerts: false, browserName: chrome, browserVersion: 83.0.4103.106, chrome: {chromedriverVersion: 83.0.4103.39 (ccbf011cb2d2b..., userDataDir: C:\Users\ymass\AppData\Loca...}, goog:chromeOptions: {debuggerAddress: localhost:53839}, javascriptEnabled: true, networkConnectionEnabled: false, pageLoadStrategy: normal, platform: WINDOWS, platformName: WINDOWS, proxy: Proxy(), setWindowRect: true, strictFileInteractability: false, timeouts: {implicit: 0, pageLoad: 300000, script: 30000}, unhandledPromptBehavior: dismiss and notify, webauthn:virtualAuthenticators: true}
Session ID: 07f27a6dd8c563f509f1cdf01a774e70
*** Element info: {Using=xpath, value=//div[@data-id=&quot;41&quot;]/div[1]/div}" type="org.openqa.selenium.NoSuchElementException">
      <![CDATA[org.openqa.selenium.NoSuchElementException: no such element: Unable to locate element: {"method":"xpath","selector":"//div[@data-id="41"]/div[1]/div"}
  (Session info: chrome=83.0.4103.106)
For documentation on this error, please visit: https://www.seleniumhq.org/exceptions/no_such_element.html
Build info: version: '3.141.59', revision: 'e82be7d358', time: '2018-11-14T08:17:03'
System info: host: 'DESKTOP-BNBDMGT', ip: '192.168.1.37', os.name: 'Windows 10', os.arch: 'amd64', os.version: '10.0', java.version: '14.0.1'
Driver info: org.openqa.selenium.chrome.ChromeDriver
Capabilities {acceptInsecureCerts: false, browserName: chrome, browserVersion: 83.0.4103.106, chrome: {chromedriverVersion: 83.0.4103.39 (ccbf011cb2d2b..., userDataDir: C:\Users\ymass\AppData\Loca...}, goog:chromeOptions: {debuggerAddress: localhost:53839}, javascriptEnabled: true, networkConnectionEnabled: false, pageLoadStrategy: normal, platform: WINDOWS, platformName: WINDOWS, proxy: Proxy(), setWindowRect: true, strictFileInteractability: false, timeouts: {implicit: 0, pageLoad: 300000, script: 30000}, unhandledPromptBehavior: dismiss and notify, webauthn:virtualAuthenticators: true}
Session ID: 07f27a6dd8c563f509f1cdf01a774e70
*** Element info: {Using=xpath, value=//div[@data-id="41"]/div[1]/div}
	at jdk.internal.reflect.GeneratedConstructorAccessor14.newInstance(Unknown Source)
	at java.base/jdk.internal.reflect.DelegatingConstructorAccessorImpl.newInstance(DelegatingConstructorAccessorImpl.java:45)
	at java.base/java.lang.reflect.Constructor.newInstanceWithCaller(Constructor.java:500)
	at java.base/java.lang.reflect.Constructor.newInstance(Constructor.java:481)
	at org.openqa.selenium.remote.http.W3CHttpResponseCodec.createException(W3CHttpResponseCodec.java:187)
	at org.openqa.selenium.remote.http.W3CHttpResponseCodec.decode(W3CHttpResponseCodec.java:122)
	at org.openqa.selenium.remote.http.W3CHttpResponseCodec.decode(W3CHttpResponseCodec.java:49)
	at org.openqa.selenium.remote.HttpCommandExecutor.execute(HttpCommandExecutor.java:158)
	at org.openqa.selenium.remote.service.DriverCommandExecutor.execute(DriverCommandExecutor.java:83)
	at org.openqa.selenium.remote.RemoteWebDriver.execute(RemoteWebDriver.java:552)
	at org.openqa.selenium.remote.RemoteWebDriver.findElement(RemoteWebDriver.java:323)
	at org.openqa.selenium.remote.RemoteWebDriver.findElementByXPath(RemoteWebDriver.java:428)
	at org.openqa.selenium.By$ByXPath.findElement(By.java:353)
	at org.openqa.selenium.remote.RemoteWebDriver.findElement(RemoteWebDriver.java:315)
	at com.sap.timp.pageObjectModel.MDR.SCANC.ProdutosSCANC.ProdutosSCANCVisualizarPO.visualizar(ProdutosSCANCVisualizarPO.java:85)
	at com.timp.test.MDR.SCANC.ProdutosSCANC.ProductosSCANCVisualizar.visualizar(ProductosSCANCVisualizar.java:56)
	at com.timp.test.MDR.Automacoes.AutomacoesMDR2.productosSCANCVisualizar(AutomacoesMDR2.java:1742)
	at java.base/jdk.internal.reflect.NativeMethodAccessorImpl.invoke0(Native Method)
	at java.base/jdk.internal.reflect.NativeMethodAccessorImpl.invoke(NativeMethodAccessorImpl.java:62)
	at java.base/jdk.internal.reflect.DelegatingMethodAccessorImpl.invoke(DelegatingMethodAccessorImpl.java:43)
	at java.base/java.lang.reflect.Method.invoke(Method.java:564)
	at org.testng.internal.MethodInvocationHelper.invokeMethod(MethodInvocationHelper.java:80)
	at org.testng.internal.Invoker.invokeMethod(Invoker.java:714)
	at org.testng.internal.Invoker.invokeTestMethod(Invoker.java:901)
	at org.testng.internal.Invoker.invokeTestMethods(Invoker.java:1231)
	at org.testng.internal.TestMethodWorker.invokeTestMethods(TestMethodWorker.java:127)
	at org.testng.internal.TestMethodWorker.run(TestMethodWorker.java:111)
	at org.testng.TestRunner.privateRun(TestRunner.java:767)
	at org.testng.TestRunner.run(TestRunner.java:617)
	at org.testng.SuiteRunner.runTest(SuiteRunner.java:334)
	at org.testng.SuiteRunner.runSequentially(SuiteRunner.java:329)
	at org.testng.SuiteRunner.privateRun(SuiteRunner.java:291)
	at org.testng.SuiteRunner.run(SuiteRunner.java:240)
	at org.testng.SuiteRunnerWorker.runSuite(SuiteRunnerWorker.java:52)
	at org.testng.SuiteRunnerWorker.run(SuiteRunnerWorker.java:86)
	at org.testng.TestNG.runSuitesSequentially(TestNG.java:1198)
	at org.testng.TestNG.runSuitesLocally(TestNG.java:1123)
	at org.testng.TestNG.run(TestNG.java:1031)
	at org.testng.remote.AbstractRemoteTestNG.run(AbstractRemoteTestNG.java:115)
	at org.testng.remote.RemoteTestNG.initAndRun(RemoteTestNG.java:251)
	at org.testng.remote.RemoteTestNG.main(RemoteTestNG.java:77)
]]>
    </failure>
  </testcase> <!-- productosSCANCVisualizar -->
  <testcase classname="com.timp.test.MDR.Automacoes.AutomacoesMDR2" name="limiteCompetenciaEditar" time="578.028">
    <error message="O relatório não foi modificado com sucesso expected [true] but found [false]" type="java.lang.AssertionError">
      <![CDATA[java.lang.AssertionError: O relatório não foi modificado com sucesso expected [true] but found [false]
	at org.testng.Assert.fail(Assert.java:94)
	at org.testng.Assert.failNotEquals(Assert.java:494)
	at org.testng.Assert.assertTrue(Assert.java:42)
	at com.timp.test.MDR.LimiteCompetencia.LimiteCompetenciaEditar.editar(LimiteCompetenciaEditar.java:54)
	at com.timp.test.MDR.Automacoes.AutomacoesMDR2.limiteCompetenciaEditar(AutomacoesMDR2.java:705)
	at java.base/jdk.internal.reflect.NativeMethodAccessorImpl.invoke0(Native Method)
	at java.base/jdk.internal.reflect.NativeMethodAccessorImpl.invoke(NativeMethodAccessorImpl.java:62)
	at java.base/jdk.internal.reflect.DelegatingMethodAccessorImpl.invoke(DelegatingMethodAccessorImpl.java:43)
	at java.base/java.lang.reflect.Method.invoke(Method.java:564)
	at org.testng.internal.MethodInvocationHelper.invokeMethod(MethodInvocationHelper.java:80)
	at org.testng.internal.Invoker.invokeMethod(Invoker.java:714)
	at org.testng.internal.Invoker.invokeTestMethod(Invoker.java:901)
	at org.testng.internal.Invoker.invokeTestMethods(Invoker.java:1231)
	at org.testng.internal.TestMethodWorker.invokeTestMethods(TestMethodWorker.java:127)
	at org.testng.internal.TestMethodWorker.run(TestMethodWorker.java:111)
	at org.testng.TestRunner.privateRun(TestRunner.java:767)
	at org.testng.TestRunner.run(TestRunner.java:617)
	at org.testng.SuiteRunner.runTest(SuiteRunner.java:334)
	at org.testng.SuiteRunner.runSequentially(SuiteRunner.java:329)
	at org.testng.SuiteRunner.privateRun(SuiteRunner.java:291)
	at org.testng.SuiteRunner.run(SuiteRunner.java:240)
	at org.testng.SuiteRunnerWorker.runSuite(SuiteRunnerWorker.java:52)
	at org.testng.SuiteRunnerWorker.run(SuiteRunnerWorker.java:86)
	at org.testng.TestNG.runSuitesSequentially(TestNG.java:1198)
	at org.testng.TestNG.runSuitesLocally(TestNG.java:1123)
	at org.testng.TestNG.run(TestNG.java:1031)
	at org.testng.remote.AbstractRemoteTestNG.run(AbstractRemoteTestNG.java:115)
	at org.testng.remote.RemoteTestNG.initAndRun(RemoteTestNG.java:251)
	at org.testng.remote.RemoteTestNG.main(RemoteTestNG.java:77)
]]>
    </error>
  </testcase> <!-- limiteCompetenciaEditar -->
  <testcase classname="com.timp.test.MDR.Automacoes.AutomacoesMDR2" name="mapeamentoContabilEditar" time="107.751">
    <error message="O valor do campo não foi editado expected [true] but found [false]" type="java.lang.AssertionError">
      <![CDATA[java.lang.AssertionError: O valor do campo não foi editado expected [true] but found [false]
	at org.testng.Assert.fail(Assert.java:94)
	at org.testng.Assert.failNotEquals(Assert.java:494)
	at org.testng.Assert.assertTrue(Assert.java:42)
	at com.timp.test.MDR.ParametrosContabilizacao.MapeamentoContabil.MapeamentoContabilEditar.editar(MapeamentoContabilEditar.java:55)
	at com.timp.test.MDR.Automacoes.AutomacoesMDR2.mapeamentoContabilEditar(AutomacoesMDR2.java:1216)
	at java.base/jdk.internal.reflect.NativeMethodAccessorImpl.invoke0(Native Method)
	at java.base/jdk.internal.reflect.NativeMethodAccessorImpl.invoke(NativeMethodAccessorImpl.java:62)
	at java.base/jdk.internal.reflect.DelegatingMethodAccessorImpl.invoke(DelegatingMethodAccessorImpl.java:43)
	at java.base/java.lang.reflect.Method.invoke(Method.java:564)
	at org.testng.internal.MethodInvocationHelper.invokeMethod(MethodInvocationHelper.java:80)
	at org.testng.internal.Invoker.invokeMethod(Invoker.java:714)
	at org.testng.internal.Invoker.invokeTestMethod(Invoker.java:901)
	at org.testng.internal.Invoker.invokeTestMethods(Invoker.java:1231)
	at org.testng.internal.TestMethodWorker.invokeTestMethods(TestMethodWorker.java:127)
	at org.testng.internal.TestMethodWorker.run(TestMethodWorker.java:111)
	at org.testng.TestRunner.privateRun(TestRunner.java:767)
	at org.testng.TestRunner.run(TestRunner.java:617)
	at org.testng.SuiteRunner.runTest(SuiteRunner.java:334)
	at org.testng.SuiteRunner.runSequentially(SuiteRunner.java:329)
	at org.testng.SuiteRunner.privateRun(SuiteRunner.java:291)
	at org.testng.SuiteRunner.run(SuiteRunner.java:240)
	at org.testng.SuiteRunnerWorker.runSuite(SuiteRunnerWorker.java:52)
	at org.testng.SuiteRunnerWorker.run(SuiteRunnerWorker.java:86)
	at org.testng.TestNG.runSuitesSequentially(TestNG.java:1198)
	at org.testng.TestNG.runSuitesLocally(TestNG.java:1123)
	at org.testng.TestNG.run(TestNG.java:1031)
	at org.testng.remote.AbstractRemoteTestNG.run(AbstractRemoteTestNG.java:115)
	at org.testng.remote.RemoteTestNG.initAndRun(RemoteTestNG.java:251)
	at org.testng.remote.RemoteTestNG.main(RemoteTestNG.java:77)
]]>
    </error>
  </testcase> <!-- mapeamentoContabilEditar -->
  <testcase classname="com.timp.test.MDR.Automacoes.AutomacoesMDR2" name="movimentoSCANCCriar" time="177.084"/>
  <testcase classname="com.timp.test.MDR.Automacoes.AutomacoesMDR2" name="sCANCDistribuidorasExcluir" time="97.031">
    <failure message="element not interactable
  (Session info: chrome=83.0.4103.106)
Build info: version: &#039;3.141.59&#039;, revision: &#039;e82be7d358&#039;, time: &#039;2018-11-14T08:17:03&#039;
System info: host: &#039;DESKTOP-BNBDMGT&#039;, ip: &#039;192.168.1.37&#039;, os.name: &#039;Windows 10&#039;, os.arch: &#039;amd64&#039;, os.version: &#039;10.0&#039;, java.version: &#039;14.0.1&#039;
Driver info: org.openqa.selenium.chrome.ChromeDriver
Capabilities {acceptInsecureCerts: false, browserName: chrome, browserVersion: 83.0.4103.106, chrome: {chromedriverVersion: 83.0.4103.39 (ccbf011cb2d2b..., userDataDir: C:\Users\ymass\AppData\Loca...}, goog:chromeOptions: {debuggerAddress: localhost:54514}, javascriptEnabled: true, networkConnectionEnabled: false, pageLoadStrategy: normal, platform: WINDOWS, platformName: WINDOWS, proxy: Proxy(), setWindowRect: true, strictFileInteractability: false, timeouts: {implicit: 0, pageLoad: 300000, script: 30000}, unhandledPromptBehavior: dismiss and notify, webauthn:virtualAuthenticators: true}
Session ID: af586653e828955105a6b0dd0f240bb6" type="org.openqa.selenium.ElementNotInteractableException">
      <![CDATA[org.openqa.selenium.ElementNotInteractableException: element not interactable
  (Session info: chrome=83.0.4103.106)
Build info: version: '3.141.59', revision: 'e82be7d358', time: '2018-11-14T08:17:03'
System info: host: 'DESKTOP-BNBDMGT', ip: '192.168.1.37', os.name: 'Windows 10', os.arch: 'amd64', os.version: '10.0', java.version: '14.0.1'
Driver info: org.openqa.selenium.chrome.ChromeDriver
Capabilities {acceptInsecureCerts: false, browserName: chrome, browserVersion: 83.0.4103.106, chrome: {chromedriverVersion: 83.0.4103.39 (ccbf011cb2d2b..., userDataDir: C:\Users\ymass\AppData\Loca...}, goog:chromeOptions: {debuggerAddress: localhost:54514}, javascriptEnabled: true, networkConnectionEnabled: false, pageLoadStrategy: normal, platform: WINDOWS, platformName: WINDOWS, proxy: Proxy(), setWindowRect: true, strictFileInteractability: false, timeouts: {implicit: 0, pageLoad: 300000, script: 30000}, unhandledPromptBehavior: dismiss and notify, webauthn:virtualAuthenticators: true}
Session ID: af586653e828955105a6b0dd0f240bb6
	at java.base/jdk.internal.reflect.NativeConstructorAccessorImpl.newInstance0(Native Method)
	at java.base/jdk.internal.reflect.NativeConstructorAccessorImpl.newInstance(NativeConstructorAccessorImpl.java:62)
	at java.base/jdk.internal.reflect.DelegatingConstructorAccessorImpl.newInstance(DelegatingConstructorAccessorImpl.java:45)
	at java.base/java.lang.reflect.Constructor.newInstanceWithCaller(Constructor.java:500)
	at java.base/java.lang.reflect.Constructor.newInstance(Constructor.java:481)
	at org.openqa.selenium.remote.http.W3CHttpResponseCodec.createException(W3CHttpResponseCodec.java:187)
	at org.openqa.selenium.remote.http.W3CHttpResponseCodec.decode(W3CHttpResponseCodec.java:122)
	at org.openqa.selenium.remote.http.W3CHttpResponseCodec.decode(W3CHttpResponseCodec.java:49)
	at org.openqa.selenium.remote.HttpCommandExecutor.execute(HttpCommandExecutor.java:158)
	at org.openqa.selenium.remote.service.DriverCommandExecutor.execute(DriverCommandExecutor.java:83)
	at org.openqa.selenium.remote.RemoteWebDriver.execute(RemoteWebDriver.java:552)
	at org.openqa.selenium.remote.RemoteWebElement.execute(RemoteWebElement.java:285)
	at org.openqa.selenium.remote.RemoteWebElement.click(RemoteWebElement.java:84)
	at jdk.internal.reflect.GeneratedMethodAccessor1.invoke(Unknown Source)
	at java.base/jdk.internal.reflect.DelegatingMethodAccessorImpl.invoke(DelegatingMethodAccessorImpl.java:43)
	at java.base/java.lang.reflect.Method.invoke(Method.java:564)
	at org.openqa.selenium.support.pagefactory.internal.LocatingElementHandler.invoke(LocatingElementHandler.java:51)
	at com.sun.proxy.$Proxy10.click(Unknown Source)
	at com.sap.timp.pageObjectModel.MDR.SCANC.SCANCDistribuidoras.SCANCDistribuidoraExcluirPO.excluir(SCANCDistribuidoraExcluirPO.java:58)
	at com.timp.test.MDR.SCANC.SCANCDistribuidoras.SCANCDistribuidorasExcluir.excluir(SCANCDistribuidorasExcluir.java:56)
	at com.timp.test.MDR.Automacoes.AutomacoesMDR2.sCANCDistribuidorasExcluir(AutomacoesMDR2.java:1820)
	at java.base/jdk.internal.reflect.NativeMethodAccessorImpl.invoke0(Native Method)
	at java.base/jdk.internal.reflect.NativeMethodAccessorImpl.invoke(NativeMethodAccessorImpl.java:62)
	at java.base/jdk.internal.reflect.DelegatingMethodAccessorImpl.invoke(DelegatingMethodAccessorImpl.java:43)
	at java.base/java.lang.reflect.Method.invoke(Method.java:564)
	at org.testng.internal.MethodInvocationHelper.invokeMethod(MethodInvocationHelper.java:80)
	at org.testng.internal.Invoker.invokeMethod(Invoker.java:714)
	at org.testng.internal.Invoker.invokeTestMethod(Invoker.java:901)
	at org.testng.internal.Invoker.invokeTestMethods(Invoker.java:1231)
	at org.testng.internal.TestMethodWorker.invokeTestMethods(TestMethodWorker.java:127)
	at org.testng.internal.TestMethodWorker.run(TestMethodWorker.java:111)
	at org.testng.TestRunner.privateRun(TestRunner.java:767)
	at org.testng.TestRunner.run(TestRunner.java:617)
	at org.testng.SuiteRunner.runTest(SuiteRunner.java:334)
	at org.testng.SuiteRunner.runSequentially(SuiteRunner.java:329)
	at org.testng.SuiteRunner.privateRun(SuiteRunner.java:291)
	at org.testng.SuiteRunner.run(SuiteRunner.java:240)
	at org.testng.SuiteRunnerWorker.runSuite(SuiteRunnerWorker.java:52)
	at org.testng.SuiteRunnerWorker.run(SuiteRunnerWorker.java:86)
	at org.testng.TestNG.runSuitesSequentially(TestNG.java:1198)
	at org.testng.TestNG.runSuitesLocally(TestNG.java:1123)
	at org.testng.TestNG.run(TestNG.java:1031)
	at org.testng.remote.AbstractRemoteTestNG.run(AbstractRemoteTestNG.java:115)
	at org.testng.remote.RemoteTestNG.initAndRun(RemoteTestNG.java:251)
	at org.testng.remote.RemoteTestNG.main(RemoteTestNG.java:77)
]]>
    </failure>
  </testcase> <!-- sCANCDistribuidorasExcluir -->
  <testcase classname="com.timp.test.MDR.Automacoes.AutomacoesMDR2" name="filiaisVisualizar" time="58.832"/>
  <testcase classname="com.timp.test.MDR.Automacoes.AutomacoesMDR2" name="parametrosParaLivroICMSSTExcluir" time="129.749"/>
  <testcase classname="com.timp.test.MDR.Automacoes.AutomacoesMDR2" name="sequenciaExcluir" time="90.501"/>
  <testcase classname="com.timp.test.MDR.Automacoes.AutomacoesMDR2" name="detalheTipoTributoFiltroIdDetalhes" time="60.024"/>
  <testcase classname="com.timp.test.MDR.Automacoes.AutomacoesMDR2" name="parametrosParaLivroICMSSTFiltrosAvan" time="163.070"/>
  <testcase classname="com.timp.test.MDR.Automacoes.AutomacoesMDR2" name="mapeamentoSubstituicaoContaEstoqueCenariosCorrecoesCriar" time="140.050"/>
  <testcase classname="com.timp.test.MDR.Automacoes.AutomacoesMDR2" name="hierarquiaDeCenariosDeCorreçaoDetalhes" time="75.235">
    <error message="As informações não são as esperadas expected [true] but found [false]" type="java.lang.AssertionError">
      <![CDATA[java.lang.AssertionError: As informações não são as esperadas expected [true] but found [false]
	at org.testng.Assert.fail(Assert.java:94)
	at org.testng.Assert.failNotEquals(Assert.java:494)
	at org.testng.Assert.assertTrue(Assert.java:42)
	at com.timp.test.MDR.HierarquiaDeCenariosDeCorreçao.HierarquiaDeCenariosDeCorreçaoDetalhes.Detalhes(HierarquiaDeCenariosDeCorreçaoDetalhes.java:57)
	at com.timp.test.MDR.Automacoes.AutomacoesMDR2.hierarquiaDeCenariosDeCorreçaoDetalhes(AutomacoesMDR2.java:626)
	at java.base/jdk.internal.reflect.NativeMethodAccessorImpl.invoke0(Native Method)
	at java.base/jdk.internal.reflect.NativeMethodAccessorImpl.invoke(NativeMethodAccessorImpl.java:62)
	at java.base/jdk.internal.reflect.DelegatingMethodAccessorImpl.invoke(DelegatingMethodAccessorImpl.java:43)
	at java.base/java.lang.reflect.Method.invoke(Method.java:564)
	at org.testng.internal.MethodInvocationHelper.invokeMethod(MethodInvocationHelper.java:80)
	at org.testng.internal.Invoker.invokeMethod(Invoker.java:714)
	at org.testng.internal.Invoker.invokeTestMethod(Invoker.java:901)
	at org.testng.internal.Invoker.invokeTestMethods(Invoker.java:1231)
	at org.testng.internal.TestMethodWorker.invokeTestMethods(TestMethodWorker.java:127)
	at org.testng.internal.TestMethodWorker.run(TestMethodWorker.java:111)
	at org.testng.TestRunner.privateRun(TestRunner.java:767)
	at org.testng.TestRunner.run(TestRunner.java:617)
	at org.testng.SuiteRunner.runTest(SuiteRunner.java:334)
	at org.testng.SuiteRunner.runSequentially(SuiteRunner.java:329)
	at org.testng.SuiteRunner.privateRun(SuiteRunner.java:291)
	at org.testng.SuiteRunner.run(SuiteRunner.java:240)
	at org.testng.SuiteRunnerWorker.runSuite(SuiteRunnerWorker.java:52)
	at org.testng.SuiteRunnerWorker.run(SuiteRunnerWorker.java:86)
	at org.testng.TestNG.runSuitesSequentially(TestNG.java:1198)
	at org.testng.TestNG.runSuitesLocally(TestNG.java:1123)
	at org.testng.TestNG.run(TestNG.java:1031)
	at org.testng.remote.AbstractRemoteTestNG.run(AbstractRemoteTestNG.java:115)
	at org.testng.remote.RemoteTestNG.initAndRun(RemoteTestNG.java:251)
	at org.testng.remote.RemoteTestNG.main(RemoteTestNG.java:77)
]]>
    </error>
  </testcase> <!-- hierarquiaDeCenariosDeCorreçaoDetalhes -->
  <testcase classname="com.timp.test.MDR.Automacoes.AutomacoesMDR2" name="sCANCDistribuidorasDetalhes" time="70.270">
    <failure message="no such element: Unable to locate element: {&quot;method&quot;:&quot;xpath&quot;,&quot;selector&quot;:&quot;//div[@data-id=&quot;5&quot;]/div[1]/div&quot;}
  (Session info: chrome=83.0.4103.106)
For documentation on this error, please visit: https://www.seleniumhq.org/exceptions/no_such_element.html
Build info: version: &#039;3.141.59&#039;, revision: &#039;e82be7d358&#039;, time: &#039;2018-11-14T08:17:03&#039;
System info: host: &#039;DESKTOP-BNBDMGT&#039;, ip: &#039;192.168.1.37&#039;, os.name: &#039;Windows 10&#039;, os.arch: &#039;amd64&#039;, os.version: &#039;10.0&#039;, java.version: &#039;14.0.1&#039;
Driver info: org.openqa.selenium.chrome.ChromeDriver
Capabilities {acceptInsecureCerts: false, browserName: chrome, browserVersion: 83.0.4103.106, chrome: {chromedriverVersion: 83.0.4103.39 (ccbf011cb2d2b..., userDataDir: C:\Users\ymass\AppData\Loca...}, goog:chromeOptions: {debuggerAddress: localhost:54444}, javascriptEnabled: true, networkConnectionEnabled: false, pageLoadStrategy: normal, platform: WINDOWS, platformName: WINDOWS, proxy: Proxy(), setWindowRect: true, strictFileInteractability: false, timeouts: {implicit: 0, pageLoad: 300000, script: 30000}, unhandledPromptBehavior: dismiss and notify, webauthn:virtualAuthenticators: true}
Session ID: 909855bf61a88677ccdfc176b2c91da0
*** Element info: {Using=xpath, value=//div[@data-id=&quot;5&quot;]/div[1]/div}" type="org.openqa.selenium.NoSuchElementException">
      <![CDATA[org.openqa.selenium.NoSuchElementException: no such element: Unable to locate element: {"method":"xpath","selector":"//div[@data-id="5"]/div[1]/div"}
  (Session info: chrome=83.0.4103.106)
For documentation on this error, please visit: https://www.seleniumhq.org/exceptions/no_such_element.html
Build info: version: '3.141.59', revision: 'e82be7d358', time: '2018-11-14T08:17:03'
System info: host: 'DESKTOP-BNBDMGT', ip: '192.168.1.37', os.name: 'Windows 10', os.arch: 'amd64', os.version: '10.0', java.version: '14.0.1'
Driver info: org.openqa.selenium.chrome.ChromeDriver
Capabilities {acceptInsecureCerts: false, browserName: chrome, browserVersion: 83.0.4103.106, chrome: {chromedriverVersion: 83.0.4103.39 (ccbf011cb2d2b..., userDataDir: C:\Users\ymass\AppData\Loca...}, goog:chromeOptions: {debuggerAddress: localhost:54444}, javascriptEnabled: true, networkConnectionEnabled: false, pageLoadStrategy: normal, platform: WINDOWS, platformName: WINDOWS, proxy: Proxy(), setWindowRect: true, strictFileInteractability: false, timeouts: {implicit: 0, pageLoad: 300000, script: 30000}, unhandledPromptBehavior: dismiss and notify, webauthn:virtualAuthenticators: true}
Session ID: 909855bf61a88677ccdfc176b2c91da0
*** Element info: {Using=xpath, value=//div[@data-id="5"]/div[1]/div}
	at jdk.internal.reflect.GeneratedConstructorAccessor14.newInstance(Unknown Source)
	at java.base/jdk.internal.reflect.DelegatingConstructorAccessorImpl.newInstance(DelegatingConstructorAccessorImpl.java:45)
	at java.base/java.lang.reflect.Constructor.newInstanceWithCaller(Constructor.java:500)
	at java.base/java.lang.reflect.Constructor.newInstance(Constructor.java:481)
	at org.openqa.selenium.remote.http.W3CHttpResponseCodec.createException(W3CHttpResponseCodec.java:187)
	at org.openqa.selenium.remote.http.W3CHttpResponseCodec.decode(W3CHttpResponseCodec.java:122)
	at org.openqa.selenium.remote.http.W3CHttpResponseCodec.decode(W3CHttpResponseCodec.java:49)
	at org.openqa.selenium.remote.HttpCommandExecutor.execute(HttpCommandExecutor.java:158)
	at org.openqa.selenium.remote.service.DriverCommandExecutor.execute(DriverCommandExecutor.java:83)
	at org.openqa.selenium.remote.RemoteWebDriver.execute(RemoteWebDriver.java:552)
	at org.openqa.selenium.remote.RemoteWebDriver.findElement(RemoteWebDriver.java:323)
	at org.openqa.selenium.remote.RemoteWebDriver.findElementByXPath(RemoteWebDriver.java:428)
	at org.openqa.selenium.By$ByXPath.findElement(By.java:353)
	at org.openqa.selenium.remote.RemoteWebDriver.findElement(RemoteWebDriver.java:315)
	at com.sap.timp.pageObjectModel.MDR.SCANC.SCANCDistribuidoras.SCANCDistribuidoraDetalhesPO.detalhes(SCANCDistribuidoraDetalhesPO.java:81)
	at com.timp.test.MDR.SCANC.SCANCDistribuidoras.SCANCDistribuidorasDetalhes.detalhes(SCANCDistribuidorasDetalhes.java:57)
	at com.timp.test.MDR.Automacoes.AutomacoesMDR2.sCANCDistribuidorasDetalhes(AutomacoesMDR2.java:1808)
	at java.base/jdk.internal.reflect.NativeMethodAccessorImpl.invoke0(Native Method)
	at java.base/jdk.internal.reflect.NativeMethodAccessorImpl.invoke(NativeMethodAccessorImpl.java:62)
	at java.base/jdk.internal.reflect.DelegatingMethodAccessorImpl.invoke(DelegatingMethodAccessorImpl.java:43)
	at java.base/java.lang.reflect.Method.invoke(Method.java:564)
	at org.testng.internal.MethodInvocationHelper.invokeMethod(MethodInvocationHelper.java:80)
	at org.testng.internal.Invoker.invokeMethod(Invoker.java:714)
	at org.testng.internal.Invoker.invokeTestMethod(Invoker.java:901)
	at org.testng.internal.Invoker.invokeTestMethods(Invoker.java:1231)
	at org.testng.internal.TestMethodWorker.invokeTestMethods(TestMethodWorker.java:127)
	at org.testng.internal.TestMethodWorker.run(TestMethodWorker.java:111)
	at org.testng.TestRunner.privateRun(TestRunner.java:767)
	at org.testng.TestRunner.run(TestRunner.java:617)
	at org.testng.SuiteRunner.runTest(SuiteRunner.java:334)
	at org.testng.SuiteRunner.runSequentially(SuiteRunner.java:329)
	at org.testng.SuiteRunner.privateRun(SuiteRunner.java:291)
	at org.testng.SuiteRunner.run(SuiteRunner.java:240)
	at org.testng.SuiteRunnerWorker.runSuite(SuiteRunnerWorker.java:52)
	at org.testng.SuiteRunnerWorker.run(SuiteRunnerWorker.java:86)
	at org.testng.TestNG.runSuitesSequentially(TestNG.java:1198)
	at org.testng.TestNG.runSuitesLocally(TestNG.java:1123)
	at org.testng.TestNG.run(TestNG.java:1031)
	at org.testng.remote.AbstractRemoteTestNG.run(AbstractRemoteTestNG.java:115)
	at org.testng.remote.RemoteTestNG.initAndRun(RemoteTestNG.java:251)
	at org.testng.remote.RemoteTestNG.main(RemoteTestNG.java:77)
]]>
    </failure>
  </testcase> <!-- sCANCDistribuidorasDetalhes -->
  <testcase classname="com.timp.test.MDR.Automacoes.AutomacoesMDR2" name="filiaisEditar" time="134.037"/>
  <testcase classname="com.timp.test.MDR.Automacoes.AutomacoesMDR2" name="oPPropriosRessarcimentosCriar" time="213.032">
    <failure message="no such element: Unable to locate element: {&quot;method&quot;:&quot;xpath&quot;,&quot;selector&quot;:&quot;//div[contains(@class,&quot;icon-right&quot;)][2]&quot;}
  (Session info: chrome=83.0.4103.106)
For documentation on this error, please visit: https://www.seleniumhq.org/exceptions/no_such_element.html
Build info: version: &#039;3.141.59&#039;, revision: &#039;e82be7d358&#039;, time: &#039;2018-11-14T08:17:03&#039;
System info: host: &#039;DESKTOP-BNBDMGT&#039;, ip: &#039;192.168.1.37&#039;, os.name: &#039;Windows 10&#039;, os.arch: &#039;amd64&#039;, os.version: &#039;10.0&#039;, java.version: &#039;14.0.1&#039;
Driver info: org.openqa.selenium.chrome.ChromeDriver
Capabilities {acceptInsecureCerts: false, browserName: chrome, browserVersion: 83.0.4103.106, chrome: {chromedriverVersion: 83.0.4103.39 (ccbf011cb2d2b..., userDataDir: C:\Users\ymass\AppData\Loca...}, goog:chromeOptions: {debuggerAddress: localhost:53299}, javascriptEnabled: true, networkConnectionEnabled: false, pageLoadStrategy: normal, platform: WINDOWS, platformName: WINDOWS, proxy: Proxy(), setWindowRect: true, strictFileInteractability: false, timeouts: {implicit: 0, pageLoad: 300000, script: 30000}, unhandledPromptBehavior: dismiss and notify, webauthn:virtualAuthenticators: true}
Session ID: d96c6f49233b32e95aa7178dbac9e422
*** Element info: {Using=xpath, value=//div[contains(@class,&quot;icon-right&quot;)][2]}" type="org.openqa.selenium.NoSuchElementException">
      <![CDATA[org.openqa.selenium.NoSuchElementException: no such element: Unable to locate element: {"method":"xpath","selector":"//div[contains(@class,"icon-right")][2]"}
  (Session info: chrome=83.0.4103.106)
For documentation on this error, please visit: https://www.seleniumhq.org/exceptions/no_such_element.html
Build info: version: '3.141.59', revision: 'e82be7d358', time: '2018-11-14T08:17:03'
System info: host: 'DESKTOP-BNBDMGT', ip: '192.168.1.37', os.name: 'Windows 10', os.arch: 'amd64', os.version: '10.0', java.version: '14.0.1'
Driver info: org.openqa.selenium.chrome.ChromeDriver
Capabilities {acceptInsecureCerts: false, browserName: chrome, browserVersion: 83.0.4103.106, chrome: {chromedriverVersion: 83.0.4103.39 (ccbf011cb2d2b..., userDataDir: C:\Users\ymass\AppData\Loca...}, goog:chromeOptions: {debuggerAddress: localhost:53299}, javascriptEnabled: true, networkConnectionEnabled: false, pageLoadStrategy: normal, platform: WINDOWS, platformName: WINDOWS, proxy: Proxy(), setWindowRect: true, strictFileInteractability: false, timeouts: {implicit: 0, pageLoad: 300000, script: 30000}, unhandledPromptBehavior: dismiss and notify, webauthn:virtualAuthenticators: true}
Session ID: d96c6f49233b32e95aa7178dbac9e422
*** Element info: {Using=xpath, value=//div[contains(@class,"icon-right")][2]}
	at jdk.internal.reflect.GeneratedConstructorAccessor14.newInstance(Unknown Source)
	at java.base/jdk.internal.reflect.DelegatingConstructorAccessorImpl.newInstance(DelegatingConstructorAccessorImpl.java:45)
	at java.base/java.lang.reflect.Constructor.newInstanceWithCaller(Constructor.java:500)
	at java.base/java.lang.reflect.Constructor.newInstance(Constructor.java:481)
	at org.openqa.selenium.remote.http.W3CHttpResponseCodec.createException(W3CHttpResponseCodec.java:187)
	at org.openqa.selenium.remote.http.W3CHttpResponseCodec.decode(W3CHttpResponseCodec.java:122)
	at org.openqa.selenium.remote.http.W3CHttpResponseCodec.decode(W3CHttpResponseCodec.java:49)
	at org.openqa.selenium.remote.HttpCommandExecutor.execute(HttpCommandExecutor.java:158)
	at org.openqa.selenium.remote.service.DriverCommandExecutor.execute(DriverCommandExecutor.java:83)
	at org.openqa.selenium.remote.RemoteWebDriver.execute(RemoteWebDriver.java:552)
	at org.openqa.selenium.remote.RemoteWebDriver.findElement(RemoteWebDriver.java:323)
	at org.openqa.selenium.remote.RemoteWebDriver.findElementByXPath(RemoteWebDriver.java:428)
	at org.openqa.selenium.By$ByXPath.findElement(By.java:353)
	at org.openqa.selenium.remote.RemoteWebDriver.findElement(RemoteWebDriver.java:315)
	at org.openqa.selenium.support.pagefactory.DefaultElementLocator.findElement(DefaultElementLocator.java:69)
	at org.openqa.selenium.support.pagefactory.internal.LocatingElementHandler.invoke(LocatingElementHandler.java:38)
	at com.sun.proxy.$Proxy10.click(Unknown Source)
	at com.sap.timp.pageObjectModel.MDR.SCANC.OPPropiasRessarcimentos.OPPropiasRessarcimentosCriarPO.criar(OPPropiasRessarcimentosCriarPO.java:169)
	at com.timp.test.MDR.SCANC.OPPropiasRessarcimentos.OPPropriosRessarcimentosCriar.criar(OPPropriosRessarcimentosCriar.java:55)
	at com.timp.test.MDR.Automacoes.AutomacoesMDR2.oPPropriosRessarcimentosCriar(AutomacoesMDR2.java:1699)
	at java.base/jdk.internal.reflect.NativeMethodAccessorImpl.invoke0(Native Method)
	at java.base/jdk.internal.reflect.NativeMethodAccessorImpl.invoke(NativeMethodAccessorImpl.java:62)
	at java.base/jdk.internal.reflect.DelegatingMethodAccessorImpl.invoke(DelegatingMethodAccessorImpl.java:43)
	at java.base/java.lang.reflect.Method.invoke(Method.java:564)
	at org.testng.internal.MethodInvocationHelper.invokeMethod(MethodInvocationHelper.java:80)
	at org.testng.internal.Invoker.invokeMethod(Invoker.java:714)
	at org.testng.internal.Invoker.invokeTestMethod(Invoker.java:901)
	at org.testng.internal.Invoker.invokeTestMethods(Invoker.java:1231)
	at org.testng.internal.TestMethodWorker.invokeTestMethods(TestMethodWorker.java:127)
	at org.testng.internal.TestMethodWorker.run(TestMethodWorker.java:111)
	at org.testng.TestRunner.privateRun(TestRunner.java:767)
	at org.testng.TestRunner.run(TestRunner.java:617)
	at org.testng.SuiteRunner.runTest(SuiteRunner.java:334)
	at org.testng.SuiteRunner.runSequentially(SuiteRunner.java:329)
	at org.testng.SuiteRunner.privateRun(SuiteRunner.java:291)
	at org.testng.SuiteRunner.run(SuiteRunner.java:240)
	at org.testng.SuiteRunnerWorker.runSuite(SuiteRunnerWorker.java:52)
	at org.testng.SuiteRunnerWorker.run(SuiteRunnerWorker.java:86)
	at org.testng.TestNG.runSuitesSequentially(TestNG.java:1198)
	at org.testng.TestNG.runSuitesLocally(TestNG.java:1123)
	at org.testng.TestNG.run(TestNG.java:1031)
	at org.testng.remote.AbstractRemoteTestNG.run(AbstractRemoteTestNG.java:115)
	at org.testng.remote.RemoteTestNG.initAndRun(RemoteTestNG.java:251)
	at org.testng.remote.RemoteTestNG.main(RemoteTestNG.java:77)
]]>
    </failure>
  </testcase> <!-- oPPropriosRessarcimentosCriar -->
  <testcase classname="com.timp.test.MDR.Automacoes.AutomacoesMDR2" name="mapeamentoContabilExcluir" time="113.048"/>
  <testcase classname="com.timp.test.MDR.Automacoes.AutomacoesMDR2" name="movimentoSCANCFiltroID" time="86.849">
    <failure message="element not interactable
  (Session info: chrome=83.0.4103.106)
Build info: version: &#039;3.141.59&#039;, revision: &#039;e82be7d358&#039;, time: &#039;2018-11-14T08:17:03&#039;
System info: host: &#039;DESKTOP-BNBDMGT&#039;, ip: &#039;192.168.1.37&#039;, os.name: &#039;Windows 10&#039;, os.arch: &#039;amd64&#039;, os.version: &#039;10.0&#039;, java.version: &#039;14.0.1&#039;
Driver info: org.openqa.selenium.chrome.ChromeDriver
Capabilities {acceptInsecureCerts: false, browserName: chrome, browserVersion: 83.0.4103.106, chrome: {chromedriverVersion: 83.0.4103.39 (ccbf011cb2d2b..., userDataDir: C:\Users\ymass\AppData\Loca...}, goog:chromeOptions: {debuggerAddress: localhost:53020}, javascriptEnabled: true, networkConnectionEnabled: false, pageLoadStrategy: normal, platform: WINDOWS, platformName: WINDOWS, proxy: Proxy(), setWindowRect: true, strictFileInteractability: false, timeouts: {implicit: 0, pageLoad: 300000, script: 30000}, unhandledPromptBehavior: dismiss and notify, webauthn:virtualAuthenticators: true}
Session ID: f7c9f971770b8854e01c91d26c56b00c" type="org.openqa.selenium.ElementNotInteractableException">
      <![CDATA[org.openqa.selenium.ElementNotInteractableException: element not interactable
  (Session info: chrome=83.0.4103.106)
Build info: version: '3.141.59', revision: 'e82be7d358', time: '2018-11-14T08:17:03'
System info: host: 'DESKTOP-BNBDMGT', ip: '192.168.1.37', os.name: 'Windows 10', os.arch: 'amd64', os.version: '10.0', java.version: '14.0.1'
Driver info: org.openqa.selenium.chrome.ChromeDriver
Capabilities {acceptInsecureCerts: false, browserName: chrome, browserVersion: 83.0.4103.106, chrome: {chromedriverVersion: 83.0.4103.39 (ccbf011cb2d2b..., userDataDir: C:\Users\ymass\AppData\Loca...}, goog:chromeOptions: {debuggerAddress: localhost:53020}, javascriptEnabled: true, networkConnectionEnabled: false, pageLoadStrategy: normal, platform: WINDOWS, platformName: WINDOWS, proxy: Proxy(), setWindowRect: true, strictFileInteractability: false, timeouts: {implicit: 0, pageLoad: 300000, script: 30000}, unhandledPromptBehavior: dismiss and notify, webauthn:virtualAuthenticators: true}
Session ID: f7c9f971770b8854e01c91d26c56b00c
	at java.base/jdk.internal.reflect.NativeConstructorAccessorImpl.newInstance0(Native Method)
	at java.base/jdk.internal.reflect.NativeConstructorAccessorImpl.newInstance(NativeConstructorAccessorImpl.java:62)
	at java.base/jdk.internal.reflect.DelegatingConstructorAccessorImpl.newInstance(DelegatingConstructorAccessorImpl.java:45)
	at java.base/java.lang.reflect.Constructor.newInstanceWithCaller(Constructor.java:500)
	at java.base/java.lang.reflect.Constructor.newInstance(Constructor.java:481)
	at org.openqa.selenium.remote.http.W3CHttpResponseCodec.createException(W3CHttpResponseCodec.java:187)
	at org.openqa.selenium.remote.http.W3CHttpResponseCodec.decode(W3CHttpResponseCodec.java:122)
	at org.openqa.selenium.remote.http.W3CHttpResponseCodec.decode(W3CHttpResponseCodec.java:49)
	at org.openqa.selenium.remote.HttpCommandExecutor.execute(HttpCommandExecutor.java:158)
	at org.openqa.selenium.remote.service.DriverCommandExecutor.execute(DriverCommandExecutor.java:83)
	at org.openqa.selenium.remote.RemoteWebDriver.execute(RemoteWebDriver.java:552)
	at org.openqa.selenium.remote.RemoteWebElement.execute(RemoteWebElement.java:285)
	at org.openqa.selenium.remote.RemoteWebElement.click(RemoteWebElement.java:84)
	at jdk.internal.reflect.GeneratedMethodAccessor1.invoke(Unknown Source)
	at java.base/jdk.internal.reflect.DelegatingMethodAccessorImpl.invoke(DelegatingMethodAccessorImpl.java:43)
	at java.base/java.lang.reflect.Method.invoke(Method.java:564)
	at org.openqa.selenium.support.pagefactory.internal.LocatingElementHandler.invoke(LocatingElementHandler.java:51)
	at com.sun.proxy.$Proxy10.click(Unknown Source)
	at com.sap.timp.pageObjectModel.MDR.SCANC.MovimentoSCANC.MovimentoSCANCFiltroIdPO.filtro(MovimentoSCANCFiltroIdPO.java:37)
	at com.timp.test.MDR.SCANC.MovimentoSCANC.MovimentoSCANCFiltroID.filtro(MovimentoSCANCFiltroID.java:53)
	at com.timp.test.MDR.Automacoes.AutomacoesMDR2.movimentoSCANCFiltroID(AutomacoesMDR2.java:1667)
	at java.base/jdk.internal.reflect.NativeMethodAccessorImpl.invoke0(Native Method)
	at java.base/jdk.internal.reflect.NativeMethodAccessorImpl.invoke(NativeMethodAccessorImpl.java:62)
	at java.base/jdk.internal.reflect.DelegatingMethodAccessorImpl.invoke(DelegatingMethodAccessorImpl.java:43)
	at java.base/java.lang.reflect.Method.invoke(Method.java:564)
	at org.testng.internal.MethodInvocationHelper.invokeMethod(MethodInvocationHelper.java:80)
	at org.testng.internal.Invoker.invokeMethod(Invoker.java:714)
	at org.testng.internal.Invoker.invokeTestMethod(Invoker.java:901)
	at org.testng.internal.Invoker.invokeTestMethods(Invoker.java:1231)
	at org.testng.internal.TestMethodWorker.invokeTestMethods(TestMethodWorker.java:127)
	at org.testng.internal.TestMethodWorker.run(TestMethodWorker.java:111)
	at org.testng.TestRunner.privateRun(TestRunner.java:767)
	at org.testng.TestRunner.run(TestRunner.java:617)
	at org.testng.SuiteRunner.runTest(SuiteRunner.java:334)
	at org.testng.SuiteRunner.runSequentially(SuiteRunner.java:329)
	at org.testng.SuiteRunner.privateRun(SuiteRunner.java:291)
	at org.testng.SuiteRunner.run(SuiteRunner.java:240)
	at org.testng.SuiteRunnerWorker.runSuite(SuiteRunnerWorker.java:52)
	at org.testng.SuiteRunnerWorker.run(SuiteRunnerWorker.java:86)
	at org.testng.TestNG.runSuitesSequentially(TestNG.java:1198)
	at org.testng.TestNG.runSuitesLocally(TestNG.java:1123)
	at org.testng.TestNG.run(TestNG.java:1031)
	at org.testng.remote.AbstractRemoteTestNG.run(AbstractRemoteTestNG.java:115)
	at org.testng.remote.RemoteTestNG.initAndRun(RemoteTestNG.java:251)
	at org.testng.remote.RemoteTestNG.main(RemoteTestNG.java:77)
]]>
    </failure>
  </testcase> <!-- movimentoSCANCFiltroID -->
  <testcase classname="com.timp.test.MDR.Automacoes.AutomacoesMDR2" name="tiposDeObjetosDeOcorrenciasFiscaisEditar" time="220.552"/>
  <testcase classname="com.timp.test.MDR.Automacoes.AutomacoesMDR2" name="sequenciaFiltros" time="65.746"/>
  <testcase classname="com.timp.test.MDR.Automacoes.AutomacoesMDR2" name="representanteLegaisVisualizar" time="95.780"/>
  <testcase classname="com.timp.test.MDR.Automacoes.AutomacoesMDR2" name="sequenciaCriar" time="398.061"/>
  <testcase classname="com.timp.test.MDR.Automacoes.AutomacoesMDR2" name="limiteCompetenciaCriar" time="156.466"/>
  <testcase classname="com.timp.test.MDR.Automacoes.AutomacoesMDR2" name="tiposDeObjetosDeOcorrenciasFiscaisExcluirMassa" time="203.112">
    <failure message="no such element: Unable to locate element: {&quot;method&quot;:&quot;xpath&quot;,&quot;selector&quot;:&quot;//li[@id][1]&quot;}
  (Session info: chrome=83.0.4103.106)
For documentation on this error, please visit: https://www.seleniumhq.org/exceptions/no_such_element.html
Build info: version: &#039;3.141.59&#039;, revision: &#039;e82be7d358&#039;, time: &#039;2018-11-14T08:17:03&#039;
System info: host: &#039;DESKTOP-BNBDMGT&#039;, ip: &#039;192.168.1.37&#039;, os.name: &#039;Windows 10&#039;, os.arch: &#039;amd64&#039;, os.version: &#039;10.0&#039;, java.version: &#039;14.0.1&#039;
Driver info: org.openqa.selenium.chrome.ChromeDriver
Capabilities {acceptInsecureCerts: false, browserName: chrome, browserVersion: 83.0.4103.106, chrome: {chromedriverVersion: 83.0.4103.39 (ccbf011cb2d2b..., userDataDir: C:\Users\ymass\AppData\Loca...}, goog:chromeOptions: {debuggerAddress: localhost:50639}, javascriptEnabled: true, networkConnectionEnabled: false, pageLoadStrategy: normal, platform: WINDOWS, platformName: WINDOWS, proxy: Proxy(), setWindowRect: true, strictFileInteractability: false, timeouts: {implicit: 0, pageLoad: 300000, script: 30000}, unhandledPromptBehavior: dismiss and notify, webauthn:virtualAuthenticators: true}
Session ID: 27b1cdc4cf97ae24e62d44f05e119d85
*** Element info: {Using=xpath, value=//li[@id][1]}" type="org.openqa.selenium.NoSuchElementException">
      <![CDATA[org.openqa.selenium.NoSuchElementException: no such element: Unable to locate element: {"method":"xpath","selector":"//li[@id][1]"}
  (Session info: chrome=83.0.4103.106)
For documentation on this error, please visit: https://www.seleniumhq.org/exceptions/no_such_element.html
Build info: version: '3.141.59', revision: 'e82be7d358', time: '2018-11-14T08:17:03'
System info: host: 'DESKTOP-BNBDMGT', ip: '192.168.1.37', os.name: 'Windows 10', os.arch: 'amd64', os.version: '10.0', java.version: '14.0.1'
Driver info: org.openqa.selenium.chrome.ChromeDriver
Capabilities {acceptInsecureCerts: false, browserName: chrome, browserVersion: 83.0.4103.106, chrome: {chromedriverVersion: 83.0.4103.39 (ccbf011cb2d2b..., userDataDir: C:\Users\ymass\AppData\Loca...}, goog:chromeOptions: {debuggerAddress: localhost:50639}, javascriptEnabled: true, networkConnectionEnabled: false, pageLoadStrategy: normal, platform: WINDOWS, platformName: WINDOWS, proxy: Proxy(), setWindowRect: true, strictFileInteractability: false, timeouts: {implicit: 0, pageLoad: 300000, script: 30000}, unhandledPromptBehavior: dismiss and notify, webauthn:virtualAuthenticators: true}
Session ID: 27b1cdc4cf97ae24e62d44f05e119d85
*** Element info: {Using=xpath, value=//li[@id][1]}
	at jdk.internal.reflect.GeneratedConstructorAccessor14.newInstance(Unknown Source)
	at java.base/jdk.internal.reflect.DelegatingConstructorAccessorImpl.newInstance(DelegatingConstructorAccessorImpl.java:45)
	at java.base/java.lang.reflect.Constructor.newInstanceWithCaller(Constructor.java:500)
	at java.base/java.lang.reflect.Constructor.newInstance(Constructor.java:481)
	at org.openqa.selenium.remote.http.W3CHttpResponseCodec.createException(W3CHttpResponseCodec.java:187)
	at org.openqa.selenium.remote.http.W3CHttpResponseCodec.decode(W3CHttpResponseCodec.java:122)
	at org.openqa.selenium.remote.http.W3CHttpResponseCodec.decode(W3CHttpResponseCodec.java:49)
	at org.openqa.selenium.remote.HttpCommandExecutor.execute(HttpCommandExecutor.java:158)
	at org.openqa.selenium.remote.service.DriverCommandExecutor.execute(DriverCommandExecutor.java:83)
	at org.openqa.selenium.remote.RemoteWebDriver.execute(RemoteWebDriver.java:552)
	at org.openqa.selenium.remote.RemoteWebDriver.findElement(RemoteWebDriver.java:323)
	at org.openqa.selenium.remote.RemoteWebDriver.findElementByXPath(RemoteWebDriver.java:428)
	at org.openqa.selenium.By$ByXPath.findElement(By.java:353)
	at org.openqa.selenium.remote.RemoteWebDriver.findElement(RemoteWebDriver.java:315)
	at org.openqa.selenium.support.pagefactory.DefaultElementLocator.findElement(DefaultElementLocator.java:69)
	at org.openqa.selenium.support.pagefactory.internal.LocatingElementHandler.invoke(LocatingElementHandler.java:38)
	at com.sun.proxy.$Proxy10.click(Unknown Source)
	at com.sap.timp.pageObjectModel.MDR.OcorrenciaFiscal.TiposDeObjetosDeOcorrenciasFiscais.TiposDeObjetosDeOcorrenciasFiscaisExcluirMassaPO.criar(TiposDeObjetosDeOcorrenciasFiscaisExcluirMassaPO.java:208)
	at com.timp.test.MDR.OcorrenciaFiscal.TiposDeObjetosDeOcorrenciasFiscais.TiposDeObjetosDeOcorrenciasFiscaisExcluirMassa.criar(TiposDeObjetosDeOcorrenciasFiscaisExcluirMassa.java:51)
	at com.timp.test.MDR.Automacoes.AutomacoesMDR2.tiposDeObjetosDeOcorrenciasFiscaisExcluirMassa(AutomacoesMDR2.java:1023)
	at java.base/jdk.internal.reflect.NativeMethodAccessorImpl.invoke0(Native Method)
	at java.base/jdk.internal.reflect.NativeMethodAccessorImpl.invoke(NativeMethodAccessorImpl.java:62)
	at java.base/jdk.internal.reflect.DelegatingMethodAccessorImpl.invoke(DelegatingMethodAccessorImpl.java:43)
	at java.base/java.lang.reflect.Method.invoke(Method.java:564)
	at org.testng.internal.MethodInvocationHelper.invokeMethod(MethodInvocationHelper.java:80)
	at org.testng.internal.Invoker.invokeMethod(Invoker.java:714)
	at org.testng.internal.Invoker.invokeTestMethod(Invoker.java:901)
	at org.testng.internal.Invoker.invokeTestMethods(Invoker.java:1231)
	at org.testng.internal.TestMethodWorker.invokeTestMethods(TestMethodWorker.java:127)
	at org.testng.internal.TestMethodWorker.run(TestMethodWorker.java:111)
	at org.testng.TestRunner.privateRun(TestRunner.java:767)
	at org.testng.TestRunner.run(TestRunner.java:617)
	at org.testng.SuiteRunner.runTest(SuiteRunner.java:334)
	at org.testng.SuiteRunner.runSequentially(SuiteRunner.java:329)
	at org.testng.SuiteRunner.privateRun(SuiteRunner.java:291)
	at org.testng.SuiteRunner.run(SuiteRunner.java:240)
	at org.testng.SuiteRunnerWorker.runSuite(SuiteRunnerWorker.java:52)
	at org.testng.SuiteRunnerWorker.run(SuiteRunnerWorker.java:86)
	at org.testng.TestNG.runSuitesSequentially(TestNG.java:1198)
	at org.testng.TestNG.runSuitesLocally(TestNG.java:1123)
	at org.testng.TestNG.run(TestNG.java:1031)
	at org.testng.remote.AbstractRemoteTestNG.run(AbstractRemoteTestNG.java:115)
	at org.testng.remote.RemoteTestNG.initAndRun(RemoteTestNG.java:251)
	at org.testng.remote.RemoteTestNG.main(RemoteTestNG.java:77)
]]>
    </failure>
  </testcase> <!-- tiposDeObjetosDeOcorrenciasFiscaisExcluirMassa -->
  <testcase classname="com.timp.test.MDR.Automacoes.AutomacoesMDR2" name="mapeamentoContabilCorrecaoEditar" time="150.488"/>
  <testcase classname="com.timp.test.MDR.Automacoes.AutomacoesMDR2" name="detalheTipoTributoFiscalCriar" time="150.655"/>
  <testcase classname="com.timp.test.MDR.Automacoes.AutomacoesMDR2" name="mapeamentoContabilCriar" time="95.574"/>
  <testcase classname="com.timp.test.MDR.Automacoes.AutomacoesMDR2" name="contasDefaultParaExtemporaneoEditar" time="94.086">
    <failure message="no such element: Unable to locate element: {&quot;method&quot;:&quot;xpath&quot;,&quot;selector&quot;:&quot;//div[@class=&quot;field item-2&quot; and @id=&quot;adjustmentCode&quot;]/div/div[2]&quot;}
  (Session info: chrome=83.0.4103.106)
For documentation on this error, please visit: https://www.seleniumhq.org/exceptions/no_such_element.html
Build info: version: &#039;3.141.59&#039;, revision: &#039;e82be7d358&#039;, time: &#039;2018-11-14T08:17:03&#039;
System info: host: &#039;DESKTOP-BNBDMGT&#039;, ip: &#039;192.168.1.37&#039;, os.name: &#039;Windows 10&#039;, os.arch: &#039;amd64&#039;, os.version: &#039;10.0&#039;, java.version: &#039;14.0.1&#039;
Driver info: org.openqa.selenium.chrome.ChromeDriver
Capabilities {acceptInsecureCerts: false, browserName: chrome, browserVersion: 83.0.4103.106, chrome: {chromedriverVersion: 83.0.4103.39 (ccbf011cb2d2b..., userDataDir: C:\Users\ymass\AppData\Loca...}, goog:chromeOptions: {debuggerAddress: localhost:51055}, javascriptEnabled: true, networkConnectionEnabled: false, pageLoadStrategy: normal, platform: WINDOWS, platformName: WINDOWS, proxy: Proxy(), setWindowRect: true, strictFileInteractability: false, timeouts: {implicit: 0, pageLoad: 300000, script: 30000}, unhandledPromptBehavior: dismiss and notify, webauthn:virtualAuthenticators: true}
Session ID: 5fa696a7cb3676e364e0fb1b07ec7494
*** Element info: {Using=xpath, value=//div[@class=&quot;field item-2&quot; and @id=&quot;adjustmentCode&quot;]/div/div[2]}" type="org.openqa.selenium.NoSuchElementException">
      <![CDATA[org.openqa.selenium.NoSuchElementException: no such element: Unable to locate element: {"method":"xpath","selector":"//div[@class="field item-2" and @id="adjustmentCode"]/div/div[2]"}
  (Session info: chrome=83.0.4103.106)
For documentation on this error, please visit: https://www.seleniumhq.org/exceptions/no_such_element.html
Build info: version: '3.141.59', revision: 'e82be7d358', time: '2018-11-14T08:17:03'
System info: host: 'DESKTOP-BNBDMGT', ip: '192.168.1.37', os.name: 'Windows 10', os.arch: 'amd64', os.version: '10.0', java.version: '14.0.1'
Driver info: org.openqa.selenium.chrome.ChromeDriver
Capabilities {acceptInsecureCerts: false, browserName: chrome, browserVersion: 83.0.4103.106, chrome: {chromedriverVersion: 83.0.4103.39 (ccbf011cb2d2b..., userDataDir: C:\Users\ymass\AppData\Loca...}, goog:chromeOptions: {debuggerAddress: localhost:51055}, javascriptEnabled: true, networkConnectionEnabled: false, pageLoadStrategy: normal, platform: WINDOWS, platformName: WINDOWS, proxy: Proxy(), setWindowRect: true, strictFileInteractability: false, timeouts: {implicit: 0, pageLoad: 300000, script: 30000}, unhandledPromptBehavior: dismiss and notify, webauthn:virtualAuthenticators: true}
Session ID: 5fa696a7cb3676e364e0fb1b07ec7494
*** Element info: {Using=xpath, value=//div[@class="field item-2" and @id="adjustmentCode"]/div/div[2]}
	at jdk.internal.reflect.GeneratedConstructorAccessor14.newInstance(Unknown Source)
	at java.base/jdk.internal.reflect.DelegatingConstructorAccessorImpl.newInstance(DelegatingConstructorAccessorImpl.java:45)
	at java.base/java.lang.reflect.Constructor.newInstanceWithCaller(Constructor.java:500)
	at java.base/java.lang.reflect.Constructor.newInstance(Constructor.java:481)
	at org.openqa.selenium.remote.http.W3CHttpResponseCodec.createException(W3CHttpResponseCodec.java:187)
	at org.openqa.selenium.remote.http.W3CHttpResponseCodec.decode(W3CHttpResponseCodec.java:122)
	at org.openqa.selenium.remote.http.W3CHttpResponseCodec.decode(W3CHttpResponseCodec.java:49)
	at org.openqa.selenium.remote.HttpCommandExecutor.execute(HttpCommandExecutor.java:158)
	at org.openqa.selenium.remote.service.DriverCommandExecutor.execute(DriverCommandExecutor.java:83)
	at org.openqa.selenium.remote.RemoteWebDriver.execute(RemoteWebDriver.java:552)
	at org.openqa.selenium.remote.RemoteWebDriver.findElement(RemoteWebDriver.java:323)
	at org.openqa.selenium.remote.RemoteWebDriver.findElementByXPath(RemoteWebDriver.java:428)
	at org.openqa.selenium.By$ByXPath.findElement(By.java:353)
	at org.openqa.selenium.remote.RemoteWebDriver.findElement(RemoteWebDriver.java:315)
	at org.openqa.selenium.support.pagefactory.DefaultElementLocator.findElement(DefaultElementLocator.java:69)
	at org.openqa.selenium.support.pagefactory.internal.LocatingElementHandler.invoke(LocatingElementHandler.java:38)
	at com.sun.proxy.$Proxy10.click(Unknown Source)
	at com.sap.timp.pageObjectModel.MDR.ParametrosContabilizacao.ContasDefaultParaExtemporaneo.ContasDefaultParaExtemporaneoEditarPO.editar(ContasDefaultParaExtemporaneoEditarPO.java:80)
	at com.timp.test.MDR.ParametrosContabilizacao.ContasDefaultParaExtemporaneo.ContasDefaultParaExtemporaneoEditar.editar(ContasDefaultParaExtemporaneoEditar.java:51)
	at com.timp.test.MDR.Automacoes.AutomacoesMDR2.contasDefaultParaExtemporaneoEditar(AutomacoesMDR2.java:1068)
	at java.base/jdk.internal.reflect.NativeMethodAccessorImpl.invoke0(Native Method)
	at java.base/jdk.internal.reflect.NativeMethodAccessorImpl.invoke(NativeMethodAccessorImpl.java:62)
	at java.base/jdk.internal.reflect.DelegatingMethodAccessorImpl.invoke(DelegatingMethodAccessorImpl.java:43)
	at java.base/java.lang.reflect.Method.invoke(Method.java:564)
	at org.testng.internal.MethodInvocationHelper.invokeMethod(MethodInvocationHelper.java:80)
	at org.testng.internal.Invoker.invokeMethod(Invoker.java:714)
	at org.testng.internal.Invoker.invokeTestMethod(Invoker.java:901)
	at org.testng.internal.Invoker.invokeTestMethods(Invoker.java:1231)
	at org.testng.internal.TestMethodWorker.invokeTestMethods(TestMethodWorker.java:127)
	at org.testng.internal.TestMethodWorker.run(TestMethodWorker.java:111)
	at org.testng.TestRunner.privateRun(TestRunner.java:767)
	at org.testng.TestRunner.run(TestRunner.java:617)
	at org.testng.SuiteRunner.runTest(SuiteRunner.java:334)
	at org.testng.SuiteRunner.runSequentially(SuiteRunner.java:329)
	at org.testng.SuiteRunner.privateRun(SuiteRunner.java:291)
	at org.testng.SuiteRunner.run(SuiteRunner.java:240)
	at org.testng.SuiteRunnerWorker.runSuite(SuiteRunnerWorker.java:52)
	at org.testng.SuiteRunnerWorker.run(SuiteRunnerWorker.java:86)
	at org.testng.TestNG.runSuitesSequentially(TestNG.java:1198)
	at org.testng.TestNG.runSuitesLocally(TestNG.java:1123)
	at org.testng.TestNG.run(TestNG.java:1031)
	at org.testng.remote.AbstractRemoteTestNG.run(AbstractRemoteTestNG.java:115)
	at org.testng.remote.RemoteTestNG.initAndRun(RemoteTestNG.java:251)
	at org.testng.remote.RemoteTestNG.main(RemoteTestNG.java:77)
]]>
    </failure>
  </testcase> <!-- contasDefaultParaExtemporaneoEditar -->
  <testcase classname="com.timp.test.MDR.Automacoes.AutomacoesMDR2" name="limiteCompetenciaExcluir" time="99.653"/>
  <testcase classname="com.timp.test.MDR.Automacoes.AutomacoesMDR2" name="mapeamentoDeRelevanciaParaPisCofinsCriar" time="108.518"/>
  <testcase classname="com.timp.test.MDR.Automacoes.AutomacoesMDR2" name="mapeamentoSubstituicaoContaEstoqueCenariosCorrecoesDetalhes" time="106.043"/>
  <testcase classname="com.timp.test.MDR.Automacoes.AutomacoesMDR2" name="DeterminacaoDeTipoDeCondicaoExcluirMassa" time="303.571"/>
  <testcase classname="com.timp.test.MDR.Automacoes.AutomacoesMDR2" name="motivosCesBeneficiosExcluir" time="121.723"/>
  <testcase classname="com.timp.test.MDR.Automacoes.AutomacoesMDR2" name="livrosFiscaisExcluir" time="103.988"/>
  <testcase classname="com.timp.test.MDR.Automacoes.AutomacoesMDR2" name="saldoInicialDiferidoCriar" time="71.521">
    <failure message="no such element: Unable to locate element: {&quot;method&quot;:&quot;xpath&quot;,&quot;selector&quot;:&quot;//span[text()=&quot;Saldo Inicial Diferido&quot;]&quot;}
  (Session info: chrome=83.0.4103.106)
For documentation on this error, please visit: https://www.seleniumhq.org/exceptions/no_such_element.html
Build info: version: &#039;3.141.59&#039;, revision: &#039;e82be7d358&#039;, time: &#039;2018-11-14T08:17:03&#039;
System info: host: &#039;DESKTOP-BNBDMGT&#039;, ip: &#039;192.168.1.37&#039;, os.name: &#039;Windows 10&#039;, os.arch: &#039;amd64&#039;, os.version: &#039;10.0&#039;, java.version: &#039;14.0.1&#039;
Driver info: org.openqa.selenium.chrome.ChromeDriver
Capabilities {acceptInsecureCerts: false, browserName: chrome, browserVersion: 83.0.4103.106, chrome: {chromedriverVersion: 83.0.4103.39 (ccbf011cb2d2b..., userDataDir: C:\Users\ymass\AppData\Loca...}, goog:chromeOptions: {debuggerAddress: localhost:54293}, javascriptEnabled: true, networkConnectionEnabled: false, pageLoadStrategy: normal, platform: WINDOWS, platformName: WINDOWS, proxy: Proxy(), setWindowRect: true, strictFileInteractability: false, timeouts: {implicit: 0, pageLoad: 300000, script: 30000}, unhandledPromptBehavior: dismiss and notify, webauthn:virtualAuthenticators: true}
Session ID: 049534e29471d06bd0e1e9757986501a
*** Element info: {Using=xpath, value=//span[text()=&quot;Saldo Inicial Diferido&quot;]}" type="org.openqa.selenium.NoSuchElementException">
      <![CDATA[org.openqa.selenium.NoSuchElementException: no such element: Unable to locate element: {"method":"xpath","selector":"//span[text()="Saldo Inicial Diferido"]"}
  (Session info: chrome=83.0.4103.106)
For documentation on this error, please visit: https://www.seleniumhq.org/exceptions/no_such_element.html
Build info: version: '3.141.59', revision: 'e82be7d358', time: '2018-11-14T08:17:03'
System info: host: 'DESKTOP-BNBDMGT', ip: '192.168.1.37', os.name: 'Windows 10', os.arch: 'amd64', os.version: '10.0', java.version: '14.0.1'
Driver info: org.openqa.selenium.chrome.ChromeDriver
Capabilities {acceptInsecureCerts: false, browserName: chrome, browserVersion: 83.0.4103.106, chrome: {chromedriverVersion: 83.0.4103.39 (ccbf011cb2d2b..., userDataDir: C:\Users\ymass\AppData\Loca...}, goog:chromeOptions: {debuggerAddress: localhost:54293}, javascriptEnabled: true, networkConnectionEnabled: false, pageLoadStrategy: normal, platform: WINDOWS, platformName: WINDOWS, proxy: Proxy(), setWindowRect: true, strictFileInteractability: false, timeouts: {implicit: 0, pageLoad: 300000, script: 30000}, unhandledPromptBehavior: dismiss and notify, webauthn:virtualAuthenticators: true}
Session ID: 049534e29471d06bd0e1e9757986501a
*** Element info: {Using=xpath, value=//span[text()="Saldo Inicial Diferido"]}
	at jdk.internal.reflect.GeneratedConstructorAccessor14.newInstance(Unknown Source)
	at java.base/jdk.internal.reflect.DelegatingConstructorAccessorImpl.newInstance(DelegatingConstructorAccessorImpl.java:45)
	at java.base/java.lang.reflect.Constructor.newInstanceWithCaller(Constructor.java:500)
	at java.base/java.lang.reflect.Constructor.newInstance(Constructor.java:481)
	at org.openqa.selenium.remote.http.W3CHttpResponseCodec.createException(W3CHttpResponseCodec.java:187)
	at org.openqa.selenium.remote.http.W3CHttpResponseCodec.decode(W3CHttpResponseCodec.java:122)
	at org.openqa.selenium.remote.http.W3CHttpResponseCodec.decode(W3CHttpResponseCodec.java:49)
	at org.openqa.selenium.remote.HttpCommandExecutor.execute(HttpCommandExecutor.java:158)
	at org.openqa.selenium.remote.service.DriverCommandExecutor.execute(DriverCommandExecutor.java:83)
	at org.openqa.selenium.remote.RemoteWebDriver.execute(RemoteWebDriver.java:552)
	at org.openqa.selenium.remote.RemoteWebDriver.findElement(RemoteWebDriver.java:323)
	at org.openqa.selenium.remote.RemoteWebDriver.findElementByXPath(RemoteWebDriver.java:428)
	at org.openqa.selenium.By$ByXPath.findElement(By.java:353)
	at org.openqa.selenium.remote.RemoteWebDriver.findElement(RemoteWebDriver.java:315)
	at org.openqa.selenium.support.pagefactory.DefaultElementLocator.findElement(DefaultElementLocator.java:69)
	at org.openqa.selenium.support.pagefactory.internal.LocatingElementHandler.invoke(LocatingElementHandler.java:38)
	at com.sun.proxy.$Proxy10.click(Unknown Source)
	at com.sap.timp.pageObjectModel.MDR.SaldoInicialDiferido.SaldoInicialDiferidoCriarPO.criar(SaldoInicialDiferidoCriarPO.java:85)
	at com.timp.test.MDR.SaldoInicialDiferido.SaldoInicialDiferidoCriar.criar(SaldoInicialDiferidoCriar.java:50)
	at com.timp.test.MDR.Automacoes.AutomacoesMDR2.saldoInicialDiferidoCriar(AutomacoesMDR2.java:1534)
	at java.base/jdk.internal.reflect.NativeMethodAccessorImpl.invoke0(Native Method)
	at java.base/jdk.internal.reflect.NativeMethodAccessorImpl.invoke(NativeMethodAccessorImpl.java:62)
	at java.base/jdk.internal.reflect.DelegatingMethodAccessorImpl.invoke(DelegatingMethodAccessorImpl.java:43)
	at java.base/java.lang.reflect.Method.invoke(Method.java:564)
	at org.testng.internal.MethodInvocationHelper.invokeMethod(MethodInvocationHelper.java:80)
	at org.testng.internal.Invoker.invokeMethod(Invoker.java:714)
	at org.testng.internal.Invoker.invokeTestMethod(Invoker.java:901)
	at org.testng.internal.Invoker.invokeTestMethods(Invoker.java:1231)
	at org.testng.internal.TestMethodWorker.invokeTestMethods(TestMethodWorker.java:127)
	at org.testng.internal.TestMethodWorker.run(TestMethodWorker.java:111)
	at org.testng.TestRunner.privateRun(TestRunner.java:767)
	at org.testng.TestRunner.run(TestRunner.java:617)
	at org.testng.SuiteRunner.runTest(SuiteRunner.java:334)
	at org.testng.SuiteRunner.runSequentially(SuiteRunner.java:329)
	at org.testng.SuiteRunner.privateRun(SuiteRunner.java:291)
	at org.testng.SuiteRunner.run(SuiteRunner.java:240)
	at org.testng.SuiteRunnerWorker.runSuite(SuiteRunnerWorker.java:52)
	at org.testng.SuiteRunnerWorker.run(SuiteRunnerWorker.java:86)
	at org.testng.TestNG.runSuitesSequentially(TestNG.java:1198)
	at org.testng.TestNG.runSuitesLocally(TestNG.java:1123)
	at org.testng.TestNG.run(TestNG.java:1031)
	at org.testng.remote.AbstractRemoteTestNG.run(AbstractRemoteTestNG.java:115)
	at org.testng.remote.RemoteTestNG.initAndRun(RemoteTestNG.java:251)
	at org.testng.remote.RemoteTestNG.main(RemoteTestNG.java:77)
]]>
    </failure>
  </testcase> <!-- saldoInicialDiferidoCriar -->
</testsuite> <!-- com.timp.test.MDR.Automacoes.AutomacoesMDR2 -->
