<?xml version="1.0" encoding="UTF-8"?>
<!-- Generated by org.testng.reporters.JUnitReportReporter -->
<testsuite skipped="0" hostname="LitoSoler" name="com.timp.test.MDR.AtivaçaoParaMunicipio.AtivaçaoParaMunicipioDetalhes" tests="1" failures="0" timestamp="19 mar 2021 21:00:34 GMT" time="54.468" errors="0">
  <testcase name="detalhes" time="54.468" classname="com.timp.test.MDR.AtivaçaoParaMunicipio.AtivaçaoParaMunicipioDetalhes"/>
</testsuite> <!-- com.timp.test.MDR.AtivaçaoParaMunicipio.AtivaçaoParaMunicipioDetalhes -->
