<?xml version="1.0" encoding="UTF-8"?>
<!-- Generated by org.testng.reporters.JUnitReportReporter -->
<testsuite hostname="DESKTOP-M23FVFN" failures="0" tests="1" name="com.timp.test.MDR.Siscoserv.PaisMoeda.PaisMoedaCriar" time="84.624" errors="0" timestamp="06 ene. 2022 08:57:40 GMT" skipped="0">
  <testcase classname="com.timp.test.MDR.Siscoserv.PaisMoeda.PaisMoedaCriar" name="criar" time="84.624"/>
</testsuite> <!-- com.timp.test.MDR.Siscoserv.PaisMoeda.PaisMoedaCriar -->
