<?xml version="1.0" encoding="UTF-8"?>
<!-- Generated by org.testng.reporters.JUnitReportReporter -->
<testsuite skipped="0" hostname="LitoSoler" name="com.timp.test.MDR.CodigoReceita.CodigoReceitaCriar" tests="1" failures="0" timestamp="24 feb 2021 17:08:07 GMT" time="111.513" errors="0">
  <testcase name="criar" time="111.513" classname="com.timp.test.MDR.CodigoReceita.CodigoReceitaCriar"/>
</testsuite> <!-- com.timp.test.MDR.CodigoReceita.CodigoReceitaCriar -->
