<?xml version="1.0" encoding="UTF-8"?>
<!-- Generated by org.testng.reporters.JUnitReportReporter -->
<testsuite hostname="MassielV" failures="0" tests="1" name="com.timp.test.BRB.NovoRelatorio" time="226.650" errors="0" timestamp="14 oct. 2021 18:19:22 GMT" skipped="0">
  <testcase classname="com.timp.test.BRB.NovoRelatorio" name="novoRelatorio" time="226.650"/>
</testsuite> <!-- com.timp.test.BRB.NovoRelatorio -->
