<?xml version="1.0" encoding="UTF-8"?>
<!-- Generated by org.testng.reporters.JUnitReportReporter -->
<testsuite hostname="DESKTOP-JP1A9E6" failures="0" tests="1" name="com.timp.test.BRB.ComentarioListaSuspensa" time="367.379" errors="0" timestamp="27 jul. 2021 20:47:27 GMT" skipped="0">
  <testcase classname="com.timp.test.BRB.ComentarioListaSuspensa" name="listaSuspensa" time="367.379"/>
</testsuite> <!-- com.timp.test.BRB.ComentarioListaSuspensa -->
