<?xml version="1.0" encoding="UTF-8"?>
<!-- Generated by org.testng.reporters.JUnitReportReporter -->
<testsuite hostname="LitoSoler" name="com.timp.test.BRB.ValidacaoEstruturas.SaldoContabilNewGLECC" tests="3" failures="0" timestamp="20 Jan 2021 00:08:32 GMT" time="147.128" errors="0">
  <testcase name="verificar" time="87.260" classname="com.timp.test.BRB.ValidacaoEstruturas.SaldoContabilNewGLECC"/>
  <testcase name="brbEntrar" time="42.564" classname="com.timp.test.BRB.ValidacaoEstruturas.SaldoContabilNewGLECC"/>
  <testcase name="login" time="17.304" classname="com.timp.test.BRB.ValidacaoEstruturas.SaldoContabilNewGLECC"/>
</testsuite> <!-- com.timp.test.BRB.ValidacaoEstruturas.SaldoContabilNewGLECC -->
