<?xml version="1.0" encoding="UTF-8"?>
<!-- Generated by org.testng.reporters.JUnitReportReporter -->
<testsuite hostname="MIGUEL" failures="0" tests="3" name="com.timp.test.BRE.CalculoDeTributos.CalculoDeTributoCriar" time="135.861" errors="0" timestamp="11 Jan 2021 16:01:22 GMT">
  <testcase classname="com.timp.test.BRE.CalculoDeTributos.CalculoDeTributoCriar" name="login" time="7.364"/>
  <testcase classname="com.timp.test.BRE.CalculoDeTributos.CalculoDeTributoCriar" name="acessarBRE" time="18.774"/>
  <testcase classname="com.timp.test.BRE.CalculoDeTributos.CalculoDeTributoCriar" name="criar" time="109.723"/>
</testsuite> <!-- com.timp.test.BRE.CalculoDeTributos.CalculoDeTributoCriar -->
