<?xml version="1.0" encoding="UTF-8"?>
<!-- Generated by org.testng.reporters.JUnitReportReporter -->
<testsuite hostname="DESKTOP-M23FVFN" failures="0" tests="2" name="com.timp.test.BRB.FiltroColunas" time="202.188" errors="0" timestamp="2022-09-20T20:31:08 BRT" skipped="0">
  <testcase classname="com.timp.test.BRB.FiltroColunas" name="filtroConFerramenta1" time="167.935"/>
  <system-out/>
  <testcase classname="com.timp.test.BRB.FiltroColunas" name="filtroConFerramenta2" time="34.253"/>
  <system-out/>
</testsuite> <!-- com.timp.test.BRB.FiltroColunas -->
