<?xml version="1.0" encoding="UTF-8"?>
<!-- Generated by org.testng.reporters.JUnitReportReporter -->
<testsuite hostname="DESKTOP-35UG9UP" name="com.timp.test.BRB.FiltrosAvançados" tests="3" failures="0" timestamp="1 Oct 2020 19:31:31 GMT" time="53.991" errors="0">
  <testcase name="login" time="13.041" classname="com.timp.test.BRB.FiltrosAvançados"/>
  <testcase name="filtrosAvanzados" time="15.142" classname="com.timp.test.BRB.FiltrosAvançados"/>
  <testcase name="brbEntrar" time="25.808" classname="com.timp.test.BRB.FiltrosAvançados"/>
</testsuite> <!-- com.timp.test.BRB.FiltrosAvançados -->
