<?xml version="1.0" encoding="UTF-8"?>
<!-- Generated by org.testng.reporters.JUnitReportReporter -->
<testsuite hostname="LitoSoler" name="com.timp.test.MDR.SequenciaAcesso.SequenciaVisualizar" tests="3" failures="0" timestamp="8 Aug 2020 18:13:35 GMT" time="85.367" errors="0">
  <testcase name="login" time="13.708" classname="com.timp.test.MDR.SequenciaAcesso.SequenciaVisualizar"/>
  <testcase name="Visualizar" time="37.175" classname="com.timp.test.MDR.SequenciaAcesso.SequenciaVisualizar"/>
  <testcase name="acessarMDR" time="34.484" classname="com.timp.test.MDR.SequenciaAcesso.SequenciaVisualizar"/>
</testsuite> <!-- com.timp.test.MDR.SequenciaAcesso.SequenciaVisualizar -->
