<?xml version="1.0" encoding="UTF-8"?>
<!-- Generated by org.testng.reporters.JUnitReportReporter -->
<testsuite hostname="Agile" failures="0" tests="1" name="com.timp.test.MDR.Filiais.FiliaisVisualizar" time="71.210" errors="0" timestamp="16 feb. 2022 14:26:33 GMT" skipped="0">
  <testcase classname="com.timp.test.MDR.Filiais.FiliaisVisualizar" name="visualizar" time="71.210"/>
</testsuite> <!-- com.timp.test.MDR.Filiais.FiliaisVisualizar -->
