<?xml version="1.0" encoding="UTF-8"?>
<!-- Generated by org.testng.reporters.JUnitReportReporter -->
<testsuite hostname="LitoSoler" name="com.timp.test.BCB.ParametrosGeraisHierarquiaCriar" tests="3" failures="0" timestamp="27 Jan 2021 20:15:20 GMT" time="194.609" errors="0">
  <testcase name="login" time="6.946" classname="com.timp.test.BCB.ParametrosGeraisHierarquiaCriar"/>
  <testcase name="brbEntrar" time="14.881" classname="com.timp.test.BCB.ParametrosGeraisHierarquiaCriar"/>
  <testcase name="criarConfiguracaoHierarquia" time="172.782" classname="com.timp.test.BCB.ParametrosGeraisHierarquiaCriar"/>
</testsuite> <!-- com.timp.test.BCB.ParametrosGeraisHierarquiaCriar -->
