<?xml version="1.0" encoding="UTF-8"?>
<!-- Generated by org.testng.reporters.JUnitReportReporter -->
<testsuite hostname="DESKTOP-5P4F1JE" failures="0" tests="3" name="com.timp.test.TDK.Kpis.KpisExecutarAtualizarJutisficativaGravar" time="246.010" errors="0" timestamp="20 Jan 2021 13:52:42 GMT">
  <testcase classname="com.timp.test.TDK.Kpis.KpisExecutarAtualizarJutisficativaGravar" name="acessarTDK" time="27.150"/>
  <testcase classname="com.timp.test.TDK.Kpis.KpisExecutarAtualizarJutisficativaGravar" name="executar" time="207.890"/>
  <testcase classname="com.timp.test.TDK.Kpis.KpisExecutarAtualizarJutisficativaGravar" name="login" time="10.970"/>
</testsuite> <!-- com.timp.test.TDK.Kpis.KpisExecutarAtualizarJutisficativaGravar -->
