<?xml version="1.0" encoding="UTF-8"?>
<!-- Generated by org.testng.reporters.JUnitReportReporter -->
<testsuite hostname="LitoSoler" name="com.timp.test.BRB.paginacion" tests="3" failures="0" timestamp="11 Oct 2020 23:46:55 GMT" time="59.950" errors="0">
  <testcase name="login" time="7.365" classname="com.timp.test.BRB.paginacion"/>
  <testcase name="paginacion" time="33.085" classname="com.timp.test.BRB.paginacion"/>
  <testcase name="brbEntrar" time="19.500" classname="com.timp.test.BRB.paginacion"/>
</testsuite> <!-- com.timp.test.BRB.paginacion -->
