<?xml version="1.0" encoding="UTF-8"?>
<!-- Generated by org.testng.reporters.JUnitReportReporter -->
<testsuite hostname="MIGUEL" failures="0" tests="3" name="com.timp.test.BRE.Estruturas.ParametrosGerais.EstruturasExcluir" time="63.820" errors="0" timestamp="8 Jan 2021 02:53:39 GMT">
  <testcase classname="com.timp.test.BRE.Estruturas.ParametrosGerais.EstruturasExcluir" name="criar" time="38.333"/>
  <testcase classname="com.timp.test.BRE.Estruturas.ParametrosGerais.EstruturasExcluir" name="acessarBRE" time="15.871"/>
  <testcase classname="com.timp.test.BRE.Estruturas.ParametrosGerais.EstruturasExcluir" name="login" time="9.616"/>
</testsuite> <!-- com.timp.test.BRE.Estruturas.ParametrosGerais.EstruturasExcluir -->
