<?xml version="1.0" encoding="UTF-8"?>
<!-- Generated by org.testng.reporters.JUnitReportReporter -->
<testsuite hostname="DESKTOP-JP1A9E6" failures="0" tests="1" name="com.timp.test.TCC.BancoDeOcorrencias.Executados.BancodeOcorrenciasExecutadosVisualizar" time="0.001" errors="0" timestamp="10 sep. 2021 01:48:03 GMT" skipped="0">
  <testcase classname="com.timp.test.TCC.BancoDeOcorrencias.Executados.BancodeOcorrenciasExecutadosVisualizar" name="f" time="0.001"/>
</testsuite> <!-- com.timp.test.TCC.BancoDeOcorrencias.Executados.BancodeOcorrenciasExecutadosVisualizar -->
