<?xml version="1.0" encoding="UTF-8"?>
<!-- Generated by org.testng.reporters.JUnitReportReporter -->
<testsuite hostname="DESKTOP-NV7E9IV" name="com.timp.test.ADM.LoginTest" tests="1" failures="0" timestamp="25 Aug 2020 15:48:47 GMT" time="21.164" errors="0">
  <testcase name="Login" time="21.164" classname="com.timp.test.ADM.LoginTest"/>
</testsuite> <!-- com.timp.test.ADM.LoginTest -->
