<?xml version="1.0" encoding="UTF-8"?>
<!-- Generated by org.testng.reporters.JUnitReportReporter -->
<testsuite hostname="DESKTOP-BNBDMGT" failures="0" tests="3" name="com.timp.test.BRE.CalculoDeTributos.CalculoDeTributosFiltrosAvansados" time="41.914" errors="0" timestamp="26 Nov 2020 07:16:22 GMT">
  <testcase classname="com.timp.test.BRE.CalculoDeTributos.CalculoDeTributosFiltrosAvansados" name="acessarBRE" time="14.985"/>
  <testcase classname="com.timp.test.BRE.CalculoDeTributos.CalculoDeTributosFiltrosAvansados" name="login" time="6.256"/>
  <testcase classname="com.timp.test.BRE.CalculoDeTributos.CalculoDeTributosFiltrosAvansados" name="Filtro" time="20.673"/>
</testsuite> <!-- com.timp.test.BRE.CalculoDeTributos.CalculoDeTributosFiltrosAvansados -->
