<?xml version="1.0" encoding="UTF-8"?>
<!-- Generated by org.testng.reporters.JUnitReportReporter -->
<testsuite hostname="LAPTOP-IN7IV9K5" failures="0" tests="3" name="com.timp.test.TCC.FatorDeCreditamento.FatorDeCreditamentoFiltroPorId" time="84.394" errors="0" timestamp="12 mar. 2021 00:51:08 GMT" skipped="0">
  <testcase classname="com.timp.test.TCC.FatorDeCreditamento.FatorDeCreditamentoFiltroPorId" name="login" time="24.978"/>
  <testcase classname="com.timp.test.TCC.FatorDeCreditamento.FatorDeCreditamentoFiltroPorId" name="acessarTCC" time="43.298"/>
  <testcase classname="com.timp.test.TCC.FatorDeCreditamento.FatorDeCreditamentoFiltroPorId" name="filtroPorId" time="16.118"/>
</testsuite> <!-- com.timp.test.TCC.FatorDeCreditamento.FatorDeCreditamentoFiltroPorId -->
