<?xml version="1.0" encoding="UTF-8"?>
<!-- Generated by org.testng.reporters.JUnitReportReporter -->
<testsuite hostname="DESKTOP-JP1A9E6" failures="0" tests="3" name="com.timp.test.BPMA.ProcessodeNegocio.CriarProcessocomTarefaAutomatizada" time="325.895" errors="0" timestamp="27 ago. 2021 13:54:46 GMT" skipped="0">
  <testcase classname="com.timp.test.BPMA.ProcessodeNegocio.CriarProcessocomTarefaAutomatizada" name="login" time="7.796"/>
  <testcase classname="com.timp.test.BPMA.ProcessodeNegocio.CriarProcessocomTarefaAutomatizada" name="criar" time="297.704"/>
  <testcase classname="com.timp.test.BPMA.ProcessodeNegocio.CriarProcessocomTarefaAutomatizada" name="BPMAEntrar" time="20.395"/>
</testsuite> <!-- com.timp.test.BPMA.ProcessodeNegocio.CriarProcessocomTarefaAutomatizada -->
