<?xml version="1.0" encoding="UTF-8"?>
<!-- Generated by org.testng.reporters.JUnitReportReporter -->
<testsuite hostname="DESKTOP-M23FVFN" failures="0" tests="1" name="com.timp.test.BRB.FiltrosAvancados" time="60.395" errors="0" timestamp="09 feb. 2022 15:10:29 GMT" skipped="0">
  <testcase classname="com.timp.test.BRB.FiltrosAvancados" name="filtrosAvanzados" time="60.395"/>
</testsuite> <!-- com.timp.test.BRB.FiltrosAvancados -->
