<?xml version="1.0" encoding="UTF-8"?>
<!-- Generated by org.testng.reporters.JUnitReportReporter -->
<testsuite hostname="Agile" failures="0" tests="2" name="com.timp.test.BRB.ExcluirRelatorio" time="157.168" errors="0" timestamp="28 feb. 2022 07:49:40 GMT" skipped="0">
  <testcase classname="com.timp.test.BRB.ExcluirRelatorio" name="eliminarLixeira" time="52.248"/>
  <testcase classname="com.timp.test.BRB.ExcluirRelatorio" name="eliminar" time="104.920"/>
</testsuite> <!-- com.timp.test.BRB.ExcluirRelatorio -->
