<?xml version="1.0" encoding="UTF-8"?>
<!-- Generated by org.testng.reporters.JUnitReportReporter -->
<testsuite hostname="DESKTOP-5P4F1JE" failures="0" tests="3" name="com.timp.test.BRE.RegrasDeAuditoriaN3.RegrasDeAuditoriaN3CriarMasCriarComCopia" time="155.061" errors="0" timestamp="2 Feb 2021 13:16:18 GMT">
  <testcase classname="com.timp.test.BRE.RegrasDeAuditoriaN3.RegrasDeAuditoriaN3CriarMasCriarComCopia" name="acessarBRE" time="16.718"/>
  <testcase classname="com.timp.test.BRE.RegrasDeAuditoriaN3.RegrasDeAuditoriaN3CriarMasCriarComCopia" name="criarComCopia" time="130.314"/>
  <testcase classname="com.timp.test.BRE.RegrasDeAuditoriaN3.RegrasDeAuditoriaN3CriarMasCriarComCopia" name="login" time="8.029"/>
</testsuite> <!-- com.timp.test.BRE.RegrasDeAuditoriaN3.RegrasDeAuditoriaN3CriarMasCriarComCopia -->
