<?xml version="1.0" encoding="UTF-8"?>
<!-- Generated by org.testng.reporters.JUnitReportReporter -->
<testsuite hostname="DESKTOP-5P4F1JE" failures="0" tests="4" name="com.timp.test.BRB.Eliminar" time="109.724" errors="0" timestamp="13 Nov 2020 17:30:41 GMT">
  <testcase classname="com.timp.test.BRB.Eliminar" name="login" time="8.016"/>
  <testcase classname="com.timp.test.BRB.Eliminar" name="eliminar" time="39.596"/>
  <testcase classname="com.timp.test.BRB.Eliminar" name="brbEntrar" time="23.975"/>
  <testcase classname="com.timp.test.BRB.Eliminar" name="eliminarLixeira" time="38.137"/>
</testsuite> <!-- com.timp.test.BRB.Eliminar -->
