<?xml version="1.0" encoding="UTF-8"?>
<!-- Generated by org.testng.reporters.JUnitReportReporter -->
<testsuite hostname="LitoSoler" name="com.timp.test.BRB.Filtros" tests="5" failures="0" timestamp="13 Nov 2020 21:25:43 GMT" time="171.688" errors="0">
  <testcase name="filtrosEditor" time="76.047" classname="com.timp.test.BRB.Filtros"/>
  <testcase name="login" time="6.215" classname="com.timp.test.BRB.Filtros"/>
  <testcase name="filtrosBiblioteca" time="52.566" classname="com.timp.test.BRB.Filtros"/>
  <testcase name="asignarValores" time="14.483" classname="com.timp.test.BRB.Filtros"/>
  <testcase name="brbEntrar" time="22.377" classname="com.timp.test.BRB.Filtros"/>
</testsuite> <!-- com.timp.test.BRB.Filtros -->
