<?xml version="1.0" encoding="UTF-8"?>
<!-- Generated by org.testng.reporters.JUnitReportReporter -->
<testsuite hostname="DESKTOP-C57COV6" failures="0" tests="3" name="com.timp.test.BRB.Formula" time="216.911" errors="0" timestamp="11 may. 2021 00:49:29 GMT" skipped="0">
  <testcase classname="com.timp.test.BRB.Formula" name="formulaColuna" time="81.604"/>
  <testcase classname="com.timp.test.BRB.Formula" name="formulaBoton" time="120.981"/>
  <testcase classname="com.timp.test.BRB.Formula" name="aplicar" time="14.326"/>
</testsuite> <!-- com.timp.test.BRB.Formula -->
