<?xml version="1.0" encoding="UTF-8"?>
<!-- Generated by org.testng.reporters.JUnitReportReporter -->
<testsuite hostname="MIGUEL" failures="0" tests="3" name="com.timp.test.TDK.Kpis.Edicao.KpisTabelas" time="218.471" errors="0" timestamp="19 mar. 2021 18:08:01 GMT" skipped="0">
  <testcase classname="com.timp.test.TDK.Kpis.Edicao.KpisTabelas" name="login" time="9.934"/>
  <testcase classname="com.timp.test.TDK.Kpis.Edicao.KpisTabelas" name="acessarTDK" time="24.519"/>
  <testcase classname="com.timp.test.TDK.Kpis.Edicao.KpisTabelas" name="criar" time="184.018"/>
</testsuite> <!-- com.timp.test.TDK.Kpis.Edicao.KpisTabelas -->
