<?xml version="1.0" encoding="UTF-8"?>
<!-- Generated by org.testng.reporters.JUnitReportReporter -->
<testsuite hostname="MIGUEL" failures="0" tests="3" name="com.timp.test.TDK.Dashboard.DashboardCriar" time="249.006" errors="0" timestamp="22 mar. 2021 16:25:57 GMT" skipped="0">
  <testcase classname="com.timp.test.TDK.Dashboard.DashboardCriar" name="login" time="9.042"/>
  <testcase classname="com.timp.test.TDK.Dashboard.DashboardCriar" name="acessarTDK" time="22.366"/>
  <testcase classname="com.timp.test.TDK.Dashboard.DashboardCriar" name="criar" time="217.598"/>
</testsuite> <!-- com.timp.test.TDK.Dashboard.DashboardCriar -->
