<?xml version="1.0" encoding="UTF-8"?>
<!-- Generated by org.testng.reporters.JUnitReportReporter -->
<testsuite hostname="DESKTOP-C57COV6" failures="0" tests="1" name="com.timp.test.MDR.SPCBFederaisRetidos.SPCBFederaisRetidosDetalhes" time="77.697" errors="0" timestamp="30 sep. 2021 06:55:35 GMT" skipped="0">
  <testcase classname="com.timp.test.MDR.SPCBFederaisRetidos.SPCBFederaisRetidosDetalhes" name="detalhe" time="77.697"/>
</testsuite> <!-- com.timp.test.MDR.SPCBFederaisRetidos.SPCBFederaisRetidosDetalhes -->
