<?xml version="1.0" encoding="UTF-8"?>
<!-- Generated by org.testng.reporters.JUnitReportReporter -->
<testsuite hostname="LAPTOP-IN7IV9K5" failures="0" tests="9" name="com.timp.test.BCB.Formula.HierarquiaConfiguracao.FormulaHierarquiaConfiguracaoTodasAsFuncionalidadesParte2" time="383.128" errors="0" timestamp="08 abr. 2021 21:17:45 GMT" skipped="0">
  <testcase classname="com.timp.test.BCB.Formula.HierarquiaConfiguracao.FormulaHierarquiaConfiguracaoTodasAsFuncionalidadesParte2" name="login" time="7.601"/>
  <testcase classname="com.timp.test.BCB.Formula.HierarquiaConfiguracao.FormulaHierarquiaConfiguracaoTodasAsFuncionalidadesParte2" name="brbEntrar" time="16.198"/>
  <testcase classname="com.timp.test.BCB.Formula.HierarquiaConfiguracao.FormulaHierarquiaConfiguracaoTodasAsFuncionalidadesParte2" name="abrirSubnivel1" time="214.231"/>
  <testcase classname="com.timp.test.BCB.Formula.HierarquiaConfiguracao.FormulaHierarquiaConfiguracaoTodasAsFuncionalidadesParte2" name="abrirSubnivel2" time="5.155"/>
  <testcase classname="com.timp.test.BCB.Formula.HierarquiaConfiguracao.FormulaHierarquiaConfiguracaoTodasAsFuncionalidadesParte2" name="abrirSubnivel3" time="5.152"/>
  <testcase classname="com.timp.test.BCB.Formula.HierarquiaConfiguracao.FormulaHierarquiaConfiguracaoTodasAsFuncionalidadesParte2" name="abrirSubnivel4" time="5.170"/>
  <testcase classname="com.timp.test.BCB.Formula.HierarquiaConfiguracao.FormulaHierarquiaConfiguracaoTodasAsFuncionalidadesParte2" name="abrirSubnivel5" time="5.174"/>
  <testcase classname="com.timp.test.BCB.Formula.HierarquiaConfiguracao.FormulaHierarquiaConfiguracaoTodasAsFuncionalidadesParte2" name="excluirConfiguracoes" time="64.684"/>
  <testcase classname="com.timp.test.BCB.Formula.HierarquiaConfiguracao.FormulaHierarquiaConfiguracaoTodasAsFuncionalidadesParte2" name="excluirHierarquia" time="59.763"/>
</testsuite> <!-- com.timp.test.BCB.Formula.HierarquiaConfiguracao.FormulaHierarquiaConfiguracaoTodasAsFuncionalidadesParte2 -->
