<?xml version="1.0" encoding="UTF-8"?>
<!-- Generated by org.testng.reporters.JUnitReportReporter -->
<testsuite hostname="LAPTOP-IN7IV9K5" failures="0" tests="1" name="com.timp.test.MDR.Centralizacao.Saldos.SaldosEditar" time="98.944" errors="0" timestamp="25 mar. 2021 22:51:39 GMT" skipped="0">
  <testcase classname="com.timp.test.MDR.Centralizacao.Saldos.SaldosEditar" name="editar" time="98.944"/>
</testsuite> <!-- com.timp.test.MDR.Centralizacao.Saldos.SaldosEditar -->
