<?xml version="1.0" encoding="UTF-8"?>
<!-- Generated by org.testng.reporters.JUnitReportReporter -->
<testsuite hostname="MIGUEL" failures="0" tests="3" name="com.timp.test.TDK.Execucoes.Lixeira.LixeiraFiltroId" time="66.076" errors="0" timestamp="17 mar. 2021 16:09:45 GMT" skipped="0">
  <testcase classname="com.timp.test.TDK.Execucoes.Lixeira.LixeiraFiltroId" name="login" time="11.593"/>
  <testcase classname="com.timp.test.TDK.Execucoes.Lixeira.LixeiraFiltroId" name="acessarTDK" time="28.952"/>
  <testcase classname="com.timp.test.TDK.Execucoes.Lixeira.LixeiraFiltroId" name="filtro" time="25.531"/>
</testsuite> <!-- com.timp.test.TDK.Execucoes.Lixeira.LixeiraFiltroId -->
