<?xml version="1.0" encoding="UTF-8"?>
<!-- Generated by org.testng.reporters.JUnitReportReporter -->
<testsuite hostname="EC2AMAZ-8HCHO4G" failures="0" tests="2" name="com.timp.test.ADM.Configuracao.ConfiguracaoDeTributos.ConfiguracaoTributoXEstrutura.ConfiguracaoTributoXEstruturaCriar" time="115.452" errors="0" timestamp="2023-08-21T14:53:44 UTC" skipped="0">
  <testcase classname="com.timp.test.ADM.Configuracao.ConfiguracaoDeTributos.ConfiguracaoTributoXEstrutura.ConfiguracaoTributoXEstruturaCriar" name="criar" time="78.968"/>
  <system-out/>
  <testcase classname="com.timp.test.ADM.Configuracao.ConfiguracaoDeTributos.ConfiguracaoTributoXEstrutura.ConfiguracaoTributoXEstruturaCriar" name="excluir" time="36.484"/>
  <system-out/>
</testsuite> <!-- com.timp.test.ADM.Configuracao.ConfiguracaoDeTributos.ConfiguracaoTributoXEstrutura.ConfiguracaoTributoXEstruturaCriar -->
