<?xml version="1.0" encoding="UTF-8"?>
<!-- Generated by org.testng.reporters.JUnitReportReporter -->
<testsuite hostname="MIGUEL" failures="0" tests="4" name="com.timp.test.BRB.ExcluirColuna" time="156.915" errors="0" timestamp="10 Feb 2021 21:58:56 GMT">
  <testcase classname="com.timp.test.BRB.ExcluirColuna" name="excluirColunaDragNDrop" time="75.300"/>
  <testcase classname="com.timp.test.BRB.ExcluirColuna" name="login" time="7.344"/>
  <testcase classname="com.timp.test.BRB.ExcluirColuna" name="brbEntrar" time="19.767"/>
  <testcase classname="com.timp.test.BRB.ExcluirColuna" name="excluirColunaOpcao" time="54.504"/>
</testsuite> <!-- com.timp.test.BRB.ExcluirColuna -->
