<?xml version="1.0" encoding="UTF-8"?>
<!-- Generated by org.testng.reporters.JUnitReportReporter -->
<testsuite hostname="DESKTOP-C57COV6" failures="0" tests="2" name="com.timp.test.MDR.DetalheTipoTributo.DetalheExcluirMassa" time="261.265" errors="0" timestamp="11 may. 2021 00:54:49 GMT" skipped="0">
  <testcase classname="com.timp.test.MDR.DetalheTipoTributo.DetalheExcluirMassa" name="criar" time="169.082"/>
  <testcase classname="com.timp.test.MDR.DetalheTipoTributo.DetalheExcluirMassa" name="excluirMassa" time="92.183"/>
</testsuite> <!-- com.timp.test.MDR.DetalheTipoTributo.DetalheExcluirMassa -->
