<?xml version="1.0" encoding="UTF-8"?>
<!-- Generated by org.testng.reporters.JUnitReportReporter -->
<testsuite hostname="DESKTOP-HB7TMPD" failures="0" tests="3" name="com.timp.test.MDR.PrecoDeTransferencia.ParametrosModeloDeApuracaoTP.ParametrosModeloDeApuracaoTPExcluir" time="70.120" errors="0" timestamp="22 Dec 2020 06:07:16 GMT">
  <testcase classname="com.timp.test.MDR.PrecoDeTransferencia.ParametrosModeloDeApuracaoTP.ParametrosModeloDeApuracaoTPExcluir" name="excluir" time="38.077"/>
  <testcase classname="com.timp.test.MDR.PrecoDeTransferencia.ParametrosModeloDeApuracaoTP.ParametrosModeloDeApuracaoTPExcluir" name="acessarMDR" time="23.842"/>
  <testcase classname="com.timp.test.MDR.PrecoDeTransferencia.ParametrosModeloDeApuracaoTP.ParametrosModeloDeApuracaoTPExcluir" name="login" time="8.201"/>
</testsuite> <!-- com.timp.test.MDR.PrecoDeTransferencia.ParametrosModeloDeApuracaoTP.ParametrosModeloDeApuracaoTPExcluir -->
