<?xml version="1.0" encoding="UTF-8"?>
<!-- Generated by org.testng.reporters.JUnitReportReporter -->
<testsuite hostname="LitoSoler" name="com.timp.test.MDR.SaldoInicialDiferido.SaldoInicialDiferidoFiltroID" tests="3" failures="0" timestamp="8 Oct 2020 15:50:57 GMT" time="41.144" errors="0">
  <testcase name="login" time="7.213" classname="com.timp.test.MDR.SaldoInicialDiferido.SaldoInicialDiferidoFiltroID"/>
  <testcase name="acessarMDR" time="8.929" classname="com.timp.test.MDR.SaldoInicialDiferido.SaldoInicialDiferidoFiltroID"/>
  <testcase name="filtro" time="25.002" classname="com.timp.test.MDR.SaldoInicialDiferido.SaldoInicialDiferidoFiltroID"/>
</testsuite> <!-- com.timp.test.MDR.SaldoInicialDiferido.SaldoInicialDiferidoFiltroID -->
