<?xml version="1.0" encoding="UTF-8"?>
<!-- Generated by org.testng.reporters.JUnitReportReporter -->
<testsuite hostname="DESKTOP-C57COV6" failures="0" tests="2" name="com.timp.test.MDR.TabelaApoioECD.CodigoFatosContabeis.CodigoFatosContabeisExcluirMassa" time="163.104" errors="0" timestamp="29 jul. 2021 10:56:02 GMT" skipped="0">
  <testcase classname="com.timp.test.MDR.TabelaApoioECD.CodigoFatosContabeis.CodigoFatosContabeisExcluirMassa" name="excluir" time="31.749"/>
  <testcase classname="com.timp.test.MDR.TabelaApoioECD.CodigoFatosContabeis.CodigoFatosContabeisExcluirMassa" name="criar" time="131.355"/>
</testsuite> <!-- com.timp.test.MDR.TabelaApoioECD.CodigoFatosContabeis.CodigoFatosContabeisExcluirMassa -->
