<?xml version="1.0" encoding="UTF-8"?>
<!-- Generated by org.testng.reporters.JUnitReportReporter -->
<testsuite hostname="DESKTOP-JP1A9E6" failures="0" tests="11" name="com.timp.test.DFG.Leiautes.LeiautesExecucaoFuncionalidades4" time="521.348" errors="0" timestamp="01 sep. 2021 16:13:12 GMT" skipped="0">
  <testcase classname="com.timp.test.DFG.Leiautes.LeiautesExecucaoFuncionalidades4" name="ingresar" time="15.611"/>
  <testcase classname="com.timp.test.DFG.Leiautes.LeiautesExecucaoFuncionalidades4" name="mdrEntrar" time="22.027"/>
  <testcase classname="com.timp.test.DFG.Leiautes.LeiautesExecucaoFuncionalidades4" name="criar" time="49.758"/>
  <testcase classname="com.timp.test.DFG.Leiautes.LeiautesExecucaoFuncionalidades4" name="separadores" time="86.785"/>
  <testcase classname="com.timp.test.DFG.Leiautes.LeiautesExecucaoFuncionalidades4" name="dataInicialDeReferencia" time="123.423"/>
  <testcase classname="com.timp.test.DFG.Leiautes.LeiautesExecucaoFuncionalidades4" name="saltodeLinha" time="25.726"/>
  <testcase classname="com.timp.test.DFG.Leiautes.LeiautesExecucaoFuncionalidades4" name="dataFinalDeReferencia" time="41.831"/>
  <testcase classname="com.timp.test.DFG.Leiautes.LeiautesExecucaoFuncionalidades4" name="versao" time="29.580"/>
  <testcase classname="com.timp.test.DFG.Leiautes.LeiautesExecucaoFuncionalidades4" name="horaDaExecucao" time="39.420"/>
  <testcase classname="com.timp.test.DFG.Leiautes.LeiautesExecucaoFuncionalidades4" name="dataDaExecucao" time="39.461"/>
  <testcase classname="com.timp.test.DFG.Leiautes.LeiautesExecucaoFuncionalidades4" name="periodoDaReferencia" time="47.726"/>
</testsuite> <!-- com.timp.test.DFG.Leiautes.LeiautesExecucaoFuncionalidades4 -->
