<?xml version="1.0" encoding="UTF-8"?>
<!-- Generated by org.testng.reporters.JUnitReportReporter -->
<testsuite hostname="EC2AMAZ-8HCHO4G" failures="0" tests="1" name="com.timp.test.BRB.OutputdeReferencia" time="228.191" errors="0" timestamp="2024-09-18T22:17:35 UTC" skipped="0">
  <testcase classname="com.timp.test.BRB.OutputdeReferencia" name="outputReferencia" time="228.191"/>
  <system-out/>
</testsuite> <!-- com.timp.test.BRB.OutputdeReferencia -->
