<?xml version="1.0" encoding="UTF-8"?>
<!-- Generated by org.testng.reporters.JUnitReportReporter -->
<testsuite hostname="LitoSoler" name="com.timp.test.BRB.Automacoes.AutomacoesBrb" tests="28" failures="1" timestamp="2 Oct 2020 04:35:43 GMT" time="3264.198" errors="0">
  <testcase name="criarCopia" time="139.251" classname="com.timp.test.BRB.Automacoes.AutomacoesBrb"/>
  <testcase name="exportar" time="105.063" classname="com.timp.test.BRB.Automacoes.AutomacoesBrb"/>
  <testcase name="ativarCorrecao" time="77.326" classname="com.timp.test.BRB.Automacoes.AutomacoesBrb"/>
  <testcase name="novoRelatorio" time="189.757" classname="com.timp.test.BRB.Automacoes.AutomacoesBrb"/>
  <testcase name="comentarioListaSuspensa" time="180.596" classname="com.timp.test.BRB.Automacoes.AutomacoesBrb"/>
  <testcase name="reordenarColuna" time="84.539" classname="com.timp.test.BRB.Automacoes.AutomacoesBrb"/>
  <testcase name="imprimir" time="83.356" classname="com.timp.test.BRB.Automacoes.AutomacoesBrb"/>
  <testcase name="login" time="30.971" classname="com.timp.test.BRB.Automacoes.AutomacoesBrb"/>
  <testcase name="agrupadoPeloCampo" time="141.027" classname="com.timp.test.BRB.Automacoes.AutomacoesBrb"/>
  <testcase name="crescenteEDecrescente" time="176.685" classname="com.timp.test.BRB.Automacoes.AutomacoesBrb"/>
  <testcase name="visualizar" time="58.299" classname="com.timp.test.BRB.Automacoes.AutomacoesBrb"/>
  <testcase name="filtroColunas" time="123.845" classname="com.timp.test.BRB.Automacoes.AutomacoesBrb"/>
  <testcase name="filtrosAvanzados" time="55.082" classname="com.timp.test.BRB.Automacoes.AutomacoesBrb"/>
  <testcase name="formula" time="160.588" classname="com.timp.test.BRB.Automacoes.AutomacoesBrb"/>
  <testcase name="formatacaoEVariante" time="153.424" classname="com.timp.test.BRB.Automacoes.AutomacoesBrb">
    <failure type="org.openqa.selenium.NoSuchElementException" message="no such element: Unable to locate element: {&quot;method&quot;:&quot;xpath&quot;,&quot;selector&quot;:&quot;//li[@class=&quot;list-item no-result&quot;]&quot;}
  (Session info: chrome=83.0.4103.106)
For documentation on this error, please visit: https://www.seleniumhq.org/exceptions/no_such_element.html
Build info: version: &#039;3.141.59&#039;, revision: &#039;e82be7d358&#039;, time: &#039;2018-11-14T08:17:03&#039;
System info: host: &#039;LITOSOLER&#039;, ip: &#039;192.168.0.19&#039;, os.name: &#039;Windows 10&#039;, os.arch: &#039;amd64&#039;, os.version: &#039;10.0&#039;, java.version: &#039;1.8.0_251&#039;
Driver info: org.openqa.selenium.chrome.ChromeDriver
Capabilities {acceptInsecureCerts: false, browserName: chrome, browserVersion: 83.0.4103.106, chrome: {chromedriverVersion: 83.0.4103.39 (ccbf011cb2d2b..., userDataDir: C:\Users\AGILES~1\AppData\L...}, goog:chromeOptions: {debuggerAddress: localhost:61862}, javascriptEnabled: true, networkConnectionEnabled: false, pageLoadStrategy: normal, platform: WINDOWS, platformName: WINDOWS, proxy: Proxy(), setWindowRect: true, strictFileInteractability: false, timeouts: {implicit: 0, pageLoad: 300000, script: 30000}, unhandledPromptBehavior: dismiss and notify, webauthn:virtualAuthenticators: true}
Session ID: e110d5da249433bf0580ec17c35194ab
*** Element info: {Using=xpath, value=//li[@class=&quot;list-item no-result&quot;]}">
      <![CDATA[org.openqa.selenium.NoSuchElementException: no such element: Unable to locate element: {"method":"xpath","selector":"//li[@class="list-item no-result"]"}
  (Session info: chrome=83.0.4103.106)
For documentation on this error, please visit: https://www.seleniumhq.org/exceptions/no_such_element.html
Build info: version: '3.141.59', revision: 'e82be7d358', time: '2018-11-14T08:17:03'
System info: host: 'LITOSOLER', ip: '192.168.0.19', os.name: 'Windows 10', os.arch: 'amd64', os.version: '10.0', java.version: '1.8.0_251'
Driver info: org.openqa.selenium.chrome.ChromeDriver
Capabilities {acceptInsecureCerts: false, browserName: chrome, browserVersion: 83.0.4103.106, chrome: {chromedriverVersion: 83.0.4103.39 (ccbf011cb2d2b..., userDataDir: C:\Users\AGILES~1\AppData\L...}, goog:chromeOptions: {debuggerAddress: localhost:61862}, javascriptEnabled: true, networkConnectionEnabled: false, pageLoadStrategy: normal, platform: WINDOWS, platformName: WINDOWS, proxy: Proxy(), setWindowRect: true, strictFileInteractability: false, timeouts: {implicit: 0, pageLoad: 300000, script: 30000}, unhandledPromptBehavior: dismiss and notify, webauthn:virtualAuthenticators: true}
Session ID: e110d5da249433bf0580ec17c35194ab
*** Element info: {Using=xpath, value=//li[@class="list-item no-result"]}
	at sun.reflect.GeneratedConstructorAccessor14.newInstance(Unknown Source)
	at sun.reflect.DelegatingConstructorAccessorImpl.newInstance(DelegatingConstructorAccessorImpl.java:45)
	at java.lang.reflect.Constructor.newInstance(Constructor.java:423)
	at org.openqa.selenium.remote.http.W3CHttpResponseCodec.createException(W3CHttpResponseCodec.java:187)
	at org.openqa.selenium.remote.http.W3CHttpResponseCodec.decode(W3CHttpResponseCodec.java:122)
	at org.openqa.selenium.remote.http.W3CHttpResponseCodec.decode(W3CHttpResponseCodec.java:49)
	at org.openqa.selenium.remote.HttpCommandExecutor.execute(HttpCommandExecutor.java:158)
	at org.openqa.selenium.remote.service.DriverCommandExecutor.execute(DriverCommandExecutor.java:83)
	at org.openqa.selenium.remote.RemoteWebDriver.execute(RemoteWebDriver.java:552)
	at org.openqa.selenium.remote.RemoteWebDriver.findElement(RemoteWebDriver.java:323)
	at org.openqa.selenium.remote.RemoteWebDriver.findElementByXPath(RemoteWebDriver.java:428)
	at org.openqa.selenium.By$ByXPath.findElement(By.java:353)
	at org.openqa.selenium.remote.RemoteWebDriver.findElement(RemoteWebDriver.java:315)
	at org.openqa.selenium.support.pagefactory.DefaultElementLocator.findElement(DefaultElementLocator.java:69)
	at org.openqa.selenium.support.pagefactory.internal.LocatingElementHandler.invoke(LocatingElementHandler.java:38)
	at com.sun.proxy.$Proxy7.isDisplayed(Unknown Source)
	at com.sap.timp.pageObjectModel.BRB.FormatacaoEVariantePO.excluirVariantes(FormatacaoEVariantePO.java:386)
	at com.timp.test.BRB.FormatacaoEVariante.excluirVariante(FormatacaoEVariante.java:82)
	at com.timp.test.BRB.Automacoes.AutomacoesBrb.formatacaoEVariante(AutomacoesBrb.java:331)
	at sun.reflect.NativeMethodAccessorImpl.invoke0(Native Method)
	at sun.reflect.NativeMethodAccessorImpl.invoke(NativeMethodAccessorImpl.java:62)
	at sun.reflect.DelegatingMethodAccessorImpl.invoke(DelegatingMethodAccessorImpl.java:43)
	at java.lang.reflect.Method.invoke(Method.java:498)
	at org.testng.internal.MethodInvocationHelper.invokeMethod(MethodInvocationHelper.java:80)
	at org.testng.internal.Invoker.invokeMethod(Invoker.java:714)
	at org.testng.internal.Invoker.invokeTestMethod(Invoker.java:901)
	at org.testng.internal.Invoker.invokeTestMethods(Invoker.java:1231)
	at org.testng.internal.TestMethodWorker.invokeTestMethods(TestMethodWorker.java:127)
	at org.testng.internal.TestMethodWorker.run(TestMethodWorker.java:111)
	at org.testng.TestRunner.privateRun(TestRunner.java:767)
	at org.testng.TestRunner.run(TestRunner.java:617)
	at org.testng.SuiteRunner.runTest(SuiteRunner.java:334)
	at org.testng.SuiteRunner.runSequentially(SuiteRunner.java:329)
	at org.testng.SuiteRunner.privateRun(SuiteRunner.java:291)
	at org.testng.SuiteRunner.run(SuiteRunner.java:240)
	at org.testng.SuiteRunnerWorker.runSuite(SuiteRunnerWorker.java:52)
	at org.testng.SuiteRunnerWorker.run(SuiteRunnerWorker.java:86)
	at org.testng.TestNG.runSuitesSequentially(TestNG.java:1198)
	at org.testng.TestNG.runSuitesLocally(TestNG.java:1123)
	at org.testng.TestNG.run(TestNG.java:1031)
	at org.testng.remote.AbstractRemoteTestNG.run(AbstractRemoteTestNG.java:115)
	at org.testng.remote.RemoteTestNG.initAndRun(RemoteTestNG.java:251)
	at org.testng.remote.RemoteTestNG.main(RemoteTestNG.java:77)
]]>
    </failure>
  </testcase> <!-- formatacaoEVariante -->
  <testcase name="comentarioLibre" time="154.314" classname="com.timp.test.BRB.Automacoes.AutomacoesBrb"/>
  <testcase name="campoOutput" time="80.534" classname="com.timp.test.BRB.Automacoes.AutomacoesBrb"/>
  <testcase name="renomearColuna" time="82.872" classname="com.timp.test.BRB.Automacoes.AutomacoesBrb"/>
  <testcase name="ExcluirRelatorio" time="120.213" classname="com.timp.test.BRB.Automacoes.AutomacoesBrb"/>
  <testcase name="cabeçalho" time="110.713" classname="com.timp.test.BRB.Automacoes.AutomacoesBrb"/>
  <testcase name="acessarBRB" time="41.867" classname="com.timp.test.BRB.Automacoes.AutomacoesBrb"/>
  <testcase name="excluirColuna" time="137.824" classname="com.timp.test.BRB.Automacoes.AutomacoesBrb"/>
  <testcase name="filtrosRelatorio" time="209.407" classname="com.timp.test.BRB.Automacoes.AutomacoesBrb"/>
  <testcase name="publicoYPrivado" time="131.565" classname="com.timp.test.BRB.Automacoes.AutomacoesBrb"/>
  <testcase name="gruposAvanzados" time="195.409" classname="com.timp.test.BRB.Automacoes.AutomacoesBrb"/>
  <testcase name="ativarComentario" time="76.390" classname="com.timp.test.BRB.Automacoes.AutomacoesBrb"/>
  <testcase name="paginacion" time="77.284" classname="com.timp.test.BRB.Automacoes.AutomacoesBrb"/>
  <testcase name="editarRelatorio" time="85.997" classname="com.timp.test.BRB.Automacoes.AutomacoesBrb"/>
</testsuite> <!-- com.timp.test.BRB.Automacoes.AutomacoesBrb -->
