<?xml version="1.0" encoding="UTF-8"?>
<!-- Generated by org.testng.reporters.JUnitReportReporter -->
<testsuite hostname="MIGUEL" failures="0" tests="3" name="com.timp.test.TDK.Kpis.Edicao.KpisEdicaoGrafico" time="360.736" errors="0" timestamp="21 mar. 2021 23:39:33 GMT" skipped="0">
  <testcase classname="com.timp.test.TDK.Kpis.Edicao.KpisEdicaoGrafico" name="login" time="10.534"/>
  <testcase classname="com.timp.test.TDK.Kpis.Edicao.KpisEdicaoGrafico" name="acessarTDK" time="22.009"/>
  <testcase classname="com.timp.test.TDK.Kpis.Edicao.KpisEdicaoGrafico" name="Grafico" time="328.193"/>
</testsuite> <!-- com.timp.test.TDK.Kpis.Edicao.KpisEdicaoGrafico -->
