<?xml version="1.0" encoding="UTF-8"?>
<!-- Generated by org.testng.reporters.JUnitReportReporter -->
<testsuite hostname="DESKTOP-35UG9UP" name="com.timp.test.MDR.ContratoIOF.ContratoIOFCriar" tests="3" failures="0" timestamp="3 Aug 2020 22:50:53 GMT" time="125.728" errors="0">
  <testcase name="login" time="9.645" classname="com.timp.test.MDR.ContratoIOF.ContratoIOFCriar"/>
  <testcase name="acessarMDR" time="34.017" classname="com.timp.test.MDR.ContratoIOF.ContratoIOFCriar"/>
  <testcase name="criar" time="82.066" classname="com.timp.test.MDR.ContratoIOF.ContratoIOFCriar"/>
</testsuite> <!-- com.timp.test.MDR.ContratoIOF.ContratoIOFCriar -->
