<?xml version="1.0" encoding="UTF-8"?>
<!-- Generated by org.testng.reporters.JUnitReportReporter -->
<testsuite hostname="DESKTOP-C57COV6" failures="0" tests="1" name="com.timp.test.MDR.TabelasApoioESocial.Tabela11.CompatibilidadEnCatTrabExcluirMassa" time="152.087" errors="0" timestamp="19 oct. 2021 01:30:04 GMT" skipped="0">
  <testcase classname="com.timp.test.MDR.TabelasApoioESocial.Tabela11.CompatibilidadEnCatTrabExcluirMassa" name="criar" time="152.087"/>
</testsuite> <!-- com.timp.test.MDR.TabelasApoioESocial.Tabela11.CompatibilidadEnCatTrabExcluirMassa -->
