<?xml version="1.0" encoding="UTF-8"?>
<!-- Generated by org.testng.reporters.JUnitReportReporter -->
<testsuite hostname="DESKTOP-M23FVFN" failures="0" tests="1" name="com.timp.test.BRB.RenomearColuna" time="123.120" errors="0" timestamp="2022-09-14T05:20:16 BRT" skipped="0">
  <testcase classname="com.timp.test.BRB.RenomearColuna" name="renomearColuna" time="123.120"/>
  <system-out/>
</testsuite> <!-- com.timp.test.BRB.RenomearColuna -->
