<?xml version="1.0" encoding="UTF-8"?>
<!-- Generated by org.testng.reporters.JUnitReportReporter -->
<testsuite hostname="MassielV" failures="0" tests="1" name="com.timp.test.MDR.SCANC.AjustesDosAnexos.AjustesDosAnexosExcluir" time="92.287" errors="0" timestamp="30 sep. 2021 14:34:47 GMT" skipped="0">
  <testcase classname="com.timp.test.MDR.SCANC.AjustesDosAnexos.AjustesDosAnexosExcluir" name="excluir" time="92.287"/>
</testsuite> <!-- com.timp.test.MDR.SCANC.AjustesDosAnexos.AjustesDosAnexosExcluir -->
