<?xml version="1.0" encoding="UTF-8"?>
<!-- Generated by org.testng.reporters.JUnitReportReporter -->
<testsuite hostname="MassielV" failures="0" tests="1" name="com.timp.test.MDR.CadastroCondiçao.CadastroCondicaoCriar" time="167.652" errors="0" timestamp="06 oct. 2021 18:18:24 GMT" skipped="0">
  <testcase classname="com.timp.test.MDR.CadastroCondiçao.CadastroCondicaoCriar" name="criar" time="167.652"/>
</testsuite> <!-- com.timp.test.MDR.CadastroCondiçao.CadastroCondicaoCriar -->
