<?xml version="1.0" encoding="UTF-8"?>
<!-- Generated by org.testng.reporters.JUnitReportReporter -->
<testsuite hostname="LAPTOP-IN7IV9K5" failures="0" tests="1" name="com.timp.test.BRE.RegrasDeAuditoriaN4.Edicao.RegrasDeAuditoriaN4EdicaoFiltros" time="119.504" errors="0" timestamp="27 mar. 2021 03:44:23 GMT" skipped="0">
  <testcase classname="com.timp.test.BRE.RegrasDeAuditoriaN4.Edicao.RegrasDeAuditoriaN4EdicaoFiltros" name="filtros" time="119.504"/>
</testsuite> <!-- com.timp.test.BRE.RegrasDeAuditoriaN4.Edicao.RegrasDeAuditoriaN4EdicaoFiltros -->
