<?xml version="1.0" encoding="UTF-8"?>
<!-- Generated by org.testng.reporters.JUnitReportReporter -->
<testsuite hostname="DESKTOP-M23FVFN" failures="0" tests="1" name="com.timp.test.BRB.EditarRelatorio" time="107.151" errors="0" timestamp="2022-11-15T20:10:09 BRT" skipped="0">
  <testcase classname="com.timp.test.BRB.EditarRelatorio" name="editar" time="107.151"/>
  <system-out/>
</testsuite> <!-- com.timp.test.BRB.EditarRelatorio -->
