<?xml version="1.0" encoding="UTF-8"?>
<!-- Generated by org.testng.reporters.JUnitReportReporter -->
<testsuite hostname="DESKTOP-HB7TMPD" failures="0" tests="3" name="com.timp.test.MDR.Siscoserv.Enquadramento.EnquadramentoVisualizar" time="78.280" errors="0" timestamp="18 Nov 2020 15:51:50 GMT">
  <testcase classname="com.timp.test.MDR.Siscoserv.Enquadramento.EnquadramentoVisualizar" name="acessarMDR" time="30.685"/>
  <testcase classname="com.timp.test.MDR.Siscoserv.Enquadramento.EnquadramentoVisualizar" name="Visualizar" time="37.811"/>
  <testcase classname="com.timp.test.MDR.Siscoserv.Enquadramento.EnquadramentoVisualizar" name="login" time="9.784"/>
</testsuite> <!-- com.timp.test.MDR.Siscoserv.Enquadramento.EnquadramentoVisualizar -->
