<?xml version="1.0" encoding="UTF-8"?>
<!-- Generated by org.testng.reporters.JUnitReportReporter -->
<testsuite hostname="DESKTOP-5P4F1JE" failures="0" tests="3" name="com.timp.test.MDR.PrecoDeTransferencia.ValoresParaMetodo.ValoresParaMetodoCAP.ValoresParaMetodoCAPExcluir" time="111.390" errors="0" timestamp="13 Oct 2020 20:15:32 GMT">
  <testcase classname="com.timp.test.MDR.PrecoDeTransferencia.ValoresParaMetodo.ValoresParaMetodoCAP.ValoresParaMetodoCAPExcluir" name="excluir" time="70.238"/>
  <testcase classname="com.timp.test.MDR.PrecoDeTransferencia.ValoresParaMetodo.ValoresParaMetodoCAP.ValoresParaMetodoCAPExcluir" name="acessarMDR" time="33.109"/>
  <testcase classname="com.timp.test.MDR.PrecoDeTransferencia.ValoresParaMetodo.ValoresParaMetodoCAP.ValoresParaMetodoCAPExcluir" name="login" time="8.043"/>
</testsuite> <!-- com.timp.test.MDR.PrecoDeTransferencia.ValoresParaMetodo.ValoresParaMetodoCAP.ValoresParaMetodoCAPExcluir -->
