<?xml version="1.0" encoding="UTF-8"?>
<!-- Generated by org.testng.reporters.JUnitReportReporter -->
<testsuite hostname="DESKTOP-35UG9UP" name="com.timp.test.BRB.CriarCopia" tests="3" failures="0" timestamp="1 Oct 2020 12:16:01 GMT" time="164.430" errors="0">
  <testcase name="login" time="13.641" classname="com.timp.test.BRB.CriarCopia"/>
  <testcase name="brbEntrar" time="34.375" classname="com.timp.test.BRB.CriarCopia"/>
  <testcase name="criarCopia" time="116.414" classname="com.timp.test.BRB.CriarCopia"/>
</testsuite> <!-- com.timp.test.BRB.CriarCopia -->
