<?xml version="1.0" encoding="UTF-8"?>
<!-- Generated by org.testng.reporters.JUnitReportReporter -->
<testsuite hostname="DESKTOP-C57COV6" failures="0" tests="1" name="com.timp.test.TDK.Execucoes.Raiz.RaizFiltroId" time="90.900" errors="0" timestamp="10 ago. 2021 16:39:52 GMT" skipped="0">
  <testcase classname="com.timp.test.TDK.Execucoes.Raiz.RaizFiltroId" name="filtro" time="90.900"/>
</testsuite> <!-- com.timp.test.TDK.Execucoes.Raiz.RaizFiltroId -->
