<?xml version="1.0" encoding="UTF-8"?>
<!-- Generated by org.testng.reporters.JUnitReportReporter -->
<testsuite hostname="DESKTOP-C57COV6" failures="0" tests="1" name="com.timp.test.MDR.TabelasApoioSped.CodigoContribuiçaoSocialApurada.CodigoContribuiçaoSocialApuradaExcluir" time="97.925" errors="0" timestamp="27 oct. 2021 09:44:56 GMT" skipped="0">
  <testcase classname="com.timp.test.MDR.TabelasApoioSped.CodigoContribuiçaoSocialApurada.CodigoContribuiçaoSocialApuradaExcluir" name="excluir" time="97.925"/>
</testsuite> <!-- com.timp.test.MDR.TabelasApoioSped.CodigoContribuiçaoSocialApurada.CodigoContribuiçaoSocialApuradaExcluir -->
