<?xml version="1.0" encoding="UTF-8"?>
<!-- Generated by org.testng.reporters.JUnitReportReporter -->
<testsuite hostname="DESKTOP-C57COV6" failures="0" tests="1" name="com.timp.test.MDR.TabelaApoioECD.DeXParaContraPartida.DeXParaContraPartidaCriar" time="80.169" errors="0" timestamp="11 may. 2021 08:51:26 GMT" skipped="0">
  <testcase classname="com.timp.test.MDR.TabelaApoioECD.DeXParaContraPartida.DeXParaContraPartidaCriar" name="criar" time="80.169"/>
</testsuite> <!-- com.timp.test.MDR.TabelaApoioECD.DeXParaContraPartida.DeXParaContraPartidaCriar -->
