<?xml version="1.0" encoding="UTF-8"?>
<!-- Generated by org.testng.reporters.JUnitReportReporter -->
<testsuite hostname="DESKTOP-BNBDMGT" failures="0" tests="1" name="com.timp.test.TCC.GestaoDeCreditoTributarioPISCONFINS.ApuracaoDeCreditoTributarioPIS.ConfiguracaoEExecucao.RegistroM205.RegistroM205Visualizar" time="146.588" errors="0" timestamp="29 mar. 2021 17:30:33 GMT" skipped="0">
  <testcase classname="com.timp.test.TCC.GestaoDeCreditoTributarioPISCONFINS.ApuracaoDeCreditoTributarioPIS.ConfiguracaoEExecucao.RegistroM205.RegistroM205Visualizar" name="visualizar" time="146.588"/>
</testsuite> <!-- com.timp.test.TCC.GestaoDeCreditoTributarioPISCONFINS.ApuracaoDeCreditoTributarioPIS.ConfiguracaoEExecucao.RegistroM205.RegistroM205Visualizar -->
