<?xml version="1.0" encoding="UTF-8"?>
<!-- Generated by org.testng.reporters.JUnitReportReporter -->
<testsuite hostname="DESKTOP-C57COV6" failures="0" tests="1" name="com.timp.test.ADM.Configuração.Usuarios.UsuáriosDetalhes" time="68.355" errors="0" timestamp="23 sep. 2021 00:59:38 GMT" skipped="0">
  <testcase classname="com.timp.test.ADM.Configuração.Usuarios.UsuáriosDetalhes" name="ver" time="68.355"/>
</testsuite> <!-- com.timp.test.ADM.Configuração.Usuarios.UsuáriosDetalhes -->
