<?xml version="1.0" encoding="UTF-8"?>
<!-- Generated by org.testng.reporters.JUnitReportReporter -->
<testsuite hostname="DESKTOP-C57COV6" failures="0" tests="1" name="com.timp.test.MDR.CEP.Logradouro.LogradouroVisualizar" time="149.291" errors="0" timestamp="15 sep. 2021 21:06:08 GMT" skipped="0">
  <testcase classname="com.timp.test.MDR.CEP.Logradouro.LogradouroVisualizar" name="visualizar" time="149.291"/>
</testsuite> <!-- com.timp.test.MDR.CEP.Logradouro.LogradouroVisualizar -->
