<?xml version="1.0" encoding="UTF-8"?>
<!-- Generated by org.testng.reporters.JUnitReportReporter -->
<testsuite hostname="DESKTOP-BNBDMGT" failures="0" tests="1" name="com.timp.test.MDR.ParametrosContabilizacao.ContasDefaultPorTributo.ContasDefaultPorTributoEditar" time="146.639" errors="0" timestamp="09 mar. 2021 10:34:37 GMT" skipped="0">
  <testcase classname="com.timp.test.MDR.ParametrosContabilizacao.ContasDefaultPorTributo.ContasDefaultPorTributoEditar" name="editar" time="146.639"/>
</testsuite> <!-- com.timp.test.MDR.ParametrosContabilizacao.ContasDefaultPorTributo.ContasDefaultPorTributoEditar -->
