<?xml version="1.0" encoding="UTF-8"?>
<!-- Generated by org.testng.reporters.JUnitReportReporter -->
<testsuite hostname="DESKTOP-BNBDMGT" failures="0" tests="1" name="com.timp.test.MDR.TabelasApoioESocial.Tabela17.DescriçãoDeNatDeLesãoExcluir" time="92.890" errors="0" timestamp="30 mar. 2021 01:41:07 GMT" skipped="0">
  <testcase classname="com.timp.test.MDR.TabelasApoioESocial.Tabela17.DescriçãoDeNatDeLesãoExcluir" name="excluir" time="92.890"/>
</testsuite> <!-- com.timp.test.MDR.TabelasApoioESocial.Tabela17.DescriçãoDeNatDeLesãoExcluir -->
