<?xml version="1.0" encoding="UTF-8"?>
<!-- Generated by org.testng.reporters.JUnitReportReporter -->
<testsuite hostname="DESKTOP-35UG9UP" name="com.timp.test.BRB.Eliminar" tests="4" failures="0" timestamp="30 Sep 2020 19:54:15 GMT" time="187.527" errors="0">
  <testcase name="eliminarLixeira" time="71.369" classname="com.timp.test.BRB.Eliminar"/>
  <testcase name="brbEntrar" time="27.024" classname="com.timp.test.BRB.Eliminar"/>
  <testcase name="eliminar" time="75.354" classname="com.timp.test.BRB.Eliminar"/>
  <testcase name="login" time="13.780" classname="com.timp.test.BRB.Eliminar"/>
</testsuite> <!-- com.timp.test.BRB.Eliminar -->
