<?xml version="1.0" encoding="UTF-8"?>
<!-- Generated by org.testng.reporters.JUnitReportReporter -->
<testsuite hostname="DESKTOP-C57COV6" failures="0" tests="1" name="com.timp.test.MDR.Siscoserv.RegistroRP.RegistroRPDetalhes" time="72.778" errors="0" timestamp="03 sep. 2021 06:03:11 GMT" skipped="0">
  <testcase classname="com.timp.test.MDR.Siscoserv.RegistroRP.RegistroRPDetalhes" name="detalhes" time="72.778"/>
</testsuite> <!-- com.timp.test.MDR.Siscoserv.RegistroRP.RegistroRPDetalhes -->
