<?xml version="1.0" encoding="UTF-8"?>
<!-- Generated by org.testng.reporters.JUnitReportReporter -->
<testsuite hostname="DESKTOP-C57COV6" failures="0" tests="3" name="com.timp.test.BRE.Estruturas.ParametrosGerais.EstruturasFiltrosAvançadosLimpaFiltros" time="108.002" errors="0" timestamp="25 jul. 2021 03:22:11 GMT" skipped="0">
  <testcase classname="com.timp.test.BRE.Estruturas.ParametrosGerais.EstruturasFiltrosAvançadosLimpaFiltros" name="login" time="23.006"/>
  <testcase classname="com.timp.test.BRE.Estruturas.ParametrosGerais.EstruturasFiltrosAvançadosLimpaFiltros" name="acessarBRE" time="59.358"/>
  <testcase classname="com.timp.test.BRE.Estruturas.ParametrosGerais.EstruturasFiltrosAvançadosLimpaFiltros" name="Filtro" time="25.638"/>
</testsuite> <!-- com.timp.test.BRE.Estruturas.ParametrosGerais.EstruturasFiltrosAvançadosLimpaFiltros -->
