<?xml version="1.0" encoding="UTF-8"?>
<!-- Generated by org.testng.reporters.JUnitReportReporter -->
<testsuite hostname="LitoSoler" name="com.timp.test.BRE.RegrasDeMensagens.Edicao.RegrasDeMensagensSimular" tests="3" failures="0" timestamp="26 Nov 2020 20:52:25 GMT" time="80.972" errors="0">
  <testcase name="login" time="7.521" classname="com.timp.test.BRE.RegrasDeMensagens.Edicao.RegrasDeMensagensSimular"/>
  <testcase name="acessarBRE" time="17.821" classname="com.timp.test.BRE.RegrasDeMensagens.Edicao.RegrasDeMensagensSimular"/>
  <testcase name="editar" time="55.630" classname="com.timp.test.BRE.RegrasDeMensagens.Edicao.RegrasDeMensagensSimular"/>
</testsuite> <!-- com.timp.test.BRE.RegrasDeMensagens.Edicao.RegrasDeMensagensSimular -->
