<?xml version="1.0" encoding="UTF-8"?>
<!-- Generated by org.testng.reporters.JUnitReportReporter -->
<testsuite hostname="DESKTOP-M23FVFN" failures="0" tests="1" name="com.timp.test.MDR.CEP.Municipio.MunicipioEditar" time="94.690" errors="0" timestamp="09 dic. 2021 10:28:46 GMT" skipped="0">
  <testcase classname="com.timp.test.MDR.CEP.Municipio.MunicipioEditar" name="editar" time="94.690"/>
</testsuite> <!-- com.timp.test.MDR.CEP.Municipio.MunicipioEditar -->
