<?xml version="1.0" encoding="UTF-8"?>
<!-- Generated by org.testng.reporters.JUnitReportReporter -->
<testsuite hostname="MIGUEL" failures="0" tests="3" name="com.timp.test.BRB.Formula" time="121.772" errors="0" timestamp="31 mar. 2021 00:35:49 GMT" skipped="0">
  <testcase classname="com.timp.test.BRB.Formula" name="aplicar" time="5.999"/>
  <testcase classname="com.timp.test.BRB.Formula" name="formulaColuna" time="58.925"/>
  <testcase classname="com.timp.test.BRB.Formula" name="formulaBoton" time="56.848"/>
</testsuite> <!-- com.timp.test.BRB.Formula -->
