<?xml version="1.0" encoding="UTF-8"?>
<!-- Generated by org.testng.reporters.JUnitReportReporter -->
<<<<<<< HEAD
<testsuite hostname="Agile" failures="0" tests="2" name="com.timp.test.BRB.GruposAvancados" time="481.445" errors="0" timestamp="29 dic. 2021 01:37:04 GMT" skipped="0">
  <testcase classname="com.timp.test.BRB.GruposAvancados" name="eliminarGrupos" time="57.838"/>
  <testcase classname="com.timp.test.BRB.GruposAvancados" name="gruposAvanzados" time="423.607"/>
=======
<testsuite hostname="DESKTOP-M23FVFN" failures="0" tests="2" name="com.timp.test.BRB.GruposAvancados" time="509.169" errors="0" timestamp="31 dic. 2021 02:27:13 GMT" skipped="0">
  <testcase classname="com.timp.test.BRB.GruposAvancados" name="gruposAvanzados" time="453.589"/>
  <testcase classname="com.timp.test.BRB.GruposAvancados" name="eliminarGrupos" time="55.580"/>
>>>>>>> branch 'Yessy' of https://github.com/salc1997/TIMP_R1
</testsuite> <!-- com.timp.test.BRB.GruposAvancados -->
