<?xml version="1.0" encoding="UTF-8"?>
<!-- Generated by org.testng.reporters.JUnitReportReporter -->
<testsuite hostname="MIGUEL" failures="0" tests="3" name="com.timp.test.TDK.Execucoes.Raiz.RaizFiltroId" time="69.090" errors="0" timestamp="17 mar. 2021 15:54:51 GMT" skipped="0">
  <testcase classname="com.timp.test.TDK.Execucoes.Raiz.RaizFiltroId" name="login" time="10.613"/>
  <testcase classname="com.timp.test.TDK.Execucoes.Raiz.RaizFiltroId" name="acessarTDK" time="29.160"/>
  <testcase classname="com.timp.test.TDK.Execucoes.Raiz.RaizFiltroId" name="filtro" time="29.317"/>
</testsuite> <!-- com.timp.test.TDK.Execucoes.Raiz.RaizFiltroId -->
