<?xml version="1.0" encoding="UTF-8"?>
<!-- Generated by org.testng.reporters.JUnitReportReporter -->
<testsuite hostname="DESKTOP-BNBDMGT" failures="0" tests="3" name="com.timp.test.TAA.Ajustes.AjustesEditar" time="171.224" errors="0" timestamp="8 Jan 2021 05:54:58 GMT">
  <testcase classname="com.timp.test.TAA.Ajustes.AjustesEditar" name="editar" time="143.598"/>
  <testcase classname="com.timp.test.TAA.Ajustes.AjustesEditar" name="TAAEntrar" time="19.153"/>
  <testcase classname="com.timp.test.TAA.Ajustes.AjustesEditar" name="ingresar" time="8.473"/>
</testsuite> <!-- com.timp.test.TAA.Ajustes.AjustesEditar -->
