<?xml version="1.0" encoding="UTF-8"?>
<<<<<<< HEAD
<<<<<<< HEAD
<<<<<<< HEAD
<!-- Generated by org.testng.reporters.JUnitReportReporter -->
<testsuite hostname="DESKTOP-BNBDMGT" failures="0" tests="3" name="com.timp.test.BCB.ParametrosGeraisHierarquiaCriar" time="118.677" errors="0" timestamp="10 Feb 2021 22:30:01 GMT">
  <testcase classname="com.timp.test.BCB.ParametrosGeraisHierarquiaCriar" name="login" time="8.977"/>
  <testcase classname="com.timp.test.BCB.ParametrosGeraisHierarquiaCriar" name="brbEntrar" time="19.036"/>
  <testcase classname="com.timp.test.BCB.ParametrosGeraisHierarquiaCriar" name="criarConfiguracaoHierarquia" time="90.664"/>
=======
<!-- Generated by org.testng.reporters.JUnitReportReporter -->
<testsuite hostname="DESKTOP-5P4F1JE" failures="0" tests="3" name="com.timp.test.BCB.ParametrosGeraisHierarquiaCriar" time="117.757" errors="0" timestamp="10 Feb 2021 20:43:12 GMT">
  <testcase classname="com.timp.test.BCB.ParametrosGeraisHierarquiaCriar" name="login" time="7.690"/>
  <testcase classname="com.timp.test.BCB.ParametrosGeraisHierarquiaCriar" name="criarConfiguracaoHierarquia" time="93.566"/>
  <testcase classname="com.timp.test.BCB.ParametrosGeraisHierarquiaCriar" name="brbEntrar" time="16.501"/>
>>>>>>> refs/remotes/origin/Eliel
=======
<!-- Generated by org.testng.reporters.JUnitReportReporter -->
<testsuite hostname="CRISTHIAN-VASQUEZ" failures="0" tests="3" name="com.timp.test.BCB.ParametrosGeraisHierarquiaCriar" time="126.798" errors="0" timestamp="10 Feb 2021 18:55:13 GMT">
  <testcase classname="com.timp.test.BCB.ParametrosGeraisHierarquiaCriar" name="brbEntrar" time="20.245"/>
  <testcase classname="com.timp.test.BCB.ParametrosGeraisHierarquiaCriar" name="login" time="7.099"/>
  <testcase classname="com.timp.test.BCB.ParametrosGeraisHierarquiaCriar" name="criarConfiguracaoHierarquia" time="99.454"/>
>>>>>>> refs/remotes/origin/Cristhian
=======
<!-- Generated by org.testng.reporters.JUnitReportReporter -->
<testsuite hostname="MIGUEL" failures="0" tests="3" name="com.timp.test.BCB.ParametrosGeraisHierarquiaCriar" time="116.421" errors="0" timestamp="10 Feb 2021 23:10:16 GMT">
  <testcase classname="com.timp.test.BCB.ParametrosGeraisHierarquiaCriar" name="login" time="7.003"/>
  <testcase classname="com.timp.test.BCB.ParametrosGeraisHierarquiaCriar" name="brbEntrar" time="14.303"/>
  <testcase classname="com.timp.test.BCB.ParametrosGeraisHierarquiaCriar" name="criarConfiguracaoHierarquia" time="95.115"/>
>>>>>>> refs/heads/Fernando
</testsuite> <!-- com.timp.test.BCB.ParametrosGeraisHierarquiaCriar -->
