<?xml version="1.0" encoding="UTF-8"?>
<!-- Generated by org.testng.reporters.JUnitReportReporter -->
<testsuite hostname="DESKTOP-M23FVFN" failures="0" tests="1" name="com.timp.test.ATR.Arquivos.NotaFiscalEletronicaDeEntradaDeSaida.NotaFiscalEletronicaDeEntradaDeSaidaFiltrosAvancados" time="67.572" errors="0" timestamp="2023-01-13T10:44:03 BRT" skipped="0">
  <testcase classname="com.timp.test.ATR.Arquivos.NotaFiscalEletronicaDeEntradaDeSaida.NotaFiscalEletronicaDeEntradaDeSaidaFiltrosAvancados" name="filtroAvansado" time="67.572"/>
  <system-out/>
</testsuite> <!-- com.timp.test.ATR.Arquivos.NotaFiscalEletronicaDeEntradaDeSaida.NotaFiscalEletronicaDeEntradaDeSaidaFiltrosAvancados -->
