<?xml version="1.0" encoding="UTF-8"?>
<!-- Generated by org.testng.reporters.JUnitReportReporter -->
<testsuite hostname="DESKTOP-M23FVFN" failures="0" tests="2" name="com.timp.test.MDR.LivrosFiscais.LivrosFiscais.LivrosFiscaisExcluirEmMassa" time="217.993" errors="0" timestamp="21 ene. 2022 18:39:42 GMT" skipped="0">
  <testcase classname="com.timp.test.MDR.LivrosFiscais.LivrosFiscais.LivrosFiscaisExcluirEmMassa" name="excluir" time="34.354"/>
  <testcase classname="com.timp.test.MDR.LivrosFiscais.LivrosFiscais.LivrosFiscaisExcluirEmMassa" name="Criar" time="183.639"/>
</testsuite> <!-- com.timp.test.MDR.LivrosFiscais.LivrosFiscais.LivrosFiscaisExcluirEmMassa -->
