<?xml version="1.0" encoding="UTF-8"?>
<!-- Generated by org.testng.reporters.JUnitReportReporter -->
<testsuite skipped="0" hostname="LitoSoler" name="com.timp.test.MDR.CodigoReceita.CodigoReceitaVisualizar" tests="1" failures="0" timestamp="19 mar 2021 21:15:27 GMT" time="80.803" errors="0">
  <testcase name="visualizar" time="80.803" classname="com.timp.test.MDR.CodigoReceita.CodigoReceitaVisualizar"/>
</testsuite> <!-- com.timp.test.MDR.CodigoReceita.CodigoReceitaVisualizar -->
