<?xml version="1.0" encoding="UTF-8"?>
<!-- Generated by org.testng.reporters.JUnitReportReporter -->
<testsuite hostname="CRISTHIAN-VASQUEZ" failures="0" tests="10" name="com.timp.test.BCB.FormulaHierarquiaConfiguracaoTodasAsFuncionalidadesParte2" time="363.917" errors="0" timestamp="22 Jan 2021 00:50:11 GMT">
  <testcase classname="com.timp.test.BCB.FormulaHierarquiaConfiguracaoTodasAsFuncionalidadesParte2" name="abrirSubnivel5" time="5.641"/>
  <testcase classname="com.timp.test.BCB.FormulaHierarquiaConfiguracaoTodasAsFuncionalidadesParte2" name="abrirSubnivel3" time="5.634"/>
  <testcase classname="com.timp.test.BCB.FormulaHierarquiaConfiguracaoTodasAsFuncionalidadesParte2" name="login" time="9.732"/>
  <testcase classname="com.timp.test.BCB.FormulaHierarquiaConfiguracaoTodasAsFuncionalidadesParte2" name="abrirSubnivel1" time="52.013"/>
  <testcase classname="com.timp.test.BCB.FormulaHierarquiaConfiguracaoTodasAsFuncionalidadesParte2" name="abrirSubnivel2" time="5.654"/>
  <testcase classname="com.timp.test.BCB.FormulaHierarquiaConfiguracaoTodasAsFuncionalidadesParte2" name="subNivel5" time="144.620"/>
  <testcase classname="com.timp.test.BCB.FormulaHierarquiaConfiguracaoTodasAsFuncionalidadesParte2" name="excluirConfiguracoes" time="55.491"/>
  <testcase classname="com.timp.test.BCB.FormulaHierarquiaConfiguracaoTodasAsFuncionalidadesParte2" name="excluirHierarquia" time="60.362"/>
  <testcase classname="com.timp.test.BCB.FormulaHierarquiaConfiguracaoTodasAsFuncionalidadesParte2" name="abrirSubnivel4" time="5.512"/>
  <testcase classname="com.timp.test.BCB.FormulaHierarquiaConfiguracaoTodasAsFuncionalidadesParte2" name="brbEntrar" time="19.258"/>
</testsuite> <!-- com.timp.test.BCB.FormulaHierarquiaConfiguracaoTodasAsFuncionalidadesParte2 -->
