<?xml version="1.0" encoding="UTF-8"?>
<!-- Generated by org.testng.reporters.JUnitReportReporter -->
<testsuite hostname="DESKTOP-C57COV6" failures="0" tests="1" name="com.timp.test.MDR.Filiais.FiliaisEditar" time="321.692" errors="0" timestamp="01 nov. 2021 23:29:34 GMT" skipped="0">
  <testcase classname="com.timp.test.MDR.Filiais.FiliaisEditar" name="editar" time="321.692"/>
</testsuite> <!-- com.timp.test.MDR.Filiais.FiliaisEditar -->
