<?xml version="1.0" encoding="UTF-8"?>
<!-- Generated by org.testng.reporters.JUnitReportReporter -->
<testsuite hostname="DESKTOP-C57COV6" failures="0" tests="1" name="com.timp.test.MDR.ParametrosOficializacaoLivros.ParametrosOficializacaoLivrosEditar" time="106.230" errors="0" timestamp="20 jul. 2021 13:42:31 GMT" skipped="0">
  <testcase classname="com.timp.test.MDR.ParametrosOficializacaoLivros.ParametrosOficializacaoLivrosEditar" name="editar" time="106.230"/>
</testsuite> <!-- com.timp.test.MDR.ParametrosOficializacaoLivros.ParametrosOficializacaoLivrosEditar -->
