<?xml version="1.0" encoding="UTF-8"?>
<!-- Generated by org.testng.reporters.JUnitReportReporter -->
<testsuite hostname="EC2AMAZ-8HCHO4G" failures="0" tests="1" name="com.timp.test.BRB.EditarRelatorio" time="94.826" errors="0" timestamp="2023-03-08T19:08:08 UTC" skipped="0">
  <testcase classname="com.timp.test.BRB.EditarRelatorio" name="editar" time="94.826"/>
  <system-out/>
</testsuite> <!-- com.timp.test.BRB.EditarRelatorio -->
