<?xml version="1.0" encoding="UTF-8"?>
<!-- Generated by org.testng.reporters.JUnitReportReporter -->
<testsuite hostname="LitoSoler" name="com.timp.test.MDR.CEP.Municipio.MunicipioEditar" tests="3" failures="0" timestamp="29 Jul 2020 20:53:03 GMT" time="93.947" errors="0">
  <testcase name="acessarMDR" time="10.185" classname="com.timp.test.MDR.CEP.Municipio.MunicipioEditar"/>
  <testcase name="filtro" time="75.985" classname="com.timp.test.MDR.CEP.Municipio.MunicipioEditar"/>
  <testcase name="login" time="7.777" classname="com.timp.test.MDR.CEP.Municipio.MunicipioEditar"/>
</testsuite> <!-- com.timp.test.MDR.CEP.Municipio.MunicipioEditar -->
