<?xml version="1.0" encoding="UTF-8"?>
<!-- Generated by org.testng.reporters.JUnitReportReporter -->
<testsuite hostname="DESKTOP-C57COV6" failures="0" tests="1" name="com.timp.test.BRB.AtivarComentario" time="142.950" errors="0" timestamp="28 oct. 2021 17:26:33 GMT" skipped="0">
  <testcase classname="com.timp.test.BRB.AtivarComentario" name="ativarComentarios" time="142.950"/>
</testsuite> <!-- com.timp.test.BRB.AtivarComentario -->
