<?xml version="1.0" encoding="UTF-8"?>
<!-- Generated by org.testng.reporters.JUnitReportReporter -->
<testsuite hostname="DESKTOP-M23FVFN" failures="0" tests="1" name="com.timp.test.BRB.OutputAutomático" time="221.609" errors="0" timestamp="2022-09-20T20:31:08 BRT" skipped="0">
  <testcase classname="com.timp.test.BRB.OutputAutomático" name="outputAutomatico" time="221.609"/>
  <system-out/>
</testsuite> <!-- com.timp.test.BRB.OutputAutomático -->
