<?xml version="1.0" encoding="UTF-8"?>
<!-- Generated by org.testng.reporters.JUnitReportReporter -->
<testsuite hostname="MIGUEL" failures="0" tests="3" name="com.timp.test.MDR.EventosESocial.S1070ProcessosAdmJudiciais.S1070ProcessosAdmJudiciaisCriar" time="144.923" errors="0" timestamp="23 Oct 2020 19:12:05 GMT">
  <testcase classname="com.timp.test.MDR.EventosESocial.S1070ProcessosAdmJudiciais.S1070ProcessosAdmJudiciaisCriar" name="ingresarMDR" time="10.160"/>
  <testcase classname="com.timp.test.MDR.EventosESocial.S1070ProcessosAdmJudiciais.S1070ProcessosAdmJudiciaisCriar" name="ingresar" time="8.140"/>
  <testcase classname="com.timp.test.MDR.EventosESocial.S1070ProcessosAdmJudiciais.S1070ProcessosAdmJudiciaisCriar" name="criar" time="126.623"/>
</testsuite> <!-- com.timp.test.MDR.EventosESocial.S1070ProcessosAdmJudiciais.S1070ProcessosAdmJudiciaisCriar -->
