<?xml version="1.0" encoding="UTF-8"?>
<!-- Generated by org.testng.reporters.JUnitReportReporter -->
<testsuite hostname="LitoSoler" name="com.timp.test.BRB.Editar" tests="3" failures="0" timestamp="3 Aug 2020 13:28:43 GMT" time="59.564" errors="0">
  <testcase name="brbEntrar" time="13.304" classname="com.timp.test.BRB.Editar"/>
  <testcase name="editar" time="40.003" classname="com.timp.test.BRB.Editar"/>
  <testcase name="login" time="6.257" classname="com.timp.test.BRB.Editar"/>
</testsuite> <!-- com.timp.test.BRB.Editar -->
