<?xml version="1.0" encoding="UTF-8"?>
<!-- Generated by org.testng.reporters.JUnitReportReporter -->
<testsuite hostname="DESKTOP-JP1A9E6" failures="0" tests="2" name="com.timp.test.MDR.Siscoserv.RegistroRF.RegistroRFExcluirEmMassa" time="169.179" errors="0" timestamp="16 sep. 2021 03:01:06 GMT" skipped="0">
  <testcase classname="com.timp.test.MDR.Siscoserv.RegistroRF.RegistroRFExcluirEmMassa" name="excluirEmMassa" time="30.367"/>
  <testcase classname="com.timp.test.MDR.Siscoserv.RegistroRF.RegistroRFExcluirEmMassa" name="criar" time="138.812"/>
</testsuite> <!-- com.timp.test.MDR.Siscoserv.RegistroRF.RegistroRFExcluirEmMassa -->
