<?xml version="1.0" encoding="UTF-8"?>
<!-- Generated by org.testng.reporters.JUnitReportReporter -->
<testsuite hostname="MIGUEL" failures="0" tests="2" name="com.timp.test.BRB.GruposAvancados" time="378.180" errors="0" timestamp="17 abr. 2021 00:37:01 GMT" skipped="0">
  <testcase classname="com.timp.test.BRB.GruposAvancados" name="gruposAvanzados" time="336.119"/>
  <testcase classname="com.timp.test.BRB.GruposAvancados" name="eliminarGrupos" time="42.061"/>
</testsuite> <!-- com.timp.test.BRB.GruposAvancados -->
