<?xml version="1.0" encoding="UTF-8"?>
<!-- Generated by org.testng.reporters.JUnitReportReporter -->
<testsuite hostname="LitoSoler" name="com.timp.test.BRE.RegrasDeNegocio.RegrasDeNegocioCriar" tests="3" failures="0" timestamp="6 Jan 2021 10:06:46 GMT" time="216.312" errors="0">
  <testcase name="login" time="10.569" classname="com.timp.test.BRE.RegrasDeNegocio.RegrasDeNegocioCriar"/>
  <testcase name="criar" time="188.770" classname="com.timp.test.BRE.RegrasDeNegocio.RegrasDeNegocioCriar"/>
  <testcase name="acessarBRE" time="16.973" classname="com.timp.test.BRE.RegrasDeNegocio.RegrasDeNegocioCriar"/>
</testsuite> <!-- com.timp.test.BRE.RegrasDeNegocio.RegrasDeNegocioCriar -->
