<?xml version="1.0" encoding="UTF-8"?>
<!-- Generated by org.testng.reporters.JUnitReportReporter -->
<testsuite hostname="DESKTOP-C57COV6" failures="0" tests="2" name="com.timp.test.MDR.OcorrenciaFiscal.TiposDeObjetosDeOcorrenciasFiscais.TiposDeObjetosDeOcorrenciasFiscaisExcluirMassa" time="263.742" errors="0" timestamp="27 abr. 2021 16:01:59 GMT" skipped="0">
  <testcase classname="com.timp.test.MDR.OcorrenciaFiscal.TiposDeObjetosDeOcorrenciasFiscais.TiposDeObjetosDeOcorrenciasFiscaisExcluirMassa" name="Criar" time="233.584"/>
  <testcase classname="com.timp.test.MDR.OcorrenciaFiscal.TiposDeObjetosDeOcorrenciasFiscais.TiposDeObjetosDeOcorrenciasFiscaisExcluirMassa" name="Excluir" time="30.158"/>
</testsuite> <!-- com.timp.test.MDR.OcorrenciaFiscal.TiposDeObjetosDeOcorrenciasFiscais.TiposDeObjetosDeOcorrenciasFiscaisExcluirMassa -->
