<?xml version="1.0" encoding="UTF-8"?>
<!-- Generated by org.testng.reporters.JUnitReportReporter -->
<testsuite hostname="DESKTOP-C57COV6" failures="0" tests="3" name="com.timp.test.BRE.Estruturas.ParametrosGerais.EstruturasFiltrosAvançadosLimpaFiltros" time="67.747" errors="0" timestamp="30 sep. 2021 22:59:34 GMT" skipped="0">
  <testcase classname="com.timp.test.BRE.Estruturas.ParametrosGerais.EstruturasFiltrosAvançadosLimpaFiltros" name="login" time="13.397"/>
  <testcase classname="com.timp.test.BRE.Estruturas.ParametrosGerais.EstruturasFiltrosAvançadosLimpaFiltros" name="acessarBRE" time="27.479"/>
  <testcase classname="com.timp.test.BRE.Estruturas.ParametrosGerais.EstruturasFiltrosAvançadosLimpaFiltros" name="Filtro" time="26.871"/>
</testsuite> <!-- com.timp.test.BRE.Estruturas.ParametrosGerais.EstruturasFiltrosAvançadosLimpaFiltros -->
