<?xml version="1.0" encoding="UTF-8"?>
<!-- Generated by org.testng.reporters.JUnitReportReporter -->
<testsuite hostname="LitoSoler" name="com.timp.test.ADM.LoginTest" tests="1" failures="0" timestamp="5 Aug 2020 22:15:21 GMT" time="17.445" errors="0">
  <testcase name="Login" time="17.445" classname="com.timp.test.ADM.LoginTest"/>
</testsuite> <!-- com.timp.test.ADM.LoginTest -->
