<?xml version="1.0" encoding="UTF-8"?>
<!-- Generated by org.testng.reporters.JUnitReportReporter -->
<testsuite hostname="DESKTOP-JP1A9E6" failures="0" tests="1" name="com.timp.test.MDR.TabelasApoioSped.TiposDeUtilizacaoDosCreditosFiscais.TiposDeUtilizacaoDosCreditosFiscaisCriar" time="132.196" errors="0" timestamp="08 sep. 2021 05:17:43 GMT" skipped="0">
  <testcase classname="com.timp.test.MDR.TabelasApoioSped.TiposDeUtilizacaoDosCreditosFiscais.TiposDeUtilizacaoDosCreditosFiscaisCriar" name="criar" time="132.196"/>
</testsuite> <!-- com.timp.test.MDR.TabelasApoioSped.TiposDeUtilizacaoDosCreditosFiscais.TiposDeUtilizacaoDosCreditosFiscaisCriar -->
