<?xml version="1.0" encoding="UTF-8"?>
<!-- Generated by org.testng.reporters.JUnitReportReporter -->
<testsuite skipped="0" hostname="LitoSoler" name="com.timp.test.MDR.CadastroDerex.InstituicaoFinanceira.InstituicaoExcluir" tests="1" failures="0" timestamp="16 feb 2021 20:49:44 GMT" time="70.865" errors="0">
  <testcase name="excluir" time="70.865" classname="com.timp.test.MDR.CadastroDerex.InstituicaoFinanceira.InstituicaoExcluir"/>
</testsuite> <!-- com.timp.test.MDR.CadastroDerex.InstituicaoFinanceira.InstituicaoExcluir -->
