<?xml version="1.0" encoding="UTF-8"?>
<!-- Generated by org.testng.reporters.JUnitReportReporter -->
<testsuite hostname="DESKTOP-HB7TMPD" failures="0" tests="3" name="com.timp.test.BRE.RegrasDeNegocio.RegradeNegócioEdiçãoValoresCalculados" time="157.091" errors="0" timestamp="6 Jan 2021 10:06:08 GMT">
  <testcase classname="com.timp.test.BRE.RegrasDeNegocio.RegradeNegócioEdiçãoValoresCalculados" name="login" time="10.887"/>
  <testcase classname="com.timp.test.BRE.RegrasDeNegocio.RegradeNegócioEdiçãoValoresCalculados" name="acessarBRE" time="16.198"/>
  <testcase classname="com.timp.test.BRE.RegrasDeNegocio.RegradeNegócioEdiçãoValoresCalculados" name="editar" time="130.006"/>
</testsuite> <!-- com.timp.test.BRE.RegrasDeNegocio.RegradeNegócioEdiçãoValoresCalculados -->
