<?xml version="1.0" encoding="UTF-8"?>
<!-- Generated by org.testng.reporters.JUnitReportReporter -->
<testsuite hostname="DESKTOP-35UG9UP" name="com.timp.test.MDR.RegistroDeExportaçao.RegistroDeExportaçaoExcluir" tests="3" failures="0" timestamp="11 Aug 2020 13:37:35 GMT" time="185.640" errors="0">
  <testcase name="login" time="11.242" classname="com.timp.test.MDR.RegistroDeExportaçao.RegistroDeExportaçaoExcluir"/>
  <testcase name="acessarMDR" time="22.562" classname="com.timp.test.MDR.RegistroDeExportaçao.RegistroDeExportaçaoExcluir"/>
  <testcase name="Excluir" time="151.836" classname="com.timp.test.MDR.RegistroDeExportaçao.RegistroDeExportaçaoExcluir"/>
</testsuite> <!-- com.timp.test.MDR.RegistroDeExportaçao.RegistroDeExportaçaoExcluir -->
