<?xml version="1.0" encoding="UTF-8"?>
<<<<<<< HEAD
<!-- Generated by org.testng.reporters.JUnitReportReporter -->
<testsuite hostname="MIGUEL" failures="0" tests="1" name="com.timp.test.BRB.AtribuiçãodeRegra" time="163.414" errors="0" timestamp="14 abr. 2021 21:27:08 GMT" skipped="0">
  <testcase classname="com.timp.test.BRB.AtribuiçãodeRegra" name="editar" time="163.414"/>
=======
<!-- Generated by org.testng.reporters.JUnitReportReporter -->
<testsuite hostname="MIGUEL" failures="0" tests="1" name="com.timp.test.BRB.AtribuiçãodeRegra" time="194.476" errors="0" timestamp="17 abr. 2021 00:37:01 GMT" skipped="0">
  <testcase classname="com.timp.test.BRB.AtribuiçãodeRegra" name="editar" time="194.476"/>
>>>>>>> refs/heads/Fernando
</testsuite> <!-- com.timp.test.BRB.AtribuiçãodeRegra -->
