<?xml version="1.0" encoding="UTF-8"?>
<!-- Generated by org.testng.reporters.JUnitReportReporter -->
<testsuite hostname="EC2AMAZ-8HCHO4G" failures="0" tests="3" name="com.timp.test.BRB.Formula" time="177.707" errors="0" timestamp="2023-07-03T19:15:51 UTC" skipped="0">
  <testcase classname="com.timp.test.BRB.Formula" name="aplicar" time="15.160"/>
  <system-out/>
  <testcase classname="com.timp.test.BRB.Formula" name="formulaBoton" time="103.122"/>
  <system-out/>
  <testcase classname="com.timp.test.BRB.Formula" name="formulaColuna" time="59.425"/>
  <system-out/>
</testsuite> <!-- com.timp.test.BRB.Formula -->
