<?xml version="1.0" encoding="UTF-8"?>
<!-- Generated by org.testng.reporters.JUnitReportReporter -->
<testsuite hostname="MIGUEL" failures="0" tests="1" name="com.timp.test.MDR.PrecoDeTransferencia.ModeloDeApuracaoTP.ModeloDeApuracaoTPCriar" time="102.484" errors="0" timestamp="19 feb. 2021 20:03:33 GMT" skipped="0">
  <testcase classname="com.timp.test.MDR.PrecoDeTransferencia.ModeloDeApuracaoTP.ModeloDeApuracaoTPCriar" name="criar" time="102.484"/>
</testsuite> <!-- com.timp.test.MDR.PrecoDeTransferencia.ModeloDeApuracaoTP.ModeloDeApuracaoTPCriar -->
