<?xml version="1.0" encoding="UTF-8"?>
<!-- Generated by org.testng.reporters.JUnitReportReporter -->
<testsuite hostname="LitoSoler" name="com.timp.test.BRE.RegrasDeNegocio.RegrasdeNegócioExcluirdefinitivamente" tests="3" failures="0" timestamp="6 Jan 2021 10:16:07 GMT" time="318.601" errors="0">
  <testcase name="login" time="10.811" classname="com.timp.test.BRE.RegrasDeNegocio.RegrasdeNegócioExcluirdefinitivamente"/>
  <testcase name="criar" time="287.897" classname="com.timp.test.BRE.RegrasDeNegocio.RegrasdeNegócioExcluirdefinitivamente"/>
  <testcase name="acessarBRE" time="19.893" classname="com.timp.test.BRE.RegrasDeNegocio.RegrasdeNegócioExcluirdefinitivamente"/>
</testsuite> <!-- com.timp.test.BRE.RegrasDeNegocio.RegrasdeNegócioExcluirdefinitivamente -->
