<?xml version="1.0" encoding="UTF-8"?>
<!-- Generated by org.testng.reporters.JUnitReportReporter -->
<testsuite hostname="DESKTOP-35UG9UP" name="com.timp.test.MDR.CEP.Bairro.BairroCriar" tests="3" failures="0" timestamp="1 Sep 2020 15:49:48 GMT" time="123.752" errors="0">
  <testcase name="acessarMDR" time="36.048" classname="com.timp.test.MDR.CEP.Bairro.BairroCriar"/>
  <testcase name="login" time="9.896" classname="com.timp.test.MDR.CEP.Bairro.BairroCriar"/>
  <testcase name="criar" time="77.808" classname="com.timp.test.MDR.CEP.Bairro.BairroCriar"/>
</testsuite> <!-- com.timp.test.MDR.CEP.Bairro.BairroCriar -->
