<?xml version="1.0" encoding="UTF-8"?>
<!-- Generated by org.testng.reporters.JUnitReportReporter -->
<testsuite hostname="LitoSoler" name="com.timp.test.BRB.CriarCopia" tests="3" failures="3" timestamp="21 Sep 2020 20:22:56 GMT" time="0.004" errors="0">
  <testcase name="brbEntrar" time="0.002" classname="com.timp.test.BRB.CriarCopia">
    <failure type="org.openqa.selenium.WebDriverException" message="unknown error: Chrome failed to start: crashed.
  (unknown error: DevToolsActivePort file doesn&#039;t exist)
  (The process started from chrome location C:\Program Files (x86)\Google\Update\Download\{8A69D345-D564-463C-AFF1-A69D9E530F96}\84.0.4147.89\84.0.4147.89_chrome_installer.exe is no longer running, so ChromeDriver is assuming that Chrome has crashed.)
Build info: version: &#039;3.141.59&#039;, revision: &#039;e82be7d358&#039;, time: &#039;2018-11-14T08:17:03&#039;
System info: host: &#039;LITOSOLER&#039;, ip: &#039;192.168.0.2&#039;, os.name: &#039;Windows 10&#039;, os.arch: &#039;amd64&#039;, os.version: &#039;10.0&#039;, java.version: &#039;1.8.0_251&#039;
Driver info: driver.version: ChromeDriver
remote stacktrace: Backtrace:
	Ordinal0 [0x00839563+2725219]
	Ordinal0 [0x00738551+1672529]
	Ordinal0 [0x00620359+525145]
	Ordinal0 [0x005AD90B+55563]
	Ordinal0 [0x005CCC37+183351]
	Ordinal0 [0x005CCA3D+182845]
	Ordinal0 [0x005CA94B+174411]
	Ordinal0 [0x005B2528+75048]
	Ordinal0 [0x005B35A0+79264]
	Ordinal0 [0x005B3539+79161]
	Ordinal0 [0x0074D607+1758727]
	GetHandleVerifier [0x00956546+1050150]
	GetHandleVerifier [0x00956291+1049457]
	GetHandleVerifier [0x009610D7+1094071]
	GetHandleVerifier [0x00956B46+1051686]
	Ordinal0 [0x00745B06+1727238]
	Ordinal0 [0x0074EB7B+1764219]
	Ordinal0 [0x0074ECE3+1764579]
	Ordinal0 [0x00764C05+1854469]
	BaseThreadInitThunk [0x76CA6359+25]
	RtlGetAppContainerNamedObjectPath [0x77247C24+228]
	RtlGetAppContainerNamedObjectPath [0x77247BF4+180]
">
      <![CDATA[org.openqa.selenium.WebDriverException: unknown error: Chrome failed to start: crashed.
  (unknown error: DevToolsActivePort file doesn't exist)
  (The process started from chrome location C:\Program Files (x86)\Google\Update\Download\{8A69D345-D564-463C-AFF1-A69D9E530F96}\84.0.4147.89\84.0.4147.89_chrome_installer.exe is no longer running, so ChromeDriver is assuming that Chrome has crashed.)
Build info: version: '3.141.59', revision: 'e82be7d358', time: '2018-11-14T08:17:03'
System info: host: 'LITOSOLER', ip: '192.168.0.2', os.name: 'Windows 10', os.arch: 'amd64', os.version: '10.0', java.version: '1.8.0_251'
Driver info: driver.version: ChromeDriver
remote stacktrace: Backtrace:
	Ordinal0 [0x00839563+2725219]
	Ordinal0 [0x00738551+1672529]
	Ordinal0 [0x00620359+525145]
	Ordinal0 [0x005AD90B+55563]
	Ordinal0 [0x005CCC37+183351]
	Ordinal0 [0x005CCA3D+182845]
	Ordinal0 [0x005CA94B+174411]
	Ordinal0 [0x005B2528+75048]
	Ordinal0 [0x005B35A0+79264]
	Ordinal0 [0x005B3539+79161]
	Ordinal0 [0x0074D607+1758727]
	GetHandleVerifier [0x00956546+1050150]
	GetHandleVerifier [0x00956291+1049457]
	GetHandleVerifier [0x009610D7+1094071]
	GetHandleVerifier [0x00956B46+1051686]
	Ordinal0 [0x00745B06+1727238]
	Ordinal0 [0x0074EB7B+1764219]
	Ordinal0 [0x0074ECE3+1764579]
	Ordinal0 [0x00764C05+1854469]
	BaseThreadInitThunk [0x76CA6359+25]
	RtlGetAppContainerNamedObjectPath [0x77247C24+228]
	RtlGetAppContainerNamedObjectPath [0x77247BF4+180]

	at sun.reflect.NativeConstructorAccessorImpl.newInstance0(Native Method)
	at sun.reflect.NativeConstructorAccessorImpl.newInstance(Unknown Source)
	at sun.reflect.DelegatingConstructorAccessorImpl.newInstance(Unknown Source)
	at java.lang.reflect.Constructor.newInstance(Unknown Source)
	at org.openqa.selenium.remote.W3CHandshakeResponse.lambda$errorHandler$0(W3CHandshakeResponse.java:62)
	at org.openqa.selenium.remote.HandshakeResponse.lambda$getResponseFunction$0(HandshakeResponse.java:30)
	at org.openqa.selenium.remote.ProtocolHandshake.lambda$createSession$0(ProtocolHandshake.java:126)
	at java.util.stream.ReferencePipeline$3$1.accept(Unknown Source)
	at java.util.Spliterators$ArraySpliterator.tryAdvance(Unknown Source)
	at java.util.stream.ReferencePipeline.forEachWithCancel(Unknown Source)
	at java.util.stream.AbstractPipeline.copyIntoWithCancel(Unknown Source)
	at java.util.stream.AbstractPipeline.copyInto(Unknown Source)
	at java.util.stream.AbstractPipeline.wrapAndCopyInto(Unknown Source)
	at java.util.stream.FindOps$FindOp.evaluateSequential(Unknown Source)
	at java.util.stream.AbstractPipeline.evaluate(Unknown Source)
	at java.util.stream.ReferencePipeline.findFirst(Unknown Source)
	at org.openqa.selenium.remote.ProtocolHandshake.createSession(ProtocolHandshake.java:128)
	at org.openqa.selenium.remote.ProtocolHandshake.createSession(ProtocolHandshake.java:74)
	at org.openqa.selenium.remote.HttpCommandExecutor.execute(HttpCommandExecutor.java:136)
	at org.openqa.selenium.remote.service.DriverCommandExecutor.execute(DriverCommandExecutor.java:83)
	at org.openqa.selenium.remote.RemoteWebDriver.execute(RemoteWebDriver.java:552)
	at org.openqa.selenium.remote.RemoteWebDriver.startSession(RemoteWebDriver.java:213)
	at org.openqa.selenium.remote.RemoteWebDriver.<init>(RemoteWebDriver.java:131)
	at org.openqa.selenium.chrome.ChromeDriver.<init>(ChromeDriver.java:181)
	at org.openqa.selenium.chrome.ChromeDriver.<init>(ChromeDriver.java:168)
	at org.openqa.selenium.chrome.ChromeDriver.<init>(ChromeDriver.java:157)
	at com.sap.timp.base.TestBaseSteven.initialization(TestBaseSteven.java:50)
	at com.timp.test.BRB.CriarCopia.beforeClass(CriarCopia.java:34)
	at sun.reflect.NativeMethodAccessorImpl.invoke0(Native Method)
	at sun.reflect.NativeMethodAccessorImpl.invoke(Unknown Source)
	at sun.reflect.DelegatingMethodAccessorImpl.invoke(Unknown Source)
	at java.lang.reflect.Method.invoke(Unknown Source)
	at org.testng.internal.MethodInvocationHelper.invokeMethod(MethodInvocationHelper.java:80)
	at org.testng.internal.Invoker.invokeConfigurationMethod(Invoker.java:564)
	at org.testng.internal.Invoker.invokeConfigurations(Invoker.java:213)
	at org.testng.internal.Invoker.invokeConfigurations(Invoker.java:138)
	at org.testng.internal.TestMethodWorker.invokeBeforeClassMethods(TestMethodWorker.java:175)
	at org.testng.internal.TestMethodWorker.run(TestMethodWorker.java:107)
	at org.testng.TestRunner.privateRun(TestRunner.java:767)
	at org.testng.TestRunner.run(TestRunner.java:617)
	at org.testng.SuiteRunner.runTest(SuiteRunner.java:334)
	at org.testng.SuiteRunner.runSequentially(SuiteRunner.java:329)
	at org.testng.SuiteRunner.privateRun(SuiteRunner.java:291)
	at org.testng.SuiteRunner.run(SuiteRunner.java:240)
	at org.testng.SuiteRunnerWorker.runSuite(SuiteRunnerWorker.java:52)
	at org.testng.SuiteRunnerWorker.run(SuiteRunnerWorker.java:86)
	at org.testng.TestNG.runSuitesSequentially(TestNG.java:1198)
	at org.testng.TestNG.runSuitesLocally(TestNG.java:1123)
	at org.testng.TestNG.run(TestNG.java:1031)
	at org.testng.remote.AbstractRemoteTestNG.run(AbstractRemoteTestNG.java:115)
	at org.testng.remote.RemoteTestNG.initAndRun(RemoteTestNG.java:251)
	at org.testng.remote.RemoteTestNG.main(RemoteTestNG.java:77)
]]>
    </failure>
  </testcase> <!-- brbEntrar -->
  <testcase name="login" time="0.001" classname="com.timp.test.BRB.CriarCopia">
    <failure type="org.openqa.selenium.WebDriverException" message="unknown error: Chrome failed to start: crashed.
  (unknown error: DevToolsActivePort file doesn&#039;t exist)
  (The process started from chrome location C:\Program Files (x86)\Google\Update\Download\{8A69D345-D564-463C-AFF1-A69D9E530F96}\84.0.4147.89\84.0.4147.89_chrome_installer.exe is no longer running, so ChromeDriver is assuming that Chrome has crashed.)
Build info: version: &#039;3.141.59&#039;, revision: &#039;e82be7d358&#039;, time: &#039;2018-11-14T08:17:03&#039;
System info: host: &#039;LITOSOLER&#039;, ip: &#039;192.168.0.2&#039;, os.name: &#039;Windows 10&#039;, os.arch: &#039;amd64&#039;, os.version: &#039;10.0&#039;, java.version: &#039;1.8.0_251&#039;
Driver info: driver.version: ChromeDriver
remote stacktrace: Backtrace:
	Ordinal0 [0x00839563+2725219]
	Ordinal0 [0x00738551+1672529]
	Ordinal0 [0x00620359+525145]
	Ordinal0 [0x005AD90B+55563]
	Ordinal0 [0x005CCC37+183351]
	Ordinal0 [0x005CCA3D+182845]
	Ordinal0 [0x005CA94B+174411]
	Ordinal0 [0x005B2528+75048]
	Ordinal0 [0x005B35A0+79264]
	Ordinal0 [0x005B3539+79161]
	Ordinal0 [0x0074D607+1758727]
	GetHandleVerifier [0x00956546+1050150]
	GetHandleVerifier [0x00956291+1049457]
	GetHandleVerifier [0x009610D7+1094071]
	GetHandleVerifier [0x00956B46+1051686]
	Ordinal0 [0x00745B06+1727238]
	Ordinal0 [0x0074EB7B+1764219]
	Ordinal0 [0x0074ECE3+1764579]
	Ordinal0 [0x00764C05+1854469]
	BaseThreadInitThunk [0x76CA6359+25]
	RtlGetAppContainerNamedObjectPath [0x77247C24+228]
	RtlGetAppContainerNamedObjectPath [0x77247BF4+180]
">
      <![CDATA[org.openqa.selenium.WebDriverException: unknown error: Chrome failed to start: crashed.
  (unknown error: DevToolsActivePort file doesn't exist)
  (The process started from chrome location C:\Program Files (x86)\Google\Update\Download\{8A69D345-D564-463C-AFF1-A69D9E530F96}\84.0.4147.89\84.0.4147.89_chrome_installer.exe is no longer running, so ChromeDriver is assuming that Chrome has crashed.)
Build info: version: '3.141.59', revision: 'e82be7d358', time: '2018-11-14T08:17:03'
System info: host: 'LITOSOLER', ip: '192.168.0.2', os.name: 'Windows 10', os.arch: 'amd64', os.version: '10.0', java.version: '1.8.0_251'
Driver info: driver.version: ChromeDriver
remote stacktrace: Backtrace:
	Ordinal0 [0x00839563+2725219]
	Ordinal0 [0x00738551+1672529]
	Ordinal0 [0x00620359+525145]
	Ordinal0 [0x005AD90B+55563]
	Ordinal0 [0x005CCC37+183351]
	Ordinal0 [0x005CCA3D+182845]
	Ordinal0 [0x005CA94B+174411]
	Ordinal0 [0x005B2528+75048]
	Ordinal0 [0x005B35A0+79264]
	Ordinal0 [0x005B3539+79161]
	Ordinal0 [0x0074D607+1758727]
	GetHandleVerifier [0x00956546+1050150]
	GetHandleVerifier [0x00956291+1049457]
	GetHandleVerifier [0x009610D7+1094071]
	GetHandleVerifier [0x00956B46+1051686]
	Ordinal0 [0x00745B06+1727238]
	Ordinal0 [0x0074EB7B+1764219]
	Ordinal0 [0x0074ECE3+1764579]
	Ordinal0 [0x00764C05+1854469]
	BaseThreadInitThunk [0x76CA6359+25]
	RtlGetAppContainerNamedObjectPath [0x77247C24+228]
	RtlGetAppContainerNamedObjectPath [0x77247BF4+180]

	at sun.reflect.NativeConstructorAccessorImpl.newInstance0(Native Method)
	at sun.reflect.NativeConstructorAccessorImpl.newInstance(Unknown Source)
	at sun.reflect.DelegatingConstructorAccessorImpl.newInstance(Unknown Source)
	at java.lang.reflect.Constructor.newInstance(Unknown Source)
	at org.openqa.selenium.remote.W3CHandshakeResponse.lambda$errorHandler$0(W3CHandshakeResponse.java:62)
	at org.openqa.selenium.remote.HandshakeResponse.lambda$getResponseFunction$0(HandshakeResponse.java:30)
	at org.openqa.selenium.remote.ProtocolHandshake.lambda$createSession$0(ProtocolHandshake.java:126)
	at java.util.stream.ReferencePipeline$3$1.accept(Unknown Source)
	at java.util.Spliterators$ArraySpliterator.tryAdvance(Unknown Source)
	at java.util.stream.ReferencePipeline.forEachWithCancel(Unknown Source)
	at java.util.stream.AbstractPipeline.copyIntoWithCancel(Unknown Source)
	at java.util.stream.AbstractPipeline.copyInto(Unknown Source)
	at java.util.stream.AbstractPipeline.wrapAndCopyInto(Unknown Source)
	at java.util.stream.FindOps$FindOp.evaluateSequential(Unknown Source)
	at java.util.stream.AbstractPipeline.evaluate(Unknown Source)
	at java.util.stream.ReferencePipeline.findFirst(Unknown Source)
	at org.openqa.selenium.remote.ProtocolHandshake.createSession(ProtocolHandshake.java:128)
	at org.openqa.selenium.remote.ProtocolHandshake.createSession(ProtocolHandshake.java:74)
	at org.openqa.selenium.remote.HttpCommandExecutor.execute(HttpCommandExecutor.java:136)
	at org.openqa.selenium.remote.service.DriverCommandExecutor.execute(DriverCommandExecutor.java:83)
	at org.openqa.selenium.remote.RemoteWebDriver.execute(RemoteWebDriver.java:552)
	at org.openqa.selenium.remote.RemoteWebDriver.startSession(RemoteWebDriver.java:213)
	at org.openqa.selenium.remote.RemoteWebDriver.<init>(RemoteWebDriver.java:131)
	at org.openqa.selenium.chrome.ChromeDriver.<init>(ChromeDriver.java:181)
	at org.openqa.selenium.chrome.ChromeDriver.<init>(ChromeDriver.java:168)
	at org.openqa.selenium.chrome.ChromeDriver.<init>(ChromeDriver.java:157)
	at com.sap.timp.base.TestBaseSteven.initialization(TestBaseSteven.java:50)
	at com.timp.test.BRB.CriarCopia.beforeClass(CriarCopia.java:34)
	at sun.reflect.NativeMethodAccessorImpl.invoke0(Native Method)
	at sun.reflect.NativeMethodAccessorImpl.invoke(Unknown Source)
	at sun.reflect.DelegatingMethodAccessorImpl.invoke(Unknown Source)
	at java.lang.reflect.Method.invoke(Unknown Source)
	at org.testng.internal.MethodInvocationHelper.invokeMethod(MethodInvocationHelper.java:80)
	at org.testng.internal.Invoker.invokeConfigurationMethod(Invoker.java:564)
	at org.testng.internal.Invoker.invokeConfigurations(Invoker.java:213)
	at org.testng.internal.Invoker.invokeConfigurations(Invoker.java:138)
	at org.testng.internal.TestMethodWorker.invokeBeforeClassMethods(TestMethodWorker.java:175)
	at org.testng.internal.TestMethodWorker.run(TestMethodWorker.java:107)
	at org.testng.TestRunner.privateRun(TestRunner.java:767)
	at org.testng.TestRunner.run(TestRunner.java:617)
	at org.testng.SuiteRunner.runTest(SuiteRunner.java:334)
	at org.testng.SuiteRunner.runSequentially(SuiteRunner.java:329)
	at org.testng.SuiteRunner.privateRun(SuiteRunner.java:291)
	at org.testng.SuiteRunner.run(SuiteRunner.java:240)
	at org.testng.SuiteRunnerWorker.runSuite(SuiteRunnerWorker.java:52)
	at org.testng.SuiteRunnerWorker.run(SuiteRunnerWorker.java:86)
	at org.testng.TestNG.runSuitesSequentially(TestNG.java:1198)
	at org.testng.TestNG.runSuitesLocally(TestNG.java:1123)
	at org.testng.TestNG.run(TestNG.java:1031)
	at org.testng.remote.AbstractRemoteTestNG.run(AbstractRemoteTestNG.java:115)
	at org.testng.remote.RemoteTestNG.initAndRun(RemoteTestNG.java:251)
	at org.testng.remote.RemoteTestNG.main(RemoteTestNG.java:77)
]]>
    </failure>
  </testcase> <!-- login -->
  <testcase name="criarCopia" time="0.001" classname="com.timp.test.BRB.CriarCopia">
    <failure type="org.openqa.selenium.WebDriverException" message="unknown error: Chrome failed to start: crashed.
  (unknown error: DevToolsActivePort file doesn&#039;t exist)
  (The process started from chrome location C:\Program Files (x86)\Google\Update\Download\{8A69D345-D564-463C-AFF1-A69D9E530F96}\84.0.4147.89\84.0.4147.89_chrome_installer.exe is no longer running, so ChromeDriver is assuming that Chrome has crashed.)
Build info: version: &#039;3.141.59&#039;, revision: &#039;e82be7d358&#039;, time: &#039;2018-11-14T08:17:03&#039;
System info: host: &#039;LITOSOLER&#039;, ip: &#039;192.168.0.2&#039;, os.name: &#039;Windows 10&#039;, os.arch: &#039;amd64&#039;, os.version: &#039;10.0&#039;, java.version: &#039;1.8.0_251&#039;
Driver info: driver.version: ChromeDriver
remote stacktrace: Backtrace:
	Ordinal0 [0x00839563+2725219]
	Ordinal0 [0x00738551+1672529]
	Ordinal0 [0x00620359+525145]
	Ordinal0 [0x005AD90B+55563]
	Ordinal0 [0x005CCC37+183351]
	Ordinal0 [0x005CCA3D+182845]
	Ordinal0 [0x005CA94B+174411]
	Ordinal0 [0x005B2528+75048]
	Ordinal0 [0x005B35A0+79264]
	Ordinal0 [0x005B3539+79161]
	Ordinal0 [0x0074D607+1758727]
	GetHandleVerifier [0x00956546+1050150]
	GetHandleVerifier [0x00956291+1049457]
	GetHandleVerifier [0x009610D7+1094071]
	GetHandleVerifier [0x00956B46+1051686]
	Ordinal0 [0x00745B06+1727238]
	Ordinal0 [0x0074EB7B+1764219]
	Ordinal0 [0x0074ECE3+1764579]
	Ordinal0 [0x00764C05+1854469]
	BaseThreadInitThunk [0x76CA6359+25]
	RtlGetAppContainerNamedObjectPath [0x77247C24+228]
	RtlGetAppContainerNamedObjectPath [0x77247BF4+180]
">
      <![CDATA[org.openqa.selenium.WebDriverException: unknown error: Chrome failed to start: crashed.
  (unknown error: DevToolsActivePort file doesn't exist)
  (The process started from chrome location C:\Program Files (x86)\Google\Update\Download\{8A69D345-D564-463C-AFF1-A69D9E530F96}\84.0.4147.89\84.0.4147.89_chrome_installer.exe is no longer running, so ChromeDriver is assuming that Chrome has crashed.)
Build info: version: '3.141.59', revision: 'e82be7d358', time: '2018-11-14T08:17:03'
System info: host: 'LITOSOLER', ip: '192.168.0.2', os.name: 'Windows 10', os.arch: 'amd64', os.version: '10.0', java.version: '1.8.0_251'
Driver info: driver.version: ChromeDriver
remote stacktrace: Backtrace:
	Ordinal0 [0x00839563+2725219]
	Ordinal0 [0x00738551+1672529]
	Ordinal0 [0x00620359+525145]
	Ordinal0 [0x005AD90B+55563]
	Ordinal0 [0x005CCC37+183351]
	Ordinal0 [0x005CCA3D+182845]
	Ordinal0 [0x005CA94B+174411]
	Ordinal0 [0x005B2528+75048]
	Ordinal0 [0x005B35A0+79264]
	Ordinal0 [0x005B3539+79161]
	Ordinal0 [0x0074D607+1758727]
	GetHandleVerifier [0x00956546+1050150]
	GetHandleVerifier [0x00956291+1049457]
	GetHandleVerifier [0x009610D7+1094071]
	GetHandleVerifier [0x00956B46+1051686]
	Ordinal0 [0x00745B06+1727238]
	Ordinal0 [0x0074EB7B+1764219]
	Ordinal0 [0x0074ECE3+1764579]
	Ordinal0 [0x00764C05+1854469]
	BaseThreadInitThunk [0x76CA6359+25]
	RtlGetAppContainerNamedObjectPath [0x77247C24+228]
	RtlGetAppContainerNamedObjectPath [0x77247BF4+180]

	at sun.reflect.NativeConstructorAccessorImpl.newInstance0(Native Method)
	at sun.reflect.NativeConstructorAccessorImpl.newInstance(Unknown Source)
	at sun.reflect.DelegatingConstructorAccessorImpl.newInstance(Unknown Source)
	at java.lang.reflect.Constructor.newInstance(Unknown Source)
	at org.openqa.selenium.remote.W3CHandshakeResponse.lambda$errorHandler$0(W3CHandshakeResponse.java:62)
	at org.openqa.selenium.remote.HandshakeResponse.lambda$getResponseFunction$0(HandshakeResponse.java:30)
	at org.openqa.selenium.remote.ProtocolHandshake.lambda$createSession$0(ProtocolHandshake.java:126)
	at java.util.stream.ReferencePipeline$3$1.accept(Unknown Source)
	at java.util.Spliterators$ArraySpliterator.tryAdvance(Unknown Source)
	at java.util.stream.ReferencePipeline.forEachWithCancel(Unknown Source)
	at java.util.stream.AbstractPipeline.copyIntoWithCancel(Unknown Source)
	at java.util.stream.AbstractPipeline.copyInto(Unknown Source)
	at java.util.stream.AbstractPipeline.wrapAndCopyInto(Unknown Source)
	at java.util.stream.FindOps$FindOp.evaluateSequential(Unknown Source)
	at java.util.stream.AbstractPipeline.evaluate(Unknown Source)
	at java.util.stream.ReferencePipeline.findFirst(Unknown Source)
	at org.openqa.selenium.remote.ProtocolHandshake.createSession(ProtocolHandshake.java:128)
	at org.openqa.selenium.remote.ProtocolHandshake.createSession(ProtocolHandshake.java:74)
	at org.openqa.selenium.remote.HttpCommandExecutor.execute(HttpCommandExecutor.java:136)
	at org.openqa.selenium.remote.service.DriverCommandExecutor.execute(DriverCommandExecutor.java:83)
	at org.openqa.selenium.remote.RemoteWebDriver.execute(RemoteWebDriver.java:552)
	at org.openqa.selenium.remote.RemoteWebDriver.startSession(RemoteWebDriver.java:213)
	at org.openqa.selenium.remote.RemoteWebDriver.<init>(RemoteWebDriver.java:131)
	at org.openqa.selenium.chrome.ChromeDriver.<init>(ChromeDriver.java:181)
	at org.openqa.selenium.chrome.ChromeDriver.<init>(ChromeDriver.java:168)
	at org.openqa.selenium.chrome.ChromeDriver.<init>(ChromeDriver.java:157)
	at com.sap.timp.base.TestBaseSteven.initialization(TestBaseSteven.java:50)
	at com.timp.test.BRB.CriarCopia.beforeClass(CriarCopia.java:34)
	at sun.reflect.NativeMethodAccessorImpl.invoke0(Native Method)
	at sun.reflect.NativeMethodAccessorImpl.invoke(Unknown Source)
	at sun.reflect.DelegatingMethodAccessorImpl.invoke(Unknown Source)
	at java.lang.reflect.Method.invoke(Unknown Source)
	at org.testng.internal.MethodInvocationHelper.invokeMethod(MethodInvocationHelper.java:80)
	at org.testng.internal.Invoker.invokeConfigurationMethod(Invoker.java:564)
	at org.testng.internal.Invoker.invokeConfigurations(Invoker.java:213)
	at org.testng.internal.Invoker.invokeConfigurations(Invoker.java:138)
	at org.testng.internal.TestMethodWorker.invokeBeforeClassMethods(TestMethodWorker.java:175)
	at org.testng.internal.TestMethodWorker.run(TestMethodWorker.java:107)
	at org.testng.TestRunner.privateRun(TestRunner.java:767)
	at org.testng.TestRunner.run(TestRunner.java:617)
	at org.testng.SuiteRunner.runTest(SuiteRunner.java:334)
	at org.testng.SuiteRunner.runSequentially(SuiteRunner.java:329)
	at org.testng.SuiteRunner.privateRun(SuiteRunner.java:291)
	at org.testng.SuiteRunner.run(SuiteRunner.java:240)
	at org.testng.SuiteRunnerWorker.runSuite(SuiteRunnerWorker.java:52)
	at org.testng.SuiteRunnerWorker.run(SuiteRunnerWorker.java:86)
	at org.testng.TestNG.runSuitesSequentially(TestNG.java:1198)
	at org.testng.TestNG.runSuitesLocally(TestNG.java:1123)
	at org.testng.TestNG.run(TestNG.java:1031)
	at org.testng.remote.AbstractRemoteTestNG.run(AbstractRemoteTestNG.java:115)
	at org.testng.remote.RemoteTestNG.initAndRun(RemoteTestNG.java:251)
	at org.testng.remote.RemoteTestNG.main(RemoteTestNG.java:77)
]]>
    </failure>
  </testcase> <!-- criarCopia -->
</testsuite> <!-- com.timp.test.BRB.CriarCopia -->
