<?xml version="1.0" encoding="UTF-8"?>
<!-- Generated by org.testng.reporters.JUnitReportReporter -->
<testsuite hostname="MassielV" failures="0" tests="1" name="com.timp.test.MDR.RegistroECAC.RegistroECACExcluir" time="99.497" errors="0" timestamp="30 sep. 2021 17:35:01 GMT" skipped="0">
  <testcase classname="com.timp.test.MDR.RegistroECAC.RegistroECACExcluir" name="excluir" time="99.497"/>
</testsuite> <!-- com.timp.test.MDR.RegistroECAC.RegistroECACExcluir -->
