<?xml version="1.0" encoding="UTF-8"?>
<!-- Generated by org.testng.reporters.JUnitReportReporter -->
<testsuite hostname="LitoSoler" name="com.timp.test.MDR.CEP.Logradouro.LogradouroFiltros" tests="3" failures="0" timestamp="24 Sep 2020 14:42:05 GMT" time="38.088" errors="0">
  <testcase name="login" time="6.992" classname="com.timp.test.MDR.CEP.Logradouro.LogradouroFiltros"/>
  <testcase name="acessarMDR" time="24.186" classname="com.timp.test.MDR.CEP.Logradouro.LogradouroFiltros"/>
  <testcase name="logradouroFiltros" time="6.910" classname="com.timp.test.MDR.CEP.Logradouro.LogradouroFiltros"/>
</testsuite> <!-- com.timp.test.MDR.CEP.Logradouro.LogradouroFiltros -->
