<?xml version="1.0" encoding="UTF-8"?>
<!-- Generated by org.testng.reporters.JUnitReportReporter -->
<testsuite hostname="DESKTOP-JP1A9E6" failures="0" tests="3" name="com.timp.test.TFP.Configurações.Bloqueios.SubPeriodo.BloqueioSubPeriodoEditar" time="384.138" errors="0" timestamp="23 sep. 2021 22:56:25 GMT" skipped="0">
  <testcase classname="com.timp.test.TFP.Configurações.Bloqueios.SubPeriodo.BloqueioSubPeriodoEditar" name="login" time="10.334"/>
  <testcase classname="com.timp.test.TFP.Configurações.Bloqueios.SubPeriodo.BloqueioSubPeriodoEditar" name="TFPEntrar" time="30.751"/>
  <testcase classname="com.timp.test.TFP.Configurações.Bloqueios.SubPeriodo.BloqueioSubPeriodoEditar" name="editar" time="343.053"/>
</testsuite> <!-- com.timp.test.TFP.Configurações.Bloqueios.SubPeriodo.BloqueioSubPeriodoEditar -->
