<?xml version="1.0" encoding="UTF-8"?>
<!-- Generated by org.testng.reporters.JUnitReportReporter -->
<testsuite hostname="EC2AMAZ-8HCHO4G" failures="0" tests="1" name="com.timp.test.BRB.OutputdeReferencia" time="191.630" errors="0" timestamp="2023-04-14T19:26:00 UTC" skipped="0">
  <testcase classname="com.timp.test.BRB.OutputdeReferencia" name="outputReferencia" time="191.630"/>
  <system-out/>
</testsuite> <!-- com.timp.test.BRB.OutputdeReferencia -->
