<?xml version="1.0" encoding="UTF-8"?>
<!-- Generated by org.testng.reporters.JUnitReportReporter -->
<testsuite hostname="CRISTHIAN-VASQUEZ" failures="0" tests="3" name="com.timp.test.BRB.AtribuiçãodeRegra" time="232.691" errors="0" timestamp="26 Jan 2021 17:54:17 GMT">
  <testcase classname="com.timp.test.BRB.AtribuiçãodeRegra" name="brbEntrar" time="20.702"/>
  <testcase classname="com.timp.test.BRB.AtribuiçãodeRegra" name="login" time="7.051"/>
  <testcase classname="com.timp.test.BRB.AtribuiçãodeRegra" name="editar" time="204.938"/>
</testsuite> <!-- com.timp.test.BRB.AtribuiçãodeRegra -->
