<?xml version="1.0" encoding="UTF-8"?>
<!-- Generated by org.testng.reporters.JUnitReportReporter -->
<testsuite hostname="CRISTHIAN-VASQUEZ" failures="0" tests="4" name="com.timp.test.MDR.TabelasApoioESocial.Tabela25.TiposDeBenefíciosCriarExcluirMassa" time="122.187" errors="0" timestamp="29 Oct 2020 01:08:24 GMT">
  <testcase classname="com.timp.test.MDR.TabelasApoioESocial.Tabela25.TiposDeBenefíciosCriarExcluirMassa" name="criar" time="71.122"/>
  <testcase classname="com.timp.test.MDR.TabelasApoioESocial.Tabela25.TiposDeBenefíciosCriarExcluirMassa" name="login" time="7.102"/>
  <testcase classname="com.timp.test.MDR.TabelasApoioESocial.Tabela25.TiposDeBenefíciosCriarExcluirMassa" name="acessarMDR" time="16.072"/>
  <testcase classname="com.timp.test.MDR.TabelasApoioESocial.Tabela25.TiposDeBenefíciosCriarExcluirMassa" name="excluirMassa" time="27.891"/>
</testsuite> <!-- com.timp.test.MDR.TabelasApoioESocial.Tabela25.TiposDeBenefíciosCriarExcluirMassa -->
