<?xml version="1.0" encoding="UTF-8"?>
<!-- Generated by org.testng.reporters.JUnitReportReporter -->
<testsuite hostname="LitoSoler" name="com.timp.test.BRB.FiltrosAvançados" tests="3" failures="0" timestamp="21 Jul 2020 00:34:53 GMT" time="27.685" errors="0">
  <testcase name="brbEntrar" time="13.366" classname="com.timp.test.BRB.FiltrosAvançados"/>
  <testcase name="filtrosAvanzados" time="6.688" classname="com.timp.test.BRB.FiltrosAvançados"/>
  <testcase name="login" time="7.631" classname="com.timp.test.BRB.FiltrosAvançados"/>
</testsuite> <!-- com.timp.test.BRB.FiltrosAvançados -->
