<?xml version="1.0" encoding="UTF-8"?>
<!-- Generated by org.testng.reporters.JUnitReportReporter -->
<testsuite hostname="DESKTOP-M23FVFN" failures="0" tests="1" name="com.timp.test.BRB.RenomearColuna" time="124.664" errors="0" timestamp="21 dic. 2021 16:11:41 GMT" skipped="0">
  <testcase classname="com.timp.test.BRB.RenomearColuna" name="renomearColuna" time="124.664"/>
</testsuite> <!-- com.timp.test.BRB.RenomearColuna -->
