<?xml version="1.0" encoding="UTF-8"?>
<!-- Generated by org.testng.reporters.JUnitReportReporter -->
<testsuite hostname="MassielV" failures="0" tests="1" name="com.timp.test.MDR.Centralizacao.Saldos.SaldosCriar" time="1287.694" errors="0" timestamp="15 oct. 2021 12:09:09 GMT" skipped="0">
  <testcase classname="com.timp.test.MDR.Centralizacao.Saldos.SaldosCriar" name="CriarSaldo" time="1287.694"/>
</testsuite> <!-- com.timp.test.MDR.Centralizacao.Saldos.SaldosCriar -->
