<?xml version="1.0" encoding="UTF-8"?>
<!-- Generated by org.testng.reporters.JUnitReportReporter -->
<testsuite hostname="DESKTOP-JP1A9E6" failures="0" tests="2" name="com.timp.test.BRB.ExcluirColuna" time="360.851" errors="0" timestamp="24 jul. 2021 05:00:28 GMT" skipped="0">
  <testcase classname="com.timp.test.BRB.ExcluirColuna" name="excluirColunaOpcao" time="67.463"/>
  <testcase classname="com.timp.test.BRB.ExcluirColuna" name="excluirColunaDragNDrop" time="293.388"/>
</testsuite> <!-- com.timp.test.BRB.ExcluirColuna -->
