<?xml version="1.0" encoding="UTF-8"?>
<!-- Generated by org.testng.reporters.JUnitReportReporter -->
<testsuite hostname="DESKTOP-5P4F1JE" failures="0" tests="3" name="com.timp.test.BRE.RegrasDeEscrituração.RegrasDeEscrituracaoLixeiraEmMassaMaisExcluirEmMassa" time="193.721" errors="0" timestamp="24 Dec 2020 14:52:18 GMT">
  <testcase classname="com.timp.test.BRE.RegrasDeEscrituração.RegrasDeEscrituracaoLixeiraEmMassaMaisExcluirEmMassa" name="criar" time="170.852"/>
  <testcase classname="com.timp.test.BRE.RegrasDeEscrituração.RegrasDeEscrituracaoLixeiraEmMassaMaisExcluirEmMassa" name="acessarBRE" time="14.021"/>
  <testcase classname="com.timp.test.BRE.RegrasDeEscrituração.RegrasDeEscrituracaoLixeiraEmMassaMaisExcluirEmMassa" name="login" time="8.848"/>
</testsuite> <!-- com.timp.test.BRE.RegrasDeEscrituração.RegrasDeEscrituracaoLixeiraEmMassaMaisExcluirEmMassa -->
