<?xml version="1.0" encoding="UTF-8"?>
<!-- Generated by org.testng.reporters.JUnitReportReporter -->
<testsuite hostname="DESKTOP-C57COV6" failures="0" tests="1" name="com.timp.test.MDR.CEP.Bairro.BairroEditar" time="287.904" errors="0" timestamp="18 nov. 2021 02:12:52 GMT" skipped="0">
  <testcase classname="com.timp.test.MDR.CEP.Bairro.BairroEditar" name="editar" time="287.904"/>
</testsuite> <!-- com.timp.test.MDR.CEP.Bairro.BairroEditar -->
