<?xml version="1.0" encoding="UTF-8"?>
<!-- Generated by org.testng.reporters.JUnitReportReporter -->
<testsuite hostname="DESKTOP-BNBDMGT" failures="0" tests="3" name="com.timp.test.MDR.LimiteCompetencia.LimiteCompetenciaFiltrosAvansados" time="105.081" errors="0" timestamp="22 Jan 2021 17:26:10 GMT">
  <testcase classname="com.timp.test.MDR.LimiteCompetencia.LimiteCompetenciaFiltrosAvansados" name="ingresarMDR" time="22.725"/>
  <testcase classname="com.timp.test.MDR.LimiteCompetencia.LimiteCompetenciaFiltrosAvansados" name="ingresar" time="11.057"/>
  <testcase classname="com.timp.test.MDR.LimiteCompetencia.LimiteCompetenciaFiltrosAvansados" name="Filtro" time="71.299"/>
</testsuite> <!-- com.timp.test.MDR.LimiteCompetencia.LimiteCompetenciaFiltrosAvansados -->
