<?xml version="1.0" encoding="UTF-8"?>
<!-- Generated by org.testng.reporters.JUnitReportReporter -->
<testsuite hostname="DESKTOP-M23FVFN" failures="0" tests="1" name="com.timp.test.MDR.Filiais.FiliaisDetalle" time="180.956" errors="0" timestamp="2023-02-02T20:16:15 BRT" skipped="0">
  <testcase classname="com.timp.test.MDR.Filiais.FiliaisDetalle" name="detalle" time="180.956"/>
  <system-out/>
</testsuite> <!-- com.timp.test.MDR.Filiais.FiliaisDetalle -->
