<?xml version="1.0" encoding="UTF-8"?>
<!-- Generated by org.testng.reporters.JUnitReportReporter -->
<<<<<<< HEAD
<testsuite hostname="Agile" failures="0" tests="1" name="com.timp.test.MDR.TabelasComplementaresParaObrigaçoesAcessorias.TabelaDeOutrosCreditos.TabelaDeOutrosCreditosCriar" time="105.970" errors="0" timestamp="06 ene. 2022 08:35:46 GMT" skipped="0">
  <testcase classname="com.timp.test.MDR.TabelasComplementaresParaObrigaçoesAcessorias.TabelaDeOutrosCreditos.TabelaDeOutrosCreditosCriar" name="criar" time="105.970"/>
=======
<testsuite hostname="DESKTOP-M23FVFN" failures="0" tests="1" name="com.timp.test.MDR.TabelasComplementaresParaObrigaçoesAcessorias.TabelaDeOutrosCreditos.TabelaDeOutrosCreditosCriar" time="142.957" errors="0" timestamp="06 ene. 2022 16:11:46 GMT" skipped="0">
  <testcase classname="com.timp.test.MDR.TabelasComplementaresParaObrigaçoesAcessorias.TabelaDeOutrosCreditos.TabelaDeOutrosCreditosCriar" name="criar" time="142.957"/>
>>>>>>> branch 'Yessy' of https://github.com/salc1997/TIMP_R1
</testsuite> <!-- com.timp.test.MDR.TabelasComplementaresParaObrigaçoesAcessorias.TabelaDeOutrosCreditos.TabelaDeOutrosCreditosCriar -->
