<?xml version="1.0" encoding="UTF-8"?>
<!-- Generated by org.testng.reporters.JUnitReportReporter -->
<testsuite hostname="CRISTHIAN-VASQUEZ" failures="0" tests="3" name="com.timp.test.SCANC.RelatoriosRefineriaGerados.RRGConfiguracaoDeAjustePresquisaPorIDOuCodigoDeAjuste" time="121.356" errors="0" timestamp="11 mar. 2021 13:34:14 GMT" skipped="0">
  <testcase classname="com.timp.test.SCANC.RelatoriosRefineriaGerados.RRGConfiguracaoDeAjustePresquisaPorIDOuCodigoDeAjuste" name="ingresar" time="12.927"/>
  <testcase classname="com.timp.test.SCANC.RelatoriosRefineriaGerados.RRGConfiguracaoDeAjustePresquisaPorIDOuCodigoDeAjuste" name="scancEntrar" time="32.804"/>
  <testcase classname="com.timp.test.SCANC.RelatoriosRefineriaGerados.RRGConfiguracaoDeAjustePresquisaPorIDOuCodigoDeAjuste" name="pesquisar" time="75.625"/>
</testsuite> <!-- com.timp.test.SCANC.RelatoriosRefineriaGerados.RRGConfiguracaoDeAjustePresquisaPorIDOuCodigoDeAjuste -->
