<?xml version="1.0" encoding="UTF-8"?>
<!-- Generated by org.testng.reporters.JUnitReportReporter -->
<testsuite hostname="DESKTOP-BNBDMGT" failures="0" tests="1" name="com.timp.test.MDR.DetalheTipoTributo.DetalheDetalhes" time="67.684" errors="0" timestamp="19 mar. 2021 21:35:57 GMT" skipped="0">
  <testcase classname="com.timp.test.MDR.DetalheTipoTributo.DetalheDetalhes" name="detalhes" time="67.684"/>
</testsuite> <!-- com.timp.test.MDR.DetalheTipoTributo.DetalheDetalhes -->
