<?xml version="1.0" encoding="UTF-8"?>
<!-- Generated by org.testng.reporters.JUnitReportReporter -->
<testsuite hostname="DESKTOP-BNBDMGT" failures="0" tests="3" name="com.timp.test.BRE.CalculoDeTributos.CálculodeTributosValoresCalculados" time="238.863" errors="0" timestamp="6 Jan 2021 09:47:57 GMT">
  <testcase classname="com.timp.test.BRE.CalculoDeTributos.CálculodeTributosValoresCalculados" name="editar" time="209.954"/>
  <testcase classname="com.timp.test.BRE.CalculoDeTributos.CálculodeTributosValoresCalculados" name="login" time="9.245"/>
  <testcase classname="com.timp.test.BRE.CalculoDeTributos.CálculodeTributosValoresCalculados" name="acessarBRE" time="19.664"/>
</testsuite> <!-- com.timp.test.BRE.CalculoDeTributos.CálculodeTributosValoresCalculados -->
