<?xml version="1.0" encoding="UTF-8"?>
<!-- Generated by org.testng.reporters.JUnitReportReporter -->
<testsuite hostname="Agile" failures="0" tests="2" name="com.timp.test.MDR.Siscoserv.NBS.NBSExcluirMassa" time="220.552" errors="0" timestamp="21 ene. 2022 09:00:18 GMT" skipped="0">
  <testcase classname="com.timp.test.MDR.Siscoserv.NBS.NBSExcluirMassa" name="criar" time="171.844"/>
  <testcase classname="com.timp.test.MDR.Siscoserv.NBS.NBSExcluirMassa" name="excluirMassa" time="48.708"/>
</testsuite> <!-- com.timp.test.MDR.Siscoserv.NBS.NBSExcluirMassa -->
