<?xml version="1.0" encoding="UTF-8"?>
<!-- Generated by org.testng.reporters.JUnitReportReporter -->
<testsuite hostname="EC2AMAZ-8HCHO4G" failures="0" tests="2" name="com.timp.test.BRB.ExcluirRelatorio" time="164.946" errors="0" timestamp="2024-09-18T23:53:20 UTC" skipped="0">
  <testcase classname="com.timp.test.BRB.ExcluirRelatorio" name="eliminar" time="104.495"/>
  <system-out/>
  <testcase classname="com.timp.test.BRB.ExcluirRelatorio" name="eliminarLixeira" time="60.451"/>
  <system-out/>
</testsuite> <!-- com.timp.test.BRB.ExcluirRelatorio -->
