<?xml version="1.0" encoding="UTF-8"?>
<!-- Generated by org.testng.reporters.JUnitReportReporter -->
<testsuite hostname="DESKTOP-BNBDMGT" failures="0" tests="3" name="com.timp.test.MDR.TabelasApoioSped.CodigoTipoCredito.CodigoTipoCreditoExcluir" time="121.360" errors="0" timestamp="2 Dec 2020 06:45:12 GMT">
  <testcase classname="com.timp.test.MDR.TabelasApoioSped.CodigoTipoCredito.CodigoTipoCreditoExcluir" name="login" time="12.251"/>
  <testcase classname="com.timp.test.MDR.TabelasApoioSped.CodigoTipoCredito.CodigoTipoCreditoExcluir" name="excluir" time="36.872"/>
  <testcase classname="com.timp.test.MDR.TabelasApoioSped.CodigoTipoCredito.CodigoTipoCreditoExcluir" name="acessarMDR" time="72.237"/>
</testsuite> <!-- com.timp.test.MDR.TabelasApoioSped.CodigoTipoCredito.CodigoTipoCreditoExcluir -->
