<?xml version="1.0" encoding="UTF-8"?>
<!-- Generated by org.testng.reporters.JUnitReportReporter -->
<testsuite hostname="DESKTOP-JP1A9E6" failures="0" tests="1" name="com.timp.test.MDR.ValorAdicionado.Confrontacao.ConfrontacaoExcluir" time="165.921" errors="0" timestamp="23 sep. 2021 07:43:47 GMT" skipped="0">
  <testcase classname="com.timp.test.MDR.ValorAdicionado.Confrontacao.ConfrontacaoExcluir" name="Excluir" time="165.921"/>
</testsuite> <!-- com.timp.test.MDR.ValorAdicionado.Confrontacao.ConfrontacaoExcluir -->
