<?xml version="1.0" encoding="UTF-8"?>
<!-- Generated by org.testng.reporters.JUnitReportReporter -->
<testsuite hostname="EC2AMAZ-8HCHO4G" failures="0" tests="1" name="com.timp.test.DFG.Configuracoes.ConfiguracoesCriar" time="353.848" errors="0" timestamp="2024-09-17T22:12:03 UTC" skipped="0">
  <testcase classname="com.timp.test.DFG.Configuracoes.ConfiguracoesCriar" name="criar" time="353.848"/>
  <system-out/>
</testsuite> <!-- com.timp.test.DFG.Configuracoes.ConfiguracoesCriar -->
