<?xml version="1.0" encoding="UTF-8"?>
<!-- Generated by org.testng.reporters.JUnitReportReporter -->
<<<<<<< HEAD
<testsuite hostname="Agile" failures="0" tests="1" name="com.timp.test.ADM.Configuração.ConfiguracaoDeTributos.ConfiguracaoDeTributoGrupo.ConfiguracaoDeTributoGrupoEditar" time="90.382" errors="0" timestamp="19 dic. 2021 05:27:36 GMT" skipped="0">
  <testcase classname="com.timp.test.ADM.Configuração.ConfiguracaoDeTributos.ConfiguracaoDeTributoGrupo.ConfiguracaoDeTributoGrupoEditar" name="editar" time="90.382"/>
=======
<testsuite hostname="DESKTOP-M23FVFN" failures="0" tests="1" name="com.timp.test.ADM.Configuração.ConfiguracaoDeTributos.ConfiguracaoDeTributoGrupo.ConfiguracaoDeTributoGrupoEditar" time="149.920" errors="0" timestamp="15 dic. 2021 01:28:39 GMT" skipped="0">
  <testcase classname="com.timp.test.ADM.Configuração.ConfiguracaoDeTributos.ConfiguracaoDeTributoGrupo.ConfiguracaoDeTributoGrupoEditar" name="editar" time="149.920"/>
>>>>>>> branch 'Yessy' of https://github.com/salc1997/TIMP_R1
</testsuite> <!-- com.timp.test.ADM.Configuração.ConfiguracaoDeTributos.ConfiguracaoDeTributoGrupo.ConfiguracaoDeTributoGrupoEditar -->
