<?xml version="1.0" encoding="UTF-8"?>
<!-- Generated by org.testng.reporters.JUnitReportReporter -->
<testsuite hostname="LitoSoler" name="com.timp.test.MDR.DetalheTipoTributo.DetalheCriar" tests="3" failures="0" timestamp="7 Aug 2020 21:02:04 GMT" time="78.702" errors="0">
  <testcase name="acessarMDR" time="7.716" classname="com.timp.test.MDR.DetalheTipoTributo.DetalheCriar"/>
  <testcase name="login" time="5.558" classname="com.timp.test.MDR.DetalheTipoTributo.DetalheCriar"/>
  <testcase name="criar" time="65.428" classname="com.timp.test.MDR.DetalheTipoTributo.DetalheCriar"/>
</testsuite> <!-- com.timp.test.MDR.DetalheTipoTributo.DetalheCriar -->
