<?xml version="1.0" encoding="UTF-8"?>
<!-- Generated by org.testng.reporters.JUnitReportReporter -->
<testsuite hostname="LitoSoler" name="com.timp.test.ADM.LoginTest" tests="1" failures="0" timestamp="31 Jul 2020 23:00:47 GMT" time="16.621" errors="0">
  <testcase name="Login" time="16.621" classname="com.timp.test.ADM.LoginTest"/>
</testsuite> <!-- com.timp.test.ADM.LoginTest -->
