<?xml version="1.0" encoding="UTF-8"?>
<!-- Generated by org.testng.reporters.JUnitReportReporter -->
<testsuite hostname="LitoSoler" name="com.timp.test.BRB.CrescenteEDecrescente" tests="3" failures="0" timestamp="30 Sep 2020 20:02:24 GMT" time="132.982" errors="0">
  <testcase name="crescenteEDecrescente" time="101.017" classname="com.timp.test.BRB.CrescenteEDecrescente"/>
  <testcase name="login" time="8.706" classname="com.timp.test.BRB.CrescenteEDecrescente"/>
  <testcase name="brbEntrar" time="23.259" classname="com.timp.test.BRB.CrescenteEDecrescente"/>
</testsuite> <!-- com.timp.test.BRB.CrescenteEDecrescente -->
