<?xml version="1.0" encoding="UTF-8"?>
<!-- Generated by org.testng.reporters.JUnitReportReporter -->
<testsuite hostname="LAPTOP-IN7IV9K5" failures="0" tests="3" name="com.timp.test.TCM.Configuracao.ModeloDeDados.ConfiguracaoModeloDeDadosCriar" time="79.544" errors="0" timestamp="16 Feb 2021 03:05:42 GMT">
  <testcase classname="com.timp.test.TCM.Configuracao.ModeloDeDados.ConfiguracaoModeloDeDadosCriar" name="login" time="9.083"/>
  <testcase classname="com.timp.test.TCM.Configuracao.ModeloDeDados.ConfiguracaoModeloDeDadosCriar" name="acessarTCM" time="13.875"/>
  <testcase classname="com.timp.test.TCM.Configuracao.ModeloDeDados.ConfiguracaoModeloDeDadosCriar" name="criar" time="56.586"/>
</testsuite> <!-- com.timp.test.TCM.Configuracao.ModeloDeDados.ConfiguracaoModeloDeDadosCriar -->
