<?xml version="1.0" encoding="UTF-8"?>
<!-- Generated by org.testng.reporters.JUnitReportReporter -->
<testsuite hostname="DESKTOP-M23FVFN" failures="0" tests="1" name="com.timp.test.TAA.AtribuiçõesdeRegras.RegrasdeAbas.RegradeAbasVer" time="224.427" errors="0" timestamp="2022-06-20T18:58:38 CST" skipped="0">
  <testcase classname="com.timp.test.TAA.AtribuiçõesdeRegras.RegrasdeAbas.RegradeAbasVer" name="ver" time="224.427"/>
  <system-out/>
</testsuite> <!-- com.timp.test.TAA.AtribuiçõesdeRegras.RegrasdeAbas.RegradeAbasVer -->
