<?xml version="1.0" encoding="UTF-8"?>
<!-- Generated by org.testng.reporters.JUnitReportReporter -->
<testsuite hostname="DESKTOP-BNBDMGT" failures="0" tests="3" name="com.timp.test.BCB.ParametrosGeraisConfiguraçãoEditar" time="255.557" errors="0" timestamp="27 Jan 2021 23:24:29 GMT">
  <testcase classname="com.timp.test.BCB.ParametrosGeraisConfiguraçãoEditar" name="login" time="6.902"/>
  <testcase classname="com.timp.test.BCB.ParametrosGeraisConfiguraçãoEditar" name="brbEntrar" time="17.553"/>
  <testcase classname="com.timp.test.BCB.ParametrosGeraisConfiguraçãoEditar" name="editar" time="231.102"/>
</testsuite> <!-- com.timp.test.BCB.ParametrosGeraisConfiguraçãoEditar -->
