<?xml version="1.0" encoding="UTF-8"?>
<!-- Generated by org.testng.reporters.JUnitReportReporter -->
<testsuite hostname="EC2AMAZ-8HCHO4G" failures="0" tests="3" name="com.timp.test.BRE.Lixeira.ParametrosGerais.LixeiraTodasFunc" time="277.057" errors="0" timestamp="2023-06-09T15:44:25 UTC" skipped="0">
  <testcase classname="com.timp.test.BRE.Lixeira.ParametrosGerais.LixeiraTodasFunc" name="criar" time="162.005"/>
  <system-out/>
  <testcase classname="com.timp.test.BRE.Lixeira.ParametrosGerais.LixeiraTodasFunc" name="restaurar" time="36.941"/>
  <system-out/>
  <testcase classname="com.timp.test.BRE.Lixeira.ParametrosGerais.LixeiraTodasFunc" name="excluir" time="78.111"/>
  <system-out/>
</testsuite> <!-- com.timp.test.BRE.Lixeira.ParametrosGerais.LixeiraTodasFunc -->
