<?xml version="1.0" encoding="UTF-8"?>
<!-- Generated by org.testng.reporters.JUnitReportReporter -->
<testsuite hostname="DESKTOP-C57COV6" failures="0" tests="2" name="com.timp.test.MDR.TabelaApoioECD.CodigoFatosContabeis.CodigoFatosContabeisExcluirMassa" time="163.869" errors="0" timestamp="10 ago. 2021 09:07:09 GMT" skipped="0">
  <testcase classname="com.timp.test.MDR.TabelaApoioECD.CodigoFatosContabeis.CodigoFatosContabeisExcluirMassa" name="excluir" time="31.616"/>
  <testcase classname="com.timp.test.MDR.TabelaApoioECD.CodigoFatosContabeis.CodigoFatosContabeisExcluirMassa" name="criar" time="132.253"/>
</testsuite> <!-- com.timp.test.MDR.TabelaApoioECD.CodigoFatosContabeis.CodigoFatosContabeisExcluirMassa -->
