<?xml version="1.0" encoding="UTF-8"?>
<!-- Generated by org.testng.reporters.JUnitReportReporter -->
<testsuite hostname="LitoSoler" name="com.timp.test.MDR.Ajustes.CodigosAjustes.CodigosAjustesExcluir" tests="3" failures="0" timestamp="13 Nov 2020 17:18:54 GMT" time="113.147" errors="0">
  <testcase name="acessarMDR" time="34.826" classname="com.timp.test.MDR.Ajustes.CodigosAjustes.CodigosAjustesExcluir"/>
  <testcase name="excluir" time="70.515" classname="com.timp.test.MDR.Ajustes.CodigosAjustes.CodigosAjustesExcluir"/>
  <testcase name="login" time="7.806" classname="com.timp.test.MDR.Ajustes.CodigosAjustes.CodigosAjustesExcluir"/>
</testsuite> <!-- com.timp.test.MDR.Ajustes.CodigosAjustes.CodigosAjustesExcluir -->
