<?xml version="1.0" encoding="UTF-8"?>
<!-- Generated by org.testng.reporters.JUnitReportReporter -->
<testsuite hostname="Agile" failures="0" tests="1" name="com.timp.test.MDR.LimiteCompetencia.LimiteCompetenciaExcluir" time="119.983" errors="0" timestamp="20 dic. 2021 06:54:08 GMT" skipped="0">
  <testcase classname="com.timp.test.MDR.LimiteCompetencia.LimiteCompetenciaExcluir" name="excluir" time="119.983"/>
</testsuite> <!-- com.timp.test.MDR.LimiteCompetencia.LimiteCompetenciaExcluir -->
