<?xml version="1.0" encoding="UTF-8"?>
<!-- Generated by org.testng.reporters.JUnitReportReporter -->
<testsuite hostname="DESKTOP-C57COV6" failures="0" tests="1" name="com.timp.test.BRB.NovoRelatorio" time="209.374" errors="0" timestamp="07 sep. 2021 18:21:53 GMT" skipped="0">
  <testcase classname="com.timp.test.BRB.NovoRelatorio" name="novoRelatorio" time="209.374"/>
</testsuite> <!-- com.timp.test.BRB.NovoRelatorio -->
