<?xml version="1.0" encoding="UTF-8"?>
<!-- Generated by org.testng.reporters.JUnitReportReporter -->
<testsuite hostname="LitoSoler" name="com.timp.test.BCB.ParametrosGeraisHierarquiaLixeira" tests="3" failures="0" timestamp="21 Jan 2021 20:34:37 GMT" time="62.263" errors="0">
  <testcase name="excluir" time="42.375" classname="com.timp.test.BCB.ParametrosGeraisHierarquiaLixeira"/>
  <testcase name="login" time="6.420" classname="com.timp.test.BCB.ParametrosGeraisHierarquiaLixeira"/>
  <testcase name="brbEntrar" time="13.468" classname="com.timp.test.BCB.ParametrosGeraisHierarquiaLixeira"/>
</testsuite> <!-- com.timp.test.BCB.ParametrosGeraisHierarquiaLixeira -->
