<?xml version="1.0" encoding="UTF-8"?>
<!-- Generated by org.testng.reporters.JUnitReportReporter -->
<testsuite hostname="DESKTOP-C57COV6" failures="0" tests="1" name="com.timp.test.BRB.AtribuiçãodeRegra" time="220.636" errors="0" timestamp="01 oct. 2021 00:19:17 GMT" skipped="0">
  <testcase classname="com.timp.test.BRB.AtribuiçãodeRegra" name="editar" time="220.636"/>
</testsuite> <!-- com.timp.test.BRB.AtribuiçãodeRegra -->
