<?xml version="1.0" encoding="UTF-8"?>
<!-- Generated by org.testng.reporters.JUnitReportReporter -->
<testsuite hostname="DESKTOP-C57COV6" failures="0" tests="1" name="com.timp.test.MDR.TabelasApoioESocial.Tabela06.PaisesDetalhe" time="145.539" errors="0" timestamp="10 ago. 2021 08:13:09 GMT" skipped="0">
  <testcase classname="com.timp.test.MDR.TabelasApoioESocial.Tabela06.PaisesDetalhe" name="detalhes" time="145.539"/>
</testsuite> <!-- com.timp.test.MDR.TabelasApoioESocial.Tabela06.PaisesDetalhe -->
