<?xml version="1.0" encoding="UTF-8"?>
<!-- Generated by org.testng.reporters.JUnitReportReporter -->
<testsuite hostname="LitoSoler" name="com.timp.test.MDR.ParametrosCriacaoNF.CadastroFornecedor.CadastroFornecedorEditar" tests="3" failures="0" timestamp="13 Oct 2020 17:40:03 GMT" time="133.646" errors="0">
  <testcase name="login" time="7.086" classname="com.timp.test.MDR.ParametrosCriacaoNF.CadastroFornecedor.CadastroFornecedorEditar"/>
  <testcase name="editar" time="117.246" classname="com.timp.test.MDR.ParametrosCriacaoNF.CadastroFornecedor.CadastroFornecedorEditar"/>
  <testcase name="acessarMDR" time="9.314" classname="com.timp.test.MDR.ParametrosCriacaoNF.CadastroFornecedor.CadastroFornecedorEditar"/>
</testsuite> <!-- com.timp.test.MDR.ParametrosCriacaoNF.CadastroFornecedor.CadastroFornecedorEditar -->
