<?xml version="1.0" encoding="UTF-8"?>
<!-- Generated by org.testng.reporters.JUnitReportReporter -->
<testsuite hostname="MIGUEL" failures="0" tests="3" name="com.timp.test.BRE.CalculoDeTributos.CalculodeTributosEdiçãoRelacionamento" time="138.348" errors="0" timestamp="18 Jan 2021 18:56:59 GMT">
  <testcase classname="com.timp.test.BRE.CalculoDeTributos.CalculodeTributosEdiçãoRelacionamento" name="editar" time="115.309"/>
  <testcase classname="com.timp.test.BRE.CalculoDeTributos.CalculodeTributosEdiçãoRelacionamento" name="acessarBRE" time="16.165"/>
  <testcase classname="com.timp.test.BRE.CalculoDeTributos.CalculodeTributosEdiçãoRelacionamento" name="login" time="6.874"/>
</testsuite> <!-- com.timp.test.BRE.CalculoDeTributos.CalculodeTributosEdiçãoRelacionamento -->
