<?xml version="1.0" encoding="UTF-8"?>
<!-- Generated by org.testng.reporters.JUnitReportReporter -->
<testsuite hostname="CRISTHIAN-VASQUEZ" failures="0" tests="3" name="com.timp.test.MDR.TabelasApoioSped.CodigoAjustesContribuiçoesCreditos.CodigoAjustesContribuiçaoCreditosCriar" time="61.589" errors="0" timestamp="22 Jan 2021 14:00:27 GMT">
  <testcase classname="com.timp.test.MDR.TabelasApoioSped.CodigoAjustesContribuiçoesCreditos.CodigoAjustesContribuiçaoCreditosCriar" name="login" time="7.151"/>
  <testcase classname="com.timp.test.MDR.TabelasApoioSped.CodigoAjustesContribuiçoesCreditos.CodigoAjustesContribuiçaoCreditosCriar" name="criar" time="38.417"/>
  <testcase classname="com.timp.test.MDR.TabelasApoioSped.CodigoAjustesContribuiçoesCreditos.CodigoAjustesContribuiçaoCreditosCriar" name="acessarMDR" time="16.021"/>
</testsuite> <!-- com.timp.test.MDR.TabelasApoioSped.CodigoAjustesContribuiçoesCreditos.CodigoAjustesContribuiçaoCreditosCriar -->
