<?xml version="1.0" encoding="UTF-8"?>
<!-- Generated by org.testng.reporters.JUnitReportReporter -->
<testsuite hostname="DESKTOP-5P4F1JE" failures="0" tests="3" name="com.timp.test.TCC.BancoDeCreditoExtemporaneo.PainelBCE.Executados.PainelBCEExecutadosEditar" time="121.752" errors="0" timestamp="14 Jan 2021 21:01:42 GMT">
  <testcase classname="com.timp.test.TCC.BancoDeCreditoExtemporaneo.PainelBCE.Executados.PainelBCEExecutadosEditar" name="login" time="9.374"/>
  <testcase classname="com.timp.test.TCC.BancoDeCreditoExtemporaneo.PainelBCE.Executados.PainelBCEExecutadosEditar" name="criar" time="90.006"/>
  <testcase classname="com.timp.test.TCC.BancoDeCreditoExtemporaneo.PainelBCE.Executados.PainelBCEExecutadosEditar" name="acessarTCC" time="22.372"/>
</testsuite> <!-- com.timp.test.TCC.BancoDeCreditoExtemporaneo.PainelBCE.Executados.PainelBCEExecutadosEditar -->
