<?xml version="1.0" encoding="UTF-8"?>
<!-- Generated by org.testng.reporters.JUnitReportReporter -->
<testsuite hostname="CRISTHIAN-VASQUEZ" failures="0" tests="3" name="com.timp.test.BRE.RegrasDeNegocio.RegrasDeNegocioCriar" time="237.423" errors="0" timestamp="11 Dec 2020 11:56:55 GMT">
  <testcase classname="com.timp.test.BRE.RegrasDeNegocio.RegrasDeNegocioCriar" name="acessarBRE" time="21.136"/>
  <testcase classname="com.timp.test.BRE.RegrasDeNegocio.RegrasDeNegocioCriar" name="login" time="8.354"/>
  <testcase classname="com.timp.test.BRE.RegrasDeNegocio.RegrasDeNegocioCriar" name="criar" time="207.933"/>
</testsuite> <!-- com.timp.test.BRE.RegrasDeNegocio.RegrasDeNegocioCriar -->
