<?xml version="1.0" encoding="UTF-8"?>
<!-- Generated by org.testng.reporters.JUnitReportReporter -->
<testsuite hostname="DESKTOP-BNBDMGT" failures="0" tests="1" name="com.timp.test.TFP.Configurações.Bloqueios.SubPeriodo.SubPeriodoFiltroId" time="56.757" errors="0" timestamp="17 feb. 2021 22:39:06 GMT" skipped="0">
  <testcase classname="com.timp.test.TFP.Configurações.Bloqueios.SubPeriodo.SubPeriodoFiltroId" name="criar" time="56.757"/>
</testsuite> <!-- com.timp.test.TFP.Configurações.Bloqueios.SubPeriodo.SubPeriodoFiltroId -->
