<?xml version="1.0" encoding="UTF-8"?>
<!-- Generated by org.testng.reporters.JUnitReportReporter -->
<testsuite hostname="DESKTOP-BNBDMGT" failures="0" tests="1" name="com.timp.test.MDR.Filiais.FiliaisVisualizar" time="40.769" errors="0" timestamp="27 abr. 2021 16:14:19 GMT" skipped="0">
  <testcase classname="com.timp.test.MDR.Filiais.FiliaisVisualizar" name="visualizar" time="40.769"/>
</testsuite> <!-- com.timp.test.MDR.Filiais.FiliaisVisualizar -->
