<?xml version="1.0" encoding="UTF-8"?>
<!-- Generated by org.testng.reporters.JUnitReportReporter -->
<testsuite hostname="DESKTOP-M23FVFN" failures="0" tests="1" name="com.timp.test.BRB.AdicionarColunas" time="198.224" errors="0" timestamp="2022-08-20T17:12:58 CST" skipped="0">
  <testcase classname="com.timp.test.BRB.AdicionarColunas" name="adicionarColunas" time="198.224"/>
  <system-out/>
</testsuite> <!-- com.timp.test.BRB.AdicionarColunas -->
