<?xml version="1.0" encoding="UTF-8"?>
<!-- Generated by org.testng.reporters.JUnitReportReporter -->
<testsuite hostname="LAPTOP-IN7IV9K5" failures="0" tests="1" name="com.timp.test.MDR.Reinf.R1070DadosSuspenso.R1070DadosSuspensoDetalhes" time="279.950" errors="0" timestamp="24 mar. 2021 17:58:02 GMT" skipped="0">
  <testcase classname="com.timp.test.MDR.Reinf.R1070DadosSuspenso.R1070DadosSuspensoDetalhes" name="detalhes" time="279.950"/>
</testsuite> <!-- com.timp.test.MDR.Reinf.R1070DadosSuspenso.R1070DadosSuspensoDetalhes -->
