<?xml version="1.0" encoding="UTF-8"?>
<!-- Generated by org.testng.reporters.JUnitReportReporter -->
<testsuite hostname="Agile" failures="0" tests="3" name="com.timp.test.BRB.Formula" time="246.870" errors="0" timestamp="14 feb. 2022 23:07:08 GMT" skipped="0">
  <testcase classname="com.timp.test.BRB.Formula" name="aplicar" time="18.025"/>
  <testcase classname="com.timp.test.BRB.Formula" name="formulaColuna" time="120.391"/>
  <testcase classname="com.timp.test.BRB.Formula" name="formulaBoton" time="108.454"/>
</testsuite> <!-- com.timp.test.BRB.Formula -->
