<?xml version="1.0" encoding="UTF-8"?>
<<<<<<< HEAD
<!-- Generated by org.testng.reporters.JUnitReportReporter -->
<testsuite skipped="0" hostname="LitoSoler" name="com.timp.test.MDR.CodigoReceita.CodigoReceitaExcluirEmMassa" tests="2" failures="0" timestamp="19 mar 2021 21:15:27 GMT" time="158.537" errors="0">
  <testcase name="criar" time="124.344" classname="com.timp.test.MDR.CodigoReceita.CodigoReceitaExcluirEmMassa"/>
  <testcase name="excluir" time="34.193" classname="com.timp.test.MDR.CodigoReceita.CodigoReceitaExcluirEmMassa"/>
=======
<<<<<<< HEAD
<!-- Generated by org.testng.reporters.JUnitReportReporter -->
<testsuite skipped="0" hostname="LitoSoler" name="com.timp.test.MDR.CodigoReceita.CodigoReceitaExcluirEmMassa" tests="2" failures="0" timestamp="16 mar 2021 02:40:52 GMT" time="163.646" errors="0">
  <testcase name="criar" time="124.851" classname="com.timp.test.MDR.CodigoReceita.CodigoReceitaExcluirEmMassa"/>
  <testcase name="excluir" time="38.795" classname="com.timp.test.MDR.CodigoReceita.CodigoReceitaExcluirEmMassa"/>
=======
<!-- Generated by org.testng.reporters.JUnitReportReporter -->
<testsuite skipped="0" hostname="LitoSoler" name="com.timp.test.MDR.CodigoReceita.CodigoReceitaExcluirEmMassa" tests="2" failures="0" timestamp="09 mar 2021 00:34:16 GMT" time="161.964" errors="0">
  <testcase name="excluir" time="34.469" classname="com.timp.test.MDR.CodigoReceita.CodigoReceitaExcluirEmMassa"/>
  <testcase name="criar" time="127.495" classname="com.timp.test.MDR.CodigoReceita.CodigoReceitaExcluirEmMassa"/>
>>>>>>> refs/heads/Cristhian
>>>>>>> branch 'master' of https://github.com/salc1997/TIMP_R1.git
</testsuite> <!-- com.timp.test.MDR.CodigoReceita.CodigoReceitaExcluirEmMassa -->
