<?xml version="1.0" encoding="UTF-8"?>
<!-- Generated by org.testng.reporters.JUnitReportReporter -->
<testsuite hostname="EC2AMAZ-8HCHO4G" failures="0" tests="2" name="com.timp.test.ADM.Configuracao.ConfiguracaoDeTributos.ConfiguracaoTributoXEstrutura.ConfiguracaoTributoXEstruturaCriar" time="114.718" errors="0" timestamp="2023-07-24T16:19:57 UTC" skipped="0">
  <testcase classname="com.timp.test.ADM.Configuracao.ConfiguracaoDeTributos.ConfiguracaoTributoXEstrutura.ConfiguracaoTributoXEstruturaCriar" name="excluir" time="36.398"/>
  <system-out/>
  <testcase classname="com.timp.test.ADM.Configuracao.ConfiguracaoDeTributos.ConfiguracaoTributoXEstrutura.ConfiguracaoTributoXEstruturaCriar" name="criar" time="78.320"/>
  <system-out/>
</testsuite> <!-- com.timp.test.ADM.Configuracao.ConfiguracaoDeTributos.ConfiguracaoTributoXEstrutura.ConfiguracaoTributoXEstruturaCriar -->
