<?xml version="1.0" encoding="UTF-8"?>
<!-- Generated by org.testng.reporters.JUnitReportReporter -->
<testsuite hostname="MIGUEL" failures="0" tests="3" name="com.timp.test.SCANC.RelatoriosRefineriaGerados.RelatoriosRefineriaGeradosGerarAnexos6712MasVisualizacao" time="2488.812" errors="0" timestamp="11 mar. 2021 17:57:39 GMT" skipped="0">
  <testcase classname="com.timp.test.SCANC.RelatoriosRefineriaGerados.RelatoriosRefineriaGeradosGerarAnexos6712MasVisualizacao" name="ingresar" time="7.936"/>
  <testcase classname="com.timp.test.SCANC.RelatoriosRefineriaGerados.RelatoriosRefineriaGeradosGerarAnexos6712MasVisualizacao" name="scancEntrar" time="26.272"/>
  <testcase classname="com.timp.test.SCANC.RelatoriosRefineriaGerados.RelatoriosRefineriaGeradosGerarAnexos6712MasVisualizacao" name="gerarAnexosMasVisualizacao" time="2454.604"/>
</testsuite> <!-- com.timp.test.SCANC.RelatoriosRefineriaGerados.RelatoriosRefineriaGeradosGerarAnexos6712MasVisualizacao -->
