<?xml version="1.0" encoding="UTF-8"?>
<!-- Generated by org.testng.reporters.JUnitReportReporter -->
<<<<<<< HEAD
<testsuite hostname="MIGUEL" failures="0" tests="1" name="com.timp.test.BRB.EditarRelatorio" time="100.196" errors="0" timestamp="16 mar. 2021 14:41:09 GMT" skipped="0">
  <testcase classname="com.timp.test.BRB.EditarRelatorio" name="editar" time="100.196"/>
</testsuite> <!-- com.timp.test.BRB.EditarRelatorio -->
=======
<testsuite hostname="LAPTOP-IN7IV9K5" failures="0" tests="1" name="com.timp.test.BRB.EditarRelatorio" time="102.926" errors="0" timestamp="16 mar. 2021 11:19:55 GMT" skipped="0">
  <testcase classname="com.timp.test.BRB.EditarRelatorio" name="editar" time="102.926"/>
</testsuite> <!-- com.timp.test.BRB.EditarRelatorio -->
>>>>>>> refs/remotes/origin/Kenssy
