<?xml version="1.0" encoding="UTF-8"?>
<!-- Generated by org.testng.reporters.JUnitReportReporter -->
<testsuite hostname="CRISTHIAN-VASQUEZ" failures="0" tests="3" name="com.timp.test.MDR.EventosESocial.S1250AquisicaoDeProducaoRural.S1250Aquisição.S1250AquisiçãoCriar" time="106.042" errors="0" timestamp="6 Jan 2021 13:31:25 GMT">
  <testcase classname="com.timp.test.MDR.EventosESocial.S1250AquisicaoDeProducaoRural.S1250Aquisição.S1250AquisiçãoCriar" name="acessarMDR" time="12.340"/>
  <testcase classname="com.timp.test.MDR.EventosESocial.S1250AquisicaoDeProducaoRural.S1250Aquisição.S1250AquisiçãoCriar" name="login" time="8.906"/>
  <testcase classname="com.timp.test.MDR.EventosESocial.S1250AquisicaoDeProducaoRural.S1250Aquisição.S1250AquisiçãoCriar" name="criar" time="84.796"/>
</testsuite> <!-- com.timp.test.MDR.EventosESocial.S1250AquisicaoDeProducaoRural.S1250Aquisição.S1250AquisiçãoCriar -->
