<?xml version="1.0" encoding="UTF-8"?>
<!-- Generated by org.testng.reporters.JUnitReportReporter -->
<testsuite hostname="LitoSoler" name="com.timp.test.BRB.AtivarCorrecao" tests="3" failures="0" timestamp="2 Dec 2020 21:49:39 GMT" time="88.068" errors="0">
  <testcase name="login" time="7.398" classname="com.timp.test.BRB.AtivarCorrecao"/>
  <testcase name="brbEntrar" time="24.960" classname="com.timp.test.BRB.AtivarCorrecao"/>
  <testcase name="ativarCorreccion" time="55.710" classname="com.timp.test.BRB.AtivarCorrecao"/>
</testsuite> <!-- com.timp.test.BRB.AtivarCorrecao -->
