<?xml version="1.0" encoding="UTF-8"?>
<!-- Generated by org.testng.reporters.JUnitReportReporter -->
<<<<<<< HEAD
<testsuite hostname="LitoSoler" name="com.timp.test.DFG.Configuracoes.ConfiguracoesCriar" tests="3" failures="0" timestamp="14 Dec 2020 15:40:13 GMT" time="210.156" errors="0">
  <testcase name="ingresar" time="6.827" classname="com.timp.test.DFG.Configuracoes.ConfiguracoesCriar"/>
  <testcase name="mdrEntrar" time="15.498" classname="com.timp.test.DFG.Configuracoes.ConfiguracoesCriar"/>
  <testcase name="criar" time="187.831" classname="com.timp.test.DFG.Configuracoes.ConfiguracoesCriar"/>
=======
<testsuite hostname="DESKTOP-BNBDMGT" failures="0" tests="3" name="com.timp.test.DFG.Configuracoes.ConfiguracoesCriar" time="217.101" errors="0" timestamp="15 Dec 2020 14:31:39 GMT">
  <testcase classname="com.timp.test.DFG.Configuracoes.ConfiguracoesCriar" name="mdrEntrar" time="14.973"/>
  <testcase classname="com.timp.test.DFG.Configuracoes.ConfiguracoesCriar" name="ingresar" time="8.251"/>
  <testcase classname="com.timp.test.DFG.Configuracoes.ConfiguracoesCriar" name="criar" time="193.877"/>
>>>>>>> refs/remotes/origin/master
</testsuite> <!-- com.timp.test.DFG.Configuracoes.ConfiguracoesCriar -->
