<?xml version="1.0" encoding="UTF-8"?>
<!-- Generated by org.testng.reporters.JUnitReportReporter -->
<testsuite hostname="Agile" failures="0" tests="1" name="com.timp.test.MDR.Filiais.FiliaisDetalle" time="114.086" errors="0" timestamp="16 feb. 2022 14:26:32 GMT" skipped="0">
  <testcase classname="com.timp.test.MDR.Filiais.FiliaisDetalle" name="detalle" time="114.086"/>
</testsuite> <!-- com.timp.test.MDR.Filiais.FiliaisDetalle -->
