<?xml version="1.0" encoding="UTF-8"?>
<!-- Generated by org.testng.reporters.JUnitReportReporter -->
<testsuite hostname="DESKTOP-M23FVFN" failures="0" tests="1" name="com.timp.test.BRE.Lixeira.ParametrosGerais.LixeiraRestaurar" time="83.899" errors="0" timestamp="29 abr. 2022 20:11:45 GMT" skipped="0">
  <testcase classname="com.timp.test.BRE.Lixeira.ParametrosGerais.LixeiraRestaurar" name="restaurar" time="83.899"/>
</testsuite> <!-- com.timp.test.BRE.Lixeira.ParametrosGerais.LixeiraRestaurar -->
