<?xml version="1.0" encoding="UTF-8"?>
<!-- Generated by org.testng.reporters.JUnitReportReporter -->
<testsuite hostname="MIGUEL" failures="0" tests="3" name="com.timp.test.BRE.CalculoDeTributos.ParametroGerais.CalculoDeTributoLixeiraMaisExcluirDefinitivamente" time="86.995" errors="0" timestamp="8 Jan 2021 02:15:18 GMT">
  <testcase classname="com.timp.test.BRE.CalculoDeTributos.ParametroGerais.CalculoDeTributoLixeiraMaisExcluirDefinitivamente" name="acessarBRE" time="16.700"/>
  <testcase classname="com.timp.test.BRE.CalculoDeTributos.ParametroGerais.CalculoDeTributoLixeiraMaisExcluirDefinitivamente" name="criar" time="61.292"/>
  <testcase classname="com.timp.test.BRE.CalculoDeTributos.ParametroGerais.CalculoDeTributoLixeiraMaisExcluirDefinitivamente" name="login" time="9.003"/>
</testsuite> <!-- com.timp.test.BRE.CalculoDeTributos.ParametroGerais.CalculoDeTributoLixeiraMaisExcluirDefinitivamente -->
