<?xml version="1.0" encoding="UTF-8"?>
<!-- Generated by org.testng.reporters.JUnitReportReporter -->
<testsuite hostname="DESKTOP-JP1A9E6" failures="0" tests="1" name="com.timp.test.TFP.Configurações.Status.Periodo.StatusPeriodoFiltroID" time="67.475" errors="0" timestamp="24 sep. 2021 00:26:31 GMT" skipped="0">
  <testcase classname="com.timp.test.TFP.Configurações.Status.Periodo.StatusPeriodoFiltroID" name="filtro" time="67.475"/>
</testsuite> <!-- com.timp.test.TFP.Configurações.Status.Periodo.StatusPeriodoFiltroID -->
