<?xml version="1.0" encoding="UTF-8"?>
<!-- Generated by org.testng.reporters.JUnitReportReporter -->
<testsuite hostname="MIGUEL" failures="0" tests="3" name="com.timp.test.MDR.CEP.Bairro.BairroCriar" time="101.707" errors="0" timestamp="21 Oct 2020 00:08:24 GMT">
  <testcase classname="com.timp.test.MDR.CEP.Bairro.BairroCriar" name="login" time="7.389"/>
  <testcase classname="com.timp.test.MDR.CEP.Bairro.BairroCriar" name="criar" time="71.189"/>
  <testcase classname="com.timp.test.MDR.CEP.Bairro.BairroCriar" name="acessarMDR" time="23.129"/>
</testsuite> <!-- com.timp.test.MDR.CEP.Bairro.BairroCriar -->
