<?xml version="1.0" encoding="UTF-8"?>
<!-- Generated by org.testng.reporters.JUnitReportReporter -->
<testsuite hostname="EC2AMAZ-8HCHO4G" failures="0" tests="2" name="com.timp.test.ATR.AcessarATR" time="16.749" errors="0" timestamp="2023-02-14T22:44:03 UTC" skipped="0">
  <testcase classname="com.timp.test.ATR.AcessarATR" name="login" time="6.252"/>
  <system-out/>
  <testcase classname="com.timp.test.ATR.AcessarATR" name="ATREntrar" time="10.497"/>
  <system-out/>
</testsuite> <!-- com.timp.test.ATR.AcessarATR -->
