<?xml version="1.0" encoding="UTF-8"?>
<!-- Generated by org.testng.reporters.JUnitReportReporter -->
<testsuite hostname="DESKTOP-35UG9UP" name="com.timp.test.MDR.PrecoDeTransferencia.ParametrosParaTP.ParametrosParaTPEditar" tests="3" failures="0" timestamp="2 Oct 2020 19:18:06 GMT" time="131.034" errors="0">
  <testcase name="login" time="12.095" classname="com.timp.test.MDR.PrecoDeTransferencia.ParametrosParaTP.ParametrosParaTPEditar"/>
  <testcase name="acessarMDR" time="12.679" classname="com.timp.test.MDR.PrecoDeTransferencia.ParametrosParaTP.ParametrosParaTPEditar"/>
  <testcase name="editar" time="106.260" classname="com.timp.test.MDR.PrecoDeTransferencia.ParametrosParaTP.ParametrosParaTPEditar"/>
</testsuite> <!-- com.timp.test.MDR.PrecoDeTransferencia.ParametrosParaTP.ParametrosParaTPEditar -->
