<?xml version="1.0" encoding="UTF-8"?>
<!-- Generated by org.testng.reporters.JUnitReportReporter -->
<testsuite hostname="LAPTOP-IN7IV9K5" failures="0" tests="2" name="com.timp.test.BRB.ExcluirRelatorio" time="116.408" errors="0" timestamp="10 may. 2021 20:08:26 GMT" skipped="0">
  <testcase classname="com.timp.test.BRB.ExcluirRelatorio" name="eliminarLixeira" time="36.731"/>
  <testcase classname="com.timp.test.BRB.ExcluirRelatorio" name="eliminar" time="79.677"/>
</testsuite> <!-- com.timp.test.BRB.ExcluirRelatorio -->
