<?xml version="1.0" encoding="UTF-8"?>
<!-- Generated by org.testng.reporters.JUnitReportReporter -->
<testsuite hostname="Agile" failures="0" tests="1" name="com.timp.test.BRB.AtivarComentario" time="163.826" errors="0" timestamp="19 abr. 2022 21:57:35 GMT" skipped="0">
  <testcase classname="com.timp.test.BRB.AtivarComentario" name="ativarComentarios" time="163.826"/>
</testsuite> <!-- com.timp.test.BRB.AtivarComentario -->
