<?xml version="1.0" encoding="UTF-8"?>
<!-- Generated by org.testng.reporters.JUnitReportReporter -->
<testsuite hostname="DESKTOP-JP1A9E6" failures="0" tests="1" name="com.timp.test.MDR.ConfiguracoesFundoSocial.ConfiguracaoFundoSocailFiltroId" time="81.092" errors="0" timestamp="14 jul. 2021 08:06:30 GMT" skipped="0">
  <testcase classname="com.timp.test.MDR.ConfiguracoesFundoSocial.ConfiguracaoFundoSocailFiltroId" name="filtroId" time="81.092"/>
</testsuite> <!-- com.timp.test.MDR.ConfiguracoesFundoSocial.ConfiguracaoFundoSocailFiltroId -->
