<?xml version="1.0" encoding="UTF-8"?>
<!-- Generated by org.testng.reporters.JUnitReportReporter -->
<testsuite hostname="EC2AMAZ-8HCHO4G" failures="0" tests="1" name="com.timp.test.MDR.Ajustes.AssociacaoCodigosAjustes.AssociaçãoCodigoAjusteDetalhe" time="158.037" errors="0" timestamp="2024-02-12T16:11:53 UTC" skipped="0">
  <testcase classname="com.timp.test.MDR.Ajustes.AssociacaoCodigosAjustes.AssociaçãoCodigoAjusteDetalhe" name="detalhe" time="158.037"/>
  <system-out/>
</testsuite> <!-- com.timp.test.MDR.Ajustes.AssociacaoCodigosAjustes.AssociaçãoCodigoAjusteDetalhe -->
