<?xml version="1.0" encoding="UTF-8"?>
<!-- Generated by org.testng.reporters.JUnitReportReporter -->
<testsuite hostname="LitoSoler" name="com.timp.test.BRB.AtivarCorrecao" tests="3" failures="0" timestamp="30 Sep 2020 17:01:41 GMT" time="58.831" errors="0">
  <testcase name="brbEntrar" time="18.440" classname="com.timp.test.BRB.AtivarCorrecao"/>
  <testcase name="login" time="6.773" classname="com.timp.test.BRB.AtivarCorrecao"/>
  <testcase name="ativarCorreccion" time="33.618" classname="com.timp.test.BRB.AtivarCorrecao"/>
</testsuite> <!-- com.timp.test.BRB.AtivarCorrecao -->
