<?xml version="1.0" encoding="UTF-8"?>
<!-- Generated by org.testng.reporters.JUnitReportReporter -->
<<<<<<< HEAD
<testsuite hostname="DESKTOP-NV7E9IV" name="com.timp.test.BRB.Eliminar" tests="4" failures="0" timestamp="26 Aug 2020 15:19:09 GMT" time="163.253" errors="0">
  <testcase name="login" time="10.162" classname="com.timp.test.BRB.Eliminar"/>
  <testcase name="brbEntrar" time="21.646" classname="com.timp.test.BRB.Eliminar"/>
  <testcase name="eliminar" time="60.492" classname="com.timp.test.BRB.Eliminar"/>
  <testcase name="eliminarLixeira" time="70.953" classname="com.timp.test.BRB.Eliminar"/>
=======
<testsuite hostname="LitoSoler" name="com.timp.test.BRB.Eliminar" tests="4" failures="0" timestamp="23 Sep 2020 22:58:56 GMT" time="147.334" errors="0">
  <testcase name="eliminarLixeira" time="65.741" classname="com.timp.test.BRB.Eliminar"/>
  <testcase name="brbEntrar" time="16.158" classname="com.timp.test.BRB.Eliminar"/>
  <testcase name="login" time="5.973" classname="com.timp.test.BRB.Eliminar"/>
  <testcase name="eliminar" time="59.462" classname="com.timp.test.BRB.Eliminar"/>
>>>>>>> branch 'master' of https://github.com/salc1997/TIMP_R1.git
</testsuite> <!-- com.timp.test.BRB.Eliminar -->
