<?xml version="1.0" encoding="UTF-8"?>
<!-- Generated by org.testng.reporters.JUnitReportReporter -->
<<<<<<< HEAD
<testsuite hostname="DESKTOP-M23FVFN" failures="0" tests="2" name="com.timp.test.MDR.Siscoserv.PaisMoeda.PaisMoedaExcluirEmMassa" time="194.428" errors="0" timestamp="18 dic. 2021 16:35:25 GMT" skipped="0">
  <testcase classname="com.timp.test.MDR.Siscoserv.PaisMoeda.PaisMoedaExcluirEmMassa" name="criar" time="155.600"/>
  <testcase classname="com.timp.test.MDR.Siscoserv.PaisMoeda.PaisMoedaExcluirEmMassa" name="excluir" time="38.828"/>
=======
<testsuite hostname="Agile" failures="0" tests="2" name="com.timp.test.MDR.Siscoserv.PaisMoeda.PaisMoedaExcluirEmMassa" time="234.940" errors="0" timestamp="18 dic. 2021 19:16:37 GMT" skipped="0">
  <testcase classname="com.timp.test.MDR.Siscoserv.PaisMoeda.PaisMoedaExcluirEmMassa" name="criar" time="194.711"/>
  <testcase classname="com.timp.test.MDR.Siscoserv.PaisMoeda.PaisMoedaExcluirEmMassa" name="excluir" time="40.229"/>
>>>>>>> branch 'Yessy' of https://github.com/salc1997/TIMP_R1.git
</testsuite> <!-- com.timp.test.MDR.Siscoserv.PaisMoeda.PaisMoedaExcluirEmMassa -->
