<?xml version="1.0" encoding="UTF-8"?>
<!-- Generated by org.testng.reporters.JUnitReportReporter -->
<testsuite hostname="Agile" failures="0" tests="2" name="com.timp.test.BRB.GruposAvancados" time="504.001" errors="0" timestamp="14 feb. 2022 23:40:55 GMT" skipped="0">
  <testcase classname="com.timp.test.BRB.GruposAvancados" name="eliminarGrupos" time="59.709"/>
  <testcase classname="com.timp.test.BRB.GruposAvancados" name="gruposAvanzados" time="444.292"/>
</testsuite> <!-- com.timp.test.BRB.GruposAvancados -->
