<?xml version="1.0" encoding="UTF-8"?>
<!-- Generated by org.testng.reporters.JUnitReportReporter -->
<testsuite skipped="0" hostname="LitoSoler" name="com.timp.test.MDR.CodigoContabilizacao.CodigoContabilizacaoCriar" tests="1" failures="0" timestamp="16 mar 2021 03:10:11 GMT" time="110.537" errors="0">
  <testcase name="criar" time="110.537" classname="com.timp.test.MDR.CodigoContabilizacao.CodigoContabilizacaoCriar"/>
</testsuite> <!-- com.timp.test.MDR.CodigoContabilizacao.CodigoContabilizacaoCriar -->
