<?xml version="1.0" encoding="UTF-8"?>
<!-- Generated by org.testng.reporters.JUnitReportReporter -->
<testsuite hostname="LitoSoler" name="com.timp.test.BRB.ExcluirColuna" tests="4" failures="0" timestamp="2 Dec 2020 20:54:19 GMT" time="185.966" errors="0">
  <testcase name="excluirColunaDragNDrop" time="79.185" classname="com.timp.test.BRB.ExcluirColuna"/>
  <testcase name="login" time="16.831" classname="com.timp.test.BRB.ExcluirColuna"/>
  <testcase name="brbEntrar" time="32.353" classname="com.timp.test.BRB.ExcluirColuna"/>
  <testcase name="excluirColunaOpcao" time="57.597" classname="com.timp.test.BRB.ExcluirColuna"/>
</testsuite> <!-- com.timp.test.BRB.ExcluirColuna -->
