<?xml version="1.0" encoding="UTF-8"?>
<!-- Generated by org.testng.reporters.JUnitReportReporter -->
<testsuite hostname="LAPTOP-IN7IV9K5" failures="0" tests="4" name="com.timp.test.BCB.ParametrosGeraisConfiguracao.Configuracao.ParametrosGeraisConfiguraçãoConfiguraçãoCriarComCópia" time="258.422" errors="0" timestamp="02 mar. 2021 19:03:52 GMT" skipped="0">
  <testcase classname="com.timp.test.BCB.ParametrosGeraisConfiguracao.Configuracao.ParametrosGeraisConfiguraçãoConfiguraçãoCriarComCópia" name="login" time="11.598"/>
  <testcase classname="com.timp.test.BCB.ParametrosGeraisConfiguracao.Configuracao.ParametrosGeraisConfiguraçãoConfiguraçãoCriarComCópia" name="brbEntrar" time="20.752"/>
  <testcase classname="com.timp.test.BCB.ParametrosGeraisConfiguracao.Configuracao.ParametrosGeraisConfiguraçãoConfiguraçãoCriarComCópia" name="criarConfiguracaoHierarquia" time="161.633"/>
  <testcase classname="com.timp.test.BCB.ParametrosGeraisConfiguracao.Configuracao.ParametrosGeraisConfiguraçãoConfiguraçãoCriarComCópia" name="excluirr" time="64.439"/>
</testsuite> <!-- com.timp.test.BCB.ParametrosGeraisConfiguracao.Configuracao.ParametrosGeraisConfiguraçãoConfiguraçãoCriarComCópia -->
