<?xml version="1.0" encoding="UTF-8"?>
<!-- Generated by org.testng.reporters.JUnitReportReporter -->
<testsuite hostname="MIGUEL" failures="0" tests="3" name="com.timp.test.MDR.TabelasApoioESocial.Tabela26.MotivosCesBeneficiosVisualizar" time="87.608" errors="0" timestamp="28 Oct 2020 15:08:12 GMT">
  <testcase classname="com.timp.test.MDR.TabelasApoioESocial.Tabela26.MotivosCesBeneficiosVisualizar" name="login" time="8.314"/>
  <testcase classname="com.timp.test.MDR.TabelasApoioESocial.Tabela26.MotivosCesBeneficiosVisualizar" name="visualizar" time="69.814"/>
  <testcase classname="com.timp.test.MDR.TabelasApoioESocial.Tabela26.MotivosCesBeneficiosVisualizar" name="acessarMDR" time="9.480"/>
</testsuite> <!-- com.timp.test.MDR.TabelasApoioESocial.Tabela26.MotivosCesBeneficiosVisualizar -->
