<?xml version="1.0" encoding="UTF-8"?>
<!-- Generated by org.testng.reporters.JUnitReportReporter -->
<testsuite hostname="DESKTOP-C57COV6" failures="0" tests="3" name="com.timp.test.BRB.Formula" time="153.039" errors="0" timestamp="24 may. 2021 22:50:53 GMT" skipped="0">
  <testcase classname="com.timp.test.BRB.Formula" name="formulaBoton" time="78.700"/>
  <testcase classname="com.timp.test.BRB.Formula" name="formulaColuna" time="64.684"/>
  <testcase classname="com.timp.test.BRB.Formula" name="aplicar" time="9.655"/>
</testsuite> <!-- com.timp.test.BRB.Formula -->
