<?xml version="1.0" encoding="UTF-8"?>
<!-- Generated by org.testng.reporters.JUnitReportReporter -->
<testsuite hostname="DESKTOP-C57COV6" failures="0" tests="1" name="com.timp.test.MDR.CadastroDerex.InstituicaoFinanceira.InstituicaoEditar" time="332.560" errors="0" timestamp="25 ago. 2021 04:56:40 GMT" skipped="0">
  <testcase classname="com.timp.test.MDR.CadastroDerex.InstituicaoFinanceira.InstituicaoEditar" name="editar" time="332.560"/>
</testsuite> <!-- com.timp.test.MDR.CadastroDerex.InstituicaoFinanceira.InstituicaoEditar -->
