<?xml version="1.0" encoding="UTF-8"?>
<!-- Generated by org.testng.reporters.JUnitReportReporter -->
<testsuite hostname="DESKTOP-5P4F1JE" failures="0" tests="3" name="com.timp.test.TCC.GestaoDeCreditoTributarioICMS.Executados.Registro1200.Executados1200Excluir" time="70.004" errors="0" timestamp="18 Jan 2021 20:07:33 GMT">
  <testcase classname="com.timp.test.TCC.GestaoDeCreditoTributarioICMS.Executados.Registro1200.Executados1200Excluir" name="login" time="8.765"/>
  <testcase classname="com.timp.test.TCC.GestaoDeCreditoTributarioICMS.Executados.Registro1200.Executados1200Excluir" name="acessarTCC" time="23.524"/>
  <testcase classname="com.timp.test.TCC.GestaoDeCreditoTributarioICMS.Executados.Registro1200.Executados1200Excluir" name="excluir" time="37.715"/>
</testsuite> <!-- com.timp.test.TCC.GestaoDeCreditoTributarioICMS.Executados.Registro1200.Executados1200Excluir -->
