<?xml version="1.0" encoding="UTF-8"?>
<!-- Generated by org.testng.reporters.JUnitReportReporter -->
<testsuite hostname="LitoSoler" name="com.timp.test.BRB.Imprimir" tests="3" failures="0" timestamp="2 Jul 2020 16:18:19 GMT" time="61.132" errors="0">
  <testcase name="brbEntrar" time="12.266" classname="com.timp.test.BRB.Imprimir"/>
  <testcase name="login" time="7.204" classname="com.timp.test.BRB.Imprimir"/>
  <testcase name="imprimir" time="41.662" classname="com.timp.test.BRB.Imprimir"/>
</testsuite> <!-- com.timp.test.BRB.Imprimir -->
