<?xml version="1.0" encoding="UTF-8"?>
<!-- Generated by org.testng.reporters.JUnitReportReporter -->
<testsuite hostname="LitoSoler" name="com.timp.test.SCANC.ArquivosImportados.ArquivosImportadosPesquisa" tests="3" failures="0" timestamp="27 Jan 2021 21:30:53 GMT" time="71.074" errors="0">
  <testcase name="scancEntrar" time="27.645" classname="com.timp.test.SCANC.ArquivosImportados.ArquivosImportadosPesquisa"/>
  <testcase name="ingresar" time="7.240" classname="com.timp.test.SCANC.ArquivosImportados.ArquivosImportadosPesquisa"/>
  <testcase name="pesquisar" time="36.189" classname="com.timp.test.SCANC.ArquivosImportados.ArquivosImportadosPesquisa"/>
</testsuite> <!-- com.timp.test.SCANC.ArquivosImportados.ArquivosImportadosPesquisa -->
