<?xml version="1.0" encoding="UTF-8"?>
<!-- Generated by org.testng.reporters.JUnitReportReporter -->
<testsuite hostname="DESKTOP-JP1A9E6" failures="0" tests="1" name="com.timp.test.MDR.TabelasApoioESocial.Tabela01.CategoriasDeTrabalhadoresExcluir" time="100.646" errors="0" timestamp="09 ago. 2021 21:29:31 GMT" skipped="0">
  <testcase classname="com.timp.test.MDR.TabelasApoioESocial.Tabela01.CategoriasDeTrabalhadoresExcluir" name="excluir" time="100.646"/>
</testsuite> <!-- com.timp.test.MDR.TabelasApoioESocial.Tabela01.CategoriasDeTrabalhadoresExcluir -->
