<?xml version="1.0" encoding="UTF-8"?>
<!-- Generated by org.testng.reporters.JUnitReportReporter -->
<testsuite hostname="LitoSoler" name="com.timp.test.MDR.Antecipacao.AntecipacaoCriar" tests="3" failures="0" timestamp="5 Aug 2020 18:01:35 GMT" time="208.469" errors="0">
  <testcase name="login" time="6.390" classname="com.timp.test.MDR.Antecipacao.AntecipacaoCriar"/>
  <testcase name="criar" time="170.540" classname="com.timp.test.MDR.Antecipacao.AntecipacaoCriar"/>
  <testcase name="acessarMDR" time="31.539" classname="com.timp.test.MDR.Antecipacao.AntecipacaoCriar"/>
</testsuite> <!-- com.timp.test.MDR.Antecipacao.AntecipacaoCriar -->
