<?xml version="1.0" encoding="UTF-8"?>
<!-- Generated by org.testng.reporters.JUnitReportReporter -->
<testsuite hostname="DESKTOP-M23FVFN" failures="0" tests="1" name="com.timp.test.TAA.AtribuiçõesdeRegras.RegradeAbasVer" time="163.653" errors="0" timestamp="22 feb. 2022 15:40:00 GMT" skipped="0">
  <testcase classname="com.timp.test.TAA.AtribuiçõesdeRegras.RegradeAbasVer" name="ver" time="163.653"/>
</testsuite> <!-- com.timp.test.TAA.AtribuiçõesdeRegras.RegradeAbasVer -->
