<?xml version="1.0" encoding="UTF-8"?>
<!-- Generated by org.testng.reporters.JUnitReportReporter -->
<testsuite hostname="LitoSoler" name="com.timp.test.MDR.Siscoserv.RegistroRF.RegistroRFCriar" tests="3" failures="0" timestamp="20 Nov 2020 17:38:59 GMT" time="67.053" errors="0">
  <testcase name="login" time="6.326" classname="com.timp.test.MDR.Siscoserv.RegistroRF.RegistroRFCriar"/>
  <testcase name="acessarMDR" time="15.348" classname="com.timp.test.MDR.Siscoserv.RegistroRF.RegistroRFCriar"/>
  <testcase name="criar" time="45.379" classname="com.timp.test.MDR.Siscoserv.RegistroRF.RegistroRFCriar"/>
</testsuite> <!-- com.timp.test.MDR.Siscoserv.RegistroRF.RegistroRFCriar -->
