<?xml version="1.0" encoding="UTF-8"?>
<!-- Generated by org.testng.reporters.JUnitReportReporter -->
<testsuite hostname="LitoSoler" name="com.timp.test.BCB.ParametrosGeraisHierarquiaRaiz" tests="3" failures="0" timestamp="21 Jan 2021 20:30:49 GMT" time="46.875" errors="0">
  <testcase name="login" time="6.170" classname="com.timp.test.BCB.ParametrosGeraisHierarquiaRaiz"/>
  <testcase name="brbEntrar" time="13.568" classname="com.timp.test.BCB.ParametrosGeraisHierarquiaRaiz"/>
  <testcase name="criarConfiguracao" time="27.137" classname="com.timp.test.BCB.ParametrosGeraisHierarquiaRaiz"/>
</testsuite> <!-- com.timp.test.BCB.ParametrosGeraisHierarquiaRaiz -->
