<?xml version="1.0" encoding="UTF-8"?>
<!-- Generated by org.testng.reporters.JUnitReportReporter -->
<testsuite hostname="DESKTOP-5P4F1JE" failures="0" tests="3" name="com.timp.test.TBD.ConsultaDeDocumentos.ConsultaDeDocumentosFiltroPorID" time="47.193" errors="0" timestamp="29 Dec 2020 16:18:49 GMT">
  <testcase classname="com.timp.test.TBD.ConsultaDeDocumentos.ConsultaDeDocumentosFiltroPorID" name="filtro" time="18.798"/>
  <testcase classname="com.timp.test.TBD.ConsultaDeDocumentos.ConsultaDeDocumentosFiltroPorID" name="TBDEntrar" time="16.587"/>
  <testcase classname="com.timp.test.TBD.ConsultaDeDocumentos.ConsultaDeDocumentosFiltroPorID" name="login" time="11.808"/>
</testsuite> <!-- com.timp.test.TBD.ConsultaDeDocumentos.ConsultaDeDocumentosFiltroPorID -->
