<?xml version="1.0" encoding="UTF-8"?>
<!-- Generated by org.testng.reporters.JUnitReportReporter -->
<testsuite hostname="MassielV" failures="0" tests="3" name="com.timp.test.SCANC.ArquivosImportados.ArquivosImportadosVisualizar" time="541.930" errors="0" timestamp="22 nov. 2021 16:37:03 GMT" skipped="0">
  <testcase classname="com.timp.test.SCANC.ArquivosImportados.ArquivosImportadosVisualizar" name="ingresar" time="8.215"/>
  <testcase classname="com.timp.test.SCANC.ArquivosImportados.ArquivosImportadosVisualizar" name="scancEntrar" time="36.304"/>
  <testcase classname="com.timp.test.SCANC.ArquivosImportados.ArquivosImportadosVisualizar" name="filtrosAvancados" time="497.411"/>
</testsuite> <!-- com.timp.test.SCANC.ArquivosImportados.ArquivosImportadosVisualizar -->
