<?xml version="1.0" encoding="UTF-8"?>
<!-- Generated by org.testng.reporters.JUnitReportReporter -->
<testsuite hostname="LitoSoler" name="com.timp.test.MDR.CEP.Bairro.BairroEditar" tests="3" failures="0" timestamp="23 Jul 2020 18:06:46 GMT" time="45.213" errors="0">
  <testcase name="filtro" time="32.765" classname="com.timp.test.MDR.CEP.Bairro.BairroEditar"/>
  <testcase name="acessarMDR" time="6.729" classname="com.timp.test.MDR.CEP.Bairro.BairroEditar"/>
  <testcase name="login" time="5.719" classname="com.timp.test.MDR.CEP.Bairro.BairroEditar"/>
</testsuite> <!-- com.timp.test.MDR.CEP.Bairro.BairroEditar -->
