<?xml version="1.0" encoding="UTF-8"?>
<!-- Generated by org.testng.reporters.JUnitReportReporter -->
<testsuite hostname="DESKTOP-SUF121B" failures="0" tests="3" name="com.timp.test.MDR.CEP.Logradouro.LogradouroFiltros" time="31.568" errors="0" timestamp="30 Jul 2020 02:12:14 GMT">
  <testcase classname="com.timp.test.MDR.CEP.Logradouro.LogradouroFiltros" name="login" time="9.591"/>
  <testcase classname="com.timp.test.MDR.CEP.Logradouro.LogradouroFiltros" name="logradouroFiltros" time="9.173"/>
  <testcase classname="com.timp.test.MDR.CEP.Logradouro.LogradouroFiltros" name="acessarMDR" time="12.804"/>
</testsuite> <!-- com.timp.test.MDR.CEP.Logradouro.LogradouroFiltros -->
