<?xml version="1.0" encoding="UTF-8"?>
<!-- Generated by org.testng.reporters.JUnitReportReporter -->
<testsuite hostname="DESKTOP-35UG9UP" name="com.timp.test.MDR.Centralizacao.EstornoCreditoVisualizar" tests="3" failures="0" timestamp="30 Jul 2020 15:40:33 GMT" time="54.458" errors="0">
  <testcase name="acessarMDR" time="13.223" classname="com.timp.test.MDR.Centralizacao.EstornoCreditoVisualizar"/>
  <testcase name="Visualizar" time="29.669" classname="com.timp.test.MDR.Centralizacao.EstornoCreditoVisualizar"/>
  <testcase name="login" time="11.566" classname="com.timp.test.MDR.Centralizacao.EstornoCreditoVisualizar"/>
</testsuite> <!-- com.timp.test.MDR.Centralizacao.EstornoCreditoVisualizar -->
