<?xml version="1.0" encoding="UTF-8"?>
<!-- Generated by org.testng.reporters.JUnitReportReporter -->
<testsuite hostname="LitoSoler" name="com.timp.test.BRB.ValidacaoEstruturas.ATR" tests="3" failures="0" timestamp="19 Jan 2021 19:43:14 GMT" time="207.851" errors="0">
  <testcase name="login" time="7.796" classname="com.timp.test.BRB.ValidacaoEstruturas.ATR"/>
  <testcase name="brbEntrar" time="29.859" classname="com.timp.test.BRB.ValidacaoEstruturas.ATR"/>
  <testcase name="verificar" time="170.196" classname="com.timp.test.BRB.ValidacaoEstruturas.ATR"/>
</testsuite> <!-- com.timp.test.BRB.ValidacaoEstruturas.ATR -->
