<?xml version="1.0" encoding="UTF-8"?>
<!-- Generated by org.testng.reporters.JUnitReportReporter -->
<testsuite hostname="DESKTOP-35UG9UP" name="com.timp.test.BRB.FiltrosAvançados" tests="3" failures="0" timestamp="1 Oct 2020 12:58:14 GMT" time="52.716" errors="0">
  <testcase name="login" time="10.422" classname="com.timp.test.BRB.FiltrosAvançados"/>
  <testcase name="brbEntrar" time="27.170" classname="com.timp.test.BRB.FiltrosAvançados"/>
  <testcase name="filtrosAvanzados" time="15.124" classname="com.timp.test.BRB.FiltrosAvançados"/>
</testsuite> <!-- com.timp.test.BRB.FiltrosAvançados -->
