<?xml version="1.0" encoding="UTF-8"?>
<!-- Generated by org.testng.reporters.JUnitReportReporter -->
<testsuite hostname="DESKTOP-5P4F1JE" failures="0" tests="3" name="com.timp.test.CALENDAR.Tarefas.TarefasVisualizarExecucaoBCB" time="75.027" errors="0" timestamp="19 fev. 2021 12:54:04 GMT" skipped="0">
  <testcase classname="com.timp.test.CALENDAR.Tarefas.TarefasVisualizarExecucaoBCB" name="login" time="10.582"/>
  <testcase classname="com.timp.test.CALENDAR.Tarefas.TarefasVisualizarExecucaoBCB" name="acessarCalendar" time="19.717"/>
  <testcase classname="com.timp.test.CALENDAR.Tarefas.TarefasVisualizarExecucaoBCB" name="CalendarEntrar" time="44.728"/>
</testsuite> <!-- com.timp.test.CALENDAR.Tarefas.TarefasVisualizarExecucaoBCB -->
