<?xml version="1.0" encoding="UTF-8"?>
<!-- Generated by org.testng.reporters.JUnitReportReporter -->
<testsuite hostname="LitoSoler" name="com.timp.test.BRB.FiltroColunas" tests="4" failures="0" timestamp="23 Sep 2020 22:10:21 GMT" time="99.817" errors="0">
  <testcase name="brbEntrar" time="16.584" classname="com.timp.test.BRB.FiltroColunas"/>
  <testcase name="login" time="5.663" classname="com.timp.test.BRB.FiltroColunas"/>
  <testcase name="filtroConFerramenta1" time="57.756" classname="com.timp.test.BRB.FiltroColunas"/>
  <testcase name="filtroConFerramenta2" time="19.814" classname="com.timp.test.BRB.FiltroColunas"/>
</testsuite> <!-- com.timp.test.BRB.FiltroColunas -->
