<?xml version="1.0" encoding="UTF-8"?>
<!-- Generated by org.testng.reporters.JUnitReportReporter -->
<testsuite hostname="LitoSoler" name="com.timp.test.BCB.ParametrosGeraisHierarquiaEditar" tests="3" failures="0" timestamp="21 Jan 2021 00:05:28 GMT" time="87.011" errors="0">
  <testcase name="login" time="7.149" classname="com.timp.test.BCB.ParametrosGeraisHierarquiaEditar"/>
  <testcase name="brbEntrar" time="14.937" classname="com.timp.test.BCB.ParametrosGeraisHierarquiaEditar"/>
  <testcase name="editar" time="64.925" classname="com.timp.test.BCB.ParametrosGeraisHierarquiaEditar"/>
</testsuite> <!-- com.timp.test.BCB.ParametrosGeraisHierarquiaEditar -->
