<?xml version="1.0" encoding="UTF-8"?>
<!-- Generated by org.testng.reporters.JUnitReportReporter -->
<testsuite hostname="MIGUEL" failures="0" tests="1" name="com.timp.test.BRE.CalculoDeTributos.Edicao.CalculodeTributosEdiçãoRelacionamento" time="172.533" errors="0" timestamp="15 abr. 2021 20:57:37 GMT" skipped="0">
  <testcase classname="com.timp.test.BRE.CalculoDeTributos.Edicao.CalculodeTributosEdiçãoRelacionamento" name="editar" time="172.533"/>
</testsuite> <!-- com.timp.test.BRE.CalculoDeTributos.Edicao.CalculodeTributosEdiçãoRelacionamento -->
