<?xml version="1.0" encoding="UTF-8"?>
<!-- Generated by org.testng.reporters.JUnitReportReporter -->
<testsuite hostname="DESKTOP-5P4F1JE" failures="0" tests="3" name="com.timp.test.TFP.Configurações.Bloqueios.SubPeriodo.BloqueioSubPeriodoEditar" time="105.253" errors="0" timestamp="17 Feb 2021 16:41:32 GMT">
  <testcase classname="com.timp.test.TFP.Configurações.Bloqueios.SubPeriodo.BloqueioSubPeriodoEditar" name="TFPEntrar" time="22.023"/>
  <testcase classname="com.timp.test.TFP.Configurações.Bloqueios.SubPeriodo.BloqueioSubPeriodoEditar" name="login" time="8.360"/>
  <testcase classname="com.timp.test.TFP.Configurações.Bloqueios.SubPeriodo.BloqueioSubPeriodoEditar" name="editar" time="74.870"/>
</testsuite> <!-- com.timp.test.TFP.Configurações.Bloqueios.SubPeriodo.BloqueioSubPeriodoEditar -->
