<?xml version="1.0" encoding="UTF-8"?>
<!-- Generated by org.testng.reporters.JUnitReportReporter -->
<testsuite hostname="LitoSoler" name="com.timp.test.MDR.CEP.Bairro.BairroCriar" tests="3" failures="0" timestamp="23 Jul 2020 18:05:39 GMT" time="40.848" errors="0">
  <testcase name="acessarMDR" time="6.703" classname="com.timp.test.MDR.CEP.Bairro.BairroCriar"/>
  <testcase name="criar" time="28.517" classname="com.timp.test.MDR.CEP.Bairro.BairroCriar"/>
  <testcase name="login" time="5.628" classname="com.timp.test.MDR.CEP.Bairro.BairroCriar"/>
</testsuite> <!-- com.timp.test.MDR.CEP.Bairro.BairroCriar -->
