<?xml version="1.0" encoding="UTF-8"?>
<!-- Generated by org.testng.reporters.JUnitReportReporter -->
<testsuite hostname="DESKTOP-C57COV6" failures="0" tests="1" name="com.timp.test.MDR.DeterminacaoDeRelevanciaDeTarefa.DeterminacaoDeRelevanciaPorRegra.CadastroDeCódigoDeRegras.CadastroDeCódigoDeRegrasCriar" time="95.154" errors="0" timestamp="27 ago. 2021 07:35:38 GMT" skipped="0">
  <testcase classname="com.timp.test.MDR.DeterminacaoDeRelevanciaDeTarefa.DeterminacaoDeRelevanciaPorRegra.CadastroDeCódigoDeRegras.CadastroDeCódigoDeRegrasCriar" name="criar" time="95.154"/>
</testsuite> <!-- com.timp.test.MDR.DeterminacaoDeRelevanciaDeTarefa.DeterminacaoDeRelevanciaPorRegra.CadastroDeCódigoDeRegras.CadastroDeCódigoDeRegrasCriar -->
