<?xml version="1.0" encoding="UTF-8"?>
<!-- Generated by org.testng.reporters.JUnitReportReporter -->
<testsuite skipped="0" hostname="LitoSoler" name="com.timp.test.SCANC.RelatoriosRefineriaGerados.RelatorioRefinariaGeradosFiltrosAvacados" tests="3" failures="0" timestamp="11 mar 2021 17:17:32 GMT" time="114.703" errors="0">
  <testcase name="ingresar" time="7.131" classname="com.timp.test.SCANC.RelatoriosRefineriaGerados.RelatorioRefinariaGeradosFiltrosAvacados"/>
  <testcase name="scancEntrar" time="27.037" classname="com.timp.test.SCANC.RelatoriosRefineriaGerados.RelatorioRefinariaGeradosFiltrosAvacados"/>
  <testcase name="filtrosAvancados" time="80.535" classname="com.timp.test.SCANC.RelatoriosRefineriaGerados.RelatorioRefinariaGeradosFiltrosAvacados"/>
</testsuite> <!-- com.timp.test.SCANC.RelatoriosRefineriaGerados.RelatorioRefinariaGeradosFiltrosAvacados -->
