<?xml version="1.0" encoding="UTF-8"?>
<!-- Generated by org.testng.reporters.JUnitReportReporter -->
<testsuite hostname="MIGUEL" failures="0" tests="3" name="com.timp.test.ATR.Estruturas.Estruturas.EstruturasVisualizarFiltros" time="58.279" errors="0" timestamp="19 mar. 2021 14:54:01 GMT" skipped="0">
  <testcase classname="com.timp.test.ATR.Estruturas.Estruturas.EstruturasVisualizarFiltros" name="login" time="10.332"/>
  <testcase classname="com.timp.test.ATR.Estruturas.Estruturas.EstruturasVisualizarFiltros" name="visualizar" time="31.164"/>
  <testcase classname="com.timp.test.ATR.Estruturas.Estruturas.EstruturasVisualizarFiltros" name="ATREntrar" time="16.783"/>
</testsuite> <!-- com.timp.test.ATR.Estruturas.Estruturas.EstruturasVisualizarFiltros -->
