<?xml version="1.0" encoding="UTF-8"?>
<!-- Generated by org.testng.reporters.JUnitReportReporter -->
<testsuite hostname="LitoSoler" name="com.timp.test.MDR.TabelasApoioESocial.Tabela09.TiposDeArquivosESocialCriar" tests="3" failures="0" timestamp="27 Oct 2020 18:21:36 GMT" time="61.052" errors="0">
  <testcase name="login" time="6.022" classname="com.timp.test.MDR.TabelasApoioESocial.Tabela09.TiposDeArquivosESocialCriar"/>
  <testcase name="criar" time="39.774" classname="com.timp.test.MDR.TabelasApoioESocial.Tabela09.TiposDeArquivosESocialCriar"/>
  <testcase name="acessarMDR" time="15.256" classname="com.timp.test.MDR.TabelasApoioESocial.Tabela09.TiposDeArquivosESocialCriar"/>
</testsuite> <!-- com.timp.test.MDR.TabelasApoioESocial.Tabela09.TiposDeArquivosESocialCriar -->
