<?xml version="1.0" encoding="UTF-8"?>
<!-- Generated by org.testng.reporters.JUnitReportReporter -->
<testsuite hostname="DESKTOP-JP1A9E6" failures="0" tests="1" name="com.timp.test.MDR.Empresas.EmpresasDetalhes" time="87.376" errors="0" timestamp="14 jul. 2021 07:19:22 GMT" skipped="0">
  <testcase classname="com.timp.test.MDR.Empresas.EmpresasDetalhes" name="detalhes" time="87.376"/>
</testsuite> <!-- com.timp.test.MDR.Empresas.EmpresasDetalhes -->
