<?xml version="1.0" encoding="UTF-8"?>
<!-- Generated by org.testng.reporters.JUnitReportReporter -->
<testsuite hostname="LitoSoler" name="com.timp.test.MDR.SaldoInicial.SaldoInicialCriar" tests="3" failures="0" timestamp="25 Jan 2021 20:11:16 GMT" time="103.729" errors="0">
  <testcase name="CriarSaldoInicial" time="73.683" classname="com.timp.test.MDR.SaldoInicial.SaldoInicialCriar"/>
  <testcase name="login" time="6.313" classname="com.timp.test.MDR.SaldoInicial.SaldoInicialCriar"/>
  <testcase name="acessarMDR" time="23.733" classname="com.timp.test.MDR.SaldoInicial.SaldoInicialCriar"/>
</testsuite> <!-- com.timp.test.MDR.SaldoInicial.SaldoInicialCriar -->
