<?xml version="1.0" encoding="UTF-8"?>
<!-- Generated by org.testng.reporters.JUnitReportReporter -->
<<<<<<< HEAD
<testsuite hostname="DESKTOP-C57COV6" failures="0" tests="2" name="com.timp.test.MDR.CadastroCondiçao.CadastroCondiçaoExcluirMasas" time="222.572" errors="0" timestamp="15 oct. 2021 12:31:57 GMT" skipped="0">
  <testcase classname="com.timp.test.MDR.CadastroCondiçao.CadastroCondiçaoExcluirMasas" name="criar" time="180.472"/>
  <testcase classname="com.timp.test.MDR.CadastroCondiçao.CadastroCondiçaoExcluirMasas" name="excluir" time="42.100"/>
=======
<testsuite hostname="MassielV" failures="0" tests="2" name="com.timp.test.MDR.CadastroCondiçao.CadastroCondiçaoExcluirMasas" time="236.608" errors="0" timestamp="13 oct. 2021 15:48:46 GMT" skipped="0">
  <testcase classname="com.timp.test.MDR.CadastroCondiçao.CadastroCondiçaoExcluirMasas" name="criar" time="196.188"/>
  <testcase classname="com.timp.test.MDR.CadastroCondiçao.CadastroCondiçaoExcluirMasas" name="excluir" time="40.420"/>
>>>>>>> branch 'Yessy' of https://github.com/salc1997/TIMP_R1.git
</testsuite> <!-- com.timp.test.MDR.CadastroCondiçao.CadastroCondiçaoExcluirMasas -->
