<?xml version="1.0" encoding="UTF-8"?>
<!-- Generated by org.testng.reporters.JUnitReportReporter -->
<testsuite hostname="DESKTOP-35UG9UP" name="com.timp.test.BRB.Eliminar" tests="4" failures="0" timestamp="30 Sep 2020 17:28:46 GMT" time="179.532" errors="0">
  <testcase name="eliminar" time="68.133" classname="com.timp.test.BRB.Eliminar"/>
  <testcase name="eliminarLixeira" time="69.147" classname="com.timp.test.BRB.Eliminar"/>
  <testcase name="brbEntrar" time="29.866" classname="com.timp.test.BRB.Eliminar"/>
  <testcase name="login" time="12.386" classname="com.timp.test.BRB.Eliminar"/>
</testsuite> <!-- com.timp.test.BRB.Eliminar -->
