<?xml version="1.0" encoding="UTF-8"?>
<!-- Generated by org.testng.reporters.JUnitReportReporter -->
<testsuite skipped="0" hostname="LitoSoler" name="com.timp.test.MDR.ContratoIOF.ContratoIOFExcluir" tests="1" failures="0" timestamp="09 mar 2021 00:34:16 GMT" time="79.335" errors="0">
  <testcase name="excluir" time="79.335" classname="com.timp.test.MDR.ContratoIOF.ContratoIOFExcluir"/>
</testsuite> <!-- com.timp.test.MDR.ContratoIOF.ContratoIOFExcluir -->
