<?xml version="1.0" encoding="UTF-8"?>
<!-- Generated by org.testng.reporters.JUnitReportReporter -->
<testsuite hostname="MIGUEL" failures="0" tests="3" name="com.timp.test.TAA.Agendamento.AgendamentoVer" time="70.698" errors="0" timestamp="5 Jan 2021 20:40:33 GMT">
  <testcase classname="com.timp.test.TAA.Agendamento.AgendamentoVer" name="ver" time="43.240"/>
  <testcase classname="com.timp.test.TAA.Agendamento.AgendamentoVer" name="ingresarTAA" time="19.395"/>
  <testcase classname="com.timp.test.TAA.Agendamento.AgendamentoVer" name="ingresar" time="8.063"/>
</testsuite> <!-- com.timp.test.TAA.Agendamento.AgendamentoVer -->
