<?xml version="1.0" encoding="UTF-8"?>
<!-- Generated by org.testng.reporters.JUnitReportReporter -->
<testsuite hostname="DESKTOP-M23FVFN" failures="0" tests="3" name="com.timp.test.BRB.Formula" time="206.580" errors="0" timestamp="2022-09-07T14:14:43 BRT" skipped="0">
  <testcase classname="com.timp.test.BRB.Formula" name="aplicar" time="14.160"/>
  <system-out/>
  <testcase classname="com.timp.test.BRB.Formula" name="formulaBoton" time="107.931"/>
  <system-out/>
  <testcase classname="com.timp.test.BRB.Formula" name="formulaColuna" time="84.489"/>
  <system-out/>
</testsuite> <!-- com.timp.test.BRB.Formula -->
