<?xml version="1.0" encoding="UTF-8"?>
<!-- Generated by org.testng.reporters.JUnitReportReporter -->
<testsuite hostname="LitoSoler" name="com.timp.test.MDR.LimiteCompetencia.LimiteCompetenciaEditar" tests="3" failures="0" timestamp="25 Aug 2020 22:08:34 GMT" time="390.676" errors="0">
  <testcase name="acessarMDR" time="8.408" classname="com.timp.test.MDR.LimiteCompetencia.LimiteCompetenciaEditar"/>
  <testcase name="login" time="6.557" classname="com.timp.test.MDR.LimiteCompetencia.LimiteCompetenciaEditar"/>
  <testcase name="criar" time="375.711" classname="com.timp.test.MDR.LimiteCompetencia.LimiteCompetenciaEditar"/>
</testsuite> <!-- com.timp.test.MDR.LimiteCompetencia.LimiteCompetenciaEditar -->
