<?xml version="1.0" encoding="UTF-8"?>
<!-- Generated by org.testng.reporters.JUnitReportReporter -->
<testsuite hostname="DESKTOP-BNBDMGT" failures="0" tests="3" name="com.timp.test.BCB.ParametrosGeraisConfiguraçãoConfiguraçãoDetalhes" time="25.310" errors="0" timestamp="28 Jan 2021 00:00:05 GMT">
  <testcase classname="com.timp.test.BCB.ParametrosGeraisConfiguraçãoConfiguraçãoDetalhes" name="brbEntrar" time="17.093"/>
  <testcase classname="com.timp.test.BCB.ParametrosGeraisConfiguraçãoConfiguraçãoDetalhes" name="detalhes" time="0.003"/>
  <testcase classname="com.timp.test.BCB.ParametrosGeraisConfiguraçãoConfiguraçãoDetalhes" name="login" time="8.214"/>
</testsuite> <!-- com.timp.test.BCB.ParametrosGeraisConfiguraçãoConfiguraçãoDetalhes -->
