<?xml version="1.0" encoding="UTF-8"?>
<!-- Generated by org.testng.reporters.JUnitReportReporter -->
<testsuite hostname="MassielV" failures="0" tests="2" name="com.timp.test.MDR.Siscoserv.NBS.NBSExcluirMassa" time="214.254" errors="0" timestamp="18 oct. 2021 15:52:27 GMT" skipped="0">
  <testcase classname="com.timp.test.MDR.Siscoserv.NBS.NBSExcluirMassa" name="criar" time="164.739"/>
  <testcase classname="com.timp.test.MDR.Siscoserv.NBS.NBSExcluirMassa" name="excluirMassa" time="49.515"/>
</testsuite> <!-- com.timp.test.MDR.Siscoserv.NBS.NBSExcluirMassa -->
