<?xml version="1.0" encoding="UTF-8"?>
<!-- Generated by org.testng.reporters.JUnitReportReporter -->
<testsuite hostname="Agile" failures="0" tests="1" name="com.timp.test.MDR.TabelasComplementaresParaObrigaçoesAcessorias.TabelaDeAtribuicaoDeCodigoCFOP.TabelaDeAtribuicaoDeCodigoCFOPExcluirEmMassa" time="369.532" errors="0" timestamp="31 ene. 2022 05:42:03 GMT" skipped="0">
  <testcase classname="com.timp.test.MDR.TabelasComplementaresParaObrigaçoesAcessorias.TabelaDeAtribuicaoDeCodigoCFOP.TabelaDeAtribuicaoDeCodigoCFOPExcluirEmMassa" name="criar" time="369.532"/>
</testsuite> <!-- com.timp.test.MDR.TabelasComplementaresParaObrigaçoesAcessorias.TabelaDeAtribuicaoDeCodigoCFOP.TabelaDeAtribuicaoDeCodigoCFOPExcluirEmMassa -->
