<?xml version="1.0" encoding="UTF-8"?>
<!-- Generated by org.testng.reporters.JUnitReportReporter -->
<testsuite hostname="LitoSoler" name="com.timp.test.MDR.SaldoInicialDiferido.SaldoInicialDiferidoExcluir" tests="3" failures="0" timestamp="8 Oct 2020 17:55:17 GMT" time="103.334" errors="0">
  <testcase name="login" time="11.604" classname="com.timp.test.MDR.SaldoInicialDiferido.SaldoInicialDiferidoExcluir"/>
  <testcase name="acessarMDR" time="19.768" classname="com.timp.test.MDR.SaldoInicialDiferido.SaldoInicialDiferidoExcluir"/>
  <testcase name="editar" time="71.962" classname="com.timp.test.MDR.SaldoInicialDiferido.SaldoInicialDiferidoExcluir"/>
</testsuite> <!-- com.timp.test.MDR.SaldoInicialDiferido.SaldoInicialDiferidoExcluir -->
