<?xml version="1.0" encoding="UTF-8"?>
<!-- Generated by org.testng.reporters.JUnitReportReporter -->
<testsuite hostname="LitoSoler" name="com.timp.test.MDR.CodigoContabilizacao.CodigoContabalizacaoDetalhes" tests="3" failures="0" timestamp="23 Oct 2020 20:45:32 GMT" time="54.050" errors="0">
  <testcase name="login" time="7.457" classname="com.timp.test.MDR.CodigoContabilizacao.CodigoContabalizacaoDetalhes"/>
  <testcase name="acessarMDR" time="16.615" classname="com.timp.test.MDR.CodigoContabilizacao.CodigoContabalizacaoDetalhes"/>
  <testcase name="detalhes" time="29.978" classname="com.timp.test.MDR.CodigoContabilizacao.CodigoContabalizacaoDetalhes"/>
</testsuite> <!-- com.timp.test.MDR.CodigoContabilizacao.CodigoContabalizacaoDetalhes -->
