<?xml version="1.0" encoding="UTF-8"?>
<!-- Generated by org.testng.reporters.JUnitReportReporter -->
<testsuite hostname="DESKTOP-BNBDMGT" failures="0" tests="3" name="com.timp.test.CALENDAR.Tarefas.TarefasExecutarConfiguracaoBFB" time="104.997" errors="0" timestamp="06 abr. 2021 05:05:29 GMT" skipped="0">
  <testcase classname="com.timp.test.CALENDAR.Tarefas.TarefasExecutarConfiguracaoBFB" name="login" time="5.786"/>
  <testcase classname="com.timp.test.CALENDAR.Tarefas.TarefasExecutarConfiguracaoBFB" name="acessarCalendar" time="25.074"/>
  <testcase classname="com.timp.test.CALENDAR.Tarefas.TarefasExecutarConfiguracaoBFB" name="CalendarEntrar" time="74.137"/>
</testsuite> <!-- com.timp.test.CALENDAR.Tarefas.TarefasExecutarConfiguracaoBFB -->
