<?xml version="1.0" encoding="UTF-8"?>
<!-- Generated by org.testng.reporters.JUnitReportReporter -->
<testsuite hostname="MIGUEL" failures="0" tests="2" name="com.timp.test.MDR.TabelasComplementaresParaObrigaçoesAcessorias.TabelaDeDetalhamentosParaRegistro11.TabelaDeDetalhamentosParaRegistro11ExcluirEmMassa" time="151.405" errors="0" timestamp="17 abr. 2021 06:44:40 GMT" skipped="0">
  <testcase classname="com.timp.test.MDR.TabelasComplementaresParaObrigaçoesAcessorias.TabelaDeDetalhamentosParaRegistro11.TabelaDeDetalhamentosParaRegistro11ExcluirEmMassa" name="excluriEmMassa" time="29.654"/>
  <testcase classname="com.timp.test.MDR.TabelasComplementaresParaObrigaçoesAcessorias.TabelaDeDetalhamentosParaRegistro11.TabelaDeDetalhamentosParaRegistro11ExcluirEmMassa" name="criar" time="121.751"/>
</testsuite> <!-- com.timp.test.MDR.TabelasComplementaresParaObrigaçoesAcessorias.TabelaDeDetalhamentosParaRegistro11.TabelaDeDetalhamentosParaRegistro11ExcluirEmMassa -->
