<?xml version="1.0" encoding="UTF-8"?>
<!-- Generated by org.testng.reporters.JUnitReportReporter -->
<testsuite hostname="DESKTOP-BNBDMGT" failures="0" tests="3" name="com.timp.test.BCB.ParametrosGeraisConfiguraçãoConfiguraçãoDetalhes" time="27.718" errors="0" timestamp="10 Feb 2021 22:45:03 GMT">
  <testcase classname="com.timp.test.BCB.ParametrosGeraisConfiguraçãoConfiguraçãoDetalhes" name="detalhes" time="0.000"/>
  <testcase classname="com.timp.test.BCB.ParametrosGeraisConfiguraçãoConfiguraçãoDetalhes" name="login" time="12.572"/>
  <testcase classname="com.timp.test.BCB.ParametrosGeraisConfiguraçãoConfiguraçãoDetalhes" name="brbEntrar" time="15.146"/>
</testsuite> <!-- com.timp.test.BCB.ParametrosGeraisConfiguraçãoConfiguraçãoDetalhes -->
