<?xml version="1.0" encoding="UTF-8"?>
<!-- Generated by org.testng.reporters.JUnitReportReporter -->
<testsuite hostname="LitoSoler" name="com.timp.test.MDR.CodigoReceita.CodigoReceitaExcluir" tests="3" failures="0" timestamp="22 Dec 2020 03:30:06 GMT" time="70.734" errors="0">
  <testcase name="login" time="7.636" classname="com.timp.test.MDR.CodigoReceita.CodigoReceitaExcluir"/>
  <testcase name="acessarMDR" time="23.307" classname="com.timp.test.MDR.CodigoReceita.CodigoReceitaExcluir"/>
  <testcase name="excluir" time="39.791" classname="com.timp.test.MDR.CodigoReceita.CodigoReceitaExcluir"/>
</testsuite> <!-- com.timp.test.MDR.CodigoReceita.CodigoReceitaExcluir -->
