<?xml version="1.0" encoding="UTF-8"?>
<!-- Generated by org.testng.reporters.JUnitReportReporter -->
<testsuite hostname="LAPTOP-IN7IV9K5" failures="0" tests="1" name="com.timp.test.BRB.EditarRelatorio" time="91.554" errors="0" timestamp="10 may. 2021 20:08:26 GMT" skipped="0">
  <testcase classname="com.timp.test.BRB.EditarRelatorio" name="editar" time="91.554"/>
</testsuite> <!-- com.timp.test.BRB.EditarRelatorio -->
