<?xml version="1.0" encoding="UTF-8"?>
<!-- Generated by org.testng.reporters.JUnitReportReporter -->
<testsuite hostname="LitoSoler" name="com.timp.test.MDR.CodigoReceita.CodigoReceitaDetalhes" tests="3" failures="0" timestamp="22 Dec 2020 03:26:45 GMT" time="62.780" errors="0">
  <testcase name="acessarMDR" time="22.024" classname="com.timp.test.MDR.CodigoReceita.CodigoReceitaDetalhes"/>
  <testcase name="detalhes" time="33.465" classname="com.timp.test.MDR.CodigoReceita.CodigoReceitaDetalhes"/>
  <testcase name="login" time="7.291" classname="com.timp.test.MDR.CodigoReceita.CodigoReceitaDetalhes"/>
</testsuite> <!-- com.timp.test.MDR.CodigoReceita.CodigoReceitaDetalhes -->
