<?xml version="1.0" encoding="UTF-8"?>
<!-- Generated by org.testng.reporters.JUnitReportReporter -->
<testsuite hostname="DESKTOP-C57COV6" failures="0" tests="2" name="com.timp.test.TDK.Dashboard.DashboardCriar" time="462.202" errors="0" timestamp="17 ago. 2021 15:48:24 GMT" skipped="0">
  <testcase classname="com.timp.test.TDK.Dashboard.DashboardCriar" name="criar" time="213.397"/>
  <testcase classname="com.timp.test.TDK.Dashboard.DashboardCriar" name="criar" time="248.805"/>
</testsuite> <!-- com.timp.test.TDK.Dashboard.DashboardCriar -->
