<?xml version="1.0" encoding="UTF-8"?>
<!-- Generated by org.testng.reporters.JUnitReportReporter -->
<testsuite hostname="CRISTHIAN-VASQUEZ" failures="0" tests="3" name="com.timp.test.CALENDAR.MultiplosUsuariosCalendar" time="71.703" errors="0" timestamp="01 mar. 2021 16:26:17 GMT" skipped="0">
  <testcase classname="com.timp.test.CALENDAR.MultiplosUsuariosCalendar" name="login" time="11.582"/>
  <testcase classname="com.timp.test.CALENDAR.MultiplosUsuariosCalendar" name="acessarCalendar" time="23.906"/>
  <testcase classname="com.timp.test.CALENDAR.MultiplosUsuariosCalendar" name="Calendar" time="36.215"/>
</testsuite> <!-- com.timp.test.CALENDAR.MultiplosUsuariosCalendar -->
