<?xml version="1.0" encoding="UTF-8"?>
<!-- Generated by org.testng.reporters.JUnitReportReporter -->
<<<<<<< HEAD
<testsuite hostname="LAPTOP-IN7IV9K5" failures="0" tests="1" name="com.timp.test.TDK.Execucoes.ExecucoesPublicas.ExecucoesFiltroPorIDMasLimpiarFiltros" time="75.417" errors="0" timestamp="25 jun. 2021 09:13:32 GMT" skipped="0">
  <testcase classname="com.timp.test.TDK.Execucoes.ExecucoesPublicas.ExecucoesFiltroPorIDMasLimpiarFiltros" name="detalhes" time="75.417"/>
=======
<testsuite hostname="DESKTOP-C57COV6" failures="0" tests="1" name="com.timp.test.TDK.Execucoes.ExecucoesPublicas.ExecucoesFiltroPorIDMasLimpiarFiltros" time="99.404" errors="0" timestamp="17 ago. 2021 15:48:23 GMT" skipped="0">
  <testcase classname="com.timp.test.TDK.Execucoes.ExecucoesPublicas.ExecucoesFiltroPorIDMasLimpiarFiltros" name="detalhes" time="99.404"/>
>>>>>>> refs/remotes/origin/Yessy
</testsuite> <!-- com.timp.test.TDK.Execucoes.ExecucoesPublicas.ExecucoesFiltroPorIDMasLimpiarFiltros -->
