<?xml version="1.0" encoding="UTF-8"?>
<!-- Generated by org.testng.reporters.JUnitReportReporter -->
<testsuite hostname="LitoSoler" name="com.timp.test.MDR.CadastroCondiçao.CadastroCondicaoExcluir" tests="3" failures="0" timestamp="19 Aug 2020 21:00:17 GMT" time="258.949" errors="0">
  <testcase name="login" time="10.834" classname="com.timp.test.MDR.CadastroCondiçao.CadastroCondicaoExcluir"/>
  <testcase name="acessarMDR" time="153.407" classname="com.timp.test.MDR.CadastroCondiçao.CadastroCondicaoExcluir"/>
  <testcase name="Excluir" time="94.708" classname="com.timp.test.MDR.CadastroCondiçao.CadastroCondicaoExcluir"/>
</testsuite> <!-- com.timp.test.MDR.CadastroCondiçao.CadastroCondicaoExcluir -->
