<?xml version="1.0" encoding="UTF-8"?>
<!-- Generated by org.testng.reporters.JUnitReportReporter -->
<testsuite hostname="DESKTOP-M23FVFN" failures="0" tests="1" name="com.timp.test.MDR.TabelasApoioSped.ClassificaçaoDeContribuintesDoIPI.ClassificaçaoDeContribuintesDoIPIFiltrosAvançados" time="233.092" errors="0" timestamp="17 feb. 2022 04:33:49 GMT" skipped="0">
  <testcase classname="com.timp.test.MDR.TabelasApoioSped.ClassificaçaoDeContribuintesDoIPI.ClassificaçaoDeContribuintesDoIPIFiltrosAvançados" name="filtros" time="233.092"/>
</testsuite> <!-- com.timp.test.MDR.TabelasApoioSped.ClassificaçaoDeContribuintesDoIPI.ClassificaçaoDeContribuintesDoIPIFiltrosAvançados -->
