<?xml version="1.0" encoding="UTF-8"?>
<!-- Generated by org.testng.reporters.JUnitReportReporter -->
<testsuite hostname="LitoSoler" name="com.timp.test.BRB.Exportar" tests="4" failures="0" timestamp="2 Jul 2020 16:23:43 GMT" time="77.172" errors="0">
  <testcase name="brbEntrar" time="11.700" classname="com.timp.test.BRB.Exportar"/>
  <testcase name="exportarXLSX" time="18.579" classname="com.timp.test.BRB.Exportar"/>
  <testcase name="exportarCSV" time="39.585" classname="com.timp.test.BRB.Exportar"/>
  <testcase name="login" time="7.308" classname="com.timp.test.BRB.Exportar"/>
</testsuite> <!-- com.timp.test.BRB.Exportar -->
