<?xml version="1.0" encoding="UTF-8"?>
<!-- Generated by org.testng.reporters.JUnitReportReporter -->
<testsuite hostname="LitoSoler" name="com.timp.test.MDR.AtividadesFiscais.AtividadeFiscal.AtividadeVisualizar" tests="3" failures="0" timestamp="18 Nov 2020 17:38:04 GMT" time="67.704" errors="0">
  <testcase name="login" time="6.732" classname="com.timp.test.MDR.AtividadesFiscais.AtividadeFiscal.AtividadeVisualizar"/>
  <testcase name="acessarMDR" time="25.180" classname="com.timp.test.MDR.AtividadesFiscais.AtividadeFiscal.AtividadeVisualizar"/>
  <testcase name="visualizar" time="35.792" classname="com.timp.test.MDR.AtividadesFiscais.AtividadeFiscal.AtividadeVisualizar"/>
</testsuite> <!-- com.timp.test.MDR.AtividadesFiscais.AtividadeFiscal.AtividadeVisualizar -->
