<?xml version="1.0" encoding="UTF-8"?>
<!-- Generated by org.testng.reporters.JUnitReportReporter -->
<testsuite hostname="DESKTOP-5P4F1JE" failures="0" tests="3" name="com.timp.test.TDK.Dashboard.DashboardPublicos.DashboardFiltroPorID" time="72.482" errors="0" timestamp="10 Feb 2021 14:38:35 GMT">
  <testcase classname="com.timp.test.TDK.Dashboard.DashboardPublicos.DashboardFiltroPorID" name="acessarTDK" time="25.900"/>
  <testcase classname="com.timp.test.TDK.Dashboard.DashboardPublicos.DashboardFiltroPorID" name="login" time="8.484"/>
  <testcase classname="com.timp.test.TDK.Dashboard.DashboardPublicos.DashboardFiltroPorID" name="filtro" time="38.098"/>
</testsuite> <!-- com.timp.test.TDK.Dashboard.DashboardPublicos.DashboardFiltroPorID -->
