<?xml version="1.0" encoding="UTF-8"?>
<!-- Generated by org.testng.reporters.JUnitReportReporter -->
<testsuite hostname="DESKTOP-M23FVFN" failures="0" tests="2" name="com.timp.test.MDR.Antecipacao.AntecipacaoExcluirMassa" time="602.947" errors="0" timestamp="16 feb. 2022 23:00:03 GMT" skipped="0">
  <testcase classname="com.timp.test.MDR.Antecipacao.AntecipacaoExcluirMassa" name="criar" time="541.978"/>
  <testcase classname="com.timp.test.MDR.Antecipacao.AntecipacaoExcluirMassa" name="excluir" time="60.969"/>
</testsuite> <!-- com.timp.test.MDR.Antecipacao.AntecipacaoExcluirMassa -->
