<?xml version="1.0" encoding="UTF-8"?>
<!-- Generated by org.testng.reporters.JUnitReportReporter -->
<testsuite hostname="EC2AMAZ-8HCHO4G" failures="0" tests="1" name="com.timp.test.BRB.OutputdeReferencia" time="163.361" errors="0" timestamp="2023-03-08T19:08:08 UTC" skipped="0">
  <testcase classname="com.timp.test.BRB.OutputdeReferencia" name="outputReferencia" time="163.361"/>
  <system-out/>
</testsuite> <!-- com.timp.test.BRB.OutputdeReferencia -->
