<?xml version="1.0" encoding="UTF-8"?>
<!-- Generated by org.testng.reporters.JUnitReportReporter -->
<testsuite hostname="DESKTOP-5P4F1JE" failures="0" tests="3" name="com.timp.test.CALENDAR.Tarefas.TarefasExecutarConfiguracaoBFB" time="115.303" errors="0" timestamp="19 fev. 2021 13:17:01 GMT" skipped="0">
  <testcase classname="com.timp.test.CALENDAR.Tarefas.TarefasExecutarConfiguracaoBFB" name="login" time="9.099"/>
  <testcase classname="com.timp.test.CALENDAR.Tarefas.TarefasExecutarConfiguracaoBFB" name="acessarCalendar" time="41.424"/>
  <testcase classname="com.timp.test.CALENDAR.Tarefas.TarefasExecutarConfiguracaoBFB" name="CalendarEntrar" time="64.780"/>
</testsuite> <!-- com.timp.test.CALENDAR.Tarefas.TarefasExecutarConfiguracaoBFB -->
