<?xml version="1.0" encoding="UTF-8"?>
<!-- Generated by org.testng.reporters.JUnitReportReporter -->
<testsuite hostname="EC2AMAZ-8HCHO4G" failures="0" tests="3" name="com.timp.test.SCANC.OficiosExtemporaneos.OficiosExtemporaneosExcluir" time="74.224" errors="0" timestamp="2023-11-15T16:57:12 UTC" skipped="0">
  <testcase classname="com.timp.test.SCANC.OficiosExtemporaneos.OficiosExtemporaneosExcluir" name="ingresar" time="6.611"/>
  <system-out/>
  <testcase classname="com.timp.test.SCANC.OficiosExtemporaneos.OficiosExtemporaneosExcluir" name="scancEntrar" time="16.142"/>
  <system-out/>
  <testcase classname="com.timp.test.SCANC.OficiosExtemporaneos.OficiosExtemporaneosExcluir" name="criar" time="51.471"/>
  <system-out/>
</testsuite> <!-- com.timp.test.SCANC.OficiosExtemporaneos.OficiosExtemporaneosExcluir -->
