<?xml version="1.0" encoding="UTF-8"?>
<!-- Generated by org.testng.reporters.JUnitReportReporter -->
<testsuite hostname="LitoSoler" name="com.timp.test.BRB.FormatacaoEVariante" tests="4" failures="0" timestamp="30 Sep 2020 19:33:17 GMT" time="164.510" errors="0">
  <testcase name="login" time="10.409" classname="com.timp.test.BRB.FormatacaoEVariante"/>
  <testcase name="brbEntrar" time="31.655" classname="com.timp.test.BRB.FormatacaoEVariante"/>
  <testcase name="formatacaoEVariante" time="97.024" classname="com.timp.test.BRB.FormatacaoEVariante"/>
  <testcase name="excluirVariante" time="25.422" classname="com.timp.test.BRB.FormatacaoEVariante"/>
</testsuite> <!-- com.timp.test.BRB.FormatacaoEVariante -->
