<?xml version="1.0" encoding="UTF-8"?>
<!-- Generated by org.testng.reporters.JUnitReportReporter -->
<testsuite hostname="CRISTHIAN-VASQUEZ" failures="0" tests="3" name="com.timp.test.TPC.ParâmetrosGeraisVisualizar" time="77.131" errors="0" timestamp="17 Jan 2021 16:36:33 GMT">
  <testcase classname="com.timp.test.TPC.ParâmetrosGeraisVisualizar" name="ingresar" time="10.022"/>
  <testcase classname="com.timp.test.TPC.ParâmetrosGeraisVisualizar" name="ingresarTPC" time="25.976"/>
  <testcase classname="com.timp.test.TPC.ParâmetrosGeraisVisualizar" name="visualizar" time="41.133"/>
</testsuite> <!-- com.timp.test.TPC.ParâmetrosGeraisVisualizar -->
