<?xml version="1.0" encoding="UTF-8"?>
<!-- Generated by org.testng.reporters.JUnitReportReporter -->
<testsuite hostname="DESKTOP-M23FVFN" failures="0" tests="1" name="com.timp.test.MDR.SaldoInicial.SaldoInicialFiltroAvan" time="318.921" errors="0" timestamp="30 ene. 2022 05:58:23 GMT" skipped="0">
  <testcase classname="com.timp.test.MDR.SaldoInicial.SaldoInicialFiltroAvan" name="FiltrarAvanSaldoIncial" time="318.921"/>
</testsuite> <!-- com.timp.test.MDR.SaldoInicial.SaldoInicialFiltroAvan -->
