<?xml version="1.0" encoding="UTF-8"?>
<!-- Generated by org.testng.reporters.JUnitReportReporter -->
<testsuite hostname="DESKTOP-JP1A9E6" failures="0" tests="3" name="com.timp.test.DFG.Painel.PainelNovaConfiguração" time="136.334" errors="0" timestamp="16 jul. 2021 22:15:06 GMT" skipped="0">
  <testcase classname="com.timp.test.DFG.Painel.PainelNovaConfiguração" name="ingresar" time="14.425"/>
  <testcase classname="com.timp.test.DFG.Painel.PainelNovaConfiguração" name="DFGEntrar" time="44.748"/>
  <testcase classname="com.timp.test.DFG.Painel.PainelNovaConfiguração" name="criar" time="77.161"/>
</testsuite> <!-- com.timp.test.DFG.Painel.PainelNovaConfiguração -->
