<?xml version="1.0" encoding="UTF-8"?>
<!-- Generated by org.testng.reporters.JUnitReportReporter -->
<testsuite hostname="DESKTOP-5P4F1JE" failures="0" tests="3" name="com.timp.test.MDR.TabelasComplementaresParaObrigaçoesAcessorias.TabelaLogradouros.TabelaLogradouroExcluirEmMassa" time="127.761" errors="0" timestamp="16 Nov 2020 21:02:21 GMT">
  <testcase classname="com.timp.test.MDR.TabelasComplementaresParaObrigaçoesAcessorias.TabelaLogradouros.TabelaLogradouroExcluirEmMassa" name="acessarMDR" time="23.568"/>
  <testcase classname="com.timp.test.MDR.TabelasComplementaresParaObrigaçoesAcessorias.TabelaLogradouros.TabelaLogradouroExcluirEmMassa" name="criar" time="95.593"/>
  <testcase classname="com.timp.test.MDR.TabelasComplementaresParaObrigaçoesAcessorias.TabelaLogradouros.TabelaLogradouroExcluirEmMassa" name="login" time="8.600"/>
</testsuite> <!-- com.timp.test.MDR.TabelasComplementaresParaObrigaçoesAcessorias.TabelaLogradouros.TabelaLogradouroExcluirEmMassa -->
