<?xml version="1.0" encoding="UTF-8"?>
<<<<<<< HEAD
=======
<<<<<<< HEAD
<!-- Generated by org.testng.reporters.JUnitReportReporter -->
<testsuite hostname="LAPTOP-IN7IV9K5" failures="0" tests="1" name="com.timp.test.MDR.CEP.Bairro.BairroCriar" time="134.433" errors="0" timestamp="30 mar. 2021 02:14:10 GMT" skipped="0">
  <testcase classname="com.timp.test.MDR.CEP.Bairro.BairroCriar" name="criar" time="134.433"/>
=======
>>>>>>> refs/remotes/origin/master
<!-- Generated by org.testng.reporters.JUnitReportReporter -->
<testsuite hostname="LAPTOP-IN7IV9K5" failures="0" tests="1" name="com.timp.test.MDR.CEP.Bairro.BairroCriar" time="64.073" errors="0" timestamp="09 abr. 2021 04:09:04 GMT" skipped="0">
  <testcase classname="com.timp.test.MDR.CEP.Bairro.BairroCriar" name="criar" time="64.073"/>
>>>>>>> refs/remotes/origin/Kenssy
</testsuite> <!-- com.timp.test.MDR.CEP.Bairro.BairroCriar -->
