<?xml version="1.0" encoding="UTF-8"?>
<!-- Generated by org.testng.reporters.JUnitReportReporter -->
<testsuite hostname="EC2AMAZ-8HCHO4G" failures="0" tests="3" name="com.timp.test.SCANC.RelatoriosRefineriaGerados.RRFConfiguracaoDeAjusteFiltrosAvancados" time="180.878" errors="0" timestamp="2023-04-24T21:42:15 UTC" skipped="0">
  <testcase classname="com.timp.test.SCANC.RelatoriosRefineriaGerados.RRFConfiguracaoDeAjusteFiltrosAvancados" name="ingresar" time="6.576"/>
  <system-out/>
  <testcase classname="com.timp.test.SCANC.RelatoriosRefineriaGerados.RRFConfiguracaoDeAjusteFiltrosAvancados" name="scancEntrar" time="17.545"/>
  <system-out/>
  <testcase classname="com.timp.test.SCANC.RelatoriosRefineriaGerados.RRFConfiguracaoDeAjusteFiltrosAvancados" name="filtrosAvancados" time="156.757"/>
  <system-out/>
</testsuite> <!-- com.timp.test.SCANC.RelatoriosRefineriaGerados.RRFConfiguracaoDeAjusteFiltrosAvancados -->
