<?xml version="1.0" encoding="UTF-8"?>
<!-- Generated by org.testng.reporters.JUnitReportReporter -->
<testsuite hostname="LitoSoler" name="com.timp.test.MDR.CEP.Municipio.MunicipioEditar" tests="3" failures="0" timestamp="2 Feb 2021 17:00:56 GMT" time="90.889" errors="0">
  <testcase name="login" time="8.731" classname="com.timp.test.MDR.CEP.Municipio.MunicipioEditar"/>
  <testcase name="editar" time="49.915" classname="com.timp.test.MDR.CEP.Municipio.MunicipioEditar"/>
  <testcase name="acessarMDR" time="32.243" classname="com.timp.test.MDR.CEP.Municipio.MunicipioEditar"/>
</testsuite> <!-- com.timp.test.MDR.CEP.Municipio.MunicipioEditar -->
