<?xml version="1.0" encoding="UTF-8"?>
<!-- Generated by org.testng.reporters.JUnitReportReporter -->
<testsuite hostname="DESKTOP-C57COV6" failures="0" tests="2" name="com.timp.test.MDR.PrecoDeTransferencia.ValoresParaMetodo.ValoresParaMetodoPCI.ValoresParaMetodoPCIExcluirEmMassa" time="207.918" errors="0" timestamp="02 sep. 2021 22:15:15 GMT" skipped="0">
  <testcase classname="com.timp.test.MDR.PrecoDeTransferencia.ValoresParaMetodo.ValoresParaMetodoPCI.ValoresParaMetodoPCIExcluirEmMassa" name="excluirEmMassa" time="33.771"/>
  <testcase classname="com.timp.test.MDR.PrecoDeTransferencia.ValoresParaMetodo.ValoresParaMetodoPCI.ValoresParaMetodoPCIExcluirEmMassa" name="criar" time="174.147"/>
</testsuite> <!-- com.timp.test.MDR.PrecoDeTransferencia.ValoresParaMetodo.ValoresParaMetodoPCI.ValoresParaMetodoPCIExcluirEmMassa -->
