<?xml version="1.0" encoding="UTF-8"?>
<!-- Generated by org.testng.reporters.JUnitReportReporter -->
<testsuite skipped="0" hostname="LitoSoler" name="com.timp.test.MDR.CadastroDerex.InstituicaoFinanceira.InstituicaoExcluirMasas" tests="2" failures="0" timestamp="24 feb 2021 16:56:24 GMT" time="173.469" errors="0">
  <testcase name="excluir" time="31.285" classname="com.timp.test.MDR.CadastroDerex.InstituicaoFinanceira.InstituicaoExcluirMasas"/>
  <testcase name="criar" time="142.184" classname="com.timp.test.MDR.CadastroDerex.InstituicaoFinanceira.InstituicaoExcluirMasas"/>
</testsuite> <!-- com.timp.test.MDR.CadastroDerex.InstituicaoFinanceira.InstituicaoExcluirMasas -->
