<?xml version="1.0" encoding="UTF-8"?>
<!-- Generated by org.testng.reporters.JUnitReportReporter -->
<testsuite hostname="LitoSoler" name="com.timp.test.MDR.ThinCapitalization.Emprestimos.EmprestimosExcluir" tests="3" failures="0" timestamp="22 Jan 2021 23:05:05 GMT" time="75.080" errors="0">
  <testcase name="ingresar" time="7.230" classname="com.timp.test.MDR.ThinCapitalization.Emprestimos.EmprestimosExcluir"/>
  <testcase name="mdrEntrar" time="27.529" classname="com.timp.test.MDR.ThinCapitalization.Emprestimos.EmprestimosExcluir"/>
  <testcase name="excluirEmprestimos" time="40.321" classname="com.timp.test.MDR.ThinCapitalization.Emprestimos.EmprestimosExcluir"/>
</testsuite> <!-- com.timp.test.MDR.ThinCapitalization.Emprestimos.EmprestimosExcluir -->
