<?xml version="1.0" encoding="UTF-8"?>
<!-- Generated by org.testng.reporters.JUnitReportReporter -->
<testsuite hostname="EC2AMAZ-8HCHO4G" failures="0" tests="3" name="com.timp.test.BRB.FiltrosRelatorio" time="292.486" errors="0" timestamp="2023-03-03T20:56:26 UTC" skipped="0">
  <testcase classname="com.timp.test.BRB.FiltrosRelatorio" name="BfiltrosBiblioteca" time="94.418"/>
  <system-out/>
  <testcase classname="com.timp.test.BRB.FiltrosRelatorio" name="CasignarValores" time="27.892"/>
  <system-out/>
  <testcase classname="com.timp.test.BRB.FiltrosRelatorio" name="AfiltrosEditor" time="170.176"/>
  <system-out/>
</testsuite> <!-- com.timp.test.BRB.FiltrosRelatorio -->
