<?xml version="1.0" encoding="UTF-8"?>
<!-- Generated by org.testng.reporters.JUnitReportReporter -->
<testsuite hostname="DESKTOP-M23FVFN" failures="0" tests="1" name="com.timp.test.MDR.CadastroCondiçao.CadasatroCondicaoVisualizar" time="95.382" errors="0" timestamp="19 dic. 2021 08:06:18 GMT" skipped="0">
  <testcase classname="com.timp.test.MDR.CadastroCondiçao.CadasatroCondicaoVisualizar" name="visualizar" time="95.382"/>
</testsuite> <!-- com.timp.test.MDR.CadastroCondiçao.CadasatroCondicaoVisualizar -->
