<?xml version="1.0" encoding="UTF-8"?>
<!-- Generated by org.testng.reporters.JUnitReportReporter -->
<testsuite hostname="DESKTOP-5P4F1JE" failures="0" tests="3" name="com.timp.test.MDR.Siscoserv.NBS.NBSCriar" time="135.590" errors="0" timestamp="19 Oct 2020 20:41:36 GMT">
  <testcase classname="com.timp.test.MDR.Siscoserv.NBS.NBSCriar" name="login" time="7.784"/>
  <testcase classname="com.timp.test.MDR.Siscoserv.NBS.NBSCriar" name="acessarMDR" time="33.353"/>
  <testcase classname="com.timp.test.MDR.Siscoserv.NBS.NBSCriar" name="criar" time="94.453"/>
</testsuite> <!-- com.timp.test.MDR.Siscoserv.NBS.NBSCriar -->
