<?xml version="1.0" encoding="UTF-8"?>
<!-- Generated by org.testng.reporters.JUnitReportReporter -->
<testsuite hostname="LitoSoler" name="com.timp.test.DFG.SPED.ESocial.S1200AlterarDadosDoEventoCriar" tests="11" failures="0" timestamp="18 Dec 2020 23:58:42 GMT" time="398.655" errors="0">
  <testcase name="enviarInsert" time="17.373" classname="com.timp.test.DFG.SPED.ESocial.S1200AlterarDadosDoEventoCriar"/>
  <testcase name="criarS1200" time="92.666" classname="com.timp.test.DFG.SPED.ESocial.S1200AlterarDadosDoEventoCriar"/>
  <testcase name="editarS1200" time="41.756" classname="com.timp.test.DFG.SPED.ESocial.S1200AlterarDadosDoEventoCriar"/>
  <testcase name="arquivosVerificar" time="37.807" classname="com.timp.test.DFG.SPED.ESocial.S1200AlterarDadosDoEventoCriar"/>
  <testcase name="verificarInsert" time="51.889" classname="com.timp.test.DFG.SPED.ESocial.S1200AlterarDadosDoEventoCriar"/>
  <testcase name="ingresar" time="7.525" classname="com.timp.test.DFG.SPED.ESocial.S1200AlterarDadosDoEventoCriar"/>
  <testcase name="executarS1200" time="85.083" classname="com.timp.test.DFG.SPED.ESocial.S1200AlterarDadosDoEventoCriar"/>
  <testcase name="informacaoS1200" time="17.103" classname="com.timp.test.DFG.SPED.ESocial.S1200AlterarDadosDoEventoCriar"/>
  <testcase name="visualizarS1200" time="17.710" classname="com.timp.test.DFG.SPED.ESocial.S1200AlterarDadosDoEventoCriar"/>
  <testcase name="visualizarAtualizacoesBlocoApuracao" time="13.721" classname="com.timp.test.DFG.SPED.ESocial.S1200AlterarDadosDoEventoCriar"/>
  <testcase name="mdrEntrar" time="16.022" classname="com.timp.test.DFG.SPED.ESocial.S1200AlterarDadosDoEventoCriar"/>
</testsuite> <!-- com.timp.test.DFG.SPED.ESocial.S1200AlterarDadosDoEventoCriar -->
