<?xml version="1.0" encoding="UTF-8"?>
<!-- Generated by org.testng.reporters.JUnitReportReporter -->
<testsuite hostname="LitoSoler" name="com.timp.test.BRB.AgrupadoPeloCampo" tests="3" failures="0" timestamp="2 Jul 2020 15:44:15 GMT" time="118.987" errors="0">
  <testcase name="login" time="20.341" classname="com.timp.test.BRB.AgrupadoPeloCampo"/>
  <testcase name="brbEntrar" time="11.700" classname="com.timp.test.BRB.AgrupadoPeloCampo"/>
  <testcase name="agrupadoPeloCampo" time="86.946" classname="com.timp.test.BRB.AgrupadoPeloCampo"/>
</testsuite> <!-- com.timp.test.BRB.AgrupadoPeloCampo -->
