<?xml version="1.0" encoding="UTF-8"?>
<!-- Generated by org.testng.reporters.JUnitReportReporter -->
<testsuite hostname="DESKTOP-HB7TMPD" failures="0" tests="3" name="com.timp.test.MDR.Centralizacao.Movimento.MovimentoDetalhes" time="74.013" errors="0" timestamp="29 Oct 2020 23:04:02 GMT">
  <testcase classname="com.timp.test.MDR.Centralizacao.Movimento.MovimentoDetalhes" name="login" time="7.795"/>
  <testcase classname="com.timp.test.MDR.Centralizacao.Movimento.MovimentoDetalhes" name="detalheMovimento" time="44.621"/>
  <testcase classname="com.timp.test.MDR.Centralizacao.Movimento.MovimentoDetalhes" name="acessarMDR" time="21.597"/>
</testsuite> <!-- com.timp.test.MDR.Centralizacao.Movimento.MovimentoDetalhes -->
