<?xml version="1.0" encoding="UTF-8"?>
<!-- Generated by org.testng.reporters.JUnitReportReporter -->
<testsuite hostname="Agile" failures="0" tests="2" name="com.timp.test.BRB.FormatacaoEVariante" time="327.241" errors="0" timestamp="19 abr. 2022 21:57:35 GMT" skipped="0">
  <testcase classname="com.timp.test.BRB.FormatacaoEVariante" name="excluirVariante" time="52.867"/>
  <testcase classname="com.timp.test.BRB.FormatacaoEVariante" name="formatacaoEVariante" time="274.374"/>
</testsuite> <!-- com.timp.test.BRB.FormatacaoEVariante -->
