<?xml version="1.0" encoding="UTF-8"?>
<!-- Generated by org.testng.reporters.JUnitReportReporter -->
<testsuite hostname="DESKTOP-C57COV6" failures="0" tests="1" name="com.timp.test.BRB.ComentarioLibre" time="215.032" errors="0" timestamp="17 ago. 2021 05:42:09 GMT" skipped="0">
  <testcase classname="com.timp.test.BRB.ComentarioLibre" name="comentarioLibre" time="215.032"/>
</testsuite> <!-- com.timp.test.BRB.ComentarioLibre -->
