<?xml version="1.0" encoding="UTF-8"?>
<!-- Generated by org.testng.reporters.JUnitReportReporter -->
<testsuite hostname="EC2AMAZ-8HCHO4G" failures="0" tests="1" name="com.timp.test.TCC.BancoDeOcorrencias.Executados.BancodeOcorrenciasExecutadosVisualizar" time="0.000" errors="0" timestamp="2023-06-19T20:37:11 UTC" skipped="0">
  <testcase classname="com.timp.test.TCC.BancoDeOcorrencias.Executados.BancodeOcorrenciasExecutadosVisualizar" name="f" time="0.000"/>
  <system-out/>
</testsuite> <!-- com.timp.test.TCC.BancoDeOcorrencias.Executados.BancodeOcorrenciasExecutadosVisualizar -->
