<?xml version="1.0" encoding="UTF-8"?>
<!-- Generated by org.testng.reporters.JUnitReportReporter -->
<testsuite hostname="DESKTOP-BNBDMGT" failures="0" tests="3" name="com.timp.test.TDK.Dashboard.Edicao.DashboardCartaoIndicador" time="125.845" errors="0" timestamp="28 Jan 2021 19:46:38 GMT">
  <testcase classname="com.timp.test.TDK.Dashboard.Edicao.DashboardCartaoIndicador" name="criar" time="80.802"/>
  <testcase classname="com.timp.test.TDK.Dashboard.Edicao.DashboardCartaoIndicador" name="login" time="9.497"/>
  <testcase classname="com.timp.test.TDK.Dashboard.Edicao.DashboardCartaoIndicador" name="acessarTDK" time="35.546"/>
</testsuite> <!-- com.timp.test.TDK.Dashboard.Edicao.DashboardCartaoIndicador -->
