<?xml version="1.0" encoding="UTF-8"?>
<!-- Generated by org.testng.reporters.JUnitReportReporter -->
<testsuite hostname="DESKTOP-M23FVFN" failures="0" tests="1" name="com.timp.test.MDR.TabelasApoioESocial.Tabela07.TiposDeDependentesDetalhe" time="87.148" errors="0" timestamp="21 ene. 2022 09:57:09 GMT" skipped="0">
  <testcase classname="com.timp.test.MDR.TabelasApoioESocial.Tabela07.TiposDeDependentesDetalhe" name="detalhes" time="87.148"/>
</testsuite> <!-- com.timp.test.MDR.TabelasApoioESocial.Tabela07.TiposDeDependentesDetalhe -->
