<?xml version="1.0" encoding="UTF-8"?>
<!-- Generated by org.testng.reporters.JUnitReportReporter -->
<testsuite hostname="LitoSoler" name="com.timp.test.MDR.Filiais.FiliaisVisualizar" tests="3" failures="0" timestamp="24 Sep 2020 17:35:28 GMT" time="32.276" errors="0">
  <testcase name="visualizar" time="10.168" classname="com.timp.test.MDR.Filiais.FiliaisVisualizar"/>
  <testcase name="acessarMDR" time="14.861" classname="com.timp.test.MDR.Filiais.FiliaisVisualizar"/>
  <testcase name="login" time="7.247" classname="com.timp.test.MDR.Filiais.FiliaisVisualizar"/>
</testsuite> <!-- com.timp.test.MDR.Filiais.FiliaisVisualizar -->
