<?xml version="1.0" encoding="UTF-8"?>
<!-- Generated by org.testng.reporters.JUnitReportReporter -->
<<<<<<< HEAD
<testsuite hostname="LitoSoler" name="com.timp.test.MDR.CadastroCondiçao.CadastroCondicaoEditar" tests="3" failures="0" timestamp="29 Jul 2020 15:59:11 GMT" time="92.716" errors="0">
  <testcase name="criar" time="61.081" classname="com.timp.test.MDR.CadastroCondiçao.CadastroCondicaoEditar"/>
  <testcase name="acessarMDR" time="24.967" classname="com.timp.test.MDR.CadastroCondiçao.CadastroCondicaoEditar"/>
  <testcase name="login" time="6.668" classname="com.timp.test.MDR.CadastroCondiçao.CadastroCondicaoEditar"/>
=======
<testsuite hostname="DESKTOP-35UG9UP" name="com.timp.test.MDR.CadastroCondiçao.CadastroCondicaoEditar" tests="3" failures="0" timestamp="29 Jul 2020 16:52:06 GMT" time="154.154" errors="0">
  <testcase name="criar" time="110.068" classname="com.timp.test.MDR.CadastroCondiçao.CadastroCondicaoEditar"/>
  <testcase name="login" time="9.962" classname="com.timp.test.MDR.CadastroCondiçao.CadastroCondicaoEditar"/>
  <testcase name="acessarMDR" time="34.124" classname="com.timp.test.MDR.CadastroCondiçao.CadastroCondicaoEditar"/>
>>>>>>> branch 'master' of https://github.com/Katitanuma/TIMP_R1.git
</testsuite> <!-- com.timp.test.MDR.CadastroCondiçao.CadastroCondicaoEditar -->
