<?xml version="1.0" encoding="UTF-8"?>
<!-- Generated by org.testng.reporters.JUnitReportReporter -->
<testsuite hostname="MassielV" failures="0" tests="1" name="com.timp.test.TCC.TransferenciaDeSaldosCredores.TransferenciaDeSaldosCredoresFiltrosAvancados" time="159.092" errors="0" timestamp="18 nov. 2021 19:39:40 GMT" skipped="0">
  <testcase classname="com.timp.test.TCC.TransferenciaDeSaldosCredores.TransferenciaDeSaldosCredoresFiltrosAvancados" name="filtrarAvanzados" time="159.092"/>
</testsuite> <!-- com.timp.test.TCC.TransferenciaDeSaldosCredores.TransferenciaDeSaldosCredoresFiltrosAvancados -->
