<?xml version="1.0" encoding="UTF-8"?>
<!-- Generated by org.testng.reporters.JUnitReportReporter -->
<testsuite skipped="0" hostname="LitoSoler" name="com.timp.test.MDR.CEP.Logradouro.LogradouroCriar" tests="1" failures="0" timestamp="17 feb 2021 15:47:44 GMT" time="68.699" errors="0">
  <testcase name="criar" time="68.699" classname="com.timp.test.MDR.CEP.Logradouro.LogradouroCriar"/>
</testsuite> <!-- com.timp.test.MDR.CEP.Logradouro.LogradouroCriar -->
