<?xml version="1.0" encoding="UTF-8"?>
<!-- Generated by org.testng.reporters.JUnitReportReporter -->
<testsuite hostname="DESKTOP-5P4F1JE" failures="0" tests="3" name="com.timp.test.TDK.Kpis.KpisCriar" time="97.779" errors="0" timestamp="18 Jan 2021 20:09:47 GMT">
  <testcase classname="com.timp.test.TDK.Kpis.KpisCriar" name="acessarTDK" time="23.843"/>
  <testcase classname="com.timp.test.TDK.Kpis.KpisCriar" name="criar" time="65.705"/>
  <testcase classname="com.timp.test.TDK.Kpis.KpisCriar" name="login" time="8.231"/>
</testsuite> <!-- com.timp.test.TDK.Kpis.KpisCriar -->
