<?xml version="1.0" encoding="UTF-8"?>
<!-- Generated by org.testng.reporters.JUnitReportReporter -->
<testsuite hostname="DESKTOP-C57COV6" failures="0" tests="1" name="com.timp.test.TDK.Kpis.KpisPublicos.KpisFiltroPorId" time="76.602" errors="0" timestamp="09 sep. 2021 18:00:55 GMT" skipped="0">
  <testcase classname="com.timp.test.TDK.Kpis.KpisPublicos.KpisFiltroPorId" name="filtro" time="76.602"/>
</testsuite> <!-- com.timp.test.TDK.Kpis.KpisPublicos.KpisFiltroPorId -->
