<?xml version="1.0" encoding="UTF-8"?>
<!-- Generated by org.testng.reporters.JUnitReportReporter -->
<testsuite hostname="DESKTOP-BNBDMGT" failures="0" tests="1" name="com.timp.test.MDR.DeterminacaoDeRelevanciaDeTarefa.DeterminacaoDeRelevanciaPorRegra.CadastroDeCódigoDeRegras.CadastroDeCódigoDeRegrasCriar" time="95.689" errors="0" timestamp="17 abr. 2021 04:04:48 GMT" skipped="0">
  <testcase classname="com.timp.test.MDR.DeterminacaoDeRelevanciaDeTarefa.DeterminacaoDeRelevanciaPorRegra.CadastroDeCódigoDeRegras.CadastroDeCódigoDeRegrasCriar" name="criar" time="95.689"/>
</testsuite> <!-- com.timp.test.MDR.DeterminacaoDeRelevanciaDeTarefa.DeterminacaoDeRelevanciaPorRegra.CadastroDeCódigoDeRegras.CadastroDeCódigoDeRegrasCriar -->
