<?xml version="1.0" encoding="UTF-8"?>
<!-- Generated by org.testng.reporters.JUnitReportReporter -->
<testsuite hostname="LitoSoler" name="com.timp.test.MDR.CEP.Bairro.BairroCriar" tests="3" failures="0" timestamp="24 Sep 2020 14:09:10 GMT" time="82.313" errors="0">
  <testcase name="login" time="7.367" classname="com.timp.test.MDR.CEP.Bairro.BairroCriar"/>
  <testcase name="criar" time="28.992" classname="com.timp.test.MDR.CEP.Bairro.BairroCriar"/>
  <testcase name="acessarMDR" time="45.954" classname="com.timp.test.MDR.CEP.Bairro.BairroCriar"/>
</testsuite> <!-- com.timp.test.MDR.CEP.Bairro.BairroCriar -->
