<?xml version="1.0" encoding="UTF-8"?>
<!-- Generated by org.testng.reporters.JUnitReportReporter -->
<testsuite hostname="DESKTOP-BNBDMGT" failures="0" tests="3" name="com.timp.test.MDR.TabelasApoioSped.CodigosDasObrigaçoesDeICMSaRecolher.CodigosDasObrigaçoesDeICMSaRecolherEditar" time="80.727" errors="0" timestamp="2 Dec 2020 06:14:50 GMT">
  <testcase classname="com.timp.test.MDR.TabelasApoioSped.CodigosDasObrigaçoesDeICMSaRecolher.CodigosDasObrigaçoesDeICMSaRecolherEditar" name="editar" time="49.522"/>
  <testcase classname="com.timp.test.MDR.TabelasApoioSped.CodigosDasObrigaçoesDeICMSaRecolher.CodigosDasObrigaçoesDeICMSaRecolherEditar" name="acessarMDR" time="24.269"/>
  <testcase classname="com.timp.test.MDR.TabelasApoioSped.CodigosDasObrigaçoesDeICMSaRecolher.CodigosDasObrigaçoesDeICMSaRecolherEditar" name="login" time="6.936"/>
</testsuite> <!-- com.timp.test.MDR.TabelasApoioSped.CodigosDasObrigaçoesDeICMSaRecolher.CodigosDasObrigaçoesDeICMSaRecolherEditar -->
