<?xml version="1.0" encoding="UTF-8"?>
<!-- Generated by org.testng.reporters.JUnitReportReporter -->
<testsuite hostname="Agile" failures="0" tests="1" name="com.timp.test.MDR.SaldoInicial.SaldoInicialDetalhe" time="91.260" errors="0" timestamp="11 mar. 2022 17:05:44 GMT" skipped="0">
  <testcase classname="com.timp.test.MDR.SaldoInicial.SaldoInicialDetalhe" name="detalheSaldoInicial" time="91.260"/>
</testsuite> <!-- com.timp.test.MDR.SaldoInicial.SaldoInicialDetalhe -->
