<?xml version="1.0" encoding="UTF-8"?>
<!-- Generated by org.testng.reporters.JUnitReportReporter -->
<testsuite hostname="DESKTOP-C57COV6" failures="0" tests="2" name="com.timp.test.MDR.TabelasApoioESocial.Tabela06.PaisesExcluirMassa" time="141.587" errors="0" timestamp="20 jul. 2021 13:01:12 GMT" skipped="0">
  <testcase classname="com.timp.test.MDR.TabelasApoioESocial.Tabela06.PaisesExcluirMassa" name="excluirMassa" time="46.068"/>
  <testcase classname="com.timp.test.MDR.TabelasApoioESocial.Tabela06.PaisesExcluirMassa" name="criar" time="95.519"/>
</testsuite> <!-- com.timp.test.MDR.TabelasApoioESocial.Tabela06.PaisesExcluirMassa -->
