<?xml version="1.0" encoding="UTF-8"?>
<!-- Generated by org.testng.reporters.JUnitReportReporter -->
<testsuite hostname="DESKTOP-BNBDMGT" failures="0" tests="10" name="com.timp.test.DFG.Leiautes.ParametrosGeraisFiltroAvancados" time="207.459" errors="0" timestamp="13 abr. 2021 13:55:11 GMT" skipped="0">
  <testcase classname="com.timp.test.DFG.Leiautes.ParametrosGeraisFiltroAvancados" name="ingresar" time="6.352"/>
  <testcase classname="com.timp.test.DFG.Leiautes.ParametrosGeraisFiltroAvancados" name="Entrar" time="16.323"/>
  <testcase classname="com.timp.test.DFG.Leiautes.ParametrosGeraisFiltroAvancados" name="filtroNombre" time="23.309"/>
  <testcase classname="com.timp.test.DFG.Leiautes.ParametrosGeraisFiltroAvancados" name="filtrosId" time="22.941"/>
  <testcase classname="com.timp.test.DFG.Leiautes.ParametrosGeraisFiltroAvancados" name="filtrosVersao" time="21.317"/>
  <testcase classname="com.timp.test.DFG.Leiautes.ParametrosGeraisFiltroAvancados" name="filtrosFiltroTipo" time="21.176"/>
  <testcase classname="com.timp.test.DFG.Leiautes.ParametrosGeraisFiltroAvancados" name="filtrosUsuarioCriado" time="20.805"/>
  <testcase classname="com.timp.test.DFG.Leiautes.ParametrosGeraisFiltroAvancados" name="filtrosUsuarioModificado" time="21.084"/>
  <testcase classname="com.timp.test.DFG.Leiautes.ParametrosGeraisFiltroAvancados" name="filtrosFechaUsuarioModificado" time="27.158"/>
  <testcase classname="com.timp.test.DFG.Leiautes.ParametrosGeraisFiltroAvancados" name="filtrosFechaUsuarioCriado" time="26.994"/>
</testsuite> <!-- com.timp.test.DFG.Leiautes.ParametrosGeraisFiltroAvancados -->
