<?xml version="1.0" encoding="UTF-8"?>
<!-- Generated by org.testng.reporters.JUnitReportReporter -->
<testsuite hostname="DESKTOP-JP1A9E6" failures="0" tests="1" name="com.timp.test.BRB.RenomearColuna" time="116.311" errors="0" timestamp="13 sep. 2021 22:52:57 GMT" skipped="0">
  <testcase classname="com.timp.test.BRB.RenomearColuna" name="renomearColuna" time="116.311"/>
</testsuite> <!-- com.timp.test.BRB.RenomearColuna -->
