<?xml version="1.0" encoding="UTF-8"?>
<!-- Generated by org.testng.reporters.JUnitReportReporter -->
<testsuite hostname="MIGUEL" failures="0" tests="2" name="com.timp.test.MDR.TabelasComplementaresParaObrigaçoesAcessorias.TabelaDeDetalhamentosParaRegistro11.TabelaDeDetalhamentosParaRegistro11ExcluirEmMassa" time="146.863" errors="0" timestamp="20 mar. 2021 00:10:00 GMT" skipped="0">
  <testcase classname="com.timp.test.MDR.TabelasComplementaresParaObrigaçoesAcessorias.TabelaDeDetalhamentosParaRegistro11.TabelaDeDetalhamentosParaRegistro11ExcluirEmMassa" name="criar" time="118.655"/>
  <testcase classname="com.timp.test.MDR.TabelasComplementaresParaObrigaçoesAcessorias.TabelaDeDetalhamentosParaRegistro11.TabelaDeDetalhamentosParaRegistro11ExcluirEmMassa" name="excluriEmMassa" time="28.208"/>
</testsuite> <!-- com.timp.test.MDR.TabelasComplementaresParaObrigaçoesAcessorias.TabelaDeDetalhamentosParaRegistro11.TabelaDeDetalhamentosParaRegistro11ExcluirEmMassa -->
