<?xml version="1.0" encoding="UTF-8"?>
<!-- Generated by org.testng.reporters.JUnitReportReporter -->
<testsuite hostname="LitoSoler" name="com.timp.test.SCANC.RelatoriosRefineriaGerados.RelatorioRefinariaGeradosEditarCampoDeSaida" tests="3" failures="0" timestamp="16 Dec 2020 17:01:17 GMT" time="156.263" errors="0">
  <testcase name="scancEntrar" time="36.809" classname="com.timp.test.SCANC.RelatoriosRefineriaGerados.RelatorioRefinariaGeradosEditarCampoDeSaida"/>
  <testcase name="editar" time="104.343" classname="com.timp.test.SCANC.RelatoriosRefineriaGerados.RelatorioRefinariaGeradosEditarCampoDeSaida"/>
  <testcase name="ingresar" time="15.111" classname="com.timp.test.SCANC.RelatoriosRefineriaGerados.RelatorioRefinariaGeradosEditarCampoDeSaida"/>
</testsuite> <!-- com.timp.test.SCANC.RelatoriosRefineriaGerados.RelatorioRefinariaGeradosEditarCampoDeSaida -->
