<?xml version="1.0" encoding="UTF-8"?>
<!-- Generated by org.testng.reporters.JUnitReportReporter -->
<testsuite hostname="EC2AMAZ-8HCHO4G" failures="0" tests="3" name="com.timp.test.BRB.Formula" time="180.601" errors="0" timestamp="2023-03-23T02:55:19 UTC" skipped="0">
  <testcase classname="com.timp.test.BRB.Formula" name="formulaColuna" time="62.270"/>
  <system-out/>
  <testcase classname="com.timp.test.BRB.Formula" name="aplicar" time="17.243"/>
  <system-out/>
  <testcase classname="com.timp.test.BRB.Formula" name="formulaBoton" time="101.088"/>
  <system-out/>
</testsuite> <!-- com.timp.test.BRB.Formula -->
