<?xml version="1.0" encoding="UTF-8"?>
<!-- Generated by org.testng.reporters.JUnitReportReporter -->
<<<<<<< HEAD
<testsuite hostname="EC2AMAZ-8HCHO4G" failures="0" tests="1" name="com.timp.test.BRB.RenomearColuna" time="93.377" errors="0" timestamp="2023-05-19T15:45:34 UTC" skipped="0">
  <testcase classname="com.timp.test.BRB.RenomearColuna" name="renomearColuna" time="93.377"/>
=======
<testsuite hostname="SALC-PC" failures="0" tests="1" name="com.timp.test.BRB.RenomearColuna" time="104.354" errors="0" timestamp="2023-05-13T16:19:15 CST" skipped="0">
  <testcase classname="com.timp.test.BRB.RenomearColuna" name="renomearColuna" time="104.354"/>
>>>>>>> refs/remotes/origin/Steven
  <system-out/>
</testsuite> <!-- com.timp.test.BRB.RenomearColuna -->
