<?xml version="1.0" encoding="UTF-8"?>
<!-- Generated by org.testng.reporters.JUnitReportReporter -->
<testsuite hostname="SALC-PC" failures="0" tests="3" name="com.timp.test.ATR.Estruturas.Estruturas.EstruturasTodasAsFunc" time="123.575" errors="0" timestamp="2023-05-24T15:32:35 CST" skipped="0">
  <testcase classname="com.timp.test.ATR.Estruturas.Estruturas.EstruturasTodasAsFunc" name="visualizarFiltros" time="30.332"/>
  <system-out/>
  <testcase classname="com.timp.test.ATR.Estruturas.Estruturas.EstruturasTodasAsFunc" name="Detalles" time="50.210"/>
  <system-out/>
  <testcase classname="com.timp.test.ATR.Estruturas.Estruturas.EstruturasTodasAsFunc" name="visualizar" time="43.033"/>
  <system-out/>
</testsuite> <!-- com.timp.test.ATR.Estruturas.Estruturas.EstruturasTodasAsFunc -->
