<?xml version="1.0" encoding="UTF-8"?>
<!-- Generated by org.testng.reporters.JUnitReportReporter -->
<testsuite hostname="DESKTOP-M23FVFN" failures="0" tests="1" name="com.timp.test.BRB.NovoRelatorio" time="250.407" errors="0" timestamp="10 may. 2022 18:42:58 GMT" skipped="0">
  <testcase classname="com.timp.test.BRB.NovoRelatorio" name="novoRelatorio" time="250.407"/>
</testsuite> <!-- com.timp.test.BRB.NovoRelatorio -->
