<?xml version="1.0" encoding="UTF-8"?>
<!-- Generated by org.testng.reporters.JUnitReportReporter -->
<testsuite hostname="DESKTOP-JP1A9E6" failures="0" tests="1" name="com.timp.test.TDK.Kpis.Edicao.KpisEdicaoGrafico" time="363.137" errors="0" timestamp="14 jun. 2021 06:15:41 GMT" skipped="0">
  <testcase classname="com.timp.test.TDK.Kpis.Edicao.KpisEdicaoGrafico" name="Grafico" time="363.137"/>
</testsuite> <!-- com.timp.test.TDK.Kpis.Edicao.KpisEdicaoGrafico -->
