<?xml version="1.0" encoding="UTF-8"?>
<!-- Generated by org.testng.reporters.JUnitReportReporter -->
<testsuite hostname="MIGUEL" failures="0" tests="3" name="com.timp.test.TDK.Kpis.Edicao.KpisGraficoEditar" time="114.488" errors="0" timestamp="20 mar. 2021 16:38:19 GMT" skipped="0">
  <testcase classname="com.timp.test.TDK.Kpis.Edicao.KpisGraficoEditar" name="login" time="11.461"/>
  <testcase classname="com.timp.test.TDK.Kpis.Edicao.KpisGraficoEditar" name="acessarTDK" time="25.301"/>
  <testcase classname="com.timp.test.TDK.Kpis.Edicao.KpisGraficoEditar" name="Grafico" time="77.726"/>
</testsuite> <!-- com.timp.test.TDK.Kpis.Edicao.KpisGraficoEditar -->
