<?xml version="1.0" encoding="UTF-8"?>
<!-- Generated by org.testng.reporters.JUnitReportReporter -->
<testsuite hostname="DESKTOP-M23FVFN" failures="0" tests="3" name="com.timp.test.BPMA.Processo.ParametrosGerais.ParametrosGeraisPesquisaPorNomeDeProcesso" time="61.508" errors="0" timestamp="26 abr. 2022 22:05:49 GMT" skipped="0">
  <testcase classname="com.timp.test.BPMA.Processo.ParametrosGerais.ParametrosGeraisPesquisaPorNomeDeProcesso" name="login" time="11.159"/>
  <testcase classname="com.timp.test.BPMA.Processo.ParametrosGerais.ParametrosGeraisPesquisaPorNomeDeProcesso" name="acessarBPMA" time="24.900"/>
  <testcase classname="com.timp.test.BPMA.Processo.ParametrosGerais.ParametrosGeraisPesquisaPorNomeDeProcesso" name="criar" time="25.449"/>
</testsuite> <!-- com.timp.test.BPMA.Processo.ParametrosGerais.ParametrosGeraisPesquisaPorNomeDeProcesso -->
