<?xml version="1.0" encoding="UTF-8"?>
<!-- Generated by org.testng.reporters.JUnitReportReporter -->
<testsuite hostname="DESKTOP-BNBDMGT" failures="0" tests="3" name="com.timp.test.MDR.RepresentanteLegais.RepresentanteLegaisCriar" time="127.974" errors="0" timestamp="25 Dec 2020 08:54:42 GMT">
  <testcase classname="com.timp.test.MDR.RepresentanteLegais.RepresentanteLegaisCriar" name="acessarMDR" time="25.507"/>
  <testcase classname="com.timp.test.MDR.RepresentanteLegais.RepresentanteLegaisCriar" name="criar" time="92.245"/>
  <testcase classname="com.timp.test.MDR.RepresentanteLegais.RepresentanteLegaisCriar" name="login" time="10.222"/>
</testsuite> <!-- com.timp.test.MDR.RepresentanteLegais.RepresentanteLegaisCriar -->
