<?xml version="1.0" encoding="UTF-8"?>
<!-- Generated by org.testng.reporters.JUnitReportReporter -->
<testsuite hostname="LAPTOP-IN7IV9K5" failures="0" tests="2" name="com.timp.test.MDR.TabelasApoioESocial.Tabela24.CodificaçãoDeAcDeTrabExcluiMassa" time="160.680" errors="0" timestamp="19 mar. 2021 23:02:06 GMT" skipped="0">
  <testcase classname="com.timp.test.MDR.TabelasApoioESocial.Tabela24.CodificaçãoDeAcDeTrabExcluiMassa" name="excluir" time="43.898"/>
  <testcase classname="com.timp.test.MDR.TabelasApoioESocial.Tabela24.CodificaçãoDeAcDeTrabExcluiMassa" name="criar" time="116.782"/>
</testsuite> <!-- com.timp.test.MDR.TabelasApoioESocial.Tabela24.CodificaçãoDeAcDeTrabExcluiMassa -->
