<?xml version="1.0" encoding="UTF-8"?>
<!-- Generated by org.testng.reporters.JUnitReportReporter -->
<testsuite hostname="LitoSoler" name="com.timp.test.MDR.Ajustes.CodigosAjustes.CodigosAjustesDetalhes" tests="3" failures="0" timestamp="19 Jan 2021 05:19:27 GMT" time="81.995" errors="0">
  <testcase name="login" time="8.225" classname="com.timp.test.MDR.Ajustes.CodigosAjustes.CodigosAjustesDetalhes"/>
  <testcase name="detalhes" time="39.473" classname="com.timp.test.MDR.Ajustes.CodigosAjustes.CodigosAjustesDetalhes"/>
  <testcase name="acessarMDR" time="34.297" classname="com.timp.test.MDR.Ajustes.CodigosAjustes.CodigosAjustesDetalhes"/>
</testsuite> <!-- com.timp.test.MDR.Ajustes.CodigosAjustes.CodigosAjustesDetalhes -->
