<?xml version="1.0" encoding="UTF-8"?>
<!-- Generated by org.testng.reporters.JUnitReportReporter -->
<testsuite hostname="LitoSoler" name="com.timp.test.BRB.AtivarComentario" tests="3" failures="0" timestamp="30 Sep 2020 17:03:41 GMT" time="62.423" errors="0">
  <testcase name="brbEntrar" time="19.012" classname="com.timp.test.BRB.AtivarComentario"/>
  <testcase name="login" time="7.290" classname="com.timp.test.BRB.AtivarComentario"/>
  <testcase name="ativarComentarios" time="36.121" classname="com.timp.test.BRB.AtivarComentario"/>
</testsuite> <!-- com.timp.test.BRB.AtivarComentario -->
