<?xml version="1.0" encoding="UTF-8"?>
<!-- Generated by org.testng.reporters.JUnitReportReporter -->
<testsuite skipped="0" hostname="LitoSoler" name="com.timp.test.MDR.AtividadesFiscais.AssociacaoAtividadeFiscal.AssociaçãoCriar" tests="1" failures="0" timestamp="09 mar 2021 01:31:17 GMT" time="115.635" errors="0">
  <testcase name="criarAssociação" time="115.635" classname="com.timp.test.MDR.AtividadesFiscais.AssociacaoAtividadeFiscal.AssociaçãoCriar"/>
</testsuite> <!-- com.timp.test.MDR.AtividadesFiscais.AssociacaoAtividadeFiscal.AssociaçãoCriar -->
