<?xml version="1.0" encoding="UTF-8"?>
<!-- Generated by org.testng.reporters.JUnitReportReporter -->
<testsuite hostname="MIGUEL" failures="0" tests="3" name="com.timp.test.TDK.Execucoes.MinhasExecuções.MeusFavoritos.MeusFavoritosFiltroId" time="71.296" errors="0" timestamp="17 mar. 2021 16:02:51 GMT" skipped="0">
  <testcase classname="com.timp.test.TDK.Execucoes.MinhasExecuções.MeusFavoritos.MeusFavoritosFiltroId" name="login" time="10.238"/>
  <testcase classname="com.timp.test.TDK.Execucoes.MinhasExecuções.MeusFavoritos.MeusFavoritosFiltroId" name="acessarTDK" time="27.120"/>
  <testcase classname="com.timp.test.TDK.Execucoes.MinhasExecuções.MeusFavoritos.MeusFavoritosFiltroId" name="filtro" time="33.938"/>
</testsuite> <!-- com.timp.test.TDK.Execucoes.MinhasExecuções.MeusFavoritos.MeusFavoritosFiltroId -->
