<?xml version="1.0" encoding="UTF-8"?>
<!-- Generated by org.testng.reporters.JUnitReportReporter -->
<testsuite hostname="DESKTOP-C57COV6" failures="0" tests="1" name="com.timp.test.MDR.TabelasComplementaresParaObrigaçoesAcessorias.TabelaDeCodigoEClasseParaQuadro.TabelaDeCodigoEClasseParaQuadroCriar" time="120.576" errors="0" timestamp="15 oct. 2021 13:29:40 GMT" skipped="0">
  <testcase classname="com.timp.test.MDR.TabelasComplementaresParaObrigaçoesAcessorias.TabelaDeCodigoEClasseParaQuadro.TabelaDeCodigoEClasseParaQuadroCriar" name="criar" time="120.576"/>
</testsuite> <!-- com.timp.test.MDR.TabelasComplementaresParaObrigaçoesAcessorias.TabelaDeCodigoEClasseParaQuadro.TabelaDeCodigoEClasseParaQuadroCriar -->
