<?xml version="1.0" encoding="UTF-8"?>
<!-- Generated by org.testng.reporters.JUnitReportReporter -->
<<<<<<< HEAD
<testsuite hostname="Agile" failures="0" tests="1" name="com.timp.test.BRB.AtivarComentario" time="187.382" errors="0" timestamp="29 dic. 2021 01:42:08 GMT" skipped="0">
  <testcase classname="com.timp.test.BRB.AtivarComentario" name="ativarComentarios" time="187.382"/>
=======
<testsuite hostname="DESKTOP-M23FVFN" failures="0" tests="1" name="com.timp.test.BRB.AtivarComentario" time="161.859" errors="0" timestamp="31 dic. 2021 01:56:35 GMT" skipped="0">
  <testcase classname="com.timp.test.BRB.AtivarComentario" name="ativarComentarios" time="161.859"/>
>>>>>>> branch 'Yessy' of https://github.com/salc1997/TIMP_R1
</testsuite> <!-- com.timp.test.BRB.AtivarComentario -->
