<?xml version="1.0" encoding="UTF-8"?>
<!-- Generated by org.testng.reporters.JUnitReportReporter -->
<testsuite hostname="LAPTOP-IN7IV9K5" failures="0" tests="3" name="com.timp.test.TBD.Configuração.CamposChaves.CamposChavesCriar" time="142.543" errors="0" timestamp="27 abr. 2021 15:15:08 GMT" skipped="0">
  <testcase classname="com.timp.test.TBD.Configuração.CamposChaves.CamposChavesCriar" name="login" time="7.451"/>
  <testcase classname="com.timp.test.TBD.Configuração.CamposChaves.CamposChavesCriar" name="criar" time="117.562"/>
  <testcase classname="com.timp.test.TBD.Configuração.CamposChaves.CamposChavesCriar" name="TBDEntrar" time="17.530"/>
</testsuite> <!-- com.timp.test.TBD.Configuração.CamposChaves.CamposChavesCriar -->
