<?xml version="1.0" encoding="UTF-8"?>
<!-- Generated by org.testng.reporters.JUnitReportReporter -->
<testsuite hostname="MassielV" failures="0" tests="1" name="com.timp.test.MDR.TabelasComplementaresParaObrigaçoesAcessorias.CodigoDIPAM.CodigoDIPAMExcluirEmMassa" time="268.672" errors="0" timestamp="01 nov. 2021 22:28:58 GMT" skipped="0">
  <testcase classname="com.timp.test.MDR.TabelasComplementaresParaObrigaçoesAcessorias.CodigoDIPAM.CodigoDIPAMExcluirEmMassa" name="criar" time="268.672"/>
</testsuite> <!-- com.timp.test.MDR.TabelasComplementaresParaObrigaçoesAcessorias.CodigoDIPAM.CodigoDIPAMExcluirEmMassa -->
