<?xml version="1.0" encoding="UTF-8"?>
<!-- Generated by org.testng.reporters.JUnitReportReporter -->
<testsuite hostname="LitoSoler" name="com.timp.test.MDR.Centralizacao.EstornoCredito.EstornoCreditoExcluir" tests="3" failures="0" timestamp="22 Dec 2020 03:41:14 GMT" time="70.646" errors="0">
  <testcase name="login" time="7.228" classname="com.timp.test.MDR.Centralizacao.EstornoCredito.EstornoCreditoExcluir"/>
  <testcase name="acessarMDR" time="24.145" classname="com.timp.test.MDR.Centralizacao.EstornoCredito.EstornoCreditoExcluir"/>
  <testcase name="Excluir" time="39.273" classname="com.timp.test.MDR.Centralizacao.EstornoCredito.EstornoCreditoExcluir"/>
</testsuite> <!-- com.timp.test.MDR.Centralizacao.EstornoCredito.EstornoCreditoExcluir -->
