<?xml version="1.0" encoding="UTF-8"?>
<!-- Generated by org.testng.reporters.JUnitReportReporter -->
<testsuite hostname="DESKTOP-C57COV6" failures="0" tests="2" name="com.timp.test.TDK.Dashboard.DashboardCriar" time="435.437" errors="0" timestamp="10 ago. 2021 16:39:52 GMT" skipped="0">
  <testcase classname="com.timp.test.TDK.Dashboard.DashboardCriar" name="criar" time="201.840"/>
  <testcase classname="com.timp.test.TDK.Dashboard.DashboardCriar" name="criar" time="233.597"/>
</testsuite> <!-- com.timp.test.TDK.Dashboard.DashboardCriar -->
