<?xml version="1.0" encoding="UTF-8"?>
<!-- Generated by org.testng.reporters.JUnitReportReporter -->
<testsuite hostname="Agile" failures="0" tests="1" name="com.timp.test.BRB.OutputAutomático" time="235.884" errors="0" timestamp="04 feb. 2022 20:40:20 GMT" skipped="0">
  <testcase classname="com.timp.test.BRB.OutputAutomático" name="outputAutomatico" time="235.884"/>
</testsuite> <!-- com.timp.test.BRB.OutputAutomático -->
