<?xml version="1.0" encoding="UTF-8"?>
<!-- Generated by org.testng.reporters.JUnitReportReporter -->
<<<<<<< HEAD
<testsuite hostname="Agile" failures="0" tests="3" name="com.timp.test.BRB.Formula" time="284.319" errors="0" timestamp="04 feb. 2022 20:12:21 GMT" skipped="0">
  <testcase classname="com.timp.test.BRB.Formula" name="formulaColuna" time="160.837"/>
  <testcase classname="com.timp.test.BRB.Formula" name="aplicar" time="17.739"/>
  <testcase classname="com.timp.test.BRB.Formula" name="formulaBoton" time="105.743"/>
=======
<testsuite hostname="DESKTOP-M23FVFN" failures="0" tests="3" name="com.timp.test.BRB.Formula" time="204.883" errors="0" timestamp="31 ene. 2022 00:43:15 GMT" skipped="0">
  <testcase classname="com.timp.test.BRB.Formula" name="aplicar" time="13.362"/>
  <testcase classname="com.timp.test.BRB.Formula" name="formulaColuna" time="88.840"/>
  <testcase classname="com.timp.test.BRB.Formula" name="formulaBoton" time="102.681"/>
>>>>>>> branch 'Yessy' of https://github.com/salc1997/TIMP_R1
</testsuite> <!-- com.timp.test.BRB.Formula -->
