<?xml version="1.0" encoding="UTF-8"?>
<!-- Generated by org.testng.reporters.JUnitReportReporter -->
<testsuite skipped="0" hostname="LitoSoler" name="com.timp.test.BRB.ReordenarColuna" tests="1" failures="0" timestamp="24 feb 2021 16:20:00 GMT" time="87.037" errors="0">
  <testcase name="reordenar" time="87.037" classname="com.timp.test.BRB.ReordenarColuna"/>
</testsuite> <!-- com.timp.test.BRB.ReordenarColuna -->
