<?xml version="1.0" encoding="UTF-8"?>
<!-- Generated by org.testng.reporters.JUnitReportReporter -->
<testsuite hostname="MIGUEL" failures="0" tests="3" name="com.timp.test.BRE.Lixeira.ParametrosGerais.LixeiraExcluir" time="95.455" errors="0" timestamp="02 mar. 2021 19:34:55 GMT" skipped="0">
  <testcase classname="com.timp.test.BRE.Lixeira.ParametrosGerais.LixeiraExcluir" name="login" time="12.817"/>
  <testcase classname="com.timp.test.BRE.Lixeira.ParametrosGerais.LixeiraExcluir" name="acessarBRE" time="16.395"/>
  <testcase classname="com.timp.test.BRE.Lixeira.ParametrosGerais.LixeiraExcluir" name="criar" time="66.243"/>
</testsuite> <!-- com.timp.test.BRE.Lixeira.ParametrosGerais.LixeiraExcluir -->
