<?xml version="1.0" encoding="UTF-8"?>
<!-- Generated by org.testng.reporters.JUnitReportReporter -->
<testsuite hostname="LitoSoler" name="com.timp.test.MDR.CodigoContabilizacao.CodigoContabalizacaoDetalhes" tests="3" failures="0" timestamp="22 Jan 2021 17:17:34 GMT" time="69.889" errors="0">
  <testcase name="detalhes" time="31.183" classname="com.timp.test.MDR.CodigoContabilizacao.CodigoContabalizacaoDetalhes"/>
  <testcase name="acessarMDR" time="28.193" classname="com.timp.test.MDR.CodigoContabilizacao.CodigoContabalizacaoDetalhes"/>
  <testcase name="login" time="10.513" classname="com.timp.test.MDR.CodigoContabilizacao.CodigoContabalizacaoDetalhes"/>
</testsuite> <!-- com.timp.test.MDR.CodigoContabilizacao.CodigoContabalizacaoDetalhes -->
