<?xml version="1.0" encoding="UTF-8"?>
<!-- Generated by org.testng.reporters.JUnitReportReporter -->
<testsuite hostname="DESKTOP-C57COV6" failures="0" tests="1" name="com.timp.test.BRB.NovoRelatorio" time="199.781" errors="0" timestamp="05 oct. 2021 18:27:39 GMT" skipped="0">
  <testcase classname="com.timp.test.BRB.NovoRelatorio" name="novoRelatorio" time="199.781"/>
</testsuite> <!-- com.timp.test.BRB.NovoRelatorio -->
