<?xml version="1.0" encoding="UTF-8"?>
<!-- Generated by org.testng.reporters.JUnitReportReporter -->
<testsuite hostname="DESKTOP-5P4F1JE" failures="0" tests="3" name="com.timp.test.TDK.Dashboard.DashboardCriar" time="108.890" errors="0" timestamp="1 Feb 2021 19:18:46 GMT">
  <testcase classname="com.timp.test.TDK.Dashboard.DashboardCriar" name="login" time="10.505"/>
  <testcase classname="com.timp.test.TDK.Dashboard.DashboardCriar" name="acessarTDK" time="25.537"/>
  <testcase classname="com.timp.test.TDK.Dashboard.DashboardCriar" name="criar" time="72.848"/>
</testsuite> <!-- com.timp.test.TDK.Dashboard.DashboardCriar -->
