<?xml version="1.0" encoding="UTF-8"?>
<!-- Generated by org.testng.reporters.JUnitReportReporter -->
<testsuite hostname="DESKTOP-M23FVFN" failures="0" tests="1" name="com.timp.test.MDR.DetalheTipoTributo.DetalheEditar" time="127.968" errors="0" timestamp="22 dic. 2021 23:53:32 GMT" skipped="0">
  <testcase classname="com.timp.test.MDR.DetalheTipoTributo.DetalheEditar" name="editar" time="127.968"/>
</testsuite> <!-- com.timp.test.MDR.DetalheTipoTributo.DetalheEditar -->
