<?xml version="1.0" encoding="UTF-8"?>
<!-- Generated by org.testng.reporters.JUnitReportReporter -->
<<<<<<< HEAD
<testsuite hostname="LitoSoler" name="com.timp.test.MDR.Centralizacao.EstornoCredito.EstornoCreditoExcluir" tests="3" failures="0" timestamp="8 Dec 2020 19:53:20 GMT" time="67.884" errors="0">
  <testcase name="acessarMDR" time="26.060" classname="com.timp.test.MDR.Centralizacao.EstornoCredito.EstornoCreditoExcluir"/>
  <testcase name="Excluir" time="35.274" classname="com.timp.test.MDR.Centralizacao.EstornoCredito.EstornoCreditoExcluir"/>
  <testcase name="login" time="6.550" classname="com.timp.test.MDR.Centralizacao.EstornoCredito.EstornoCreditoExcluir"/>
=======
<testsuite hostname="DESKTOP-5P4F1JE" failures="0" tests="3" name="com.timp.test.MDR.Centralizacao.EstornoCredito.EstornoCreditoExcluir" time="70.462" errors="0" timestamp="11 Dec 2020 20:30:35 GMT">
  <testcase classname="com.timp.test.MDR.Centralizacao.EstornoCredito.EstornoCreditoExcluir" name="acessarMDR" time="24.369"/>
  <testcase classname="com.timp.test.MDR.Centralizacao.EstornoCredito.EstornoCreditoExcluir" name="login" time="8.075"/>
  <testcase classname="com.timp.test.MDR.Centralizacao.EstornoCredito.EstornoCreditoExcluir" name="Excluir" time="38.018"/>
>>>>>>> refs/remotes/origin/Eliel
</testsuite> <!-- com.timp.test.MDR.Centralizacao.EstornoCredito.EstornoCreditoExcluir -->
