<?xml version="1.0" encoding="UTF-8"?>
<!-- Generated by org.testng.reporters.JUnitReportReporter -->
<testsuite hostname="DESKTOP-C57COV6" failures="0" tests="1" name="com.timp.test.BRE.Estruturas.ParametrosGerais.EstruturasExcluir" time="96.455" errors="0" timestamp="12 oct. 2021 16:18:53 GMT" skipped="0">
  <testcase classname="com.timp.test.BRE.Estruturas.ParametrosGerais.EstruturasExcluir" name="criar" time="96.455"/>
</testsuite> <!-- com.timp.test.BRE.Estruturas.ParametrosGerais.EstruturasExcluir -->
