<?xml version="1.0" encoding="UTF-8"?>
<!-- Generated by org.testng.reporters.JUnitReportReporter -->
<testsuite hostname="LitoSoler" name="com.timp.test.MDR.Centralizacao.Tributos.TributosEditar" tests="3" failures="0" timestamp="21 Oct 2020 00:16:23 GMT" time="141.989" errors="0">
  <testcase name="acessarMDR" time="22.591" classname="com.timp.test.MDR.Centralizacao.Tributos.TributosEditar"/>
  <testcase name="editar" time="111.646" classname="com.timp.test.MDR.Centralizacao.Tributos.TributosEditar"/>
  <testcase name="login" time="7.752" classname="com.timp.test.MDR.Centralizacao.Tributos.TributosEditar"/>
</testsuite> <!-- com.timp.test.MDR.Centralizacao.Tributos.TributosEditar -->
