<?xml version="1.0" encoding="UTF-8"?>
<!-- Generated by org.testng.reporters.JUnitReportReporter -->
<testsuite hostname="DESKTOP-HB7TMPD" failures="0" tests="3" name="com.timp.test.MDR.ThinCapitalization.Emprestimos.EmprestimosExcluir" time="66.102" errors="0" timestamp="3 Nov 2020 07:22:23 GMT">
  <testcase classname="com.timp.test.MDR.ThinCapitalization.Emprestimos.EmprestimosExcluir" name="mdrEntrar" time="20.272"/>
  <testcase classname="com.timp.test.MDR.ThinCapitalization.Emprestimos.EmprestimosExcluir" name="ingresar" time="6.777"/>
  <testcase classname="com.timp.test.MDR.ThinCapitalization.Emprestimos.EmprestimosExcluir" name="editarEmprestimos" time="39.053"/>
</testsuite> <!-- com.timp.test.MDR.ThinCapitalization.Emprestimos.EmprestimosExcluir -->
