<?xml version="1.0" encoding="UTF-8"?>
<!-- Generated by org.testng.reporters.JUnitReportReporter -->
<testsuite hostname="MIGUEL" failures="0" tests="1" name="com.timp.test.BRB.EditarRelatorio" time="78.848" errors="0" timestamp="31 mar. 2021 00:35:49 GMT" skipped="0">
  <testcase classname="com.timp.test.BRB.EditarRelatorio" name="editar" time="78.848"/>
</testsuite> <!-- com.timp.test.BRB.EditarRelatorio -->
