<?xml version="1.0" encoding="UTF-8"?>
<!-- Generated by org.testng.reporters.JUnitReportReporter -->
<testsuite hostname="DESKTOP-M23FVFN" failures="0" tests="1" name="com.timp.test.MDR.Empresas.EmpresasFiltros" time="104.488" errors="0" timestamp="24 may. 2022 18:09:56 GMT" skipped="0">
  <testcase classname="com.timp.test.MDR.Empresas.EmpresasFiltros" name="filtros" time="104.488"/>
</testsuite> <!-- com.timp.test.MDR.Empresas.EmpresasFiltros -->
