<?xml version="1.0" encoding="UTF-8"?>
<!-- Generated by org.testng.reporters.JUnitReportReporter -->
<testsuite hostname="LitoSoler" name="com.timp.test.BCB.ParametrosGeraisHierarquiaCriar" tests="3" failures="0" timestamp="21 Jan 2021 20:17:14 GMT" time="101.578" errors="0">
  <testcase name="login" time="7.031" classname="com.timp.test.BCB.ParametrosGeraisHierarquiaCriar"/>
  <testcase name="brbEntrar" time="13.736" classname="com.timp.test.BCB.ParametrosGeraisHierarquiaCriar"/>
  <testcase name="criarConfiguracaoHierarquia" time="80.811" classname="com.timp.test.BCB.ParametrosGeraisHierarquiaCriar"/>
</testsuite> <!-- com.timp.test.BCB.ParametrosGeraisHierarquiaCriar -->
