<?xml version="1.0" encoding="UTF-8"?>
<!-- Generated by org.testng.reporters.JUnitReportReporter -->
<testsuite hostname="LitoSoler" name="com.timp.test.MDR.SCANC.SCANCDistribuidoras.SCANCDistribuidorasDetalhes" tests="3" failures="0" timestamp="14 Nov 2020 19:21:26 GMT" time="66.682" errors="0">
  <testcase name="login" time="6.728" classname="com.timp.test.MDR.SCANC.SCANCDistribuidoras.SCANCDistribuidorasDetalhes"/>
  <testcase name="detalhes" time="35.854" classname="com.timp.test.MDR.SCANC.SCANCDistribuidoras.SCANCDistribuidorasDetalhes"/>
  <testcase name="acessarMDR" time="24.100" classname="com.timp.test.MDR.SCANC.SCANCDistribuidoras.SCANCDistribuidorasDetalhes"/>
</testsuite> <!-- com.timp.test.MDR.SCANC.SCANCDistribuidoras.SCANCDistribuidorasDetalhes -->
