<?xml version="1.0" encoding="UTF-8"?>
<!-- Generated by org.testng.reporters.JUnitReportReporter -->
<testsuite hostname="MassielV" failures="0" tests="1" name="com.timp.test.BRB.EditarRelatorio" time="144.022" errors="0" timestamp="25 nov. 2021 00:39:43 GMT" skipped="0">
  <testcase classname="com.timp.test.BRB.EditarRelatorio" name="editar" time="144.022"/>
</testsuite> <!-- com.timp.test.BRB.EditarRelatorio -->
