<?xml version="1.0" encoding="UTF-8"?>
<!-- Generated by org.testng.reporters.JUnitReportReporter -->
<testsuite hostname="LitoSoler" name="com.timp.test.BRB.testNg.BRBAcessar" tests="2" failures="1" timestamp="12 Aug 2020 16:54:15 GMT" time="7.460" errors="0">
  <testcase name="brbEntrar" time="0.003" classname="com.timp.test.BRB.testNg.BRBAcessar">
    <failure type="java.lang.NullPointerException">
      <![CDATA[java.lang.NullPointerException
	at com.sap.timp.pageObjectModel.BRB.prueba.AcessarBrbPO.acessar(AcessarBrbPO.java:49)
	at com.timp.test.BRB.testNg.BRBAcessar.brbEntrar(BRBAcessar.java:52)
	at sun.reflect.NativeMethodAccessorImpl.invoke0(Native Method)
	at sun.reflect.NativeMethodAccessorImpl.invoke(Unknown Source)
	at sun.reflect.DelegatingMethodAccessorImpl.invoke(Unknown Source)
	at java.lang.reflect.Method.invoke(Unknown Source)
	at org.testng.internal.MethodInvocationHelper.invokeMethod(MethodInvocationHelper.java:80)
	at org.testng.internal.Invoker.invokeMethod(Invoker.java:714)
	at org.testng.internal.Invoker.invokeTestMethod(Invoker.java:901)
	at org.testng.internal.Invoker.invokeTestMethods(Invoker.java:1231)
	at org.testng.internal.TestMethodWorker.invokeTestMethods(TestMethodWorker.java:127)
	at org.testng.internal.TestMethodWorker.run(TestMethodWorker.java:111)
	at java.util.concurrent.ThreadPoolExecutor.runWorker(Unknown Source)
	at java.util.concurrent.ThreadPoolExecutor$Worker.run(Unknown Source)
	at java.lang.Thread.run(Unknown Source)
]]>
    </failure>
  </testcase> <!-- brbEntrar -->
  <testcase name="login" time="7.457" classname="com.timp.test.BRB.testNg.BRBAcessar"/>
</testsuite> <!-- com.timp.test.BRB.testNg.BRBAcessar -->
