<?xml version="1.0" encoding="UTF-8"?>
<!-- Generated by org.testng.reporters.JUnitReportReporter -->
<testsuite hostname="Agile" failures="0" tests="1" name="com.timp.test.MDR.TabelasApoioSped.InformaçoesAdicionais.InformaçoesAdicionaisExcluirEmMassa" time="2899.982" errors="0" timestamp="30 ene. 2022 05:24:34 GMT" skipped="0">
  <testcase classname="com.timp.test.MDR.TabelasApoioSped.InformaçoesAdicionais.InformaçoesAdicionaisExcluirEmMassa" name="criar" time="2899.982"/>
</testsuite> <!-- com.timp.test.MDR.TabelasApoioSped.InformaçoesAdicionais.InformaçoesAdicionaisExcluirEmMassa -->
