<?xml version="1.0" encoding="UTF-8"?>
<!-- Generated by org.testng.reporters.JUnitReportReporter -->
<testsuite hostname="DESKTOP-BNBDMGT" failures="0" tests="3" name="com.timp.test.TDK.Dashboard.ParametrosGerais.DashboardParametrosGeraisExcecutar" time="244.653" errors="0" timestamp="28 Jan 2021 14:39:56 GMT">
  <testcase classname="com.timp.test.TDK.Dashboard.ParametrosGerais.DashboardParametrosGeraisExcecutar" name="Executar" time="216.257"/>
  <testcase classname="com.timp.test.TDK.Dashboard.ParametrosGerais.DashboardParametrosGeraisExcecutar" name="login" time="7.794"/>
  <testcase classname="com.timp.test.TDK.Dashboard.ParametrosGerais.DashboardParametrosGeraisExcecutar" name="acessarTDK" time="20.602"/>
</testsuite> <!-- com.timp.test.TDK.Dashboard.ParametrosGerais.DashboardParametrosGeraisExcecutar -->
