<?xml version="1.0" encoding="UTF-8"?>
<!-- Generated by org.testng.reporters.JUnitReportReporter -->
<testsuite hostname="LitoSoler" name="com.timp.test.MDR.ParametrosCriacaoNF.CadastroFornecedor.CadastroFornecedorExcluir" tests="3" failures="0" timestamp="13 Oct 2020 17:44:02 GMT" time="72.519" errors="0">
  <testcase name="acessarMDR" time="9.343" classname="com.timp.test.MDR.ParametrosCriacaoNF.CadastroFornecedor.CadastroFornecedorExcluir"/>
  <testcase name="login" time="7.402" classname="com.timp.test.MDR.ParametrosCriacaoNF.CadastroFornecedor.CadastroFornecedorExcluir"/>
  <testcase name="excluir" time="55.774" classname="com.timp.test.MDR.ParametrosCriacaoNF.CadastroFornecedor.CadastroFornecedorExcluir"/>
</testsuite> <!-- com.timp.test.MDR.ParametrosCriacaoNF.CadastroFornecedor.CadastroFornecedorExcluir -->
