<?xml version="1.0" encoding="UTF-8"?>
<!-- Generated by org.testng.reporters.JUnitReportReporter -->
<<<<<<< HEAD
<<<<<<< HEAD
<testsuite hostname="DESKTOP-M23FVFN" failures="0" tests="2" name="com.timp.test.MDR.TabelasApoioESocial.Tabela24.CodificaçãoDeAcDeTrabExcluiMassa" time="224.794" errors="0" timestamp="30 nov. 2021 08:27:56 GMT" skipped="0">
  <testcase classname="com.timp.test.MDR.TabelasApoioESocial.Tabela24.CodificaçãoDeAcDeTrabExcluiMassa" name="criar" time="169.093"/>
  <testcase classname="com.timp.test.MDR.TabelasApoioESocial.Tabela24.CodificaçãoDeAcDeTrabExcluiMassa" name="excluir" time="55.701"/>
=======
<<<<<<< HEAD
<testsuite hostname="DESKTOP-C57COV6" failures="0" tests="2" name="com.timp.test.MDR.TabelasApoioESocial.Tabela24.CodificaçãoDeAcDeTrabExcluiMassa" time="244.824" errors="0" timestamp="26 nov. 2021 20:06:57 GMT" skipped="0">
  <testcase classname="com.timp.test.MDR.TabelasApoioESocial.Tabela24.CodificaçãoDeAcDeTrabExcluiMassa" name="excluir" time="52.543"/>
  <testcase classname="com.timp.test.MDR.TabelasApoioESocial.Tabela24.CodificaçãoDeAcDeTrabExcluiMassa" name="criar" time="192.281"/>
=======
<testsuite hostname="MassielV" failures="0" tests="2" name="com.timp.test.MDR.TabelasApoioESocial.Tabela24.CodificaçãoDeAcDeTrabExcluiMassa" time="139.493" errors="0" timestamp="25 nov. 2021 09:03:54 GMT" skipped="0">
  <testcase classname="com.timp.test.MDR.TabelasApoioESocial.Tabela24.CodificaçãoDeAcDeTrabExcluiMassa" name="criar" time="95.641"/>
  <testcase classname="com.timp.test.MDR.TabelasApoioESocial.Tabela24.CodificaçãoDeAcDeTrabExcluiMassa" name="excluir" time="43.852"/>
>>>>>>> branch 'Yessy' of https://github.com/salc1997/TIMP_R1.git
>>>>>>> branch 'master' of https://github.com/salc1997/TIMP_R1.git
=======
<testsuite hostname="Agile" failures="0" tests="2" name="com.timp.test.MDR.TabelasApoioESocial.Tabela24.CodificaçãoDeAcDeTrabExcluiMassa" time="139.936" errors="0" timestamp="04 mar. 2022 09:52:12 GMT" skipped="0">
  <testcase classname="com.timp.test.MDR.TabelasApoioESocial.Tabela24.CodificaçãoDeAcDeTrabExcluiMassa" name="criar" time="94.932"/>
  <testcase classname="com.timp.test.MDR.TabelasApoioESocial.Tabela24.CodificaçãoDeAcDeTrabExcluiMassa" name="excluir" time="45.004"/>
>>>>>>> refs/heads/Yessy
</testsuite> <!-- com.timp.test.MDR.TabelasApoioESocial.Tabela24.CodificaçãoDeAcDeTrabExcluiMassa -->
