<?xml version="1.0" encoding="UTF-8"?>
<!-- Generated by org.testng.reporters.JUnitReportReporter -->
<<<<<<< HEAD
<testsuite hostname="CRISTHIAN-VASQUEZ" failures="0" tests="3" name="com.timp.test.BRE.RegrasdeAuditoriaN2.RegrasdeAuditoriaN2LixeiraExcluirdefinitivamente" time="119.908" errors="0" timestamp="2 Feb 2021 11:35:21 GMT">
  <testcase classname="com.timp.test.BRE.RegrasdeAuditoriaN2.RegrasdeAuditoriaN2LixeiraExcluirdefinitivamente" name="login" time="9.200"/>
  <testcase classname="com.timp.test.BRE.RegrasdeAuditoriaN2.RegrasdeAuditoriaN2LixeiraExcluirdefinitivamente" name="lexeira" time="92.280"/>
  <testcase classname="com.timp.test.BRE.RegrasdeAuditoriaN2.RegrasdeAuditoriaN2LixeiraExcluirdefinitivamente" name="acessarBRE" time="18.428"/>
=======
<testsuite hostname="CRISTHIAN-VASQUEZ" failures="0" tests="3" name="com.timp.test.BRE.RegrasdeAuditoriaN2.RegrasdeAuditoriaN2LixeiraExcluirdefinitivamente" time="118.075" errors="0" timestamp="15 Feb 2021 19:09:40 GMT">
  <testcase classname="com.timp.test.BRE.RegrasdeAuditoriaN2.RegrasdeAuditoriaN2LixeiraExcluirdefinitivamente" name="acessarBRE" time="17.524"/>
  <testcase classname="com.timp.test.BRE.RegrasdeAuditoriaN2.RegrasdeAuditoriaN2LixeiraExcluirdefinitivamente" name="lexeira" time="93.188"/>
  <testcase classname="com.timp.test.BRE.RegrasdeAuditoriaN2.RegrasdeAuditoriaN2LixeiraExcluirdefinitivamente" name="login" time="7.363"/>
>>>>>>> refs/heads/master
</testsuite> <!-- com.timp.test.BRE.RegrasdeAuditoriaN2.RegrasdeAuditoriaN2LixeiraExcluirdefinitivamente -->
