<?xml version="1.0" encoding="UTF-8"?>
<!-- Generated by org.testng.reporters.JUnitReportReporter -->
<testsuite hostname="LAPTOP-IN7IV9K5" failures="0" tests="6" name="com.timp.test.DFG.Leiautes.ExecucacoMapeamentoDoSPED" time="499.310" errors="0" timestamp="14 may. 2021 23:48:36 GMT" skipped="0">
  <testcase classname="com.timp.test.DFG.Leiautes.ExecucacoMapeamentoDoSPED" name="ingresar" time="7.326"/>
  <testcase classname="com.timp.test.DFG.Leiautes.ExecucacoMapeamentoDoSPED" name="mdrEntrar" time="20.664"/>
  <testcase classname="com.timp.test.DFG.Leiautes.ExecucacoMapeamentoDoSPED" name="criar" time="235.276"/>
  <testcase classname="com.timp.test.DFG.Leiautes.ExecucacoMapeamentoDoSPED" name="criarSPED" time="70.664"/>
  <testcase classname="com.timp.test.DFG.Leiautes.ExecucacoMapeamentoDoSPED" name="executar" time="93.472"/>
  <testcase classname="com.timp.test.DFG.Leiautes.ExecucacoMapeamentoDoSPED" name="excluir" time="71.908"/>
</testsuite> <!-- com.timp.test.DFG.Leiautes.ExecucacoMapeamentoDoSPED -->
