<?xml version="1.0" encoding="UTF-8"?>
<!-- Generated by org.testng.reporters.JUnitReportReporter -->
<testsuite hostname="MassielV" failures="0" tests="1" name="com.timp.test.MDR.Centralizacao.FatorCreditamento.FatorCreditamentoEditar" time="122.070" errors="0" timestamp="23 oct. 2021 11:52:42 GMT" skipped="0">
  <testcase classname="com.timp.test.MDR.Centralizacao.FatorCreditamento.FatorCreditamentoEditar" name="editar" time="122.070"/>
</testsuite> <!-- com.timp.test.MDR.Centralizacao.FatorCreditamento.FatorCreditamentoEditar -->
