<?xml version="1.0" encoding="UTF-8"?>
<!-- Generated by org.testng.reporters.JUnitReportReporter -->
<testsuite hostname="LitoSoler" name="com.timp.test.MDR.TabelasApoioESocial.Tabela12.CompatibilidadeEntreLotacaoVisualizar" tests="3" failures="0" timestamp="21 Oct 2020 20:54:23 GMT" time="69.026" errors="0">
  <testcase name="acessarMDR" time="26.972" classname="com.timp.test.MDR.TabelasApoioESocial.Tabela12.CompatibilidadeEntreLotacaoVisualizar"/>
  <testcase name="login" time="7.196" classname="com.timp.test.MDR.TabelasApoioESocial.Tabela12.CompatibilidadeEntreLotacaoVisualizar"/>
  <testcase name="visualizar" time="34.858" classname="com.timp.test.MDR.TabelasApoioESocial.Tabela12.CompatibilidadeEntreLotacaoVisualizar"/>
</testsuite> <!-- com.timp.test.MDR.TabelasApoioESocial.Tabela12.CompatibilidadeEntreLotacaoVisualizar -->
