<?xml version="1.0" encoding="UTF-8"?>
<!-- Generated by org.testng.reporters.JUnitReportReporter -->
<testsuite hostname="DESKTOP-C57COV6" failures="0" tests="1" name="com.timp.test.MDR.CenariosCorrecao.CenariosCorrecaoCriar" time="85.462" errors="0" timestamp="04 ago. 2021 06:30:12 GMT" skipped="0">
  <testcase classname="com.timp.test.MDR.CenariosCorrecao.CenariosCorrecaoCriar" name="criar" time="85.462"/>
</testsuite> <!-- com.timp.test.MDR.CenariosCorrecao.CenariosCorrecaoCriar -->
