<?xml version="1.0" encoding="UTF-8"?>
<!-- Generated by org.testng.reporters.JUnitReportReporter -->
<testsuite hostname="EC2AMAZ-8HCHO4G" failures="0" tests="1" name="com.timp.test.ADM.Usuarios.Pacotes.PacotesCriar" time="84.080" errors="0" timestamp="2023-08-21T14:56:22 UTC" skipped="0">
  <testcase classname="com.timp.test.ADM.Usuarios.Pacotes.PacotesCriar" name="Crear" time="84.080"/>
  <system-out/>
</testsuite> <!-- com.timp.test.ADM.Usuarios.Pacotes.PacotesCriar -->
