<?xml version="1.0" encoding="UTF-8"?>
<!-- Generated by org.testng.reporters.JUnitReportReporter -->
<testsuite hostname="DESKTOP-M23FVFN" failures="0" tests="3" name="com.timp.test.BRB.Formula" time="218.451" errors="0" timestamp="2022-10-13T18:01:38 BRT" skipped="0">
  <testcase classname="com.timp.test.BRB.Formula" name="formulaBoton" time="111.048"/>
  <system-out/>
  <testcase classname="com.timp.test.BRB.Formula" name="aplicar" time="13.859"/>
  <system-out/>
  <testcase classname="com.timp.test.BRB.Formula" name="formulaColuna" time="93.544"/>
  <system-out/>
</testsuite> <!-- com.timp.test.BRB.Formula -->
