<?xml version="1.0" encoding="UTF-8"?>
<!-- Generated by org.testng.reporters.JUnitReportReporter -->
<testsuite hostname="LitoSoler" name="com.timp.test.DFG.Leiautes.LeiautesExecucaoFuncionalidades2" tests="3" failures="0" timestamp="4 Jan 2021 16:51:29 GMT" time="167.284" errors="0">
  <testcase name="EditarDFG" time="127.527" classname="com.timp.test.DFG.Leiautes.LeiautesExecucaoFuncionalidades2"/>
  <testcase name="mdrEntrar" time="29.156" classname="com.timp.test.DFG.Leiautes.LeiautesExecucaoFuncionalidades2"/>
  <testcase name="ingresar" time="10.601" classname="com.timp.test.DFG.Leiautes.LeiautesExecucaoFuncionalidades2"/>
</testsuite> <!-- com.timp.test.DFG.Leiautes.LeiautesExecucaoFuncionalidades2 -->
