<?xml version="1.0" encoding="UTF-8"?>
<!-- Generated by org.testng.reporters.JUnitReportReporter -->
<testsuite hostname="DESKTOP-C57COV6" failures="0" tests="1" name="com.timp.test.MDR.TabelasComplementaresParaObrigaçoesAcessorias.TabelaReceitasCreditoFiscalAntecipado.TabelaReceitasCreditoFiscalAntecipadoDetalhes" time="126.032" errors="0" timestamp="24 jul. 2021 10:19:31 GMT" skipped="0">
  <testcase classname="com.timp.test.MDR.TabelasComplementaresParaObrigaçoesAcessorias.TabelaReceitasCreditoFiscalAntecipado.TabelaReceitasCreditoFiscalAntecipadoDetalhes" name="detalhes" time="126.032"/>
</testsuite> <!-- com.timp.test.MDR.TabelasComplementaresParaObrigaçoesAcessorias.TabelaReceitasCreditoFiscalAntecipado.TabelaReceitasCreditoFiscalAntecipadoDetalhes -->
