<?xml version="1.0" encoding="UTF-8"?>
<!-- Generated by org.testng.reporters.JUnitReportReporter -->
<testsuite hostname="DESKTOP-JP1A9E6" failures="0" tests="1" name="com.timp.test.BRB.OutputAutomático" time="188.806" errors="0" timestamp="21 ago. 2021 01:21:29 GMT" skipped="0">
  <testcase classname="com.timp.test.BRB.OutputAutomático" name="outputAutomatico" time="188.806"/>
</testsuite> <!-- com.timp.test.BRB.OutputAutomático -->
