<?xml version="1.0" encoding="UTF-8"?>
<!-- Generated by org.testng.reporters.JUnitReportReporter -->
<testsuite hostname="DESKTOP-M23FVFN" failures="0" tests="3" name="com.timp.test.BRB.Formula" time="260.869" errors="0" timestamp="2022-09-20T20:31:08 BRT" skipped="0">
  <testcase classname="com.timp.test.BRB.Formula" name="formulaColuna" time="140.554"/>
  <system-out/>
  <testcase classname="com.timp.test.BRB.Formula" name="formulaBoton" time="105.679"/>
  <system-out/>
  <testcase classname="com.timp.test.BRB.Formula" name="aplicar" time="14.636"/>
  <system-out/>
</testsuite> <!-- com.timp.test.BRB.Formula -->
