<?xml version="1.0" encoding="UTF-8"?>
<!-- Generated by org.testng.reporters.JUnitReportReporter -->
<testsuite hostname="Agile" failures="0" tests="1" name="com.timp.test.MDR.TabelasComplementaresParaObrigaçoesAcessorias.TabelaDeAtribuicaoDeCodigoCFOP.TabelaDeAtribuicaoDeCodigoCFOPEditar" time="239.087" errors="0" timestamp="31 ene. 2022 05:26:46 GMT" skipped="0">
  <testcase classname="com.timp.test.MDR.TabelasComplementaresParaObrigaçoesAcessorias.TabelaDeAtribuicaoDeCodigoCFOP.TabelaDeAtribuicaoDeCodigoCFOPEditar" name="editar" time="239.087"/>
</testsuite> <!-- com.timp.test.MDR.TabelasComplementaresParaObrigaçoesAcessorias.TabelaDeAtribuicaoDeCodigoCFOP.TabelaDeAtribuicaoDeCodigoCFOPEditar -->
