<?xml version="1.0" encoding="UTF-8"?>
<!-- Generated by org.testng.reporters.JUnitReportReporter -->
<<<<<<< HEAD
<testsuite hostname="MIGUEL" failures="0" tests="1" name="com.timp.test.BRB.CampoOutput" time="93.385" errors="0" timestamp="16 mar. 2021 15:24:35 GMT" skipped="0">
  <testcase classname="com.timp.test.BRB.CampoOutput" name="campoOutput" time="93.385"/>
</testsuite> <!-- com.timp.test.BRB.CampoOutput -->
=======
<testsuite hostname="LAPTOP-IN7IV9K5" failures="0" tests="1" name="com.timp.test.BRB.CampoOutput" time="97.724" errors="0" timestamp="16 mar. 2021 11:19:55 GMT" skipped="0">
  <testcase classname="com.timp.test.BRB.CampoOutput" name="campoOutput" time="97.724"/>
</testsuite> <!-- com.timp.test.BRB.CampoOutput -->
>>>>>>> refs/remotes/origin/Kenssy
