<?xml version="1.0" encoding="UTF-8"?>
<!-- Generated by org.testng.reporters.JUnitReportReporter -->
<testsuite hostname="DESKTOP-BNBDMGT" failures="0" tests="1" name="com.timp.test.TCC.GestaoDeCreditoTributarioPISCONFINS.ApuracaoDeCreditoTributarioCOFINS.ConfiguracaoEExecucao.RegistroM625.RegistroM625Criar" time="141.555" errors="0" timestamp="29 mar. 2021 17:43:21 GMT" skipped="0">
  <testcase classname="com.timp.test.TCC.GestaoDeCreditoTributarioPISCONFINS.ApuracaoDeCreditoTributarioCOFINS.ConfiguracaoEExecucao.RegistroM625.RegistroM625Criar" name="criar" time="141.555"/>
</testsuite> <!-- com.timp.test.TCC.GestaoDeCreditoTributarioPISCONFINS.ApuracaoDeCreditoTributarioCOFINS.ConfiguracaoEExecucao.RegistroM625.RegistroM625Criar -->
