<?xml version="1.0" encoding="UTF-8"?>
<<<<<<< HEAD
<!-- Generated by org.testng.reporters.JUnitReportReporter -->
<testsuite hostname="MIGUEL" failures="0" tests="3" name="com.timp.test.BRE.CalculoDeTributos.CálculodeTributosValoresCalculados" time="238.161" errors="0" timestamp="8 Jan 2021 02:47:51 GMT">
  <testcase classname="com.timp.test.BRE.CalculoDeTributos.CálculodeTributosValoresCalculados" name="acessarBRE" time="15.637"/>
  <testcase classname="com.timp.test.BRE.CalculoDeTributos.CálculodeTributosValoresCalculados" name="login" time="10.258"/>
  <testcase classname="com.timp.test.BRE.CalculoDeTributos.CálculodeTributosValoresCalculados" name="editar" time="212.266"/>
=======
<!-- Generated by org.testng.reporters.JUnitReportReporter -->
<testsuite hostname="MIGUEL" failures="0" tests="3" name="com.timp.test.BRE.CalculoDeTributos.CálculodeTributosValoresCalculados" time="221.760" errors="0" timestamp="10 Jan 2021 05:23:05 GMT">
  <testcase classname="com.timp.test.BRE.CalculoDeTributos.CálculodeTributosValoresCalculados" name="acessarBRE" time="12.427"/>
  <testcase classname="com.timp.test.BRE.CalculoDeTributos.CálculodeTributosValoresCalculados" name="login" time="9.517"/>
  <testcase classname="com.timp.test.BRE.CalculoDeTributos.CálculodeTributosValoresCalculados" name="editar" time="199.816"/>
>>>>>>> refs/heads/Fernando
</testsuite> <!-- com.timp.test.BRE.CalculoDeTributos.CálculodeTributosValoresCalculados -->
