<?xml version="1.0" encoding="UTF-8"?>
<!-- Generated by org.testng.reporters.JUnitReportReporter -->
<testsuite hostname="DESKTOP-C57COV6" failures="0" tests="1" name="com.timp.test.TAA.AtribuiçõesdeRegras.RegradeAbasVer" time="127.673" errors="0" timestamp="13 jun. 2021 15:34:39 GMT" skipped="0">
  <testcase classname="com.timp.test.TAA.AtribuiçõesdeRegras.RegradeAbasVer" name="ver" time="127.673"/>
</testsuite> <!-- com.timp.test.TAA.AtribuiçõesdeRegras.RegradeAbasVer -->
