<?xml version="1.0" encoding="UTF-8"?>
<!-- Generated by org.testng.reporters.JUnitReportReporter -->
<testsuite hostname="MIGUEL" failures="0" tests="3" name="com.timp.test.TDK.Kpis.Raiz.KpisRaizFiltroPorId" time="63.330" errors="0" timestamp="22 mar. 2021 01:26:06 GMT" skipped="0">
  <testcase classname="com.timp.test.TDK.Kpis.Raiz.KpisRaizFiltroPorId" name="login" time="10.447"/>
  <testcase classname="com.timp.test.TDK.Kpis.Raiz.KpisRaizFiltroPorId" name="acessarTDK" time="24.166"/>
  <testcase classname="com.timp.test.TDK.Kpis.Raiz.KpisRaizFiltroPorId" name="filtro" time="28.717"/>
</testsuite> <!-- com.timp.test.TDK.Kpis.Raiz.KpisRaizFiltroPorId -->
