<?xml version="1.0" encoding="UTF-8"?>
<!-- Generated by org.testng.reporters.JUnitReportReporter -->
<testsuite hostname="DESKTOP-C57COV6" failures="0" tests="1" name="com.timp.test.BRB.CampoOutput" time="196.816" errors="0" timestamp="30 nov. 2021 05:49:08 GMT" skipped="0">
  <testcase classname="com.timp.test.BRB.CampoOutput" name="campoOutput" time="196.816"/>
</testsuite> <!-- com.timp.test.BRB.CampoOutput -->
