<?xml version="1.0" encoding="UTF-8"?>
<!-- Generated by org.testng.reporters.JUnitReportReporter -->
<<<<<<< HEAD
<testsuite hostname="Agile" failures="0" tests="1" name="com.timp.test.MDR.Centralizacao.Saldos.SaldosCriar" time="278.642" errors="0" timestamp="16 feb. 2022 09:18:50 GMT" skipped="0">
  <testcase classname="com.timp.test.MDR.Centralizacao.Saldos.SaldosCriar" name="CriarSaldo" time="278.642"/>
=======
<testsuite hostname="DESKTOP-M23FVFN" failures="0" tests="1" name="com.timp.test.MDR.Centralizacao.Saldos.SaldosCriar" time="333.333" errors="0" timestamp="18 feb. 2022 18:01:28 GMT" skipped="0">
  <testcase classname="com.timp.test.MDR.Centralizacao.Saldos.SaldosCriar" name="CriarSaldo" time="333.333"/>
>>>>>>> branch 'Yessy' of https://github.com/salc1997/TIMP_R1
</testsuite> <!-- com.timp.test.MDR.Centralizacao.Saldos.SaldosCriar -->
