<?xml version="1.0" encoding="UTF-8"?>
<!-- Generated by org.testng.reporters.JUnitReportReporter -->
<testsuite hostname="LitoSoler" name="com.timp.test.BRB.NovoRelatorio" tests="4" failures="0" timestamp="30 Sep 2020 20:20:12 GMT" time="145.572" errors="0">
  <testcase name="novoRelatorio" time="53.850" classname="com.timp.test.BRB.NovoRelatorio"/>
  <testcase name="brbEntrar" time="23.924" classname="com.timp.test.BRB.NovoRelatorio"/>
  <testcase name="colunas" time="55.649" classname="com.timp.test.BRB.NovoRelatorio"/>
  <testcase name="login" time="12.149" classname="com.timp.test.BRB.NovoRelatorio"/>
</testsuite> <!-- com.timp.test.BRB.NovoRelatorio -->
