<?xml version="1.0" encoding="UTF-8"?>
<<<<<<< HEAD
<!-- Generated by org.testng.reporters.JUnitReportReporter -->
<<<<<<< HEAD
<testsuite hostname="LAPTOP-IN7IV9K5" failures="0" tests="1" name="com.timp.test.MDR.TabelasApoioESocial.Tabela21.NaturezaJuridicaEditar" time="90.425" errors="0" timestamp="17 abr. 2021 15:12:49 GMT" skipped="0">
  <testcase classname="com.timp.test.MDR.TabelasApoioESocial.Tabela21.NaturezaJuridicaEditar" name="editar" time="90.425"/>
=======
<!-- Generated by org.testng.reporters.JUnitReportReporter -->
<testsuite hostname="LAPTOP-IN7IV9K5" failures="0" tests="1" name="com.timp.test.MDR.TabelasApoioESocial.Tabela21.NaturezaJuridicaEditar" time="84.534" errors="0" timestamp="25 jun. 2021 18:07:20 GMT" skipped="0">
  <testcase classname="com.timp.test.MDR.TabelasApoioESocial.Tabela21.NaturezaJuridicaEditar" name="editar" time="84.534"/>
>>>>>>> refs/remotes/origin/Kenssy
=======
<testsuite hostname="DESKTOP-JP1A9E6" failures="0" tests="1" name="com.timp.test.MDR.TabelasApoioESocial.Tabela21.NaturezaJuridicaEditar" time="136.435" errors="0" timestamp="15 sep. 2021 23:02:06 GMT" skipped="0">
  <testcase classname="com.timp.test.MDR.TabelasApoioESocial.Tabela21.NaturezaJuridicaEditar" name="editar" time="136.435"/>
>>>>>>> refs/remotes/origin/Yessy
</testsuite> <!-- com.timp.test.MDR.TabelasApoioESocial.Tabela21.NaturezaJuridicaEditar -->
