<?xml version="1.0" encoding="UTF-8"?>
<!-- Generated by org.testng.reporters.JUnitReportReporter -->
<testsuite hostname="DESKTOP-HB7TMPD" failures="0" tests="3" name="com.timp.test.MDR.RegistroECAC.RegistroECACCriar" time="94.879" errors="0" timestamp="9 Jan 2021 06:52:09 GMT">
  <testcase classname="com.timp.test.MDR.RegistroECAC.RegistroECACCriar" name="criar" time="65.764"/>
  <testcase classname="com.timp.test.MDR.RegistroECAC.RegistroECACCriar" name="login" time="7.094"/>
  <testcase classname="com.timp.test.MDR.RegistroECAC.RegistroECACCriar" name="acessarMDR" time="22.021"/>
</testsuite> <!-- com.timp.test.MDR.RegistroECAC.RegistroECACCriar -->
