<?xml version="1.0" encoding="UTF-8"?>
<!-- Generated by org.testng.reporters.JUnitReportReporter -->
<testsuite hostname="DESKTOP-JP1A9E6" failures="0" tests="3" name="com.timp.test.BRB.Formula" time="184.042" errors="0" timestamp="13 sep. 2021 23:43:23 GMT" skipped="0">
  <testcase classname="com.timp.test.BRB.Formula" name="formulaBoton" time="93.410"/>
  <testcase classname="com.timp.test.BRB.Formula" name="formulaColuna" time="81.247"/>
  <testcase classname="com.timp.test.BRB.Formula" name="aplicar" time="9.385"/>
</testsuite> <!-- com.timp.test.BRB.Formula -->
