<?xml version="1.0" encoding="UTF-8"?>
<!-- Generated by org.testng.reporters.JUnitReportReporter -->
<testsuite hostname="LAPTOP-IN7IV9K5" failures="0" tests="1" name="com.timp.test.MDR.TaxasDeAtualização.ConfiguraçãoDeTipoTaxaDeAtualização.ConfiguraçãoDeTipoTaxaDeAtualizaçãoDetalle" time="72.065" errors="0" timestamp="20 abr. 2021 16:11:23 GMT" skipped="0">
  <testcase classname="com.timp.test.MDR.TaxasDeAtualização.ConfiguraçãoDeTipoTaxaDeAtualização.ConfiguraçãoDeTipoTaxaDeAtualizaçãoDetalle" name="detalle" time="72.065"/>
</testsuite> <!-- com.timp.test.MDR.TaxasDeAtualização.ConfiguraçãoDeTipoTaxaDeAtualização.ConfiguraçãoDeTipoTaxaDeAtualizaçãoDetalle -->
