<?xml version="1.0" encoding="UTF-8"?>
<!-- Generated by org.testng.reporters.JUnitReportReporter -->
<testsuite hostname="DESKTOP-C57COV6" failures="0" tests="2" name="com.timp.test.MDR.Siscoserv.PaisMoeda.PaisMoedaExcluirEmMassa" time="149.054" errors="0" timestamp="27 abr. 2021 23:06:26 GMT" skipped="0">
  <testcase classname="com.timp.test.MDR.Siscoserv.PaisMoeda.PaisMoedaExcluirEmMassa" name="criar" time="119.334"/>
  <testcase classname="com.timp.test.MDR.Siscoserv.PaisMoeda.PaisMoedaExcluirEmMassa" name="excluir" time="29.720"/>
</testsuite> <!-- com.timp.test.MDR.Siscoserv.PaisMoeda.PaisMoedaExcluirEmMassa -->
