<?xml version="1.0" encoding="UTF-8"?>
<!-- Generated by org.testng.reporters.JUnitReportReporter -->
<<<<<<< HEAD
<<<<<<< HEAD
<<<<<<< HEAD
<testsuite hostname="SALC-PC" failures="0" tests="1" name="com.timp.test.BRB.AtivarComentario" time="82.754" errors="0" timestamp="2023-08-07T12:27:14 CST" skipped="0">
  <testcase classname="com.timp.test.BRB.AtivarComentario" name="ativarComentarios" time="82.754"/>
=======
<testsuite hostname="EC2AMAZ-8HCHO4G" failures="0" tests="1" name="com.timp.test.BRB.AtivarComentario" time="109.179" errors="0" timestamp="2023-08-16T15:47:19 UTC" skipped="0">
  <testcase classname="com.timp.test.BRB.AtivarComentario" name="ativarComentarios" time="109.179"/>
>>>>>>> refs/heads/Yessy
=======
<testsuite hostname="EC2AMAZ-8HCHO4G" failures="0" tests="1" name="com.timp.test.BRB.AtivarComentario" time="82.713" errors="0" timestamp="2023-09-29T23:27:16 UTC" skipped="0">
  <testcase classname="com.timp.test.BRB.AtivarComentario" name="ativarComentarios" time="82.713"/>
>>>>>>> refs/remotes/origin/Yessy
=======
<testsuite hostname="SALC-PC" failures="0" tests="1" name="com.timp.test.BRB.AtivarComentario" time="103.324" errors="0" timestamp="2023-08-21T13:29:35 CST" skipped="0">
  <testcase classname="com.timp.test.BRB.AtivarComentario" name="ativarComentarios" time="103.324"/>
>>>>>>> branch 'master' of https://github.com/salc1997/TIMP_R1.git
  <system-out/>
</testsuite> <!-- com.timp.test.BRB.AtivarComentario -->
