<?xml version="1.0" encoding="UTF-8"?>
<!-- Generated by org.testng.reporters.JUnitReportReporter -->
<testsuite hostname="DESKTOP-M23FVFN" failures="0" tests="1" name="com.timp.test.MDR.ContratoIOF.ContratoIOFExcluir" time="128.715" errors="0" timestamp="22 dic. 2021 08:33:30 GMT" skipped="0">
  <testcase classname="com.timp.test.MDR.ContratoIOF.ContratoIOFExcluir" name="excluir" time="128.715"/>
</testsuite> <!-- com.timp.test.MDR.ContratoIOF.ContratoIOFExcluir -->
