<?xml version="1.0" encoding="UTF-8"?>
<!-- Generated by org.testng.reporters.JUnitReportReporter -->
<testsuite hostname="DESKTOP-M23FVFN" failures="0" tests="2" name="com.timp.test.BRB.GruposAvancados" time="469.797" errors="0" timestamp="31 ene. 2022 01:34:00 GMT" skipped="0">
  <testcase classname="com.timp.test.BRB.GruposAvancados" name="eliminarGrupos" time="48.807"/>
  <testcase classname="com.timp.test.BRB.GruposAvancados" name="gruposAvanzados" time="420.990"/>
</testsuite> <!-- com.timp.test.BRB.GruposAvancados -->
