<?xml version="1.0" encoding="UTF-8"?>
<!-- Generated by org.testng.reporters.JUnitReportReporter -->
<testsuite hostname="LitoSoler" name="com.timp.test.MDR.SCANC.AjustesDosAnexos.AjustesDosAnexosCriar" tests="3" failures="0" timestamp="14 Nov 2020 18:45:11 GMT" time="110.042" errors="0">
  <testcase name="criar" time="83.041" classname="com.timp.test.MDR.SCANC.AjustesDosAnexos.AjustesDosAnexosCriar"/>
  <testcase name="login" time="6.525" classname="com.timp.test.MDR.SCANC.AjustesDosAnexos.AjustesDosAnexosCriar"/>
  <testcase name="acessarMDR" time="20.476" classname="com.timp.test.MDR.SCANC.AjustesDosAnexos.AjustesDosAnexosCriar"/>
</testsuite> <!-- com.timp.test.MDR.SCANC.AjustesDosAnexos.AjustesDosAnexosCriar -->
