<?xml version="1.0" encoding="UTF-8"?>
<!-- Generated by org.testng.reporters.JUnitReportReporter -->
<testsuite hostname="DESKTOP-C57COV6" failures="0" tests="1" name="com.timp.test.MDR.TabelasComplementaresParaObrigaçoesAcessorias.AgrupadorDeCFOP.AgrupadorDeCFOPDetalhes" time="150.582" errors="0" timestamp="18 oct. 2021 04:51:00 GMT" skipped="0">
  <testcase classname="com.timp.test.MDR.TabelasComplementaresParaObrigaçoesAcessorias.AgrupadorDeCFOP.AgrupadorDeCFOPDetalhes" name="detalhes" time="150.582"/>
</testsuite> <!-- com.timp.test.MDR.TabelasComplementaresParaObrigaçoesAcessorias.AgrupadorDeCFOP.AgrupadorDeCFOPDetalhes -->
