<?xml version="1.0" encoding="UTF-8"?>
<!-- Generated by org.testng.reporters.JUnitReportReporter -->
<testsuite hostname="CRISTHIAN-VASQUEZ" failures="0" tests="3" name="com.timp.test.TAA.Agendamento.AgendamentoCriar" time="107.167" errors="0" timestamp="11 mar. 2021 16:40:17 GMT" skipped="0">
  <testcase classname="com.timp.test.TAA.Agendamento.AgendamentoCriar" name="ingresar" time="8.635"/>
  <testcase classname="com.timp.test.TAA.Agendamento.AgendamentoCriar" name="ingresarTAA" time="18.473"/>
  <testcase classname="com.timp.test.TAA.Agendamento.AgendamentoCriar" name="criar" time="80.059"/>
</testsuite> <!-- com.timp.test.TAA.Agendamento.AgendamentoCriar -->
