<?xml version="1.0" encoding="UTF-8"?>
<!-- Generated by org.testng.reporters.JUnitReportReporter -->
<testsuite hostname="MIGUEL" failures="0" tests="3" name="com.timp.test.TDK.Dashboard.ParametrosGerais.DashboardLixeira" time="76.042" errors="0" timestamp="12 mar. 2021 19:16:17 GMT" skipped="0">
  <testcase classname="com.timp.test.TDK.Dashboard.ParametrosGerais.DashboardLixeira" name="login" time="8.957"/>
  <testcase classname="com.timp.test.TDK.Dashboard.ParametrosGerais.DashboardLixeira" name="acessarTDK" time="23.427"/>
  <testcase classname="com.timp.test.TDK.Dashboard.ParametrosGerais.DashboardLixeira" name="lixeira" time="43.658"/>
</testsuite> <!-- com.timp.test.TDK.Dashboard.ParametrosGerais.DashboardLixeira -->
