<?xml version="1.0" encoding="UTF-8"?>
<!-- Generated by org.testng.reporters.JUnitReportReporter -->
<testsuite hostname="DESKTOP-35UG9UP" name="com.timp.test.MDR.AtividadesParaTributacao.TiposDeServicos.TiposDeServicosCriar" tests="3" failures="0" timestamp="5 Oct 2020 20:22:32 GMT" time="118.453" errors="0">
  <testcase name="login" time="11.985" classname="com.timp.test.MDR.AtividadesParaTributacao.TiposDeServicos.TiposDeServicosCriar"/>
  <testcase name="acessarMDR" time="14.200" classname="com.timp.test.MDR.AtividadesParaTributacao.TiposDeServicos.TiposDeServicosCriar"/>
  <testcase name="criar" time="92.268" classname="com.timp.test.MDR.AtividadesParaTributacao.TiposDeServicos.TiposDeServicosCriar"/>
</testsuite> <!-- com.timp.test.MDR.AtividadesParaTributacao.TiposDeServicos.TiposDeServicosCriar -->
