<?xml version="1.0" encoding="UTF-8"?>
<!-- Generated by org.testng.reporters.JUnitReportReporter -->
<testsuite hostname="LitoSoler" name="com.timp.test.MDR.CodigoContabilizacao.CodigoContabilizacaoEditar" tests="3" failures="0" timestamp="22 Jan 2021 17:13:04 GMT" time="67.308" errors="0">
  <testcase name="acessarMDR" time="16.568" classname="com.timp.test.MDR.CodigoContabilizacao.CodigoContabilizacaoEditar"/>
  <testcase name="login" time="6.347" classname="com.timp.test.MDR.CodigoContabilizacao.CodigoContabilizacaoEditar"/>
  <testcase name="editar" time="44.393" classname="com.timp.test.MDR.CodigoContabilizacao.CodigoContabilizacaoEditar"/>
</testsuite> <!-- com.timp.test.MDR.CodigoContabilizacao.CodigoContabilizacaoEditar -->
