<?xml version="1.0" encoding="UTF-8"?>
<!-- Generated by org.testng.reporters.JUnitReportReporter -->
<testsuite hostname="MIGUEL" failures="0" tests="3" name="com.timp.test.BRE.CalculoDeTributos.CálculodeTributosEdiçãoEstruturas" time="263.998" errors="0" timestamp="11 Jan 2021 16:25:26 GMT">
  <testcase classname="com.timp.test.BRE.CalculoDeTributos.CálculodeTributosEdiçãoEstruturas" name="editar" time="240.489"/>
  <testcase classname="com.timp.test.BRE.CalculoDeTributos.CálculodeTributosEdiçãoEstruturas" name="acessarBRE" time="15.468"/>
  <testcase classname="com.timp.test.BRE.CalculoDeTributos.CálculodeTributosEdiçãoEstruturas" name="login" time="8.041"/>
</testsuite> <!-- com.timp.test.BRE.CalculoDeTributos.CálculodeTributosEdiçãoEstruturas -->
