<?xml version="1.0" encoding="UTF-8"?>
<!-- Generated by org.testng.reporters.JUnitReportReporter -->
<testsuite hostname="Agile" failures="0" tests="1" name="com.timp.test.MDR.DetalheTipoTributo.DetalheFiltroId" time="52.986" errors="0" timestamp="06 ene. 2022 11:39:24 GMT" skipped="0">
  <testcase classname="com.timp.test.MDR.DetalheTipoTributo.DetalheFiltroId" name="filtroId" time="52.986"/>
</testsuite> <!-- com.timp.test.MDR.DetalheTipoTributo.DetalheFiltroId -->
