<?xml version="1.0" encoding="UTF-8"?>
<!-- Generated by org.testng.reporters.JUnitReportReporter -->
<testsuite hostname="MassielV" failures="0" tests="1" name="com.timp.test.BRB.AdicionarColunas" time="162.766" errors="0" timestamp="20 oct. 2021 06:06:03 GMT" skipped="0">
  <testcase classname="com.timp.test.BRB.AdicionarColunas" name="adicionarColunas" time="162.766"/>
</testsuite> <!-- com.timp.test.BRB.AdicionarColunas -->
