<?xml version="1.0" encoding="UTF-8"?>
<!-- Generated by org.testng.reporters.JUnitReportReporter -->
<testsuite hostname="LitoSoler" name="com.timp.test.MDR.TabelasComplementaresParaObrigaçoesAcessorias.TabelaLogradouros.TabelaLogradouroExcluir" tests="3" failures="0" timestamp="10 Sep 2020 16:44:36 GMT" time="118.019" errors="0">
  <testcase name="login" time="8.132" classname="com.timp.test.MDR.TabelasComplementaresParaObrigaçoesAcessorias.TabelaLogradouros.TabelaLogradouroExcluir"/>
  <testcase name="criar" time="78.600" classname="com.timp.test.MDR.TabelasComplementaresParaObrigaçoesAcessorias.TabelaLogradouros.TabelaLogradouroExcluir"/>
  <testcase name="acessarMDR" time="31.287" classname="com.timp.test.MDR.TabelasComplementaresParaObrigaçoesAcessorias.TabelaLogradouros.TabelaLogradouroExcluir"/>
</testsuite> <!-- com.timp.test.MDR.TabelasComplementaresParaObrigaçoesAcessorias.TabelaLogradouros.TabelaLogradouroExcluir -->
