<?xml version="1.0" encoding="UTF-8"?>
<!-- Generated by org.testng.reporters.JUnitReportReporter -->
<testsuite hostname="DESKTOP-SUF121B" failures="0" tests="3" name="com.timp.test.MDR.CenariosCorrecao.CenariosCorrecaoVisualizar" time="100.849" errors="0" timestamp="31 Jul 2020 07:22:06 GMT">
  <testcase classname="com.timp.test.MDR.CenariosCorrecao.CenariosCorrecaoVisualizar" name="acessarMDR" time="34.502"/>
  <testcase classname="com.timp.test.MDR.CenariosCorrecao.CenariosCorrecaoVisualizar" name="cenariosCorrecaoVisualizar" time="57.488"/>
  <testcase classname="com.timp.test.MDR.CenariosCorrecao.CenariosCorrecaoVisualizar" name="login" time="8.859"/>
</testsuite> <!-- com.timp.test.MDR.CenariosCorrecao.CenariosCorrecaoVisualizar -->
