<?xml version="1.0" encoding="UTF-8"?>
<!-- Generated by org.testng.reporters.JUnitReportReporter -->
<testsuite hostname="LitoSoler" name="com.timp.test.MDR.TabelasApoioESocial.Tabela20.TiposDeLogradouroExcluir" tests="3" failures="0" timestamp="12 Nov 2020 16:59:50 GMT" time="226.412" errors="0">
  <testcase name="excluir" time="40.928" classname="com.timp.test.MDR.TabelasApoioESocial.Tabela20.TiposDeLogradouroExcluir"/>
  <testcase name="login" time="9.376" classname="com.timp.test.MDR.TabelasApoioESocial.Tabela20.TiposDeLogradouroExcluir"/>
  <testcase name="acessarMDR" time="176.108" classname="com.timp.test.MDR.TabelasApoioESocial.Tabela20.TiposDeLogradouroExcluir"/>
</testsuite> <!-- com.timp.test.MDR.TabelasApoioESocial.Tabela20.TiposDeLogradouroExcluir -->
