<?xml version="1.0" encoding="UTF-8"?>
<!-- Generated by org.testng.reporters.JUnitReportReporter -->
<testsuite hostname="DESKTOP-JP1A9E6" failures="0" tests="2" name="com.timp.test.BRB.GruposAvancados" time="225.052" errors="0" timestamp="01 jun. 2021 00:52:00 GMT" skipped="0">
  <testcase classname="com.timp.test.BRB.GruposAvancados" name="eliminarGrupos" time="35.287"/>
  <testcase classname="com.timp.test.BRB.GruposAvancados" name="gruposAvanzados" time="189.765"/>
</testsuite> <!-- com.timp.test.BRB.GruposAvancados -->
