<?xml version="1.0" encoding="UTF-8"?>
<!-- Generated by org.testng.reporters.JUnitReportReporter -->
<testsuite hostname="Agile" failures="0" tests="1" name="com.timp.test.MDR.AtividadesFiscais.AssociacaoAtividadeFiscal.AssociaçãoCriar" time="191.825" errors="0" timestamp="20 dic. 2021 05:32:25 GMT" skipped="0">
  <testcase classname="com.timp.test.MDR.AtividadesFiscais.AssociacaoAtividadeFiscal.AssociaçãoCriar" name="criarAssociação" time="191.825"/>
</testsuite> <!-- com.timp.test.MDR.AtividadesFiscais.AssociacaoAtividadeFiscal.AssociaçãoCriar -->
