<?xml version="1.0" encoding="UTF-8"?>
<!-- Generated by org.testng.reporters.JUnitReportReporter -->
<testsuite hostname="DESKTOP-C57COV6" failures="0" tests="1" name="com.timp.test.MDR.TabelasComplementaresParaObrigaçoesAcessorias.TabelaDaReceitasPermitidas.TabelaReceitasPermitidasExcluir" time="134.302" errors="0" timestamp="17 ago. 2021 13:12:56 GMT" skipped="0">
  <testcase classname="com.timp.test.MDR.TabelasComplementaresParaObrigaçoesAcessorias.TabelaDaReceitasPermitidas.TabelaReceitasPermitidasExcluir" name="excluir" time="134.302"/>
</testsuite> <!-- com.timp.test.MDR.TabelasComplementaresParaObrigaçoesAcessorias.TabelaDaReceitasPermitidas.TabelaReceitasPermitidasExcluir -->
