<?xml version="1.0" encoding="UTF-8"?>
<!-- Generated by org.testng.reporters.JUnitReportReporter -->
<testsuite hostname="Agile" failures="0" tests="1" name="com.timp.test.BRE.RegrasDeNegocio.ParametrosGerais.RegrasDeNegocioDetalhes" time="133.423" errors="0" timestamp="22 ene. 2022 20:37:30 GMT" skipped="0">
  <testcase classname="com.timp.test.BRE.RegrasDeNegocio.ParametrosGerais.RegrasDeNegocioDetalhes" name="detalhes" time="133.423"/>
</testsuite> <!-- com.timp.test.BRE.RegrasDeNegocio.ParametrosGerais.RegrasDeNegocioDetalhes -->
