<?xml version="1.0" encoding="UTF-8"?>
<!-- Generated by org.testng.reporters.JUnitReportReporter -->
<testsuite hostname="LitoSoler" name="com.timp.test.TCC.GestaoDeCreditoTributarioICMS.ConfiguracaoEExecucaoRegistro1200.ConfiguracaoEExecucaoRegistro1200Criar" tests="3" failures="0" timestamp="14 Jan 2021 22:20:07 GMT" time="196.411" errors="0">
  <testcase name="criar" time="175.525" classname="com.timp.test.TCC.GestaoDeCreditoTributarioICMS.ConfiguracaoEExecucaoRegistro1200.ConfiguracaoEExecucaoRegistro1200Criar"/>
  <testcase name="login" time="6.734" classname="com.timp.test.TCC.GestaoDeCreditoTributarioICMS.ConfiguracaoEExecucaoRegistro1200.ConfiguracaoEExecucaoRegistro1200Criar"/>
  <testcase name="acessarTCC" time="14.152" classname="com.timp.test.TCC.GestaoDeCreditoTributarioICMS.ConfiguracaoEExecucaoRegistro1200.ConfiguracaoEExecucaoRegistro1200Criar"/>
</testsuite> <!-- com.timp.test.TCC.GestaoDeCreditoTributarioICMS.ConfiguracaoEExecucaoRegistro1200.ConfiguracaoEExecucaoRegistro1200Criar -->
