<?xml version="1.0" encoding="UTF-8"?>
<<<<<<< HEAD
<!-- Generated by org.testng.reporters.JUnitReportReporter -->
<testsuite hostname="LitoSoler" name="com.timp.test.SCANC.RelatoriosRefineriaGerados.RelatorioRefinariaGeradosCriarCampoDeSaida" tests="3" failures="0" timestamp="16 Dec 2020 16:56:46 GMT" time="123.541" errors="0">
  <testcase name="criarCampoDeSaida" time="74.152" classname="com.timp.test.SCANC.RelatoriosRefineriaGerados.RelatorioRefinariaGeradosCriarCampoDeSaida"/>
  <testcase name="scancEntrar" time="33.887" classname="com.timp.test.SCANC.RelatoriosRefineriaGerados.RelatorioRefinariaGeradosCriarCampoDeSaida"/>
  <testcase name="ingresar" time="15.502" classname="com.timp.test.SCANC.RelatoriosRefineriaGerados.RelatorioRefinariaGeradosCriarCampoDeSaida"/>
=======
<!-- Generated by org.testng.reporters.JUnitReportReporter -->
<testsuite hostname="MIGUEL" failures="0" tests="3" name="com.timp.test.SCANC.RelatoriosRefineriaGerados.RelatorioRefinariaGeradosCriarCampoDeSaida" time="113.880" errors="0" timestamp="9 Dec 2020 02:25:06 GMT">
  <testcase classname="com.timp.test.SCANC.RelatoriosRefineriaGerados.RelatorioRefinariaGeradosCriarCampoDeSaida" name="scancEntrar" time="31.717"/>
  <testcase classname="com.timp.test.SCANC.RelatoriosRefineriaGerados.RelatorioRefinariaGeradosCriarCampoDeSaida" name="ingresar" time="10.418"/>
  <testcase classname="com.timp.test.SCANC.RelatoriosRefineriaGerados.RelatorioRefinariaGeradosCriarCampoDeSaida" name="criarCampoDeSaida" time="71.745"/>
>>>>>>> refs/remotes/origin/master
</testsuite> <!-- com.timp.test.SCANC.RelatoriosRefineriaGerados.RelatorioRefinariaGeradosCriarCampoDeSaida -->
