<?xml version="1.0" encoding="UTF-8"?>
<!-- Generated by org.testng.reporters.JUnitReportReporter -->
<testsuite hostname="MassielV" failures="0" tests="1" name="com.timp.test.MDR.RegistroECAC.RegistroECACCriar" time="103.617" errors="0" timestamp="02 nov. 2021 09:40:45 GMT" skipped="0">
  <testcase classname="com.timp.test.MDR.RegistroECAC.RegistroECACCriar" name="criar" time="103.617"/>
</testsuite> <!-- com.timp.test.MDR.RegistroECAC.RegistroECACCriar -->
