<?xml version="1.0" encoding="UTF-8"?>
<<<<<<< HEAD
<!-- Generated by org.testng.reporters.JUnitReportReporter -->
<testsuite skipped="0" hostname="LitoSoler" name="com.timp.test.MDR.Antecipacao.AntecipacaoCriar" tests="1" failures="0" timestamp="17 feb 2021 15:02:47 GMT" time="141.913" errors="0">
  <testcase name="criar" time="141.913" classname="com.timp.test.MDR.Antecipacao.AntecipacaoCriar"/>
=======
<!-- Generated by org.testng.reporters.JUnitReportReporter -->
<testsuite skipped="0" hostname="LitoSoler" name="com.timp.test.MDR.Antecipacao.AntecipacaoCriar" tests="1" failures="0" timestamp="16 feb 2021 22:27:48 GMT" time="143.378" errors="0">
  <testcase name="criar" time="143.378" classname="com.timp.test.MDR.Antecipacao.AntecipacaoCriar"/>
>>>>>>> branch 'master' of https://github.com/salc1997/TIMP_R1.git
</testsuite> <!-- com.timp.test.MDR.Antecipacao.AntecipacaoCriar -->
