<?xml version="1.0" encoding="UTF-8"?>
<!-- Generated by org.testng.reporters.JUnitReportReporter -->
<testsuite hostname="LitoSoler" name="com.timp.test.MDR.CadastroDerex.InstituicaoFinanceira.InstituicaoExcluir" tests="3" failures="0" timestamp="19 Aug 2020 21:32:03 GMT" time="74.494" errors="0">
  <testcase name="login" time="6.353" classname="com.timp.test.MDR.CadastroDerex.InstituicaoFinanceira.InstituicaoExcluir"/>
  <testcase name="excluir" time="59.813" classname="com.timp.test.MDR.CadastroDerex.InstituicaoFinanceira.InstituicaoExcluir"/>
  <testcase name="acessarMDR" time="8.328" classname="com.timp.test.MDR.CadastroDerex.InstituicaoFinanceira.InstituicaoExcluir"/>
</testsuite> <!-- com.timp.test.MDR.CadastroDerex.InstituicaoFinanceira.InstituicaoExcluir -->
