<?xml version="1.0" encoding="UTF-8"?>
<!-- Generated by org.testng.reporters.JUnitReportReporter -->
<testsuite hostname="LitoSoler" name="com.timp.test.MDR.CadastroDerex.InstituicaoFinanceira.InstituicaoExcluir" tests="3" failures="0" timestamp="6 Aug 2020 21:13:28 GMT" time="67.824" errors="0">
  <testcase name="visualizar" time="47.572" classname="com.timp.test.MDR.CadastroDerex.InstituicaoFinanceira.InstituicaoExcluir"/>
  <testcase name="login" time="5.762" classname="com.timp.test.MDR.CadastroDerex.InstituicaoFinanceira.InstituicaoExcluir"/>
  <testcase name="acessarMDR" time="14.490" classname="com.timp.test.MDR.CadastroDerex.InstituicaoFinanceira.InstituicaoExcluir"/>
</testsuite> <!-- com.timp.test.MDR.CadastroDerex.InstituicaoFinanceira.InstituicaoExcluir -->
