<?xml version="1.0" encoding="UTF-8"?>
<!-- Generated by org.testng.reporters.JUnitReportReporter -->
<testsuite hostname="DESKTOP-BNBDMGT" failures="0" tests="1" name="com.timp.test.MDR.RegistroDeExportaçao.RegistroDeExportaçaoExcluir" time="69.630" errors="0" timestamp="08 abr. 2021 21:52:44 GMT" skipped="0">
  <testcase classname="com.timp.test.MDR.RegistroDeExportaçao.RegistroDeExportaçaoExcluir" name="Excluir" time="69.630"/>
</testsuite> <!-- com.timp.test.MDR.RegistroDeExportaçao.RegistroDeExportaçaoExcluir -->
