<?xml version="1.0" encoding="UTF-8"?>
<!-- Generated by org.testng.reporters.JUnitReportReporter -->
<testsuite hostname="MassielV" failures="0" tests="1" name="com.timp.test.BRB.AdicionarColunas" time="245.186" errors="0" timestamp="22 oct. 2021 21:29:01 GMT" skipped="0">
  <testcase classname="com.timp.test.BRB.AdicionarColunas" name="adicionarColunas" time="245.186"/>
</testsuite> <!-- com.timp.test.BRB.AdicionarColunas -->
