<?xml version="1.0" encoding="UTF-8"?>
<!-- Generated by org.testng.reporters.JUnitReportReporter -->
<testsuite hostname="LitoSoler" name="com.timp.test.BRB.CriarCopia" tests="3" failures="0" timestamp="2 Dec 2020 21:22:31 GMT" time="168.022" errors="0">
  <testcase name="login" time="7.243" classname="com.timp.test.BRB.CriarCopia"/>
  <testcase name="brbEntrar" time="25.774" classname="com.timp.test.BRB.CriarCopia"/>
  <testcase name="criarCopia" time="135.005" classname="com.timp.test.BRB.CriarCopia"/>
</testsuite> <!-- com.timp.test.BRB.CriarCopia -->
