<?xml version="1.0" encoding="UTF-8"?>
<!-- Generated by org.testng.reporters.JUnitReportReporter -->
<testsuite hostname="LitoSoler" name="com.timp.test.MDR.Antecipacao.AntecipacaoEliminar" tests="3" failures="0" timestamp="19 Aug 2020 17:33:39 GMT" time="299.224" errors="0">
  <testcase name="visualizar" time="269.007" classname="com.timp.test.MDR.Antecipacao.AntecipacaoEliminar"/>
  <testcase name="acessarMDR" time="22.326" classname="com.timp.test.MDR.Antecipacao.AntecipacaoEliminar"/>
  <testcase name="login" time="7.891" classname="com.timp.test.MDR.Antecipacao.AntecipacaoEliminar"/>
</testsuite> <!-- com.timp.test.MDR.Antecipacao.AntecipacaoEliminar -->
