<?xml version="1.0" encoding="UTF-8"?>
<!-- Generated by org.testng.reporters.JUnitReportReporter -->
<<<<<<< HEAD
<testsuite hostname="LAPTOP-IN7IV9K5" failures="0" tests="2" name="com.timp.test.MDR.TabelasApoioESocial.Tabela28.DadosDeRATExcluirEmMassa" time="161.988" errors="0" timestamp="25 jun. 2021 12:00:21 GMT" skipped="0">
  <testcase classname="com.timp.test.MDR.TabelasApoioESocial.Tabela28.DadosDeRATExcluirEmMassa" name="excluir" time="33.749"/>
  <testcase classname="com.timp.test.MDR.TabelasApoioESocial.Tabela28.DadosDeRATExcluirEmMassa" name="criar" time="128.239"/>
=======
<testsuite hostname="DESKTOP-C57COV6" failures="0" tests="2" name="com.timp.test.MDR.TabelasApoioESocial.Tabela28.DadosDeRATExcluirEmMassa" time="261.687" errors="0" timestamp="15 sep. 2021 10:02:59 GMT" skipped="0">
  <testcase classname="com.timp.test.MDR.TabelasApoioESocial.Tabela28.DadosDeRATExcluirEmMassa" name="criar" time="227.888"/>
  <testcase classname="com.timp.test.MDR.TabelasApoioESocial.Tabela28.DadosDeRATExcluirEmMassa" name="excluir" time="33.799"/>
>>>>>>> refs/remotes/origin/Yessy
</testsuite> <!-- com.timp.test.MDR.TabelasApoioESocial.Tabela28.DadosDeRATExcluirEmMassa -->
