<?xml version="1.0" encoding="UTF-8"?>
<!-- Generated by org.testng.reporters.JUnitReportReporter -->
<testsuite hostname="DESKTOP-BNBDMGT" failures="0" tests="2" name="com.timp.test.BRE.AcessarBRE" time="24.853" errors="0" timestamp="2 Feb 2021 13:36:10 GMT">
  <testcase classname="com.timp.test.BRE.AcessarBRE" name="login" time="8.918"/>
  <testcase classname="com.timp.test.BRE.AcessarBRE" name="MDREntrar" time="15.935"/>
</testsuite> <!-- com.timp.test.BRE.AcessarBRE -->
