<?xml version="1.0" encoding="UTF-8"?>
<!-- Generated by org.testng.reporters.JUnitReportReporter -->
<testsuite hostname="LitoSoler" name="com.timp.test.MDR.LimiteCompetencia.LimiteCompetenciaCriar" tests="3" failures="0" timestamp="26 Aug 2020 00:41:10 GMT" time="165.874" errors="0">
  <testcase name="login" time="6.800" classname="com.timp.test.MDR.LimiteCompetencia.LimiteCompetenciaCriar"/>
  <testcase name="criar" time="131.595" classname="com.timp.test.MDR.LimiteCompetencia.LimiteCompetenciaCriar"/>
  <testcase name="acessarMDR" time="27.479" classname="com.timp.test.MDR.LimiteCompetencia.LimiteCompetenciaCriar"/>
</testsuite> <!-- com.timp.test.MDR.LimiteCompetencia.LimiteCompetenciaCriar -->
