<?xml version="1.0" encoding="UTF-8"?>
<!-- Generated by org.testng.reporters.JUnitReportReporter -->
<testsuite hostname="Agile" failures="0" tests="1" name="com.timp.test.BRE.RegrasdeAuditoriaN1.ParametrosGerais.RegrasdeAuditoriaN1ParâmetrosgeraisSimular" time="215.516" errors="0" timestamp="21 dic. 2021 15:11:49 GMT" skipped="0">
  <testcase classname="com.timp.test.BRE.RegrasdeAuditoriaN1.ParametrosGerais.RegrasdeAuditoriaN1ParâmetrosgeraisSimular" name="editar" time="215.516"/>
</testsuite> <!-- com.timp.test.BRE.RegrasdeAuditoriaN1.ParametrosGerais.RegrasdeAuditoriaN1ParâmetrosgeraisSimular -->
