<?xml version="1.0" encoding="UTF-8"?>
<!-- Generated by org.testng.reporters.JUnitReportReporter -->
<testsuite hostname="LitoSoler" name="com.timp.test.BRB.Cabeçalho" tests="3" failures="0" timestamp="4 Dec 2020 00:05:13 GMT" time="124.519" errors="0">
  <testcase name="cabeçalho" time="82.142" classname="com.timp.test.BRB.Cabeçalho"/>
  <testcase name="login" time="7.750" classname="com.timp.test.BRB.Cabeçalho"/>
  <testcase name="brbEntrar" time="34.627" classname="com.timp.test.BRB.Cabeçalho"/>
</testsuite> <!-- com.timp.test.BRB.Cabeçalho -->
