<?xml version="1.0" encoding="UTF-8"?>
<!-- Generated by org.testng.reporters.JUnitReportReporter -->
<testsuite hostname="LitoSoler" name="com.timp.test.MDR.LimiteCompetencia.LimiteCompetenciaDetalhes" tests="3" failures="0" timestamp="26 Aug 2020 00:45:04 GMT" time="76.424" errors="0">
  <testcase name="acessarMDR" time="25.664" classname="com.timp.test.MDR.LimiteCompetencia.LimiteCompetenciaDetalhes"/>
  <testcase name="login" time="6.154" classname="com.timp.test.MDR.LimiteCompetencia.LimiteCompetenciaDetalhes"/>
  <testcase name="criar" time="44.606" classname="com.timp.test.MDR.LimiteCompetencia.LimiteCompetenciaDetalhes"/>
</testsuite> <!-- com.timp.test.MDR.LimiteCompetencia.LimiteCompetenciaDetalhes -->
