<?xml version="1.0" encoding="UTF-8"?>
<!-- Generated by org.testng.reporters.JUnitReportReporter -->
<testsuite hostname="DESKTOP-BNBDMGT" failures="0" tests="3" name="com.timp.test.MDR.DetalheTipoTributo.DetalheExcluir" time="77.492" errors="0" timestamp="25 Dec 2020 05:56:51 GMT">
  <testcase classname="com.timp.test.MDR.DetalheTipoTributo.DetalheExcluir" name="acessarMDR" time="25.731"/>
  <testcase classname="com.timp.test.MDR.DetalheTipoTributo.DetalheExcluir" name="login" time="8.787"/>
  <testcase classname="com.timp.test.MDR.DetalheTipoTributo.DetalheExcluir" name="excluir" time="42.974"/>
</testsuite> <!-- com.timp.test.MDR.DetalheTipoTributo.DetalheExcluir -->
