<?xml version="1.0" encoding="UTF-8"?>
<!-- Generated by org.testng.reporters.JUnitReportReporter -->
<testsuite hostname="DESKTOP-M23FVFN" failures="0" tests="2" name="com.timp.test.BRB.ExcluirRelatorio" time="166.275" errors="0" timestamp="2022-07-08T15:00:13 CST" skipped="0">
  <testcase classname="com.timp.test.BRB.ExcluirRelatorio" name="eliminarLixeira" time="58.790"/>
  <system-out/>
  <testcase classname="com.timp.test.BRB.ExcluirRelatorio" name="eliminar" time="107.485"/>
  <system-out/>
</testsuite> <!-- com.timp.test.BRB.ExcluirRelatorio -->
