<?xml version="1.0" encoding="UTF-8"?>
<!-- Generated by org.testng.reporters.JUnitReportReporter -->
<testsuite skipped="0" hostname="LitoSoler" name="com.timp.test.MDR.CadastroCondiçao.cadastrocondicaoDetalle" tests="1" failures="0" timestamp="16 feb 2021 23:31:47 GMT" time="74.370" errors="0">
  <testcase name="detalle" time="74.370" classname="com.timp.test.MDR.CadastroCondiçao.cadastrocondicaoDetalle"/>
</testsuite> <!-- com.timp.test.MDR.CadastroCondiçao.cadastrocondicaoDetalle -->
