<?xml version="1.0" encoding="UTF-8"?>
<!-- Generated by org.testng.reporters.JUnitReportReporter -->
<testsuite hostname="DESKTOP-JP1A9E6" failures="0" tests="1" name="com.timp.test.MDR.TabelasApoioESocial.Tabela08.ClassificacaoTributariaDetalhe" time="144.269" errors="0" timestamp="25 jun. 2021 05:35:40 GMT" skipped="0">
  <testcase classname="com.timp.test.MDR.TabelasApoioESocial.Tabela08.ClassificacaoTributariaDetalhe" name="detalhes" time="144.269"/>
</testsuite> <!-- com.timp.test.MDR.TabelasApoioESocial.Tabela08.ClassificacaoTributariaDetalhe -->
