<?xml version="1.0" encoding="UTF-8"?>
<!-- Generated by org.testng.reporters.JUnitReportReporter -->
<testsuite hostname="LitoSoler" name="com.timp.test.MDR.TabelaDeApoioECF.TabelaDeApoioECFAtualizar" tests="3" failures="0" timestamp="10 Oct 2020 01:46:42 GMT" time="39.824" errors="0">
  <testcase name="acessarMDR" time="9.001" classname="com.timp.test.MDR.TabelaDeApoioECF.TabelaDeApoioECFAtualizar"/>
  <testcase name="login" time="6.999" classname="com.timp.test.MDR.TabelaDeApoioECF.TabelaDeApoioECFAtualizar"/>
  <testcase name="atualizar" time="23.824" classname="com.timp.test.MDR.TabelaDeApoioECF.TabelaDeApoioECFAtualizar"/>
</testsuite> <!-- com.timp.test.MDR.TabelaDeApoioECF.TabelaDeApoioECFAtualizar -->
