<?xml version="1.0" encoding="UTF-8"?>
<!-- Generated by org.testng.reporters.JUnitReportReporter -->
<testsuite hostname="LitoSoler" name="com.timp.test.BRB.PruebaToolTip" tests="2" failures="0" timestamp="15 May 2020 23:06:37 GMT" time="66.437" errors="0">
  <testcase name="brbEntrar" time="63.418" classname="com.timp.test.BRB.PruebaToolTip"/>
  <testcase name="login" time="3.019" classname="com.timp.test.BRB.PruebaToolTip"/>
</testsuite> <!-- com.timp.test.BRB.PruebaToolTip -->
