<?xml version="1.0" encoding="UTF-8"?>
<!-- Generated by org.testng.reporters.JUnitReportReporter -->
<testsuite hostname="DESKTOP-5P4F1JE" failures="0" tests="3" name="com.timp.test.MDR.Siscoserv.RegistroRAS.RegistroRASCriar" time="79.043" errors="0" timestamp="21 Oct 2020 20:34:46 GMT">
  <testcase classname="com.timp.test.MDR.Siscoserv.RegistroRAS.RegistroRASCriar" name="login" time="7.390"/>
  <testcase classname="com.timp.test.MDR.Siscoserv.RegistroRAS.RegistroRASCriar" name="criar" time="48.704"/>
  <testcase classname="com.timp.test.MDR.Siscoserv.RegistroRAS.RegistroRASCriar" name="acessarMDR" time="22.949"/>
</testsuite> <!-- com.timp.test.MDR.Siscoserv.RegistroRAS.RegistroRASCriar -->
