<?xml version="1.0" encoding="UTF-8"?>
<!-- Generated by org.testng.reporters.JUnitReportReporter -->
<testsuite hostname="LitoSoler" name="com.timp.test.MDR.LimiteCompetencia.LimiteCompetenciaDetalhes" tests="3" failures="0" timestamp="7 Dec 2020 20:55:02 GMT" time="67.155" errors="0">
  <testcase name="login" time="7.232" classname="com.timp.test.MDR.LimiteCompetencia.LimiteCompetenciaDetalhes"/>
  <testcase name="detalhes" time="33.798" classname="com.timp.test.MDR.LimiteCompetencia.LimiteCompetenciaDetalhes"/>
  <testcase name="acessarMDR" time="26.125" classname="com.timp.test.MDR.LimiteCompetencia.LimiteCompetenciaDetalhes"/>
</testsuite> <!-- com.timp.test.MDR.LimiteCompetencia.LimiteCompetenciaDetalhes -->
