<?xml version="1.0" encoding="UTF-8"?>
<!-- Generated by org.testng.reporters.JUnitReportReporter -->
<testsuite hostname="DESKTOP-M23FVFN" failures="0" tests="1" name="com.timp.test.MDR.Centralizacao.Saldos.SaldosDetalhes" time="287.572" errors="0" timestamp="27 dic. 2021 19:54:56 GMT" skipped="0">
  <testcase classname="com.timp.test.MDR.Centralizacao.Saldos.SaldosDetalhes" name="detalhes" time="287.572"/>
</testsuite> <!-- com.timp.test.MDR.Centralizacao.Saldos.SaldosDetalhes -->
