<?xml version="1.0" encoding="UTF-8"?>
<!-- Generated by org.testng.reporters.JUnitReportReporter -->
<testsuite hostname="EC2AMAZ-8HCHO4G" failures="0" tests="1" name="com.timp.test.TDK.Kpis.Edicao.KipisLinksRapidosMiasExecutar" time="294.017" errors="0" timestamp="2024-01-23T06:14:12 UTC" skipped="0">
  <testcase classname="com.timp.test.TDK.Kpis.Edicao.KipisLinksRapidosMiasExecutar" name="linksrapidos" time="294.017"/>
  <system-out/>
</testsuite> <!-- com.timp.test.TDK.Kpis.Edicao.KipisLinksRapidosMiasExecutar -->
