<?xml version="1.0" encoding="UTF-8"?>
<!-- Generated by org.testng.reporters.JUnitReportReporter -->
<testsuite hostname="DESKTOP-C57COV6" failures="0" tests="1" name="com.timp.test.TDK.Dashboard.ParametrosGerais.DashboardCriarCopia" time="370.618" errors="0" timestamp="22 oct. 2021 21:13:45 GMT" skipped="0">
  <testcase classname="com.timp.test.TDK.Dashboard.ParametrosGerais.DashboardCriarCopia" name="copia" time="370.618"/>
</testsuite> <!-- com.timp.test.TDK.Dashboard.ParametrosGerais.DashboardCriarCopia -->
