<?xml version="1.0" encoding="UTF-8"?>
<!-- Generated by org.testng.reporters.JUnitReportReporter -->
<testsuite hostname="LitoSoler" name="com.timp.test.MDR.CEP.Municipio.MunicipioCriar" tests="3" failures="0" timestamp="2 Feb 2021 16:59:07 GMT" time="67.704" errors="0">
  <testcase name="criar" time="36.149" classname="com.timp.test.MDR.CEP.Municipio.MunicipioCriar"/>
  <testcase name="login" time="6.897" classname="com.timp.test.MDR.CEP.Municipio.MunicipioCriar"/>
  <testcase name="acessarMDR" time="24.658" classname="com.timp.test.MDR.CEP.Municipio.MunicipioCriar"/>
</testsuite> <!-- com.timp.test.MDR.CEP.Municipio.MunicipioCriar -->
