<?xml version="1.0" encoding="UTF-8"?>
<!-- Generated by org.testng.reporters.JUnitReportReporter -->
<testsuite hostname="LAPTOP-IN7IV9K5" failures="0" tests="3" name="com.timp.test.TDK.Execucoes.Lixeira.LixeiraExcluirEmMassa" time="108.482" errors="0" timestamp="23 feb. 2021 04:13:52 GMT" skipped="0">
  <testcase classname="com.timp.test.TDK.Execucoes.Lixeira.LixeiraExcluirEmMassa" name="login" time="13.998"/>
  <testcase classname="com.timp.test.TDK.Execucoes.Lixeira.LixeiraExcluirEmMassa" name="acessarTDK" time="62.118"/>
  <testcase classname="com.timp.test.TDK.Execucoes.Lixeira.LixeiraExcluirEmMassa" name="excluirEmMassa" time="32.366"/>
</testsuite> <!-- com.timp.test.TDK.Execucoes.Lixeira.LixeiraExcluirEmMassa -->
