<?xml version="1.0" encoding="UTF-8"?>
<!-- Generated by org.testng.reporters.JUnitReportReporter -->
<testsuite hostname="LitoSoler" name="com.timp.test.MDR.CEP.Bairro.BairroEliminar" tests="3" failures="0" timestamp="2 Feb 2021 16:07:56 GMT" time="77.690" errors="0">
  <testcase name="login" time="18.421" classname="com.timp.test.MDR.CEP.Bairro.BairroEliminar"/>
  <testcase name="eliminar" time="30.110" classname="com.timp.test.MDR.CEP.Bairro.BairroEliminar"/>
  <testcase name="acessarMDR" time="29.159" classname="com.timp.test.MDR.CEP.Bairro.BairroEliminar"/>
</testsuite> <!-- com.timp.test.MDR.CEP.Bairro.BairroEliminar -->
