<?xml version="1.0" encoding="UTF-8"?>
<!-- Generated by org.testng.reporters.JUnitReportReporter -->
<testsuite hostname="LitoSoler" name="com.timp.test.MDR.CEP.Municipio.MunicipioFiltros" tests="3" failures="0" timestamp="24 Sep 2020 14:59:02 GMT" time="29.296" errors="0">
  <testcase name="acessarMDR" time="16.823" classname="com.timp.test.MDR.CEP.Municipio.MunicipioFiltros"/>
  <testcase name="login" time="6.974" classname="com.timp.test.MDR.CEP.Municipio.MunicipioFiltros"/>
  <testcase name="filtro" time="5.499" classname="com.timp.test.MDR.CEP.Municipio.MunicipioFiltros"/>
</testsuite> <!-- com.timp.test.MDR.CEP.Municipio.MunicipioFiltros -->
