<?xml version="1.0" encoding="UTF-8"?>
<!-- Generated by org.testng.reporters.JUnitReportReporter -->
<testsuite hostname="DESKTOP-M23FVFN" failures="0" tests="1" name="com.timp.test.MDR.CadastrosIRPJCSLL.ContasParteBLALUR.ContasParteBLALURFiltroID" time="57.469" errors="0" timestamp="22 dic. 2021 16:16:17 GMT" skipped="0">
  <testcase classname="com.timp.test.MDR.CadastrosIRPJCSLL.ContasParteBLALUR.ContasParteBLALURFiltroID" name="filtro" time="57.469"/>
</testsuite> <!-- com.timp.test.MDR.CadastrosIRPJCSLL.ContasParteBLALUR.ContasParteBLALURFiltroID -->
