<?xml version="1.0" encoding="UTF-8"?>
<!-- Generated by org.testng.reporters.JUnitReportReporter -->
<testsuite hostname="LitoSoler" name="com.timp.test.BRB.Formula" tests="5" failures="0" timestamp="30 Sep 2020 17:22:43 GMT" time="132.315" errors="0">
  <testcase name="formulaBoton" time="57.978" classname="com.timp.test.BRB.Formula"/>
  <testcase name="aplicar" time="8.943" classname="com.timp.test.BRB.Formula"/>
  <testcase name="login" time="7.331" classname="com.timp.test.BRB.Formula"/>
  <testcase name="brbEntrar" time="23.927" classname="com.timp.test.BRB.Formula"/>
  <testcase name="formulaColuna" time="34.136" classname="com.timp.test.BRB.Formula"/>
</testsuite> <!-- com.timp.test.BRB.Formula -->
