<?xml version="1.0" encoding="UTF-8"?>
<!-- Generated by org.testng.reporters.JUnitReportReporter -->
<testsuite hostname="DESKTOP-C57COV6" failures="0" tests="1" name="com.timp.test.ADM.Configuração.Usuarios.UsuáriosDetalhes" time="80.511" errors="0" timestamp="25 nov. 2021 00:44:54 GMT" skipped="0">
  <testcase classname="com.timp.test.ADM.Configuração.Usuarios.UsuáriosDetalhes" name="ver" time="80.511"/>
</testsuite> <!-- com.timp.test.ADM.Configuração.Usuarios.UsuáriosDetalhes -->
