<?xml version="1.0" encoding="UTF-8"?>
<!-- Generated by org.testng.reporters.JUnitReportReporter -->
<testsuite hostname="DESKTOP-BNBDMGT" failures="0" tests="1" name="com.timp.test.MDR.Filiais.FiliaisVisualizar" time="42.784" errors="0" timestamp="16 mar. 2021 01:38:16 GMT" skipped="0">
  <testcase classname="com.timp.test.MDR.Filiais.FiliaisVisualizar" name="visualizar" time="42.784"/>
</testsuite> <!-- com.timp.test.MDR.Filiais.FiliaisVisualizar -->
