<?xml version="1.0" encoding="UTF-8"?>
<!-- Generated by org.testng.reporters.JUnitReportReporter -->
<testsuite skipped="0" hostname="LitoSoler" name="com.timp.test.MDR.CEP.Bairro.BairroDetalhes" tests="1" failures="0" timestamp="18 feb 2021 21:26:50 GMT" time="79.036" errors="0">
  <testcase name="visualizar" time="79.036" classname="com.timp.test.MDR.CEP.Bairro.BairroDetalhes"/>
</testsuite> <!-- com.timp.test.MDR.CEP.Bairro.BairroDetalhes -->
