<?xml version="1.0" encoding="UTF-8"?>
<!-- Generated by org.testng.reporters.JUnitReportReporter -->
<testsuite hostname="DESKTOP-JP1A9E6" failures="0" tests="2" name="com.timp.test.MDR.CadastroCondiçao.CadastroCondiçaoExcluirMasas" time="224.678" errors="0" timestamp="27 ago. 2021 07:22:27 GMT" skipped="0">
  <testcase classname="com.timp.test.MDR.CadastroCondiçao.CadastroCondiçaoExcluirMasas" name="excluir" time="45.116"/>
  <testcase classname="com.timp.test.MDR.CadastroCondiçao.CadastroCondiçaoExcluirMasas" name="criar" time="179.562"/>
</testsuite> <!-- com.timp.test.MDR.CadastroCondiçao.CadastroCondiçaoExcluirMasas -->
