<?xml version="1.0" encoding="UTF-8"?>
<!-- Generated by org.testng.reporters.JUnitReportReporter -->
<testsuite hostname="EC2AMAZ-8HCHO4G" failures="0" tests="3" name="com.timp.test.BRE.Lixeira.ParametrosGerais.LixeiraTodasFunc" time="260.080" errors="0" timestamp="2024-01-29T14:38:00 UTC" skipped="0">
  <testcase classname="com.timp.test.BRE.Lixeira.ParametrosGerais.LixeiraTodasFunc" name="criar" time="150.031"/>
  <system-out/>
  <testcase classname="com.timp.test.BRE.Lixeira.ParametrosGerais.LixeiraTodasFunc" name="restaurar" time="41.032"/>
  <system-out/>
  <testcase classname="com.timp.test.BRE.Lixeira.ParametrosGerais.LixeiraTodasFunc" name="excluir" time="69.017"/>
  <system-out/>
</testsuite> <!-- com.timp.test.BRE.Lixeira.ParametrosGerais.LixeiraTodasFunc -->
