<?xml version="1.0" encoding="UTF-8"?>
<!-- Generated by org.testng.reporters.JUnitReportReporter -->
<testsuite hostname="DESKTOP-35UG9UP" name="com.timp.test.MDR.RegistroECAC.RegistroECACCriar" tests="3" failures="0" timestamp="8 Oct 2020 19:06:04 GMT" time="175.559" errors="0">
  <testcase name="login" time="11.266" classname="com.timp.test.MDR.RegistroECAC.RegistroECACCriar"/>
  <testcase name="acessarMDR" time="36.990" classname="com.timp.test.MDR.RegistroECAC.RegistroECACCriar"/>
  <testcase name="criar" time="127.303" classname="com.timp.test.MDR.RegistroECAC.RegistroECACCriar"/>
</testsuite> <!-- com.timp.test.MDR.RegistroECAC.RegistroECACCriar -->
