<?xml version="1.0" encoding="UTF-8"?>
<!-- Generated by org.testng.reporters.JUnitReportReporter -->
<testsuite hostname="DESKTOP-M23FVFN" failures="0" tests="1" name="com.timp.test.BRB.CrescenteEDecrescente" time="306.581" errors="0" timestamp="17 dic. 2021 00:23:29 GMT" skipped="0">
  <testcase classname="com.timp.test.BRB.CrescenteEDecrescente" name="crescenteEDecrescente" time="306.581"/>
</testsuite> <!-- com.timp.test.BRB.CrescenteEDecrescente -->
