<?xml version="1.0" encoding="UTF-8"?>
<!-- Generated by org.testng.reporters.JUnitReportReporter -->
<testsuite hostname="DESKTOP-BNBDMGT" failures="0" tests="3" name="com.timp.test.MDR.DetalheTipoTributo.DetalheDetalhes" time="66.265" errors="0" timestamp="25 Dec 2020 05:52:42 GMT">
  <testcase classname="com.timp.test.MDR.DetalheTipoTributo.DetalheDetalhes" name="detalhes" time="34.207"/>
  <testcase classname="com.timp.test.MDR.DetalheTipoTributo.DetalheDetalhes" name="acessarMDR" time="25.090"/>
  <testcase classname="com.timp.test.MDR.DetalheTipoTributo.DetalheDetalhes" name="login" time="6.968"/>
</testsuite> <!-- com.timp.test.MDR.DetalheTipoTributo.DetalheDetalhes -->
