<?xml version="1.0" encoding="UTF-8"?>
<!-- Generated by org.testng.reporters.JUnitReportReporter -->
<testsuite hostname="DESKTOP-35UG9UP" name="com.timp.test.MDR.RepresentanteLegais.RepresentanteLegaisCriar" tests="3" failures="0" timestamp="27 Aug 2020 20:38:57 GMT" time="164.154" errors="0">
  <testcase name="criar" time="141.567" classname="com.timp.test.MDR.RepresentanteLegais.RepresentanteLegaisCriar"/>
  <testcase name="acessarMDR" time="12.712" classname="com.timp.test.MDR.RepresentanteLegais.RepresentanteLegaisCriar"/>
  <testcase name="login" time="9.875" classname="com.timp.test.MDR.RepresentanteLegais.RepresentanteLegaisCriar"/>
</testsuite> <!-- com.timp.test.MDR.RepresentanteLegais.RepresentanteLegaisCriar -->
