<?xml version="1.0" encoding="UTF-8"?>
<!-- Generated by org.testng.reporters.JUnitReportReporter -->
<testsuite hostname="CRISTHIAN-VASQUEZ" failures="0" tests="3" name="com.timp.test.DFG.Configuracoes.ConfiguracoesEditar" time="110.868" errors="0" timestamp="14 Jan 2021 11:30:58 GMT">
  <testcase classname="com.timp.test.DFG.Configuracoes.ConfiguracoesEditar" name="criar" time="84.805"/>
  <testcase classname="com.timp.test.DFG.Configuracoes.ConfiguracoesEditar" name="mdrEntrar" time="18.868"/>
  <testcase classname="com.timp.test.DFG.Configuracoes.ConfiguracoesEditar" name="ingresar" time="7.195"/>
</testsuite> <!-- com.timp.test.DFG.Configuracoes.ConfiguracoesEditar -->
