<?xml version="1.0" encoding="UTF-8"?>
<!-- Generated by org.testng.reporters.JUnitReportReporter -->
<testsuite hostname="LitoSoler" name="com.timp.test.MDR.CodigoContabilizacao.CodigoContabilizacaoEditar" tests="3" failures="0" timestamp="24 Sep 2020 15:36:53 GMT" time="69.397" errors="0">
  <testcase name="login" time="6.985" classname="com.timp.test.MDR.CodigoContabilizacao.CodigoContabilizacaoEditar"/>
  <testcase name="acessarMDR" time="16.119" classname="com.timp.test.MDR.CodigoContabilizacao.CodigoContabilizacaoEditar"/>
  <testcase name="Editar" time="46.293" classname="com.timp.test.MDR.CodigoContabilizacao.CodigoContabilizacaoEditar"/>
</testsuite> <!-- com.timp.test.MDR.CodigoContabilizacao.CodigoContabilizacaoEditar -->
