<?xml version="1.0" encoding="UTF-8"?>
<!-- Generated by org.testng.reporters.JUnitReportReporter -->
<<<<<<< HEAD
<testsuite hostname="DESKTOP-C57COV6" failures="0" tests="1" name="com.timp.test.MDR.CadastroCondiçao.CadastroCondicaoExcluir" time="134.004" errors="0" timestamp="23 sep. 2021 19:13:23 GMT" skipped="0">
  <testcase classname="com.timp.test.MDR.CadastroCondiçao.CadastroCondicaoExcluir" name="Excluir" time="134.004"/>
=======
<testsuite hostname="MassielV" failures="0" tests="1" name="com.timp.test.MDR.CadastroCondiçao.CadastroCondicaoExcluir" time="121.877" errors="0" timestamp="30 sep. 2021 14:13:57 GMT" skipped="0">
  <testcase classname="com.timp.test.MDR.CadastroCondiçao.CadastroCondicaoExcluir" name="Excluir" time="121.877"/>
>>>>>>> branch 'Yessy' of https://github.com/salc1997/TIMP_R1.git
</testsuite> <!-- com.timp.test.MDR.CadastroCondiçao.CadastroCondicaoExcluir -->
