<?xml version="1.0" encoding="UTF-8"?>
<!-- Generated by org.testng.reporters.JUnitReportReporter -->
<testsuite hostname="LitoSoler" name="com.timp.test.BRB.ComentarioLibre" tests="3" failures="0" timestamp="4 Dec 2020 00:01:30 GMT" time="181.336" errors="0">
  <testcase name="login" time="7.617" classname="com.timp.test.BRB.ComentarioLibre"/>
  <testcase name="comentarioLibre" time="136.782" classname="com.timp.test.BRB.ComentarioLibre"/>
  <testcase name="brbEntrar" time="36.937" classname="com.timp.test.BRB.ComentarioLibre"/>
</testsuite> <!-- com.timp.test.BRB.ComentarioLibre -->
