<?xml version="1.0" encoding="UTF-8"?>
<<<<<<< HEAD
<!-- Generated by org.testng.reporters.JUnitReportReporter -->
<testsuite skipped="0" hostname="LitoSoler" name="com.timp.test.MDR.AtividadesFiscais.GrupoAtividadeFiscal.GrupoAtividadeExcluir" tests="1" failures="0" timestamp="17 feb 2021 15:02:47 GMT" time="76.385" errors="0">
  <testcase name="excluir" time="76.385" classname="com.timp.test.MDR.AtividadesFiscais.GrupoAtividadeFiscal.GrupoAtividadeExcluir"/>
=======
<!-- Generated by org.testng.reporters.JUnitReportReporter -->
<testsuite skipped="0" hostname="LitoSoler" name="com.timp.test.MDR.AtividadesFiscais.GrupoAtividadeFiscal.GrupoAtividadeExcluir" tests="1" failures="0" timestamp="16 feb 2021 20:49:44 GMT" time="73.206" errors="0">
  <testcase name="excluir" time="73.206" classname="com.timp.test.MDR.AtividadesFiscais.GrupoAtividadeFiscal.GrupoAtividadeExcluir"/>
>>>>>>> branch 'master' of https://github.com/salc1997/TIMP_R1.git
</testsuite> <!-- com.timp.test.MDR.AtividadesFiscais.GrupoAtividadeFiscal.GrupoAtividadeExcluir -->
