<?xml version="1.0" encoding="UTF-8"?>
<!-- Generated by org.testng.reporters.JUnitReportReporter -->
<testsuite hostname="DESKTOP-NV7E9IV" name="com.timp.test.ADM.LoginTest" tests="1" failures="0" timestamp="25 Aug 2020 21:40:11 GMT" time="19.109" errors="0">
  <testcase name="Login" time="19.109" classname="com.timp.test.ADM.LoginTest"/>
</testsuite> <!-- com.timp.test.ADM.LoginTest -->
