<?xml version="1.0" encoding="UTF-8"?>
<!-- Generated by org.testng.reporters.JUnitReportReporter -->
<testsuite hostname="DESKTOP-M23FVFN" failures="0" tests="1" name="com.timp.test.MDR.Siscoserv.RegistroRAS.RegistroRASVisualizar" time="79.794" errors="0" timestamp="04 mar. 2022 08:45:14 GMT" skipped="0">
  <testcase classname="com.timp.test.MDR.Siscoserv.RegistroRAS.RegistroRASVisualizar" name="Visualizar" time="79.794"/>
</testsuite> <!-- com.timp.test.MDR.Siscoserv.RegistroRAS.RegistroRASVisualizar -->
