<?xml version="1.0" encoding="UTF-8"?>
<!-- Generated by org.testng.reporters.JUnitReportReporter -->
<testsuite hostname="DESKTOP-BNBDMGT" failures="0" tests="1" name="com.timp.test.MDR.SCANC.AjustesDosAnexos.AjustesDosAnexosExcluir" time="79.819" errors="0" timestamp="29 mar. 2021 23:18:06 GMT" skipped="0">
  <testcase classname="com.timp.test.MDR.SCANC.AjustesDosAnexos.AjustesDosAnexosExcluir" name="excluir" time="79.819"/>
</testsuite> <!-- com.timp.test.MDR.SCANC.AjustesDosAnexos.AjustesDosAnexosExcluir -->
