<?xml version="1.0" encoding="UTF-8"?>
<<<<<<< HEAD
<!-- Generated by org.testng.reporters.JUnitReportReporter -->
<testsuite hostname="LAPTOP-IN7IV9K5" failures="0" tests="1" name="com.timp.test.MDR.Siscoserv.RegistroRVS.RegistroRVSExcluir" time="76.774" errors="0" timestamp="09 mar. 2021 03:58:10 GMT" skipped="0">
  <testcase classname="com.timp.test.MDR.Siscoserv.RegistroRVS.RegistroRVSExcluir" name="excluir" time="76.774"/>
=======
<!-- Generated by org.testng.reporters.JUnitReportReporter -->
<testsuite hostname="LAPTOP-IN7IV9K5" failures="0" tests="1" name="com.timp.test.MDR.Siscoserv.RegistroRVS.RegistroRVSExcluir" time="72.878" errors="0" timestamp="19 mar. 2021 22:54:49 GMT" skipped="0">
  <testcase classname="com.timp.test.MDR.Siscoserv.RegistroRVS.RegistroRVSExcluir" name="excluir" time="72.878"/>
>>>>>>> refs/remotes/origin/Kenssy
</testsuite> <!-- com.timp.test.MDR.Siscoserv.RegistroRVS.RegistroRVSExcluir -->
