<?xml version="1.0" encoding="UTF-8"?>
<!-- Generated by org.testng.reporters.JUnitReportReporter -->
<testsuite hostname="SALC-PC" failures="0" tests="3" name="com.timp.test.SCANC.RelatoriosRefineriaGerados.RRGPesquisarPeloNome" time="52.241" errors="0" timestamp="2023-07-14T15:58:14 CST" skipped="0">
  <testcase classname="com.timp.test.SCANC.RelatoriosRefineriaGerados.RRGPesquisarPeloNome" name="ingresar" time="7.678"/>
  <system-out/>
  <testcase classname="com.timp.test.SCANC.RelatoriosRefineriaGerados.RRGPesquisarPeloNome" name="scancEntrar" time="17.185"/>
  <system-out/>
  <testcase classname="com.timp.test.SCANC.RelatoriosRefineriaGerados.RRGPesquisarPeloNome" name="pesquisar" time="27.378"/>
  <system-out/>
</testsuite> <!-- com.timp.test.SCANC.RelatoriosRefineriaGerados.RRGPesquisarPeloNome -->
