<?xml version="1.0" encoding="UTF-8"?>
<<<<<<< HEAD
<!-- Generated by org.testng.reporters.JUnitReportReporter -->
<testsuite hostname="MIGUEL" failures="0" tests="15" name="com.timp.test.DFG.SPED.ESocial.Eventos.S1250.S1250AlterarDadosDoEvento" time="393.006" errors="0" timestamp="27 Dec 2020 05:21:02 GMT">
  <testcase classname="com.timp.test.DFG.SPED.ESocial.Eventos.S1250.S1250AlterarDadosDoEvento" name="visualizarCriarAN3" time="25.206"/>
  <testcase classname="com.timp.test.DFG.SPED.ESocial.Eventos.S1250.S1250AlterarDadosDoEvento" name="informacao2" time="22.000"/>
  <testcase classname="com.timp.test.DFG.SPED.ESocial.Eventos.S1250.S1250AlterarDadosDoEvento" name="editar" time="39.964"/>
  <testcase classname="com.timp.test.DFG.SPED.ESocial.Eventos.S1250.S1250AlterarDadosDoEvento" name="informacao" time="19.157"/>
  <testcase classname="com.timp.test.DFG.SPED.ESocial.Eventos.S1250.S1250AlterarDadosDoEvento" name="enviarSeleccionado" time="8.831"/>
  <testcase classname="com.timp.test.DFG.SPED.ESocial.Eventos.S1250.S1250AlterarDadosDoEvento" name="dfgEntrar" time="20.531"/>
  <testcase classname="com.timp.test.DFG.SPED.ESocial.Eventos.S1250.S1250AlterarDadosDoEvento" name="criarNovoEvento" time="56.650"/>
  <testcase classname="com.timp.test.DFG.SPED.ESocial.Eventos.S1250.S1250AlterarDadosDoEvento" name="gravar" time="10.425"/>
  <testcase classname="com.timp.test.DFG.SPED.ESocial.Eventos.S1250.S1250AlterarDadosDoEvento" name="atualizarEstructuras" time="10.693"/>
  <testcase classname="com.timp.test.DFG.SPED.ESocial.Eventos.S1250.S1250AlterarDadosDoEvento" name="ingresar" time="8.665"/>
  <testcase classname="com.timp.test.DFG.SPED.ESocial.Eventos.S1250.S1250AlterarDadosDoEvento" name="visualizar" time="24.613"/>
  <testcase classname="com.timp.test.DFG.SPED.ESocial.Eventos.S1250.S1250AlterarDadosDoEvento" name="visualizarActualizacoes" time="26.593"/>
  <testcase classname="com.timp.test.DFG.SPED.ESocial.Eventos.S1250.S1250AlterarDadosDoEvento" name="execucao" time="69.827"/>
  <testcase classname="com.timp.test.DFG.SPED.ESocial.Eventos.S1250.S1250AlterarDadosDoEvento" name="gravarAN3" time="41.674"/>
  <testcase classname="com.timp.test.DFG.SPED.ESocial.Eventos.S1250.S1250AlterarDadosDoEvento" name="enviarPendencias" time="8.177"/>
=======
<!-- Generated by org.testng.reporters.JUnitReportReporter -->
<testsuite hostname="MIGUEL" failures="0" tests="15" name="com.timp.test.DFG.SPED.ESocial.Eventos.S1250.S1250AlterarDadosDoEvento" time="390.845" errors="0" timestamp="28 Dec 2020 15:03:39 GMT">
  <testcase classname="com.timp.test.DFG.SPED.ESocial.Eventos.S1250.S1250AlterarDadosDoEvento" name="atualizarEstructuras" time="10.696"/>
  <testcase classname="com.timp.test.DFG.SPED.ESocial.Eventos.S1250.S1250AlterarDadosDoEvento" name="gravar" time="10.382"/>
  <testcase classname="com.timp.test.DFG.SPED.ESocial.Eventos.S1250.S1250AlterarDadosDoEvento" name="visualizarCriarAN3" time="26.026"/>
  <testcase classname="com.timp.test.DFG.SPED.ESocial.Eventos.S1250.S1250AlterarDadosDoEvento" name="execucao" time="68.064"/>
  <testcase classname="com.timp.test.DFG.SPED.ESocial.Eventos.S1250.S1250AlterarDadosDoEvento" name="enviarSeleccionado" time="8.812"/>
  <testcase classname="com.timp.test.DFG.SPED.ESocial.Eventos.S1250.S1250AlterarDadosDoEvento" name="ingresar" time="8.836"/>
  <testcase classname="com.timp.test.DFG.SPED.ESocial.Eventos.S1250.S1250AlterarDadosDoEvento" name="dfgEntrar" time="16.168"/>
  <testcase classname="com.timp.test.DFG.SPED.ESocial.Eventos.S1250.S1250AlterarDadosDoEvento" name="informacao2" time="22.033"/>
  <testcase classname="com.timp.test.DFG.SPED.ESocial.Eventos.S1250.S1250AlterarDadosDoEvento" name="visualizar" time="28.283"/>
  <testcase classname="com.timp.test.DFG.SPED.ESocial.Eventos.S1250.S1250AlterarDadosDoEvento" name="enviarPendencias" time="8.146"/>
  <testcase classname="com.timp.test.DFG.SPED.ESocial.Eventos.S1250.S1250AlterarDadosDoEvento" name="informacao" time="19.010"/>
  <testcase classname="com.timp.test.DFG.SPED.ESocial.Eventos.S1250.S1250AlterarDadosDoEvento" name="editar" time="39.924"/>
  <testcase classname="com.timp.test.DFG.SPED.ESocial.Eventos.S1250.S1250AlterarDadosDoEvento" name="criarNovoEvento" time="57.339"/>
  <testcase classname="com.timp.test.DFG.SPED.ESocial.Eventos.S1250.S1250AlterarDadosDoEvento" name="visualizarActualizacoes" time="26.524"/>
  <testcase classname="com.timp.test.DFG.SPED.ESocial.Eventos.S1250.S1250AlterarDadosDoEvento" name="gravarAN3" time="40.602"/>
>>>>>>> refs/heads/Fernando
</testsuite> <!-- com.timp.test.DFG.SPED.ESocial.Eventos.S1250.S1250AlterarDadosDoEvento -->
