<?xml version="1.0" encoding="UTF-8"?>
<!-- Generated by org.testng.reporters.JUnitReportReporter -->
<testsuite hostname="MIGUEL" failures="0" tests="3" name="com.timp.test.TAA.Agendamento.AgendamentoEditar" time="77.246" errors="0" timestamp="5 Jan 2021 21:47:59 GMT">
  <testcase classname="com.timp.test.TAA.Agendamento.AgendamentoEditar" name="ingresarTAA" time="22.437"/>
  <testcase classname="com.timp.test.TAA.Agendamento.AgendamentoEditar" name="ingresar" time="11.322"/>
  <testcase classname="com.timp.test.TAA.Agendamento.AgendamentoEditar" name="editar" time="43.487"/>
</testsuite> <!-- com.timp.test.TAA.Agendamento.AgendamentoEditar -->
