<?xml version="1.0" encoding="UTF-8"?>
<!-- Generated by org.testng.reporters.JUnitReportReporter -->
<testsuite hostname="DESKTOP-HB7TMPD" failures="0" tests="3" name="com.timp.test.MDR.SaldoInicial.SaldoInicialEditar" time="102.512" errors="0" timestamp="28 Nov 2020 01:35:05 GMT">
  <testcase classname="com.timp.test.MDR.SaldoInicial.SaldoInicialEditar" name="acessarMDR" time="21.265"/>
  <testcase classname="com.timp.test.MDR.SaldoInicial.SaldoInicialEditar" name="editarSaldo" time="74.555"/>
  <testcase classname="com.timp.test.MDR.SaldoInicial.SaldoInicialEditar" name="login" time="6.692"/>
</testsuite> <!-- com.timp.test.MDR.SaldoInicial.SaldoInicialEditar -->
