<?xml version="1.0" encoding="UTF-8"?>
<!-- Generated by org.testng.reporters.JUnitReportReporter -->
<testsuite hostname="DESKTOP-BNBDMGT" failures="0" tests="4" name="com.timp.test.DFG.AN4.AN4Funcionalidades" time="160.744" errors="0" timestamp="7 Jan 2021 19:19:07 GMT">
  <testcase classname="com.timp.test.DFG.AN4.AN4Funcionalidades" name="AN4IdDFG" time="36.073"/>
  <testcase classname="com.timp.test.DFG.AN4.AN4Funcionalidades" name="executarAN4" time="52.910"/>
  <testcase classname="com.timp.test.DFG.AN4.AN4Funcionalidades" name="ingresar" time="7.149"/>
  <testcase classname="com.timp.test.DFG.AN4.AN4Funcionalidades" name="lixeriarAN4" time="64.612"/>
</testsuite> <!-- com.timp.test.DFG.AN4.AN4Funcionalidades -->
