<?xml version="1.0" encoding="UTF-8"?>
<!-- Generated by org.testng.reporters.JUnitReportReporter -->
<testsuite hostname="EC2AMAZ-8HCHO4G" failures="0" tests="1" name="com.timp.test.TCC.GestaoDeCreditoTributarioPISCONFINS.ApuracaoDeCreditoTributarioPIS.ConfiguracaoEExecucao.RegistroM410.RegistroM410Criar" time="102.051" errors="0" timestamp="2023-08-07T17:27:21 UTC" skipped="0">
  <testcase classname="com.timp.test.TCC.GestaoDeCreditoTributarioPISCONFINS.ApuracaoDeCreditoTributarioPIS.ConfiguracaoEExecucao.RegistroM410.RegistroM410Criar" name="criar" time="102.051"/>
  <system-out/>
</testsuite> <!-- com.timp.test.TCC.GestaoDeCreditoTributarioPISCONFINS.ApuracaoDeCreditoTributarioPIS.ConfiguracaoEExecucao.RegistroM410.RegistroM410Criar -->
