<?xml version="1.0" encoding="UTF-8"?>
<!-- Generated by org.testng.reporters.JUnitReportReporter -->
<testsuite hostname="MassielV" failures="0" tests="1" name="com.timp.test.MDR.TabelasApoioSped.DeParaLivroApuraçaoXSpedFiscal.DeParaLivroApuraçaoXSpedFiscalDetalhes" time="76.889" errors="0" timestamp="26 nov. 2021 15:35:00 GMT" skipped="0">
  <testcase classname="com.timp.test.MDR.TabelasApoioSped.DeParaLivroApuraçaoXSpedFiscal.DeParaLivroApuraçaoXSpedFiscalDetalhes" name="detalhes" time="76.889"/>
</testsuite> <!-- com.timp.test.MDR.TabelasApoioSped.DeParaLivroApuraçaoXSpedFiscal.DeParaLivroApuraçaoXSpedFiscalDetalhes -->
