<?xml version="1.0" encoding="UTF-8"?>
<!-- Generated by org.testng.reporters.JUnitReportReporter -->
<testsuite hostname="LitoSoler" name="com.timp.test.MDR.Empresas.EmpresasDetalhes" tests="3" failures="0" timestamp="19 Nov 2020 17:47:08 GMT" time="82.589" errors="0">
  <testcase name="acessarMDR" time="24.660" classname="com.timp.test.MDR.Empresas.EmpresasDetalhes"/>
  <testcase name="detalhes" time="51.026" classname="com.timp.test.MDR.Empresas.EmpresasDetalhes"/>
  <testcase name="login" time="6.903" classname="com.timp.test.MDR.Empresas.EmpresasDetalhes"/>
</testsuite> <!-- com.timp.test.MDR.Empresas.EmpresasDetalhes -->
