<?xml version="1.0" encoding="UTF-8"?>
<!-- Generated by org.testng.reporters.JUnitReportReporter -->
<testsuite hostname="LitoSoler" name="com.timp.test.MDR.CodigoContabilizacao.CodigoContabilizacaoCriar" tests="3" failures="0" timestamp="22 Jan 2021 17:11:20 GMT" time="68.549" errors="0">
  <testcase name="login" time="6.764" classname="com.timp.test.MDR.CodigoContabilizacao.CodigoContabilizacaoCriar"/>
  <testcase name="acessarMDR" time="24.720" classname="com.timp.test.MDR.CodigoContabilizacao.CodigoContabilizacaoCriar"/>
  <testcase name="criar" time="37.065" classname="com.timp.test.MDR.CodigoContabilizacao.CodigoContabilizacaoCriar"/>
</testsuite> <!-- com.timp.test.MDR.CodigoContabilizacao.CodigoContabilizacaoCriar -->
