<?xml version="1.0" encoding="UTF-8"?>
<!-- Generated by org.testng.reporters.JUnitReportReporter -->
<<<<<<< HEAD
<<<<<<< HEAD
<testsuite hostname="DESKTOP-C57COV6" failures="0" tests="1" name="com.timp.test.MDR.SPCBFederaisRetidos.SPCBFederaisRetidosDetalhes" time="61.178" errors="0" timestamp="11 may. 2021 10:00:35 GMT" skipped="0">
  <testcase classname="com.timp.test.MDR.SPCBFederaisRetidos.SPCBFederaisRetidosDetalhes" name="detalhe" time="61.178"/>
=======
<<<<<<< HEAD
<testsuite hostname="DESKTOP-C57COV6" failures="0" tests="1" name="com.timp.test.MDR.SPCBFederaisRetidos.SPCBFederaisRetidosDetalhes" time="75.689" errors="0" timestamp="21 may. 2021 07:30:13 GMT" skipped="0">
  <testcase classname="com.timp.test.MDR.SPCBFederaisRetidos.SPCBFederaisRetidosDetalhes" name="detalhe" time="75.689"/>
=======
<testsuite hostname="DESKTOP-C57COV6" failures="0" tests="1" name="com.timp.test.MDR.SPCBFederaisRetidos.SPCBFederaisRetidosDetalhes" time="74.156" errors="0" timestamp="05 jun. 2021 01:24:13 GMT" skipped="0">
  <testcase classname="com.timp.test.MDR.SPCBFederaisRetidos.SPCBFederaisRetidosDetalhes" name="detalhe" time="74.156"/>
>>>>>>> refs/remotes/origin/Yessy
=======
<testsuite hostname="DESKTOP-JP1A9E6" failures="0" tests="1" name="com.timp.test.MDR.SPCBFederaisRetidos.SPCBFederaisRetidosDetalhes" time="63.673" errors="0" timestamp="29 may. 2021 08:32:06 GMT" skipped="0">
  <testcase classname="com.timp.test.MDR.SPCBFederaisRetidos.SPCBFederaisRetidosDetalhes" name="detalhe" time="63.673"/>
>>>>>>> branch 'Yessy' of https://github.com/salc1997/TIMP_R1.git
>>>>>>> branch 'master' of https://github.com/salc1997/TIMP_R1.git
</testsuite> <!-- com.timp.test.MDR.SPCBFederaisRetidos.SPCBFederaisRetidosDetalhes -->
