<?xml version="1.0" encoding="UTF-8"?>
<!-- Generated by org.testng.reporters.JUnitReportReporter -->
<testsuite hostname="MassielV" failures="0" tests="1" name="com.timp.test.ADM.Configuração.ConfiguraçãoTributo.ConfiguraçãodeTributoXTributoGrupo.ConfiguraçãodeTributoXTributoGrupoEditar" time="76.536" errors="0" timestamp="01 oct. 2021 00:38:45 GMT" skipped="0">
  <testcase classname="com.timp.test.ADM.Configuração.ConfiguraçãoTributo.ConfiguraçãodeTributoXTributoGrupo.ConfiguraçãodeTributoXTributoGrupoEditar" name="Editar" time="76.536"/>
</testsuite> <!-- com.timp.test.ADM.Configuração.ConfiguraçãoTributo.ConfiguraçãodeTributoXTributoGrupo.ConfiguraçãodeTributoXTributoGrupoEditar -->
