<?xml version="1.0" encoding="UTF-8"?>
<!-- Generated by org.testng.reporters.JUnitReportReporter -->
<testsuite hostname="DESKTOP-C57COV6" failures="0" tests="1" name="com.timp.test.MDR.TabelasApoioESocial.Tabela03.NaturezaDasRubricasEditar" time="115.910" errors="0" timestamp="17 ago. 2021 09:48:16 GMT" skipped="0">
  <testcase classname="com.timp.test.MDR.TabelasApoioESocial.Tabela03.NaturezaDasRubricasEditar" name="editar" time="115.910"/>
</testsuite> <!-- com.timp.test.MDR.TabelasApoioESocial.Tabela03.NaturezaDasRubricasEditar -->
