<?xml version="1.0" encoding="UTF-8"?>
<!-- Generated by org.testng.reporters.JUnitReportReporter -->
<testsuite skipped="0" hostname="LitoSoler" name="com.timp.test.MDR.SPCBFederaisRetidos.SPCBFederaisRetidosEditar" tests="1" failures="0" timestamp="24 feb 2021 17:08:06 GMT" time="84.633" errors="0">
  <testcase name="editar" time="84.633" classname="com.timp.test.MDR.SPCBFederaisRetidos.SPCBFederaisRetidosEditar"/>
</testsuite> <!-- com.timp.test.MDR.SPCBFederaisRetidos.SPCBFederaisRetidosEditar -->
