<?xml version="1.0" encoding="UTF-8"?>
<!-- Generated by org.testng.reporters.JUnitReportReporter -->
<testsuite hostname="DESKTOP-JP1A9E6" failures="0" tests="1" name="com.timp.test.TFP.Periodos.Periodos.PeriodosAlterarPeriodosEmMassa" time="243.213" errors="0" timestamp="24 sep. 2021 00:42:36 GMT" skipped="0">
  <testcase classname="com.timp.test.TFP.Periodos.Periodos.PeriodosAlterarPeriodosEmMassa" name="alterarPeriodoEmMassa" time="243.213"/>
</testsuite> <!-- com.timp.test.TFP.Periodos.Periodos.PeriodosAlterarPeriodosEmMassa -->
