<?xml version="1.0" encoding="UTF-8"?>
<!-- Generated by org.testng.reporters.JUnitReportReporter -->
<testsuite hostname="DESKTOP-JP1A9E6" failures="0" tests="2" name="com.timp.test.BRB.GruposAvancados" time="404.616" errors="0" timestamp="15 jun. 2021 05:23:37 GMT" skipped="0">
  <testcase classname="com.timp.test.BRB.GruposAvancados" name="eliminarGrupos" time="39.181"/>
  <testcase classname="com.timp.test.BRB.GruposAvancados" name="gruposAvanzados" time="365.435"/>
</testsuite> <!-- com.timp.test.BRB.GruposAvancados -->
