<?xml version="1.0" encoding="UTF-8"?>
<!-- Generated by org.testng.reporters.JUnitReportReporter -->
<testsuite hostname="MIGUEL" failures="0" tests="1" name="com.timp.test.MDR.PrecoDeTransferencia.ValoresParaMetodo.ValoresParaMetodoCAP.ValoresParaMetodoCAPExcluir" time="80.551" errors="0" timestamp="09 abr. 2021 03:00:51 GMT" skipped="0">
  <testcase classname="com.timp.test.MDR.PrecoDeTransferencia.ValoresParaMetodo.ValoresParaMetodoCAP.ValoresParaMetodoCAPExcluir" name="excluir" time="80.551"/>
</testsuite> <!-- com.timp.test.MDR.PrecoDeTransferencia.ValoresParaMetodo.ValoresParaMetodoCAP.ValoresParaMetodoCAPExcluir -->
