<?xml version="1.0" encoding="UTF-8"?>
<!-- Generated by org.testng.reporters.JUnitReportReporter -->
<testsuite hostname="CRISTHIAN-VASQUEZ" failures="0" tests="3" name="com.timp.test.TAA.Agendamento.AgendamentoCriar" time="108.866" errors="0" timestamp="11 mar. 2021 16:22:05 GMT" skipped="0">
  <testcase classname="com.timp.test.TAA.Agendamento.AgendamentoCriar" name="ingresar" time="7.489"/>
  <testcase classname="com.timp.test.TAA.Agendamento.AgendamentoCriar" name="ingresarTAA" time="17.504"/>
  <testcase classname="com.timp.test.TAA.Agendamento.AgendamentoCriar" name="criar" time="83.873"/>
</testsuite> <!-- com.timp.test.TAA.Agendamento.AgendamentoCriar -->
