<?xml version="1.0" encoding="UTF-8"?>
<!-- Generated by org.testng.reporters.JUnitReportReporter -->
<<<<<<< HEAD
<<<<<<< HEAD
<testsuite hostname="DESKTOP-M23FVFN" failures="0" tests="1" name="com.timp.test.MDR.TabelasApoioESocial.Tabela24.CodificaçãoDeAcDeTrabEditar" time="130.346" errors="0" timestamp="30 nov. 2021 08:27:56 GMT" skipped="0">
  <testcase classname="com.timp.test.MDR.TabelasApoioESocial.Tabela24.CodificaçãoDeAcDeTrabEditar" name="editar" time="130.346"/>
=======
<<<<<<< HEAD
<testsuite hostname="DESKTOP-C57COV6" failures="0" tests="1" name="com.timp.test.MDR.TabelasApoioESocial.Tabela24.CodificaçãoDeAcDeTrabEditar" time="145.973" errors="0" timestamp="26 nov. 2021 20:06:57 GMT" skipped="0">
  <testcase classname="com.timp.test.MDR.TabelasApoioESocial.Tabela24.CodificaçãoDeAcDeTrabEditar" name="editar" time="145.973"/>
=======
<testsuite hostname="MassielV" failures="0" tests="1" name="com.timp.test.MDR.TabelasApoioESocial.Tabela24.CodificaçãoDeAcDeTrabEditar" time="115.444" errors="0" timestamp="25 nov. 2021 09:03:54 GMT" skipped="0">
  <testcase classname="com.timp.test.MDR.TabelasApoioESocial.Tabela24.CodificaçãoDeAcDeTrabEditar" name="editar" time="115.444"/>
>>>>>>> branch 'Yessy' of https://github.com/salc1997/TIMP_R1.git
>>>>>>> branch 'master' of https://github.com/salc1997/TIMP_R1.git
=======
<testsuite hostname="Agile" failures="0" tests="1" name="com.timp.test.MDR.TabelasApoioESocial.Tabela24.CodificaçãoDeAcDeTrabEditar" time="103.738" errors="0" timestamp="04 mar. 2022 09:52:12 GMT" skipped="0">
  <testcase classname="com.timp.test.MDR.TabelasApoioESocial.Tabela24.CodificaçãoDeAcDeTrabEditar" name="editar" time="103.738"/>
>>>>>>> refs/heads/Yessy
</testsuite> <!-- com.timp.test.MDR.TabelasApoioESocial.Tabela24.CodificaçãoDeAcDeTrabEditar -->
