<?xml version="1.0" encoding="UTF-8"?>
<!-- Generated by org.testng.reporters.JUnitReportReporter -->
<testsuite hostname="LitoSoler" name="com.timp.test.MDR.SCANC.MovimentoSCANC.MovimentoSCANCCriar" tests="3" failures="0" timestamp="4 Sep 2020 17:31:58 GMT" time="105.423" errors="0">
  <testcase name="login" time="6.411" classname="com.timp.test.MDR.SCANC.MovimentoSCANC.MovimentoSCANCCriar"/>
  <testcase name="criar" time="75.428" classname="com.timp.test.MDR.SCANC.MovimentoSCANC.MovimentoSCANCCriar"/>
  <testcase name="acessarMDR" time="23.584" classname="com.timp.test.MDR.SCANC.MovimentoSCANC.MovimentoSCANCCriar"/>
</testsuite> <!-- com.timp.test.MDR.SCANC.MovimentoSCANC.MovimentoSCANCCriar -->
