<?xml version="1.0" encoding="UTF-8"?>
<!-- Generated by org.testng.reporters.JUnitReportReporter -->
<testsuite hostname="MIGUEL" failures="0" tests="2" name="com.timp.test.BRB.ExcluirRelatorio" time="108.555" errors="0" timestamp="31 mar. 2021 00:35:49 GMT" skipped="0">
  <testcase classname="com.timp.test.BRB.ExcluirRelatorio" name="eliminarLixeira" time="35.488"/>
  <testcase classname="com.timp.test.BRB.ExcluirRelatorio" name="eliminar" time="73.067"/>
</testsuite> <!-- com.timp.test.BRB.ExcluirRelatorio -->
