<?xml version="1.0" encoding="UTF-8"?>
<!-- Generated by org.testng.reporters.JUnitReportReporter -->
<testsuite hostname="DESKTOP-5P4F1JE" failures="0" tests="3" name="com.timp.test.MDR.TabelasApoioESocial.UnidadeDeMedida.UnidadeDeMedidaDetalhes" time="76.013" errors="0" timestamp="11 Dec 2020 20:37:22 GMT">
  <testcase classname="com.timp.test.MDR.TabelasApoioESocial.UnidadeDeMedida.UnidadeDeMedidaDetalhes" name="acessarMDR" time="12.432"/>
  <testcase classname="com.timp.test.MDR.TabelasApoioESocial.UnidadeDeMedida.UnidadeDeMedidaDetalhes" name="detalhes" time="53.608"/>
  <testcase classname="com.timp.test.MDR.TabelasApoioESocial.UnidadeDeMedida.UnidadeDeMedidaDetalhes" name="login" time="9.973"/>
</testsuite> <!-- com.timp.test.MDR.TabelasApoioESocial.UnidadeDeMedida.UnidadeDeMedidaDetalhes -->
