<?xml version="1.0" encoding="UTF-8"?>
<!-- Generated by org.testng.reporters.JUnitReportReporter -->
<testsuite hostname="DESKTOP-BNBDMGT" failures="0" tests="3" name="com.timp.test.MDR.RegistroECAC.RegistroECACCVisualizar" time="100.796" errors="0" timestamp="30 Oct 2020 01:41:30 GMT">
  <testcase classname="com.timp.test.MDR.RegistroECAC.RegistroECACCVisualizar" name="ingresarMDR" time="48.967"/>
  <testcase classname="com.timp.test.MDR.RegistroECAC.RegistroECACCVisualizar" name="Visualizar" time="45.573"/>
  <testcase classname="com.timp.test.MDR.RegistroECAC.RegistroECACCVisualizar" name="ingresar" time="6.256"/>
</testsuite> <!-- com.timp.test.MDR.RegistroECAC.RegistroECACCVisualizar -->
