<?xml version="1.0" encoding="UTF-8"?>
<!-- Generated by org.testng.reporters.JUnitReportReporter -->
<testsuite hostname="DESKTOP-35UG9UP" name="com.timp.test.MDR.ParametrosContabilizacao.ContasDefaultParaExtemporaneo.ContasDefaultParaExtemporaneoEditar" tests="3" failures="0" timestamp="18 Aug 2020 19:15:54 GMT" time="209.386" errors="0">
  <testcase name="editar" time="158.282" classname="com.timp.test.MDR.ParametrosContabilizacao.ContasDefaultParaExtemporaneo.ContasDefaultParaExtemporaneoEditar"/>
  <testcase name="login" time="10.243" classname="com.timp.test.MDR.ParametrosContabilizacao.ContasDefaultParaExtemporaneo.ContasDefaultParaExtemporaneoEditar"/>
  <testcase name="acessarMDR" time="40.861" classname="com.timp.test.MDR.ParametrosContabilizacao.ContasDefaultParaExtemporaneo.ContasDefaultParaExtemporaneoEditar"/>
</testsuite> <!-- com.timp.test.MDR.ParametrosContabilizacao.ContasDefaultParaExtemporaneo.ContasDefaultParaExtemporaneoEditar -->
