<?xml version="1.0" encoding="UTF-8"?>
<!-- Generated by org.testng.reporters.JUnitReportReporter -->
<testsuite hostname="DESKTOP-M23FVFN" failures="0" tests="1" name="com.timp.test.MDR.TabelasApoioSped.ObservaçoesdoDocumentoFiscal.ObservaçoesdoDocumentoFiscalEditar" time="311.106" errors="0" timestamp="06 ene. 2022 19:50:48 GMT" skipped="0">
  <testcase classname="com.timp.test.MDR.TabelasApoioSped.ObservaçoesdoDocumentoFiscal.ObservaçoesdoDocumentoFiscalEditar" name="editar" time="311.106"/>
</testsuite> <!-- com.timp.test.MDR.TabelasApoioSped.ObservaçoesdoDocumentoFiscal.ObservaçoesdoDocumentoFiscalEditar -->
