<?xml version="1.0" encoding="UTF-8"?>
<!-- Generated by org.testng.reporters.JUnitReportReporter -->
<testsuite hostname="LAPTOP-IN7IV9K5" failures="0" tests="3" name="com.timp.test.TCC.FatorDeCreditamento.FatorDeCreditamentoDetalhes" time="93.790" errors="0" timestamp="12 mar. 2021 00:51:11 GMT" skipped="0">
  <testcase classname="com.timp.test.TCC.FatorDeCreditamento.FatorDeCreditamentoDetalhes" name="login" time="29.340"/>
  <testcase classname="com.timp.test.TCC.FatorDeCreditamento.FatorDeCreditamentoDetalhes" name="acessarTCC" time="49.468"/>
  <testcase classname="com.timp.test.TCC.FatorDeCreditamento.FatorDeCreditamentoDetalhes" name="detalhes" time="14.982"/>
</testsuite> <!-- com.timp.test.TCC.FatorDeCreditamento.FatorDeCreditamentoDetalhes -->
