<?xml version="1.0" encoding="UTF-8"?>
<!-- Generated by org.testng.reporters.JUnitReportReporter -->
<testsuite hostname="DESKTOP-JP1A9E6" failures="0" tests="1" name="com.timp.test.MDR.TabelasComplementaresParaObrigaçoesAcessorias.CodigoDeOutrasSaidas.CodigoDeOutrasSaidasExcluirEmMassa" time="176.138" errors="0" timestamp="15 sep. 2021 09:27:50 GMT" skipped="0">
  <testcase classname="com.timp.test.MDR.TabelasComplementaresParaObrigaçoesAcessorias.CodigoDeOutrasSaidas.CodigoDeOutrasSaidasExcluirEmMassa" name="criar" time="176.138"/>
</testsuite> <!-- com.timp.test.MDR.TabelasComplementaresParaObrigaçoesAcessorias.CodigoDeOutrasSaidas.CodigoDeOutrasSaidasExcluirEmMassa -->
