<?xml version="1.0" encoding="UTF-8"?>
<!-- Generated by org.testng.reporters.JUnitReportReporter -->
<testsuite hostname="Agile" failures="0" tests="2" name="com.timp.test.MDR.SCANC.SCANCDistribuidoras.SCANCDistribuidorasExcluirEmMasa" time="237.885" errors="0" timestamp="12 mar. 2022 02:40:45 GMT" skipped="0">
  <testcase classname="com.timp.test.MDR.SCANC.SCANCDistribuidoras.SCANCDistribuidorasExcluirEmMasa" name="Criar" time="199.909"/>
  <testcase classname="com.timp.test.MDR.SCANC.SCANCDistribuidoras.SCANCDistribuidorasExcluirEmMasa" name="excluirMassa" time="37.976"/>
</testsuite> <!-- com.timp.test.MDR.SCANC.SCANCDistribuidoras.SCANCDistribuidorasExcluirEmMasa -->
