<?xml version="1.0" encoding="UTF-8"?>
<!-- Generated by org.testng.reporters.JUnitReportReporter -->
<testsuite hostname="DESKTOP-HB7TMPD" failures="0" tests="3" name="com.timp.test.MDR.Centralizacao.Tributos.TributosCriar" time="147.421" errors="0" timestamp="29 Oct 2020 20:17:08 GMT">
  <testcase classname="com.timp.test.MDR.Centralizacao.Tributos.TributosCriar" name="acessarMDR" time="22.696"/>
  <testcase classname="com.timp.test.MDR.Centralizacao.Tributos.TributosCriar" name="criar" time="117.209"/>
  <testcase classname="com.timp.test.MDR.Centralizacao.Tributos.TributosCriar" name="login" time="7.516"/>
</testsuite> <!-- com.timp.test.MDR.Centralizacao.Tributos.TributosCriar -->
