<?xml version="1.0" encoding="UTF-8"?>
<!-- Generated by org.testng.reporters.JUnitReportReporter -->
<testsuite hostname="DESKTOP-5P4F1JE" failures="0" tests="3" name="com.timp.test.TDK.Kpis.Edicao.KpisGraficoExcluir" time="118.588" errors="0" timestamp="22 Jan 2021 18:40:56 GMT">
  <testcase classname="com.timp.test.TDK.Kpis.Edicao.KpisGraficoExcluir" name="grafico" time="83.327"/>
  <testcase classname="com.timp.test.TDK.Kpis.Edicao.KpisGraficoExcluir" name="login" time="9.191"/>
  <testcase classname="com.timp.test.TDK.Kpis.Edicao.KpisGraficoExcluir" name="acessarTDK" time="26.070"/>
</testsuite> <!-- com.timp.test.TDK.Kpis.Edicao.KpisGraficoExcluir -->
