<?xml version="1.0" encoding="UTF-8"?>
<!-- Generated by org.testng.reporters.JUnitReportReporter -->
<testsuite hostname="DESKTOP-35UG9UP" name="com.timp.test.MDR.SCANC.AjustesDosAnexos.AjustesDosAnexosCriar" tests="3" failures="0" timestamp="18 Sep 2020 13:43:45 GMT" time="185.508" errors="0">
  <testcase name="login" time="11.669" classname="com.timp.test.MDR.SCANC.AjustesDosAnexos.AjustesDosAnexosCriar"/>
  <testcase name="criar" time="138.088" classname="com.timp.test.MDR.SCANC.AjustesDosAnexos.AjustesDosAnexosCriar"/>
  <testcase name="acessarMDR" time="35.751" classname="com.timp.test.MDR.SCANC.AjustesDosAnexos.AjustesDosAnexosCriar"/>
</testsuite> <!-- com.timp.test.MDR.SCANC.AjustesDosAnexos.AjustesDosAnexosCriar -->
