<?xml version="1.0" encoding="UTF-8"?>
<!-- Generated by org.testng.reporters.JUnitReportReporter -->
<testsuite hostname="DESKTOP-C57COV6" failures="0" tests="1" name="com.timp.test.MDR.TabelaApoioECD.BalançoConsolidado.BalançoConsolidadoEditar" time="147.963" errors="0" timestamp="26 nov. 2021 06:41:23 GMT" skipped="0">
  <testcase classname="com.timp.test.MDR.TabelaApoioECD.BalançoConsolidado.BalançoConsolidadoEditar" name="editar" time="147.963"/>
</testsuite> <!-- com.timp.test.MDR.TabelaApoioECD.BalançoConsolidado.BalançoConsolidadoEditar -->
