<?xml version="1.0" encoding="UTF-8"?>
<!-- Generated by org.testng.reporters.JUnitReportReporter -->
<testsuite hostname="DESKTOP-C57COV6" failures="0" tests="2" name="com.timp.test.TDK.Dashboard.DashboardCriar" time="782.616" errors="0" timestamp="22 oct. 2021 22:48:25 GMT" skipped="0">
  <testcase classname="com.timp.test.TDK.Dashboard.DashboardCriar" name="criar" time="262.580"/>
  <testcase classname="com.timp.test.TDK.Dashboard.DashboardCriar" name="criar" time="520.036"/>
</testsuite> <!-- com.timp.test.TDK.Dashboard.DashboardCriar -->
