<?xml version="1.0" encoding="UTF-8"?>
<!-- Generated by org.testng.reporters.JUnitReportReporter -->
<testsuite hostname="DESKTOP-M23FVFN" failures="0" tests="1" name="com.timp.test.MDR.SCANC.OPPropiasRessarcimentos.OPPropriosRessarcimentosExcluir" time="147.875" errors="0" timestamp="2022-07-12T15:17:22 CST" skipped="0">
  <testcase classname="com.timp.test.MDR.SCANC.OPPropiasRessarcimentos.OPPropriosRessarcimentosExcluir" name="Excluir" time="147.875"/>
  <system-out/>
</testsuite> <!-- com.timp.test.MDR.SCANC.OPPropiasRessarcimentos.OPPropriosRessarcimentosExcluir -->
