<?xml version="1.0" encoding="UTF-8"?>
<!-- Generated by org.testng.reporters.JUnitReportReporter -->
<testsuite skipped="0" hostname="LitoSoler" name="com.timp.test.MDR.CodigoContabilizacao.CódigoContabilizaçãoExcluirMassa" tests="2" failures="0" timestamp="16 mar 2021 03:10:11 GMT" time="197.185" errors="0">
  <testcase name="criar" time="156.186" classname="com.timp.test.MDR.CodigoContabilizacao.CódigoContabilizaçãoExcluirMassa"/>
  <testcase name="exlcuir" time="40.999" classname="com.timp.test.MDR.CodigoContabilizacao.CódigoContabilizaçãoExcluirMassa"/>
</testsuite> <!-- com.timp.test.MDR.CodigoContabilizacao.CódigoContabilizaçãoExcluirMassa -->
