<?xml version="1.0" encoding="UTF-8"?>
<!-- Generated by org.testng.reporters.JUnitReportReporter -->
<testsuite hostname="MIGUEL" failures="0" tests="1" name="com.timp.test.BRB.RenomearColuna" time="81.173" errors="0" timestamp="31 mar. 2021 00:35:49 GMT" skipped="0">
  <testcase classname="com.timp.test.BRB.RenomearColuna" name="renomearColuna" time="81.173"/>
</testsuite> <!-- com.timp.test.BRB.RenomearColuna -->
