<?xml version="1.0" encoding="UTF-8"?>
<!-- Generated by org.testng.reporters.JUnitReportReporter -->
<testsuite hostname="MassielV" failures="0" tests="1" name="com.timp.test.MDR.OcorrenciaFiscal.StatusOcorrenciaFiscal.StatusOcurrenciaFiscalVisualizar" time="102.662" errors="0" timestamp="06 oct. 2021 13:30:40 GMT" skipped="0">
  <testcase classname="com.timp.test.MDR.OcorrenciaFiscal.StatusOcorrenciaFiscal.StatusOcurrenciaFiscalVisualizar" name="visualizar" time="102.662"/>
</testsuite> <!-- com.timp.test.MDR.OcorrenciaFiscal.StatusOcorrenciaFiscal.StatusOcurrenciaFiscalVisualizar -->
