<?xml version="1.0" encoding="UTF-8"?>
<!-- Generated by org.testng.reporters.JUnitReportReporter -->
<testsuite hostname="LitoSoler" name="com.timp.test.TBD.Configuração.TipoDeDocumento.FiltroPorID" tests="3" failures="0" timestamp="24 Dec 2020 16:17:00 GMT" time="34.557" errors="0">
  <testcase name="filtro" time="12.657" classname="com.timp.test.TBD.Configuração.TipoDeDocumento.FiltroPorID"/>
  <testcase name="acessarTCC" time="14.091" classname="com.timp.test.TBD.Configuração.TipoDeDocumento.FiltroPorID"/>
  <testcase name="login" time="7.809" classname="com.timp.test.TBD.Configuração.TipoDeDocumento.FiltroPorID"/>
</testsuite> <!-- com.timp.test.TBD.Configuração.TipoDeDocumento.FiltroPorID -->
