<?xml version="1.0" encoding="UTF-8"?>
<!-- Generated by org.testng.reporters.JUnitReportReporter -->
<testsuite hostname="LAPTOP-IN7IV9K5" failures="0" tests="1" name="com.timp.test.BRB.AtivarCorrecao" time="94.299" errors="0" timestamp="16 mar. 2021 11:19:55 GMT" skipped="0">
  <testcase classname="com.timp.test.BRB.AtivarCorrecao" name="ativarCorreccion" time="94.299"/>
</testsuite> <!-- com.timp.test.BRB.AtivarCorrecao -->
