<?xml version="1.0" encoding="UTF-8"?>
<!-- Generated by org.testng.reporters.JUnitReportReporter -->
<testsuite hostname="LAPTOP-IN7IV9K5" failures="0" tests="3" name="com.timp.test.BRE.RegrasDeMensagens.Edicao.RegrasDeMensagensEstruturas" time="234.459" errors="0" timestamp="15 Feb 2021 22:45:16 GMT">
  <testcase classname="com.timp.test.BRE.RegrasDeMensagens.Edicao.RegrasDeMensagensEstruturas" name="login" time="11.907"/>
  <testcase classname="com.timp.test.BRE.RegrasDeMensagens.Edicao.RegrasDeMensagensEstruturas" name="acessarBRE" time="23.688"/>
  <testcase classname="com.timp.test.BRE.RegrasDeMensagens.Edicao.RegrasDeMensagensEstruturas" name="editar" time="198.864"/>
</testsuite> <!-- com.timp.test.BRE.RegrasDeMensagens.Edicao.RegrasDeMensagensEstruturas -->
