<?xml version="1.0" encoding="UTF-8"?>
<!-- Generated by org.testng.reporters.JUnitReportReporter -->
<testsuite hostname="EC2AMAZ-8HCHO4G" failures="0" tests="1" name="com.timp.test.BRE.RegrasDeNegocio.BREGerenciarRegulamentosCriarEditarExcluir" time="107.778" errors="0" timestamp="2024-05-10T20:14:08 UTC" skipped="0">
  <testcase classname="com.timp.test.BRE.RegrasDeNegocio.BREGerenciarRegulamentosCriarEditarExcluir" name="criar" time="107.778"/>
  <system-out/>
</testsuite> <!-- com.timp.test.BRE.RegrasDeNegocio.BREGerenciarRegulamentosCriarEditarExcluir -->
