<?xml version="1.0" encoding="UTF-8"?>
<!-- Generated by org.testng.reporters.JUnitReportReporter -->
<testsuite hostname="LitoSoler" name="com.timp.test.MDR.Centralizacao.EstornoCreditoFiltros" tests="3" failures="0" timestamp="24 Jul 2020 15:01:25 GMT" time="21.404" errors="0">
  <testcase name="login" time="6.221" classname="com.timp.test.MDR.Centralizacao.EstornoCreditoFiltros"/>
  <testcase name="acessarMDR" time="7.597" classname="com.timp.test.MDR.Centralizacao.EstornoCreditoFiltros"/>
  <testcase name="filtro" time="7.586" classname="com.timp.test.MDR.Centralizacao.EstornoCreditoFiltros"/>
</testsuite> <!-- com.timp.test.MDR.Centralizacao.EstornoCreditoFiltros -->
