<?xml version="1.0" encoding="UTF-8"?>
<!-- Generated by org.testng.reporters.JUnitReportReporter -->
<testsuite hostname="LitoSoler" name="com.timp.test.MDR.SCANC.MovimentoSCANC.MovimentoSCANCCriar" tests="3" failures="0" timestamp="14 Nov 2020 18:59:41 GMT" time="83.738" errors="0">
  <testcase name="criar" time="55.997" classname="com.timp.test.MDR.SCANC.MovimentoSCANC.MovimentoSCANCCriar"/>
  <testcase name="login" time="7.124" classname="com.timp.test.MDR.SCANC.MovimentoSCANC.MovimentoSCANCCriar"/>
  <testcase name="acessarMDR" time="20.617" classname="com.timp.test.MDR.SCANC.MovimentoSCANC.MovimentoSCANCCriar"/>
</testsuite> <!-- com.timp.test.MDR.SCANC.MovimentoSCANC.MovimentoSCANCCriar -->
