<?xml version="1.0" encoding="UTF-8"?>
<!-- Generated by org.testng.reporters.JUnitReportReporter -->
<testsuite hostname="CRISTHIAN-VASQUEZ" failures="0" tests="3" name="com.timp.test.BRE.RegrasdeNegócioExcluirdefinitivamente" time="268.003" errors="0" timestamp="26 Nov 2020 19:11:12 GMT">
  <testcase classname="com.timp.test.BRE.RegrasdeNegócioExcluirdefinitivamente" name="acessarBRE" time="15.693"/>
  <testcase classname="com.timp.test.BRE.RegrasdeNegócioExcluirdefinitivamente" name="criar" time="245.208"/>
  <testcase classname="com.timp.test.BRE.RegrasdeNegócioExcluirdefinitivamente" name="login" time="7.102"/>
</testsuite> <!-- com.timp.test.BRE.RegrasdeNegócioExcluirdefinitivamente -->
