<?xml version="1.0" encoding="UTF-8"?>
<!-- Generated by org.testng.reporters.JUnitReportReporter -->
<<<<<<< HEAD
<testsuite hostname="Agile" failures="0" tests="1" name="com.timp.test.TFP.Periodos.Periodos.PeriodosAlterarPeriodosEmMassa" time="258.251" errors="0" timestamp="27 abr. 2022 21:20:07 GMT" skipped="0">
  <testcase classname="com.timp.test.TFP.Periodos.Periodos.PeriodosAlterarPeriodosEmMassa" name="alterarPeriodoEmMassa" time="258.251"/>
=======
<testsuite hostname="DESKTOP-M23FVFN" failures="0" tests="1" name="com.timp.test.TFP.Periodos.Periodos.PeriodosAlterarPeriodosEmMassa" time="240.964" errors="0" timestamp="27 abr. 2022 23:20:45 GMT" skipped="0">
  <testcase classname="com.timp.test.TFP.Periodos.Periodos.PeriodosAlterarPeriodosEmMassa" name="alterarPeriodoEmMassa" time="240.964"/>
>>>>>>> branch 'Yessy' of https://github.com/salc1997/TIMP_R1
</testsuite> <!-- com.timp.test.TFP.Periodos.Periodos.PeriodosAlterarPeriodosEmMassa -->
