<?xml version="1.0" encoding="UTF-8"?>
<!-- Generated by org.testng.reporters.JUnitReportReporter -->
<testsuite hostname="Agile" failures="0" tests="1" name="com.timp.test.MDR.CEP.Bairro.BairroFiltros" time="116.081" errors="0" timestamp="04 mar. 2022 23:02:57 GMT" skipped="0">
  <testcase classname="com.timp.test.MDR.CEP.Bairro.BairroFiltros" name="filtro" time="116.081"/>
</testsuite> <!-- com.timp.test.MDR.CEP.Bairro.BairroFiltros -->
