<?xml version="1.0" encoding="UTF-8"?>
<!-- Generated by org.testng.reporters.JUnitReportReporter -->
<testsuite hostname="DESKTOP-5P4F1JE" failures="0" tests="3" name="com.timp.test.TDK.Kpis.Edicao.KpisLinksRapidosEditar" time="242.511" errors="0" timestamp="21 Jan 2021 16:03:28 GMT">
  <testcase classname="com.timp.test.TDK.Kpis.Edicao.KpisLinksRapidosEditar" name="login" time="9.138"/>
  <testcase classname="com.timp.test.TDK.Kpis.Edicao.KpisLinksRapidosEditar" name="linksrapidos" time="204.462"/>
  <testcase classname="com.timp.test.TDK.Kpis.Edicao.KpisLinksRapidosEditar" name="acessarTDK" time="28.911"/>
</testsuite> <!-- com.timp.test.TDK.Kpis.Edicao.KpisLinksRapidosEditar -->
