<?xml version="1.0" encoding="UTF-8"?>
<!-- Generated by org.testng.reporters.JUnitReportReporter -->
<testsuite skipped="0" hostname="LitoSoler" name="com.timp.test.MDR.ContratoIOF.ContratoIOFExcluir" tests="1" failures="0" timestamp="17 feb 2021 15:29:43 GMT" time="65.174" errors="0">
  <testcase name="excluir" time="65.174" classname="com.timp.test.MDR.ContratoIOF.ContratoIOFExcluir"/>
</testsuite> <!-- com.timp.test.MDR.ContratoIOF.ContratoIOFExcluir -->
