<?xml version="1.0" encoding="UTF-8"?>
<!-- Generated by org.testng.reporters.JUnitReportReporter -->
<testsuite hostname="DESKTOP-M23FVFN" failures="0" tests="1" name="com.timp.test.ATR.Estruturas.Estruturas.EstruturasVisualizar" time="68.450" errors="0" timestamp="26 abr. 2022 15:56:44 GMT" skipped="0">
  <testcase classname="com.timp.test.ATR.Estruturas.Estruturas.EstruturasVisualizar" name="visualizar" time="68.450"/>
</testsuite> <!-- com.timp.test.ATR.Estruturas.Estruturas.EstruturasVisualizar -->
