<?xml version="1.0" encoding="UTF-8"?>
<!-- Generated by org.testng.reporters.JUnitReportReporter -->
<<<<<<< HEAD
<testsuite hostname="Agile" failures="0" tests="3" name="com.timp.test.BPMA.AtivadorDeProcessos.AtivadorDeProcessosPesquisaPorNomeDoProcesso" time="49.831" errors="0" timestamp="12 abr. 2022 13:18:16 GMT" skipped="0">
  <testcase classname="com.timp.test.BPMA.AtivadorDeProcessos.AtivadorDeProcessosPesquisaPorNomeDoProcesso" name="login" time="13.985"/>
  <testcase classname="com.timp.test.BPMA.AtivadorDeProcessos.AtivadorDeProcessosPesquisaPorNomeDoProcesso" name="acessarBPMA" time="22.453"/>
  <testcase classname="com.timp.test.BPMA.AtivadorDeProcessos.AtivadorDeProcessosPesquisaPorNomeDoProcesso" name="criar" time="13.393"/>
=======
<testsuite hostname="DESKTOP-M23FVFN" failures="0" tests="3" name="com.timp.test.BPMA.AtivadorDeProcessos.AtivadorDeProcessosPesquisaPorNomeDoProcesso" time="47.520" errors="0" timestamp="29 mar. 2022 16:19:08 GMT" skipped="0">
  <testcase classname="com.timp.test.BPMA.AtivadorDeProcessos.AtivadorDeProcessosPesquisaPorNomeDoProcesso" name="login" time="18.025"/>
  <testcase classname="com.timp.test.BPMA.AtivadorDeProcessos.AtivadorDeProcessosPesquisaPorNomeDoProcesso" name="acessarBPMA" time="18.222"/>
  <testcase classname="com.timp.test.BPMA.AtivadorDeProcessos.AtivadorDeProcessosPesquisaPorNomeDoProcesso" name="criar" time="11.273"/>
>>>>>>> branch 'Yessy' of https://github.com/salc1997/TIMP_R1
</testsuite> <!-- com.timp.test.BPMA.AtivadorDeProcessos.AtivadorDeProcessosPesquisaPorNomeDoProcesso -->
