<?xml version="1.0" encoding="UTF-8"?>
<!-- Generated by org.testng.reporters.JUnitReportReporter -->
<testsuite hostname="DESKTOP-C57COV6" failures="0" tests="1" name="com.timp.test.MDR.LivrosFiscais.ParametrosParaLivroICMSST.ParametrosParaLivroICMSSTDetalle" time="188.923" errors="0" timestamp="30 sep. 2021 17:16:06 GMT" skipped="0">
  <testcase classname="com.timp.test.MDR.LivrosFiscais.ParametrosParaLivroICMSST.ParametrosParaLivroICMSSTDetalle" name="detalhes" time="188.923"/>
</testsuite> <!-- com.timp.test.MDR.LivrosFiscais.ParametrosParaLivroICMSST.ParametrosParaLivroICMSSTDetalle -->
