<?xml version="1.0" encoding="UTF-8"?>
<!-- Generated by org.testng.reporters.JUnitReportReporter -->
<testsuite hostname="DESKTOP-35UG9UP" name="com.timp.test.MDR.TabelasComplementaresParaObrigaçoesAcessorias.TabelaDeCodigosDeTransferencias.TabelaDeCodigosDeTransferenciasDetalhes" tests="3" failures="0" timestamp="9 Sep 2020 12:44:22 GMT" time="64.816" errors="0">
  <testcase name="login" time="9.721" classname="com.timp.test.MDR.TabelasComplementaresParaObrigaçoesAcessorias.TabelaDeCodigosDeTransferencias.TabelaDeCodigosDeTransferenciasDetalhes"/>
  <testcase name="acessarMDR" time="11.271" classname="com.timp.test.MDR.TabelasComplementaresParaObrigaçoesAcessorias.TabelaDeCodigosDeTransferencias.TabelaDeCodigosDeTransferenciasDetalhes"/>
  <testcase name="Detalhes" time="43.824" classname="com.timp.test.MDR.TabelasComplementaresParaObrigaçoesAcessorias.TabelaDeCodigosDeTransferencias.TabelaDeCodigosDeTransferenciasDetalhes"/>
</testsuite> <!-- com.timp.test.MDR.TabelasComplementaresParaObrigaçoesAcessorias.TabelaDeCodigosDeTransferencias.TabelaDeCodigosDeTransferenciasDetalhes -->
