<?xml version="1.0" encoding="UTF-8"?>
<!-- Generated by org.testng.reporters.JUnitReportReporter -->
<testsuite hostname="DESKTOP-M23FVFN" failures="0" tests="1" name="com.timp.test.MDR.CadastrosIRPJCSLL.ContasParteBLALUR.ContasParteBLALURFiltroID" time="100.697" errors="0" timestamp="17 mar. 2022 20:11:07 GMT" skipped="0">
  <testcase classname="com.timp.test.MDR.CadastrosIRPJCSLL.ContasParteBLALUR.ContasParteBLALURFiltroID" name="filtro" time="100.697"/>
</testsuite> <!-- com.timp.test.MDR.CadastrosIRPJCSLL.ContasParteBLALUR.ContasParteBLALURFiltroID -->
