<?xml version="1.0" encoding="UTF-8"?>
<!-- Generated by org.testng.reporters.JUnitReportReporter -->
<testsuite hostname="CRISTHIAN-VASQUEZ" failures="0" tests="3" name="com.timp.test.BRE.CalculoDeTributos.CálculodeTributosEdiçãoEstruturas" time="235.654" errors="0" timestamp="30 Nov 2020 14:51:25 GMT">
  <testcase classname="com.timp.test.BRE.CalculoDeTributos.CálculodeTributosEdiçãoEstruturas" name="acessarBRE" time="16.021"/>
  <testcase classname="com.timp.test.BRE.CalculoDeTributos.CálculodeTributosEdiçãoEstruturas" name="editar" time="210.422"/>
  <testcase classname="com.timp.test.BRE.CalculoDeTributos.CálculodeTributosEdiçãoEstruturas" name="login" time="9.211"/>
</testsuite> <!-- com.timp.test.BRE.CalculoDeTributos.CálculodeTributosEdiçãoEstruturas -->
