<?xml version="1.0" encoding="UTF-8"?>
<!-- Generated by org.testng.reporters.JUnitReportReporter -->
<testsuite hostname="MIGUEL" failures="0" tests="11" name="com.timp.test.DFG.Arquivos.Funcionalidades" time="575.972" errors="0" timestamp="12 abr. 2021 17:33:48 GMT" skipped="0">
  <testcase classname="com.timp.test.DFG.Arquivos.Funcionalidades" name="ingresar" time="9.810"/>
  <testcase classname="com.timp.test.DFG.Arquivos.Funcionalidades" name="dfgEntrar" time="19.412"/>
  <testcase classname="com.timp.test.DFG.Arquivos.Funcionalidades" name="criarNovoLeiaute" time="103.695"/>
  <testcase classname="com.timp.test.DFG.Arquivos.Funcionalidades" name="registros" time="51.554"/>
  <testcase classname="com.timp.test.DFG.Arquivos.Funcionalidades" name="criarConfiguracao" time="86.413"/>
  <testcase classname="com.timp.test.DFG.Arquivos.Funcionalidades" name="executar" time="107.505"/>
  <testcase classname="com.timp.test.DFG.Arquivos.Funcionalidades" name="idPublicoPrivado" time="33.035"/>
  <testcase classname="com.timp.test.DFG.Arquivos.Funcionalidades" name="favorito" time="40.752"/>
  <testcase classname="com.timp.test.DFG.Arquivos.Funcionalidades" name="informacao" time="9.366"/>
  <testcase classname="com.timp.test.DFG.Arquivos.Funcionalidades" name="oficializarArquivo" time="27.951"/>
  <testcase classname="com.timp.test.DFG.Arquivos.Funcionalidades" name="lixeira" time="86.479"/>
</testsuite> <!-- com.timp.test.DFG.Arquivos.Funcionalidades -->
