<?xml version="1.0" encoding="UTF-8"?>
<!-- Generated by org.testng.reporters.JUnitReportReporter -->
<testsuite hostname="DESKTOP-HB7TMPD" failures="0" tests="3" name="com.timp.test.MDR.Siscoserv.RegistroRAS.RegistroRASVisualizar" time="70.278" errors="0" timestamp="18 Nov 2020 15:57:27 GMT">
  <testcase classname="com.timp.test.MDR.Siscoserv.RegistroRAS.RegistroRASVisualizar" name="Visualizar" time="36.029"/>
  <testcase classname="com.timp.test.MDR.Siscoserv.RegistroRAS.RegistroRASVisualizar" name="login" time="7.646"/>
  <testcase classname="com.timp.test.MDR.Siscoserv.RegistroRAS.RegistroRASVisualizar" name="acessarMDR" time="26.603"/>
</testsuite> <!-- com.timp.test.MDR.Siscoserv.RegistroRAS.RegistroRASVisualizar -->
