<?xml version="1.0" encoding="UTF-8"?>
<!-- Generated by org.testng.reporters.JUnitReportReporter -->
<testsuite hostname="DESKTOP-C57COV6" failures="0" tests="2" name="com.timp.test.MDR.Siscoserv.RegistroRVS.RegistroRVSExcluirEmMassa" time="250.563" errors="0" timestamp="25 nov. 2021 15:47:00 GMT" skipped="0">
  <testcase classname="com.timp.test.MDR.Siscoserv.RegistroRVS.RegistroRVSExcluirEmMassa" name="excluirEmMassa" time="35.643"/>
  <testcase classname="com.timp.test.MDR.Siscoserv.RegistroRVS.RegistroRVSExcluirEmMassa" name="criar" time="214.920"/>
</testsuite> <!-- com.timp.test.MDR.Siscoserv.RegistroRVS.RegistroRVSExcluirEmMassa -->
