<?xml version="1.0" encoding="UTF-8"?>
<!-- Generated by org.testng.reporters.JUnitReportReporter -->
<testsuite hostname="MIGUEL" failures="0" tests="3" name="com.timp.test.SCANC.RelatoriosRefineriaGerados.RelatorioRefineriaGeradosManutencaoEditarLancamento" time="128.571" errors="0" timestamp="8 Dec 2020 20:10:43 GMT">
  <testcase classname="com.timp.test.SCANC.RelatoriosRefineriaGerados.RelatorioRefineriaGeradosManutencaoEditarLancamento" name="criarCampoDeSaida" time="66.535"/>
  <testcase classname="com.timp.test.SCANC.RelatoriosRefineriaGerados.RelatorioRefineriaGeradosManutencaoEditarLancamento" name="ingresar" time="9.485"/>
  <testcase classname="com.timp.test.SCANC.RelatoriosRefineriaGerados.RelatorioRefineriaGeradosManutencaoEditarLancamento" name="scancEntrar" time="52.551"/>
</testsuite> <!-- com.timp.test.SCANC.RelatoriosRefineriaGerados.RelatorioRefineriaGeradosManutencaoEditarLancamento -->
