<?xml version="1.0" encoding="UTF-8"?>
<!-- Generated by org.testng.reporters.JUnitReportReporter -->
<testsuite hostname="LitoSoler" name="com.timp.test.MDR.Antecipacao.AntecipacaoVisualizar" tests="3" failures="0" timestamp="17 Jul 2020 23:01:30 GMT" time="40.238" errors="0">
  <testcase name="login" time="7.111" classname="com.timp.test.MDR.Antecipacao.AntecipacaoVisualizar"/>
  <testcase name="acessarMDR" time="8.133" classname="com.timp.test.MDR.Antecipacao.AntecipacaoVisualizar"/>
  <testcase name="visualizar" time="24.994" classname="com.timp.test.MDR.Antecipacao.AntecipacaoVisualizar"/>
</testsuite> <!-- com.timp.test.MDR.Antecipacao.AntecipacaoVisualizar -->
