<?xml version="1.0" encoding="UTF-8"?>
<!-- Generated by org.testng.reporters.JUnitReportReporter -->
<testsuite hostname="MassielV" failures="0" tests="1" name="com.timp.test.MDR.Antecipacao.AntecipacaoEliminar" time="164.952" errors="0" timestamp="06 oct. 2021 18:05:10 GMT" skipped="0">
  <testcase classname="com.timp.test.MDR.Antecipacao.AntecipacaoEliminar" name="excluir" time="164.952"/>
</testsuite> <!-- com.timp.test.MDR.Antecipacao.AntecipacaoEliminar -->
