<?xml version="1.0" encoding="UTF-8"?>
<!-- Generated by org.testng.reporters.JUnitReportReporter -->
<testsuite hostname="DESKTOP-C57COV6" failures="0" tests="2" name="com.timp.test.MDR.TabelaApoioECD.CodigoFatosContabeis.CodigoFatosContabeisExcluirMassa" time="194.141" errors="0" timestamp="26 nov. 2021 06:41:23 GMT" skipped="0">
  <testcase classname="com.timp.test.MDR.TabelaApoioECD.CodigoFatosContabeis.CodigoFatosContabeisExcluirMassa" name="criar" time="162.765"/>
  <testcase classname="com.timp.test.MDR.TabelaApoioECD.CodigoFatosContabeis.CodigoFatosContabeisExcluirMassa" name="excluir" time="31.376"/>
</testsuite> <!-- com.timp.test.MDR.TabelaApoioECD.CodigoFatosContabeis.CodigoFatosContabeisExcluirMassa -->
