<?xml version="1.0" encoding="UTF-8"?>
<!-- Generated by org.testng.reporters.JUnitReportReporter -->
<testsuite hostname="DESKTOP-M23FVFN" failures="0" tests="1" name="com.timp.test.ADM.Configuracao.ConfiguracaoDeTributos.ConfiguracaoDeTributoGrupo.ConfiguracaoDeTributoGrupoCriar" time="75.852" errors="0" timestamp="2023-01-16T18:56:11 BRT" skipped="0">
  <testcase classname="com.timp.test.ADM.Configuracao.ConfiguracaoDeTributos.ConfiguracaoDeTributoGrupo.ConfiguracaoDeTributoGrupoCriar" name="criar" time="75.852"/>
  <system-out/>
</testsuite> <!-- com.timp.test.ADM.Configuracao.ConfiguracaoDeTributos.ConfiguracaoDeTributoGrupo.ConfiguracaoDeTributoGrupoCriar -->
