<?xml version="1.0" encoding="UTF-8"?>
<!-- Generated by org.testng.reporters.JUnitReportReporter -->
<testsuite hostname="DESKTOP-M23FVFN" failures="0" tests="1" name="com.timp.test.BRB.CrescenteEDecrescente" time="360.195" errors="0" timestamp="04 feb. 2022 21:19:47 GMT" skipped="0">
  <testcase classname="com.timp.test.BRB.CrescenteEDecrescente" name="crescenteEDecrescente" time="360.195"/>
</testsuite> <!-- com.timp.test.BRB.CrescenteEDecrescente -->
