<?xml version="1.0" encoding="UTF-8"?>
<!-- Generated by org.testng.reporters.JUnitReportReporter -->
<testsuite hostname="EC2AMAZ-8HCHO4G" failures="0" tests="11" name="com.timp.test.DFG.LeiautesExecução.LeiautesExecucaoFuncionalidades4" time="477.736" errors="0" timestamp="2024-05-29T19:50:06 UTC" skipped="0">
  <testcase classname="com.timp.test.DFG.LeiautesExecução.LeiautesExecucaoFuncionalidades4" name="ingresar" time="7.781"/>
  <system-out/>
  <testcase classname="com.timp.test.DFG.LeiautesExecução.LeiautesExecucaoFuncionalidades4" name="mdrEntrar" time="17.579"/>
  <system-out/>
  <testcase classname="com.timp.test.DFG.LeiautesExecução.LeiautesExecucaoFuncionalidades4" name="criar" time="46.813"/>
  <system-out/>
  <testcase classname="com.timp.test.DFG.LeiautesExecução.LeiautesExecucaoFuncionalidades4" name="separadores" time="80.513"/>
  <system-out/>
  <testcase classname="com.timp.test.DFG.LeiautesExecução.LeiautesExecucaoFuncionalidades4" name="dataInicialDeReferencia" time="117.060"/>
  <system-out/>
  <testcase classname="com.timp.test.DFG.LeiautesExecução.LeiautesExecucaoFuncionalidades4" name="saltodeLinha" time="21.413"/>
  <system-out/>
  <testcase classname="com.timp.test.DFG.LeiautesExecução.LeiautesExecucaoFuncionalidades4" name="dataFinalDeReferencia" time="38.478"/>
  <system-out/>
  <testcase classname="com.timp.test.DFG.LeiautesExecução.LeiautesExecucaoFuncionalidades4" name="versao" time="25.072"/>
  <system-out/>
  <testcase classname="com.timp.test.DFG.LeiautesExecução.LeiautesExecucaoFuncionalidades4" name="horaDaExecucao" time="38.937"/>
  <system-out/>
  <testcase classname="com.timp.test.DFG.LeiautesExecução.LeiautesExecucaoFuncionalidades4" name="dataDaExecucao" time="37.576"/>
  <system-out/>
  <testcase classname="com.timp.test.DFG.LeiautesExecução.LeiautesExecucaoFuncionalidades4" name="periodoDaReferencia" time="46.514"/>
  <system-out/>
</testsuite> <!-- com.timp.test.DFG.LeiautesExecução.LeiautesExecucaoFuncionalidades4 -->
