<?xml version="1.0" encoding="UTF-8"?>
<!-- Generated by org.testng.reporters.JUnitReportReporter -->
<testsuite hostname="DESKTOP-C57COV6" failures="0" tests="3" name="com.timp.test.TBD.Configuração.CamposChaves.CamposChavesFiltroPorID" time="60.783" errors="0" timestamp="03 ago. 2021 01:11:20 GMT" skipped="0">
  <testcase classname="com.timp.test.TBD.Configuração.CamposChaves.CamposChavesFiltroPorID" name="login" time="23.205"/>
  <testcase classname="com.timp.test.TBD.Configuração.CamposChaves.CamposChavesFiltroPorID" name="TBDEntrar" time="21.489"/>
  <testcase classname="com.timp.test.TBD.Configuração.CamposChaves.CamposChavesFiltroPorID" name="filtro" time="16.089"/>
</testsuite> <!-- com.timp.test.TBD.Configuração.CamposChaves.CamposChavesFiltroPorID -->
