<?xml version="1.0" encoding="UTF-8"?>
<!-- Generated by org.testng.reporters.JUnitReportReporter -->
<testsuite hostname="DESKTOP-M23FVFN" failures="0" tests="1" name="com.timp.test.MDR.TaxasDeActualizacao.AliquotaDeTaxaDeActualizacaoCriar" time="90.643" errors="0" timestamp="30 ene. 2022 07:38:14 GMT" skipped="0">
  <testcase classname="com.timp.test.MDR.TaxasDeActualizacao.AliquotaDeTaxaDeActualizacaoCriar" name="criar" time="90.643"/>
</testsuite> <!-- com.timp.test.MDR.TaxasDeActualizacao.AliquotaDeTaxaDeActualizacaoCriar -->
