<?xml version="1.0" encoding="UTF-8"?>
<!-- Generated by org.testng.reporters.JUnitReportReporter -->
<testsuite hostname="DESKTOP-C57COV6" failures="0" tests="1" name="com.timp.test.MDR.CadastroCondiçao.CadastroCondicaoEditar" time="1067.043" errors="0" timestamp="23 oct. 2021 21:14:33 GMT" skipped="0">
  <testcase classname="com.timp.test.MDR.CadastroCondiçao.CadastroCondicaoEditar" name="editar" time="1067.043"/>
</testsuite> <!-- com.timp.test.MDR.CadastroCondiçao.CadastroCondicaoEditar -->
