<?xml version="1.0" encoding="UTF-8"?>
<!-- Generated by org.testng.reporters.JUnitReportReporter -->
<testsuite hostname="DESKTOP-HB7TMPD" failures="0" tests="3" name="com.timp.test.BCB.ParametrosGeraisHierarquiaRaiz" time="50.101" errors="0" timestamp="25 Nov 2020 03:53:13 GMT">
  <testcase classname="com.timp.test.BCB.ParametrosGeraisHierarquiaRaiz" name="criarConfiguracao" time="27.056"/>
  <testcase classname="com.timp.test.BCB.ParametrosGeraisHierarquiaRaiz" name="brbEntrar" time="14.364"/>
  <testcase classname="com.timp.test.BCB.ParametrosGeraisHierarquiaRaiz" name="login" time="8.681"/>
</testsuite> <!-- com.timp.test.BCB.ParametrosGeraisHierarquiaRaiz -->
