<?xml version="1.0" encoding="UTF-8"?>
<!-- Generated by org.testng.reporters.JUnitReportReporter -->
<testsuite hostname="MassielV" failures="0" tests="1" name="com.timp.test.MDR.Siscoserv.RegistroRAS.RegistroRASVisualizar" time="180.945" errors="0" timestamp="18 nov. 2021 01:39:56 GMT" skipped="0">
  <testcase classname="com.timp.test.MDR.Siscoserv.RegistroRAS.RegistroRASVisualizar" name="Visualizar" time="180.945"/>
</testsuite> <!-- com.timp.test.MDR.Siscoserv.RegistroRAS.RegistroRASVisualizar -->
