<?xml version="1.0" encoding="UTF-8"?>
<!-- Generated by org.testng.reporters.JUnitReportReporter -->
<testsuite hostname="DESKTOP-HB7TMPD" failures="0" tests="3" name="com.timp.test.MDR.Siscoserv.RegistroRAS.RegistroRASVisualizar" time="65.835" errors="0" timestamp="14 Nov 2020 06:13:10 GMT">
  <testcase classname="com.timp.test.MDR.Siscoserv.RegistroRAS.RegistroRASVisualizar" name="login" time="6.146"/>
  <testcase classname="com.timp.test.MDR.Siscoserv.RegistroRAS.RegistroRASVisualizar" name="Visualizar" time="36.680"/>
  <testcase classname="com.timp.test.MDR.Siscoserv.RegistroRAS.RegistroRASVisualizar" name="acessarMDR" time="23.009"/>
</testsuite> <!-- com.timp.test.MDR.Siscoserv.RegistroRAS.RegistroRASVisualizar -->
