<?xml version="1.0" encoding="UTF-8"?>
<!-- Generated by org.testng.reporters.JUnitReportReporter -->
<testsuite hostname="MIGUEL" failures="0" tests="3" name="com.timp.test.TDK.Dashboard.Edicao.DashboardEdiçãoTabela" time="374.117" errors="0" timestamp="15 mar. 2021 21:54:19 GMT" skipped="0">
  <testcase classname="com.timp.test.TDK.Dashboard.Edicao.DashboardEdiçãoTabela" name="login" time="8.052"/>
  <testcase classname="com.timp.test.TDK.Dashboard.Edicao.DashboardEdiçãoTabela" name="acessarTDK" time="23.357"/>
  <testcase classname="com.timp.test.TDK.Dashboard.Edicao.DashboardEdiçãoTabela" name="editar" time="342.708"/>
</testsuite> <!-- com.timp.test.TDK.Dashboard.Edicao.DashboardEdiçãoTabela -->
