<?xml version="1.0" encoding="UTF-8"?>
<!-- Generated by org.testng.reporters.JUnitReportReporter -->
<testsuite hostname="LitoSoler" name="com.timp.test.MDR.Filiais.FiliaisEditar" tests="3" failures="0" timestamp="6 Jul 2020 21:58:08 GMT" time="93.395" errors="0">
  <testcase name="login" time="7.080" classname="com.timp.test.MDR.Filiais.FiliaisEditar"/>
  <testcase name="acessarMDR" time="8.192" classname="com.timp.test.MDR.Filiais.FiliaisEditar"/>
  <testcase name="editar" time="78.123" classname="com.timp.test.MDR.Filiais.FiliaisEditar"/>
</testsuite> <!-- com.timp.test.MDR.Filiais.FiliaisEditar -->
