<?xml version="1.0" encoding="UTF-8"?>
<!-- Generated by org.testng.reporters.JUnitReportReporter -->
<testsuite skipped="0" hostname="LitoSoler" name="com.timp.test.MDR.ContratoIOF.ContratoIOFCriar" tests="1" failures="0" timestamp="19 mar 2021 21:15:27 GMT" time="116.896" errors="0">
  <testcase name="criar" time="116.896" classname="com.timp.test.MDR.ContratoIOF.ContratoIOFCriar"/>
</testsuite> <!-- com.timp.test.MDR.ContratoIOF.ContratoIOFCriar -->
