<?xml version="1.0" encoding="UTF-8"?>
<!-- Generated by org.testng.reporters.JUnitReportReporter -->
<testsuite hostname="DESKTOP-C57COV6" failures="0" tests="1" name="com.timp.test.BRB.ComentarioLibre" time="212.545" errors="0" timestamp="05 jul. 2021 16:40:25 GMT" skipped="0">
  <testcase classname="com.timp.test.BRB.ComentarioLibre" name="comentarioLibre" time="212.545"/>
</testsuite> <!-- com.timp.test.BRB.ComentarioLibre -->
