<?xml version="1.0" encoding="UTF-8"?>
<!-- Generated by org.testng.reporters.JUnitReportReporter -->
<testsuite hostname="EC2AMAZ-8HCHO4G" failures="0" tests="1" name="com.timp.test.BRB.NovoRelatorio" time="266.703" errors="0" timestamp="2023-07-17T16:06:09 UTC" skipped="0">
  <testcase classname="com.timp.test.BRB.NovoRelatorio" name="novoRelatorio" time="266.703"/>
  <system-out/>
</testsuite> <!-- com.timp.test.BRB.NovoRelatorio -->
