<?xml version="1.0" encoding="UTF-8"?>
<!-- Generated by org.testng.reporters.JUnitReportReporter -->
<testsuite hostname="DESKTOP-C57COV6" failures="0" tests="2" name="com.timp.test.MDR.Centralizacao.FatorCreditamento.FatorCreditamentoExcluirEmMassa" time="282.767" errors="0" timestamp="15 sep. 2021 21:06:07 GMT" skipped="0">
  <testcase classname="com.timp.test.MDR.Centralizacao.FatorCreditamento.FatorCreditamentoExcluirEmMassa" name="criar" time="239.029"/>
  <testcase classname="com.timp.test.MDR.Centralizacao.FatorCreditamento.FatorCreditamentoExcluirEmMassa" name="excluir" time="43.738"/>
</testsuite> <!-- com.timp.test.MDR.Centralizacao.FatorCreditamento.FatorCreditamentoExcluirEmMassa -->
