<?xml version="1.0" encoding="UTF-8"?>
<!-- Generated by org.testng.reporters.JUnitReportReporter -->
<testsuite hostname="DESKTOP-C57COV6" failures="0" tests="2" name="com.timp.test.MDR.TabelasApoioESocial.Tabela06.PaisesExcluirMassa" time="175.853" errors="0" timestamp="25 ago. 2021 05:16:02 GMT" skipped="0">
  <testcase classname="com.timp.test.MDR.TabelasApoioESocial.Tabela06.PaisesExcluirMassa" name="criar" time="127.171"/>
  <testcase classname="com.timp.test.MDR.TabelasApoioESocial.Tabela06.PaisesExcluirMassa" name="excluirMassa" time="48.682"/>
</testsuite> <!-- com.timp.test.MDR.TabelasApoioESocial.Tabela06.PaisesExcluirMassa -->
