<?xml version="1.0" encoding="UTF-8"?>
<!-- Generated by org.testng.reporters.JUnitReportReporter -->
<testsuite hostname="Agile" failures="0" tests="2" name="com.timp.test.MDR.TabelasApoioESocial.Tabela19.MotivosdeDesligamentoExcluirMasa" time="133.703" errors="0" timestamp="16 feb. 2022 09:18:51 GMT" skipped="0">
  <testcase classname="com.timp.test.MDR.TabelasApoioESocial.Tabela19.MotivosdeDesligamentoExcluirMasa" name="criar" time="98.702"/>
  <testcase classname="com.timp.test.MDR.TabelasApoioESocial.Tabela19.MotivosdeDesligamentoExcluirMasa" name="excluirEmMassa" time="35.001"/>
</testsuite> <!-- com.timp.test.MDR.TabelasApoioESocial.Tabela19.MotivosdeDesligamentoExcluirMasa -->
