<?xml version="1.0" encoding="UTF-8"?>
<!-- Generated by org.testng.reporters.JUnitReportReporter -->
<testsuite hostname="LitoSoler" name="com.timp.test.BRB.AtivarComentario" tests="3" failures="0" timestamp="2 Jul 2020 15:33:00 GMT" time="79.632" errors="0">
  <testcase name="login" time="16.204" classname="com.timp.test.BRB.AtivarComentario"/>
  <testcase name="ativarComentarios" time="39.787" classname="com.timp.test.BRB.AtivarComentario"/>
  <testcase name="brbEntrar" time="23.641" classname="com.timp.test.BRB.AtivarComentario"/>
</testsuite> <!-- com.timp.test.BRB.AtivarComentario -->
