<?xml version="1.0" encoding="UTF-8"?>
<!-- Generated by org.testng.reporters.JUnitReportReporter -->
<testsuite hostname="LitoSoler" name="com.timp.test.BRB.Filtros" tests="5" failures="0" timestamp="23 Dec 2020 19:59:47 GMT" time="223.494" errors="0">
  <testcase name="filtrosEditor" time="101.042" classname="com.timp.test.BRB.Filtros"/>
  <testcase name="brbEntrar" time="32.381" classname="com.timp.test.BRB.Filtros"/>
  <testcase name="login" time="11.357" classname="com.timp.test.BRB.Filtros"/>
  <testcase name="filtrosBiblioteca" time="56.407" classname="com.timp.test.BRB.Filtros"/>
  <testcase name="asignarValores" time="22.307" classname="com.timp.test.BRB.Filtros"/>
</testsuite> <!-- com.timp.test.BRB.Filtros -->
