<?xml version="1.0" encoding="UTF-8"?>
<!-- Generated by org.testng.reporters.JUnitReportReporter -->
<testsuite hostname="Agile" failures="0" tests="1" name="com.timp.test.BRB.NovoRelatorio" time="279.616" errors="0" timestamp="19 abr. 2022 22:07:54 GMT" skipped="0">
  <testcase classname="com.timp.test.BRB.NovoRelatorio" name="novoRelatorio" time="279.616"/>
</testsuite> <!-- com.timp.test.BRB.NovoRelatorio -->
