<?xml version="1.0" encoding="UTF-8"?>
<!-- Generated by org.testng.reporters.JUnitReportReporter -->
<testsuite hostname="LitoSoler" name="com.timp.test.MDR.Centralizacao.Tributos.TributosCriar" tests="3" failures="0" timestamp="21 Oct 2020 00:12:10 GMT" time="137.626" errors="0">
  <testcase name="acessarMDR" time="20.553" classname="com.timp.test.MDR.Centralizacao.Tributos.TributosCriar"/>
  <testcase name="login" time="6.954" classname="com.timp.test.MDR.Centralizacao.Tributos.TributosCriar"/>
  <testcase name="criar" time="110.119" classname="com.timp.test.MDR.Centralizacao.Tributos.TributosCriar"/>
</testsuite> <!-- com.timp.test.MDR.Centralizacao.Tributos.TributosCriar -->
