<?xml version="1.0" encoding="UTF-8"?>
<!-- Generated by org.testng.reporters.JUnitReportReporter -->
<testsuite hostname="DESKTOP-JP1A9E6" failures="0" tests="2" name="com.timp.test.MDR.TabelasApoioESocial.Tabela02.FinanciamientoDeAposEspExcluiMassa" time="171.371" errors="0" timestamp="09 ago. 2021 21:29:31 GMT" skipped="0">
  <testcase classname="com.timp.test.MDR.TabelasApoioESocial.Tabela02.FinanciamientoDeAposEspExcluiMassa" name="criar" time="127.256"/>
  <testcase classname="com.timp.test.MDR.TabelasApoioESocial.Tabela02.FinanciamientoDeAposEspExcluiMassa" name="excluirMassa" time="44.115"/>
</testsuite> <!-- com.timp.test.MDR.TabelasApoioESocial.Tabela02.FinanciamientoDeAposEspExcluiMassa -->
