<?xml version="1.0" encoding="UTF-8"?>
<!-- Generated by org.testng.reporters.JUnitReportReporter -->
<testsuite hostname="DESKTOP-M23FVFN" failures="0" tests="1" name="com.timp.test.MDR.Filiais.FiliaisEditar" time="124.435" errors="0" timestamp="24 mar. 2022 13:33:21 GMT" skipped="0">
  <testcase classname="com.timp.test.MDR.Filiais.FiliaisEditar" name="editar" time="124.435"/>
</testsuite> <!-- com.timp.test.MDR.Filiais.FiliaisEditar -->
