<?xml version="1.0" encoding="UTF-8"?>
<!-- Generated by org.testng.reporters.JUnitReportReporter -->
<testsuite hostname="DESKTOP-BNBDMGT" failures="0" tests="3" name="com.timp.test.TFP.Configurações.Período.SubperíodoCriar" time="107.903" errors="0" timestamp="8 Dec 2020 21:04:01 GMT">
  <testcase classname="com.timp.test.TFP.Configurações.Período.SubperíodoCriar" name="criar" time="65.616"/>
  <testcase classname="com.timp.test.TFP.Configurações.Período.SubperíodoCriar" name="login" time="13.777"/>
  <testcase classname="com.timp.test.TFP.Configurações.Período.SubperíodoCriar" name="TFPEntrar" time="28.510"/>
</testsuite> <!-- com.timp.test.TFP.Configurações.Período.SubperíodoCriar -->
