<?xml version="1.0" encoding="UTF-8"?>
<!-- Generated by org.testng.reporters.JUnitReportReporter -->
<testsuite hostname="DESKTOP-BNBDMGT" failures="0" tests="3" name="com.timp.test.TDK.Execucoes.Raiz.RaizFiltroId" time="71.864" errors="0" timestamp="14 Feb 2021 20:19:03 GMT">
  <testcase classname="com.timp.test.TDK.Execucoes.Raiz.RaizFiltroId" name="acessarTDK" time="26.529"/>
  <testcase classname="com.timp.test.TDK.Execucoes.Raiz.RaizFiltroId" name="login" time="10.605"/>
  <testcase classname="com.timp.test.TDK.Execucoes.Raiz.RaizFiltroId" name="filtro" time="34.730"/>
</testsuite> <!-- com.timp.test.TDK.Execucoes.Raiz.RaizFiltroId -->
