<?xml version="1.0" encoding="UTF-8"?>
<!-- Generated by org.testng.reporters.JUnitReportReporter -->
<testsuite hostname="CRISTHIAN-VASQUEZ" failures="0" tests="3" name="com.timp.test.MDR.TabelasApoioESocial.Tabela11.CompatibilidadeEnCatTrabCriar" time="74.569" errors="0" timestamp="27 Oct 2020 13:33:46 GMT">
  <testcase classname="com.timp.test.MDR.TabelasApoioESocial.Tabela11.CompatibilidadeEnCatTrabCriar" name="criar" time="41.595"/>
  <testcase classname="com.timp.test.MDR.TabelasApoioESocial.Tabela11.CompatibilidadeEnCatTrabCriar" name="acessarMDR" time="25.567"/>
  <testcase classname="com.timp.test.MDR.TabelasApoioESocial.Tabela11.CompatibilidadeEnCatTrabCriar" name="login" time="7.407"/>
</testsuite> <!-- com.timp.test.MDR.TabelasApoioESocial.Tabela11.CompatibilidadeEnCatTrabCriar -->
