<?xml version="1.0" encoding="UTF-8"?>
<!-- Generated by org.testng.reporters.JUnitReportReporter -->
<<<<<<< HEAD
<testsuite hostname="DESKTOP-C57COV6" failures="0" tests="1" name="com.timp.test.MDR.Antecipacao.AntecipacaoCriar" time="444.924" errors="0" timestamp="30 sep. 2021 21:44:50 GMT" skipped="0">
  <testcase classname="com.timp.test.MDR.Antecipacao.AntecipacaoCriar" name="criar" time="444.924"/>
=======
<testsuite hostname="MassielV" failures="0" tests="1" name="com.timp.test.MDR.Antecipacao.AntecipacaoCriar" time="237.575" errors="0" timestamp="30 sep. 2021 15:05:09 GMT" skipped="0">
  <testcase classname="com.timp.test.MDR.Antecipacao.AntecipacaoCriar" name="criar" time="237.575"/>
>>>>>>> branch 'Yessy' of https://github.com/salc1997/TIMP_R1.git
</testsuite> <!-- com.timp.test.MDR.Antecipacao.AntecipacaoCriar -->
