<?xml version="1.0" encoding="UTF-8"?>
<!-- Generated by org.testng.reporters.JUnitReportReporter -->
<testsuite hostname="DESKTOP-5P4F1JE" failures="0" tests="3" name="com.timp.test.TBD.ArmazenagemDeArquivos.AprovacaoDeDocumentos.AprovacaoDeDocumentosCriar" time="120.227" errors="0" timestamp="28 Dec 2020 20:08:45 GMT">
  <testcase classname="com.timp.test.TBD.ArmazenagemDeArquivos.AprovacaoDeDocumentos.AprovacaoDeDocumentosCriar" name="criar" time="96.739"/>
  <testcase classname="com.timp.test.TBD.ArmazenagemDeArquivos.AprovacaoDeDocumentos.AprovacaoDeDocumentosCriar" name="login" time="7.705"/>
  <testcase classname="com.timp.test.TBD.ArmazenagemDeArquivos.AprovacaoDeDocumentos.AprovacaoDeDocumentosCriar" name="TBDEntrar" time="15.783"/>
</testsuite> <!-- com.timp.test.TBD.ArmazenagemDeArquivos.AprovacaoDeDocumentos.AprovacaoDeDocumentosCriar -->
