<?xml version="1.0" encoding="UTF-8"?>
<!-- Generated by org.testng.reporters.JUnitReportReporter -->
<testsuite hostname="LitoSoler" name="com.timp.test.MDR.Antecipacao.AntecipacaoEditar" tests="3" failures="0" timestamp="5 Aug 2020 17:39:44 GMT" time="113.881" errors="0">
  <testcase name="visualizar" time="85.961" classname="com.timp.test.MDR.Antecipacao.AntecipacaoEditar"/>
  <testcase name="login" time="7.072" classname="com.timp.test.MDR.Antecipacao.AntecipacaoEditar"/>
  <testcase name="acessarMDR" time="20.848" classname="com.timp.test.MDR.Antecipacao.AntecipacaoEditar"/>
</testsuite> <!-- com.timp.test.MDR.Antecipacao.AntecipacaoEditar -->
