<?xml version="1.0" encoding="UTF-8"?>
<!-- Generated by org.testng.reporters.JUnitReportReporter -->
<testsuite hostname="CRISTHIAN-VASQUEZ" failures="0" tests="1" name="com.timp.test.MDR.TabelasComplementaresParaObrigaçoesAcessorias.CodigoDeMotivosDeAjustes.CodigoDeMotivosDeAjustesExcluirEmMassa" time="134.793" errors="0" timestamp="08 mar. 2021 21:01:22 GMT" skipped="0">
  <testcase classname="com.timp.test.MDR.TabelasComplementaresParaObrigaçoesAcessorias.CodigoDeMotivosDeAjustes.CodigoDeMotivosDeAjustesExcluirEmMassa" name="criar" time="134.793"/>
</testsuite> <!-- com.timp.test.MDR.TabelasComplementaresParaObrigaçoesAcessorias.CodigoDeMotivosDeAjustes.CodigoDeMotivosDeAjustesExcluirEmMassa -->
