<?xml version="1.0" encoding="UTF-8"?>
<!-- Generated by org.testng.reporters.JUnitReportReporter -->
<testsuite hostname="DESKTOP-HB7TMPD" failures="0" tests="3" name="com.timp.test.MDR.IncentivosFiscais.IncentivosFiscaisCriar" time="121.562" errors="0" timestamp="23 Oct 2020 05:29:18 GMT">
  <testcase classname="com.timp.test.MDR.IncentivosFiscais.IncentivosFiscaisCriar" name="CriarIncentivosFiscais" time="104.612"/>
  <testcase classname="com.timp.test.MDR.IncentivosFiscais.IncentivosFiscaisCriar" name="login" time="7.545"/>
  <testcase classname="com.timp.test.MDR.IncentivosFiscais.IncentivosFiscaisCriar" name="acessarMDR" time="9.405"/>
</testsuite> <!-- com.timp.test.MDR.IncentivosFiscais.IncentivosFiscaisCriar -->
