<?xml version="1.0" encoding="UTF-8"?>
<!-- Generated by org.testng.reporters.JUnitReportReporter -->
<<<<<<< HEAD
<testsuite hostname="CRISTHIAN-VASQUEZ" failures="0" tests="3" name="com.timp.test.BRE.RegrasdeAuditoriaN2.RegrasdeAuditoriaN2Estrutura" time="300.006" errors="0" timestamp="2 Feb 2021 11:16:01 GMT">
  <testcase classname="com.timp.test.BRE.RegrasdeAuditoriaN2.RegrasdeAuditoriaN2Estrutura" name="editar" time="274.708"/>
  <testcase classname="com.timp.test.BRE.RegrasdeAuditoriaN2.RegrasdeAuditoriaN2Estrutura" name="acessarBRE" time="17.737"/>
  <testcase classname="com.timp.test.BRE.RegrasdeAuditoriaN2.RegrasdeAuditoriaN2Estrutura" name="login" time="7.561"/>
=======
<testsuite hostname="CRISTHIAN-VASQUEZ" failures="0" tests="3" name="com.timp.test.BRE.RegrasdeAuditoriaN2.RegrasdeAuditoriaN2Estrutura" time="301.429" errors="0" timestamp="15 Feb 2021 17:40:16 GMT">
  <testcase classname="com.timp.test.BRE.RegrasdeAuditoriaN2.RegrasdeAuditoriaN2Estrutura" name="editar" time="273.904"/>
  <testcase classname="com.timp.test.BRE.RegrasdeAuditoriaN2.RegrasdeAuditoriaN2Estrutura" name="login" time="8.858"/>
  <testcase classname="com.timp.test.BRE.RegrasdeAuditoriaN2.RegrasdeAuditoriaN2Estrutura" name="acessarBRE" time="18.667"/>
>>>>>>> refs/heads/master
</testsuite> <!-- com.timp.test.BRE.RegrasdeAuditoriaN2.RegrasdeAuditoriaN2Estrutura -->
