<?xml version="1.0" encoding="UTF-8"?>
<!-- Generated by org.testng.reporters.JUnitReportReporter -->
<testsuite hostname="DESKTOP-BNBDMGT" failures="0" tests="3" name="com.timp.test.MDR.SCANC.MovimentoSCANC.MovimentoSCANCExcluir" time="72.861" errors="0" timestamp="9 Jan 2021 05:46:40 GMT">
  <testcase classname="com.timp.test.MDR.SCANC.MovimentoSCANC.MovimentoSCANCExcluir" name="excluir" time="38.607"/>
  <testcase classname="com.timp.test.MDR.SCANC.MovimentoSCANC.MovimentoSCANCExcluir" name="acessarMDR" time="27.811"/>
  <testcase classname="com.timp.test.MDR.SCANC.MovimentoSCANC.MovimentoSCANCExcluir" name="login" time="6.443"/>
</testsuite> <!-- com.timp.test.MDR.SCANC.MovimentoSCANC.MovimentoSCANCExcluir -->
