<?xml version="1.0" encoding="UTF-8"?>
<!-- Generated by org.testng.reporters.JUnitReportReporter -->
<testsuite hostname="SALC-PC" failures="0" tests="3" name="com.timp.test.BRB.Formula" time="199.718" errors="0" timestamp="2023-08-07T12:27:14 CST" skipped="0">
  <testcase classname="com.timp.test.BRB.Formula" name="formulaColuna" time="63.289"/>
  <system-out/>
  <testcase classname="com.timp.test.BRB.Formula" name="formulaBoton" time="121.242"/>
  <system-out/>
  <testcase classname="com.timp.test.BRB.Formula" name="aplicar" time="15.187"/>
  <system-out/>
</testsuite> <!-- com.timp.test.BRB.Formula -->
