<?xml version="1.0" encoding="UTF-8"?>
<!-- Generated by org.testng.reporters.JUnitReportReporter -->
<<<<<<< HEAD
=======
<<<<<<< HEAD
>>>>>>> refs/remotes/origin/master
<testsuite hostname="LitoSoler" name="com.timp.test.MDR.CEP.Bairro.BairroCriar" tests="3" failures="0" timestamp="12 Feb 2021 23:01:44 GMT" time="52.148" errors="0">
  <testcase name="login" time="6.333" classname="com.timp.test.MDR.CEP.Bairro.BairroCriar"/>
  <testcase name="acessarMDR" time="16.683" classname="com.timp.test.MDR.CEP.Bairro.BairroCriar"/>
  <testcase name="criar" time="29.132" classname="com.timp.test.MDR.CEP.Bairro.BairroCriar"/>
=======
<testsuite hostname="LitoSoler" name="com.timp.test.MDR.CEP.Bairro.BairroCriar" tests="3" failures="0" timestamp="2 Feb 2021 16:03:49 GMT" time="76.563" errors="0">
  <testcase name="login" time="11.339" classname="com.timp.test.MDR.CEP.Bairro.BairroCriar"/>
  <testcase name="criar" time="38.340" classname="com.timp.test.MDR.CEP.Bairro.BairroCriar"/>
  <testcase name="acessarMDR" time="26.884" classname="com.timp.test.MDR.CEP.Bairro.BairroCriar"/>
>>>>>>> refs/remotes/origin/Cristhian
</testsuite> <!-- com.timp.test.MDR.CEP.Bairro.BairroCriar -->
