<?xml version="1.0" encoding="UTF-8"?>
<!-- Generated by org.testng.reporters.JUnitReportReporter -->
<testsuite hostname="SALC-PC" failures="0" tests="1" name="com.timp.test.BRB.AcessarBRB" time="48.993" errors="0" timestamp="2023-05-18T07:57:58 CST" skipped="0">
  <testcase classname="com.timp.test.BRB.AcessarBRB" name="brbEntrar" time="48.993"/>
  <system-out/>
</testsuite> <!-- com.timp.test.BRB.AcessarBRB -->
