<?xml version="1.0" encoding="UTF-8"?>
<<<<<<< HEAD
<!-- Generated by org.testng.reporters.JUnitReportReporter -->
<testsuite skipped="0" hostname="LitoSoler" name="com.timp.test.MDR.ValorAdicionado.Municipio.MunicipioCriar" tests="1" failures="0" timestamp="19 mar 2021 20:52:57 GMT" time="77.681" errors="0">
  <testcase name="criar" time="77.681" classname="com.timp.test.MDR.ValorAdicionado.Municipio.MunicipioCriar"/>
=======
<<<<<<< HEAD
<!-- Generated by org.testng.reporters.JUnitReportReporter -->
<testsuite skipped="0" hostname="LitoSoler" name="com.timp.test.MDR.ValorAdicionado.Municipio.MunicipioCriar" tests="1" failures="0" timestamp="16 mar 2021 02:19:30 GMT" time="118.892" errors="0">
  <testcase name="criar" time="118.892" classname="com.timp.test.MDR.ValorAdicionado.Municipio.MunicipioCriar"/>
=======
<!-- Generated by org.testng.reporters.JUnitReportReporter -->
<testsuite skipped="0" hostname="LitoSoler" name="com.timp.test.MDR.ValorAdicionado.Municipio.MunicipioCriar" tests="1" failures="0" timestamp="09 mar 2021 00:04:35 GMT" time="86.990" errors="0">
  <testcase name="criar" time="86.990" classname="com.timp.test.MDR.ValorAdicionado.Municipio.MunicipioCriar"/>
>>>>>>> refs/heads/Cristhian
>>>>>>> branch 'master' of https://github.com/salc1997/TIMP_R1.git
</testsuite> <!-- com.timp.test.MDR.ValorAdicionado.Municipio.MunicipioCriar -->
