<?xml version="1.0" encoding="UTF-8"?>
<!-- Generated by org.testng.reporters.JUnitReportReporter -->
<testsuite hostname="DESKTOP-M23FVFN" failures="0" tests="1" name="com.timp.test.MDR.CEP.Logradouro.LogradouroEditar" time="116.033" errors="0" timestamp="16 feb. 2022 13:19:23 GMT" skipped="0">
  <testcase classname="com.timp.test.MDR.CEP.Logradouro.LogradouroEditar" name="editar" time="116.033"/>
</testsuite> <!-- com.timp.test.MDR.CEP.Logradouro.LogradouroEditar -->
