<?xml version="1.0" encoding="UTF-8"?>
<!-- Generated by org.testng.reporters.JUnitReportReporter -->
<testsuite hostname="DESKTOP-C57COV6" failures="0" tests="1" name="com.timp.test.MDR.CodigoContabilizacao.CodigoContabilizacaoEditar" time="306.683" errors="0" timestamp="20 oct. 2021 19:20:02 GMT" skipped="0">
  <testcase classname="com.timp.test.MDR.CodigoContabilizacao.CodigoContabilizacaoEditar" name="editar" time="306.683"/>
</testsuite> <!-- com.timp.test.MDR.CodigoContabilizacao.CodigoContabilizacaoEditar -->
