<?xml version="1.0" encoding="UTF-8"?>
<!-- Generated by org.testng.reporters.JUnitReportReporter -->
<testsuite hostname="MassielV" failures="0" tests="1" name="com.timp.test.MDR.TabelasApoioESocial.Tabela25.TiposDeBeneficiosDetalhes" time="463.603" errors="0" timestamp="15 oct. 2021 18:41:27 GMT" skipped="0">
  <testcase classname="com.timp.test.MDR.TabelasApoioESocial.Tabela25.TiposDeBeneficiosDetalhes" name="detalhes" time="463.603"/>
</testsuite> <!-- com.timp.test.MDR.TabelasApoioESocial.Tabela25.TiposDeBeneficiosDetalhes -->
