<?xml version="1.0" encoding="UTF-8"?>
<!-- Generated by org.testng.reporters.JUnitReportReporter -->
<testsuite hostname="Agile" failures="0" tests="1" name="com.timp.test.TCC.GestaoDeCreditoTributarioICMS.Executados.PainelCreditoICMS.PainelCreditoICMSVisualizar" time="227.574" errors="0" timestamp="12 abr. 2022 18:40:44 GMT" skipped="0">
  <testcase classname="com.timp.test.TCC.GestaoDeCreditoTributarioICMS.Executados.PainelCreditoICMS.PainelCreditoICMSVisualizar" name="visualizar" time="227.574"/>
</testsuite> <!-- com.timp.test.TCC.GestaoDeCreditoTributarioICMS.Executados.PainelCreditoICMS.PainelCreditoICMSVisualizar -->
