<?xml version="1.0" encoding="UTF-8"?>
<!-- Generated by org.testng.reporters.JUnitReportReporter -->
<testsuite hostname="DESKTOP-M23FVFN" failures="0" tests="1" name="com.timp.test.MDR.AtividadesFiscais.AssociacaoAtividadeFiscal.AssociaçãoCriar" time="164.045" errors="0" timestamp="07 ene. 2022 15:35:23 GMT" skipped="0">
  <testcase classname="com.timp.test.MDR.AtividadesFiscais.AssociacaoAtividadeFiscal.AssociaçãoCriar" name="criarAssociação" time="164.045"/>
</testsuite> <!-- com.timp.test.MDR.AtividadesFiscais.AssociacaoAtividadeFiscal.AssociaçãoCriar -->
