<?xml version="1.0" encoding="UTF-8"?>
<!-- Generated by org.testng.reporters.JUnitReportReporter -->
<testsuite hostname="MIGUEL" failures="0" tests="3" name="com.timp.test.MDR.TabelaApoioECD.BalançoConsolidado.BalançoConsolidadoEditar" time="119.477" errors="0" timestamp="30 Oct 2020 21:52:35 GMT">
  <testcase classname="com.timp.test.MDR.TabelaApoioECD.BalançoConsolidado.BalançoConsolidadoEditar" name="ingresar" time="7.990"/>
  <testcase classname="com.timp.test.MDR.TabelaApoioECD.BalançoConsolidado.BalançoConsolidadoEditar" name="ingresarMDR" time="9.924"/>
  <testcase classname="com.timp.test.MDR.TabelaApoioECD.BalançoConsolidado.BalançoConsolidadoEditar" name="editar" time="101.563"/>
</testsuite> <!-- com.timp.test.MDR.TabelaApoioECD.BalançoConsolidado.BalançoConsolidadoEditar -->
