<?xml version="1.0" encoding="UTF-8"?>
<!-- Generated by org.testng.reporters.JUnitReportReporter -->
<testsuite hostname="DESKTOP-BNBDMGT" failures="0" tests="2" name="com.timp.test.MDR.ParametrosContabilizacao.MapeamentoContabilCorrecao.MapeamentoContabilCorrecaoExcluirEmMassa" time="139.850" errors="0" timestamp="19 mar. 2021 23:42:20 GMT" skipped="0">
  <testcase classname="com.timp.test.MDR.ParametrosContabilizacao.MapeamentoContabilCorrecao.MapeamentoContabilCorrecaoExcluirEmMassa" name="ExcluirMassa" time="26.591"/>
  <testcase classname="com.timp.test.MDR.ParametrosContabilizacao.MapeamentoContabilCorrecao.MapeamentoContabilCorrecaoExcluirEmMassa" name="Criar" time="113.259"/>
</testsuite> <!-- com.timp.test.MDR.ParametrosContabilizacao.MapeamentoContabilCorrecao.MapeamentoContabilCorrecaoExcluirEmMassa -->
