<?xml version="1.0" encoding="UTF-8"?>
<!-- Generated by org.testng.reporters.JUnitReportReporter -->
<testsuite hostname="MIGUEL" failures="0" tests="1" name="com.timp.test.TCC.FatorDeCreditamento.FatorDeCreditamentoDetalhes" time="83.178" errors="0" timestamp="21 abr. 2021 03:55:25 GMT" skipped="0">
  <testcase classname="com.timp.test.TCC.FatorDeCreditamento.FatorDeCreditamentoDetalhes" name="detalhes" time="83.178"/>
</testsuite> <!-- com.timp.test.TCC.FatorDeCreditamento.FatorDeCreditamentoDetalhes -->
