<?xml version="1.0" encoding="UTF-8"?>
<!-- Generated by org.testng.reporters.JUnitReportReporter -->
<testsuite hostname="LAPTOP-IN7IV9K5" failures="0" tests="1" name="com.timp.test.BRE.RegrasDeAuditoriaN4.Edicao.RegrasdeAuditoriaN4EdicaoValoresCalculados" time="156.468" errors="0" timestamp="04 mar. 2021 20:11:04 GMT" skipped="0">
  <testcase classname="com.timp.test.BRE.RegrasDeAuditoriaN4.Edicao.RegrasdeAuditoriaN4EdicaoValoresCalculados" name="valoresCalculados" time="156.468"/>
</testsuite> <!-- com.timp.test.BRE.RegrasDeAuditoriaN4.Edicao.RegrasdeAuditoriaN4EdicaoValoresCalculados -->
