<?xml version="1.0" encoding="UTF-8"?>
<!-- Generated by org.testng.reporters.JUnitReportReporter -->
<testsuite hostname="LitoSoler" name="com.timp.test.ADM.LoginBRB" tests="1" failures="0" timestamp="21 Oct 2020 03:35:19 GMT" time="13.845" errors="0">
  <testcase name="Login" time="13.845" classname="com.timp.test.ADM.LoginBRB"/>
</testsuite> <!-- com.timp.test.ADM.LoginBRB -->
