<?xml version="1.0" encoding="UTF-8"?>
<!-- Generated by org.testng.reporters.JUnitReportReporter -->
<testsuite hostname="MIGUEL" failures="0" tests="3" name="com.timp.test.TDK.Kpis.KpisExecutarAtualizarJutisficativaGravar" time="228.141" errors="0" timestamp="19 mar. 2021 14:39:14 GMT" skipped="0">
  <testcase classname="com.timp.test.TDK.Kpis.KpisExecutarAtualizarJutisficativaGravar" name="login" time="11.594"/>
  <testcase classname="com.timp.test.TDK.Kpis.KpisExecutarAtualizarJutisficativaGravar" name="acessarTDK" time="31.404"/>
  <testcase classname="com.timp.test.TDK.Kpis.KpisExecutarAtualizarJutisficativaGravar" name="executar" time="185.143"/>
</testsuite> <!-- com.timp.test.TDK.Kpis.KpisExecutarAtualizarJutisficativaGravar -->
