<?xml version="1.0" encoding="UTF-8"?>
<!-- Generated by org.testng.reporters.JUnitReportReporter -->
<testsuite hostname="DESKTOP-35UG9UP" name="com.timp.test.BRB.NovoRelatorio" tests="4" failures="0" timestamp="1 Oct 2020 21:30:18 GMT" time="196.783" errors="0">
  <testcase name="colunas" time="99.624" classname="com.timp.test.BRB.NovoRelatorio"/>
  <testcase name="brbEntrar" time="24.923" classname="com.timp.test.BRB.NovoRelatorio"/>
  <testcase name="login" time="9.054" classname="com.timp.test.BRB.NovoRelatorio"/>
  <testcase name="novoRelatorio" time="63.182" classname="com.timp.test.BRB.NovoRelatorio"/>
</testsuite> <!-- com.timp.test.BRB.NovoRelatorio -->
