<?xml version="1.0" encoding="UTF-8"?>
<!-- Generated by org.testng.reporters.JUnitReportReporter -->
<testsuite hostname="MIGUEL" failures="0" tests="3" name="com.timp.test.BRE.CalculoDeTributos.ParametroGerais.CalculoDeTributosLixeiraEmMassaMaisExcluirEmMassa" time="269.823" errors="0" timestamp="02 mar. 2021 18:36:59 GMT" skipped="0">
  <testcase classname="com.timp.test.BRE.CalculoDeTributos.ParametroGerais.CalculoDeTributosLixeiraEmMassaMaisExcluirEmMassa" name="login" time="8.056"/>
  <testcase classname="com.timp.test.BRE.CalculoDeTributos.ParametroGerais.CalculoDeTributosLixeiraEmMassaMaisExcluirEmMassa" name="acessarBRE" time="21.838"/>
  <testcase classname="com.timp.test.BRE.CalculoDeTributos.ParametroGerais.CalculoDeTributosLixeiraEmMassaMaisExcluirEmMassa" name="criar" time="239.929"/>
</testsuite> <!-- com.timp.test.BRE.CalculoDeTributos.ParametroGerais.CalculoDeTributosLixeiraEmMassaMaisExcluirEmMassa -->
