<?xml version="1.0" encoding="UTF-8"?>
<!-- Generated by org.testng.reporters.JUnitReportReporter -->
<testsuite hostname="DESKTOP-C57COV6" failures="0" tests="1" name="com.timp.test.BRB.AcessarBRB" time="46.886" errors="0" timestamp="01 oct. 2021 13:05:22 GMT" skipped="0">
  <testcase classname="com.timp.test.BRB.AcessarBRB" name="brbEntrar" time="46.886"/>
</testsuite> <!-- com.timp.test.BRB.AcessarBRB -->
