<?xml version="1.0" encoding="UTF-8"?>
<!-- Generated by org.testng.reporters.JUnitReportReporter -->
<testsuite hostname="Agile" failures="0" tests="1" name="com.timp.test.DFG.Configuracoes.ConfiguracoesEditar" time="186.612" errors="0" timestamp="28 feb. 2022 09:37:21 GMT" skipped="0">
  <testcase classname="com.timp.test.DFG.Configuracoes.ConfiguracoesEditar" name="criar" time="186.612"/>
</testsuite> <!-- com.timp.test.DFG.Configuracoes.ConfiguracoesEditar -->
