<?xml version="1.0" encoding="UTF-8"?>
<!-- Generated by org.testng.reporters.JUnitReportReporter -->
<testsuite hostname="DESKTOP-M23FVFN" failures="0" tests="1" name="com.timp.test.MDR.TabelasComplementaresParaObrigaçoesAcessorias.TabelaDeEstoqueParaRegistro12.TabelaDeEstoqueParaRegistro12Editar" time="102.557" errors="0" timestamp="22 dic. 2021 08:12:13 GMT" skipped="0">
  <testcase classname="com.timp.test.MDR.TabelasComplementaresParaObrigaçoesAcessorias.TabelaDeEstoqueParaRegistro12.TabelaDeEstoqueParaRegistro12Editar" name="editar" time="102.557"/>
</testsuite> <!-- com.timp.test.MDR.TabelasComplementaresParaObrigaçoesAcessorias.TabelaDeEstoqueParaRegistro12.TabelaDeEstoqueParaRegistro12Editar -->
