<?xml version="1.0" encoding="UTF-8"?>
<!-- Generated by org.testng.reporters.JUnitReportReporter -->
<testsuite hostname="DESKTOP-BNBDMGT" failures="0" tests="1" name="com.timp.test.MDR.DeterminacaoRelevanciaTarefaMotivoReabertura.CadastroMotivosReabertura.CadastroMotivosReaberturaCriar" time="173.936" errors="0" timestamp="17 abr. 2021 07:16:35 GMT" skipped="0">
  <testcase classname="com.timp.test.MDR.DeterminacaoRelevanciaTarefaMotivoReabertura.CadastroMotivosReabertura.CadastroMotivosReaberturaCriar" name="criar" time="173.936"/>
</testsuite> <!-- com.timp.test.MDR.DeterminacaoRelevanciaTarefaMotivoReabertura.CadastroMotivosReabertura.CadastroMotivosReaberturaCriar -->
