<?xml version="1.0" encoding="UTF-8"?>
<!-- Generated by org.testng.reporters.JUnitReportReporter -->
<testsuite hostname="Agile" failures="0" tests="1" name="com.timp.test.BRB.NovoRelatorio" time="281.437" errors="0" timestamp="14 feb. 2022 23:13:45 GMT" skipped="0">
  <testcase classname="com.timp.test.BRB.NovoRelatorio" name="novoRelatorio" time="281.437"/>
</testsuite> <!-- com.timp.test.BRB.NovoRelatorio -->
