<?xml version="1.0" encoding="UTF-8"?>
<!-- Generated by org.testng.reporters.JUnitReportReporter -->
<testsuite hostname="MIGUEL" failures="0" tests="13" name="com.timp.test.DFG.SPED.ESocial.Eventos.S1250.S1250ExcluirDadosDoEvento" time="356.799" errors="0" timestamp="27 Dec 2020 04:44:23 GMT">
  <testcase classname="com.timp.test.DFG.SPED.ESocial.Eventos.S1250.S1250ExcluirDadosDoEvento" name="visualizar" time="24.497"/>
  <testcase classname="com.timp.test.DFG.SPED.ESocial.Eventos.S1250.S1250ExcluirDadosDoEvento" name="enviarPendencias" time="8.165"/>
  <testcase classname="com.timp.test.DFG.SPED.ESocial.Eventos.S1250.S1250ExcluirDadosDoEvento" name="gravar" time="10.550"/>
  <testcase classname="com.timp.test.DFG.SPED.ESocial.Eventos.S1250.S1250ExcluirDadosDoEvento" name="execucao" time="68.777"/>
  <testcase classname="com.timp.test.DFG.SPED.ESocial.Eventos.S1250.S1250ExcluirDadosDoEvento" name="gravarAN3" time="41.194"/>
  <testcase classname="com.timp.test.DFG.SPED.ESocial.Eventos.S1250.S1250ExcluirDadosDoEvento" name="criarNovoEvento" time="56.868"/>
  <testcase classname="com.timp.test.DFG.SPED.ESocial.Eventos.S1250.S1250ExcluirDadosDoEvento" name="ingresar" time="11.757"/>
  <testcase classname="com.timp.test.DFG.SPED.ESocial.Eventos.S1250.S1250ExcluirDadosDoEvento" name="informacao2" time="22.017"/>
  <testcase classname="com.timp.test.DFG.SPED.ESocial.Eventos.S1250.S1250ExcluirDadosDoEvento" name="editar" time="40.008"/>
  <testcase classname="com.timp.test.DFG.SPED.ESocial.Eventos.S1250.S1250ExcluirDadosDoEvento" name="enviarSeleccionado" time="8.855"/>
  <testcase classname="com.timp.test.DFG.SPED.ESocial.Eventos.S1250.S1250ExcluirDadosDoEvento" name="informacao" time="19.196"/>
  <testcase classname="com.timp.test.DFG.SPED.ESocial.Eventos.S1250.S1250ExcluirDadosDoEvento" name="visualizarCriarAN3" time="27.072"/>
  <testcase classname="com.timp.test.DFG.SPED.ESocial.Eventos.S1250.S1250ExcluirDadosDoEvento" name="dfgEntrar" time="17.843"/>
</testsuite> <!-- com.timp.test.DFG.SPED.ESocial.Eventos.S1250.S1250ExcluirDadosDoEvento -->
