<?xml version="1.0" encoding="UTF-8"?>
<!-- Generated by org.testng.reporters.JUnitReportReporter -->
<testsuite hostname="DESKTOP-M23FVFN" failures="0" tests="2" name="com.timp.test.MDR.Siscoserv.NBS.NBSExcluirMassa" time="191.488" errors="0" timestamp="04 mar. 2022 08:45:14 GMT" skipped="0">
  <testcase classname="com.timp.test.MDR.Siscoserv.NBS.NBSExcluirMassa" name="criar" time="145.703"/>
  <testcase classname="com.timp.test.MDR.Siscoserv.NBS.NBSExcluirMassa" name="excluirMassa" time="45.785"/>
</testsuite> <!-- com.timp.test.MDR.Siscoserv.NBS.NBSExcluirMassa -->
