<?xml version="1.0" encoding="UTF-8"?>
<!-- Generated by org.testng.reporters.JUnitReportReporter -->
<testsuite hostname="Agile" failures="0" tests="1" name="com.timp.test.BRB.AdicionarColunas" time="189.727" errors="0" timestamp="28 feb. 2022 08:01:22 GMT" skipped="0">
  <testcase classname="com.timp.test.BRB.AdicionarColunas" name="adicionarColunas" time="189.727"/>
</testsuite> <!-- com.timp.test.BRB.AdicionarColunas -->
