<?xml version="1.0" encoding="UTF-8"?>
<!-- Generated by org.testng.reporters.JUnitReportReporter -->
<testsuite hostname="MassielV" failures="0" tests="1" name="com.timp.test.MDR.ValorAdicionado.InclusaoDeCamposMar.InclusaoDeCamposMarVisualizar" time="72.823" errors="0" timestamp="02 nov. 2021 08:12:49 GMT" skipped="0">
  <testcase classname="com.timp.test.MDR.ValorAdicionado.InclusaoDeCamposMar.InclusaoDeCamposMarVisualizar" name="Visualizar" time="72.823"/>
</testsuite> <!-- com.timp.test.MDR.ValorAdicionado.InclusaoDeCamposMar.InclusaoDeCamposMarVisualizar -->
