<?xml version="1.0" encoding="UTF-8"?>
<!-- Generated by org.testng.reporters.JUnitReportReporter -->
<testsuite hostname="CRISTHIAN-VASQUEZ" failures="0" tests="3" name="com.timp.test.TCC.BancoCréditoTributário.PainelPerDcomp.ConfiguraçãodeLayoutdePainelExcluir" time="62.573" errors="0" timestamp="13 Jan 2021 14:27:36 GMT">
  <testcase classname="com.timp.test.TCC.BancoCréditoTributário.PainelPerDcomp.ConfiguraçãodeLayoutdePainelExcluir" name="ingresarTAA" time="17.025"/>
  <testcase classname="com.timp.test.TCC.BancoCréditoTributário.PainelPerDcomp.ConfiguraçãodeLayoutdePainelExcluir" name="editar" time="38.059"/>
  <testcase classname="com.timp.test.TCC.BancoCréditoTributário.PainelPerDcomp.ConfiguraçãodeLayoutdePainelExcluir" name="ingresar" time="7.489"/>
</testsuite> <!-- com.timp.test.TCC.BancoCréditoTributário.PainelPerDcomp.ConfiguraçãodeLayoutdePainelExcluir -->
