<?xml version="1.0" encoding="UTF-8"?>
<!-- Generated by org.testng.reporters.JUnitReportReporter -->
<testsuite hostname="MIGUEL" failures="0" tests="1" name="com.timp.test.TCC.FatorDeCreditamento.FatorDeCreditamentoFiltroPorId" time="75.441" errors="0" timestamp="16 abr. 2021 19:37:16 GMT" skipped="0">
  <testcase classname="com.timp.test.TCC.FatorDeCreditamento.FatorDeCreditamentoFiltroPorId" name="filtroPorId" time="75.441"/>
</testsuite> <!-- com.timp.test.TCC.FatorDeCreditamento.FatorDeCreditamentoFiltroPorId -->
