<?xml version="1.0" encoding="UTF-8"?>
<!-- Generated by org.testng.reporters.JUnitReportReporter -->
<testsuite hostname="DESKTOP-M23FVFN" failures="0" tests="1" name="com.timp.test.TFP.Configurações.Configurações.Período.ConfiguraçõesPeríodoFiltroPorId" time="95.844" errors="0" timestamp="2022-11-15T15:22:24 BRT" skipped="0">
  <testcase classname="com.timp.test.TFP.Configurações.Configurações.Período.ConfiguraçõesPeríodoFiltroPorId" name="filtro" time="95.844"/>
  <system-out/>
</testsuite> <!-- com.timp.test.TFP.Configurações.Configurações.Período.ConfiguraçõesPeríodoFiltroPorId -->
