<?xml version="1.0" encoding="UTF-8"?>
<!-- Generated by org.testng.reporters.JUnitReportReporter -->
<testsuite hostname="DESKTOP-M23FVFN" failures="0" tests="2" name="com.timp.test.ADM.Configuração.ConfiguraçãoTributo.ConfiguraçãoTributoTributoXEstrutura.ConfiguraçãoTributoTributoXEstruturaCriar" time="214.043" errors="0" timestamp="03 dic. 2021 17:20:52 GMT" skipped="0">
  <testcase classname="com.timp.test.ADM.Configuração.ConfiguraçãoTributo.ConfiguraçãoTributoTributoXEstrutura.ConfiguraçãoTributoTributoXEstruturaCriar" name="excluir" time="45.196"/>
  <testcase classname="com.timp.test.ADM.Configuração.ConfiguraçãoTributo.ConfiguraçãoTributoTributoXEstrutura.ConfiguraçãoTributoTributoXEstruturaCriar" name="criar" time="168.847"/>
</testsuite> <!-- com.timp.test.ADM.Configuração.ConfiguraçãoTributo.ConfiguraçãoTributoTributoXEstrutura.ConfiguraçãoTributoTributoXEstruturaCriar -->
