<?xml version="1.0" encoding="UTF-8"?>
<!-- Generated by org.testng.reporters.JUnitReportReporter -->
<testsuite hostname="DESKTOP-JP1A9E6" failures="0" tests="2" name="com.timp.test.TDK.Kpis.KpisCriar" time="1515.293" errors="0" timestamp="24 jul. 2021 19:01:48 GMT" skipped="0">
  <testcase classname="com.timp.test.TDK.Kpis.KpisCriar" name="criar" time="140.006"/>
  <testcase classname="com.timp.test.TDK.Kpis.KpisCriar" name="criar" time="1375.287"/>
</testsuite> <!-- com.timp.test.TDK.Kpis.KpisCriar -->
