<?xml version="1.0" encoding="UTF-8"?>
<!-- Generated by org.testng.reporters.JUnitReportReporter -->
<testsuite hostname="EC2AMAZ-8HCHO4G" failures="0" tests="3" name="com.timp.test.SCANC.OficiosExtemporaneos.OficiosExtemporaneosExcluir" time="75.895" errors="0" timestamp="2023-06-01T19:08:34 UTC" skipped="0">
  <testcase classname="com.timp.test.SCANC.OficiosExtemporaneos.OficiosExtemporaneosExcluir" name="ingresar" time="7.696"/>
  <system-out/>
  <testcase classname="com.timp.test.SCANC.OficiosExtemporaneos.OficiosExtemporaneosExcluir" name="scancEntrar" time="16.187"/>
  <system-out/>
  <testcase classname="com.timp.test.SCANC.OficiosExtemporaneos.OficiosExtemporaneosExcluir" name="criar" time="52.012"/>
  <system-out/>
</testsuite> <!-- com.timp.test.SCANC.OficiosExtemporaneos.OficiosExtemporaneosExcluir -->
