<?xml version="1.0" encoding="UTF-8"?>
<!-- Generated by org.testng.reporters.JUnitReportReporter -->
<testsuite skipped="0" hostname="LitoSoler" name="com.timp.test.BRB.ExcluirColuna" tests="2" failures="0" timestamp="24 feb 2021 16:20:01 GMT" time="162.809" errors="0">
  <testcase name="excluirColunaOpcao" time="55.259" classname="com.timp.test.BRB.ExcluirColuna"/>
  <testcase name="excluirColunaDragNDrop" time="107.550" classname="com.timp.test.BRB.ExcluirColuna"/>
</testsuite> <!-- com.timp.test.BRB.ExcluirColuna -->
