<?xml version="1.0" encoding="UTF-8"?>
<!-- Generated by org.testng.reporters.JUnitReportReporter -->
<testsuite hostname="DESKTOP-M23FVFN" failures="0" tests="1" name="com.timp.test.BRB.AtribuiçãodeRegra" time="219.998" errors="0" timestamp="11 mar. 2022 15:19:58 GMT" skipped="0">
  <testcase classname="com.timp.test.BRB.AtribuiçãodeRegra" name="editar" time="219.998"/>
</testsuite> <!-- com.timp.test.BRB.AtribuiçãodeRegra -->
