<?xml version="1.0" encoding="UTF-8"?>
<!-- Generated by org.testng.reporters.JUnitReportReporter -->
<testsuite hostname="DESKTOP-M23FVFN" failures="0" tests="1" name="com.timp.test.BRB.EditarRelatorio" time="218.576" errors="0" timestamp="08 dic. 2021 23:18:42 GMT" skipped="0">
  <testcase classname="com.timp.test.BRB.EditarRelatorio" name="editar" time="218.576"/>
</testsuite> <!-- com.timp.test.BRB.EditarRelatorio -->
