<?xml version="1.0" encoding="UTF-8"?>
<!-- Generated by org.testng.reporters.JUnitReportReporter -->
<testsuite hostname="LitoSoler" name="com.timp.test.DFG.SPED.ECD.ECDFuncionalidades" tests="4" failures="0" timestamp="15 Dec 2020 01:30:45 GMT" time="71.428" errors="0">
  <testcase name="ingresar" time="8.170" classname="com.timp.test.DFG.SPED.ECD.ECDFuncionalidades"/>
  <testcase name="mdrEntrar" time="18.694" classname="com.timp.test.DFG.SPED.ECD.ECDFuncionalidades"/>
  <testcase name="criarECD" time="25.873" classname="com.timp.test.DFG.SPED.ECD.ECDFuncionalidades"/>
  <testcase name="VisualizacaoECD" time="18.691" classname="com.timp.test.DFG.SPED.ECD.ECDFuncionalidades"/>
</testsuite> <!-- com.timp.test.DFG.SPED.ECD.ECDFuncionalidades -->
