<?xml version="1.0" encoding="UTF-8"?>
<!-- Generated by org.testng.reporters.JUnitReportReporter -->
<testsuite hostname="LitoSoler" name="com.timp.test.MDR.LivrosFiscais.ParametrosParaLivroICMSST.ParametrosParaLivroICMSSTDetalle" tests="3" failures="0" timestamp="8 Dec 2020 18:59:02 GMT" time="84.198" errors="0">
  <testcase name="login" time="13.854" classname="com.timp.test.MDR.LivrosFiscais.ParametrosParaLivroICMSST.ParametrosParaLivroICMSSTDetalle"/>
  <testcase name="visualizar" time="47.315" classname="com.timp.test.MDR.LivrosFiscais.ParametrosParaLivroICMSST.ParametrosParaLivroICMSSTDetalle"/>
  <testcase name="acessarMDR" time="23.029" classname="com.timp.test.MDR.LivrosFiscais.ParametrosParaLivroICMSST.ParametrosParaLivroICMSSTDetalle"/>
</testsuite> <!-- com.timp.test.MDR.LivrosFiscais.ParametrosParaLivroICMSST.ParametrosParaLivroICMSSTDetalle -->
