<?xml version="1.0" encoding="UTF-8"?>
<!-- Generated by org.testng.reporters.JUnitReportReporter -->
<testsuite hostname="DESKTOP-M23FVFN" failures="0" tests="1" name="com.timp.test.BRE.RegrasdeAuditoriaN2.ParametrosGerais.RegrasDeAuditoriaN2CriarCaminhos" time="244.397" errors="0" timestamp="21 dic. 2021 15:57:56 GMT" skipped="0">
  <testcase classname="com.timp.test.BRE.RegrasdeAuditoriaN2.ParametrosGerais.RegrasDeAuditoriaN2CriarCaminhos" name="criar" time="244.397"/>
</testsuite> <!-- com.timp.test.BRE.RegrasdeAuditoriaN2.ParametrosGerais.RegrasDeAuditoriaN2CriarCaminhos -->
