<?xml version="1.0" encoding="UTF-8"?>
<!-- Generated by org.testng.reporters.JUnitReportReporter -->
<testsuite hostname="MassielV" failures="0" tests="2" name="com.timp.test.BRB.GruposAvancados" time="427.605" errors="0" timestamp="05 nov. 2021 16:36:47 GMT" skipped="0">
  <testcase classname="com.timp.test.BRB.GruposAvancados" name="eliminarGrupos" time="48.732"/>
  <testcase classname="com.timp.test.BRB.GruposAvancados" name="gruposAvanzados" time="378.873"/>
</testsuite> <!-- com.timp.test.BRB.GruposAvancados -->
