<?xml version="1.0" encoding="UTF-8"?>
<!-- Generated by org.testng.reporters.JUnitReportReporter -->
<testsuite hostname="LitoSoler" name="com.timp.test.BCB.ParametrosGeraisHierarquiaCriarComCópia" tests="3" failures="0" timestamp="21 Jan 2021 20:21:09 GMT" time="127.632" errors="0">
  <testcase name="login" time="6.831" classname="com.timp.test.BCB.ParametrosGeraisHierarquiaCriarComCópia"/>
  <testcase name="criarConfiguracaoHierarquia" time="107.859" classname="com.timp.test.BCB.ParametrosGeraisHierarquiaCriarComCópia"/>
  <testcase name="brbEntrar" time="12.942" classname="com.timp.test.BCB.ParametrosGeraisHierarquiaCriarComCópia"/>
</testsuite> <!-- com.timp.test.BCB.ParametrosGeraisHierarquiaCriarComCópia -->
