<?xml version="1.0" encoding="UTF-8"?>
<!-- Generated by org.testng.reporters.JUnitReportReporter -->
<testsuite hostname="CRISTHIAN-VASQUEZ" failures="0" tests="3" name="com.timp.test.BRE.RegrasdeAuditoriaN2.RegrasdeAuditoriaN2Estrutura" time="300.091" errors="0" timestamp="3 Dec 2020 13:34:20 GMT">
  <testcase classname="com.timp.test.BRE.RegrasdeAuditoriaN2.RegrasdeAuditoriaN2Estrutura" name="login" time="7.900"/>
  <testcase classname="com.timp.test.BRE.RegrasdeAuditoriaN2.RegrasdeAuditoriaN2Estrutura" name="acessarBRE" time="27.679"/>
  <testcase classname="com.timp.test.BRE.RegrasdeAuditoriaN2.RegrasdeAuditoriaN2Estrutura" name="editar" time="264.512"/>
</testsuite> <!-- com.timp.test.BRE.RegrasdeAuditoriaN2.RegrasdeAuditoriaN2Estrutura -->
