<?xml version="1.0" encoding="UTF-8"?>
<!-- Generated by org.testng.reporters.JUnitReportReporter -->
<testsuite hostname="MIGUEL" failures="0" tests="13" name="com.timp.test.DFG.SPED.ESocial.Eventos.S1250.S1250ExcluirDadosDoEvento" time="349.158" errors="0" timestamp="28 Dec 2020 15:12:12 GMT">
  <testcase classname="com.timp.test.DFG.SPED.ESocial.Eventos.S1250.S1250ExcluirDadosDoEvento" name="visualizarCriarAN3" time="24.787"/>
  <testcase classname="com.timp.test.DFG.SPED.ESocial.Eventos.S1250.S1250ExcluirDadosDoEvento" name="execucao" time="68.519"/>
  <testcase classname="com.timp.test.DFG.SPED.ESocial.Eventos.S1250.S1250ExcluirDadosDoEvento" name="informacao" time="19.353"/>
  <testcase classname="com.timp.test.DFG.SPED.ESocial.Eventos.S1250.S1250ExcluirDadosDoEvento" name="informacao2" time="22.031"/>
  <testcase classname="com.timp.test.DFG.SPED.ESocial.Eventos.S1250.S1250ExcluirDadosDoEvento" name="enviarPendencias" time="8.177"/>
  <testcase classname="com.timp.test.DFG.SPED.ESocial.Eventos.S1250.S1250ExcluirDadosDoEvento" name="dfgEntrar" time="15.870"/>
  <testcase classname="com.timp.test.DFG.SPED.ESocial.Eventos.S1250.S1250ExcluirDadosDoEvento" name="visualizar" time="24.683"/>
  <testcase classname="com.timp.test.DFG.SPED.ESocial.Eventos.S1250.S1250ExcluirDadosDoEvento" name="ingresar" time="7.618"/>
  <testcase classname="com.timp.test.DFG.SPED.ESocial.Eventos.S1250.S1250ExcluirDadosDoEvento" name="gravarAN3" time="40.816"/>
  <testcase classname="com.timp.test.DFG.SPED.ESocial.Eventos.S1250.S1250ExcluirDadosDoEvento" name="criarNovoEvento" time="57.194"/>
  <testcase classname="com.timp.test.DFG.SPED.ESocial.Eventos.S1250.S1250ExcluirDadosDoEvento" name="editar" time="41.354"/>
  <testcase classname="com.timp.test.DFG.SPED.ESocial.Eventos.S1250.S1250ExcluirDadosDoEvento" name="enviarSeleccionado" time="8.829"/>
  <testcase classname="com.timp.test.DFG.SPED.ESocial.Eventos.S1250.S1250ExcluirDadosDoEvento" name="gravar" time="9.927"/>
</testsuite> <!-- com.timp.test.DFG.SPED.ESocial.Eventos.S1250.S1250ExcluirDadosDoEvento -->
