<?xml version="1.0" encoding="UTF-8"?>
<!-- Generated by org.testng.reporters.JUnitReportReporter -->
<testsuite hostname="EC2AMAZ-8HCHO4G" failures="0" tests="3" name="com.timp.test.BRB.Formula" time="189.664" errors="0" timestamp="2024-03-08T14:53:05 UTC" skipped="0">
  <testcase classname="com.timp.test.BRB.Formula" name="formulaBoton" time="112.402"/>
  <system-out/>
  <testcase classname="com.timp.test.BRB.Formula" name="aplicar" time="14.440"/>
  <system-out/>
  <testcase classname="com.timp.test.BRB.Formula" name="formulaColuna" time="62.822"/>
  <system-out/>
</testsuite> <!-- com.timp.test.BRB.Formula -->
