<?xml version="1.0" encoding="UTF-8"?>
<!-- Generated by org.testng.reporters.JUnitReportReporter -->
<testsuite hostname="DESKTOP-C57COV6" failures="0" tests="1" name="com.timp.test.MDR.TabelasComplementaresParaObrigaçoesAcessorias.TabelaDeEstoqueParaRegistro12.TabelaDeEstoqueParaRegistro12Editar" time="117.248" errors="0" timestamp="24 jul. 2021 07:40:48 GMT" skipped="0">
  <testcase classname="com.timp.test.MDR.TabelasComplementaresParaObrigaçoesAcessorias.TabelaDeEstoqueParaRegistro12.TabelaDeEstoqueParaRegistro12Editar" name="editar" time="117.248"/>
</testsuite> <!-- com.timp.test.MDR.TabelasComplementaresParaObrigaçoesAcessorias.TabelaDeEstoqueParaRegistro12.TabelaDeEstoqueParaRegistro12Editar -->
