<?xml version="1.0" encoding="UTF-8"?>
<!-- Generated by org.testng.reporters.JUnitReportReporter -->
<testsuite hostname="DESKTOP-M23FVFN" failures="0" tests="1" name="com.timp.test.BRB.NovoRelatorio" time="240.159" errors="0" timestamp="2022-08-12T11:05:07 CST" skipped="0">
  <testcase classname="com.timp.test.BRB.NovoRelatorio" name="novoRelatorio" time="240.159"/>
  <system-out/>
</testsuite> <!-- com.timp.test.BRB.NovoRelatorio -->
