<?xml version="1.0" encoding="UTF-8"?>
<!-- Generated by org.testng.reporters.JUnitReportReporter -->
<testsuite hostname="LitoSoler" name="com.timp.test.BRB.ListaSuspensa" tests="3" failures="0" timestamp="22 Jul 2020 21:10:33 GMT" time="139.531" errors="0">
  <testcase name="listaSuspensa" time="120.066" classname="com.timp.test.BRB.ListaSuspensa"/>
  <testcase name="brbEntrar" time="13.716" classname="com.timp.test.BRB.ListaSuspensa"/>
  <testcase name="login" time="5.749" classname="com.timp.test.BRB.ListaSuspensa"/>
</testsuite> <!-- com.timp.test.BRB.ListaSuspensa -->
