<?xml version="1.0" encoding="UTF-8"?>
<!-- Generated by org.testng.reporters.JUnitReportReporter -->
<testsuite hostname="LAPTOP-IN7IV9K5" failures="0" tests="1" name="com.timp.test.BRE.RegrasDeAuditoriaN4.ParametrosGerais.RegrasDeAuditoriaN4LixeiraEmMassaMaisExcluirEmMassa" time="284.757" errors="0" timestamp="27 mar. 2021 03:54:15 GMT" skipped="0">
  <testcase classname="com.timp.test.BRE.RegrasDeAuditoriaN4.ParametrosGerais.RegrasDeAuditoriaN4LixeiraEmMassaMaisExcluirEmMassa" name="excluirEnMassa" time="284.757"/>
</testsuite> <!-- com.timp.test.BRE.RegrasDeAuditoriaN4.ParametrosGerais.RegrasDeAuditoriaN4LixeiraEmMassaMaisExcluirEmMassa -->
