<?xml version="1.0" encoding="UTF-8"?>
<!-- Generated by org.testng.reporters.JUnitReportReporter -->
<testsuite hostname="EC2AMAZ-8HCHO4G" failures="0" tests="4" name="com.timp.test.ADM.Usuarios.Usuarios.UsuariosTodasFunc" time="257.486" errors="0" timestamp="2023-03-06T17:35:57 UTC" skipped="0">
  <testcase classname="com.timp.test.ADM.Usuarios.Usuarios.UsuariosTodasFunc" name="activar" time="78.675"/>
  <system-out/>
  <testcase classname="com.timp.test.ADM.Usuarios.Usuarios.UsuariosTodasFunc" name="ver" time="44.651"/>
  <system-out/>
  <testcase classname="com.timp.test.ADM.Usuarios.Usuarios.UsuariosTodasFunc" name="Editar" time="84.453"/>
  <system-out/>
  <testcase classname="com.timp.test.ADM.Usuarios.Usuarios.UsuariosTodasFunc" name="filtros" time="49.707"/>
  <system-out/>
</testsuite> <!-- com.timp.test.ADM.Usuarios.Usuarios.UsuariosTodasFunc -->
