<?xml version="1.0" encoding="UTF-8"?>
<!-- Generated by org.testng.reporters.JUnitReportReporter -->
<testsuite hostname="DESKTOP-JP1A9E6" failures="0" tests="1" name="com.timp.test.BRB.ComentarioLibre" time="194.486" errors="0" timestamp="24 ago. 2021 06:08:11 GMT" skipped="0">
  <testcase classname="com.timp.test.BRB.ComentarioLibre" name="comentarioLibre" time="194.486"/>
</testsuite> <!-- com.timp.test.BRB.ComentarioLibre -->
