<?xml version="1.0" encoding="UTF-8"?>
<!-- Generated by org.testng.reporters.JUnitReportReporter -->
<testsuite hostname="CRISTHIAN-VASQUEZ" failures="0" tests="3" name="com.timp.test.BRE.BREGerenciarRegulamentosCriarEditarExcluir" time="65.192" errors="0" timestamp="21 Dec 2020 11:56:08 GMT">
  <testcase classname="com.timp.test.BRE.BREGerenciarRegulamentosCriarEditarExcluir" name="acessarBRE" time="13.380"/>
  <testcase classname="com.timp.test.BRE.BREGerenciarRegulamentosCriarEditarExcluir" name="login" time="10.697"/>
  <testcase classname="com.timp.test.BRE.BREGerenciarRegulamentosCriarEditarExcluir" name="criar" time="41.115"/>
</testsuite> <!-- com.timp.test.BRE.BREGerenciarRegulamentosCriarEditarExcluir -->
