<?xml version="1.0" encoding="UTF-8"?>
<!-- Generated by org.testng.reporters.JUnitReportReporter -->
<testsuite hostname="LitoSoler" name="com.timp.test.MDR.SequenciaAcesso.SequenciaExcluir" tests="3" failures="0" timestamp="20 Aug 2020 01:32:34 GMT" time="109.323" errors="0">
  <testcase name="Excluir" time="64.610" classname="com.timp.test.MDR.SequenciaAcesso.SequenciaExcluir"/>
  <testcase name="acessarMDR" time="37.335" classname="com.timp.test.MDR.SequenciaAcesso.SequenciaExcluir"/>
  <testcase name="login" time="7.378" classname="com.timp.test.MDR.SequenciaAcesso.SequenciaExcluir"/>
</testsuite> <!-- com.timp.test.MDR.SequenciaAcesso.SequenciaExcluir -->
