<?xml version="1.0" encoding="UTF-8"?>
<!-- Generated by org.testng.reporters.JUnitReportReporter -->
<testsuite hostname="DESKTOP-M23FVFN" failures="0" tests="1" name="com.timp.test.MDR.Empresas.EmpresasVisualizar" time="149.737" errors="0" timestamp="24 may. 2022 17:17:28 GMT" skipped="0">
  <testcase classname="com.timp.test.MDR.Empresas.EmpresasVisualizar" name="visualizar" time="149.737"/>
</testsuite> <!-- com.timp.test.MDR.Empresas.EmpresasVisualizar -->
