<?xml version="1.0" encoding="UTF-8"?>
<!-- Generated by org.testng.reporters.JUnitReportReporter -->
<testsuite hostname="DESKTOP-M23FVFN" failures="0" tests="1" name="com.timp.test.ATR.Estruturas.Estruturas.EstruturasDetalles" time="51.285" errors="0" timestamp="19 ene. 2022 14:33:04 GMT" skipped="0">
  <testcase classname="com.timp.test.ATR.Estruturas.Estruturas.EstruturasDetalles" name="visualizar" time="51.285"/>
</testsuite> <!-- com.timp.test.ATR.Estruturas.Estruturas.EstruturasDetalles -->
