<?xml version="1.0" encoding="UTF-8"?>
<!-- Generated by org.testng.reporters.JUnitReportReporter -->
<<<<<<< HEAD
<testsuite hostname="DESKTOP-C57COV6" failures="0" tests="1" name="com.timp.test.MDR.TabelasApoioESocial.Tabela03.NaturezaDasRubricasEditar" time="115.210" errors="0" timestamp="03 ago. 2021 09:25:28 GMT" skipped="0">
  <testcase classname="com.timp.test.MDR.TabelasApoioESocial.Tabela03.NaturezaDasRubricasEditar" name="editar" time="115.210"/>
=======
<testsuite hostname="DESKTOP-JP1A9E6" failures="0" tests="1" name="com.timp.test.MDR.TabelasApoioESocial.Tabela03.NaturezaDasRubricasEditar" time="120.374" errors="0" timestamp="29 jul. 2021 10:05:54 GMT" skipped="0">
  <testcase classname="com.timp.test.MDR.TabelasApoioESocial.Tabela03.NaturezaDasRubricasEditar" name="editar" time="120.374"/>
>>>>>>> branch 'Yessy' of https://github.com/salc1997/TIMP_R1.git
</testsuite> <!-- com.timp.test.MDR.TabelasApoioESocial.Tabela03.NaturezaDasRubricasEditar -->
