<?xml version="1.0" encoding="UTF-8"?>
<!-- Generated by org.testng.reporters.JUnitReportReporter -->
<testsuite hostname="DESKTOP-35UG9UP" name="com.timp.test.BRB.RenomearColuna" tests="3" failures="0" timestamp="1 Oct 2020 14:31:29 GMT" time="90.790" errors="0">
  <testcase name="login" time="11.849" classname="com.timp.test.BRB.RenomearColuna"/>
  <testcase name="renomearColuna" time="54.318" classname="com.timp.test.BRB.RenomearColuna"/>
  <testcase name="brbEntrar" time="24.623" classname="com.timp.test.BRB.RenomearColuna"/>
</testsuite> <!-- com.timp.test.BRB.RenomearColuna -->
