<?xml version="1.0" encoding="UTF-8"?>
<!-- Generated by org.testng.reporters.JUnitReportReporter -->
<testsuite hostname="DESKTOP-5P4F1JE" failures="0" tests="3" name="com.timp.test.TDK.Dashboard.Edicao.DashboardTabelaEditar" time="222.578" errors="0" timestamp="1 Feb 2021 14:31:37 GMT">
  <testcase classname="com.timp.test.TDK.Dashboard.Edicao.DashboardTabelaEditar" name="login" time="9.398"/>
  <testcase classname="com.timp.test.TDK.Dashboard.Edicao.DashboardTabelaEditar" name="linksrapidos" time="187.067"/>
  <testcase classname="com.timp.test.TDK.Dashboard.Edicao.DashboardTabelaEditar" name="acessarTDK" time="26.113"/>
</testsuite> <!-- com.timp.test.TDK.Dashboard.Edicao.DashboardTabelaEditar -->
