<?xml version="1.0" encoding="UTF-8"?>
<!-- Generated by org.testng.reporters.JUnitReportReporter -->
<testsuite hostname="EC2AMAZ-8HCHO4G" failures="0" tests="5" name="com.timp.test.TAA.AtribuiçõesdeRegras.RegraDeCampos.RegraDeCamposTodasAsFunc" time="423.769" errors="0" timestamp="2023-08-21T15:25:27 UTC" skipped="0">
  <testcase classname="com.timp.test.TAA.AtribuiçõesdeRegras.RegraDeCampos.RegraDeCamposTodasAsFunc" name="criar" time="156.577"/>
  <system-out/>
  <testcase classname="com.timp.test.TAA.AtribuiçõesdeRegras.RegraDeCampos.RegraDeCamposTodasAsFunc" name="editar" time="83.404"/>
  <system-out/>
  <testcase classname="com.timp.test.TAA.AtribuiçõesdeRegras.RegraDeCampos.RegraDeCamposTodasAsFunc" name="Detalle" time="78.037"/>
  <system-out/>
  <testcase classname="com.timp.test.TAA.AtribuiçõesdeRegras.RegraDeCampos.RegraDeCamposTodasAsFunc" name="ver" time="76.197"/>
  <system-out/>
  <testcase classname="com.timp.test.TAA.AtribuiçõesdeRegras.RegraDeCampos.RegraDeCamposTodasAsFunc" name="excluir" time="29.554"/>
  <system-out/>
</testsuite> <!-- com.timp.test.TAA.AtribuiçõesdeRegras.RegraDeCampos.RegraDeCamposTodasAsFunc -->
