<?xml version="1.0" encoding="UTF-8"?>
<!-- Generated by org.testng.reporters.JUnitReportReporter -->
<testsuite hostname="LitoSoler" name="com.timp.test.MDR.RegistroDeExportaçao.RegistroDeExportaçaoEditar" tests="3" failures="0" timestamp="6 Dec 2020 17:20:18 GMT" time="224.396" errors="0">
  <testcase name="login" time="7.672" classname="com.timp.test.MDR.RegistroDeExportaçao.RegistroDeExportaçaoEditar"/>
  <testcase name="editar" time="206.202" classname="com.timp.test.MDR.RegistroDeExportaçao.RegistroDeExportaçaoEditar"/>
  <testcase name="acessarMDR" time="10.522" classname="com.timp.test.MDR.RegistroDeExportaçao.RegistroDeExportaçaoEditar"/>
</testsuite> <!-- com.timp.test.MDR.RegistroDeExportaçao.RegistroDeExportaçaoEditar -->
