<?xml version="1.0" encoding="UTF-8"?>
<!-- Generated by org.testng.reporters.JUnitReportReporter -->
<testsuite hostname="LAPTOP-IN7IV9K5" failures="0" tests="1" name="com.timp.test.MDR.CEP.Bairro.BairroFiltros" time="45.938" errors="0" timestamp="24 abr. 2021 02:40:47 GMT" skipped="0">
  <testcase classname="com.timp.test.MDR.CEP.Bairro.BairroFiltros" name="filtro" time="45.938"/>
</testsuite> <!-- com.timp.test.MDR.CEP.Bairro.BairroFiltros -->
