<?xml version="1.0" encoding="UTF-8"?>
<!-- Generated by org.testng.reporters.JUnitReportReporter -->
<testsuite hostname="DESKTOP-C57COV6" failures="0" tests="1" name="com.timp.test.MDR.Siscoserv.PaisMoeda.PaisMoedaCriar" time="97.505" errors="0" timestamp="25 nov. 2021 15:47:00 GMT" skipped="0">
  <testcase classname="com.timp.test.MDR.Siscoserv.PaisMoeda.PaisMoedaCriar" name="criar" time="97.505"/>
</testsuite> <!-- com.timp.test.MDR.Siscoserv.PaisMoeda.PaisMoedaCriar -->
