<?xml version="1.0" encoding="UTF-8"?>
<!-- Generated by org.testng.reporters.JUnitReportReporter -->
<testsuite hostname="DESKTOP-C57COV6" failures="0" tests="2" name="com.timp.test.BRB.ExcluirColuna" time="222.346" errors="0" timestamp="21 jul. 2021 15:57:00 GMT" skipped="0">
  <testcase classname="com.timp.test.BRB.ExcluirColuna" name="excluirColunaDragNDrop" time="150.179"/>
  <testcase classname="com.timp.test.BRB.ExcluirColuna" name="excluirColunaOpcao" time="72.167"/>
</testsuite> <!-- com.timp.test.BRB.ExcluirColuna -->
