<?xml version="1.0" encoding="UTF-8"?>
<!-- Generated by org.testng.reporters.JUnitReportReporter -->
<testsuite hostname="DESKTOP-35UG9UP" name="com.timp.test.MDR.PrecoDeTransferencia.ValoresParaMetodo.ValoresParaMetodoPECEX.ValoresParaMetodoPECEXEditar" tests="3" failures="0" timestamp="7 Oct 2020 20:09:56 GMT" time="135.196" errors="0">
  <testcase name="editar" time="109.825" classname="com.timp.test.MDR.PrecoDeTransferencia.ValoresParaMetodo.ValoresParaMetodoPECEX.ValoresParaMetodoPECEXEditar"/>
  <testcase name="acessarMDR" time="13.246" classname="com.timp.test.MDR.PrecoDeTransferencia.ValoresParaMetodo.ValoresParaMetodoPECEX.ValoresParaMetodoPECEXEditar"/>
  <testcase name="login" time="12.125" classname="com.timp.test.MDR.PrecoDeTransferencia.ValoresParaMetodo.ValoresParaMetodoPECEX.ValoresParaMetodoPECEXEditar"/>
</testsuite> <!-- com.timp.test.MDR.PrecoDeTransferencia.ValoresParaMetodo.ValoresParaMetodoPECEX.ValoresParaMetodoPECEXEditar -->
