<?xml version="1.0" encoding="UTF-8"?>
<!-- Generated by org.testng.reporters.JUnitReportReporter -->
<testsuite hostname="LAPTOP-IN7IV9K5" failures="0" tests="11" name="com.timp.test.BCB.ExecucoesSalvas.HierarquiaConfiguracoesExecucoesSalvas.ExecucoesSalvasHierarquiaConfiguracaoTodasAsFuncionalidades" time="653.937" errors="0" timestamp="19 feb. 2021 05:15:01 GMT" skipped="0">
  <testcase classname="com.timp.test.BCB.ExecucoesSalvas.HierarquiaConfiguracoesExecucoesSalvas.ExecucoesSalvasHierarquiaConfiguracaoTodasAsFuncionalidades" name="login" time="8.346"/>
  <testcase classname="com.timp.test.BCB.ExecucoesSalvas.HierarquiaConfiguracoesExecucoesSalvas.ExecucoesSalvasHierarquiaConfiguracaoTodasAsFuncionalidades" name="brbEntrar" time="16.070"/>
  <testcase classname="com.timp.test.BCB.ExecucoesSalvas.HierarquiaConfiguracoesExecucoesSalvas.ExecucoesSalvasHierarquiaConfiguracaoTodasAsFuncionalidades" name="criarConfiguracaoExecucoes" time="71.489"/>
  <testcase classname="com.timp.test.BCB.ExecucoesSalvas.HierarquiaConfiguracoesExecucoesSalvas.ExecucoesSalvasHierarquiaConfiguracaoTodasAsFuncionalidades" name="criarConfiguracao" time="84.605"/>
  <testcase classname="com.timp.test.BCB.ExecucoesSalvas.HierarquiaConfiguracoesExecucoesSalvas.ExecucoesSalvasHierarquiaConfiguracaoTodasAsFuncionalidades" name="configurarConfiguracao" time="76.710"/>
  <testcase classname="com.timp.test.BCB.ExecucoesSalvas.HierarquiaConfiguracoesExecucoesSalvas.ExecucoesSalvasHierarquiaConfiguracaoTodasAsFuncionalidades" name="executar" time="86.209"/>
  <testcase classname="com.timp.test.BCB.ExecucoesSalvas.HierarquiaConfiguracoesExecucoesSalvas.ExecucoesSalvasHierarquiaConfiguracaoTodasAsFuncionalidades" name="resto" time="84.493"/>
  <testcase classname="com.timp.test.BCB.ExecucoesSalvas.HierarquiaConfiguracoesExecucoesSalvas.ExecucoesSalvasHierarquiaConfiguracaoTodasAsFuncionalidades" name="editar" time="73.458"/>
  <testcase classname="com.timp.test.BCB.ExecucoesSalvas.HierarquiaConfiguracoesExecucoesSalvas.ExecucoesSalvasHierarquiaConfiguracaoTodasAsFuncionalidades" name="excluirExecucoes" time="46.720"/>
  <testcase classname="com.timp.test.BCB.ExecucoesSalvas.HierarquiaConfiguracoesExecucoesSalvas.ExecucoesSalvasHierarquiaConfiguracaoTodasAsFuncionalidades" name="excluirConfiguracoes" time="47.766"/>
  <testcase classname="com.timp.test.BCB.ExecucoesSalvas.HierarquiaConfiguracoesExecucoesSalvas.ExecucoesSalvasHierarquiaConfiguracaoTodasAsFuncionalidades" name="excluirHierarquia" time="58.071"/>
</testsuite> <!-- com.timp.test.BCB.ExecucoesSalvas.HierarquiaConfiguracoesExecucoesSalvas.ExecucoesSalvasHierarquiaConfiguracaoTodasAsFuncionalidades -->
