<?xml version="1.0" encoding="UTF-8"?>
<!-- Generated by org.testng.reporters.JUnitReportReporter -->
<testsuite hostname="DESKTOP-5P4F1JE" failures="0" tests="3" name="com.timp.test.TCC.BancoDeCreditoExtemporaneo.Executados.ExecutadosExcluir" time="69.603" errors="0" timestamp="15 Jan 2021 15:18:37 GMT">
  <testcase classname="com.timp.test.TCC.BancoDeCreditoExtemporaneo.Executados.ExecutadosExcluir" name="acessarTCC" time="24.182"/>
  <testcase classname="com.timp.test.TCC.BancoDeCreditoExtemporaneo.Executados.ExecutadosExcluir" name="excluir" time="33.417"/>
  <testcase classname="com.timp.test.TCC.BancoDeCreditoExtemporaneo.Executados.ExecutadosExcluir" name="login" time="12.004"/>
</testsuite> <!-- com.timp.test.TCC.BancoDeCreditoExtemporaneo.Executados.ExecutadosExcluir -->
