<?xml version="1.0" encoding="UTF-8"?>
<!-- Generated by org.testng.reporters.JUnitReportReporter -->
<testsuite hostname="LAPTOP-IN7IV9K5" failures="0" tests="3" name="com.timp.test.BRE.RegrasDeMensagens.RegraDeMensagensCriar" time="132.954" errors="0" timestamp="15 Feb 2021 22:26:27 GMT">
  <testcase classname="com.timp.test.BRE.RegrasDeMensagens.RegraDeMensagensCriar" name="login" time="8.121"/>
  <testcase classname="com.timp.test.BRE.RegrasDeMensagens.RegraDeMensagensCriar" name="acessarBRE" time="20.553"/>
  <testcase classname="com.timp.test.BRE.RegrasDeMensagens.RegraDeMensagensCriar" name="criar" time="104.280"/>
</testsuite> <!-- com.timp.test.BRE.RegrasDeMensagens.RegraDeMensagensCriar -->
