<?xml version="1.0" encoding="UTF-8"?>
<!-- Generated by org.testng.reporters.JUnitReportReporter -->
<testsuite hostname="CRISTHIAN-VASQUEZ" failures="0" tests="3" name="com.timp.test.TPC.ParâmetrosGeraisDetalhes" time="79.086" errors="0" timestamp="17 Jan 2021 23:22:12 GMT">
  <testcase classname="com.timp.test.TPC.ParâmetrosGeraisDetalhes" name="ingresar" time="9.139"/>
  <testcase classname="com.timp.test.TPC.ParâmetrosGeraisDetalhes" name="ingresarTPC" time="26.545"/>
  <testcase classname="com.timp.test.TPC.ParâmetrosGeraisDetalhes" name="detalhes" time="43.402"/>
</testsuite> <!-- com.timp.test.TPC.ParâmetrosGeraisDetalhes -->
