<?xml version="1.0" encoding="UTF-8"?>
<!-- Generated by org.testng.reporters.JUnitReportReporter -->
<testsuite hostname="CRISTHIAN-VASQUEZ" failures="0" tests="3" name="com.timp.test.TCC.BancoCréditoTributário.PainelPerDcomp.ConfiguraçãodeLayoutdePainelFiltrosAvancados" time="81.119" errors="0" timestamp="13 Jan 2021 14:16:53 GMT">
  <testcase classname="com.timp.test.TCC.BancoCréditoTributário.PainelPerDcomp.ConfiguraçãodeLayoutdePainelFiltrosAvancados" name="filtros" time="51.149"/>
  <testcase classname="com.timp.test.TCC.BancoCréditoTributário.PainelPerDcomp.ConfiguraçãodeLayoutdePainelFiltrosAvancados" name="acessarMDR" time="20.953"/>
  <testcase classname="com.timp.test.TCC.BancoCréditoTributário.PainelPerDcomp.ConfiguraçãodeLayoutdePainelFiltrosAvancados" name="login" time="9.017"/>
</testsuite> <!-- com.timp.test.TCC.BancoCréditoTributário.PainelPerDcomp.ConfiguraçãodeLayoutdePainelFiltrosAvancados -->
