<?xml version="1.0" encoding="UTF-8"?>
<!-- Generated by org.testng.reporters.JUnitReportReporter -->
<testsuite hostname="DESKTOP-M23FVFN" failures="0" tests="1" name="com.timp.test.MDR.Filiais.FiliaisVisualizar" time="100.434" errors="0" timestamp="2023-02-02T20:26:53 BRT" skipped="0">
  <testcase classname="com.timp.test.MDR.Filiais.FiliaisVisualizar" name="visualizar" time="100.434"/>
  <system-out/>
</testsuite> <!-- com.timp.test.MDR.Filiais.FiliaisVisualizar -->
