<?xml version="1.0" encoding="UTF-8"?>
<!-- Generated by org.testng.reporters.JUnitReportReporter -->
<testsuite hostname="Agile" failures="0" tests="1" name="com.timp.test.MDR.TabelaApoioECD.DeXParaContraPartida.DeXParaContraPartidaCriar" time="167.037" errors="0" timestamp="04 mar. 2022 19:07:25 GMT" skipped="0">
  <testcase classname="com.timp.test.MDR.TabelaApoioECD.DeXParaContraPartida.DeXParaContraPartidaCriar" name="criar" time="167.037"/>
</testsuite> <!-- com.timp.test.MDR.TabelaApoioECD.DeXParaContraPartida.DeXParaContraPartidaCriar -->
