<?xml version="1.0" encoding="UTF-8"?>
<!-- Generated by org.testng.reporters.JUnitReportReporter -->
<testsuite hostname="MIGUEL" failures="0" tests="3" name="com.timp.test.TDK.Execucoes.Lixeira.LixeiraExcluirEmMassa" time="75.469" errors="0" timestamp="17 mar. 2021 15:30:51 GMT" skipped="0">
  <testcase classname="com.timp.test.TDK.Execucoes.Lixeira.LixeiraExcluirEmMassa" name="login" time="6.904"/>
  <testcase classname="com.timp.test.TDK.Execucoes.Lixeira.LixeiraExcluirEmMassa" name="acessarTDK" time="28.209"/>
  <testcase classname="com.timp.test.TDK.Execucoes.Lixeira.LixeiraExcluirEmMassa" name="excluirEmMassa" time="40.356"/>
</testsuite> <!-- com.timp.test.TDK.Execucoes.Lixeira.LixeiraExcluirEmMassa -->
