<?xml version="1.0" encoding="UTF-8"?>
<!-- Generated by org.testng.reporters.JUnitReportReporter -->
<testsuite hostname="DESKTOP-C57COV6" failures="0" tests="1" name="com.timp.test.MDR.TabelasApoioSped.DocumentosFiscaisICMS.DocumentosFiscaisICMSCriar" time="352.999" errors="0" timestamp="02 nov. 2021 15:00:54 GMT" skipped="0">
  <testcase classname="com.timp.test.MDR.TabelasApoioSped.DocumentosFiscaisICMS.DocumentosFiscaisICMSCriar" name="criar" time="352.999"/>
</testsuite> <!-- com.timp.test.MDR.TabelasApoioSped.DocumentosFiscaisICMS.DocumentosFiscaisICMSCriar -->
