<?xml version="1.0" encoding="UTF-8"?>
<!-- Generated by org.testng.reporters.JUnitReportReporter -->
<testsuite hostname="EC2AMAZ-8HCHO4G" failures="0" tests="6" name="com.timp.test.BRE.RegrasdeAuditoriaN1.RegrasDeAuditoriaN1TodasFunc" time="1035.889" errors="0" timestamp="2023-03-21T19:11:29 UTC" skipped="0">
  <testcase classname="com.timp.test.BRE.RegrasdeAuditoriaN1.RegrasDeAuditoriaN1TodasFunc" name="criar" time="271.608"/>
  <system-out/>
  <testcase classname="com.timp.test.BRE.RegrasdeAuditoriaN1.RegrasDeAuditoriaN1TodasFunc" name="criarCopia" time="147.358"/>
  <system-out/>
  <testcase classname="com.timp.test.BRE.RegrasdeAuditoriaN1.RegrasDeAuditoriaN1TodasFunc" name="Editar" time="148.359"/>
  <system-out/>
  <testcase classname="com.timp.test.BRE.RegrasdeAuditoriaN1.RegrasDeAuditoriaN1TodasFunc" name="detalhes" time="51.605"/>
  <system-out/>
  <testcase classname="com.timp.test.BRE.RegrasdeAuditoriaN1.RegrasDeAuditoriaN1TodasFunc" name="visualizar" time="70.944"/>
  <system-out/>
  <testcase classname="com.timp.test.BRE.RegrasdeAuditoriaN1.RegrasDeAuditoriaN1TodasFunc" name="Estructura" time="346.015"/>
  <system-out/>
</testsuite> <!-- com.timp.test.BRE.RegrasdeAuditoriaN1.RegrasDeAuditoriaN1TodasFunc -->
