<?xml version="1.0" encoding="UTF-8"?>
<!-- Generated by org.testng.reporters.JUnitReportReporter -->
<testsuite hostname="MIGUEL" failures="0" tests="3" name="com.timp.test.BRE.Lixeira.ParametrosGerais.LixeiraRestaurar" time="57.327" errors="0" timestamp="15 Feb 2021 21:55:03 GMT">
  <testcase classname="com.timp.test.BRE.Lixeira.ParametrosGerais.LixeiraRestaurar" name="login" time="7.821"/>
  <testcase classname="com.timp.test.BRE.Lixeira.ParametrosGerais.LixeiraRestaurar" name="acessarBRE" time="17.056"/>
  <testcase classname="com.timp.test.BRE.Lixeira.ParametrosGerais.LixeiraRestaurar" name="restaurar" time="32.450"/>
</testsuite> <!-- com.timp.test.BRE.Lixeira.ParametrosGerais.LixeiraRestaurar -->
