<?xml version="1.0" encoding="UTF-8"?>
<!-- Generated by org.testng.reporters.JUnitReportReporter -->
<testsuite hostname="LitoSoler" name="com.timp.test.BRB.ValidacaoEstruturas.ConciliacaoCIAP" tests="3" failures="0" timestamp="19 Jan 2021 20:06:59 GMT" time="117.877" errors="0">
  <testcase name="login" time="7.422" classname="com.timp.test.BRB.ValidacaoEstruturas.ConciliacaoCIAP"/>
  <testcase name="brbEntrar" time="27.262" classname="com.timp.test.BRB.ValidacaoEstruturas.ConciliacaoCIAP"/>
  <testcase name="verificar" time="83.193" classname="com.timp.test.BRB.ValidacaoEstruturas.ConciliacaoCIAP"/>
</testsuite> <!-- com.timp.test.BRB.ValidacaoEstruturas.ConciliacaoCIAP -->
