<?xml version="1.0" encoding="UTF-8"?>
<!-- Generated by org.testng.reporters.JUnitReportReporter -->
<testsuite hostname="LAPTOP-IN7IV9K5" failures="0" tests="2" name="com.timp.test.BRE.RegrasDeAuditoriaN4.ParametrosGerais.RegrasdeAuditoriaN4LixeiraExcluirdefinitivamente" time="125.488" errors="0" timestamp="05 mar. 2021 02:13:10 GMT" skipped="0">
  <testcase classname="com.timp.test.BRE.RegrasDeAuditoriaN4.ParametrosGerais.RegrasdeAuditoriaN4LixeiraExcluirdefinitivamente" name="excluirDefinitivo" time="44.553"/>
  <testcase classname="com.timp.test.BRE.RegrasDeAuditoriaN4.ParametrosGerais.RegrasdeAuditoriaN4LixeiraExcluirdefinitivamente" name="lixeira" time="80.935"/>
</testsuite> <!-- com.timp.test.BRE.RegrasDeAuditoriaN4.ParametrosGerais.RegrasdeAuditoriaN4LixeiraExcluirdefinitivamente -->
