<?xml version="1.0" encoding="UTF-8"?>
<!-- Generated by org.testng.reporters.JUnitReportReporter -->
<<<<<<< HEAD
<testsuite hostname="LitoSoler" name="com.timp.test.MDR.IncentivosFiscais.IncentivosFiscaisCriar" tests="3" failures="0" timestamp="25 Jan 2021 20:02:13 GMT" time="95.339" errors="0">
  <testcase name="login" time="6.937" classname="com.timp.test.MDR.IncentivosFiscais.IncentivosFiscaisCriar"/>
  <testcase name="acessarMDR" time="23.847" classname="com.timp.test.MDR.IncentivosFiscais.IncentivosFiscaisCriar"/>
  <testcase name="CriarIncentivosFiscais" time="64.555" classname="com.timp.test.MDR.IncentivosFiscais.IncentivosFiscaisCriar"/>
=======
<testsuite hostname="DESKTOP-BNBDMGT" failures="0" tests="3" name="com.timp.test.MDR.IncentivosFiscais.IncentivosFiscaisCriar" time="131.930" errors="0" timestamp="22 Jan 2021 16:08:40 GMT">
  <testcase classname="com.timp.test.MDR.IncentivosFiscais.IncentivosFiscaisCriar" name="login" time="9.447"/>
  <testcase classname="com.timp.test.MDR.IncentivosFiscais.IncentivosFiscaisCriar" name="CriarIncentivosFiscais" time="106.015"/>
  <testcase classname="com.timp.test.MDR.IncentivosFiscais.IncentivosFiscaisCriar" name="acessarMDR" time="16.468"/>
>>>>>>> refs/remotes/origin/Yessy
</testsuite> <!-- com.timp.test.MDR.IncentivosFiscais.IncentivosFiscaisCriar -->
