<?xml version="1.0" encoding="UTF-8"?>
<!-- Generated by org.testng.reporters.JUnitReportReporter -->
<testsuite hostname="EC2AMAZ-8HCHO4G" failures="0" tests="1" name="com.timp.test.MDR.CodigoContabilizacao.CodigoContabalizacaoDetalhes" time="72.127" errors="0" timestamp="2024-05-27T16:59:23 UTC" skipped="0">
  <testcase classname="com.timp.test.MDR.CodigoContabilizacao.CodigoContabalizacaoDetalhes" name="detalhes" time="72.127"/>
  <system-out/>
</testsuite> <!-- com.timp.test.MDR.CodigoContabilizacao.CodigoContabalizacaoDetalhes -->
