<?xml version="1.0" encoding="UTF-8"?>
<!-- Generated by org.testng.reporters.JUnitReportReporter -->
<testsuite hostname="LitoSoler" name="com.timp.test.MDR.CodigoReceita.CodigoReceitaExcluir" tests="3" failures="0" timestamp="22 Jan 2021 18:39:16 GMT" time="56.786" errors="0">
  <testcase name="acessarMDR" time="16.567" classname="com.timp.test.MDR.CodigoReceita.CodigoReceitaExcluir"/>
  <testcase name="login" time="6.715" classname="com.timp.test.MDR.CodigoReceita.CodigoReceitaExcluir"/>
  <testcase name="excluir" time="33.504" classname="com.timp.test.MDR.CodigoReceita.CodigoReceitaExcluir"/>
</testsuite> <!-- com.timp.test.MDR.CodigoReceita.CodigoReceitaExcluir -->
