<?xml version="1.0" encoding="UTF-8"?>
<!-- Generated by org.testng.reporters.JUnitReportReporter -->
<testsuite hostname="EC2AMAZ-8HCHO4G" failures="0" tests="4" name="com.timp.test.ATR.Estruturas.Estruturas.EstruturasTodasAsFunc" time="4.330" errors="1" timestamp="2024-10-16T17:46:30 UTC" skipped="3">
  <testcase classname="com.timp.test.ATR.Estruturas.Estruturas.EstruturasTodasAsFunc" name="Detalles" time="0.000">
    <skipped/>
  </testcase> <!-- Detalles -->
  <system-out/>
  <testcase classname="com.timp.test.ATR.Estruturas.Estruturas.EstruturasTodasAsFunc" name="beforeClass" time="4.330">
    <error message="Unresolved compilation problems: 
	Duplicate field EstructurasDetallesPO.vers
	Syntax error on token &quot;Invalid Character&quot;, , expected
	Duplicate field EstructurasDetallesPO.descri
	Syntax error on tokens, delete these tokens
	Duplicate field EstructurasDetallesPO.descri
	Syntax error on tokens, delete these tokens
	Duplicate field EstructurasDetallesPO.vers
	Syntax error on token &quot;Invalid Character&quot;, , expected
	Syntax error on token &quot;Invalid Character&quot;, ; expected
	o cannot be resolved to a variable
	Syntax error on token &quot;Invalid Character&quot;, ; expected
	o cannot be resolved
	Syntax error on tokens, delete these tokens
	Syntax error on tokens, delete these tokens
	Syntax error on token &quot;Invalid Character&quot;, invalid AssignmentOperator
	nomedescri cannot be resolved to a variable
	Syntax error on tokens, delete these tokens
	Syntax error on tokens, delete these tokens
	Syntax error on tokens, delete these tokens
	Duplicate local variable nomevers
	Syntax error on token &quot;Invalid Character&quot;, ; expected
	Type mismatch: cannot convert from WebElement to String
	Syntax error on token &quot;Invalid Character&quot;, ; expected
	oTabla cannot be resolved
	nomedescri cannot be resolved to a variable
	Syntax error on tokens, delete these tokens
	Syntax error on token &quot;Invalid Character&quot;, invalid AssignmentOperator
	The method add(Boolean) in the type ArrayList&lt;Boolean&gt; is not applicable for the arguments (String)
	Syntax error on token &quot;Invalid Character&quot;, invalid AssignmentOperator
	Type mismatch: cannot convert from boolean to String
	Syntax error on token &quot;Invalid Character&quot;, invalid AssignmentOperator
	nomedescri cannot be resolved
	Syntax error on tokens, delete these tokens
	nomedescri cannot be resolved to a variable
	Syntax error on tokens, delete these tokens
" type="java.lang.Error">
      <![CDATA[java.lang.Error: Unresolved compilation problems: 
Duplicate field EstructurasDetallesPO.vers
Syntax error on token "Invalid Character", , expected
Duplicate field EstructurasDetallesPO.descri
Syntax error on tokens, delete these tokens
Duplicate field EstructurasDetallesPO.descri
Syntax error on tokens, delete these tokens
Duplicate field EstructurasDetallesPO.vers
Syntax error on token "Invalid Character", , expected
Syntax error on token "Invalid Character", ; expected
o cannot be resolved to a variable
Syntax error on token "Invalid Character", ; expected
o cannot be resolved
Syntax error on tokens, delete these tokens
Syntax error on tokens, delete these tokens
Syntax error on token "Invalid Character", invalid AssignmentOperator
nomedescri cannot be resolved to a variable
Syntax error on tokens, delete these tokens
Syntax error on tokens, delete these tokens
Syntax error on tokens, delete these tokens
Duplicate local variable nomevers
Syntax error on token "Invalid Character", ; expected
Type mismatch: cannot convert from WebElement to String
Syntax error on token "Invalid Character", ; expected
oTabla cannot be resolved
nomedescri cannot be resolved to a variable
Syntax error on tokens, delete these tokens
Syntax error on token "Invalid Character", invalid AssignmentOperator
The method add(Boolean) in the type ArrayList<Boolean> is not applicable for the arguments (String)
Syntax error on token "Invalid Character", invalid AssignmentOperator
Type mismatch: cannot convert from boolean to String
Syntax error on token "Invalid Character", invalid AssignmentOperator
nomedescri cannot be resolved
Syntax error on tokens, delete these tokens
nomedescri cannot be resolved to a variable
Syntax error on tokens, delete these tokens

at com.sap.timp.pageObjectModel.ATR.Estruturas.Estruturas.EstructurasDetallesPO.<init>(EstructurasDetallesPO.java:20)
at com.timp.test.ATR.Estruturas.Estruturas.EstruturasTodasAsFunc.beforeClass(EstruturasTodasAsFunc.java:42)
at java.base/jdk.internal.reflect.NativeMethodAccessorImpl.invoke0(Native Method)
at java.base/jdk.internal.reflect.NativeMethodAccessorImpl.invoke(NativeMethodAccessorImpl.java:77)
at java.base/jdk.internal.reflect.DelegatingMethodAccessorImpl.invoke(DelegatingMethodAccessorImpl.java:43)
at java.base/java.lang.reflect.Method.invoke(Method.java:568)
at org.testng.internal.MethodInvocationHelper.invokeMethod(MethodInvocationHelper.java:133)
at org.testng.internal.MethodInvocationHelper.invokeMethodConsideringTimeout(MethodInvocationHelper.java:62)
at org.testng.internal.ConfigInvoker.invokeConfigurationMethod(ConfigInvoker.java:385)
at org.testng.internal.ConfigInvoker.invokeConfigurations(ConfigInvoker.java:321)
at org.testng.internal.TestMethodWorker.invokeBeforeClassMethods(TestMethodWorker.java:176)
at org.testng.internal.TestMethodWorker.run(TestMethodWorker.java:122)
at java.base/java.util.ArrayList.forEach(ArrayList.java:1511)
at org.testng.TestRunner.privateRun(TestRunner.java:794)
at org.testng.TestRunner.run(TestRunner.java:596)
at org.testng.SuiteRunner.runTest(SuiteRunner.java:377)
at org.testng.SuiteRunner.runSequentially(SuiteRunner.java:371)
at org.testng.SuiteRunner.privateRun(SuiteRunner.java:332)
at org.testng.SuiteRunner.run(SuiteRunner.java:276)
at org.testng.SuiteRunnerWorker.runSuite(SuiteRunnerWorker.java:53)
at org.testng.SuiteRunnerWorker.run(SuiteRunnerWorker.java:96)
at org.testng.TestNG.runSuitesSequentially(TestNG.java:1212)
at org.testng.TestNG.runSuitesLocally(TestNG.java:1134)
at org.testng.TestNG.runSuites(TestNG.java:1063)
at org.testng.TestNG.run(TestNG.java:1031)
at org.testng.remote.AbstractRemoteTestNG.run(AbstractRemoteTestNG.java:115)
at org.testng.remote.RemoteTestNG.initAndRun(RemoteTestNG.java:251)
at org.testng.remote.RemoteTestNG.main(RemoteTestNG.java:77)
]]>
    </error>
  </testcase> <!-- beforeClass -->
  <system-out/>
  <testcase classname="com.timp.test.ATR.Estruturas.Estruturas.EstruturasTodasAsFunc" name="visualizarFiltros" time="0.000">
    <skipped/>
  </testcase> <!-- visualizarFiltros -->
  <system-out/>
  <testcase classname="com.timp.test.ATR.Estruturas.Estruturas.EstruturasTodasAsFunc" name="visualizar" time="0.000">
    <skipped/>
  </testcase> <!-- visualizar -->
  <system-out/>
</testsuite> <!-- com.timp.test.ATR.Estruturas.Estruturas.EstruturasTodasAsFunc -->
