<?xml version="1.0" encoding="UTF-8"?>
<!-- Generated by org.testng.reporters.JUnitReportReporter -->
<testsuite hostname="CRISTHIAN-VASQUEZ" failures="0" tests="3" name="com.timp.test.TDK.Kpis.Edicao.KpisPúblicosEdiçãoExecutar" time="140.038" errors="0" timestamp="31 Jan 2021 22:41:52 GMT">
  <testcase classname="com.timp.test.TDK.Kpis.Edicao.KpisPúblicosEdiçãoExecutar" name="acessarTDK" time="51.339"/>
  <testcase classname="com.timp.test.TDK.Kpis.Edicao.KpisPúblicosEdiçãoExecutar" name="login" time="11.526"/>
  <testcase classname="com.timp.test.TDK.Kpis.Edicao.KpisPúblicosEdiçãoExecutar" name="executar" time="77.173"/>
</testsuite> <!-- com.timp.test.TDK.Kpis.Edicao.KpisPúblicosEdiçãoExecutar -->
