<?xml version="1.0" encoding="UTF-8"?>
<!-- Generated by org.testng.reporters.JUnitReportReporter -->
<testsuite hostname="Agile" failures="0" tests="1" name="com.timp.test.MDR.TabelasApoioESocial.Tabela21.NaturezaJuridicaEditar" time="98.517" errors="0" timestamp="06 ene. 2022 08:56:20 GMT" skipped="0">
  <testcase classname="com.timp.test.MDR.TabelasApoioESocial.Tabela21.NaturezaJuridicaEditar" name="editar" time="98.517"/>
</testsuite> <!-- com.timp.test.MDR.TabelasApoioESocial.Tabela21.NaturezaJuridicaEditar -->
