<?xml version="1.0" encoding="UTF-8"?>
<!-- Generated by org.testng.reporters.JUnitReportReporter -->
<testsuite hostname="DESKTOP-JP1A9E6" failures="0" tests="1" name="com.timp.test.BRB.EditarRelatorio" time="88.393" errors="0" timestamp="01 jun. 2021 00:52:00 GMT" skipped="0">
  <testcase classname="com.timp.test.BRB.EditarRelatorio" name="editar" time="88.393"/>
</testsuite> <!-- com.timp.test.BRB.EditarRelatorio -->
