<?xml version="1.0" encoding="UTF-8"?>
<!-- Generated by org.testng.reporters.JUnitReportReporter -->
<testsuite hostname="EC2AMAZ-8HCHO4G" failures="0" tests="2" name="com.timp.test.BRB.FiltroColunas" time="181.095" errors="0" timestamp="2024-10-17T00:57:44 UTC" skipped="0">
  <testcase classname="com.timp.test.BRB.FiltroColunas" name="filtroConFerramenta1" time="153.905"/>
  <system-out/>
  <testcase classname="com.timp.test.BRB.FiltroColunas" name="filtroConFerramenta2" time="27.190"/>
  <system-out/>
</testsuite> <!-- com.timp.test.BRB.FiltroColunas -->
