<?xml version="1.0" encoding="UTF-8"?>
<!-- Generated by org.testng.reporters.JUnitReportReporter -->
<testsuite hostname="DESKTOP-5P4F1JE" failures="0" tests="3" name="com.timp.test.TDK.Kpis.KpisCriar" time="100.901" errors="0" timestamp="22 Jan 2021 18:29:13 GMT">
  <testcase classname="com.timp.test.TDK.Kpis.KpisCriar" name="login" time="8.265"/>
  <testcase classname="com.timp.test.TDK.Kpis.KpisCriar" name="acessarTDK" time="24.543"/>
  <testcase classname="com.timp.test.TDK.Kpis.KpisCriar" name="criar" time="68.093"/>
</testsuite> <!-- com.timp.test.TDK.Kpis.KpisCriar -->
