<?xml version="1.0" encoding="UTF-8"?>
<!-- Generated by org.testng.reporters.JUnitReportReporter -->
<testsuite hostname="DESKTOP-C57COV6" failures="0" tests="1" name="com.timp.test.MDR.ControleDeCreditoTributario.UtilizacaoDosCreditosEmPeriodoAnterior.UtilizacaoDosCreditosEmPeriodoAnteriorEditar" time="108.820" errors="0" timestamp="10 ago. 2021 10:24:32 GMT" skipped="0">
  <testcase classname="com.timp.test.MDR.ControleDeCreditoTributario.UtilizacaoDosCreditosEmPeriodoAnterior.UtilizacaoDosCreditosEmPeriodoAnteriorEditar" name="editar" time="108.820"/>
</testsuite> <!-- com.timp.test.MDR.ControleDeCreditoTributario.UtilizacaoDosCreditosEmPeriodoAnterior.UtilizacaoDosCreditosEmPeriodoAnteriorEditar -->
