<?xml version="1.0" encoding="UTF-8"?>
<!-- Generated by org.testng.reporters.JUnitReportReporter -->
<testsuite hostname="EC2AMAZ-8HCHO4G" failures="0" tests="2" name="com.timp.test.BRB.ExcluirColuna" time="210.940" errors="0" timestamp="2023-04-14T19:26:00 UTC" skipped="0">
  <testcase classname="com.timp.test.BRB.ExcluirColuna" name="excluirColunaDragNDrop" time="132.332"/>
  <system-out/>
  <testcase classname="com.timp.test.BRB.ExcluirColuna" name="excluirColunaOpcao" time="78.608"/>
  <system-out/>
</testsuite> <!-- com.timp.test.BRB.ExcluirColuna -->
