<?xml version="1.0" encoding="UTF-8"?>
<!-- Generated by org.testng.reporters.JUnitReportReporter -->
<testsuite hostname="EC2AMAZ-8HCHO4G" failures="0" tests="4" name="com.timp.test.BRB.PublicoEPrivado" time="203.742" errors="0" timestamp="2023-07-17T15:42:55 UTC" skipped="0">
  <testcase classname="com.timp.test.BRB.PublicoEPrivado" name="publicoYPRivado" time="86.135"/>
  <system-out/>
  <testcase classname="com.timp.test.BRB.PublicoEPrivado" name="PrivadoEditor" time="49.711"/>
  <system-out/>
  <testcase classname="com.timp.test.BRB.PublicoEPrivado" name="PublicoBiblioteca" time="36.559"/>
  <system-out/>
  <testcase classname="com.timp.test.BRB.PublicoEPrivado" name="PrivadoBiblioteca" time="31.337"/>
  <system-out/>
</testsuite> <!-- com.timp.test.BRB.PublicoEPrivado -->
