<?xml version="1.0" encoding="UTF-8"?>
<!-- Generated by org.testng.reporters.JUnitReportReporter -->
<testsuite hostname="DESKTOP-M23FVFN" failures="0" tests="1" name="com.timp.test.BRE.RegrasDeEscrituração.ParametrosGerais.RegrasDeEscrituracaoExcluir" time="183.449" errors="0" timestamp="2022-08-25T18:01:11 CST" skipped="0">
  <testcase classname="com.timp.test.BRE.RegrasDeEscrituração.ParametrosGerais.RegrasDeEscrituracaoExcluir" name="excluir" time="183.449"/>
  <system-out/>
</testsuite> <!-- com.timp.test.BRE.RegrasDeEscrituração.ParametrosGerais.RegrasDeEscrituracaoExcluir -->
