<?xml version="1.0" encoding="UTF-8"?>
<!-- Generated by org.testng.reporters.JUnitReportReporter -->
<testsuite hostname="DESKTOP-M23FVFN" failures="0" tests="1" name="com.timp.test.MDR.Filiais.FiliaisVisualizar" time="95.483" errors="0" timestamp="08 mar. 2022 17:50:01 GMT" skipped="0">
  <testcase classname="com.timp.test.MDR.Filiais.FiliaisVisualizar" name="visualizar" time="95.483"/>
</testsuite> <!-- com.timp.test.MDR.Filiais.FiliaisVisualizar -->
