<?xml version="1.0" encoding="UTF-8"?>
<!-- Generated by org.testng.reporters.JUnitReportReporter -->
<testsuite hostname="CRISTHIAN-VASQUEZ" failures="0" tests="4" name="com.timp.test.DFG.Leiautes.Execucao.LeiautesExecucacoFuncionalidades4Pt2" time="147.619" errors="0" timestamp="6 Feb 2021 12:48:44 GMT">
  <testcase classname="com.timp.test.DFG.Leiautes.Execucao.LeiautesExecucacoFuncionalidades4Pt2" name="campoFixoManual" time="31.933"/>
  <testcase classname="com.timp.test.DFG.Leiautes.Execucao.LeiautesExecucacoFuncionalidades4Pt2" name="ingresar" time="7.016"/>
  <testcase classname="com.timp.test.DFG.Leiautes.Execucao.LeiautesExecucacoFuncionalidades4Pt2" name="campoFixo" time="89.644"/>
  <testcase classname="com.timp.test.DFG.Leiautes.Execucao.LeiautesExecucacoFuncionalidades4Pt2" name="mdrEntrar" time="19.026"/>
</testsuite> <!-- com.timp.test.DFG.Leiautes.Execucao.LeiautesExecucacoFuncionalidades4Pt2 -->
