<?xml version="1.0" encoding="UTF-8"?>
<!-- Generated by org.testng.reporters.JUnitReportReporter -->
<testsuite hostname="DESKTOP-JP1A9E6" failures="0" tests="3" name="com.timp.test.DFG.Configuracoes.ConfiguracoesVisualizar" time="135.971" errors="0" timestamp="31 ago. 2021 15:32:17 GMT" skipped="0">
  <testcase classname="com.timp.test.DFG.Configuracoes.ConfiguracoesVisualizar" name="ingresar" time="9.957"/>
  <testcase classname="com.timp.test.DFG.Configuracoes.ConfiguracoesVisualizar" name="mdrEntrar" time="21.760"/>
  <testcase classname="com.timp.test.DFG.Configuracoes.ConfiguracoesVisualizar" name="criar" time="104.254"/>
</testsuite> <!-- com.timp.test.DFG.Configuracoes.ConfiguracoesVisualizar -->
