<?xml version="1.0" encoding="UTF-8"?>
<!-- Generated by org.testng.reporters.JUnitReportReporter -->
<testsuite hostname="SALC-PC" failures="0" tests="1" name="com.timp.test.BRB.EditarRelatorio" time="97.826" errors="0" timestamp="2023-08-21T13:29:35 CST" skipped="0">
  <testcase classname="com.timp.test.BRB.EditarRelatorio" name="editar" time="97.826"/>
  <system-out/>
</testsuite> <!-- com.timp.test.BRB.EditarRelatorio -->
