<?xml version="1.0" encoding="UTF-8"?>
<!-- Generated by org.testng.reporters.JUnitReportReporter -->
<testsuite hostname="MIGUEL" failures="0" tests="3" name="com.timp.test.TDK.Kpis.MeusRelatoriosKpis.MeusFavoritos.KpisMeusFavoritosFiltroPorID" time="65.600" errors="0" timestamp="22 mar. 2021 01:31:43 GMT" skipped="0">
  <testcase classname="com.timp.test.TDK.Kpis.MeusRelatoriosKpis.MeusFavoritos.KpisMeusFavoritosFiltroPorID" name="login" time="7.922"/>
  <testcase classname="com.timp.test.TDK.Kpis.MeusRelatoriosKpis.MeusFavoritos.KpisMeusFavoritosFiltroPorID" name="acessarTDK" time="23.117"/>
  <testcase classname="com.timp.test.TDK.Kpis.MeusRelatoriosKpis.MeusFavoritos.KpisMeusFavoritosFiltroPorID" name="filtro" time="34.561"/>
</testsuite> <!-- com.timp.test.TDK.Kpis.MeusRelatoriosKpis.MeusFavoritos.KpisMeusFavoritosFiltroPorID -->
