<?xml version="1.0" encoding="UTF-8"?>
<!-- Generated by org.testng.reporters.JUnitReportReporter -->
<testsuite hostname="DESKTOP-35UG9UP" name="com.timp.test.MDR.DetalheTipoTributo.DetalheVisualizar" tests="3" failures="0" timestamp="2 Sep 2020 13:39:33 GMT" time="142.423" errors="0">
  <testcase name="acessarMDR" time="38.061" classname="com.timp.test.MDR.DetalheTipoTributo.DetalheVisualizar"/>
  <testcase name="visualizar" time="93.974" classname="com.timp.test.MDR.DetalheTipoTributo.DetalheVisualizar"/>
  <testcase name="login" time="10.388" classname="com.timp.test.MDR.DetalheTipoTributo.DetalheVisualizar"/>
</testsuite> <!-- com.timp.test.MDR.DetalheTipoTributo.DetalheVisualizar -->
