<?xml version="1.0" encoding="UTF-8"?>
<!-- Generated by org.testng.reporters.JUnitReportReporter -->
<testsuite hostname="LitoSoler" name="com.timp.test.MDR.CenariosCorrecao.CenariosCorrecaoCriar" tests="3" failures="0" timestamp="7 Aug 2020 16:53:45 GMT" time="97.928" errors="0">
  <testcase name="cenariosCorrecaoCriar" time="80.682" classname="com.timp.test.MDR.CenariosCorrecao.CenariosCorrecaoCriar"/>
  <testcase name="acessarMDR" time="9.738" classname="com.timp.test.MDR.CenariosCorrecao.CenariosCorrecaoCriar"/>
  <testcase name="login" time="7.508" classname="com.timp.test.MDR.CenariosCorrecao.CenariosCorrecaoCriar"/>
</testsuite> <!-- com.timp.test.MDR.CenariosCorrecao.CenariosCorrecaoCriar -->
