<?xml version="1.0" encoding="UTF-8"?>
<!-- Generated by org.testng.reporters.JUnitReportReporter -->
<testsuite hostname="DESKTOP-5P4F1JE" failures="0" tests="3" name="com.timp.test.TDK.Kpis.Edicao.KpisCartaoIndicador" time="148.084" errors="0" timestamp="18 Jan 2021 14:53:31 GMT">
  <testcase classname="com.timp.test.TDK.Kpis.Edicao.KpisCartaoIndicador" name="login" time="9.869"/>
  <testcase classname="com.timp.test.TDK.Kpis.Edicao.KpisCartaoIndicador" name="criar" time="112.677"/>
  <testcase classname="com.timp.test.TDK.Kpis.Edicao.KpisCartaoIndicador" name="acessarTDK" time="25.538"/>
</testsuite> <!-- com.timp.test.TDK.Kpis.Edicao.KpisCartaoIndicador -->
