<?xml version="1.0" encoding="UTF-8"?>
<!-- Generated by org.testng.reporters.JUnitReportReporter -->
<testsuite hostname="LitoSoler" name="com.timp.test.MDR.CadastroDerex.InstituicaoFinanceira.InstituicaoCriar" tests="3" failures="0" timestamp="23 Jul 2020 19:56:48 GMT" time="67.307" errors="0">
  <testcase name="acessarMDR" time="6.682" classname="com.timp.test.MDR.CadastroDerex.InstituicaoFinanceira.InstituicaoCriar"/>
  <testcase name="visualizar" time="55.198" classname="com.timp.test.MDR.CadastroDerex.InstituicaoFinanceira.InstituicaoCriar"/>
  <testcase name="login" time="5.427" classname="com.timp.test.MDR.CadastroDerex.InstituicaoFinanceira.InstituicaoCriar"/>
</testsuite> <!-- com.timp.test.MDR.CadastroDerex.InstituicaoFinanceira.InstituicaoCriar -->
