<?xml version="1.0" encoding="UTF-8"?>
<!-- Generated by org.testng.reporters.JUnitReportReporter -->
<testsuite hostname="EC2AMAZ-8HCHO4G" failures="0" tests="1" name="com.timp.test.TDK.Kpis.Raiz.KpisRaizFiltroPorId" time="66.140" errors="0" timestamp="2024-01-22T18:56:11 UTC" skipped="0">
  <testcase classname="com.timp.test.TDK.Kpis.Raiz.KpisRaizFiltroPorId" name="filtro" time="66.140"/>
  <system-out/>
</testsuite> <!-- com.timp.test.TDK.Kpis.Raiz.KpisRaizFiltroPorId -->
