<?xml version="1.0" encoding="UTF-8"?>
<!-- Generated by org.testng.reporters.JUnitReportReporter -->
<testsuite hostname="DESKTOP-BNBDMGT" failures="0" tests="3" name="com.timp.test.BRE.TabelasExternas.TabelasExternasEditar" time="67.137" errors="0" timestamp="15 Feb 2021 21:24:39 GMT">
  <testcase classname="com.timp.test.BRE.TabelasExternas.TabelasExternasEditar" name="login" time="6.911"/>
  <testcase classname="com.timp.test.BRE.TabelasExternas.TabelasExternasEditar" name="acessarBRE" time="15.054"/>
  <testcase classname="com.timp.test.BRE.TabelasExternas.TabelasExternasEditar" name="Editar" time="45.172"/>
</testsuite> <!-- com.timp.test.BRE.TabelasExternas.TabelasExternasEditar -->
