<?xml version="1.0" encoding="UTF-8"?>
<!-- Generated by org.testng.reporters.JUnitReportReporter -->
<testsuite hostname="DESKTOP-C57COV6" failures="0" tests="2" name="com.timp.test.BRB.GruposAvancados" time="377.886" errors="0" timestamp="24 may. 2021 22:50:53 GMT" skipped="0">
  <testcase classname="com.timp.test.BRB.GruposAvancados" name="gruposAvanzados" time="326.995"/>
  <testcase classname="com.timp.test.BRB.GruposAvancados" name="eliminarGrupos" time="50.891"/>
</testsuite> <!-- com.timp.test.BRB.GruposAvancados -->
