<?xml version="1.0" encoding="UTF-8"?>
<!-- Generated by org.testng.reporters.JUnitReportReporter -->
<testsuite hostname="MIGUEL" failures="0" tests="1" name="com.timp.test.BRE.CalculoDeTributos.Edicao.CálculodeTributosEdiçãoEstruturas" time="328.865" errors="0" timestamp="26 mar. 2021 21:48:14 GMT" skipped="0">
  <testcase classname="com.timp.test.BRE.CalculoDeTributos.Edicao.CálculodeTributosEdiçãoEstruturas" name="editar" time="328.865"/>
</testsuite> <!-- com.timp.test.BRE.CalculoDeTributos.Edicao.CálculodeTributosEdiçãoEstruturas -->
