<?xml version="1.0" encoding="UTF-8"?>
<!-- Generated by org.testng.reporters.JUnitReportReporter -->
<testsuite hostname="EC2AMAZ-8HCHO4G" failures="0" tests="1" name="com.timp.test.MDR.DeterminacaoAutomaticaDeGuias.DeterminacaoAutomaticaDeGuiasExcluir" time="149.052" errors="0" timestamp="2023-05-18T21:13:30 UTC" skipped="0">
  <testcase classname="com.timp.test.MDR.DeterminacaoAutomaticaDeGuias.DeterminacaoAutomaticaDeGuiasExcluir" name="excluir" time="149.052"/>
  <system-out/>
</testsuite> <!-- com.timp.test.MDR.DeterminacaoAutomaticaDeGuias.DeterminacaoAutomaticaDeGuiasExcluir -->
