<?xml version="1.0" encoding="UTF-8"?>
<!-- Generated by org.testng.reporters.JUnitReportReporter -->
<testsuite hostname="LitoSoler" name="com.timp.test.MDR.SCANC.MovimentoSCANC.MovimentoSCANCEditar" tests="3" failures="0" timestamp="4 Sep 2020 17:36:02 GMT" time="179.653" errors="0">
  <testcase name="acessarMDR" time="78.721" classname="com.timp.test.MDR.SCANC.MovimentoSCANC.MovimentoSCANCEditar"/>
  <testcase name="login" time="18.762" classname="com.timp.test.MDR.SCANC.MovimentoSCANC.MovimentoSCANCEditar"/>
  <testcase name="criar" time="82.170" classname="com.timp.test.MDR.SCANC.MovimentoSCANC.MovimentoSCANCEditar"/>
</testsuite> <!-- com.timp.test.MDR.SCANC.MovimentoSCANC.MovimentoSCANCEditar -->
