<?xml version="1.0" encoding="UTF-8"?>
<!-- Generated by org.testng.reporters.JUnitReportReporter -->
<testsuite hostname="DESKTOP-JP1A9E6" failures="0" tests="1" name="com.timp.test.TFP.Configurações.Configurações.Subperíodo.SubperíodoFiltroID" time="60.796" errors="0" timestamp="23 sep. 2021 23:57:20 GMT" skipped="0">
  <testcase classname="com.timp.test.TFP.Configurações.Configurações.Subperíodo.SubperíodoFiltroID" name="Filtro" time="60.796"/>
</testsuite> <!-- com.timp.test.TFP.Configurações.Configurações.Subperíodo.SubperíodoFiltroID -->
