<?xml version="1.0" encoding="UTF-8"?>
<!-- Generated by org.testng.reporters.JUnitReportReporter -->
<testsuite hostname="MassielV" failures="0" tests="1" name="com.timp.test.ADM.Configuração.ConfiguraçãoTributo.ConfiguraçãodeTributoXTributoGrupo.ConfiguraçãodeTributoXTributoGrupoEditar" time="89.848" errors="0" timestamp="05 nov. 2021 15:19:12 GMT" skipped="0">
  <testcase classname="com.timp.test.ADM.Configuração.ConfiguraçãoTributo.ConfiguraçãodeTributoXTributoGrupo.ConfiguraçãodeTributoXTributoGrupoEditar" name="Editar" time="89.848"/>
</testsuite> <!-- com.timp.test.ADM.Configuração.ConfiguraçãoTributo.ConfiguraçãodeTributoXTributoGrupo.ConfiguraçãodeTributoXTributoGrupoEditar -->
