<?xml version="1.0" encoding="UTF-8"?>
<!-- Generated by org.testng.reporters.JUnitReportReporter -->
<testsuite hostname="LitoSoler" name="com.timp.test.MDR.Ajustes.CodigosAjustes.CodigosAjustesExcluir" tests="3" failures="0" timestamp="19 Jan 2021 05:30:23 GMT" time="101.914" errors="0">
  <testcase name="login" time="9.286" classname="com.timp.test.MDR.Ajustes.CodigosAjustes.CodigosAjustesExcluir"/>
  <testcase name="excluir" time="65.467" classname="com.timp.test.MDR.Ajustes.CodigosAjustes.CodigosAjustesExcluir"/>
  <testcase name="acessarMDR" time="27.161" classname="com.timp.test.MDR.Ajustes.CodigosAjustes.CodigosAjustesExcluir"/>
</testsuite> <!-- com.timp.test.MDR.Ajustes.CodigosAjustes.CodigosAjustesExcluir -->
