<?xml version="1.0" encoding="UTF-8"?>
<!-- Generated by org.testng.reporters.JUnitReportReporter -->
<testsuite hostname="MIGUEL" failures="0" tests="1" name="com.timp.test.MDR.TabelasApoioESocial.Tabela19.MotivodeDesligamentoDetalhe" time="65.205" errors="0" timestamp="15 mar. 2021 14:19:31 GMT" skipped="0">
  <testcase classname="com.timp.test.MDR.TabelasApoioESocial.Tabela19.MotivodeDesligamentoDetalhe" name="detalhe" time="65.205"/>
</testsuite> <!-- com.timp.test.MDR.TabelasApoioESocial.Tabela19.MotivodeDesligamentoDetalhe -->
