<?xml version="1.0" encoding="UTF-8"?>
<!-- Generated by org.testng.reporters.JUnitReportReporter -->
<testsuite hostname="DESKTOP-BNBDMGT" failures="0" tests="3" name="com.timp.test.MDR.RegistroECAC.RegistroECACCriar" time="93.832" errors="0" timestamp="30 Oct 2020 01:37:19 GMT">
  <testcase classname="com.timp.test.MDR.RegistroECAC.RegistroECACCriar" name="criar" time="65.354"/>
  <testcase classname="com.timp.test.MDR.RegistroECAC.RegistroECACCriar" name="login" time="6.700"/>
  <testcase classname="com.timp.test.MDR.RegistroECAC.RegistroECACCriar" name="acessarMDR" time="21.778"/>
</testsuite> <!-- com.timp.test.MDR.RegistroECAC.RegistroECACCriar -->
