<?xml version="1.0" encoding="UTF-8"?>
<!-- Generated by org.testng.reporters.JUnitReportReporter -->
<testsuite hostname="DESKTOP-C57COV6" failures="0" tests="1" name="com.timp.test.MDR.CEP.Bairro.BairroDetalhes" time="88.710" errors="0" timestamp="06 nov. 2021 07:43:24 GMT" skipped="0">
  <testcase classname="com.timp.test.MDR.CEP.Bairro.BairroDetalhes" name="visualizar" time="88.710"/>
</testsuite> <!-- com.timp.test.MDR.CEP.Bairro.BairroDetalhes -->
