<?xml version="1.0" encoding="UTF-8"?>
<!-- Generated by org.testng.reporters.JUnitReportReporter -->
<testsuite hostname="Agile" failures="0" tests="1" name="com.timp.test.BRB.AtivarComentario" time="112.171" errors="0" timestamp="28 feb. 2022 08:17:47 GMT" skipped="0">
  <testcase classname="com.timp.test.BRB.AtivarComentario" name="ativarComentarios" time="112.171"/>
</testsuite> <!-- com.timp.test.BRB.AtivarComentario -->
