<?xml version="1.0" encoding="UTF-8"?>
<!-- Generated by org.testng.reporters.JUnitReportReporter -->
<testsuite hostname="DESKTOP-JP1A9E6" failures="0" tests="2" name="com.timp.test.MDR.IncentivosFiscais.IncentivosFiscaisExcluirEmMassa" time="302.510" errors="0" timestamp="25 ago. 2021 07:00:04 GMT" skipped="0">
  <testcase classname="com.timp.test.MDR.IncentivosFiscais.IncentivosFiscaisExcluirEmMassa" name="excluirEmMassa" time="40.636"/>
  <testcase classname="com.timp.test.MDR.IncentivosFiscais.IncentivosFiscaisExcluirEmMassa" name="criar" time="261.874"/>
</testsuite> <!-- com.timp.test.MDR.IncentivosFiscais.IncentivosFiscaisExcluirEmMassa -->
