<?xml version="1.0" encoding="UTF-8"?>
<!-- Generated by org.testng.reporters.JUnitReportReporter -->
<testsuite hostname="DESKTOP-BNBDMGT" failures="0" tests="1" name="com.timp.test.MDR.ParametrosParaCategoriaDeIRF.ParametrosParaCategoriaDeIRFVisualizar" time="30.516" errors="0" timestamp="29 mar. 2021 23:49:35 GMT" skipped="0">
  <testcase classname="com.timp.test.MDR.ParametrosParaCategoriaDeIRF.ParametrosParaCategoriaDeIRFVisualizar" name="visualizar" time="30.516"/>
</testsuite> <!-- com.timp.test.MDR.ParametrosParaCategoriaDeIRF.ParametrosParaCategoriaDeIRFVisualizar -->
