<?xml version="1.0" encoding="UTF-8"?>
<!-- Generated by org.testng.reporters.JUnitReportReporter -->
<testsuite hostname="LitoSoler" name="com.timp.test.MDR.DetalheTipoTributo.DetalheFiltroId" tests="3" failures="0" timestamp="13 Oct 2020 19:33:21 GMT" time="55.780" errors="0">
  <testcase name="filtroId" time="24.514" classname="com.timp.test.MDR.DetalheTipoTributo.DetalheFiltroId"/>
  <testcase name="acessarMDR" time="25.105" classname="com.timp.test.MDR.DetalheTipoTributo.DetalheFiltroId"/>
  <testcase name="login" time="6.161" classname="com.timp.test.MDR.DetalheTipoTributo.DetalheFiltroId"/>
</testsuite> <!-- com.timp.test.MDR.DetalheTipoTributo.DetalheFiltroId -->
