<?xml version="1.0" encoding="UTF-8"?>
<!-- Generated by org.testng.reporters.JUnitReportReporter -->
<testsuite hostname="DESKTOP-HB7TMPD" failures="0" tests="3" name="com.timp.test.MDR.Centralizacao.Saldos.SaldosFiltrarId" time="45.558" errors="0" timestamp="22 Oct 2020 04:52:11 GMT">
  <testcase classname="com.timp.test.MDR.Centralizacao.Saldos.SaldosFiltrarId" name="FiltrarSaldosId" time="26.465"/>
  <testcase classname="com.timp.test.MDR.Centralizacao.Saldos.SaldosFiltrarId" name="login" time="8.771"/>
  <testcase classname="com.timp.test.MDR.Centralizacao.Saldos.SaldosFiltrarId" name="acessarMDR" time="10.322"/>
</testsuite> <!-- com.timp.test.MDR.Centralizacao.Saldos.SaldosFiltrarId -->
