<?xml version="1.0" encoding="UTF-8"?>
<!-- Generated by org.testng.reporters.JUnitReportReporter -->
<testsuite hostname="EC2AMAZ-8HCHO4G" failures="0" tests="3" name="com.timp.test.ATR.Estruturas.Estruturas.EstruturasTodasAsFunc" time="119.928" errors="0" timestamp="2024-09-18T21:18:48 UTC" skipped="0">
  <testcase classname="com.timp.test.ATR.Estruturas.Estruturas.EstruturasTodasAsFunc" name="Detalles" time="47.528"/>
  <system-out/>
  <testcase classname="com.timp.test.ATR.Estruturas.Estruturas.EstruturasTodasAsFunc" name="visualizarFiltros" time="31.298"/>
  <system-out/>
  <testcase classname="com.timp.test.ATR.Estruturas.Estruturas.EstruturasTodasAsFunc" name="visualizar" time="41.102"/>
  <system-out/>
</testsuite> <!-- com.timp.test.ATR.Estruturas.Estruturas.EstruturasTodasAsFunc -->
