<?xml version="1.0" encoding="UTF-8"?>
<!-- Generated by org.testng.reporters.JUnitReportReporter -->
<testsuite hostname="LAPTOP-IN7IV9K5" failures="0" tests="3" name="com.timp.test.CALENDAR.TarefasMultiplasEstagios" time="168.014" errors="0" timestamp="23 feb. 2021 00:54:30 GMT" skipped="0">
  <testcase classname="com.timp.test.CALENDAR.TarefasMultiplasEstagios" name="login" time="23.421"/>
  <testcase classname="com.timp.test.CALENDAR.TarefasMultiplasEstagios" name="BPMAEntrar" time="39.761"/>
  <testcase classname="com.timp.test.CALENDAR.TarefasMultiplasEstagios" name="criar" time="104.832"/>
</testsuite> <!-- com.timp.test.CALENDAR.TarefasMultiplasEstagios -->
