<?xml version="1.0" encoding="UTF-8"?>
<!-- Generated by org.testng.reporters.JUnitReportReporter -->
<testsuite hostname="MassielV" failures="0" tests="1" name="com.timp.test.MDR.DeterminacaoDeRelevanciaDeTarefa.DeterminacaoDeRelevanciaPorRegra.CadastroDeCódigoDeRegras.CadastroDeCódigoDeRegrasCriar" time="170.992" errors="0" timestamp="07 nov. 2021 17:06:07 GMT" skipped="0">
  <testcase classname="com.timp.test.MDR.DeterminacaoDeRelevanciaDeTarefa.DeterminacaoDeRelevanciaPorRegra.CadastroDeCódigoDeRegras.CadastroDeCódigoDeRegrasCriar" name="criar" time="170.992"/>
</testsuite> <!-- com.timp.test.MDR.DeterminacaoDeRelevanciaDeTarefa.DeterminacaoDeRelevanciaPorRegra.CadastroDeCódigoDeRegras.CadastroDeCódigoDeRegrasCriar -->
