<?xml version="1.0" encoding="UTF-8"?>
<!-- Generated by org.testng.reporters.JUnitReportReporter -->
<testsuite hostname="LitoSoler" name="com.timp.test.MDR.CEP.Bairro.BairroEliminar" tests="3" failures="0" timestamp="3 Aug 2020 14:06:17 GMT" time="49.788" errors="0">
  <testcase name="login" time="5.650" classname="com.timp.test.MDR.CEP.Bairro.BairroEliminar"/>
  <testcase name="acessarMDR" time="7.727" classname="com.timp.test.MDR.CEP.Bairro.BairroEliminar"/>
  <testcase name="eliminar" time="36.411" classname="com.timp.test.MDR.CEP.Bairro.BairroEliminar"/>
</testsuite> <!-- com.timp.test.MDR.CEP.Bairro.BairroEliminar -->
