<?xml version="1.0" encoding="UTF-8"?>
<!-- Generated by org.testng.reporters.JUnitReportReporter -->
<testsuite hostname="DESKTOP-JP1A9E6" failures="0" tests="1" name="com.timp.test.MDR.Empresas.EmpresaEditar" time="148.457" errors="0" timestamp="05 jun. 2021 01:48:58 GMT" skipped="0">
  <testcase classname="com.timp.test.MDR.Empresas.EmpresaEditar" name="editar" time="148.457"/>
</testsuite> <!-- com.timp.test.MDR.Empresas.EmpresaEditar -->
