<?xml version="1.0" encoding="UTF-8"?>
<!-- Generated by org.testng.reporters.JUnitReportReporter -->
<testsuite hostname="DESKTOP-M23FVFN" failures="0" tests="1" name="com.timp.test.ADM.Configuração.ConfiguraçãoTributo.ConfiguraçãoTributoAgrupamento.ConfiguraçãoTributoAgrupamentoEditar" time="176.574" errors="0" timestamp="19 dic. 2021 03:29:26 GMT" skipped="0">
  <testcase classname="com.timp.test.ADM.Configuração.ConfiguraçãoTributo.ConfiguraçãoTributoAgrupamento.ConfiguraçãoTributoAgrupamentoEditar" name="Editar" time="176.574"/>
</testsuite> <!-- com.timp.test.ADM.Configuração.ConfiguraçãoTributo.ConfiguraçãoTributoAgrupamento.ConfiguraçãoTributoAgrupamentoEditar -->
