<?xml version="1.0" encoding="UTF-8"?>
<!-- Generated by org.testng.reporters.JUnitReportReporter -->
<testsuite hostname="DESKTOP-C57COV6" failures="0" tests="3" name="com.timp.test.ADM.Configuração.Usuarios.UsuáriosAtivarDesativar" time="85.549" errors="0" timestamp="25 jun. 2021 05:12:58 GMT" skipped="0">
  <testcase classname="com.timp.test.ADM.Configuração.Usuarios.UsuáriosAtivarDesativar" name="login" time="9.414"/>
  <testcase classname="com.timp.test.ADM.Configuração.Usuarios.UsuáriosAtivarDesativar" name="AcessarADM" time="17.046"/>
  <testcase classname="com.timp.test.ADM.Configuração.Usuarios.UsuáriosAtivarDesativar" name="ver" time="59.089"/>
</testsuite> <!-- com.timp.test.ADM.Configuração.Usuarios.UsuáriosAtivarDesativar -->
