<?xml version="1.0" encoding="UTF-8"?>
<!-- Generated by org.testng.reporters.JUnitReportReporter -->
<testsuite hostname="Agile" failures="0" tests="1" name="com.timp.test.CALENDAR.ParametrosGerais.TarefaAbrirCalendario" time="56.347" errors="0" timestamp="12 abr. 2022 13:37:55 GMT" skipped="0">
  <testcase classname="com.timp.test.CALENDAR.ParametrosGerais.TarefaAbrirCalendario" name="CalendarEntrar" time="56.347"/>
</testsuite> <!-- com.timp.test.CALENDAR.ParametrosGerais.TarefaAbrirCalendario -->
