<?xml version="1.0" encoding="UTF-8"?>
<!-- Generated by org.testng.reporters.JUnitReportReporter -->
<testsuite hostname="DESKTOP-M23FVFN" failures="0" tests="1" name="com.timp.test.MDR.TabelasComplementaresParaObrigaçoesAcessorias.TabelaDeLogradouros.TabelaLogradouroExcluirEmMassa" time="235.993" errors="0" timestamp="09 dic. 2021 04:59:50 GMT" skipped="0">
  <testcase classname="com.timp.test.MDR.TabelasComplementaresParaObrigaçoesAcessorias.TabelaDeLogradouros.TabelaLogradouroExcluirEmMassa" name="criar" time="235.993"/>
</testsuite> <!-- com.timp.test.MDR.TabelasComplementaresParaObrigaçoesAcessorias.TabelaDeLogradouros.TabelaLogradouroExcluirEmMassa -->
