<?xml version="1.0" encoding="UTF-8"?>
<!-- Generated by org.testng.reporters.JUnitReportReporter -->
<testsuite hostname="LitoSoler" name="com.timp.test.BRB.Eliminar" tests="4" failures="0" timestamp="18 Aug 2020 02:49:10 GMT" time="166.659" errors="0">
  <testcase name="eliminar" time="62.878" classname="com.timp.test.BRB.Eliminar"/>
  <testcase name="brbEntrar" time="28.290" classname="com.timp.test.BRB.Eliminar"/>
  <testcase name="login" time="9.864" classname="com.timp.test.BRB.Eliminar"/>
  <testcase name="eliminarLixeira" time="65.627" classname="com.timp.test.BRB.Eliminar"/>
</testsuite> <!-- com.timp.test.BRB.Eliminar -->
