<?xml version="1.0" encoding="UTF-8"?>
<!-- Generated by org.testng.reporters.JUnitReportReporter -->
<testsuite hostname="LitoSoler" name="com.timp.test.BRB.CampoOutput" tests="3" failures="0" timestamp="2 Jul 2020 15:46:02 GMT" time="71.833" errors="0">
  <testcase name="login" time="10.529" classname="com.timp.test.BRB.CampoOutput"/>
  <testcase name="brbEntrar" time="14.702" classname="com.timp.test.BRB.CampoOutput"/>
  <testcase name="campoOutput" time="46.602" classname="com.timp.test.BRB.CampoOutput"/>
</testsuite> <!-- com.timp.test.BRB.CampoOutput -->
