<?xml version="1.0" encoding="UTF-8"?>
<!-- Generated by org.testng.reporters.JUnitReportReporter -->
<testsuite skipped="0" hostname="LitoSoler" name="com.timp.test.MDR.CodigoContabilizacao.CodigoContabalizacaoDetalhes" tests="1" failures="0" timestamp="09 mar 2021 01:00:52 GMT" time="64.267" errors="0">
  <testcase name="detalhes" time="64.267" classname="com.timp.test.MDR.CodigoContabilizacao.CodigoContabalizacaoDetalhes"/>
</testsuite> <!-- com.timp.test.MDR.CodigoContabilizacao.CodigoContabalizacaoDetalhes -->
