<?xml version="1.0" encoding="UTF-8"?>
<!-- Generated by org.testng.reporters.JUnitReportReporter -->
<testsuite hostname="DESKTOP-M23FVFN" failures="0" tests="1" name="com.timp.test.TDK.Execucoes.Raiz.RaizFiltroId" time="104.466" errors="0" timestamp="06 ene. 2022 16:31:45 GMT" skipped="0">
  <testcase classname="com.timp.test.TDK.Execucoes.Raiz.RaizFiltroId" name="filtro" time="104.466"/>
</testsuite> <!-- com.timp.test.TDK.Execucoes.Raiz.RaizFiltroId -->
