<?xml version="1.0" encoding="UTF-8"?>
<!-- Generated by org.testng.reporters.JUnitReportReporter -->
<testsuite hostname="DESKTOP-JP1A9E6" failures="0" tests="1" name="com.timp.test.MDR.TabelasApoioESocial.Tabela16.SGDPCriar" time="83.067" errors="0" timestamp="17 ago. 2021 13:12:47 GMT" skipped="0">
  <testcase classname="com.timp.test.MDR.TabelasApoioESocial.Tabela16.SGDPCriar" name="criar" time="83.067"/>
</testsuite> <!-- com.timp.test.MDR.TabelasApoioESocial.Tabela16.SGDPCriar -->
