<?xml version="1.0" encoding="UTF-8"?>
<!-- Generated by org.testng.reporters.JUnitReportReporter -->
<testsuite hostname="DESKTOP-M23FVFN" failures="0" tests="1" name="com.timp.test.ATR.Arquivos.NotaFiscalEletronicaDeEntradaDeSaida.NotaFiscalEletronicaDeEntradaDeSaidaFiltrosAvancados" time="87.334" errors="0" timestamp="05 ene. 2022 22:02:26 GMT" skipped="0">
  <testcase classname="com.timp.test.ATR.Arquivos.NotaFiscalEletronicaDeEntradaDeSaida.NotaFiscalEletronicaDeEntradaDeSaidaFiltrosAvancados" name="filtroAvansado" time="87.334"/>
</testsuite> <!-- com.timp.test.ATR.Arquivos.NotaFiscalEletronicaDeEntradaDeSaida.NotaFiscalEletronicaDeEntradaDeSaidaFiltrosAvancados -->
