<?xml version="1.0" encoding="UTF-8"?>
<!-- Generated by org.testng.reporters.JUnitReportReporter -->
<testsuite hostname="DESKTOP-BNBDMGT" failures="0" tests="8" name="com.timp.test.DFG.LeiautesExecução.LeiautesExecuçãoFuncionalidades" time="532.576" errors="0" timestamp="15 Jan 2021 16:01:08 GMT">
  <testcase classname="com.timp.test.DFG.LeiautesExecução.LeiautesExecuçãoFuncionalidades" name="ingresar" time="9.921"/>
  <testcase classname="com.timp.test.DFG.LeiautesExecução.LeiautesExecuçãoFuncionalidades" name="CriarLeiaute" time="129.957"/>
  <testcase classname="com.timp.test.DFG.LeiautesExecução.LeiautesExecuçãoFuncionalidades" name="TotaldeLinhasAgrupadas" time="92.819"/>
  <testcase classname="com.timp.test.DFG.LeiautesExecução.LeiautesExecuçãoFuncionalidades" name="ListarRegistros" time="23.382"/>
  <testcase classname="com.timp.test.DFG.LeiautesExecução.LeiautesExecuçãoFuncionalidades" name="bloco" time="60.735"/>
  <testcase classname="com.timp.test.DFG.LeiautesExecução.LeiautesExecuçãoFuncionalidades" name="relaciona" time="182.278"/>
  <testcase classname="com.timp.test.DFG.LeiautesExecução.LeiautesExecuçãoFuncionalidades" name="RaizID" time="10.282"/>
  <testcase classname="com.timp.test.DFG.LeiautesExecução.LeiautesExecuçãoFuncionalidades" name="DFGEntrar" time="23.202"/>
</testsuite> <!-- com.timp.test.DFG.LeiautesExecução.LeiautesExecuçãoFuncionalidades -->
