<?xml version="1.0" encoding="UTF-8"?>
<!-- Generated by org.testng.reporters.JUnitReportReporter -->
<testsuite hostname="LitoSoler" name="com.timp.test.BRB.NovoRelatorio" tests="4" failures="0" timestamp="3 Aug 2020 13:25:20 GMT" time="114.174" errors="0">
  <testcase name="brbEntrar" time="14.225" classname="com.timp.test.BRB.NovoRelatorio"/>
  <testcase name="novoRelatorio" time="41.378" classname="com.timp.test.BRB.NovoRelatorio"/>
  <testcase name="login" time="6.930" classname="com.timp.test.BRB.NovoRelatorio"/>
  <testcase name="colunas" time="51.641" classname="com.timp.test.BRB.NovoRelatorio"/>
</testsuite> <!-- com.timp.test.BRB.NovoRelatorio -->
