<?xml version="1.0" encoding="UTF-8"?>
<!-- Generated by org.testng.reporters.JUnitReportReporter -->
<testsuite hostname="DESKTOP-M23FVFN" failures="0" tests="1" name="com.timp.test.MDR.Siscoserv.RegistroRAS.RegistroRASVisualizar" time="83.898" errors="0" timestamp="30 ene. 2022 08:06:06 GMT" skipped="0">
  <testcase classname="com.timp.test.MDR.Siscoserv.RegistroRAS.RegistroRASVisualizar" name="Visualizar" time="83.898"/>
</testsuite> <!-- com.timp.test.MDR.Siscoserv.RegistroRAS.RegistroRASVisualizar -->
