<?xml version="1.0" encoding="UTF-8"?>
<!-- Generated by org.testng.reporters.JUnitReportReporter -->
<testsuite hostname="LitoSoler" name="com.timp.test.BRB.Formula" tests="5" failures="0" timestamp="2 Jul 2020 15:41:43 GMT" time="167.495" errors="0">
  <testcase name="brbEntrar" time="22.731" classname="com.timp.test.BRB.Formula"/>
  <testcase name="aplicar" time="9.289" classname="com.timp.test.BRB.Formula"/>
  <testcase name="formulaBoton" time="65.614" classname="com.timp.test.BRB.Formula"/>
  <testcase name="login" time="17.403" classname="com.timp.test.BRB.Formula"/>
  <testcase name="formulaColuna" time="52.458" classname="com.timp.test.BRB.Formula"/>
</testsuite> <!-- com.timp.test.BRB.Formula -->
