<?xml version="1.0" encoding="UTF-8"?>
<!-- Generated by org.testng.reporters.JUnitReportReporter -->
<testsuite hostname="LAPTOP-IN7IV9K5" failures="0" tests="3" name="com.timp.test.TCC.FatorDeCreditamento.FatorDeCreditamentoFiltroPorId" time="38.693" errors="0" timestamp="01 mar. 2021 23:37:57 GMT" skipped="0">
  <testcase classname="com.timp.test.TCC.FatorDeCreditamento.FatorDeCreditamentoFiltroPorId" name="login" time="7.636"/>
  <testcase classname="com.timp.test.TCC.FatorDeCreditamento.FatorDeCreditamentoFiltroPorId" name="acessarTCC" time="19.548"/>
  <testcase classname="com.timp.test.TCC.FatorDeCreditamento.FatorDeCreditamentoFiltroPorId" name="filtroPorId" time="11.509"/>
</testsuite> <!-- com.timp.test.TCC.FatorDeCreditamento.FatorDeCreditamentoFiltroPorId -->
