<?xml version="1.0" encoding="UTF-8"?>
<!-- Generated by org.testng.reporters.JUnitReportReporter -->
<<<<<<< HEAD
<testsuite hostname="MIGUEL" failures="0" tests="1" name="com.timp.test.MDR.TabelasApoioSped.TiposDeUtilizacaoDosCreditosFiscais.TiposDeUtilizaçãoDosCreditosFiscaisExcluirEmMassa" time="184.167" errors="0" timestamp="09 abr. 2021 00:23:48 GMT" skipped="0">
  <testcase classname="com.timp.test.MDR.TabelasApoioSped.TiposDeUtilizacaoDosCreditosFiscais.TiposDeUtilizaçãoDosCreditosFiscaisExcluirEmMassa" name="criar" time="184.167"/>
</testsuite> <!-- com.timp.test.MDR.TabelasApoioSped.TiposDeUtilizacaoDosCreditosFiscais.TiposDeUtilizaçãoDosCreditosFiscaisExcluirEmMassa -->
=======
<testsuite hostname="DESKTOP-BNBDMGT" failures="0" tests="1" name="com.timp.test.MDR.TabelasApoioSped.TiposDeUtilizacaoDosCreditosFiscais.TiposDeUtilizaçãoDosCreditosFiscaisExcluirEmMassa" time="140.639" errors="0" timestamp="08 abr. 2021 22:18:59 GMT" skipped="0">
  <testcase classname="com.timp.test.MDR.TabelasApoioSped.TiposDeUtilizacaoDosCreditosFiscais.TiposDeUtilizaçãoDosCreditosFiscaisExcluirEmMassa" name="criar" time="140.639"/>
</testsuite> <!-- com.timp.test.MDR.TabelasApoioSped.TiposDeUtilizacaoDosCreditosFiscais.TiposDeUtilizaçãoDosCreditosFiscaisExcluirEmMassa -->
>>>>>>> refs/remotes/origin/Yessy
