<?xml version="1.0" encoding="UTF-8"?>
<!-- Generated by org.testng.reporters.JUnitReportReporter -->
<testsuite hostname="LAPTOP-IN7IV9K5" failures="0" tests="1" name="com.timp.test.BSC.CorrecaoDeNFAprovarEmMassaCJOB" time="504.936" errors="0" timestamp="17 abr. 2021 00:26:55 GMT" skipped="0">
  <testcase classname="com.timp.test.BSC.CorrecaoDeNFAprovarEmMassaCJOB" name="Aprovar" time="504.936"/>
</testsuite> <!-- com.timp.test.BSC.CorrecaoDeNFAprovarEmMassaCJOB -->
