<?xml version="1.0" encoding="UTF-8"?>
<!-- Generated by org.testng.reporters.JUnitReportReporter -->
<testsuite hostname="Agile" failures="0" tests="1" name="com.timp.test.MDR.SCANC.MovimentoSCANC.MovimentoSCANCExcluir" time="101.080" errors="0" timestamp="12 mar. 2022 02:40:45 GMT" skipped="0">
  <testcase classname="com.timp.test.MDR.SCANC.MovimentoSCANC.MovimentoSCANCExcluir" name="excluir" time="101.080"/>
</testsuite> <!-- com.timp.test.MDR.SCANC.MovimentoSCANC.MovimentoSCANCExcluir -->
