<?xml version="1.0" encoding="UTF-8"?>
<!-- Generated by org.testng.reporters.JUnitReportReporter -->
<testsuite hostname="DESKTOP-C57COV6" failures="0" tests="3" name="com.timp.test.SCANC.ArquivosImportados.ArquivosImportadosInformacao" time="422.463" errors="0" timestamp="16 sep. 2021 04:15:28 GMT" skipped="0">
  <testcase classname="com.timp.test.SCANC.ArquivosImportados.ArquivosImportadosInformacao" name="ingresar" time="13.443"/>
  <testcase classname="com.timp.test.SCANC.ArquivosImportados.ArquivosImportadosInformacao" name="scancEntrar" time="32.638"/>
  <testcase classname="com.timp.test.SCANC.ArquivosImportados.ArquivosImportadosInformacao" name="informacao" time="376.382"/>
</testsuite> <!-- com.timp.test.SCANC.ArquivosImportados.ArquivosImportadosInformacao -->
