<?xml version="1.0" encoding="UTF-8"?>
<!-- Generated by org.testng.reporters.JUnitReportReporter -->
<testsuite hostname="DESKTOP-C57COV6" failures="0" tests="1" name="com.timp.test.TDK.Kpis.KpisPublicos.KpisPublicosFiltroId" time="84.758" errors="0" timestamp="06 sep. 2021 23:30:08 GMT" skipped="0">
  <testcase classname="com.timp.test.TDK.Kpis.KpisPublicos.KpisPublicosFiltroId" name="filtro" time="84.758"/>
</testsuite> <!-- com.timp.test.TDK.Kpis.KpisPublicos.KpisPublicosFiltroId -->
