<?xml version="1.0" encoding="UTF-8"?>
<!-- Generated by org.testng.reporters.JUnitReportReporter -->
<testsuite hostname="EC2AMAZ-8HCHO4G" failures="0" tests="4" name="com.timp.test.ADM.Usuarios.Usuarios.UsuariosTodasFunc" time="265.560" errors="0" timestamp="2023-04-26T22:04:37 UTC" skipped="0">
  <testcase classname="com.timp.test.ADM.Usuarios.Usuarios.UsuariosTodasFunc" name="activar" time="79.008"/>
  <system-out/>
  <testcase classname="com.timp.test.ADM.Usuarios.Usuarios.UsuariosTodasFunc" name="ver" time="44.771"/>
  <system-out/>
  <testcase classname="com.timp.test.ADM.Usuarios.Usuarios.UsuariosTodasFunc" name="Editar" time="90.755"/>
  <system-out/>
  <testcase classname="com.timp.test.ADM.Usuarios.Usuarios.UsuariosTodasFunc" name="filtros" time="51.026"/>
  <system-out/>
</testsuite> <!-- com.timp.test.ADM.Usuarios.Usuarios.UsuariosTodasFunc -->
