<?xml version="1.0" encoding="UTF-8"?>
<!-- Generated by org.testng.reporters.JUnitReportReporter -->
<testsuite hostname="DESKTOP-JP1A9E6" failures="0" tests="1" name="com.timp.test.MDR.TabelasComplementaresParaObrigaçoesAcessorias.TabelaDeOutrosCreditos.TabelaDeOutrosCreditosCriar" time="79.523" errors="0" timestamp="25 jun. 2021 06:12:38 GMT" skipped="0">
  <testcase classname="com.timp.test.MDR.TabelasComplementaresParaObrigaçoesAcessorias.TabelaDeOutrosCreditos.TabelaDeOutrosCreditosCriar" name="criar" time="79.523"/>
</testsuite> <!-- com.timp.test.MDR.TabelasComplementaresParaObrigaçoesAcessorias.TabelaDeOutrosCreditos.TabelaDeOutrosCreditosCriar -->
