<?xml version="1.0" encoding="UTF-8"?>
<!-- Generated by org.testng.reporters.JUnitReportReporter -->
<testsuite hostname="DESKTOP-M23FVFN" failures="0" tests="2" name="com.timp.test.MDR.SCANC.OPPropiasRessarcimentos.OPPropriosRessarcimentosExcluirMassa" time="274.511" errors="0" timestamp="2022-07-15T09:25:41 CST" skipped="0">
  <testcase classname="com.timp.test.MDR.SCANC.OPPropiasRessarcimentos.OPPropriosRessarcimentosExcluirMassa" name="Criar" time="212.224"/>
  <system-out/>
  <testcase classname="com.timp.test.MDR.SCANC.OPPropiasRessarcimentos.OPPropriosRessarcimentosExcluirMassa" name="Excluir" time="62.287"/>
  <system-out/>
</testsuite> <!-- com.timp.test.MDR.SCANC.OPPropiasRessarcimentos.OPPropriosRessarcimentosExcluirMassa -->
