<?xml version="1.0" encoding="UTF-8"?>
<!-- Generated by org.testng.reporters.JUnitReportReporter -->
<testsuite skipped="0" hostname="LitoSoler" name="com.timp.test.MDR.CadastroCondiçao.CadastroCondiçaoExcluirMasas" tests="2" failures="0" timestamp="19 mar 2021 21:00:34 GMT" time="182.206" errors="0">
  <testcase name="criar" time="150.679" classname="com.timp.test.MDR.CadastroCondiçao.CadastroCondiçaoExcluirMasas"/>
  <testcase name="excluir" time="31.527" classname="com.timp.test.MDR.CadastroCondiçao.CadastroCondiçaoExcluirMasas"/>
</testsuite> <!-- com.timp.test.MDR.CadastroCondiçao.CadastroCondiçaoExcluirMasas -->
