<?xml version="1.0" encoding="UTF-8"?>
<!-- Generated by org.testng.reporters.JUnitReportReporter -->
<testsuite skipped="0" hostname="LitoSoler" name="com.timp.test.MDR.AtividadesFiscais.AtividadeFiscal.AtividadeCriar" tests="1" failures="0" timestamp="16 mar 2021 02:58:11 GMT" time="93.996" errors="0">
  <testcase name="criar" time="93.996" classname="com.timp.test.MDR.AtividadesFiscais.AtividadeFiscal.AtividadeCriar"/>
</testsuite> <!-- com.timp.test.MDR.AtividadesFiscais.AtividadeFiscal.AtividadeCriar -->
