<?xml version="1.0" encoding="UTF-8"?>
<!-- Generated by org.testng.reporters.JUnitReportReporter -->
<testsuite hostname="LitoSoler" name="com.timp.test.BRE.RegrasdeAuditoriaN2.RegrasdeAuditoriaN2Estrutura" tests="3" failures="0" timestamp="6 Jan 2021 09:08:20 GMT" time="286.672" errors="0">
  <testcase name="login" time="6.179" classname="com.timp.test.BRE.RegrasdeAuditoriaN2.RegrasdeAuditoriaN2Estrutura"/>
  <testcase name="acessarBRE" time="15.455" classname="com.timp.test.BRE.RegrasdeAuditoriaN2.RegrasdeAuditoriaN2Estrutura"/>
  <testcase name="editar" time="265.038" classname="com.timp.test.BRE.RegrasdeAuditoriaN2.RegrasdeAuditoriaN2Estrutura"/>
</testsuite> <!-- com.timp.test.BRE.RegrasdeAuditoriaN2.RegrasdeAuditoriaN2Estrutura -->
