<?xml version="1.0" encoding="UTF-8"?>
<!-- Generated by org.testng.reporters.JUnitReportReporter -->
<testsuite hostname="LitoSoler" name="com.timp.test.BRB.BRBAcessar" tests="2" failures="0" timestamp="27 Jul 2020 18:12:01 GMT" time="22.333" errors="0">
  <testcase name="brbEntrar" time="14.381" classname="com.timp.test.BRB.BRBAcessar"/>
  <testcase name="login" time="7.952" classname="com.timp.test.BRB.BRBAcessar"/>
</testsuite> <!-- com.timp.test.BRB.BRBAcessar -->
