<?xml version="1.0" encoding="UTF-8"?>
<!-- Generated by org.testng.reporters.JUnitReportReporter -->
<testsuite hostname="DESKTOP-M23FVFN" failures="0" tests="2" name="com.timp.test.BRB.ExcluirRelatorio" time="158.790" errors="0" timestamp="09 feb. 2022 15:59:40 GMT" skipped="0">
  <testcase classname="com.timp.test.BRB.ExcluirRelatorio" name="eliminarLixeira" time="52.696"/>
  <testcase classname="com.timp.test.BRB.ExcluirRelatorio" name="eliminar" time="106.094"/>
</testsuite> <!-- com.timp.test.BRB.ExcluirRelatorio -->
