<?xml version="1.0" encoding="UTF-8"?>
<!-- Generated by org.testng.reporters.JUnitReportReporter -->
<testsuite hostname="DESKTOP-M23FVFN" failures="0" tests="3" name="com.timp.test.BRB.Formula" time="304.496" errors="0" timestamp="16 dic. 2021 20:56:52 GMT" skipped="0">
  <testcase classname="com.timp.test.BRB.Formula" name="formulaColuna" time="199.489"/>
  <testcase classname="com.timp.test.BRB.Formula" name="aplicar" time="3.053"/>
  <testcase classname="com.timp.test.BRB.Formula" name="formulaBoton" time="101.954"/>
</testsuite> <!-- com.timp.test.BRB.Formula -->
