<?xml version="1.0" encoding="UTF-8"?>
<!-- Generated by org.testng.reporters.JUnitReportReporter -->
<testsuite hostname="Agile" failures="0" tests="1" name="com.timp.test.MDR.ValorAdicionado.Confrontacao.ConfratacaoCriar" time="104.338" errors="0" timestamp="06 ene. 2022 06:22:06 GMT" skipped="0">
  <testcase classname="com.timp.test.MDR.ValorAdicionado.Confrontacao.ConfratacaoCriar" name="criar" time="104.338"/>
</testsuite> <!-- com.timp.test.MDR.ValorAdicionado.Confrontacao.ConfratacaoCriar -->
