<?xml version="1.0" encoding="UTF-8"?>
<!-- Generated by org.testng.reporters.JUnitReportReporter -->
<testsuite skipped="0" hostname="LitoSoler" name="com.timp.test.MDR.CEP.Municipio.MunicipioEliminar" tests="1" failures="0" timestamp="09 mar 2021 01:00:52 GMT" time="67.801" errors="0">
  <testcase name="excluir" time="67.801" classname="com.timp.test.MDR.CEP.Municipio.MunicipioEliminar"/>
</testsuite> <!-- com.timp.test.MDR.CEP.Municipio.MunicipioEliminar -->
