<?xml version="1.0" encoding="UTF-8"?>
<!-- Generated by org.testng.reporters.JUnitReportReporter -->
<testsuite hostname="MassielV" failures="0" tests="1" name="com.timp.test.MDR.Antecipacao.AntecipacaoDetalhe" time="106.531" errors="0" timestamp="27 oct. 2021 11:20:05 GMT" skipped="0">
  <testcase classname="com.timp.test.MDR.Antecipacao.AntecipacaoDetalhe" name="detalhe" time="106.531"/>
</testsuite> <!-- com.timp.test.MDR.Antecipacao.AntecipacaoDetalhe -->
