<?xml version="1.0" encoding="UTF-8"?>
<!-- Generated by org.testng.reporters.JUnitReportReporter -->
<<<<<<< HEAD
<testsuite hostname="LitoSoler" name="com.timp.test.MDR.RegistroDeExportaçao.RegistroDeExportaçaoFiltrosAvançados" tests="3" failures="0" timestamp="12 Aug 2020 15:12:22 GMT" time="185.611" errors="0">
  <testcase name="acessarMDR" time="12.902" classname="com.timp.test.MDR.RegistroDeExportaçao.RegistroDeExportaçaoFiltrosAvançados"/>
  <testcase name="filtros" time="166.604" classname="com.timp.test.MDR.RegistroDeExportaçao.RegistroDeExportaçaoFiltrosAvançados"/>
  <testcase name="login" time="6.105" classname="com.timp.test.MDR.RegistroDeExportaçao.RegistroDeExportaçaoFiltrosAvançados"/>
=======
<testsuite hostname="DESKTOP-35UG9UP" name="com.timp.test.MDR.RegistroDeExportaçao.RegistroDeExportaçaoFiltrosAvançados" tests="3" failures="0" timestamp="10 Aug 2020 23:13:04 GMT" time="236.435" errors="0">
  <testcase name="acessarMDR" time="34.328" classname="com.timp.test.MDR.RegistroDeExportaçao.RegistroDeExportaçaoFiltrosAvançados"/>
  <testcase name="login" time="10.342" classname="com.timp.test.MDR.RegistroDeExportaçao.RegistroDeExportaçaoFiltrosAvançados"/>
  <testcase name="filtros" time="191.765" classname="com.timp.test.MDR.RegistroDeExportaçao.RegistroDeExportaçaoFiltrosAvançados"/>
>>>>>>> branch 'master' of https://github.com/Katitanuma/TIMP_R1.git
</testsuite> <!-- com.timp.test.MDR.RegistroDeExportaçao.RegistroDeExportaçaoFiltrosAvançados -->
