<?xml version="1.0" encoding="UTF-8"?>
<!-- Generated by org.testng.reporters.JUnitReportReporter -->
<testsuite skipped="0" hostname="LitoSoler" name="com.timp.test.BRB.AcessarBRB" tests="1" failures="0" timestamp="24 feb 2021 16:20:00 GMT" time="39.678" errors="0">
  <testcase name="brbEntrar" time="39.678" classname="com.timp.test.BRB.AcessarBRB"/>
</testsuite> <!-- com.timp.test.BRB.AcessarBRB -->
