<?xml version="1.0" encoding="UTF-8"?>
<!-- Generated by org.testng.reporters.JUnitReportReporter -->
<testsuite hostname="MassielV" failures="0" tests="3" name="com.timp.test.BRB.Formula" time="196.300" errors="0" timestamp="05 nov. 2021 16:36:47 GMT" skipped="0">
  <testcase classname="com.timp.test.BRB.Formula" name="formulaBoton" time="97.880"/>
  <testcase classname="com.timp.test.BRB.Formula" name="aplicar" time="10.754"/>
  <testcase classname="com.timp.test.BRB.Formula" name="formulaColuna" time="87.666"/>
</testsuite> <!-- com.timp.test.BRB.Formula -->
