<?xml version="1.0" encoding="UTF-8"?>
<!-- Generated by org.testng.reporters.JUnitReportReporter -->
<testsuite hostname="CRISTHIAN-VASQUEZ" failures="0" tests="1" name="com.timp.test.ADM.Configuração.ConfiguracaoDeTributos.ConfiguracaoDeTipoTributo.ConfiguracaoDeTipoTributoVisualizar" time="74.457" errors="0" timestamp="19 mar. 2021 18:57:45 GMT" skipped="0">
  <testcase classname="com.timp.test.ADM.Configuração.ConfiguracaoDeTributos.ConfiguracaoDeTipoTributo.ConfiguracaoDeTipoTributoVisualizar" name="Visualizar" time="74.457"/>
</testsuite> <!-- com.timp.test.ADM.Configuração.ConfiguracaoDeTributos.ConfiguracaoDeTipoTributo.ConfiguracaoDeTipoTributoVisualizar -->
