<?xml version="1.0" encoding="UTF-8"?>
<!-- Generated by org.testng.reporters.JUnitReportReporter -->
<testsuite hostname="MIGUEL" failures="0" tests="3" name="com.timp.test.BRE.CalculoDeTributos.CalculoDeTributoCriar" time="133.416" errors="0" timestamp="18 Jan 2021 18:54:08 GMT">
  <testcase classname="com.timp.test.BRE.CalculoDeTributos.CalculoDeTributoCriar" name="acessarBRE" time="15.944"/>
  <testcase classname="com.timp.test.BRE.CalculoDeTributos.CalculoDeTributoCriar" name="login" time="7.719"/>
  <testcase classname="com.timp.test.BRE.CalculoDeTributos.CalculoDeTributoCriar" name="criar" time="109.753"/>
</testsuite> <!-- com.timp.test.BRE.CalculoDeTributos.CalculoDeTributoCriar -->
