<?xml version="1.0" encoding="UTF-8"?>
<!-- Generated by org.testng.reporters.JUnitReportReporter -->
<testsuite hostname="Agile" failures="0" tests="1" name="com.timp.test.BRE.Estruturas.ParametrosGerais.EstruturasCriarMaisEditarMaisVisualizar" time="148.535" errors="0" timestamp="14 dic. 2021 23:39:33 GMT" skipped="0">
  <testcase classname="com.timp.test.BRE.Estruturas.ParametrosGerais.EstruturasCriarMaisEditarMaisVisualizar" name="criar" time="148.535"/>
</testsuite> <!-- com.timp.test.BRE.Estruturas.ParametrosGerais.EstruturasCriarMaisEditarMaisVisualizar -->
