<?xml version="1.0" encoding="UTF-8"?>
<!-- Generated by org.testng.reporters.JUnitReportReporter -->
<testsuite hostname="MIGUEL" failures="0" tests="1" name="com.timp.test.BRE.RegrasdeAuditoriaN1.ParametrosGerais.RegrasdeAuditoriaN1ParâmetrosgeraisSimular" time="159.997" errors="0" timestamp="16 abr. 2021 16:35:34 GMT" skipped="0">
  <testcase classname="com.timp.test.BRE.RegrasdeAuditoriaN1.ParametrosGerais.RegrasdeAuditoriaN1ParâmetrosgeraisSimular" name="editar" time="159.997"/>
</testsuite> <!-- com.timp.test.BRE.RegrasdeAuditoriaN1.ParametrosGerais.RegrasdeAuditoriaN1ParâmetrosgeraisSimular -->
