<?xml version="1.0" encoding="UTF-8"?>
<!-- Generated by org.testng.reporters.JUnitReportReporter -->
<testsuite hostname="DESKTOP-C57COV6" failures="0" tests="3" name="com.timp.test.ADM.Configuração.Licenças.LicençasDetalhes" time="42.347" errors="0" timestamp="09 abr. 2021 13:33:41 GMT" skipped="0">
  <testcase classname="com.timp.test.ADM.Configuração.Licenças.LicençasDetalhes" name="login" time="7.014"/>
  <testcase classname="com.timp.test.ADM.Configuração.Licenças.LicençasDetalhes" name="AcessarADM" time="15.126"/>
  <testcase classname="com.timp.test.ADM.Configuração.Licenças.LicençasDetalhes" name="Detalles" time="20.207"/>
</testsuite> <!-- com.timp.test.ADM.Configuração.Licenças.LicençasDetalhes -->
