<?xml version="1.0" encoding="UTF-8"?>
<!-- Generated by org.testng.reporters.JUnitReportReporter -->
<testsuite hostname="DESKTOP-C57COV6" failures="0" tests="1" name="com.timp.test.MDR.DetalheTipoTributo.DetalheCriar" time="113.984" errors="0" timestamp="23 oct. 2021 19:20:15 GMT" skipped="0">
  <testcase classname="com.timp.test.MDR.DetalheTipoTributo.DetalheCriar" name="criar" time="113.984"/>
</testsuite> <!-- com.timp.test.MDR.DetalheTipoTributo.DetalheCriar -->
