<?xml version="1.0" encoding="UTF-8"?>
<!-- Generated by org.testng.reporters.JUnitReportReporter -->
<testsuite hostname="MIGUEL" failures="0" tests="1" name="com.timp.test.BRB.OutputAutomático" time="141.007" errors="0" timestamp="14 abr. 2021 17:30:53 GMT" skipped="0">
  <testcase classname="com.timp.test.BRB.OutputAutomático" name="outputAutomatico" time="141.007"/>
</testsuite> <!-- com.timp.test.BRB.OutputAutomático -->
