<?xml version="1.0" encoding="UTF-8"?>
<!-- Generated by org.testng.reporters.JUnitReportReporter -->
<testsuite hostname="LitoSoler" name="com.timp.test.MDR.LimiteCompetencia.LimiteCompetenciaVisualizar" tests="3" failures="0" timestamp="7 Dec 2020 20:59:28 GMT" time="96.965" errors="0">
  <testcase name="visualizar" time="55.854" classname="com.timp.test.MDR.LimiteCompetencia.LimiteCompetenciaVisualizar"/>
  <testcase name="login" time="9.531" classname="com.timp.test.MDR.LimiteCompetencia.LimiteCompetenciaVisualizar"/>
  <testcase name="acessarMDR" time="31.580" classname="com.timp.test.MDR.LimiteCompetencia.LimiteCompetenciaVisualizar"/>
</testsuite> <!-- com.timp.test.MDR.LimiteCompetencia.LimiteCompetenciaVisualizar -->
