<?xml version="1.0" encoding="UTF-8"?>
<!-- Generated by org.testng.reporters.JUnitReportReporter -->
<testsuite hostname="LitoSoler" name="com.timp.test.BRB.CampoOutput" tests="3" failures="0" timestamp="2 Dec 2020 22:19:50 GMT" time="132.894" errors="0">
  <testcase name="login" time="14.603" classname="com.timp.test.BRB.CampoOutput"/>
  <testcase name="campoOutput" time="68.723" classname="com.timp.test.BRB.CampoOutput"/>
  <testcase name="brbEntrar" time="49.568" classname="com.timp.test.BRB.CampoOutput"/>
</testsuite> <!-- com.timp.test.BRB.CampoOutput -->
