<?xml version="1.0" encoding="UTF-8"?>
<!-- Generated by org.testng.reporters.JUnitReportReporter -->
<testsuite hostname="MIGUEL" failures="0" tests="1" name="com.timp.test.BRE.CalculoDeTributos.Edicao.CalculodeTributosTabelas" time="367.563" errors="0" timestamp="26 mar. 2021 22:39:11 GMT" skipped="0">
  <testcase classname="com.timp.test.BRE.CalculoDeTributos.Edicao.CalculodeTributosTabelas" name="editar" time="367.563"/>
</testsuite> <!-- com.timp.test.BRE.CalculoDeTributos.Edicao.CalculodeTributosTabelas -->
