<?xml version="1.0" encoding="UTF-8"?>
<!-- Generated by org.testng.reporters.JUnitReportReporter -->
<testsuite hostname="DESKTOP-BNBDMGT" failures="0" tests="4" name="com.timp.test.TAA.Ajustes.AjustedEstorno" time="100.108" errors="0" timestamp="8 Jan 2021 07:51:47 GMT">
  <testcase classname="com.timp.test.TAA.Ajustes.AjustedEstorno" name="f" time="0.003"/>
  <testcase classname="com.timp.test.TAA.Ajustes.AjustedEstorno" name="TAAEntrar" time="18.710"/>
  <testcase classname="com.timp.test.TAA.Ajustes.AjustedEstorno" name="ajustesContabilizar" time="70.798"/>
  <testcase classname="com.timp.test.TAA.Ajustes.AjustedEstorno" name="ingresar" time="10.597"/>
</testsuite> <!-- com.timp.test.TAA.Ajustes.AjustedEstorno -->
