<?xml version="1.0" encoding="UTF-8"?>
<!-- Generated by org.testng.reporters.JUnitReportReporter -->
<testsuite hostname="LitoSoler" name="com.timp.test.MDR.Centralizacao.EstornoCredito.EstornoCreditoEditar" tests="3" failures="0" timestamp="8 Dec 2020 19:44:39 GMT" time="102.862" errors="0">
  <testcase name="login" time="6.940" classname="com.timp.test.MDR.Centralizacao.EstornoCredito.EstornoCreditoEditar"/>
  <testcase name="editar" time="68.691" classname="com.timp.test.MDR.Centralizacao.EstornoCredito.EstornoCreditoEditar"/>
  <testcase name="acessarMDR" time="27.231" classname="com.timp.test.MDR.Centralizacao.EstornoCredito.EstornoCreditoEditar"/>
</testsuite> <!-- com.timp.test.MDR.Centralizacao.EstornoCredito.EstornoCreditoEditar -->
