<?xml version="1.0" encoding="UTF-8"?>
<!-- Generated by org.testng.reporters.JUnitReportReporter -->
<testsuite hostname="DESKTOP-JP1A9E6" failures="0" tests="1" name="com.timp.test.TDK.Kpis.Edicao.KpisCartaoIndicadorExcluir" time="195.684" errors="0" timestamp="03 ago. 2021 04:13:49 GMT" skipped="0">
  <testcase classname="com.timp.test.TDK.Kpis.Edicao.KpisCartaoIndicadorExcluir" name="cartaoindicadroexcluir" time="195.684"/>
</testsuite> <!-- com.timp.test.TDK.Kpis.Edicao.KpisCartaoIndicadorExcluir -->
