<?xml version="1.0" encoding="UTF-8"?>
<!-- Generated by org.testng.reporters.JUnitReportReporter -->
<testsuite hostname="LitoSoler" name="com.timp.test.MDR.Centralizacao.Tributos.TributosVisualizar" tests="3" failures="0" timestamp="21 Oct 2020 00:18:54 GMT" time="90.255" errors="0">
  <testcase name="acessarMDR" time="21.110" classname="com.timp.test.MDR.Centralizacao.Tributos.TributosVisualizar"/>
  <testcase name="login" time="6.753" classname="com.timp.test.MDR.Centralizacao.Tributos.TributosVisualizar"/>
  <testcase name="visualizar" time="62.392" classname="com.timp.test.MDR.Centralizacao.Tributos.TributosVisualizar"/>
</testsuite> <!-- com.timp.test.MDR.Centralizacao.Tributos.TributosVisualizar -->
