<?xml version="1.0" encoding="UTF-8"?>
<!-- Generated by org.testng.reporters.JUnitReportReporter -->
<testsuite hostname="LAPTOP-IN7IV9K5" failures="0" tests="1" name="com.timp.test.MDR.CEP.Logradouro.LogradouroFiltros" time="39.087" errors="0" timestamp="09 abr. 2021 05:19:46 GMT" skipped="0">
  <testcase classname="com.timp.test.MDR.CEP.Logradouro.LogradouroFiltros" name="filtros" time="39.087"/>
</testsuite> <!-- com.timp.test.MDR.CEP.Logradouro.LogradouroFiltros -->
