<?xml version="1.0" encoding="UTF-8"?>
<!-- Generated by org.testng.reporters.JUnitReportReporter -->
<testsuite hostname="DESKTOP-C57COV6" failures="0" tests="1" name="com.timp.test.MDR.CEP.Logradouro.LogradouroCriar" time="85.735" errors="0" timestamp="15 oct. 2021 12:22:09 GMT" skipped="0">
  <testcase classname="com.timp.test.MDR.CEP.Logradouro.LogradouroCriar" name="criar" time="85.735"/>
</testsuite> <!-- com.timp.test.MDR.CEP.Logradouro.LogradouroCriar -->
