<?xml version="1.0" encoding="UTF-8"?>
<!-- Generated by org.testng.reporters.JUnitReportReporter -->
<testsuite hostname="MIGUEL" failures="0" tests="1" name="com.timp.test.ADM.LoginBRB" time="15.547" errors="0" timestamp="16 mar. 2021 14:41:09 GMT" skipped="0">
  <testcase classname="com.timp.test.ADM.LoginBRB" name="Login" time="15.547"/>
</testsuite> <!-- com.timp.test.ADM.LoginBRB -->
