<?xml version="1.0" encoding="UTF-8"?>
<!-- Generated by org.testng.reporters.JUnitReportReporter -->
<testsuite hostname="MIGUEL" failures="0" tests="1" name="com.timp.test.TCC.FatorDeCreditamento.FatorDeCreditamentoFiltroPorId" time="49.153" errors="0" timestamp="21 abr. 2021 03:59:42 GMT" skipped="0">
  <testcase classname="com.timp.test.TCC.FatorDeCreditamento.FatorDeCreditamentoFiltroPorId" name="filtroPorId" time="49.153"/>
</testsuite> <!-- com.timp.test.TCC.FatorDeCreditamento.FatorDeCreditamentoFiltroPorId -->
