<?xml version="1.0" encoding="UTF-8"?>
<!-- Generated by org.testng.reporters.JUnitReportReporter -->
<testsuite hostname="DESKTOP-M23FVFN" failures="0" tests="1" name="com.timp.test.MDR.TabelasApoioESocial.Tabela06.PaisesEditar" time="125.291" errors="0" timestamp="22 dic. 2021 08:39:08 GMT" skipped="0">
  <testcase classname="com.timp.test.MDR.TabelasApoioESocial.Tabela06.PaisesEditar" name="editar" time="125.291"/>
</testsuite> <!-- com.timp.test.MDR.TabelasApoioESocial.Tabela06.PaisesEditar -->
