<?xml version="1.0" encoding="UTF-8"?>
<<<<<<< HEAD
<!-- Generated by org.testng.reporters.JUnitReportReporter -->
<testsuite hostname="DESKTOP-JP1A9E6" failures="0" tests="2" name="com.timp.test.BRB.FiltroColunas" time="209.482" errors="0" timestamp="12 jul. 2021 23:15:00 GMT" skipped="0">
  <testcase classname="com.timp.test.BRB.FiltroColunas" name="filtroConFerramenta2" time="25.461"/>
  <testcase classname="com.timp.test.BRB.FiltroColunas" name="filtroConFerramenta1" time="184.021"/>
=======
<!-- Generated by org.testng.reporters.JUnitReportReporter -->
<testsuite hostname="DESKTOP-C57COV6" failures="0" tests="2" name="com.timp.test.BRB.FiltroColunas" time="141.598" errors="0" timestamp="05 jul. 2021 15:53:28 GMT" skipped="0">
  <testcase classname="com.timp.test.BRB.FiltroColunas" name="filtroConFerramenta2" time="25.730"/>
  <testcase classname="com.timp.test.BRB.FiltroColunas" name="filtroConFerramenta1" time="115.868"/>
>>>>>>> branch 'Yessy' of https://github.com/salc1997/TIMP_R1.git
</testsuite> <!-- com.timp.test.BRB.FiltroColunas -->
