<?xml version="1.0" encoding="UTF-8"?>
<!-- Generated by org.testng.reporters.JUnitReportReporter -->
<testsuite hostname="Agile" failures="0" tests="1" name="com.timp.test.MDR.DeterminacaoDeRelevanciaDeTarefa.CadastroDeCódigoDeRegras.CadastroDeCódigoDeRegrasCriar" time="106.026" errors="0" timestamp="16 feb. 2022 08:05:46 GMT" skipped="0">
  <testcase classname="com.timp.test.MDR.DeterminacaoDeRelevanciaDeTarefa.CadastroDeCódigoDeRegras.CadastroDeCódigoDeRegrasCriar" name="criar" time="106.026"/>
</testsuite> <!-- com.timp.test.MDR.DeterminacaoDeRelevanciaDeTarefa.CadastroDeCódigoDeRegras.CadastroDeCódigoDeRegrasCriar -->
