<?xml version="1.0" encoding="UTF-8"?>
<!-- Generated by org.testng.reporters.JUnitReportReporter -->
<testsuite hostname="CRISTHIAN-VASQUEZ" failures="0" tests="6" name="com.timp.test.TDK.Execucoes.ExecucoesPublicas.ExecuçõesExecuçõesPúblicasLixeiraemMassa" time="464.353" errors="0" timestamp="22 feb. 2021 17:05:14 GMT" skipped="0">
  <testcase classname="com.timp.test.TDK.Execucoes.ExecucoesPublicas.ExecuçõesExecuçõesPúblicasLixeiraemMassa" name="login" time="8.572"/>
  <testcase classname="com.timp.test.TDK.Execucoes.ExecucoesPublicas.ExecuçõesExecuçõesPúblicasLixeiraemMassa" name="acessarTDK" time="56.640"/>
  <testcase classname="com.timp.test.TDK.Execucoes.ExecucoesPublicas.ExecuçõesExecuçõesPúblicasLixeiraemMassa" name="criar" time="243.756"/>
  <testcase classname="com.timp.test.TDK.Execucoes.ExecucoesPublicas.ExecuçõesExecuçõesPúblicasLixeiraemMassa" name="lixeira" time="81.948"/>
  <testcase classname="com.timp.test.TDK.Execucoes.ExecucoesPublicas.ExecuçõesExecuçõesPúblicasLixeiraemMassa" name="lixeiraDefinitiva" time="31.697"/>
  <testcase classname="com.timp.test.TDK.Execucoes.ExecucoesPublicas.ExecuçõesExecuçõesPúblicasLixeiraemMassa" name="lixeiraExecucao" time="41.740"/>
</testsuite> <!-- com.timp.test.TDK.Execucoes.ExecucoesPublicas.ExecuçõesExecuçõesPúblicasLixeiraemMassa -->
