<?xml version="1.0" encoding="UTF-8"?>
<!-- Generated by org.testng.reporters.JUnitReportReporter -->
<testsuite hostname="DESKTOP-C57COV6" failures="0" tests="3" name="com.timp.test.TFP.Configurações.Bloqueios.Periodo.ConfiguracaoBloqueiosVer" time="105.132" errors="0" timestamp="25 jul. 2021 00:39:55 GMT" skipped="0">
  <testcase classname="com.timp.test.TFP.Configurações.Bloqueios.Periodo.ConfiguracaoBloqueiosVer" name="login" time="10.263"/>
  <testcase classname="com.timp.test.TFP.Configurações.Bloqueios.Periodo.ConfiguracaoBloqueiosVer" name="TFPEntrar" time="28.959"/>
  <testcase classname="com.timp.test.TFP.Configurações.Bloqueios.Periodo.ConfiguracaoBloqueiosVer" name="ver" time="65.910"/>
</testsuite> <!-- com.timp.test.TFP.Configurações.Bloqueios.Periodo.ConfiguracaoBloqueiosVer -->
