<?xml version="1.0" encoding="UTF-8"?>
<!-- Generated by org.testng.reporters.JUnitReportReporter -->
<testsuite hostname="MIGUEL" failures="0" tests="1" name="com.timp.test.MDR.TabelasApoioESocial.Tabela02.FinanciamentoDeAposEspDetalhe" time="61.392" errors="0" timestamp="09 mar. 2021 17:46:50 GMT" skipped="0">
  <testcase classname="com.timp.test.MDR.TabelasApoioESocial.Tabela02.FinanciamentoDeAposEspDetalhe" name="detalhe" time="61.392"/>
</testsuite> <!-- com.timp.test.MDR.TabelasApoioESocial.Tabela02.FinanciamentoDeAposEspDetalhe -->
