<?xml version="1.0" encoding="UTF-8"?>
<!-- Generated by org.testng.reporters.JUnitReportReporter -->
<testsuite hostname="MIGUEL" failures="0" tests="15" name="com.timp.test.DFG.AN4.AN4Funcionalidades" time="1359.240" errors="0" timestamp="08 abr. 2021 04:29:15 GMT" skipped="0">
  <testcase classname="com.timp.test.DFG.AN4.AN4Funcionalidades" name="ingresar" time="12.230"/>
  <testcase classname="com.timp.test.DFG.AN4.AN4Funcionalidades" name="DFGEntrar" time="19.356"/>
  <testcase classname="com.timp.test.DFG.AN4.AN4Funcionalidades" name="AN4ID" time="10.654"/>
  <testcase classname="com.timp.test.DFG.AN4.AN4Funcionalidades" name="AN4Criar1" time="179.804"/>
  <testcase classname="com.timp.test.DFG.AN4.AN4Funcionalidades" name="AN4Criar2" time="188.646"/>
  <testcase classname="com.timp.test.DFG.AN4.AN4Funcionalidades" name="AN4IdBRE" time="23.182"/>
  <testcase classname="com.timp.test.DFG.AN4.AN4Funcionalidades" name="criarRegraBRE" time="153.415"/>
  <testcase classname="com.timp.test.DFG.AN4.AN4Funcionalidades" name="AN4IdDFG" time="37.936"/>
  <testcase classname="com.timp.test.DFG.AN4.AN4Funcionalidades" name="criarRaizDFG" time="67.938"/>
  <testcase classname="com.timp.test.DFG.AN4.AN4Funcionalidades" name="criarRaizDFG2" time="66.453"/>
  <testcase classname="com.timp.test.DFG.AN4.AN4Funcionalidades" name="executarDFG" time="203.701"/>
  <testcase classname="com.timp.test.DFG.AN4.AN4Funcionalidades" name="criarAN4" time="182.906"/>
  <testcase classname="com.timp.test.DFG.AN4.AN4Funcionalidades" name="editarAN4" time="96.027"/>
  <testcase classname="com.timp.test.DFG.AN4.AN4Funcionalidades" name="executarAN4" time="51.306"/>
  <testcase classname="com.timp.test.DFG.AN4.AN4Funcionalidades" name="lixeriarAN4" time="65.686"/>
</testsuite> <!-- com.timp.test.DFG.AN4.AN4Funcionalidades -->
