<?xml version="1.0" encoding="UTF-8"?>
<!-- Generated by org.testng.reporters.JUnitReportReporter -->
<testsuite hostname="DESKTOP-HB7TMPD" failures="0" tests="9" name="com.timp.test.BCB.FormulaHierarquiaConfiguracaoTodasAsFuncionalidadesParte1" time="570.982" errors="0" timestamp="4 Jan 2021 06:30:46 GMT">
  <testcase classname="com.timp.test.BCB.FormulaHierarquiaConfiguracaoTodasAsFuncionalidadesParte1" name="criarConfiguracaoHierarquia" time="77.496"/>
  <testcase classname="com.timp.test.BCB.FormulaHierarquiaConfiguracaoTodasAsFuncionalidadesParte1" name="subNivel3" time="42.260"/>
  <testcase classname="com.timp.test.BCB.FormulaHierarquiaConfiguracaoTodasAsFuncionalidadesParte1" name="criarConfiguracao" time="135.344"/>
  <testcase classname="com.timp.test.BCB.FormulaHierarquiaConfiguracaoTodasAsFuncionalidadesParte1" name="criarConfiguracionConfiguracao" time="167.162"/>
  <testcase classname="com.timp.test.BCB.FormulaHierarquiaConfiguracaoTodasAsFuncionalidadesParte1" name="brbEntrar" time="16.158"/>
  <testcase classname="com.timp.test.BCB.FormulaHierarquiaConfiguracaoTodasAsFuncionalidadesParte1" name="login" time="8.866"/>
  <testcase classname="com.timp.test.BCB.FormulaHierarquiaConfiguracaoTodasAsFuncionalidadesParte1" name="outputBCB" time="49.104"/>
  <testcase classname="com.timp.test.BCB.FormulaHierarquiaConfiguracaoTodasAsFuncionalidadesParte1" name="subNivel2" time="36.162"/>
  <testcase classname="com.timp.test.BCB.FormulaHierarquiaConfiguracaoTodasAsFuncionalidadesParte1" name="subNivel4" time="38.430"/>
</testsuite> <!-- com.timp.test.BCB.FormulaHierarquiaConfiguracaoTodasAsFuncionalidadesParte1 -->
