<?xml version="1.0" encoding="UTF-8"?>
<!-- Generated by org.testng.reporters.JUnitReportReporter -->
<testsuite hostname="DESKTOP-BNBDMGT" failures="0" tests="3" name="com.timp.test.MDR.ContratoIOF.ContratoIOFEditar" time="76.472" errors="0" timestamp="30 Oct 2020 04:08:24 GMT">
  <testcase classname="com.timp.test.MDR.ContratoIOF.ContratoIOFEditar" name="acessarMDR" time="15.202"/>
  <testcase classname="com.timp.test.MDR.ContratoIOF.ContratoIOFEditar" name="editar" time="54.143"/>
  <testcase classname="com.timp.test.MDR.ContratoIOF.ContratoIOFEditar" name="login" time="7.127"/>
</testsuite> <!-- com.timp.test.MDR.ContratoIOF.ContratoIOFEditar -->
