<?xml version="1.0" encoding="UTF-8"?>
<!-- Generated by org.testng.reporters.JUnitReportReporter -->
<testsuite hostname="DESKTOP-5P4F1JE" failures="0" tests="3" name="com.timp.test.TDK.Dashboard.DashboardCriar" time="220.358" errors="0" timestamp="2 Feb 2021 17:00:48 GMT">
  <testcase classname="com.timp.test.TDK.Dashboard.DashboardCriar" name="acessarTDK" time="24.399"/>
  <testcase classname="com.timp.test.TDK.Dashboard.DashboardCriar" name="criar" time="186.666"/>
  <testcase classname="com.timp.test.TDK.Dashboard.DashboardCriar" name="login" time="9.293"/>
</testsuite> <!-- com.timp.test.TDK.Dashboard.DashboardCriar -->
