<?xml version="1.0" encoding="UTF-8"?>
<!-- Generated by org.testng.reporters.JUnitReportReporter -->
<testsuite hostname="LitoSoler" name="com.timp.test.MDR.SequenciaAcesso.SequenciaVisualizar" tests="3" failures="0" timestamp="1 Sep 2020 20:31:10 GMT" time="137.271" errors="0">
  <testcase name="Visualizar" time="83.902" classname="com.timp.test.MDR.SequenciaAcesso.SequenciaVisualizar"/>
  <testcase name="login" time="8.716" classname="com.timp.test.MDR.SequenciaAcesso.SequenciaVisualizar"/>
  <testcase name="acessarMDR" time="44.653" classname="com.timp.test.MDR.SequenciaAcesso.SequenciaVisualizar"/>
</testsuite> <!-- com.timp.test.MDR.SequenciaAcesso.SequenciaVisualizar -->
