<?xml version="1.0" encoding="UTF-8"?>
<!-- Generated by org.testng.reporters.JUnitReportReporter -->
<testsuite hostname="LitoSoler" name="com.timp.test.BCB.ParametrosGeraisHierarquiaExcluirSelectFlag" tests="3" failures="0" timestamp="27 Jan 2021 20:28:18 GMT" time="67.295" errors="0">
  <testcase name="excluir" time="46.279" classname="com.timp.test.BCB.ParametrosGeraisHierarquiaExcluirSelectFlag"/>
  <testcase name="login" time="6.662" classname="com.timp.test.BCB.ParametrosGeraisHierarquiaExcluirSelectFlag"/>
  <testcase name="brbEntrar" time="14.354" classname="com.timp.test.BCB.ParametrosGeraisHierarquiaExcluirSelectFlag"/>
</testsuite> <!-- com.timp.test.BCB.ParametrosGeraisHierarquiaExcluirSelectFlag -->
