<?xml version="1.0" encoding="UTF-8"?>
<!-- Generated by org.testng.reporters.JUnitReportReporter -->
<testsuite hostname="DESKTOP-BNBDMGT" failures="0" tests="2" name="com.timp.test.MDR.DetalheTipoTributo.DetalheExcluirMassa" time="146.923" errors="0" timestamp="16 mar. 2021 01:38:18 GMT" skipped="0">
  <testcase classname="com.timp.test.MDR.DetalheTipoTributo.DetalheExcluirMassa" name="criar" time="106.735"/>
  <testcase classname="com.timp.test.MDR.DetalheTipoTributo.DetalheExcluirMassa" name="excluirMassa" time="40.188"/>
</testsuite> <!-- com.timp.test.MDR.DetalheTipoTributo.DetalheExcluirMassa -->
