<?xml version="1.0" encoding="UTF-8"?>
<!-- Generated by org.testng.reporters.JUnitReportReporter -->
<testsuite hostname="CRISTHIAN-VASQUEZ" failures="0" tests="8" name="com.timp.test.DFG.LeiautesExecução.LeiautesExecuçãoFuncionalidades" time="513.209" errors="0" timestamp="18 Jan 2021 13:46:44 GMT">
  <testcase classname="com.timp.test.DFG.LeiautesExecução.LeiautesExecuçãoFuncionalidades" name="CriarLeiaute" time="122.204"/>
  <testcase classname="com.timp.test.DFG.LeiautesExecução.LeiautesExecuçãoFuncionalidades" name="ingresar" time="9.095"/>
  <testcase classname="com.timp.test.DFG.LeiautesExecução.LeiautesExecuçãoFuncionalidades" name="TotaldeLinhasAgrupadas" time="70.736"/>
  <testcase classname="com.timp.test.DFG.LeiautesExecução.LeiautesExecuçãoFuncionalidades" name="bloco" time="61.602"/>
  <testcase classname="com.timp.test.DFG.LeiautesExecução.LeiautesExecuçãoFuncionalidades" name="DFGEntrar" time="19.890"/>
  <testcase classname="com.timp.test.DFG.LeiautesExecução.LeiautesExecuçãoFuncionalidades" name="RaizID" time="10.560"/>
  <testcase classname="com.timp.test.DFG.LeiautesExecução.LeiautesExecuçãoFuncionalidades" name="relaciona" time="193.277"/>
  <testcase classname="com.timp.test.DFG.LeiautesExecução.LeiautesExecuçãoFuncionalidades" name="ListarRegistros" time="25.845"/>
</testsuite> <!-- com.timp.test.DFG.LeiautesExecução.LeiautesExecuçãoFuncionalidades -->
