<?xml version="1.0" encoding="UTF-8"?>
<!-- Generated by org.testng.reporters.JUnitReportReporter -->
<<<<<<< HEAD
<testsuite hostname="DESKTOP-C57COV6" failures="0" tests="1" name="com.timp.test.MDR.RegistroECAC.RegistroECACCriar" time="131.457" errors="0" timestamp="05 ago. 2021 12:32:48 GMT" skipped="0">
  <testcase classname="com.timp.test.MDR.RegistroECAC.RegistroECACCriar" name="criar" time="131.457"/>
=======
<testsuite hostname="DESKTOP-JP1A9E6" failures="0" tests="1" name="com.timp.test.MDR.RegistroECAC.RegistroECACCriar" time="110.506" errors="0" timestamp="10 ago. 2021 12:24:38 GMT" skipped="0">
  <testcase classname="com.timp.test.MDR.RegistroECAC.RegistroECACCriar" name="criar" time="110.506"/>
>>>>>>> branch 'Yessy' of https://github.com/salc1997/TIMP_R1.git
</testsuite> <!-- com.timp.test.MDR.RegistroECAC.RegistroECACCriar -->
