<?xml version="1.0" encoding="UTF-8"?>
<!-- Generated by org.testng.reporters.JUnitReportReporter -->
<testsuite hostname="LAPTOP-IN7IV9K5" failures="0" tests="3" name="com.timp.test.CALENDAR.Tarefas.TarefasExecutarConfiguracaoBFB" time="97.148" errors="0" timestamp="05 abr. 2021 17:49:13 GMT" skipped="0">
  <testcase classname="com.timp.test.CALENDAR.Tarefas.TarefasExecutarConfiguracaoBFB" name="login" time="6.577"/>
  <testcase classname="com.timp.test.CALENDAR.Tarefas.TarefasExecutarConfiguracaoBFB" name="acessarCalendar" time="30.495"/>
  <testcase classname="com.timp.test.CALENDAR.Tarefas.TarefasExecutarConfiguracaoBFB" name="CalendarEntrar" time="60.076"/>
</testsuite> <!-- com.timp.test.CALENDAR.Tarefas.TarefasExecutarConfiguracaoBFB -->
