<?xml version="1.0" encoding="UTF-8"?>
<!-- Generated by org.testng.reporters.JUnitReportReporter -->
<testsuite hostname="DESKTOP-M23FVFN" failures="0" tests="1" name="com.timp.test.TFP.Configurações.Status.Periodo.StatusPeriodoFiltroID" time="100.705" errors="0" timestamp="2022-09-01T10:41:39 CST" skipped="0">
  <testcase classname="com.timp.test.TFP.Configurações.Status.Periodo.StatusPeriodoFiltroID" name="filtro" time="100.705"/>
  <system-out/>
</testsuite> <!-- com.timp.test.TFP.Configurações.Status.Periodo.StatusPeriodoFiltroID -->
