<?xml version="1.0" encoding="UTF-8"?>
<!-- Generated by org.testng.reporters.JUnitReportReporter -->
<testsuite hostname="DESKTOP-5P4F1JE" failures="0" tests="3" name="com.timp.test.ADM.Configura��o.ConfiguracaoDeTributos.ConfiguracaoDeTipoTributo.ConfiguracaoDeTipoTributoCriar" time="72.018" errors="0" timestamp="10 Feb 2021 19:24:53 GMT">
  <testcase classname="com.timp.test.ADM.Configura��o.ConfiguracaoDeTributos.ConfiguracaoDeTipoTributo.ConfiguracaoDeTipoTributoCriar" name="criar" time="46.717"/>
  <testcase classname="com.timp.test.ADM.Configura��o.ConfiguracaoDeTributos.ConfiguracaoDeTipoTributo.ConfiguracaoDeTipoTributoCriar" name="login" time="8.388"/>
  <testcase classname="com.timp.test.ADM.Configura��o.ConfiguracaoDeTributos.ConfiguracaoDeTipoTributo.ConfiguracaoDeTipoTributoCriar" name="AcessarADM" time="16.913"/>
</testsuite> <!-- com.timp.test.ADM.Configura��o.ConfiguracaoDeTributos.ConfiguracaoDeTipoTributo.ConfiguracaoDeTipoTributoCriar -->
