<?xml version="1.0" encoding="UTF-8"?>
<!-- Generated by org.testng.reporters.JUnitReportReporter -->
<testsuite hostname="MassielV" failures="0" tests="1" name="com.timp.test.BRB.AtivarCorrecao" time="139.135" errors="0" timestamp="05 nov. 2021 16:36:47 GMT" skipped="0">
  <testcase classname="com.timp.test.BRB.AtivarCorrecao" name="ativarCorreccion" time="139.135"/>
</testsuite> <!-- com.timp.test.BRB.AtivarCorrecao -->
