<?xml version="1.0" encoding="UTF-8"?>
<!-- Generated by org.testng.reporters.JUnitReportReporter -->
<testsuite hostname="DESKTOP-M23FVFN" failures="0" tests="1" name="com.timp.test.MDR.TaxasDeAtualização.AlíquotasTaxaDeAtualização.AliquotaDeTaxaDeActualizacaoDetalhes" time="190.387" errors="0" timestamp="17 mar. 2022 19:24:24 GMT" skipped="0">
  <testcase classname="com.timp.test.MDR.TaxasDeAtualização.AlíquotasTaxaDeAtualização.AliquotaDeTaxaDeActualizacaoDetalhes" name="detalhes" time="190.387"/>
</testsuite> <!-- com.timp.test.MDR.TaxasDeAtualização.AlíquotasTaxaDeAtualização.AliquotaDeTaxaDeActualizacaoDetalhes -->
