<?xml version="1.0" encoding="UTF-8"?>
<!-- Generated by org.testng.reporters.JUnitReportReporter -->
<testsuite hostname="EC2AMAZ-8HCHO4G" failures="0" tests="3" name="com.timp.test.BRE.Lixeira.ParametrosGerais.LixeiraTodasFunc" time="290.342" errors="0" timestamp="2024-07-17T17:19:50 UTC" skipped="0">
  <testcase classname="com.timp.test.BRE.Lixeira.ParametrosGerais.LixeiraTodasFunc" name="criar" time="178.031"/>
  <system-out/>
  <testcase classname="com.timp.test.BRE.Lixeira.ParametrosGerais.LixeiraTodasFunc" name="restaurar" time="37.882"/>
  <system-out/>
  <testcase classname="com.timp.test.BRE.Lixeira.ParametrosGerais.LixeiraTodasFunc" name="excluir" time="74.429"/>
  <system-out/>
</testsuite> <!-- com.timp.test.BRE.Lixeira.ParametrosGerais.LixeiraTodasFunc -->
