<?xml version="1.0" encoding="UTF-8"?>
<!-- Generated by org.testng.reporters.JUnitReportReporter -->
<testsuite hostname="LitoSoler" name="com.timp.test.BRB.Paginacion" tests="3" failures="0" timestamp="9 Nov 2020 19:51:31 GMT" time="61.209" errors="0">
  <testcase name="brbEntrar" time="18.967" classname="com.timp.test.BRB.Paginacion"/>
  <testcase name="login" time="8.239" classname="com.timp.test.BRB.Paginacion"/>
  <testcase name="paginacion" time="34.003" classname="com.timp.test.BRB.Paginacion"/>
</testsuite> <!-- com.timp.test.BRB.Paginacion -->
