<?xml version="1.0" encoding="UTF-8"?>
<!-- Generated by org.testng.reporters.JUnitReportReporter -->
<testsuite hostname="EC2AMAZ-8HCHO4G" failures="0" tests="3" name="com.timp.test.ATR.Estruturas.RelacionamentoEstruturas.RelacionamentoEstruturasCriarComCopia" time="112.362" errors="0" timestamp="2023-02-27T15:41:55 UTC" skipped="0">
  <testcase classname="com.timp.test.ATR.Estruturas.RelacionamentoEstruturas.RelacionamentoEstruturasCriarComCopia" name="excluirCopia" time="22.150"/>
  <system-out/>
  <testcase classname="com.timp.test.ATR.Estruturas.RelacionamentoEstruturas.RelacionamentoEstruturasCriarComCopia" name="editarCopia" time="20.343"/>
  <system-out/>
  <testcase classname="com.timp.test.ATR.Estruturas.RelacionamentoEstruturas.RelacionamentoEstruturasCriarComCopia" name="criarCopia" time="69.869"/>
  <system-out/>
</testsuite> <!-- com.timp.test.ATR.Estruturas.RelacionamentoEstruturas.RelacionamentoEstruturasCriarComCopia -->
