<?xml version="1.0" encoding="UTF-8"?>
<!-- Generated by org.testng.reporters.JUnitReportReporter -->
<testsuite hostname="DESKTOP-M23FVFN" failures="0" tests="1" name="com.timp.test.TCC.CentralizaçãoDeTributos.CentralizaçãoDeTributosFiltrosAvançados" time="297.451" errors="0" timestamp="2022-11-09T21:05:32 BRT" skipped="0">
  <testcase classname="com.timp.test.TCC.CentralizaçãoDeTributos.CentralizaçãoDeTributosFiltrosAvançados" name="Filtro" time="297.451"/>
  <system-out/>
</testsuite> <!-- com.timp.test.TCC.CentralizaçãoDeTributos.CentralizaçãoDeTributosFiltrosAvançados -->
