<?xml version="1.0" encoding="UTF-8"?>
<!-- Generated by org.testng.reporters.JUnitReportReporter -->
<testsuite hostname="DESKTOP-JP1A9E6" failures="0" tests="2" name="com.timp.test.MDR.OcorrenciaFiscal.TiposDeObjetosDeOcorrenciasFiscais.TiposDeObjetosDeOcorrenciasFiscaisExcluirMassa" time="272.728" errors="0" timestamp="02 sep. 2021 10:00:33 GMT" skipped="0">
  <testcase classname="com.timp.test.MDR.OcorrenciaFiscal.TiposDeObjetosDeOcorrenciasFiscais.TiposDeObjetosDeOcorrenciasFiscaisExcluirMassa" name="Criar" time="242.102"/>
  <testcase classname="com.timp.test.MDR.OcorrenciaFiscal.TiposDeObjetosDeOcorrenciasFiscais.TiposDeObjetosDeOcorrenciasFiscaisExcluirMassa" name="Excluir" time="30.626"/>
</testsuite> <!-- com.timp.test.MDR.OcorrenciaFiscal.TiposDeObjetosDeOcorrenciasFiscais.TiposDeObjetosDeOcorrenciasFiscaisExcluirMassa -->
