<?xml version="1.0" encoding="UTF-8"?>
<!-- Generated by org.testng.reporters.JUnitReportReporter -->
<testsuite hostname="DESKTOP-C57COV6" failures="0" tests="2" name="com.timp.test.BRB.ExcluirColuna" time="269.548" errors="0" timestamp="17 ago. 2021 05:42:08 GMT" skipped="0">
  <testcase classname="com.timp.test.BRB.ExcluirColuna" name="excluirColunaDragNDrop" time="182.458"/>
  <testcase classname="com.timp.test.BRB.ExcluirColuna" name="excluirColunaOpcao" time="87.090"/>
</testsuite> <!-- com.timp.test.BRB.ExcluirColuna -->
