<?xml version="1.0" encoding="UTF-8"?>
<!-- Generated by org.testng.reporters.JUnitReportReporter -->
<testsuite hostname="DESKTOP-JP1A9E6" failures="0" tests="1" name="com.timp.test.TFP.Periodos.SubPeriodoPeriodicidade.SubPeriodoPeriodicidadeAlterarStatusSubperiodoAvulso" time="99.284" errors="0" timestamp="24 sep. 2021 01:05:07 GMT" skipped="0">
  <testcase classname="com.timp.test.TFP.Periodos.SubPeriodoPeriodicidade.SubPeriodoPeriodicidadeAlterarStatusSubperiodoAvulso" name="filtro" time="99.284"/>
</testsuite> <!-- com.timp.test.TFP.Periodos.SubPeriodoPeriodicidade.SubPeriodoPeriodicidadeAlterarStatusSubperiodoAvulso -->
