<?xml version="1.0" encoding="UTF-8"?>
<!-- Generated by org.testng.reporters.JUnitReportReporter -->
<testsuite hostname="MassielV" failures="0" tests="1" name="com.timp.test.MDR.Filiais.FiliaisVisualizar" time="116.621" errors="0" timestamp="15 oct. 2021 12:49:53 GMT" skipped="0">
  <testcase classname="com.timp.test.MDR.Filiais.FiliaisVisualizar" name="visualizar" time="116.621"/>
</testsuite> <!-- com.timp.test.MDR.Filiais.FiliaisVisualizar -->
