<?xml version="1.0" encoding="UTF-8"?>
<!-- Generated by org.testng.reporters.JUnitReportReporter -->
<testsuite hostname="CRISTHIAN-VASQUEZ" failures="0" tests="3" name="com.timp.test.TCC.BancoCréditoTributário.PainelPerDcomp.ConfiguraçãodeBancodeCréditoTributário.ConfiguraçãodeBancodeCréditoTributárioExcluir" time="69.574" errors="0" timestamp="13 Jan 2021 17:36:49 GMT">
  <testcase classname="com.timp.test.TCC.BancoCréditoTributário.PainelPerDcomp.ConfiguraçãodeBancodeCréditoTributário.ConfiguraçãodeBancodeCréditoTributárioExcluir" name="ingresar" time="10.228"/>
  <testcase classname="com.timp.test.TCC.BancoCréditoTributário.PainelPerDcomp.ConfiguraçãodeBancodeCréditoTributário.ConfiguraçãodeBancodeCréditoTributárioExcluir" name="excluir" time="36.618"/>
  <testcase classname="com.timp.test.TCC.BancoCréditoTributário.PainelPerDcomp.ConfiguraçãodeBancodeCréditoTributário.ConfiguraçãodeBancodeCréditoTributárioExcluir" name="ingresarTAA" time="22.728"/>
</testsuite> <!-- com.timp.test.TCC.BancoCréditoTributário.PainelPerDcomp.ConfiguraçãodeBancodeCréditoTributário.ConfiguraçãodeBancodeCréditoTributárioExcluir -->
