<?xml version="1.0" encoding="UTF-8"?>
<!-- Generated by org.testng.reporters.JUnitReportReporter -->
<testsuite hostname="DESKTOP-M23FVFN" failures="0" tests="1" name="com.timp.test.MDR.RegistroECAC.RegistroECACExcluir" time="145.826" errors="0" timestamp="30 nov. 2021 08:59:51 GMT" skipped="0">
  <testcase classname="com.timp.test.MDR.RegistroECAC.RegistroECACExcluir" name="excluir" time="145.826"/>
</testsuite> <!-- com.timp.test.MDR.RegistroECAC.RegistroECACExcluir -->
