<?xml version="1.0" encoding="UTF-8"?>
<!-- Generated by org.testng.reporters.JUnitReportReporter -->
<testsuite hostname="DESKTOP-BNBDMGT" failures="0" tests="3" name="com.timp.test.ADM.Configuração.Licenças.LicençasDetalhes" time="49.072" errors="0" timestamp="28 Jan 2021 04:31:14 GMT">
  <testcase classname="com.timp.test.ADM.Configuração.Licenças.LicençasDetalhes" name="login" time="11.232"/>
  <testcase classname="com.timp.test.ADM.Configuração.Licenças.LicençasDetalhes" name="AcessarADM" time="18.331"/>
  <testcase classname="com.timp.test.ADM.Configuração.Licenças.LicençasDetalhes" name="Detalles" time="19.509"/>
</testsuite> <!-- com.timp.test.ADM.Configuração.Licenças.LicençasDetalhes -->
