<?xml version="1.0" encoding="UTF-8"?>
<!-- Generated by org.testng.reporters.JUnitReportReporter -->
<testsuite hostname="DESKTOP-M23FVFN" failures="0" tests="1" name="com.timp.test.BCB.ParametrosGeraisHierarquia.Hierarquia.ParametrosGeraisHierarquiaVisualizar" time="89.518" errors="0" timestamp="04 feb. 2022 20:33:20 GMT" skipped="0">
  <testcase classname="com.timp.test.BCB.ParametrosGeraisHierarquia.Hierarquia.ParametrosGeraisHierarquiaVisualizar" name="visualizar" time="89.518"/>
</testsuite> <!-- com.timp.test.BCB.ParametrosGeraisHierarquia.Hierarquia.ParametrosGeraisHierarquiaVisualizar -->
