<?xml version="1.0" encoding="UTF-8"?>
<!-- Generated by org.testng.reporters.JUnitReportReporter -->
<testsuite hostname="CRISTHIAN-VASQUEZ" failures="0" tests="3" name="com.timp.test.BRE.RegrasdeAuditoriaN2.RegrasDeAuditoriaN2CriarCaminhos" time="156.311" errors="0" timestamp="2 Feb 2021 11:49:31 GMT">
  <testcase classname="com.timp.test.BRE.RegrasdeAuditoriaN2.RegrasDeAuditoriaN2CriarCaminhos" name="criar" time="130.596"/>
  <testcase classname="com.timp.test.BRE.RegrasdeAuditoriaN2.RegrasDeAuditoriaN2CriarCaminhos" name="acessarBRE" time="17.031"/>
  <testcase classname="com.timp.test.BRE.RegrasdeAuditoriaN2.RegrasDeAuditoriaN2CriarCaminhos" name="login" time="8.684"/>
</testsuite> <!-- com.timp.test.BRE.RegrasdeAuditoriaN2.RegrasDeAuditoriaN2CriarCaminhos -->
