<?xml version="1.0" encoding="UTF-8"?>
<!-- Generated by org.testng.reporters.JUnitReportReporter -->
<testsuite hostname="DESKTOP-35UG9UP" name="com.timp.test.MDR.TabelasApoioSped.CodigoTipoCredito.InformaçoesAdicionaisVisualizar" tests="3" failures="0" timestamp="7 Aug 2020 12:16:15 GMT" time="117.325" errors="0">
  <testcase name="login" time="10.135" classname="com.timp.test.MDR.TabelasApoioSped.CodigoTipoCredito.InformaçoesAdicionaisVisualizar"/>
  <testcase name="Visualizar" time="69.394" classname="com.timp.test.MDR.TabelasApoioSped.CodigoTipoCredito.InformaçoesAdicionaisVisualizar"/>
  <testcase name="acessarMDR" time="37.796" classname="com.timp.test.MDR.TabelasApoioSped.CodigoTipoCredito.InformaçoesAdicionaisVisualizar"/>
</testsuite> <!-- com.timp.test.MDR.TabelasApoioSped.CodigoTipoCredito.InformaçoesAdicionaisVisualizar -->
