<?xml version="1.0" encoding="UTF-8"?>
<!-- Generated by org.testng.reporters.JUnitReportReporter -->
<testsuite hostname="Agile" failures="0" tests="1" name="com.timp.test.MDR.Centralizacao.FatorCreditamento.FatorCreditamentoEditar" time="139.658" errors="0" timestamp="11 mar. 2022 16:42:51 GMT" skipped="0">
  <testcase classname="com.timp.test.MDR.Centralizacao.FatorCreditamento.FatorCreditamentoEditar" name="editar" time="139.658"/>
</testsuite> <!-- com.timp.test.MDR.Centralizacao.FatorCreditamento.FatorCreditamentoEditar -->
