<?xml version="1.0" encoding="UTF-8"?>
<!-- Generated by org.testng.reporters.JUnitReportReporter -->
<testsuite skipped="0" hostname="LitoSoler" name="com.timp.test.BRB.Formula" tests="3" failures="0" timestamp="24 feb 2021 16:20:00 GMT" time="143.726" errors="0">
  <testcase name="aplicar" time="16.175" classname="com.timp.test.BRB.Formula"/>
  <testcase name="formulaBoton" time="67.755" classname="com.timp.test.BRB.Formula"/>
  <testcase name="formulaColuna" time="59.796" classname="com.timp.test.BRB.Formula"/>
</testsuite> <!-- com.timp.test.BRB.Formula -->
