<?xml version="1.0" encoding="UTF-8"?>
<!-- Generated by org.testng.reporters.JUnitReportReporter -->
<testsuite hostname="EC2AMAZ-8HCHO4G" failures="0" tests="1" name="com.timp.test.BRB.EditarRelatorio" time="91.379" errors="0" timestamp="2023-08-31T01:25:35 UTC" skipped="0">
  <testcase classname="com.timp.test.BRB.EditarRelatorio" name="editar" time="91.379"/>
  <system-out/>
</testsuite> <!-- com.timp.test.BRB.EditarRelatorio -->
