<?xml version="1.0" encoding="UTF-8"?>
<!-- Generated by org.testng.reporters.JUnitReportReporter -->
<testsuite hostname="LAPTOP-IN7IV9K5" failures="0" tests="8" name="com.timp.test.BCB.Demais.HierarquiaConfiguracao.DemaisHierarquiaConfiguracaoTodasAsFuncionalidadesParte2" time="602.074" errors="0" timestamp="19 feb. 2021 01:41:01 GMT" skipped="0">
  <testcase classname="com.timp.test.BCB.Demais.HierarquiaConfiguracao.DemaisHierarquiaConfiguracaoTodasAsFuncionalidadesParte2" name="login" time="20.867"/>
  <testcase classname="com.timp.test.BCB.Demais.HierarquiaConfiguracao.DemaisHierarquiaConfiguracaoTodasAsFuncionalidadesParte2" name="ejecutarFinal" time="321.269"/>
  <testcase classname="com.timp.test.BCB.Demais.HierarquiaConfiguracao.DemaisHierarquiaConfiguracaoTodasAsFuncionalidadesParte2" name="brbEntrar" time="26.489"/>
  <testcase classname="com.timp.test.BCB.Demais.HierarquiaConfiguracao.DemaisHierarquiaConfiguracaoTodasAsFuncionalidadesParte2" name="relacionamentoFinalyAbrirHierarquiaGrupo" time="14.915"/>
  <testcase classname="com.timp.test.BCB.Demais.HierarquiaConfiguracao.DemaisHierarquiaConfiguracaoTodasAsFuncionalidadesParte2" name="excluirConfiguracoes2" time="52.291"/>
  <testcase classname="com.timp.test.BCB.Demais.HierarquiaConfiguracao.DemaisHierarquiaConfiguracaoTodasAsFuncionalidadesParte2" name="excluirConfiguracoes1" time="56.792"/>
  <testcase classname="com.timp.test.BCB.Demais.HierarquiaConfiguracao.DemaisHierarquiaConfiguracaoTodasAsFuncionalidadesParte2" name="excluirHierarquia2" time="57.880"/>
  <testcase classname="com.timp.test.BCB.Demais.HierarquiaConfiguracao.DemaisHierarquiaConfiguracaoTodasAsFuncionalidadesParte2" name="excluirHierarquia1" time="51.571"/>
</testsuite> <!-- com.timp.test.BCB.Demais.HierarquiaConfiguracao.DemaisHierarquiaConfiguracaoTodasAsFuncionalidadesParte2 -->
