<?xml version="1.0" encoding="UTF-8"?>
<!-- Generated by org.testng.reporters.JUnitReportReporter -->
<testsuite hostname="MIGUEL" failures="0" tests="3" name="com.timp.test.MDR.ParâmetrosParaEnvioDeMensagens.ParâmetrosParaEnvioDeMensagensExcluir" time="81.554" errors="0" timestamp="16 Nov 2020 16:57:01 GMT">
  <testcase classname="com.timp.test.MDR.ParâmetrosParaEnvioDeMensagens.ParâmetrosParaEnvioDeMensagensExcluir" name="ingresarMDR" time="11.933"/>
  <testcase classname="com.timp.test.MDR.ParâmetrosParaEnvioDeMensagens.ParâmetrosParaEnvioDeMensagensExcluir" name="criar" time="56.293"/>
  <testcase classname="com.timp.test.MDR.ParâmetrosParaEnvioDeMensagens.ParâmetrosParaEnvioDeMensagensExcluir" name="ingresar" time="13.328"/>
</testsuite> <!-- com.timp.test.MDR.ParâmetrosParaEnvioDeMensagens.ParâmetrosParaEnvioDeMensagensExcluir -->
