<?xml version="1.0" encoding="UTF-8"?>
<!-- Generated by org.testng.reporters.JUnitReportReporter -->
<testsuite hostname="DESKTOP-C57COV6" failures="0" tests="1" name="com.timp.test.MDR.Siscoserv.RegistroRP.RegistroRPFiltroID" time="81.247" errors="0" timestamp="25 nov. 2021 15:46:59 GMT" skipped="0">
  <testcase classname="com.timp.test.MDR.Siscoserv.RegistroRP.RegistroRPFiltroID" name="filtroId" time="81.247"/>
</testsuite> <!-- com.timp.test.MDR.Siscoserv.RegistroRP.RegistroRPFiltroID -->
