<?xml version="1.0" encoding="UTF-8"?>
<!-- Generated by org.testng.reporters.JUnitReportReporter -->
<testsuite hostname="LitoSoler" name="com.timp.test.TPC.ParâmetrosGeraisDetalhes" tests="3" failures="0" timestamp="5 Feb 2021 20:17:19 GMT" time="96.040" errors="0">
  <testcase name="ingresar" time="17.112" classname="com.timp.test.TPC.ParâmetrosGeraisDetalhes"/>
  <testcase name="detalhes" time="48.561" classname="com.timp.test.TPC.ParâmetrosGeraisDetalhes"/>
  <testcase name="ingresarTPC" time="30.367" classname="com.timp.test.TPC.ParâmetrosGeraisDetalhes"/>
</testsuite> <!-- com.timp.test.TPC.ParâmetrosGeraisDetalhes -->
