<?xml version="1.0" encoding="UTF-8"?>
<!-- Generated by org.testng.reporters.JUnitReportReporter -->
<testsuite hostname="DESKTOP-C57COV6" failures="0" tests="3" name="com.timp.test.BRB.Formula" time="186.756" errors="0" timestamp="17 ago. 2021 05:42:09 GMT" skipped="0">
  <testcase classname="com.timp.test.BRB.Formula" name="formulaColuna" time="79.326"/>
  <testcase classname="com.timp.test.BRB.Formula" name="aplicar" time="10.996"/>
  <testcase classname="com.timp.test.BRB.Formula" name="formulaBoton" time="96.434"/>
</testsuite> <!-- com.timp.test.BRB.Formula -->
