<?xml version="1.0" encoding="UTF-8"?>
<!-- Generated by org.testng.reporters.JUnitReportReporter -->
<testsuite hostname="DESKTOP-BNBDMGT" failures="0" tests="3" name="com.timp.test.TCC.GestaoDeCreditoTributarioPISCONFINS.ApuraçãoDeCréditoTributárioPIS.ConfiguraçãoEExecução.RegistroM110.RegistroM110Editar" time="159.132" errors="0" timestamp="4 Feb 2021 01:31:12 GMT">
  <testcase classname="com.timp.test.TCC.GestaoDeCreditoTributarioPISCONFINS.ApuraçãoDeCréditoTributárioPIS.ConfiguraçãoEExecução.RegistroM110.RegistroM110Editar" name="Editar" time="56.964"/>
  <testcase classname="com.timp.test.TCC.GestaoDeCreditoTributarioPISCONFINS.ApuraçãoDeCréditoTributárioPIS.ConfiguraçãoEExecução.RegistroM110.RegistroM110Editar" name="login" time="23.632"/>
  <testcase classname="com.timp.test.TCC.GestaoDeCreditoTributarioPISCONFINS.ApuraçãoDeCréditoTributárioPIS.ConfiguraçãoEExecução.RegistroM110.RegistroM110Editar" name="acessarTCC" time="78.536"/>
</testsuite> <!-- com.timp.test.TCC.GestaoDeCreditoTributarioPISCONFINS.ApuraçãoDeCréditoTributárioPIS.ConfiguraçãoEExecução.RegistroM110.RegistroM110Editar -->
