<?xml version="1.0" encoding="UTF-8"?>
<!-- Generated by org.testng.reporters.JUnitReportReporter -->
<testsuite hostname="MassielV" failures="0" tests="1" name="com.timp.test.BRB.NovoRelatorio" time="197.597" errors="0" timestamp="11 oct. 2021 14:09:32 GMT" skipped="0">
  <testcase classname="com.timp.test.BRB.NovoRelatorio" name="novoRelatorio" time="197.597"/>
</testsuite> <!-- com.timp.test.BRB.NovoRelatorio -->
