<?xml version="1.0" encoding="UTF-8"?>
<!-- Generated by org.testng.reporters.JUnitReportReporter -->
<testsuite hostname="LitoSoler" name="com.timp.test.MDR.DetalheTipoTributo.DetalheEditar" tests="3" failures="0" timestamp="24 Sep 2020 17:03:00 GMT" time="66.116" errors="0">
  <testcase name="acessarMDR" time="16.159" classname="com.timp.test.MDR.DetalheTipoTributo.DetalheEditar"/>
  <testcase name="login" time="7.461" classname="com.timp.test.MDR.DetalheTipoTributo.DetalheEditar"/>
  <testcase name="criar" time="42.496" classname="com.timp.test.MDR.DetalheTipoTributo.DetalheEditar"/>
</testsuite> <!-- com.timp.test.MDR.DetalheTipoTributo.DetalheEditar -->
