<?xml version="1.0" encoding="UTF-8"?>
<!-- Generated by org.testng.reporters.JUnitReportReporter -->
<testsuite hostname="MassielV" failures="0" tests="2" name="com.timp.test.MDR.TabelasApoioESocial.Tabela02.FinanciamientoDeAposEspExcluiMassa" time="574.305" errors="0" timestamp="02 nov. 2021 05:21:06 GMT" skipped="0">
  <testcase classname="com.timp.test.MDR.TabelasApoioESocial.Tabela02.FinanciamientoDeAposEspExcluiMassa" name="excluirMassa" time="44.682"/>
  <testcase classname="com.timp.test.MDR.TabelasApoioESocial.Tabela02.FinanciamientoDeAposEspExcluiMassa" name="criar" time="529.623"/>
</testsuite> <!-- com.timp.test.MDR.TabelasApoioESocial.Tabela02.FinanciamientoDeAposEspExcluiMassa -->
