<?xml version="1.0" encoding="UTF-8"?>
<!-- Generated by org.testng.reporters.JUnitReportReporter -->
<testsuite hostname="CRISTHIAN-VASQUEZ" failures="0" tests="3" name="com.timp.test.MDR.AtivaçaoParaMunicipio.AtivaçaoParaMunicipioFiltroID" time="44.732" errors="0" timestamp="18 Nov 2020 13:24:13 GMT">
  <testcase classname="com.timp.test.MDR.AtivaçaoParaMunicipio.AtivaçaoParaMunicipioFiltroID" name="filtro" time="22.102"/>
  <testcase classname="com.timp.test.MDR.AtivaçaoParaMunicipio.AtivaçaoParaMunicipioFiltroID" name="login" time="10.212"/>
  <testcase classname="com.timp.test.MDR.AtivaçaoParaMunicipio.AtivaçaoParaMunicipioFiltroID" name="acessarMDR" time="12.418"/>
</testsuite> <!-- com.timp.test.MDR.AtivaçaoParaMunicipio.AtivaçaoParaMunicipioFiltroID -->
