<?xml version="1.0" encoding="UTF-8"?>
<!-- Generated by org.testng.reporters.JUnitReportReporter -->
<testsuite hostname="LitoSoler" name="com.timp.test.MDR.DetalheTipoTributo.DetalheEditar" tests="3" failures="0" timestamp="13 Jul 2020 20:46:08 GMT" time="137.189" errors="0">
  <testcase name="criar" time="89.539" classname="com.timp.test.MDR.DetalheTipoTributo.DetalheEditar"/>
  <testcase name="login" time="9.791" classname="com.timp.test.MDR.DetalheTipoTributo.DetalheEditar"/>
  <testcase name="acessarMDR" time="37.859" classname="com.timp.test.MDR.DetalheTipoTributo.DetalheEditar"/>
</testsuite> <!-- com.timp.test.MDR.DetalheTipoTributo.DetalheEditar -->
