<?xml version="1.0" encoding="UTF-8"?>
<!-- Generated by org.testng.reporters.JUnitReportReporter -->
<testsuite hostname="LitoSoler" name="com.timp.test.BRB.ComentarioLibre" tests="3" failures="0" timestamp="30 Sep 2020 21:29:41 GMT" time="148.565" errors="0">
  <testcase name="brbEntrar" time="22.714" classname="com.timp.test.BRB.ComentarioLibre"/>
  <testcase name="comentarioLibre" time="115.954" classname="com.timp.test.BRB.ComentarioLibre"/>
  <testcase name="login" time="9.897" classname="com.timp.test.BRB.ComentarioLibre"/>
</testsuite> <!-- com.timp.test.BRB.ComentarioLibre -->
