<?xml version="1.0" encoding="UTF-8"?>
<!-- Generated by org.testng.reporters.JUnitReportReporter -->
<testsuite hostname="DESKTOP-C57COV6" failures="0" tests="1" name="com.timp.test.MDR.LimiteCompetencia.LimiteCompetenciaExcluir" time="76.890" errors="0" timestamp="11 may. 2021 00:54:47 GMT" skipped="0">
  <testcase classname="com.timp.test.MDR.LimiteCompetencia.LimiteCompetenciaExcluir" name="excluir" time="76.890"/>
</testsuite> <!-- com.timp.test.MDR.LimiteCompetencia.LimiteCompetenciaExcluir -->
