<?xml version="1.0" encoding="UTF-8"?>
<!-- Generated by org.testng.reporters.JUnitReportReporter -->
<testsuite hostname="DESKTOP-M23FVFN" failures="0" tests="3" name="com.timp.test.BRB.Formula" time="186.947" errors="0" timestamp="08 mar. 2022 05:16:27 GMT" skipped="0">
  <testcase classname="com.timp.test.BRB.Formula" name="formulaColuna" time="72.501"/>
  <testcase classname="com.timp.test.BRB.Formula" name="formulaBoton" time="100.351"/>
  <testcase classname="com.timp.test.BRB.Formula" name="aplicar" time="14.095"/>
</testsuite> <!-- com.timp.test.BRB.Formula -->
