<?xml version="1.0" encoding="UTF-8"?>
<!-- Generated by org.testng.reporters.JUnitReportReporter -->
<testsuite hostname="DESKTOP-M23FVFN" failures="0" tests="1" name="com.timp.test.ADM.Configuração.Licenças.LicençasDetalhes" time="84.550" errors="0" timestamp="21 feb. 2022 05:09:22 GMT" skipped="0">
  <testcase classname="com.timp.test.ADM.Configuração.Licenças.LicençasDetalhes" name="Detalles" time="84.550"/>
</testsuite> <!-- com.timp.test.ADM.Configuração.Licenças.LicençasDetalhes -->
