<?xml version="1.0" encoding="UTF-8"?>
<!-- Generated by org.testng.reporters.JUnitReportReporter -->
<testsuite hostname="CRISTHIAN-VASQUEZ" failures="0" tests="3" name="com.timp.test.MDR.ControleDeCreditoTributario.StatusParaBancoIndébitos.StatusParaBancoIndébitosVisualizar" time="84.250" errors="0" timestamp="16 Nov 2020 17:27:39 GMT">
  <testcase classname="com.timp.test.MDR.ControleDeCreditoTributario.StatusParaBancoIndébitos.StatusParaBancoIndébitosVisualizar" name="acessarMDR" time="10.588"/>
  <testcase classname="com.timp.test.MDR.ControleDeCreditoTributario.StatusParaBancoIndébitos.StatusParaBancoIndébitosVisualizar" name="login" time="8.232"/>
  <testcase classname="com.timp.test.MDR.ControleDeCreditoTributario.StatusParaBancoIndébitos.StatusParaBancoIndébitosVisualizar" name="visualizar" time="65.430"/>
</testsuite> <!-- com.timp.test.MDR.ControleDeCreditoTributario.StatusParaBancoIndébitos.StatusParaBancoIndébitosVisualizar -->
