<?xml version="1.0" encoding="UTF-8"?>
<!-- Generated by org.testng.reporters.JUnitReportReporter -->
<testsuite hostname="DESKTOP-JP1A9E6" failures="0" tests="1" name="com.timp.test.MDR.DetalheTipoTributo.DetalheCriar" time="121.388" errors="0" timestamp="27 ago. 2021 03:21:58 GMT" skipped="0">
  <testcase classname="com.timp.test.MDR.DetalheTipoTributo.DetalheCriar" name="criar" time="121.388"/>
</testsuite> <!-- com.timp.test.MDR.DetalheTipoTributo.DetalheCriar -->
