<?xml version="1.0" encoding="UTF-8"?>
<!-- Generated by org.testng.reporters.JUnitReportReporter -->
<testsuite hostname="LAPTOP-IN7IV9K5" failures="0" tests="3" name="com.timp.test.TCC.FatorDeCreditamento.FatorDeCreditamentoDetalhes" time="39.085" errors="0" timestamp="02 mar. 2021 02:07:39 GMT" skipped="0">
  <testcase classname="com.timp.test.TCC.FatorDeCreditamento.FatorDeCreditamentoDetalhes" name="login" time="7.800"/>
  <testcase classname="com.timp.test.TCC.FatorDeCreditamento.FatorDeCreditamentoDetalhes" name="acessarTCC" time="20.193"/>
  <testcase classname="com.timp.test.TCC.FatorDeCreditamento.FatorDeCreditamentoDetalhes" name="detalhes" time="11.092"/>
</testsuite> <!-- com.timp.test.TCC.FatorDeCreditamento.FatorDeCreditamentoDetalhes -->
