<?xml version="1.0" encoding="UTF-8"?>
<!-- Generated by org.testng.reporters.JUnitReportReporter -->
<testsuite hostname="DESKTOP-M23FVFN" failures="0" tests="1" name="com.timp.test.TAA.AtribuiçõesdeRegras.RegradeAbasVer" time="310.627" errors="0" timestamp="04 feb. 2022 19:38:35 GMT" skipped="0">
  <testcase classname="com.timp.test.TAA.AtribuiçõesdeRegras.RegradeAbasVer" name="ver" time="310.627"/>
</testsuite> <!-- com.timp.test.TAA.AtribuiçõesdeRegras.RegradeAbasVer -->
