<?xml version="1.0" encoding="UTF-8"?>
<!-- Generated by org.testng.reporters.JUnitReportReporter -->
<testsuite hostname="LitoSoler" name="com.timp.test.MDR.CEP.Municipio.MunicipioEliminar" tests="3" failures="0" timestamp="29 Jul 2020 21:58:18 GMT" time="70.542" errors="0">
  <testcase name="filtro" time="46.459" classname="com.timp.test.MDR.CEP.Municipio.MunicipioEliminar"/>
  <testcase name="login" time="12.966" classname="com.timp.test.MDR.CEP.Municipio.MunicipioEliminar"/>
  <testcase name="acessarMDR" time="11.117" classname="com.timp.test.MDR.CEP.Municipio.MunicipioEliminar"/>
</testsuite> <!-- com.timp.test.MDR.CEP.Municipio.MunicipioEliminar -->
