<?xml version="1.0" encoding="UTF-8"?>
<!-- Generated by org.testng.reporters.JUnitReportReporter -->
<testsuite hostname="DESKTOP-35UG9UP" name="com.timp.test.MDR.TabelasComplementaresParaObrigaçoesAcessorias.TabelaDeCodigoEClasseParaQuadro.TabelaDeCodigoEClasseParaQuadroCriar" tests="3" failures="0" timestamp="17 Sep 2020 21:44:54 GMT" time="111.703" errors="0">
  <testcase name="criar" time="86.431" classname="com.timp.test.MDR.TabelasComplementaresParaObrigaçoesAcessorias.TabelaDeCodigoEClasseParaQuadro.TabelaDeCodigoEClasseParaQuadroCriar"/>
  <testcase name="acessarMDR" time="13.440" classname="com.timp.test.MDR.TabelasComplementaresParaObrigaçoesAcessorias.TabelaDeCodigoEClasseParaQuadro.TabelaDeCodigoEClasseParaQuadroCriar"/>
  <testcase name="login" time="11.832" classname="com.timp.test.MDR.TabelasComplementaresParaObrigaçoesAcessorias.TabelaDeCodigoEClasseParaQuadro.TabelaDeCodigoEClasseParaQuadroCriar"/>
</testsuite> <!-- com.timp.test.MDR.TabelasComplementaresParaObrigaçoesAcessorias.TabelaDeCodigoEClasseParaQuadro.TabelaDeCodigoEClasseParaQuadroCriar -->
