<?xml version="1.0" encoding="UTF-8"?>
<!-- Generated by org.testng.reporters.JUnitReportReporter -->
<testsuite hostname="LitoSoler" name="com.timp.test.BRB.CrescenteEDecrescente" tests="3" failures="0" timestamp="3 Dec 2020 23:50:18 GMT" time="353.847" errors="0">
  <testcase name="login" time="62.160" classname="com.timp.test.BRB.CrescenteEDecrescente"/>
  <testcase name="crescenteEDecrescente" time="192.611" classname="com.timp.test.BRB.CrescenteEDecrescente"/>
  <testcase name="brbEntrar" time="99.076" classname="com.timp.test.BRB.CrescenteEDecrescente"/>
</testsuite> <!-- com.timp.test.BRB.CrescenteEDecrescente -->
