<?xml version="1.0" encoding="UTF-8"?>
<!-- Generated by org.testng.reporters.JUnitReportReporter -->
<testsuite hostname="DESKTOP-35UG9UP" name="com.timp.test.MDR.HierarquiaDeCenariosDeCorreçao.HierarquiaDeCenariosDeCorreçaoVisualizar" tests="3" failures="0" timestamp="18 Aug 2020 00:11:32 GMT" time="100.256" errors="0">
  <testcase name="login" time="11.563" classname="com.timp.test.MDR.HierarquiaDeCenariosDeCorreçao.HierarquiaDeCenariosDeCorreçaoVisualizar"/>
  <testcase name="acessarMDR" time="12.935" classname="com.timp.test.MDR.HierarquiaDeCenariosDeCorreçao.HierarquiaDeCenariosDeCorreçaoVisualizar"/>
  <testcase name="Visualizar" time="75.758" classname="com.timp.test.MDR.HierarquiaDeCenariosDeCorreçao.HierarquiaDeCenariosDeCorreçaoVisualizar"/>
</testsuite> <!-- com.timp.test.MDR.HierarquiaDeCenariosDeCorreçao.HierarquiaDeCenariosDeCorreçaoVisualizar -->
