<?xml version="1.0" encoding="UTF-8"?>
<!-- Generated by org.testng.reporters.JUnitReportReporter -->
<testsuite hostname="DESKTOP-JP1A9E6" failures="0" tests="1" name="com.timp.test.MDR.TabelasApoioESocial.Tabela26.MotivosCesBeneficiosExcluir" time="74.505" errors="0" timestamp="14 jul. 2021 06:57:18 GMT" skipped="0">
  <testcase classname="com.timp.test.MDR.TabelasApoioESocial.Tabela26.MotivosCesBeneficiosExcluir" name="excluir" time="74.505"/>
</testsuite> <!-- com.timp.test.MDR.TabelasApoioESocial.Tabela26.MotivosCesBeneficiosExcluir -->
