<?xml version="1.0" encoding="UTF-8"?>
<!-- Generated by org.testng.reporters.JUnitReportReporter -->
<testsuite hostname="DESKTOP-C57COV6" failures="0" tests="2" name="com.timp.test.MDR.CodigoReceita.CodigoReceitaExcluirEmMassa" time="170.395" errors="0" timestamp="15 oct. 2021 11:52:10 GMT" skipped="0">
  <testcase classname="com.timp.test.MDR.CodigoReceita.CodigoReceitaExcluirEmMassa" name="criar" time="130.718"/>
  <testcase classname="com.timp.test.MDR.CodigoReceita.CodigoReceitaExcluirEmMassa" name="excluir" time="39.677"/>
</testsuite> <!-- com.timp.test.MDR.CodigoReceita.CodigoReceitaExcluirEmMassa -->
