<?xml version="1.0" encoding="UTF-8"?>
<!-- Generated by org.testng.reporters.JUnitReportReporter -->
<testsuite hostname="DESKTOP-35UG9UP" name="com.timp.test.BRB.PublicoYPrivado" tests="3" failures="0" timestamp="30 Sep 2020 21:51:38 GMT" time="214.210" errors="0">
  <testcase name="login" time="13.019" classname="com.timp.test.BRB.PublicoYPrivado"/>
  <testcase name="brbEntrar" time="27.812" classname="com.timp.test.BRB.PublicoYPrivado"/>
  <testcase name="publicoYPRivado" time="173.379" classname="com.timp.test.BRB.PublicoYPrivado"/>
</testsuite> <!-- com.timp.test.BRB.PublicoYPrivado -->
