<?xml version="1.0" encoding="UTF-8"?>
<!-- Generated by org.testng.reporters.JUnitReportReporter -->
<testsuite hostname="DESKTOP-SUF121B" failures="0" tests="3" name="com.timp.test.MDR.CEP.Logradouro.LogradouroCriar" time="62.530" errors="0" timestamp="28 Jul 2020 21:11:09 GMT">
  <testcase classname="com.timp.test.MDR.CEP.Logradouro.LogradouroCriar" name="logradouroCriar" time="38.328"/>
  <testcase classname="com.timp.test.MDR.CEP.Logradouro.LogradouroCriar" name="login" time="13.192"/>
  <testcase classname="com.timp.test.MDR.CEP.Logradouro.LogradouroCriar" name="acessarMDR" time="11.010"/>
</testsuite> <!-- com.timp.test.MDR.CEP.Logradouro.LogradouroCriar -->
