<?xml version="1.0" encoding="UTF-8"?>
<!-- Generated by org.testng.reporters.JUnitReportReporter -->
<testsuite hostname="DESKTOP-C57COV6" failures="0" tests="1" name="com.timp.test.MDR.ParametrosParaCategoriaDeIRF.ParametrosParaCategoriaDeIRFVisualizar" time="86.828" errors="0" timestamp="18 may. 2021 02:19:13 GMT" skipped="0">
  <testcase classname="com.timp.test.MDR.ParametrosParaCategoriaDeIRF.ParametrosParaCategoriaDeIRFVisualizar" name="visualizar" time="86.828"/>
</testsuite> <!-- com.timp.test.MDR.ParametrosParaCategoriaDeIRF.ParametrosParaCategoriaDeIRFVisualizar -->
