<?xml version="1.0" encoding="UTF-8"?>
<!-- Generated by org.testng.reporters.JUnitReportReporter -->
<testsuite hostname="MIGUEL" failures="0" tests="3" name="com.timp.test.TDK.Dashboard.DashboardPublicos.DashboardDetalhes" time="53.441" errors="0" timestamp="11 mar. 2021 23:31:09 GMT" skipped="0">
  <testcase classname="com.timp.test.TDK.Dashboard.DashboardPublicos.DashboardDetalhes" name="login" time="6.877"/>
  <testcase classname="com.timp.test.TDK.Dashboard.DashboardPublicos.DashboardDetalhes" name="acessarTDK" time="18.758"/>
  <testcase classname="com.timp.test.TDK.Dashboard.DashboardPublicos.DashboardDetalhes" name="filtro" time="27.806"/>
</testsuite> <!-- com.timp.test.TDK.Dashboard.DashboardPublicos.DashboardDetalhes -->
