<?xml version="1.0" encoding="UTF-8"?>
<!-- Generated by org.testng.reporters.JUnitReportReporter -->
<testsuite hostname="CRISTHIAN-VASQUEZ" failures="0" tests="3" name="com.timp.test.MDR.DeterminacaoDeTipoDeCondicao.DeterminacaoDeTipoDeCondicaoExcluirMassa" time="269.898" errors="0" timestamp="18 Nov 2020 17:30:22 GMT">
  <testcase classname="com.timp.test.MDR.DeterminacaoDeTipoDeCondicao.DeterminacaoDeTipoDeCondicaoExcluirMassa" name="login" time="8.586"/>
  <testcase classname="com.timp.test.MDR.DeterminacaoDeTipoDeCondicao.DeterminacaoDeTipoDeCondicaoExcluirMassa" name="acessarMDR" time="17.200"/>
  <testcase classname="com.timp.test.MDR.DeterminacaoDeTipoDeCondicao.DeterminacaoDeTipoDeCondicaoExcluirMassa" name="criar" time="244.112"/>
</testsuite> <!-- com.timp.test.MDR.DeterminacaoDeTipoDeCondicao.DeterminacaoDeTipoDeCondicaoExcluirMassa -->
