<?xml version="1.0" encoding="UTF-8"?>
<!-- Generated by org.testng.reporters.JUnitReportReporter -->
<testsuite hostname="DESKTOP-C57COV6" failures="0" tests="2" name="com.timp.test.MDR.TabelasApoioESocial.Tabela02.FinanciamientoDeAposEspExcluiMassa" time="173.765" errors="0" timestamp="03 ago. 2021 09:25:28 GMT" skipped="0">
  <testcase classname="com.timp.test.MDR.TabelasApoioESocial.Tabela02.FinanciamientoDeAposEspExcluiMassa" name="criar" time="128.730"/>
  <testcase classname="com.timp.test.MDR.TabelasApoioESocial.Tabela02.FinanciamientoDeAposEspExcluiMassa" name="excluirMassa" time="45.035"/>
</testsuite> <!-- com.timp.test.MDR.TabelasApoioESocial.Tabela02.FinanciamientoDeAposEspExcluiMassa -->
