<?xml version="1.0" encoding="UTF-8"?>
<!-- Generated by org.testng.reporters.JUnitReportReporter -->
<testsuite hostname="DESKTOP-C57COV6" failures="0" tests="3" name="com.timp.test.BCB.Formula.Configuracao.Percentual" time="166.817" errors="0" timestamp="26 oct. 2021 08:53:26 GMT" skipped="0">
  <testcase classname="com.timp.test.BCB.Formula.Configuracao.Percentual" name="login" time="8.335"/>
  <testcase classname="com.timp.test.BCB.Formula.Configuracao.Percentual" name="brbEntrar" time="21.944"/>
  <testcase classname="com.timp.test.BCB.Formula.Configuracao.Percentual" name="criarConfiguracionConfiguracao" time="136.538"/>
</testsuite> <!-- com.timp.test.BCB.Formula.Configuracao.Percentual -->
