<?xml version="1.0" encoding="UTF-8"?>
<!-- Generated by org.testng.reporters.JUnitReportReporter -->
<<<<<<< HEAD
<testsuite hostname="DESKTOP-C57COV6" failures="0" tests="1" name="com.timp.test.MDR.CadastroDerex.InstituicaoFinanceira.InstituicaoEditar" time="332.560" errors="0" timestamp="25 ago. 2021 04:56:40 GMT" skipped="0">
  <testcase classname="com.timp.test.MDR.CadastroDerex.InstituicaoFinanceira.InstituicaoEditar" name="editar" time="332.560"/>
=======
<testsuite hostname="DESKTOP-JP1A9E6" failures="0" tests="1" name="com.timp.test.MDR.CadastroDerex.InstituicaoFinanceira.InstituicaoEditar" time="125.013" errors="0" timestamp="27 ago. 2021 07:22:27 GMT" skipped="0">
  <testcase classname="com.timp.test.MDR.CadastroDerex.InstituicaoFinanceira.InstituicaoEditar" name="editar" time="125.013"/>
>>>>>>> branch 'Yessy' of https://github.com/salc1997/TIMP_R1.git
</testsuite> <!-- com.timp.test.MDR.CadastroDerex.InstituicaoFinanceira.InstituicaoEditar -->
