<?xml version="1.0" encoding="UTF-8"?>
<!-- Generated by org.testng.reporters.JUnitReportReporter -->
<testsuite hostname="DESKTOP-C57COV6" failures="0" tests="1" name="com.timp.test.BRB.Visualizar" time="95.352" errors="0" timestamp="18 oct. 2021 00:06:41 GMT" skipped="0">
  <testcase classname="com.timp.test.BRB.Visualizar" name="visualizar" time="95.352"/>
</testsuite> <!-- com.timp.test.BRB.Visualizar -->
