<?xml version="1.0" encoding="UTF-8"?>
<!-- Generated by org.testng.reporters.JUnitReportReporter -->
<testsuite hostname="MassielV" failures="0" tests="2" name="com.timp.test.MDR.CadastroCondiçao.CadastroCondiçaoExcluirMasas" time="374.685" errors="0" timestamp="27 nov. 2021 00:49:45 GMT" skipped="0">
  <testcase classname="com.timp.test.MDR.CadastroCondiçao.CadastroCondiçaoExcluirMasas" name="excluir" time="48.972"/>
  <testcase classname="com.timp.test.MDR.CadastroCondiçao.CadastroCondiçaoExcluirMasas" name="criar" time="325.713"/>
</testsuite> <!-- com.timp.test.MDR.CadastroCondiçao.CadastroCondiçaoExcluirMasas -->
