<?xml version="1.0" encoding="UTF-8"?>
<!-- Generated by org.testng.reporters.JUnitReportReporter -->
<testsuite hostname="DESKTOP-SUF121B" failures="0" tests="3" name="com.timp.test.MDR.CEP.Logradouro.LogradouroFiltros" time="65.406" errors="0" timestamp="28 Jul 2020 23:52:44 GMT">
  <testcase classname="com.timp.test.MDR.CEP.Logradouro.LogradouroFiltros" name="acessarMDR" time="32.101"/>
  <testcase classname="com.timp.test.MDR.CEP.Logradouro.LogradouroFiltros" name="login" time="8.594"/>
  <testcase classname="com.timp.test.MDR.CEP.Logradouro.LogradouroFiltros" name="logradouroFiltros" time="24.711"/>
</testsuite> <!-- com.timp.test.MDR.CEP.Logradouro.LogradouroFiltros -->
