<?xml version="1.0" encoding="UTF-8"?>
<!-- Generated by org.testng.reporters.JUnitReportReporter -->
<testsuite hostname="LitoSoler" name="com.timp.test.BRB.ValidacaoEstruturas.DadosBalancoConsolidadoGerdau" tests="3" failures="0" timestamp="14 Sep 2020 19:19:09 GMT" time="49.590" errors="0">
  <testcase name="verificar" time="25.011" classname="com.timp.test.BRB.ValidacaoEstruturas.DadosBalancoConsolidadoGerdau"/>
  <testcase name="login" time="7.615" classname="com.timp.test.BRB.ValidacaoEstruturas.DadosBalancoConsolidadoGerdau"/>
  <testcase name="brbEntrar" time="16.964" classname="com.timp.test.BRB.ValidacaoEstruturas.DadosBalancoConsolidadoGerdau"/>
</testsuite> <!-- com.timp.test.BRB.ValidacaoEstruturas.DadosBalancoConsolidadoGerdau -->
