<?xml version="1.0" encoding="UTF-8"?>
<!-- Generated by org.testng.reporters.JUnitReportReporter -->
<testsuite hostname="DESKTOP-M23FVFN" failures="0" tests="1" name="com.timp.test.BRB.NovoRelatorio" time="278.043" errors="0" timestamp="24 may. 2022 21:00:34 GMT" skipped="0">
  <testcase classname="com.timp.test.BRB.NovoRelatorio" name="novoRelatorio" time="278.043"/>
</testsuite> <!-- com.timp.test.BRB.NovoRelatorio -->
