<?xml version="1.0" encoding="UTF-8"?>
<!-- Generated by org.testng.reporters.JUnitReportReporter -->
<testsuite hostname="LitoSoler" name="com.timp.test.MDR.Ajustes.AssociacaoCodigosAjustes.AssociaçãoCodigoAjusteExcluir" tests="3" failures="0" timestamp="19 Jan 2021 05:15:05 GMT" time="131.417" errors="0">
  <testcase name="ingresar" time="8.208" classname="com.timp.test.MDR.Ajustes.AssociacaoCodigosAjustes.AssociaçãoCodigoAjusteExcluir"/>
  <testcase name="excluirAssociaçãoCodigoAjuste" time="87.542" classname="com.timp.test.MDR.Ajustes.AssociacaoCodigosAjustes.AssociaçãoCodigoAjusteExcluir"/>
  <testcase name="ingresarMDR" time="35.667" classname="com.timp.test.MDR.Ajustes.AssociacaoCodigosAjustes.AssociaçãoCodigoAjusteExcluir"/>
</testsuite> <!-- com.timp.test.MDR.Ajustes.AssociacaoCodigosAjustes.AssociaçãoCodigoAjusteExcluir -->
