<?xml version="1.0" encoding="UTF-8"?>
<!-- Generated by org.testng.reporters.JUnitReportReporter -->
<testsuite hostname="CRISTHIAN-VASQUEZ" failures="0" tests="3" name="com.timp.test.TCC.BancoCréditoTributário.PainelPerDcomp.ConfiguraçãodeLayoutdePainelVisualizarr" time="80.053" errors="0" timestamp="12 Jan 2021 18:05:23 GMT">
  <testcase classname="com.timp.test.TCC.BancoCréditoTributário.PainelPerDcomp.ConfiguraçãodeLayoutdePainelVisualizarr" name="ingresarTAA" time="17.714"/>
  <testcase classname="com.timp.test.TCC.BancoCréditoTributário.PainelPerDcomp.ConfiguraçãodeLayoutdePainelVisualizarr" name="ver" time="53.880"/>
  <testcase classname="com.timp.test.TCC.BancoCréditoTributário.PainelPerDcomp.ConfiguraçãodeLayoutdePainelVisualizarr" name="ingresar" time="8.459"/>
</testsuite> <!-- com.timp.test.TCC.BancoCréditoTributário.PainelPerDcomp.ConfiguraçãodeLayoutdePainelVisualizarr -->
