<?xml version="1.0" encoding="UTF-8"?>
<!-- Generated by org.testng.reporters.JUnitReportReporter -->
<testsuite hostname="DESKTOP-BNBDMGT" failures="0" tests="3" name="com.timp.test.BRE.TabelasExternas.TabelasExternasEditar" time="79.567" errors="0" timestamp="11 Jan 2021 22:46:56 GMT">
  <testcase classname="com.timp.test.BRE.TabelasExternas.TabelasExternasEditar" name="Editar" time="52.147"/>
  <testcase classname="com.timp.test.BRE.TabelasExternas.TabelasExternasEditar" name="acessarBRE" time="19.828"/>
  <testcase classname="com.timp.test.BRE.TabelasExternas.TabelasExternasEditar" name="login" time="7.592"/>
</testsuite> <!-- com.timp.test.BRE.TabelasExternas.TabelasExternasEditar -->
