<?xml version="1.0" encoding="UTF-8"?>
<!-- Generated by org.testng.reporters.JUnitReportReporter -->
<testsuite hostname="DESKTOP-35UG9UP" name="com.timp.test.BRB.AtivarCorrecao" tests="3" failures="0" timestamp="1 Oct 2020 21:40:15 GMT" time="81.988" errors="0">
  <testcase name="brbEntrar" time="25.295" classname="com.timp.test.BRB.AtivarCorrecao"/>
  <testcase name="login" time="10.017" classname="com.timp.test.BRB.AtivarCorrecao"/>
  <testcase name="ativarCorreccion" time="46.676" classname="com.timp.test.BRB.AtivarCorrecao"/>
</testsuite> <!-- com.timp.test.BRB.AtivarCorrecao -->
