<?xml version="1.0" encoding="UTF-8"?>
<!-- Generated by org.testng.reporters.JUnitReportReporter -->
<testsuite hostname="DESKTOP-C57COV6" failures="0" tests="1" name="com.timp.test.TDK.Kpis.KpisCriar" time="216.011" errors="0" timestamp="05 jul. 2021 17:44:01 GMT" skipped="0">
  <testcase classname="com.timp.test.TDK.Kpis.KpisCriar" name="criar" time="216.011"/>
</testsuite> <!-- com.timp.test.TDK.Kpis.KpisCriar -->
