<?xml version="1.0" encoding="UTF-8"?>
<!-- Generated by org.testng.reporters.JUnitReportReporter -->
<testsuite hostname="DESKTOP-C57COV6" failures="0" tests="1" name="com.timp.test.MDR.TaxasDeAtualização.ConfiguraçãoDeTipoTaxaDeAtualização.ConfiguraçãoDeTipoTaxaDeAtualizaçãoDetalle" time="84.256" errors="0" timestamp="06 nov. 2021 08:55:42 GMT" skipped="0">
  <testcase classname="com.timp.test.MDR.TaxasDeAtualização.ConfiguraçãoDeTipoTaxaDeAtualização.ConfiguraçãoDeTipoTaxaDeAtualizaçãoDetalle" name="detalle" time="84.256"/>
</testsuite> <!-- com.timp.test.MDR.TaxasDeAtualização.ConfiguraçãoDeTipoTaxaDeAtualização.ConfiguraçãoDeTipoTaxaDeAtualizaçãoDetalle -->
