<?xml version="1.0" encoding="UTF-8"?>
<!-- Generated by org.testng.reporters.JUnitReportReporter -->
<testsuite hostname="DESKTOP-35UG9UP" name="com.timp.test.MDR.CodigoContabilizacao.CodigoContabalizacaoVisualizar" tests="3" failures="0" timestamp="31 Jul 2020 18:57:03 GMT" time="54.554" errors="0">
  <testcase name="login" time="9.135" classname="com.timp.test.MDR.CodigoContabilizacao.CodigoContabalizacaoVisualizar"/>
  <testcase name="acessarMDR" time="11.309" classname="com.timp.test.MDR.CodigoContabilizacao.CodigoContabalizacaoVisualizar"/>
  <testcase name="Visualizar" time="34.110" classname="com.timp.test.MDR.CodigoContabilizacao.CodigoContabalizacaoVisualizar"/>
</testsuite> <!-- com.timp.test.MDR.CodigoContabilizacao.CodigoContabalizacaoVisualizar -->
