<?xml version="1.0" encoding="UTF-8"?>
<!-- Generated by org.testng.reporters.JUnitReportReporter -->
<testsuite hostname="LitoSoler" name="com.timp.test.MDR.SequenciaAcesso.SequenciaEditar" tests="3" failures="0" timestamp="28 Jul 2020 17:21:33 GMT" time="105.970" errors="0">
  <testcase name="acessarMDR" time="22.574" classname="com.timp.test.MDR.SequenciaAcesso.SequenciaEditar"/>
  <testcase name="Editar" time="77.048" classname="com.timp.test.MDR.SequenciaAcesso.SequenciaEditar"/>
  <testcase name="login" time="6.348" classname="com.timp.test.MDR.SequenciaAcesso.SequenciaEditar"/>
</testsuite> <!-- com.timp.test.MDR.SequenciaAcesso.SequenciaEditar -->
