<?xml version="1.0" encoding="UTF-8"?>
<!-- Generated by org.testng.reporters.JUnitReportReporter -->
<testsuite hostname="LitoSoler" name="com.timp.test.MDR.ContratoIOF.ContratoIOFEditar" tests="3" failures="0" timestamp="14 Nov 2020 18:37:12 GMT" time="107.351" errors="0">
  <testcase name="login" time="6.297" classname="com.timp.test.MDR.ContratoIOF.ContratoIOFEditar"/>
  <testcase name="acessarMDR" time="21.344" classname="com.timp.test.MDR.ContratoIOF.ContratoIOFEditar"/>
  <testcase name="editar" time="79.710" classname="com.timp.test.MDR.ContratoIOF.ContratoIOFEditar"/>
</testsuite> <!-- com.timp.test.MDR.ContratoIOF.ContratoIOFEditar -->
