<?xml version="1.0" encoding="UTF-8"?>
<!-- Generated by org.testng.reporters.JUnitReportReporter -->
<testsuite hostname="DESKTOP-JP1A9E6" failures="0" tests="2" name="com.timp.test.TDK.Kpis.KpisCriarCopia" time="305.268" errors="0" timestamp="14 jun. 2021 02:20:47 GMT" skipped="0">
  <testcase classname="com.timp.test.TDK.Kpis.KpisCriarCopia" name="criarCopia" time="150.706"/>
  <testcase classname="com.timp.test.TDK.Kpis.KpisCriarCopia" name="comparar" time="154.562"/>
</testsuite> <!-- com.timp.test.TDK.Kpis.KpisCriarCopia -->
