<?xml version="1.0" encoding="UTF-8"?>
<!-- Generated by org.testng.reporters.JUnitReportReporter -->
<testsuite hostname="LAPTOP-IN7IV9K5" failures="0" tests="1" name="com.timp.test.BRE.RegrasDeAuditoriaN4.Edicao.RegrasdeAuditoriaN4EdicaoValoresCalculados" time="134.831" errors="0" timestamp="13 may. 2021 21:43:44 GMT" skipped="0">
  <testcase classname="com.timp.test.BRE.RegrasDeAuditoriaN4.Edicao.RegrasdeAuditoriaN4EdicaoValoresCalculados" name="valoresCalculados" time="134.831"/>
</testsuite> <!-- com.timp.test.BRE.RegrasDeAuditoriaN4.Edicao.RegrasdeAuditoriaN4EdicaoValoresCalculados -->
