<?xml version="1.0" encoding="UTF-8"?>
<!-- Generated by org.testng.reporters.JUnitReportReporter -->
<testsuite hostname="DESKTOP-BNBDMGT" failures="0" tests="1" name="com.timp.test.MDR.Empresas.EmpresasDetalhes" time="68.327" errors="0" timestamp="19 mar. 2021 21:35:59 GMT" skipped="0">
  <testcase classname="com.timp.test.MDR.Empresas.EmpresasDetalhes" name="detalhes" time="68.327"/>
</testsuite> <!-- com.timp.test.MDR.Empresas.EmpresasDetalhes -->
