<?xml version="1.0" encoding="UTF-8"?>
<!-- Generated by org.testng.reporters.JUnitReportReporter -->
<testsuite hostname="CRISTHIAN-VASQUEZ" failures="0" tests="1" name="com.timp.test.MDR.TabelasComplementaresParaObrigaçoesAcessorias.TabelaDeAtribuicaoDeCodigoCFOP.TabelaDeAtribuicaoDeCodigoCFOPExcluirEmMassa" time="438.876" errors="0" timestamp="08 mar. 2021 22:01:50 GMT" skipped="0">
  <testcase classname="com.timp.test.MDR.TabelasComplementaresParaObrigaçoesAcessorias.TabelaDeAtribuicaoDeCodigoCFOP.TabelaDeAtribuicaoDeCodigoCFOPExcluirEmMassa" name="criar" time="438.876"/>
</testsuite> <!-- com.timp.test.MDR.TabelasComplementaresParaObrigaçoesAcessorias.TabelaDeAtribuicaoDeCodigoCFOP.TabelaDeAtribuicaoDeCodigoCFOPExcluirEmMassa -->
