<?xml version="1.0" encoding="UTF-8"?>
<!-- Generated by org.testng.reporters.JUnitReportReporter -->
<testsuite hostname="DESKTOP-C57COV6" failures="0" tests="3" name="com.timp.test.ADM.Configuração.Usuarios.UsuariosFiltrosAvancados" time="79.109" errors="0" timestamp="09 abr. 2021 13:48:52 GMT" skipped="0">
  <testcase classname="com.timp.test.ADM.Configuração.Usuarios.UsuariosFiltrosAvancados" name="login" time="9.195"/>
  <testcase classname="com.timp.test.ADM.Configuração.Usuarios.UsuariosFiltrosAvancados" name="AcessarADM" time="19.937"/>
  <testcase classname="com.timp.test.ADM.Configuração.Usuarios.UsuariosFiltrosAvancados" name="filtros" time="49.977"/>
</testsuite> <!-- com.timp.test.ADM.Configuração.Usuarios.UsuariosFiltrosAvancados -->
