<?xml version="1.0" encoding="UTF-8"?>
<!-- Generated by org.testng.reporters.JUnitReportReporter -->
<testsuite hostname="MIGUEL" failures="0" tests="6" name="com.timp.test.TDK.Execucoes.ExecucoesPublicas.ExecucoesExecucoesPublicasLixeiraemMassa" time="304.279" errors="0" timestamp="17 mar. 2021 15:25:18 GMT" skipped="0">
  <testcase classname="com.timp.test.TDK.Execucoes.ExecucoesPublicas.ExecucoesExecucoesPublicasLixeiraemMassa" name="login" time="14.181"/>
  <testcase classname="com.timp.test.TDK.Execucoes.ExecucoesPublicas.ExecucoesExecucoesPublicasLixeiraemMassa" name="acessarTDK" time="36.504"/>
  <testcase classname="com.timp.test.TDK.Execucoes.ExecucoesPublicas.ExecucoesExecucoesPublicasLixeiraemMassa" name="criar" time="133.300"/>
  <testcase classname="com.timp.test.TDK.Execucoes.ExecucoesPublicas.ExecucoesExecucoesPublicasLixeiraemMassa" name="lixeira" time="36.018"/>
  <testcase classname="com.timp.test.TDK.Execucoes.ExecucoesPublicas.ExecucoesExecucoesPublicasLixeiraemMassa" name="lixeiraDefinitiva" time="35.412"/>
  <testcase classname="com.timp.test.TDK.Execucoes.ExecucoesPublicas.ExecucoesExecucoesPublicasLixeiraemMassa" name="lixeiraExecucao" time="48.864"/>
</testsuite> <!-- com.timp.test.TDK.Execucoes.ExecucoesPublicas.ExecucoesExecucoesPublicasLixeiraemMassa -->
