<?xml version="1.0" encoding="UTF-8"?>
<!-- Generated by org.testng.reporters.JUnitReportReporter -->
<testsuite hostname="DESKTOP-C57COV6" failures="0" tests="1" name="com.timp.test.BRB.Paginacao" time="121.244" errors="0" timestamp="05 oct. 2021 16:56:33 GMT" skipped="0">
  <testcase classname="com.timp.test.BRB.Paginacao" name="paginacion" time="121.244"/>
</testsuite> <!-- com.timp.test.BRB.Paginacao -->
