<?xml version="1.0" encoding="UTF-8"?>
<!-- Generated by org.testng.reporters.JUnitReportReporter -->
<testsuite hostname="DESKTOP-C57COV6" failures="0" tests="1" name="com.timp.test.MDR.Filiais.FiliaisVisualizar" time="40.690" errors="0" timestamp="08 abr. 2021 21:50:40 GMT" skipped="0">
  <testcase classname="com.timp.test.MDR.Filiais.FiliaisVisualizar" name="visualizar" time="40.690"/>
</testsuite> <!-- com.timp.test.MDR.Filiais.FiliaisVisualizar -->
