<?xml version="1.0" encoding="UTF-8"?>
<!-- Generated by org.testng.reporters.JUnitReportReporter -->
<testsuite hostname="LitoSoler" name="com.timp.test.MDR.IncentivosFiscais.IncentivosFiscaisExcluir" tests="3" failures="0" timestamp="25 Jan 2021 20:08:38 GMT" time="76.870" errors="0">
  <testcase name="Excluir" time="47.134" classname="com.timp.test.MDR.IncentivosFiscais.IncentivosFiscaisExcluir"/>
  <testcase name="ingresar" time="6.357" classname="com.timp.test.MDR.IncentivosFiscais.IncentivosFiscaisExcluir"/>
  <testcase name="ingresarMDR" time="23.379" classname="com.timp.test.MDR.IncentivosFiscais.IncentivosFiscaisExcluir"/>
</testsuite> <!-- com.timp.test.MDR.IncentivosFiscais.IncentivosFiscaisExcluir -->
