<?xml version="1.0" encoding="UTF-8"?>
<!-- Generated by org.testng.reporters.JUnitReportReporter -->
<<<<<<< HEAD
<testsuite hostname="Agile" failures="0" tests="3" name="com.timp.test.CALENDAR.ParametrosGerais.CalendarioDeUsuarios" time="110.012" errors="0" timestamp="12 abr. 2022 13:27:41 GMT" skipped="0">
  <testcase classname="com.timp.test.CALENDAR.ParametrosGerais.CalendarioDeUsuarios" name="login" time="9.863"/>
  <testcase classname="com.timp.test.CALENDAR.ParametrosGerais.CalendarioDeUsuarios" name="acessarCalendar" time="62.373"/>
  <testcase classname="com.timp.test.CALENDAR.ParametrosGerais.CalendarioDeUsuarios" name="CalendarEntrar" time="37.776"/>
=======
<testsuite hostname="DESKTOP-M23FVFN" failures="0" tests="3" name="com.timp.test.CALENDAR.ParametrosGerais.CalendarioDeUsuarios" time="82.162" errors="0" timestamp="29 mar. 2022 18:08:21 GMT" skipped="0">
  <testcase classname="com.timp.test.CALENDAR.ParametrosGerais.CalendarioDeUsuarios" name="login" time="8.919"/>
  <testcase classname="com.timp.test.CALENDAR.ParametrosGerais.CalendarioDeUsuarios" name="acessarCalendar" time="51.877"/>
  <testcase classname="com.timp.test.CALENDAR.ParametrosGerais.CalendarioDeUsuarios" name="CalendarEntrar" time="21.366"/>
>>>>>>> branch 'Yessy' of https://github.com/salc1997/TIMP_R1
</testsuite> <!-- com.timp.test.CALENDAR.ParametrosGerais.CalendarioDeUsuarios -->
