<?xml version="1.0" encoding="UTF-8"?>
<!-- Generated by org.testng.reporters.JUnitReportReporter -->
<testsuite hostname="DESKTOP-M23FVFN" failures="0" tests="1" name="com.timp.test.DFG.Configuracoes.ConfiguracoesVisualizar" time="467.470" errors="0" timestamp="14 feb. 2022 18:50:09 GMT" skipped="0">
  <testcase classname="com.timp.test.DFG.Configuracoes.ConfiguracoesVisualizar" name="criar" time="467.470"/>
</testsuite> <!-- com.timp.test.DFG.Configuracoes.ConfiguracoesVisualizar -->
