<?xml version="1.0" encoding="UTF-8"?>
<!-- Generated by org.testng.reporters.JUnitReportReporter -->
<testsuite hostname="DESKTOP-M23FVFN" failures="0" tests="1" name="com.timp.test.MDR.TabelaApoioECD.DeXParaContraPartida.DeXParaContraPartidaCriar" time="92.230" errors="0" timestamp="16 feb. 2022 09:09:00 GMT" skipped="0">
  <testcase classname="com.timp.test.MDR.TabelaApoioECD.DeXParaContraPartida.DeXParaContraPartidaCriar" name="criar" time="92.230"/>
</testsuite> <!-- com.timp.test.MDR.TabelaApoioECD.DeXParaContraPartida.DeXParaContraPartidaCriar -->
