<?xml version="1.0" encoding="UTF-8"?>
<!-- Generated by org.testng.reporters.JUnitReportReporter -->
<testsuite hostname="DESKTOP-HB7TMPD" failures="0" tests="3" name="com.timp.test.BRE.RegrasDeAuditoriaN3.RegrasDeAuditoriaN3CriarMasCriarComCopia" time="162.427" errors="0" timestamp="6 Jan 2021 06:07:02 GMT">
  <testcase classname="com.timp.test.BRE.RegrasDeAuditoriaN3.RegrasDeAuditoriaN3CriarMasCriarComCopia" name="criarComCopia" time="139.439"/>
  <testcase classname="com.timp.test.BRE.RegrasDeAuditoriaN3.RegrasDeAuditoriaN3CriarMasCriarComCopia" name="login" time="6.897"/>
  <testcase classname="com.timp.test.BRE.RegrasDeAuditoriaN3.RegrasDeAuditoriaN3CriarMasCriarComCopia" name="acessarBRE" time="16.091"/>
</testsuite> <!-- com.timp.test.BRE.RegrasDeAuditoriaN3.RegrasDeAuditoriaN3CriarMasCriarComCopia -->
