<?xml version="1.0" encoding="UTF-8"?>
<!-- Generated by org.testng.reporters.JUnitReportReporter -->
<testsuite skipped="0" hostname="LitoSoler" name="com.timp.test.MDR.Centralizacao.EstornoCredito.EstornoCreditoCriar" tests="1" failures="0" timestamp="09 mar 2021 02:06:09 GMT" time="78.324" errors="0">
  <testcase name="criar" time="78.324" classname="com.timp.test.MDR.Centralizacao.EstornoCredito.EstornoCreditoCriar"/>
</testsuite> <!-- com.timp.test.MDR.Centralizacao.EstornoCredito.EstornoCreditoCriar -->
