<?xml version="1.0" encoding="UTF-8"?>
<!-- Generated by org.testng.reporters.JUnitReportReporter -->
<testsuite hostname="DESKTOP-C57COV6" failures="0" tests="10" name="com.timp.test.BCB.HierarquiaExecucoesTodasAsFuncionalidades" time="1027.118" errors="0" timestamp="15 jul. 2021 05:22:52 GMT" skipped="0">
  <testcase classname="com.timp.test.BCB.HierarquiaExecucoesTodasAsFuncionalidades" name="login" time="9.055"/>
  <testcase classname="com.timp.test.BCB.HierarquiaExecucoesTodasAsFuncionalidades" name="brbEntrar" time="19.234"/>
  <testcase classname="com.timp.test.BCB.HierarquiaExecucoesTodasAsFuncionalidades" name="criarConfiguracaoExecucoes" time="92.691"/>
  <testcase classname="com.timp.test.BCB.HierarquiaExecucoesTodasAsFuncionalidades" name="criarConfiguracao" time="403.462"/>
  <testcase classname="com.timp.test.BCB.HierarquiaExecucoesTodasAsFuncionalidades" name="executar" time="112.697"/>
  <testcase classname="com.timp.test.BCB.HierarquiaExecucoesTodasAsFuncionalidades" name="resto" time="113.235"/>
  <testcase classname="com.timp.test.BCB.HierarquiaExecucoesTodasAsFuncionalidades" name="editar" time="65.856"/>
  <testcase classname="com.timp.test.BCB.HierarquiaExecucoesTodasAsFuncionalidades" name="excluirExecucoes" time="55.630"/>
  <testcase classname="com.timp.test.BCB.HierarquiaExecucoesTodasAsFuncionalidades" name="excluirConfiguracoes" time="83.692"/>
  <testcase classname="com.timp.test.BCB.HierarquiaExecucoesTodasAsFuncionalidades" name="excluirHierarquia" time="71.566"/>
</testsuite> <!-- com.timp.test.BCB.HierarquiaExecucoesTodasAsFuncionalidades -->
