<?xml version="1.0" encoding="UTF-8"?>
<!-- Generated by org.testng.reporters.JUnitReportReporter -->
<<<<<<< HEAD
<testsuite hostname="Agile" failures="0" tests="1" name="com.timp.test.CALENDAR.ParametrosGerais.TarefaAbrirCalendario" time="56.347" errors="0" timestamp="12 abr. 2022 13:37:55 GMT" skipped="0">
  <testcase classname="com.timp.test.CALENDAR.ParametrosGerais.TarefaAbrirCalendario" name="CalendarEntrar" time="56.347"/>
=======
<testsuite hostname="DESKTOP-M23FVFN" failures="0" tests="1" name="com.timp.test.CALENDAR.ParametrosGerais.TarefaAbrirCalendario" time="85.063" errors="0" timestamp="29 mar. 2022 19:43:50 GMT" skipped="0">
  <testcase classname="com.timp.test.CALENDAR.ParametrosGerais.TarefaAbrirCalendario" name="CalendarEntrar" time="85.063"/>
>>>>>>> branch 'Yessy' of https://github.com/salc1997/TIMP_R1
</testsuite> <!-- com.timp.test.CALENDAR.ParametrosGerais.TarefaAbrirCalendario -->
