<?xml version="1.0" encoding="UTF-8"?>
<!-- Generated by org.testng.reporters.JUnitReportReporter -->
<testsuite hostname="LitoSoler" name="com.timp.test.MDR.AcessarMDR" tests="2" failures="0" timestamp="23 Jul 2020 23:02:44 GMT" time="18.974" errors="0">
  <testcase name="login" time="6.434" classname="com.timp.test.MDR.AcessarMDR"/>
  <testcase name="MDREntrar" time="12.540" classname="com.timp.test.MDR.AcessarMDR"/>
</testsuite> <!-- com.timp.test.MDR.AcessarMDR -->
