<?xml version="1.0" encoding="UTF-8"?>
<<<<<<< HEAD
<!-- Generated by org.testng.reporters.JUnitReportReporter -->
<testsuite skipped="0" hostname="LitoSoler" name="com.timp.test.MDR.ValorAdicionado.Municipio.MunicipioEditar" tests="1" failures="0" timestamp="16 mar 2021 02:19:30 GMT" time="116.556" errors="0">
  <testcase name="editar" time="116.556" classname="com.timp.test.MDR.ValorAdicionado.Municipio.MunicipioEditar"/>
=======
<!-- Generated by org.testng.reporters.JUnitReportReporter -->
<testsuite skipped="0" hostname="LitoSoler" name="com.timp.test.MDR.ValorAdicionado.Municipio.MunicipioEditar" tests="1" failures="0" timestamp="09 mar 2021 00:04:35 GMT" time="112.284" errors="0">
  <testcase name="editar" time="112.284" classname="com.timp.test.MDR.ValorAdicionado.Municipio.MunicipioEditar"/>
>>>>>>> refs/heads/Cristhian
</testsuite> <!-- com.timp.test.MDR.ValorAdicionado.Municipio.MunicipioEditar -->
