<?xml version="1.0" encoding="UTF-8"?>
<!-- Generated by org.testng.reporters.JUnitReportReporter -->
<testsuite hostname="DESKTOP-BNBDMGT" failures="0" tests="3" name="com.timp.test.DFG.Leiautes.LeiautesExecuçãoFuncionalidades1" time="407.339" errors="0" timestamp="24 mar. 2021 03:26:53 GMT" skipped="0">
  <testcase classname="com.timp.test.DFG.Leiautes.LeiautesExecuçãoFuncionalidades1" name="ingresar" time="11.160"/>
  <testcase classname="com.timp.test.DFG.Leiautes.LeiautesExecuçãoFuncionalidades1" name="mdrEntrar" time="28.656"/>
  <testcase classname="com.timp.test.DFG.Leiautes.LeiautesExecuçãoFuncionalidades1" name="criar" time="367.523"/>
</testsuite> <!-- com.timp.test.DFG.Leiautes.LeiautesExecuçãoFuncionalidades1 -->
