<?xml version="1.0" encoding="UTF-8"?>
<!-- Generated by org.testng.reporters.JUnitReportReporter -->
<testsuite hostname="MIGUEL" failures="0" tests="3" name="com.timp.test.TDK.Kpis.KpisExecutarAtualizarJutisficativaGravar" time="225.137" errors="0" timestamp="21 mar. 2021 23:47:21 GMT" skipped="0">
  <testcase classname="com.timp.test.TDK.Kpis.KpisExecutarAtualizarJutisficativaGravar" name="login" time="10.375"/>
  <testcase classname="com.timp.test.TDK.Kpis.KpisExecutarAtualizarJutisficativaGravar" name="acessarTDK" time="24.268"/>
  <testcase classname="com.timp.test.TDK.Kpis.KpisExecutarAtualizarJutisficativaGravar" name="executar" time="190.494"/>
</testsuite> <!-- com.timp.test.TDK.Kpis.KpisExecutarAtualizarJutisficativaGravar -->
