<?xml version="1.0" encoding="UTF-8"?>
<!-- Generated by org.testng.reporters.JUnitReportReporter -->
<testsuite hostname="SALC-PC" failures="0" tests="8" name="com.timp.test.ATR.Tributos.AgrupamentoDeTributos.AgrupamentoDeTributosTodasFunc" time="552.332" errors="0" timestamp="2023-08-17T16:01:52 CST" skipped="0">
  <testcase classname="com.timp.test.ATR.Tributos.AgrupamentoDeTributos.AgrupamentoDeTributosTodasFunc" name="criar" time="75.830"/>
  <system-out/>
  <testcase classname="com.timp.test.ATR.Tributos.AgrupamentoDeTributos.AgrupamentoDeTributosTodasFunc" name="Excluir" time="27.055"/>
  <system-out/>
  <testcase classname="com.timp.test.ATR.Tributos.AgrupamentoDeTributos.AgrupamentoDeTributosTodasFunc" name="criarcopia" time="118.139"/>
  <system-out/>
  <testcase classname="com.timp.test.ATR.Tributos.AgrupamentoDeTributos.AgrupamentoDeTributosTodasFunc" name="detalle" time="46.209"/>
  <system-out/>
  <testcase classname="com.timp.test.ATR.Tributos.AgrupamentoDeTributos.AgrupamentoDeTributosTodasFunc" name="editar" time="88.703"/>
  <system-out/>
  <testcase classname="com.timp.test.ATR.Tributos.AgrupamentoDeTributos.AgrupamentoDeTributosTodasFunc" name="visualizar" time="47.124"/>
  <system-out/>
  <testcase classname="com.timp.test.ATR.Tributos.AgrupamentoDeTributos.AgrupamentoDeTributosTodasFunc" name="excluir" time="46.077"/>
  <system-out/>
  <testcase classname="com.timp.test.ATR.Tributos.AgrupamentoDeTributos.AgrupamentoDeTributosTodasFunc" name="criarMassa" time="103.195"/>
  <system-out/>
</testsuite> <!-- com.timp.test.ATR.Tributos.AgrupamentoDeTributos.AgrupamentoDeTributosTodasFunc -->
