<?xml version="1.0" encoding="UTF-8"?>
<!-- Generated by org.testng.reporters.JUnitReportReporter -->
<testsuite hostname="DESKTOP-35UG9UP" name="com.timp.test.BRB.PublicoYPrivado" tests="3" failures="0" timestamp="1 Oct 2020 20:16:38 GMT" time="148.329" errors="0">
  <testcase name="publicoYPRivado" time="107.981" classname="com.timp.test.BRB.PublicoYPrivado"/>
  <testcase name="brbEntrar" time="28.891" classname="com.timp.test.BRB.PublicoYPrivado"/>
  <testcase name="login" time="11.457" classname="com.timp.test.BRB.PublicoYPrivado"/>
</testsuite> <!-- com.timp.test.BRB.PublicoYPrivado -->
