<?xml version="1.0" encoding="UTF-8"?>
<!-- Generated by org.testng.reporters.JUnitReportReporter -->
<testsuite hostname="DESKTOP-M23FVFN" failures="0" tests="1" name="com.timp.test.MDR.ParametrosContabilizacao.ContasDefaultPorTributo.ContasDefaultPorTributoEditar" time="121.528" errors="0" timestamp="06 abr. 2022 16:36:21 GMT" skipped="0">
  <testcase classname="com.timp.test.MDR.ParametrosContabilizacao.ContasDefaultPorTributo.ContasDefaultPorTributoEditar" name="editar" time="121.528"/>
</testsuite> <!-- com.timp.test.MDR.ParametrosContabilizacao.ContasDefaultPorTributo.ContasDefaultPorTributoEditar -->
