<?xml version="1.0" encoding="UTF-8"?>
<!-- Generated by org.testng.reporters.JUnitReportReporter -->
<testsuite hostname="DESKTOP-BNBDMGT" failures="0" tests="3" name="com.timp.test.ADM.Configuração.Usuarios.UsuáriosVisualizar" time="63.541" errors="0" timestamp="27 abr. 2021 15:31:47 GMT" skipped="0">
  <testcase classname="com.timp.test.ADM.Configuração.Usuarios.UsuáriosVisualizar" name="login" time="8.124"/>
  <testcase classname="com.timp.test.ADM.Configuração.Usuarios.UsuáriosVisualizar" name="AcessarADM" time="14.232"/>
  <testcase classname="com.timp.test.ADM.Configuração.Usuarios.UsuáriosVisualizar" name="ver" time="41.185"/>
</testsuite> <!-- com.timp.test.ADM.Configuração.Usuarios.UsuáriosVisualizar -->
