<?xml version="1.0" encoding="UTF-8"?>
<!-- Generated by org.testng.reporters.JUnitReportReporter -->
<testsuite hostname="DESKTOP-5P4F1JE" failures="0" tests="3" name="com.timp.test.TBD.Configuração.CamposChaves.CamposChabesFiltroPorID" time="36.469" errors="0" timestamp="23 Dec 2020 19:58:44 GMT">
  <testcase classname="com.timp.test.TBD.Configuração.CamposChaves.CamposChabesFiltroPorID" name="login" time="7.684"/>
  <testcase classname="com.timp.test.TBD.Configuração.CamposChaves.CamposChabesFiltroPorID" name="filtro" time="13.767"/>
  <testcase classname="com.timp.test.TBD.Configuração.CamposChaves.CamposChabesFiltroPorID" name="TBDEntrar" time="15.018"/>
</testsuite> <!-- com.timp.test.TBD.Configuração.CamposChaves.CamposChabesFiltroPorID -->
