<?xml version="1.0" encoding="UTF-8"?>
<!-- Generated by org.testng.reporters.JUnitReportReporter -->
<<<<<<< HEAD
<testsuite hostname="LitoSoler" name="com.timp.test.MDR.ParametrosParaCategoriaDeIRF.ParametrosParaCategoriaDeIRFExcluir" tests="3" failures="0" timestamp="18 Nov 2020 15:11:41 GMT" time="75.711" errors="0">
  <testcase name="acessarMDR" time="10.332" classname="com.timp.test.MDR.ParametrosParaCategoriaDeIRF.ParametrosParaCategoriaDeIRFExcluir"/>
  <testcase name="excluir" time="58.100" classname="com.timp.test.MDR.ParametrosParaCategoriaDeIRF.ParametrosParaCategoriaDeIRFExcluir"/>
  <testcase name="login" time="7.279" classname="com.timp.test.MDR.ParametrosParaCategoriaDeIRF.ParametrosParaCategoriaDeIRFExcluir"/>
=======
<testsuite hostname="LitoSoler" name="com.timp.test.MDR.ParametrosParaCategoriaDeIRF.ParametrosParaCategoriaDeIRFExcluir" tests="3" failures="0" timestamp="24 Nov 2020 16:22:47 GMT" time="76.079" errors="0">
  <testcase name="login" time="7.631" classname="com.timp.test.MDR.ParametrosParaCategoriaDeIRF.ParametrosParaCategoriaDeIRFExcluir"/>
  <testcase name="acessarMDR" time="11.344" classname="com.timp.test.MDR.ParametrosParaCategoriaDeIRF.ParametrosParaCategoriaDeIRFExcluir"/>
  <testcase name="excluir" time="57.104" classname="com.timp.test.MDR.ParametrosParaCategoriaDeIRF.ParametrosParaCategoriaDeIRFExcluir"/>
>>>>>>> branch 'master' of https://github.com/salc1997/TIMP_R1.git
</testsuite> <!-- com.timp.test.MDR.ParametrosParaCategoriaDeIRF.ParametrosParaCategoriaDeIRFExcluir -->
