<?xml version="1.0" encoding="UTF-8"?>
<!-- Generated by org.testng.reporters.JUnitReportReporter -->
<testsuite hostname="DESKTOP-C57COV6" failures="0" tests="2" name="com.timp.test.MDR.CadastroCondiçao.CadastroCondiçaoExcluirMasas" time="323.779" errors="0" timestamp="23 oct. 2021 22:00:34 GMT" skipped="0">
  <testcase classname="com.timp.test.MDR.CadastroCondiçao.CadastroCondiçaoExcluirMasas" name="excluir" time="54.454"/>
  <testcase classname="com.timp.test.MDR.CadastroCondiçao.CadastroCondiçaoExcluirMasas" name="criar" time="269.325"/>
</testsuite> <!-- com.timp.test.MDR.CadastroCondiçao.CadastroCondiçaoExcluirMasas -->
