<?xml version="1.0" encoding="UTF-8"?>
<!-- Generated by org.testng.reporters.JUnitReportReporter -->
<testsuite hostname="DESKTOP-C57COV6" failures="0" tests="1" name="com.timp.test.BRB.PublicoEPrivado" time="218.072" errors="0" timestamp="20 jul. 2021 19:42:59 GMT" skipped="0">
  <testcase classname="com.timp.test.BRB.PublicoEPrivado" name="publicoYPRivado" time="218.072"/>
</testsuite> <!-- com.timp.test.BRB.PublicoEPrivado -->
