<?xml version="1.0" encoding="UTF-8"?>
<!-- Generated by org.testng.reporters.JUnitReportReporter -->
<testsuite hostname="MIGUEL" failures="0" tests="1" name="com.timp.test.BRB.AtivarCorrecao" time="82.632" errors="0" timestamp="16 mar. 2021 14:41:09 GMT" skipped="0">
  <testcase classname="com.timp.test.BRB.AtivarCorrecao" name="ativarCorreccion" time="82.632"/>
</testsuite> <!-- com.timp.test.BRB.AtivarCorrecao -->
