<?xml version="1.0" encoding="UTF-8"?>
<!-- Generated by org.testng.reporters.JUnitReportReporter -->
<testsuite hostname="DESKTOP-M23FVFN" failures="0" tests="2" name="com.timp.test.MDR.Antecipacao.AntecipacaoExcluirMassa" time="439.498" errors="0" timestamp="12 mar. 2022 05:58:45 GMT" skipped="0">
  <testcase classname="com.timp.test.MDR.Antecipacao.AntecipacaoExcluirMassa" name="excluir" time="58.397"/>
  <testcase classname="com.timp.test.MDR.Antecipacao.AntecipacaoExcluirMassa" name="criar" time="381.101"/>
</testsuite> <!-- com.timp.test.MDR.Antecipacao.AntecipacaoExcluirMassa -->
