<?xml version="1.0" encoding="UTF-8"?>
<<<<<<< HEAD
<!-- Generated by org.testng.reporters.JUnitReportReporter -->
<testsuite skipped="0" hostname="LitoSoler" name="com.timp.test.MDR.SPCBFederaisRetidos.SPCBFederaisRetidosVisualizar" tests="1" failures="0" timestamp="19 mar 2021 21:15:27 GMT" time="69.373" errors="0">
  <testcase name="visualizar" time="69.373" classname="com.timp.test.MDR.SPCBFederaisRetidos.SPCBFederaisRetidosVisualizar"/>
=======
<<<<<<< HEAD
<!-- Generated by org.testng.reporters.JUnitReportReporter -->
<testsuite skipped="0" hostname="LitoSoler" name="com.timp.test.MDR.SPCBFederaisRetidos.SPCBFederaisRetidosVisualizar" tests="1" failures="0" timestamp="16 mar 2021 02:40:52 GMT" time="69.358" errors="0">
  <testcase name="visualizar" time="69.358" classname="com.timp.test.MDR.SPCBFederaisRetidos.SPCBFederaisRetidosVisualizar"/>
=======
<!-- Generated by org.testng.reporters.JUnitReportReporter -->
<testsuite skipped="0" hostname="LitoSoler" name="com.timp.test.MDR.SPCBFederaisRetidos.SPCBFederaisRetidosVisualizar" tests="1" failures="0" timestamp="09 mar 2021 00:34:16 GMT" time="70.010" errors="0">
  <testcase name="visualizar" time="70.010" classname="com.timp.test.MDR.SPCBFederaisRetidos.SPCBFederaisRetidosVisualizar"/>
>>>>>>> refs/heads/Cristhian
>>>>>>> branch 'master' of https://github.com/salc1997/TIMP_R1.git
</testsuite> <!-- com.timp.test.MDR.SPCBFederaisRetidos.SPCBFederaisRetidosVisualizar -->
