<?xml version="1.0" encoding="UTF-8"?>
<!-- Generated by org.testng.reporters.JUnitReportReporter -->
<testsuite hostname="DESKTOP-5P4F1JE" failures="0" tests="3" name="com.timp.test.TFP.Configurações.StatusPeriodo.ConfiguracoesStatusPeriodoVer" time="73.553" errors="0" timestamp="17 Feb 2021 16:31:03 GMT">
  <testcase classname="com.timp.test.TFP.Configurações.StatusPeriodo.ConfiguracoesStatusPeriodoVer" name="TFPEntrar" time="22.755"/>
  <testcase classname="com.timp.test.TFP.Configurações.StatusPeriodo.ConfiguracoesStatusPeriodoVer" name="ver" time="42.195"/>
  <testcase classname="com.timp.test.TFP.Configurações.StatusPeriodo.ConfiguracoesStatusPeriodoVer" name="login" time="8.603"/>
</testsuite> <!-- com.timp.test.TFP.Configurações.StatusPeriodo.ConfiguracoesStatusPeriodoVer -->
