<?xml version="1.0" encoding="UTF-8"?>
<!-- Generated by org.testng.reporters.JUnitReportReporter -->
<testsuite hostname="DESKTOP-35UG9UP" name="com.timp.test.MDR.SequenciaAcesso.SequenciaVisualizar" tests="3" failures="0" timestamp="28 Jul 2020 17:52:38 GMT" time="86.306" errors="0">
  <testcase name="Visualizar" time="38.974" classname="com.timp.test.MDR.SequenciaAcesso.SequenciaVisualizar"/>
  <testcase name="login" time="14.586" classname="com.timp.test.MDR.SequenciaAcesso.SequenciaVisualizar"/>
  <testcase name="acessarMDR" time="32.746" classname="com.timp.test.MDR.SequenciaAcesso.SequenciaVisualizar"/>
</testsuite> <!-- com.timp.test.MDR.SequenciaAcesso.SequenciaVisualizar -->
