<?xml version="1.0" encoding="UTF-8"?>
<!-- Generated by org.testng.reporters.JUnitReportReporter -->
<<<<<<< HEAD
<testsuite hostname="DESKTOP-C57COV6" failures="0" tests="1" name="com.timp.test.MDR.RepresentanteLegais.RepresentantesLegaisDetalhes" time="99.989" errors="0" timestamp="08 sep. 2021 05:21:55 GMT" skipped="0">
  <testcase classname="com.timp.test.MDR.RepresentanteLegais.RepresentantesLegaisDetalhes" name="detalhes" time="99.989"/>
=======
<testsuite hostname="DESKTOP-JP1A9E6" failures="0" tests="1" name="com.timp.test.MDR.RepresentanteLegais.RepresentantesLegaisDetalhes" time="84.230" errors="0" timestamp="02 sep. 2021 09:43:19 GMT" skipped="0">
  <testcase classname="com.timp.test.MDR.RepresentanteLegais.RepresentantesLegaisDetalhes" name="detalhes" time="84.230"/>
>>>>>>> branch 'Yessy' of https://github.com/salc1997/TIMP_R1.git
</testsuite> <!-- com.timp.test.MDR.RepresentanteLegais.RepresentantesLegaisDetalhes -->
