<?xml version="1.0" encoding="UTF-8"?>
<!-- Generated by org.testng.reporters.JUnitReportReporter -->
<testsuite hostname="DESKTOP-M23FVFN" failures="0" tests="1" name="com.timp.test.BRB.AtivarComentario" time="146.485" errors="0" timestamp="2022-10-13T18:17:08 BRT" skipped="0">
  <testcase classname="com.timp.test.BRB.AtivarComentario" name="ativarComentarios" time="146.485"/>
  <system-out/>
</testsuite> <!-- com.timp.test.BRB.AtivarComentario -->
