<?xml version="1.0" encoding="UTF-8"?>
<!-- Generated by org.testng.reporters.JUnitReportReporter -->
<testsuite hostname="DESKTOP-M23FVFN" failures="0" tests="2" name="com.timp.test.MDR.CadastrosIRPJCSLL.TabelaDeApoioECF.TabelaDeApoioECFLeiaute" time="156.724" errors="0" timestamp="21 ene. 2022 09:46:28 GMT" skipped="0">
  <testcase classname="com.timp.test.MDR.CadastrosIRPJCSLL.TabelaDeApoioECF.TabelaDeApoioECFLeiaute" name="criar" time="113.783"/>
  <testcase classname="com.timp.test.MDR.CadastrosIRPJCSLL.TabelaDeApoioECF.TabelaDeApoioECFLeiaute" name="excluir" time="42.941"/>
</testsuite> <!-- com.timp.test.MDR.CadastrosIRPJCSLL.TabelaDeApoioECF.TabelaDeApoioECFLeiaute -->
