<?xml version="1.0" encoding="UTF-8"?>
<!-- Generated by org.testng.reporters.JUnitReportReporter -->
<testsuite hostname="LitoSoler" name="com.timp.test.MDR.Centralizacao.Tributos.TributosExcluir" tests="3" failures="0" timestamp="7 Aug 2020 02:03:14 GMT" time="67.936" errors="0">
  <testcase name="tributosExcluir" time="52.371" classname="com.timp.test.MDR.Centralizacao.Tributos.TributosExcluir"/>
  <testcase name="login" time="6.709" classname="com.timp.test.MDR.Centralizacao.Tributos.TributosExcluir"/>
  <testcase name="acessarMDR" time="8.856" classname="com.timp.test.MDR.Centralizacao.Tributos.TributosExcluir"/>
</testsuite> <!-- com.timp.test.MDR.Centralizacao.Tributos.TributosExcluir -->
