<?xml version="1.0" encoding="UTF-8"?>
<!-- Generated by org.testng.reporters.JUnitReportReporter -->
<testsuite hostname="DESKTOP-5P4F1JE" failures="0" tests="3" name="com.timp.test.TFP.Configurações.StatusPeriodo.ConfiguracoesStatusPeriodoEditar" time="93.392" errors="0" timestamp="17 Feb 2021 16:33:01 GMT">
  <testcase classname="com.timp.test.TFP.Configurações.StatusPeriodo.ConfiguracoesStatusPeriodoEditar" name="TFPEntrar" time="21.561"/>
  <testcase classname="com.timp.test.TFP.Configurações.StatusPeriodo.ConfiguracoesStatusPeriodoEditar" name="login" time="8.365"/>
  <testcase classname="com.timp.test.TFP.Configurações.StatusPeriodo.ConfiguracoesStatusPeriodoEditar" name="editar" time="63.466"/>
</testsuite> <!-- com.timp.test.TFP.Configurações.StatusPeriodo.ConfiguracoesStatusPeriodoEditar -->
