<?xml version="1.0" encoding="UTF-8"?>
<!-- Generated by org.testng.reporters.JUnitReportReporter -->
<testsuite hostname="DESKTOP-JP1A9E6" failures="0" tests="2" name="com.timp.test.BRB.ExcluirRelatorio" time="165.776" errors="0" timestamp="27 jul. 2021 19:16:47 GMT" skipped="0">
  <testcase classname="com.timp.test.BRB.ExcluirRelatorio" name="eliminarLixeira" time="52.840"/>
  <testcase classname="com.timp.test.BRB.ExcluirRelatorio" name="eliminar" time="112.936"/>
</testsuite> <!-- com.timp.test.BRB.ExcluirRelatorio -->
