<?xml version="1.0" encoding="UTF-8"?>
<!-- Generated by org.testng.reporters.JUnitReportReporter -->
<testsuite hostname="EC2AMAZ-8HCHO4G" failures="0" tests="1" name="com.timp.test.BRB.AtivarCorrecao" time="84.626" errors="0" timestamp="2023-07-31T18:42:46 UTC" skipped="0">
  <testcase classname="com.timp.test.BRB.AtivarCorrecao" name="ativarCorreccion" time="84.626"/>
  <system-out/>
</testsuite> <!-- com.timp.test.BRB.AtivarCorrecao -->
