<?xml version="1.0" encoding="UTF-8"?>
<!-- Generated by org.testng.reporters.JUnitReportReporter -->
<testsuite hostname="DESKTOP-BNBDMGT" failures="0" tests="1" name="com.timp.test.MDR.ValorAdicionado.Municipio.MunicipioCriar" time="77.412" errors="0" timestamp="30 mar. 2021 03:53:46 GMT" skipped="0">
  <testcase classname="com.timp.test.MDR.ValorAdicionado.Municipio.MunicipioCriar" name="criar" time="77.412"/>
</testsuite> <!-- com.timp.test.MDR.ValorAdicionado.Municipio.MunicipioCriar -->
