<?xml version="1.0" encoding="UTF-8"?>
<!-- Generated by org.testng.reporters.JUnitReportReporter -->
<testsuite hostname="MIGUEL" failures="0" tests="1" name="com.timp.test.MDR.RegistroECAC.RegistroECACFiltrosAvan" time="66.913" errors="0" timestamp="24 feb. 2021 18:06:24 GMT" skipped="0">
  <testcase classname="com.timp.test.MDR.RegistroECAC.RegistroECACFiltrosAvan" name="filtrarAvanRegistroECAC" time="66.913"/>
</testsuite> <!-- com.timp.test.MDR.RegistroECAC.RegistroECACFiltrosAvan -->
