<?xml version="1.0" encoding="UTF-8"?>
<!-- Generated by org.testng.reporters.JUnitReportReporter -->
<testsuite hostname="MIGUEL" failures="0" tests="3" name="com.timp.test.TDK.Execucoes.ExecucoesPublicas.ExecucoesExecucoesPublicasVisualizar" time="125.355" errors="0" timestamp="17 mar. 2021 23:54:27 GMT" skipped="0">
  <testcase classname="com.timp.test.TDK.Execucoes.ExecucoesPublicas.ExecucoesExecucoesPublicasVisualizar" name="login" time="8.768"/>
  <testcase classname="com.timp.test.TDK.Execucoes.ExecucoesPublicas.ExecucoesExecucoesPublicasVisualizar" name="acessarTDK" time="23.417"/>
  <testcase classname="com.timp.test.TDK.Execucoes.ExecucoesPublicas.ExecucoesExecucoesPublicasVisualizar" name="visualizar" time="93.170"/>
</testsuite> <!-- com.timp.test.TDK.Execucoes.ExecucoesPublicas.ExecucoesExecucoesPublicasVisualizar -->
