<?xml version="1.0" encoding="UTF-8"?>
<!-- Generated by org.testng.reporters.JUnitReportReporter -->
<testsuite hostname="DESKTOP-BNBDMGT" failures="0" tests="3" name="com.timp.test.BCB.ParametrosGeraisConfiguraçãoConfiguraçãoFavoritos" time="73.529" errors="0" timestamp="27 Jan 2021 23:37:17 GMT">
  <testcase classname="com.timp.test.BCB.ParametrosGeraisConfiguraçãoConfiguraçãoFavoritos" name="brbEntrar" time="18.495"/>
  <testcase classname="com.timp.test.BCB.ParametrosGeraisConfiguraçãoConfiguraçãoFavoritos" name="login" time="7.517"/>
  <testcase classname="com.timp.test.BCB.ParametrosGeraisConfiguraçãoConfiguraçãoFavoritos" name="criarConfiguracao" time="47.517"/>
</testsuite> <!-- com.timp.test.BCB.ParametrosGeraisConfiguraçãoConfiguraçãoFavoritos -->
