<?xml version="1.0" encoding="UTF-8"?>
<!-- Generated by org.testng.reporters.JUnitReportReporter -->
<testsuite hostname="Agile" failures="0" tests="1" name="com.timp.test.MDR.TabelasApoioESocial.Tabela07.TiposDeDependentesEditar" time="107.711" errors="0" timestamp="09 dic. 2021 11:05:05 GMT" skipped="0">
  <testcase classname="com.timp.test.MDR.TabelasApoioESocial.Tabela07.TiposDeDependentesEditar" name="editar" time="107.711"/>
</testsuite> <!-- com.timp.test.MDR.TabelasApoioESocial.Tabela07.TiposDeDependentesEditar -->
