<?xml version="1.0" encoding="UTF-8"?>
<!-- Generated by org.testng.reporters.JUnitReportReporter -->
<testsuite hostname="DESKTOP-35UG9UP" name="com.timp.test.MDR.CEP.Municipio.MunicipioCriar" tests="3" failures="0" timestamp="1 Sep 2020 18:03:38 GMT" time="134.530" errors="0">
  <testcase name="filtro" time="83.787" classname="com.timp.test.MDR.CEP.Municipio.MunicipioCriar"/>
  <testcase name="login" time="10.195" classname="com.timp.test.MDR.CEP.Municipio.MunicipioCriar"/>
  <testcase name="acessarMDR" time="40.548" classname="com.timp.test.MDR.CEP.Municipio.MunicipioCriar"/>
</testsuite> <!-- com.timp.test.MDR.CEP.Municipio.MunicipioCriar -->
