<?xml version="1.0" encoding="UTF-8"?>
<!-- Generated by org.testng.reporters.JUnitReportReporter -->
<testsuite hostname="Agile" failures="0" tests="1" name="com.timp.test.MDR.ControleDeCreditoTributario.UtilizacaoDosCreditosEmPeriodoAnterior.UtilizacaoDosCreditosEmPeriodoAnteriorEditar" time="142.614" errors="0" timestamp="30 ene. 2022 09:02:31 GMT" skipped="0">
  <testcase classname="com.timp.test.MDR.ControleDeCreditoTributario.UtilizacaoDosCreditosEmPeriodoAnterior.UtilizacaoDosCreditosEmPeriodoAnteriorEditar" name="editar" time="142.614"/>
</testsuite> <!-- com.timp.test.MDR.ControleDeCreditoTributario.UtilizacaoDosCreditosEmPeriodoAnterior.UtilizacaoDosCreditosEmPeriodoAnteriorEditar -->
