<?xml version="1.0" encoding="UTF-8"?>
<!-- Generated by org.testng.reporters.JUnitReportReporter -->
<testsuite hostname="MIGUEL" failures="0" tests="3" name="com.timp.test.MDR.TaxasDeConversao.TaxasDeConversaoCriar" time="59.301" errors="0" timestamp="4 Jan 2021 16:03:28 GMT">
  <testcase classname="com.timp.test.MDR.TaxasDeConversao.TaxasDeConversaoCriar" name="login" time="6.687"/>
  <testcase classname="com.timp.test.MDR.TaxasDeConversao.TaxasDeConversaoCriar" name="acessarMDR" time="13.831"/>
  <testcase classname="com.timp.test.MDR.TaxasDeConversao.TaxasDeConversaoCriar" name="criar" time="38.783"/>
</testsuite> <!-- com.timp.test.MDR.TaxasDeConversao.TaxasDeConversaoCriar -->
