<?xml version="1.0" encoding="UTF-8"?>
<!-- Generated by org.testng.reporters.JUnitReportReporter -->
<testsuite hostname="DESKTOP-C57COV6" failures="0" tests="1" name="com.timp.test.BRE.Estruturas.ParametrosGerais.EstruturasCriarMaisEditarMaisVisualizar" time="145.695" errors="0" timestamp="25 jul. 2021 04:19:03 GMT" skipped="0">
  <testcase classname="com.timp.test.BRE.Estruturas.ParametrosGerais.EstruturasCriarMaisEditarMaisVisualizar" name="criar" time="145.695"/>
</testsuite> <!-- com.timp.test.BRE.Estruturas.ParametrosGerais.EstruturasCriarMaisEditarMaisVisualizar -->
