<?xml version="1.0" encoding="UTF-8"?>
<!-- Generated by org.testng.reporters.JUnitReportReporter -->
<testsuite skipped="0" hostname="LitoSoler" name="com.timp.test.MDR.CodigoReceita.CodigoReceitaExcluirEmMassa" tests="2" failures="0" timestamp="17 feb 2021 15:29:43 GMT" time="138.449" errors="0">
  <testcase name="criar" time="108.479" classname="com.timp.test.MDR.CodigoReceita.CodigoReceitaExcluirEmMassa"/>
  <testcase name="excluir" time="29.970" classname="com.timp.test.MDR.CodigoReceita.CodigoReceitaExcluirEmMassa"/>
</testsuite> <!-- com.timp.test.MDR.CodigoReceita.CodigoReceitaExcluirEmMassa -->
