<?xml version="1.0" encoding="UTF-8"?>
<!-- Generated by org.testng.reporters.JUnitReportReporter -->
<testsuite hostname="LitoSoler" name="com.timp.test.MDR.Siscoserv.RegistroRF.RegistroRFExcluir" tests="3" failures="0" timestamp="20 Nov 2020 17:42:55 GMT" time="60.183" errors="0">
  <testcase name="acessarMDR" time="12.849" classname="com.timp.test.MDR.Siscoserv.RegistroRF.RegistroRFExcluir"/>
  <testcase name="excluir" time="41.030" classname="com.timp.test.MDR.Siscoserv.RegistroRF.RegistroRFExcluir"/>
  <testcase name="login" time="6.304" classname="com.timp.test.MDR.Siscoserv.RegistroRF.RegistroRFExcluir"/>
</testsuite> <!-- com.timp.test.MDR.Siscoserv.RegistroRF.RegistroRFExcluir -->
