<?xml version="1.0" encoding="UTF-8"?>
<!-- Generated by org.testng.reporters.JUnitReportReporter -->
<testsuite hostname="DESKTOP-C57COV6" failures="0" tests="2" name="com.timp.test.MDR.ConfiguracoesFundoSocial.ConfiguracoesDeFundoSocialExcluirEmMassa" time="299.789" errors="0" timestamp="10 ago. 2021 10:24:32 GMT" skipped="0">
  <testcase classname="com.timp.test.MDR.ConfiguracoesFundoSocial.ConfiguracoesDeFundoSocialExcluirEmMassa" name="criar" time="261.720"/>
  <testcase classname="com.timp.test.MDR.ConfiguracoesFundoSocial.ConfiguracoesDeFundoSocialExcluirEmMassa" name="excluir" time="38.069"/>
</testsuite> <!-- com.timp.test.MDR.ConfiguracoesFundoSocial.ConfiguracoesDeFundoSocialExcluirEmMassa -->
