<?xml version="1.0" encoding="UTF-8"?>
<!-- Generated by org.testng.reporters.JUnitReportReporter -->
<testsuite hostname="LitoSoler" name="com.timp.test.MDR.Centralizacao.Tributos.TributosDetalhes" tests="3" failures="0" timestamp="21 Oct 2020 00:13:28 GMT" time="55.569" errors="0">
  <testcase name="detalhes" time="25.322" classname="com.timp.test.MDR.Centralizacao.Tributos.TributosDetalhes"/>
  <testcase name="login" time="8.855" classname="com.timp.test.MDR.Centralizacao.Tributos.TributosDetalhes"/>
  <testcase name="acessarMDR" time="21.392" classname="com.timp.test.MDR.Centralizacao.Tributos.TributosDetalhes"/>
</testsuite> <!-- com.timp.test.MDR.Centralizacao.Tributos.TributosDetalhes -->
