<?xml version="1.0" encoding="UTF-8"?>
<<<<<<< HEAD
<!-- Generated by org.testng.reporters.JUnitReportReporter -->
<testsuite hostname="LitoSoler" name="com.timp.test.SCANC.RelatoriosRefineriaGerados.RelatorioRefinariaGeradosExcluirCampoDeSaida" tests="3" failures="0" timestamp="16 Dec 2020 17:04:06 GMT" time="121.090" errors="0">
  <testcase name="excluir" time="68.477" classname="com.timp.test.SCANC.RelatoriosRefineriaGerados.RelatorioRefinariaGeradosExcluirCampoDeSaida"/>
  <testcase name="ingresar" time="14.795" classname="com.timp.test.SCANC.RelatoriosRefineriaGerados.RelatorioRefinariaGeradosExcluirCampoDeSaida"/>
  <testcase name="scancEntrar" time="37.818" classname="com.timp.test.SCANC.RelatoriosRefineriaGerados.RelatorioRefinariaGeradosExcluirCampoDeSaida"/>
=======
<!-- Generated by org.testng.reporters.JUnitReportReporter -->
<testsuite hostname="MIGUEL" failures="0" tests="3" name="com.timp.test.SCANC.RelatoriosRefineriaGerados.RelatorioRefinariaGeradosExcluirCampoDeSaida" time="116.467" errors="0" timestamp="9 Dec 2020 02:21:32 GMT">
  <testcase classname="com.timp.test.SCANC.RelatoriosRefineriaGerados.RelatorioRefinariaGeradosExcluirCampoDeSaida" name="excluir" time="65.215"/>
  <testcase classname="com.timp.test.SCANC.RelatoriosRefineriaGerados.RelatorioRefinariaGeradosExcluirCampoDeSaida" name="ingresar" time="13.260"/>
  <testcase classname="com.timp.test.SCANC.RelatoriosRefineriaGerados.RelatorioRefinariaGeradosExcluirCampoDeSaida" name="scancEntrar" time="37.992"/>
>>>>>>> refs/remotes/origin/master
</testsuite> <!-- com.timp.test.SCANC.RelatoriosRefineriaGerados.RelatorioRefinariaGeradosExcluirCampoDeSaida -->
