<?xml version="1.0" encoding="UTF-8"?>
<!-- Generated by org.testng.reporters.JUnitReportReporter -->
<testsuite hostname="Agile" failures="0" tests="1" name="com.timp.test.BRB.CrescenteEDecrescente" time="312.427" errors="0" timestamp="28 feb. 2022 08:42:25 GMT" skipped="0">
  <testcase classname="com.timp.test.BRB.CrescenteEDecrescente" name="crescenteEDecrescente" time="312.427"/>
</testsuite> <!-- com.timp.test.BRB.CrescenteEDecrescente -->
