<?xml version="1.0" encoding="UTF-8"?>
<!-- Generated by org.testng.reporters.JUnitReportReporter -->
<testsuite hostname="DESKTOP-5P4F1JE" failures="0" tests="3" name="com.timp.test.BRE.RegrasDeNegocio.RegradeNegócioEdiçãoValoresCalculados" time="158.481" errors="0" timestamp="8 Jan 2021 04:54:58 GMT">
  <testcase classname="com.timp.test.BRE.RegrasDeNegocio.RegradeNegócioEdiçãoValoresCalculados" name="acessarBRE" time="17.455"/>
  <testcase classname="com.timp.test.BRE.RegrasDeNegocio.RegradeNegócioEdiçãoValoresCalculados" name="login" time="7.800"/>
  <testcase classname="com.timp.test.BRE.RegrasDeNegocio.RegradeNegócioEdiçãoValoresCalculados" name="editar" time="133.226"/>
</testsuite> <!-- com.timp.test.BRE.RegrasDeNegocio.RegradeNegócioEdiçãoValoresCalculados -->
