<?xml version="1.0" encoding="UTF-8"?>
<!-- Generated by org.testng.reporters.JUnitReportReporter -->
<testsuite hostname="DESKTOP-HB7TMPD" failures="0" tests="3" name="com.timp.test.MDR.TabelasComplementaresParaObrigaçoesAcessorias.TabelaDeCreditosPorObrigacao.TabelaDeCreditosPorObrigacaoCriar" time="90.258" errors="0" timestamp="18 Nov 2020 07:19:03 GMT">
  <testcase classname="com.timp.test.MDR.TabelasComplementaresParaObrigaçoesAcessorias.TabelaDeCreditosPorObrigacao.TabelaDeCreditosPorObrigacaoCriar" name="criar" time="50.295"/>
  <testcase classname="com.timp.test.MDR.TabelasComplementaresParaObrigaçoesAcessorias.TabelaDeCreditosPorObrigacao.TabelaDeCreditosPorObrigacaoCriar" name="acessarMDR" time="28.339"/>
  <testcase classname="com.timp.test.MDR.TabelasComplementaresParaObrigaçoesAcessorias.TabelaDeCreditosPorObrigacao.TabelaDeCreditosPorObrigacaoCriar" name="login" time="11.624"/>
</testsuite> <!-- com.timp.test.MDR.TabelasComplementaresParaObrigaçoesAcessorias.TabelaDeCreditosPorObrigacao.TabelaDeCreditosPorObrigacaoCriar -->
