<?xml version="1.0" encoding="UTF-8"?>
<!-- Generated by org.testng.reporters.JUnitReportReporter -->
<testsuite hostname="DESKTOP-M23FVFN" failures="0" tests="2" name="com.timp.test.ADM.Configuração.ConfiguraçãoDeTributos.ConfiguraçãoTributoXEstrutura.ConfiguraçãoTributoXEstruturaCriar" time="236.065" errors="0" timestamp="2022-10-13T01:29:44 BRT" skipped="0">
  <testcase classname="com.timp.test.ADM.Configuração.ConfiguraçãoDeTributos.ConfiguraçãoTributoXEstrutura.ConfiguraçãoTributoXEstruturaCriar" name="criar" time="186.858"/>
  <system-out/>
  <testcase classname="com.timp.test.ADM.Configuração.ConfiguraçãoDeTributos.ConfiguraçãoTributoXEstrutura.ConfiguraçãoTributoXEstruturaCriar" name="excluir" time="49.207"/>
  <system-out/>
</testsuite> <!-- com.timp.test.ADM.Configuração.ConfiguraçãoDeTributos.ConfiguraçãoTributoXEstrutura.ConfiguraçãoTributoXEstruturaCriar -->
