<?xml version="1.0" encoding="UTF-8"?>
<!-- Generated by org.testng.reporters.JUnitReportReporter -->
<testsuite hostname="DESKTOP-M23FVFN" failures="0" tests="1" name="com.timp.test.ADM.Usuários.Usuários.UsuariosEditar" time="124.127" errors="0" timestamp="2022-10-13T02:14:57 BRT" skipped="0">
  <testcase classname="com.timp.test.ADM.Usuários.Usuários.UsuariosEditar" name="Editar" time="124.127"/>
  <system-out/>
</testsuite> <!-- com.timp.test.ADM.Usuários.Usuários.UsuariosEditar -->
