<?xml version="1.0" encoding="UTF-8"?>
<!-- Generated by org.testng.reporters.JUnitReportReporter -->
<testsuite skipped="0" hostname="LitoSoler" name="com.timp.test.MDR.CodigoContabilizacao.CodigoContabilizacaoExcluir" tests="1" failures="0" timestamp="17 feb 2021 21:34:41 GMT" time="86.994" errors="0">
  <testcase name="excluir" time="86.994" classname="com.timp.test.MDR.CodigoContabilizacao.CodigoContabilizacaoExcluir"/>
</testsuite> <!-- com.timp.test.MDR.CodigoContabilizacao.CodigoContabilizacaoExcluir -->
