<?xml version="1.0" encoding="UTF-8"?>
<!-- Generated by org.testng.reporters.JUnitReportReporter -->
<testsuite hostname="DESKTOP-M23FVFN" failures="0" tests="1" name="com.timp.test.BRB.RenomearColuna" time="140.415" errors="0" timestamp="2022-07-28T10:36:30 CST" skipped="0">
  <testcase classname="com.timp.test.BRB.RenomearColuna" name="renomearColuna" time="140.415"/>
  <system-out/>
</testsuite> <!-- com.timp.test.BRB.RenomearColuna -->
