<?xml version="1.0" encoding="UTF-8"?>
<!-- Generated by org.testng.reporters.JUnitReportReporter -->
<<<<<<< HEAD
<testsuite hostname="Agile" failures="0" tests="3" name="com.timp.test.BRB.Formula" time="227.064" errors="0" timestamp="29 dic. 2021 00:24:02 GMT" skipped="0">
  <testcase classname="com.timp.test.BRB.Formula" name="aplicar" time="22.941"/>
  <testcase classname="com.timp.test.BRB.Formula" name="formulaBoton" time="100.214"/>
  <testcase classname="com.timp.test.BRB.Formula" name="formulaColuna" time="103.909"/>
=======
<testsuite hostname="DESKTOP-M23FVFN" failures="0" tests="3" name="com.timp.test.BRB.Formula" time="225.512" errors="0" timestamp="31 dic. 2021 01:56:35 GMT" skipped="0">
  <testcase classname="com.timp.test.BRB.Formula" name="aplicar" time="20.285"/>
  <testcase classname="com.timp.test.BRB.Formula" name="formulaBoton" time="94.557"/>
  <testcase classname="com.timp.test.BRB.Formula" name="formulaColuna" time="110.670"/>
>>>>>>> branch 'Yessy' of https://github.com/salc1997/TIMP_R1
</testsuite> <!-- com.timp.test.BRB.Formula -->
