<?xml version="1.0" encoding="UTF-8"?>
<!-- Generated by org.testng.reporters.JUnitReportReporter -->
<testsuite hostname="LitoSoler" name="com.timp.test.MDR.Centralizacao.Saldos.SaldosFiltrarId" tests="3" failures="0" timestamp="27 Oct 2020 15:35:45 GMT" time="58.381" errors="0">
  <testcase name="acessarMDR" time="13.480" classname="com.timp.test.MDR.Centralizacao.Saldos.SaldosFiltrarId"/>
  <testcase name="login" time="13.663" classname="com.timp.test.MDR.Centralizacao.Saldos.SaldosFiltrarId"/>
  <testcase name="FiltrarSaldosId" time="31.238" classname="com.timp.test.MDR.Centralizacao.Saldos.SaldosFiltrarId"/>
</testsuite> <!-- com.timp.test.MDR.Centralizacao.Saldos.SaldosFiltrarId -->
