<?xml version="1.0" encoding="UTF-8"?>
<!-- Generated by org.testng.reporters.JUnitReportReporter -->
<testsuite hostname="DESKTOP-C57COV6" failures="0" tests="1" name="com.timp.test.TFP.Configurações.Bloqueios.SubPeriodo.SubPeriodoFiltroId" time="853.643" errors="0" timestamp="01 dic. 2021 00:19:01 GMT" skipped="0">
  <testcase classname="com.timp.test.TFP.Configurações.Bloqueios.SubPeriodo.SubPeriodoFiltroId" name="criar" time="853.643"/>
</testsuite> <!-- com.timp.test.TFP.Configurações.Bloqueios.SubPeriodo.SubPeriodoFiltroId -->
