<?xml version="1.0" encoding="UTF-8"?>
<!-- Generated by org.testng.reporters.JUnitReportReporter -->
<testsuite hostname="LitoSoler" name="com.timp.test.MDR.CodigoContabilizacao.CodigoContabilizacaoEditar" tests="3" failures="0" timestamp="31 Jul 2020 20:30:21 GMT" time="140.446" errors="0">
  <testcase name="login" time="12.896" classname="com.timp.test.MDR.CodigoContabilizacao.CodigoContabilizacaoEditar"/>
  <testcase name="Editar" time="105.141" classname="com.timp.test.MDR.CodigoContabilizacao.CodigoContabilizacaoEditar"/>
  <testcase name="acessarMDR" time="22.409" classname="com.timp.test.MDR.CodigoContabilizacao.CodigoContabilizacaoEditar"/>
</testsuite> <!-- com.timp.test.MDR.CodigoContabilizacao.CodigoContabilizacaoEditar -->
