<?xml version="1.0" encoding="UTF-8"?>
<!-- Generated by org.testng.reporters.JUnitReportReporter -->
<testsuite hostname="DESKTOP-BNBDMGT" failures="0" tests="3" name="com.timp.test.BRE.RegrasDeNegocio.RegradeNegócioEdiçãoValoresCalculados" time="155.240" errors="0" timestamp="15 Feb 2021 21:15:24 GMT">
  <testcase classname="com.timp.test.BRE.RegrasDeNegocio.RegradeNegócioEdiçãoValoresCalculados" name="login" time="7.359"/>
  <testcase classname="com.timp.test.BRE.RegrasDeNegocio.RegradeNegócioEdiçãoValoresCalculados" name="acessarBRE" time="19.022"/>
  <testcase classname="com.timp.test.BRE.RegrasDeNegocio.RegradeNegócioEdiçãoValoresCalculados" name="editar" time="128.859"/>
</testsuite> <!-- com.timp.test.BRE.RegrasDeNegocio.RegradeNegócioEdiçãoValoresCalculados -->
