<?xml version="1.0" encoding="UTF-8"?>
<!-- Generated by org.testng.reporters.JUnitReportReporter -->
<testsuite hostname="DESKTOP-C57COV6" failures="0" tests="1" name="com.timp.test.MDR.ThinCapitalization.Subcapitalizacao.SubcapitalizacaoExcluir" time="71.347" errors="0" timestamp="11 may. 2021 09:30:28 GMT" skipped="0">
  <testcase classname="com.timp.test.MDR.ThinCapitalization.Subcapitalizacao.SubcapitalizacaoExcluir" name="excluir" time="71.347"/>
</testsuite> <!-- com.timp.test.MDR.ThinCapitalization.Subcapitalizacao.SubcapitalizacaoExcluir -->
