<?xml version="1.0" encoding="UTF-8"?>
<!-- Generated by org.testng.reporters.JUnitReportReporter -->
<testsuite hostname="LAPTOP-IN7IV9K5" failures="0" tests="2" name="com.timp.test.MDR.ICMSSTTransporte.ICMSSTTransporteExcluirEmMassa" time="123.680" errors="0" timestamp="17 abr. 2021 02:24:40 GMT" skipped="0">
  <testcase classname="com.timp.test.MDR.ICMSSTTransporte.ICMSSTTransporteExcluirEmMassa" name="criar" time="96.876"/>
  <testcase classname="com.timp.test.MDR.ICMSSTTransporte.ICMSSTTransporteExcluirEmMassa" name="excluir" time="26.804"/>
</testsuite> <!-- com.timp.test.MDR.ICMSSTTransporte.ICMSSTTransporteExcluirEmMassa -->
