<?xml version="1.0" encoding="UTF-8"?>
<!-- Generated by org.testng.reporters.JUnitReportReporter -->
<testsuite hostname="EC2AMAZ-8HCHO4G" failures="0" tests="2" name="com.timp.test.ADM.Configuracao.Licencas.LicencasTodasFunc" time="74.588" errors="0" timestamp="2024-10-14T23:45:17 UTC" skipped="0">
  <testcase classname="com.timp.test.ADM.Configuracao.Licencas.LicencasTodasFunc" name="Detalles" time="47.359"/>
  <system-out/>
  <testcase classname="com.timp.test.ADM.Configuracao.Licencas.LicencasTodasFunc" name="visualizar" time="27.229"/>
  <system-out/>
</testsuite> <!-- com.timp.test.ADM.Configuracao.Licencas.LicencasTodasFunc -->
