<?xml version="1.0" encoding="UTF-8"?>
<!-- Generated by org.testng.reporters.JUnitReportReporter -->
<testsuite hostname="Agile" failures="0" tests="3" name="com.timp.test.BRB.Formula" time="320.021" errors="0" timestamp="2022-06-06T13:03:58 CST" skipped="0">
  <testcase classname="com.timp.test.BRB.Formula" name="formulaBoton" time="121.292"/>
  <system-out/>
  <testcase classname="com.timp.test.BRB.Formula" name="aplicar" time="17.320"/>
  <system-out/>
  <testcase classname="com.timp.test.BRB.Formula" name="formulaColuna" time="181.409"/>
  <system-out/>
</testsuite> <!-- com.timp.test.BRB.Formula -->
