<?xml version="1.0" encoding="UTF-8"?>
<!-- Generated by org.testng.reporters.JUnitReportReporter -->
<testsuite hostname="DESKTOP-C57COV6" failures="0" tests="1" name="com.timp.test.BRB.RenomearColuna" time="110.472" errors="0" timestamp="20 jul. 2021 21:56:04 GMT" skipped="0">
  <testcase classname="com.timp.test.BRB.RenomearColuna" name="renomearColuna" time="110.472"/>
</testsuite> <!-- com.timp.test.BRB.RenomearColuna -->
