<?xml version="1.0" encoding="UTF-8"?>
<!-- Generated by org.testng.reporters.JUnitReportReporter -->
<testsuite hostname="LitoSoler" name="com.timp.test.BRE.RegrasDeEscrituração.RegrasDeEscrituraçãoCriarMasCaminho" tests="3" failures="0" timestamp="2 Feb 2021 13:11:19 GMT" time="143.721" errors="0">
  <testcase name="criar" time="114.894" classname="com.timp.test.BRE.RegrasDeEscrituração.RegrasDeEscrituraçãoCriarMasCaminho"/>
  <testcase name="acessarBRE" time="18.618" classname="com.timp.test.BRE.RegrasDeEscrituração.RegrasDeEscrituraçãoCriarMasCaminho"/>
  <testcase name="login" time="10.209" classname="com.timp.test.BRE.RegrasDeEscrituração.RegrasDeEscrituraçãoCriarMasCaminho"/>
</testsuite> <!-- com.timp.test.BRE.RegrasDeEscrituração.RegrasDeEscrituraçãoCriarMasCaminho -->
