<?xml version="1.0" encoding="UTF-8"?>
<!-- Generated by org.testng.reporters.JUnitReportReporter -->
<testsuite hostname="LitoSoler" name="com.timp.test.BRB.Editar" tests="3" failures="0" timestamp="2 Jul 2020 15:02:33 GMT" time="83.124" errors="0">
  <testcase name="brbEntrar" time="25.818" classname="com.timp.test.BRB.Editar"/>
  <testcase name="login" time="11.855" classname="com.timp.test.BRB.Editar"/>
  <testcase name="editar" time="45.451" classname="com.timp.test.BRB.Editar"/>
</testsuite> <!-- com.timp.test.BRB.Editar -->
