<?xml version="1.0" encoding="UTF-8"?>
<!-- Generated by org.testng.reporters.JUnitReportReporter -->
<testsuite hostname="DESKTOP-M23FVFN" failures="0" tests="1" name="com.timp.test.BRB.PublicoEPrivado" time="211.946" errors="0" timestamp="11 mar. 2022 15:19:57 GMT" skipped="0">
  <testcase classname="com.timp.test.BRB.PublicoEPrivado" name="publicoYPRivado" time="211.946"/>
</testsuite> <!-- com.timp.test.BRB.PublicoEPrivado -->
