<?xml version="1.0" encoding="UTF-8"?>
<!-- Generated by org.testng.reporters.JUnitReportReporter -->
<testsuite hostname="DESKTOP-35UG9UP" name="com.timp.test.MDR.TabelasApoioSped.CodigoTipoCredito.ClassificaçaoDeContribuintesDoIPIDetalhes" tests="3" failures="0" timestamp="7 Aug 2020 19:33:52 GMT" time="66.673" errors="0">
  <testcase name="detalhes" time="45.157" classname="com.timp.test.MDR.TabelasApoioSped.CodigoTipoCredito.ClassificaçaoDeContribuintesDoIPIDetalhes"/>
  <testcase name="login" time="9.875" classname="com.timp.test.MDR.TabelasApoioSped.CodigoTipoCredito.ClassificaçaoDeContribuintesDoIPIDetalhes"/>
  <testcase name="acessarMDR" time="11.641" classname="com.timp.test.MDR.TabelasApoioSped.CodigoTipoCredito.ClassificaçaoDeContribuintesDoIPIDetalhes"/>
</testsuite> <!-- com.timp.test.MDR.TabelasApoioSped.CodigoTipoCredito.ClassificaçaoDeContribuintesDoIPIDetalhes -->
