<?xml version="1.0" encoding="UTF-8"?>
<!-- Generated by org.testng.reporters.JUnitReportReporter -->
<testsuite hostname="LitoSoler" name="com.timp.test.MDR.Ajustes.CodigosAjustes.CodigosAjustesEditar" tests="3" failures="0" timestamp="19 Jan 2021 05:25:33 GMT" time="125.035" errors="0">
  <testcase name="login" time="6.911" classname="com.timp.test.MDR.Ajustes.CodigosAjustes.CodigosAjustesEditar"/>
  <testcase name="acessarMDR" time="33.577" classname="com.timp.test.MDR.Ajustes.CodigosAjustes.CodigosAjustesEditar"/>
  <testcase name="editar" time="84.547" classname="com.timp.test.MDR.Ajustes.CodigosAjustes.CodigosAjustesEditar"/>
</testsuite> <!-- com.timp.test.MDR.Ajustes.CodigosAjustes.CodigosAjustesEditar -->
