<?xml version="1.0" encoding="UTF-8"?>
<!-- Generated by org.testng.reporters.JUnitReportReporter -->
<testsuite hostname="LitoSoler" name="com.timp.test.BRB.Filtros" tests="5" failures="0" timestamp="30 Sep 2020 16:51:20 GMT" time="159.467" errors="0">
  <testcase name="brbEntrar" time="19.186" classname="com.timp.test.BRB.Filtros"/>
  <testcase name="login" time="7.848" classname="com.timp.test.BRB.Filtros"/>
  <testcase name="filtrosEditor" time="74.584" classname="com.timp.test.BRB.Filtros"/>
  <testcase name="asignarValores" time="14.054" classname="com.timp.test.BRB.Filtros"/>
  <testcase name="filtrosBiblioteca" time="43.795" classname="com.timp.test.BRB.Filtros"/>
</testsuite> <!-- com.timp.test.BRB.Filtros -->
