<?xml version="1.0" encoding="UTF-8"?>
<!-- Generated by org.testng.reporters.JUnitReportReporter -->
<testsuite hostname="MassielV" failures="0" tests="2" name="com.timp.test.BRB.FormatacaoEVariante" time="336.650" errors="0" timestamp="25 nov. 2021 05:38:19 GMT" skipped="0">
  <testcase classname="com.timp.test.BRB.FormatacaoEVariante" name="formatacaoEVariante" time="297.148"/>
  <testcase classname="com.timp.test.BRB.FormatacaoEVariante" name="excluirVariante" time="39.502"/>
</testsuite> <!-- com.timp.test.BRB.FormatacaoEVariante -->
