<?xml version="1.0" encoding="UTF-8"?>
<!-- Generated by org.testng.reporters.JUnitReportReporter -->
<testsuite skipped="0" hostname="LitoSoler" name="com.timp.test.MDR.CadastroCondiçao.CadastroCondiçaoExcluirMasas" tests="2" failures="0" timestamp="24 feb 2021 16:56:23 GMT" time="174.155" errors="0">
  <testcase name="criar" time="143.041" classname="com.timp.test.MDR.CadastroCondiçao.CadastroCondiçaoExcluirMasas"/>
  <testcase name="excluir" time="31.114" classname="com.timp.test.MDR.CadastroCondiçao.CadastroCondiçaoExcluirMasas"/>
</testsuite> <!-- com.timp.test.MDR.CadastroCondiçao.CadastroCondiçaoExcluirMasas -->
