<?xml version="1.0" encoding="UTF-8"?>
<!-- Generated by org.testng.reporters.JUnitReportReporter -->
<testsuite hostname="EC2AMAZ-8HCHO4G" failures="0" tests="2" name="com.timp.test.BRB.ExcluirRelatorio" time="133.123" errors="0" timestamp="2023-03-30T01:14:30 UTC" skipped="0">
  <testcase classname="com.timp.test.BRB.ExcluirRelatorio" name="eliminarLixeira" time="49.016"/>
  <system-out/>
  <testcase classname="com.timp.test.BRB.ExcluirRelatorio" name="eliminar" time="84.107"/>
  <system-out/>
</testsuite> <!-- com.timp.test.BRB.ExcluirRelatorio -->
