<?xml version="1.0" encoding="UTF-8"?>
<!-- Generated by org.testng.reporters.JUnitReportReporter -->
<testsuite hostname="MIGUEL" failures="0" tests="1" name="com.timp.test.MDR.TabelasComplementaresParaObrigaçoesAcessorias.TabelaDeCreditosPorObrigacao.TabelaDeCreditosPorObrigacaoCriar" time="79.808" errors="0" timestamp="08 abr. 2021 20:18:47 GMT" skipped="0">
  <testcase classname="com.timp.test.MDR.TabelasComplementaresParaObrigaçoesAcessorias.TabelaDeCreditosPorObrigacao.TabelaDeCreditosPorObrigacaoCriar" name="criar" time="79.808"/>
</testsuite> <!-- com.timp.test.MDR.TabelasComplementaresParaObrigaçoesAcessorias.TabelaDeCreditosPorObrigacao.TabelaDeCreditosPorObrigacaoCriar -->
