<?xml version="1.0" encoding="UTF-8"?>
<!-- Generated by org.testng.reporters.JUnitReportReporter -->
<testsuite hostname="DESKTOP-C57COV6" failures="0" tests="1" name="com.timp.test.TAA.Agendamento.AgendamentoCriar" time="105.591" errors="0" timestamp="14 may. 2021 00:36:13 GMT" skipped="0">
  <testcase classname="com.timp.test.TAA.Agendamento.AgendamentoCriar" name="criar" time="105.591"/>
</testsuite> <!-- com.timp.test.TAA.Agendamento.AgendamentoCriar -->
