<?xml version="1.0" encoding="UTF-8"?>
<!-- Generated by org.testng.reporters.JUnitReportReporter -->
<testsuite hostname="DESKTOP-M23FVFN" failures="0" tests="1" name="com.timp.test.MDR.RepresentanteLegais.RepresentantesLegaisDetalhes" time="93.363" errors="0" timestamp="21 ene. 2022 16:24:19 GMT" skipped="0">
  <testcase classname="com.timp.test.MDR.RepresentanteLegais.RepresentantesLegaisDetalhes" name="detalhes" time="93.363"/>
</testsuite> <!-- com.timp.test.MDR.RepresentanteLegais.RepresentantesLegaisDetalhes -->
