<?xml version="1.0" encoding="UTF-8"?>
<!-- Generated by org.testng.reporters.JUnitReportReporter -->
<testsuite hostname="DESKTOP-BNBDMGT" failures="0" tests="3" name="com.timp.test.DFG.Leiautes.LeiautesExecuçãoFuncionalidades1" time="422.912" errors="0" timestamp="27 mar. 2021 05:48:22 GMT" skipped="0">
  <testcase classname="com.timp.test.DFG.Leiautes.LeiautesExecuçãoFuncionalidades1" name="ingresar" time="8.975"/>
  <testcase classname="com.timp.test.DFG.Leiautes.LeiautesExecuçãoFuncionalidades1" name="mdrEntrar" time="30.193"/>
  <testcase classname="com.timp.test.DFG.Leiautes.LeiautesExecuçãoFuncionalidades1" name="criar" time="383.744"/>
</testsuite> <!-- com.timp.test.DFG.Leiautes.LeiautesExecuçãoFuncionalidades1 -->
