<?xml version="1.0" encoding="UTF-8"?>
<<<<<<< HEAD
<<<<<<< HEAD
<!-- Generated by org.testng.reporters.JUnitReportReporter -->
<testsuite hostname="DESKTOP-JP1A9E6" failures="0" tests="1" name="com.timp.test.TDK.Dashboard.DashboardCriar" time="173.879" errors="0" timestamp="25 jun. 2021 16:21:32 GMT" skipped="0">
  <testcase classname="com.timp.test.TDK.Dashboard.DashboardCriar" name="criar" time="173.879"/>
=======
<!-- Generated by org.testng.reporters.JUnitReportReporter -->
<testsuite hostname="LAPTOP-IN7IV9K5" failures="0" tests="2" name="com.timp.test.TDK.Dashboard.DashboardCriar" time="363.362" errors="0" timestamp="25 jun. 2021 09:13:32 GMT" skipped="0">
  <testcase classname="com.timp.test.TDK.Dashboard.DashboardCriar" name="criar" time="172.554"/>
  <testcase classname="com.timp.test.TDK.Dashboard.DashboardCriar" name="criar" time="190.808"/>
>>>>>>> refs/remotes/origin/Kenssy
=======
<!-- Generated by org.testng.reporters.JUnitReportReporter -->
<testsuite hostname="DESKTOP-C57COV6" failures="0" tests="2" name="com.timp.test.TDK.Dashboard.DashboardCriar" time="462.202" errors="0" timestamp="17 ago. 2021 15:48:24 GMT" skipped="0">
  <testcase classname="com.timp.test.TDK.Dashboard.DashboardCriar" name="criar" time="213.397"/>
  <testcase classname="com.timp.test.TDK.Dashboard.DashboardCriar" name="criar" time="248.805"/>
>>>>>>> refs/remotes/origin/Yessy
</testsuite> <!-- com.timp.test.TDK.Dashboard.DashboardCriar -->
