<?xml version="1.0" encoding="UTF-8"?>
<!-- Generated by org.testng.reporters.JUnitReportReporter -->
<testsuite hostname="LitoSoler" name="com.timp.test.MDR.DetalheTipoTributo.DetalheVisualizar" tests="3" failures="0" timestamp="24 Sep 2020 17:05:20 GMT" time="64.924" errors="0">
  <testcase name="login" time="7.460" classname="com.timp.test.MDR.DetalheTipoTributo.DetalheVisualizar"/>
  <testcase name="acessarMDR" time="16.026" classname="com.timp.test.MDR.DetalheTipoTributo.DetalheVisualizar"/>
  <testcase name="visualizar" time="41.438" classname="com.timp.test.MDR.DetalheTipoTributo.DetalheVisualizar"/>
</testsuite> <!-- com.timp.test.MDR.DetalheTipoTributo.DetalheVisualizar -->
