<?xml version="1.0" encoding="UTF-8"?>
<!-- Generated by org.testng.reporters.JUnitReportReporter -->
<testsuite hostname="DESKTOP-M23FVFN" failures="0" tests="2" name="com.timp.test.MDR.CenariosCorrecao.CenariosCorrecaoExcluirMassa" time="195.508" errors="0" timestamp="22 dic. 2021 16:16:17 GMT" skipped="0">
  <testcase classname="com.timp.test.MDR.CenariosCorrecao.CenariosCorrecaoExcluirMassa" name="criar" time="150.487"/>
  <testcase classname="com.timp.test.MDR.CenariosCorrecao.CenariosCorrecaoExcluirMassa" name="excluirMassa" time="45.021"/>
</testsuite> <!-- com.timp.test.MDR.CenariosCorrecao.CenariosCorrecaoExcluirMassa -->
