<?xml version="1.0" encoding="UTF-8"?>
<!-- Generated by org.testng.reporters.JUnitReportReporter -->
<testsuite hostname="DESKTOP-C57COV6" failures="0" tests="3" name="com.timp.test.BRB.Formula" time="204.653" errors="0" timestamp="03 ago. 2021 16:46:54 GMT" skipped="0">
  <testcase classname="com.timp.test.BRB.Formula" name="formulaColuna" time="97.559"/>
  <testcase classname="com.timp.test.BRB.Formula" name="aplicar" time="10.412"/>
  <testcase classname="com.timp.test.BRB.Formula" name="formulaBoton" time="96.682"/>
</testsuite> <!-- com.timp.test.BRB.Formula -->
