<?xml version="1.0" encoding="UTF-8"?>
<!-- Generated by org.testng.reporters.JUnitReportReporter -->
<testsuite hostname="MIGUEL" failures="0" tests="3" name="com.timp.test.TDK.Dashboard.ParametrosGerais.DashboardParametrosGeraisExcecutar" time="270.344" errors="0" timestamp="17 mar. 2021 17:15:32 GMT" skipped="0">
  <testcase classname="com.timp.test.TDK.Dashboard.ParametrosGerais.DashboardParametrosGeraisExcecutar" name="login" time="13.163"/>
  <testcase classname="com.timp.test.TDK.Dashboard.ParametrosGerais.DashboardParametrosGeraisExcecutar" name="acessarTDK" time="28.133"/>
  <testcase classname="com.timp.test.TDK.Dashboard.ParametrosGerais.DashboardParametrosGeraisExcecutar" name="Executar" time="229.048"/>
</testsuite> <!-- com.timp.test.TDK.Dashboard.ParametrosGerais.DashboardParametrosGeraisExcecutar -->
