<?xml version="1.0" encoding="UTF-8"?>
<!-- Generated by org.testng.reporters.JUnitReportReporter -->
<testsuite hostname="DESKTOP-M23FVFN" failures="0" tests="1" name="com.timp.test.MDR.TabelasComplementaresParaObrigaçoesAcessorias.TabelaDeAtribuicaoDeCodigoCFOP.TabelaDeAtribuicaoDeCodigoCFOPEditar" time="256.576" errors="0" timestamp="21 ene. 2022 10:15:30 GMT" skipped="0">
  <testcase classname="com.timp.test.MDR.TabelasComplementaresParaObrigaçoesAcessorias.TabelaDeAtribuicaoDeCodigoCFOP.TabelaDeAtribuicaoDeCodigoCFOPEditar" name="editar" time="256.576"/>
</testsuite> <!-- com.timp.test.MDR.TabelasComplementaresParaObrigaçoesAcessorias.TabelaDeAtribuicaoDeCodigoCFOP.TabelaDeAtribuicaoDeCodigoCFOPEditar -->
