<?xml version="1.0" encoding="UTF-8"?>
<!-- Generated by org.testng.reporters.JUnitReportReporter -->
<testsuite hostname="CRISTHIAN-VASQUEZ" failures="0" tests="3" name="com.timp.test.TAA.Agendamento.AgendamentoCancelar" time="63.737" errors="0" timestamp="11 mar. 2021 16:50:51 GMT" skipped="0">
  <testcase classname="com.timp.test.TAA.Agendamento.AgendamentoCancelar" name="ingresar" time="8.478"/>
  <testcase classname="com.timp.test.TAA.Agendamento.AgendamentoCancelar" name="ingresarTAA" time="18.449"/>
  <testcase classname="com.timp.test.TAA.Agendamento.AgendamentoCancelar" name="cancelar" time="36.810"/>
</testsuite> <!-- com.timp.test.TAA.Agendamento.AgendamentoCancelar -->
