<?xml version="1.0" encoding="UTF-8"?>
<!-- Generated by org.testng.reporters.JUnitReportReporter -->
<testsuite hostname="DESKTOP-C57COV6" failures="0" tests="1" name="com.timp.test.MDR.SequenciaAcesso.SequenciaFiltros" time="41.889" errors="0" timestamp="11 may. 2021 07:42:40 GMT" skipped="0">
  <testcase classname="com.timp.test.MDR.SequenciaAcesso.SequenciaFiltros" name="filtro" time="41.889"/>
</testsuite> <!-- com.timp.test.MDR.SequenciaAcesso.SequenciaFiltros -->
