<?xml version="1.0" encoding="UTF-8"?>
<!-- Generated by org.testng.reporters.JUnitReportReporter -->
<testsuite hostname="EC2AMAZ-8HCHO4G" failures="0" tests="2" name="com.timp.test.TDK.Kpis.Par창metrosGerais.KpisCriarCopia" time="282.982" errors="0" timestamp="2024-01-22T18:18:21 UTC" skipped="0">
  <testcase classname="com.timp.test.TDK.Kpis.Par창metrosGerais.KpisCriarCopia" name="comparar" time="137.693"/>
  <system-out/>
  <testcase classname="com.timp.test.TDK.Kpis.Par창metrosGerais.KpisCriarCopia" name="criarCopia" time="145.289"/>
  <system-out/>
</testsuite> <!-- com.timp.test.TDK.Kpis.Par창metrosGerais.KpisCriarCopia -->
