<?xml version="1.0" encoding="UTF-8"?>
<!-- Generated by org.testng.reporters.JUnitReportReporter -->
<<<<<<< HEAD
<testsuite hostname="DESKTOP-C57COV6" failures="0" tests="1" name="com.timp.test.MDR.PrecoDeTransferencia.ModeloDeApuracaoTP.ModeloDeApuracaoTPCriar" time="94.698" errors="0" timestamp="05 jun. 2021 01:47:47 GMT" skipped="0">
  <testcase classname="com.timp.test.MDR.PrecoDeTransferencia.ModeloDeApuracaoTP.ModeloDeApuracaoTPCriar" name="criar" time="94.698"/>
=======
<testsuite hostname="DESKTOP-JP1A9E6" failures="0" tests="1" name="com.timp.test.MDR.PrecoDeTransferencia.ModeloDeApuracaoTP.ModeloDeApuracaoTPCriar" time="88.416" errors="0" timestamp="29 may. 2021 08:25:26 GMT" skipped="0">
  <testcase classname="com.timp.test.MDR.PrecoDeTransferencia.ModeloDeApuracaoTP.ModeloDeApuracaoTPCriar" name="criar" time="88.416"/>
>>>>>>> branch 'Yessy' of https://github.com/salc1997/TIMP_R1.git
</testsuite> <!-- com.timp.test.MDR.PrecoDeTransferencia.ModeloDeApuracaoTP.ModeloDeApuracaoTPCriar -->
