<?xml version="1.0" encoding="UTF-8"?>
<!-- Generated by org.testng.reporters.JUnitReportReporter -->
<testsuite hostname="DESKTOP-C57COV6" failures="0" tests="1" name="com.timp.test.MDR.TabelasApoioSped.CodigoTipoCredito.CodigoTipoCreditoCriar" time="104.541" errors="0" timestamp="02 nov. 2021 08:23:20 GMT" skipped="0">
  <testcase classname="com.timp.test.MDR.TabelasApoioSped.CodigoTipoCredito.CodigoTipoCreditoCriar" name="criar" time="104.541"/>
</testsuite> <!-- com.timp.test.MDR.TabelasApoioSped.CodigoTipoCredito.CodigoTipoCreditoCriar -->
