<?xml version="1.0" encoding="UTF-8"?>
<!-- Generated by org.testng.reporters.JUnitReportReporter -->
<testsuite hostname="DESKTOP-C57COV6" failures="0" tests="2" name="com.timp.test.MDR.LivrosFiscais.LivrosFiscais.LivrosFiscaisExcluirEmMassa" time="219.266" errors="0" timestamp="17 nov. 2021 18:12:06 GMT" skipped="0">
  <testcase classname="com.timp.test.MDR.LivrosFiscais.LivrosFiscais.LivrosFiscaisExcluirEmMassa" name="Criar" time="178.561"/>
  <testcase classname="com.timp.test.MDR.LivrosFiscais.LivrosFiscais.LivrosFiscaisExcluirEmMassa" name="excluir" time="40.705"/>
</testsuite> <!-- com.timp.test.MDR.LivrosFiscais.LivrosFiscais.LivrosFiscaisExcluirEmMassa -->
