<?xml version="1.0" encoding="UTF-8"?>
<!-- Generated by org.testng.reporters.JUnitReportReporter -->
<<<<<<< HEAD
<testsuite hostname="Agile" failures="0" tests="1" name="com.timp.test.TCC.GestaoDeCreditoTributarioPISCONFINS.ApuracaoDeCreditoTributarioCOFINS.ConfiguracaoEExecucao.RegistroM625.RegistroM625Criar" time="170.478" errors="0" timestamp="28 feb. 2022 03:00:34 GMT" skipped="0">
  <testcase classname="com.timp.test.TCC.GestaoDeCreditoTributarioPISCONFINS.ApuracaoDeCreditoTributarioCOFINS.ConfiguracaoEExecucao.RegistroM625.RegistroM625Criar" name="criar" time="170.478"/>
=======
<testsuite hostname="DESKTOP-M23FVFN" failures="0" tests="1" name="com.timp.test.TCC.GestaoDeCreditoTributarioPISCONFINS.ApuracaoDeCreditoTributarioCOFINS.ConfiguracaoEExecucao.RegistroM625.RegistroM625Criar" time="132.299" errors="0" timestamp="21 feb. 2022 07:40:30 GMT" skipped="0">
  <testcase classname="com.timp.test.TCC.GestaoDeCreditoTributarioPISCONFINS.ApuracaoDeCreditoTributarioCOFINS.ConfiguracaoEExecucao.RegistroM625.RegistroM625Criar" name="criar" time="132.299"/>
>>>>>>> branch 'Yessy' of https://github.com/salc1997/TIMP_R1
</testsuite> <!-- com.timp.test.TCC.GestaoDeCreditoTributarioPISCONFINS.ApuracaoDeCreditoTributarioCOFINS.ConfiguracaoEExecucao.RegistroM625.RegistroM625Criar -->
