<?xml version="1.0" encoding="UTF-8"?>
<!-- Generated by org.testng.reporters.JUnitReportReporter -->
<testsuite hostname="DESKTOP-C57COV6" failures="0" tests="2" name="com.timp.test.BRB.GruposAvancados" time="426.777" errors="0" timestamp="05 jul. 2021 16:06:28 GMT" skipped="0">
  <testcase classname="com.timp.test.BRB.GruposAvancados" name="gruposAvanzados" time="379.900"/>
  <testcase classname="com.timp.test.BRB.GruposAvancados" name="eliminarGrupos" time="46.877"/>
</testsuite> <!-- com.timp.test.BRB.GruposAvancados -->
