<?xml version="1.0" encoding="UTF-8"?>
<!-- Generated by org.testng.reporters.JUnitReportReporter -->
<testsuite hostname="LitoSoler" name="com.timp.test.ADM.LoginTest" tests="1" failures="0" timestamp="24 Jun 2020 13:25:58 GMT" time="16.219" errors="0">
  <testcase name="Login" time="16.219" classname="com.timp.test.ADM.LoginTest"/>
</testsuite> <!-- com.timp.test.ADM.LoginTest -->
