<?xml version="1.0" encoding="UTF-8"?>
<!-- Generated by org.testng.reporters.JUnitReportReporter -->
<testsuite hostname="LitoSoler" name="com.timp.test.MDR.RegistroDeExportaçao.RegistroDeExportaçaoCriar" tests="3" failures="0" timestamp="20 Aug 2020 01:05:50 GMT" time="78.545" errors="0">
  <testcase name="criar" time="62.547" classname="com.timp.test.MDR.RegistroDeExportaçao.RegistroDeExportaçaoCriar"/>
  <testcase name="acessarMDR" time="8.868" classname="com.timp.test.MDR.RegistroDeExportaçao.RegistroDeExportaçaoCriar"/>
  <testcase name="login" time="7.130" classname="com.timp.test.MDR.RegistroDeExportaçao.RegistroDeExportaçaoCriar"/>
</testsuite> <!-- com.timp.test.MDR.RegistroDeExportaçao.RegistroDeExportaçaoCriar -->
