<?xml version="1.0" encoding="UTF-8"?>
<!-- Generated by org.testng.reporters.JUnitReportReporter -->
<testsuite hostname="LitoSoler" name="com.timp.test.MDR.AtividadesFiscais.AtividadeFiscal.AtividadeCriar" tests="3" failures="0" timestamp="12 Oct 2020 17:46:31 GMT" time="101.770" errors="0">
  <testcase name="criar" time="85.608" classname="com.timp.test.MDR.AtividadesFiscais.AtividadeFiscal.AtividadeCriar"/>
  <testcase name="login" time="7.212" classname="com.timp.test.MDR.AtividadesFiscais.AtividadeFiscal.AtividadeCriar"/>
  <testcase name="acessarMDR" time="8.950" classname="com.timp.test.MDR.AtividadesFiscais.AtividadeFiscal.AtividadeCriar"/>
</testsuite> <!-- com.timp.test.MDR.AtividadesFiscais.AtividadeFiscal.AtividadeCriar -->
