<?xml version="1.0" encoding="UTF-8"?>
<!-- Generated by org.testng.reporters.JUnitReportReporter -->
<testsuite hostname="EC2AMAZ-8HCHO4G" failures="0" tests="11" name="com.timp.test.DFG.LeiautesExecução.LeiautesExecucaoFuncionalidades4" time="479.081" errors="0" timestamp="2023-12-13T22:27:14 UTC" skipped="0">
  <testcase classname="com.timp.test.DFG.LeiautesExecução.LeiautesExecucaoFuncionalidades4" name="ingresar" time="6.052"/>
  <system-out/>
  <testcase classname="com.timp.test.DFG.LeiautesExecução.LeiautesExecucaoFuncionalidades4" name="mdrEntrar" time="14.923"/>
  <system-out/>
  <testcase classname="com.timp.test.DFG.LeiautesExecução.LeiautesExecucaoFuncionalidades4" name="criar" time="46.647"/>
  <system-out/>
  <testcase classname="com.timp.test.DFG.LeiautesExecução.LeiautesExecucaoFuncionalidades4" name="separadores" time="78.095"/>
  <system-out/>
  <testcase classname="com.timp.test.DFG.LeiautesExecução.LeiautesExecucaoFuncionalidades4" name="dataInicialDeReferencia" time="129.857"/>
  <system-out/>
  <testcase classname="com.timp.test.DFG.LeiautesExecução.LeiautesExecucaoFuncionalidades4" name="saltodeLinha" time="20.262"/>
  <system-out/>
  <testcase classname="com.timp.test.DFG.LeiautesExecução.LeiautesExecucaoFuncionalidades4" name="dataFinalDeReferencia" time="38.167"/>
  <system-out/>
  <testcase classname="com.timp.test.DFG.LeiautesExecução.LeiautesExecucaoFuncionalidades4" name="versao" time="25.041"/>
  <system-out/>
  <testcase classname="com.timp.test.DFG.LeiautesExecução.LeiautesExecucaoFuncionalidades4" name="horaDaExecucao" time="38.201"/>
  <system-out/>
  <testcase classname="com.timp.test.DFG.LeiautesExecução.LeiautesExecucaoFuncionalidades4" name="dataDaExecucao" time="38.239"/>
  <system-out/>
  <testcase classname="com.timp.test.DFG.LeiautesExecução.LeiautesExecucaoFuncionalidades4" name="periodoDaReferencia" time="43.597"/>
  <system-out/>
</testsuite> <!-- com.timp.test.DFG.LeiautesExecução.LeiautesExecucaoFuncionalidades4 -->
