<?xml version="1.0" encoding="UTF-8"?>
<!-- Generated by org.testng.reporters.JUnitReportReporter -->
<testsuite hostname="SALC-PC" failures="0" tests="3" name="com.timp.test.ATR.Estruturas.Estruturas.EstruturasTodasAsFunc" time="121.942" errors="0" timestamp="2023-05-29T13:16:24 CST" skipped="0">
  <testcase classname="com.timp.test.ATR.Estruturas.Estruturas.EstruturasTodasAsFunc" name="visualizarFiltros" time="30.374"/>
  <system-out/>
  <testcase classname="com.timp.test.ATR.Estruturas.Estruturas.EstruturasTodasAsFunc" name="Detalles" time="50.111"/>
  <system-out/>
  <testcase classname="com.timp.test.ATR.Estruturas.Estruturas.EstruturasTodasAsFunc" name="visualizar" time="41.457"/>
  <system-out/>
</testsuite> <!-- com.timp.test.ATR.Estruturas.Estruturas.EstruturasTodasAsFunc -->
