<?xml version="1.0" encoding="UTF-8"?>
<!-- Generated by org.testng.reporters.JUnitReportReporter -->
<testsuite hostname="Agile" failures="0" tests="1" name="com.timp.test.MDR.Filiais.FiliaisEditar" time="151.660" errors="0" timestamp="12 mar. 2022 07:48:40 GMT" skipped="0">
  <testcase classname="com.timp.test.MDR.Filiais.FiliaisEditar" name="editar" time="151.660"/>
</testsuite> <!-- com.timp.test.MDR.Filiais.FiliaisEditar -->
