<?xml version="1.0" encoding="UTF-8"?>
<!-- Generated by org.testng.reporters.JUnitReportReporter -->
<testsuite hostname="CRISTHIAN-VASQUEZ" failures="0" tests="3" name="com.timp.test.BRE.RegrasDeEscrituração.RegrasDeEscrituracaoLixeiraEmMassaMaisExcluirEmMassa" time="219.332" errors="0" timestamp="8 Jan 2021 01:41:01 GMT">
  <testcase classname="com.timp.test.BRE.RegrasDeEscrituração.RegrasDeEscrituracaoLixeiraEmMassaMaisExcluirEmMassa" name="login" time="7.954"/>
  <testcase classname="com.timp.test.BRE.RegrasDeEscrituração.RegrasDeEscrituracaoLixeiraEmMassaMaisExcluirEmMassa" name="acessarBRE" time="15.983"/>
  <testcase classname="com.timp.test.BRE.RegrasDeEscrituração.RegrasDeEscrituracaoLixeiraEmMassaMaisExcluirEmMassa" name="criar" time="195.395"/>
</testsuite> <!-- com.timp.test.BRE.RegrasDeEscrituração.RegrasDeEscrituracaoLixeiraEmMassaMaisExcluirEmMassa -->
