<?xml version="1.0" encoding="UTF-8"?>
<!-- Generated by org.testng.reporters.JUnitReportReporter -->
<testsuite hostname="DESKTOP-5P4F1JE" failures="0" tests="3" name="com.timp.test.MDR.TabelasApoioESocial.DiagnosticoDeProcessos.DiagnosticoDeProcessosEditar" time="142.742" errors="0" timestamp="18 Nov 2020 12:19:42 GMT">
  <testcase classname="com.timp.test.MDR.TabelasApoioESocial.DiagnosticoDeProcessos.DiagnosticoDeProcessosEditar" name="editar" time="118.205"/>
  <testcase classname="com.timp.test.MDR.TabelasApoioESocial.DiagnosticoDeProcessos.DiagnosticoDeProcessosEditar" name="acessarMDR" time="13.737"/>
  <testcase classname="com.timp.test.MDR.TabelasApoioESocial.DiagnosticoDeProcessos.DiagnosticoDeProcessosEditar" name="login" time="10.800"/>
</testsuite> <!-- com.timp.test.MDR.TabelasApoioESocial.DiagnosticoDeProcessos.DiagnosticoDeProcessosEditar -->
