<?xml version="1.0" encoding="UTF-8"?>
<!-- Generated by org.testng.reporters.JUnitReportReporter -->
<<<<<<< HEAD
<testsuite hostname="DESKTOP-C57COV6" failures="0" tests="2" name="com.timp.test.MDR.RegistroECAC.RegistroECACExcluirMassa" time="241.342" errors="0" timestamp="05 ago. 2021 12:32:47 GMT" skipped="0">
  <testcase classname="com.timp.test.MDR.RegistroECAC.RegistroECACExcluirMassa" name="excluirMassa" time="47.928"/>
  <testcase classname="com.timp.test.MDR.RegistroECAC.RegistroECACExcluirMassa" name="criar" time="193.414"/>
=======
<testsuite hostname="DESKTOP-JP1A9E6" failures="0" tests="2" name="com.timp.test.MDR.RegistroECAC.RegistroECACExcluirMassa" time="191.675" errors="0" timestamp="10 ago. 2021 12:24:38 GMT" skipped="0">
  <testcase classname="com.timp.test.MDR.RegistroECAC.RegistroECACExcluirMassa" name="criar" time="153.342"/>
  <testcase classname="com.timp.test.MDR.RegistroECAC.RegistroECACExcluirMassa" name="excluirMassa" time="38.333"/>
>>>>>>> branch 'Yessy' of https://github.com/salc1997/TIMP_R1.git
</testsuite> <!-- com.timp.test.MDR.RegistroECAC.RegistroECACExcluirMassa -->
