<?xml version="1.0" encoding="UTF-8"?>
<!-- Generated by org.testng.reporters.JUnitReportReporter -->
<testsuite hostname="DESKTOP-JP1A9E6" failures="0" tests="1" name="com.timp.test.MDR.TabelasApoioESocial.Tabela17.DescriçãoDeNatDeLesãoExcluir" time="74.873" errors="0" timestamp="03 ago. 2021 09:32:56 GMT" skipped="0">
  <testcase classname="com.timp.test.MDR.TabelasApoioESocial.Tabela17.DescriçãoDeNatDeLesãoExcluir" name="excluir" time="74.873"/>
</testsuite> <!-- com.timp.test.MDR.TabelasApoioESocial.Tabela17.DescriçãoDeNatDeLesãoExcluir -->
