<?xml version="1.0" encoding="UTF-8"?>
<!-- Generated by org.testng.reporters.JUnitReportReporter -->
<testsuite hostname="DESKTOP-JP1A9E6" failures="0" tests="1" name="com.timp.test.BRB.AtivarComentario" time="74.153" errors="0" timestamp="01 jun. 2021 00:52:00 GMT" skipped="0">
  <testcase classname="com.timp.test.BRB.AtivarComentario" name="ativarComentarios" time="74.153"/>
</testsuite> <!-- com.timp.test.BRB.AtivarComentario -->
