<?xml version="1.0" encoding="UTF-8"?>
<!-- Generated by org.testng.reporters.JUnitReportReporter -->
<testsuite hostname="DESKTOP-BNBDMGT" failures="0" tests="1" name="com.timp.test.TFP.Configurações.Status.Periodo.StatusPeriodoFiltroID" time="102.668" errors="0" timestamp="18 feb. 2021 01:54:20 GMT" skipped="0">
  <testcase classname="com.timp.test.TFP.Configurações.Status.Periodo.StatusPeriodoFiltroID" name="filtro" time="102.668"/>
</testsuite> <!-- com.timp.test.TFP.Configurações.Status.Periodo.StatusPeriodoFiltroID -->
