<?xml version="1.0" encoding="UTF-8"?>
<!-- Generated by org.testng.reporters.JUnitReportReporter -->
<testsuite hostname="DESKTOP-M23FVFN" failures="0" tests="1" name="com.timp.test.MDR.CadastroPISCONFINS.TipoDeTributoContaContabil.TipoDeTributoContaContabilExcluir" time="121.258" errors="0" timestamp="21 ene. 2022 20:00:09 GMT" skipped="0">
  <testcase classname="com.timp.test.MDR.CadastroPISCONFINS.TipoDeTributoContaContabil.TipoDeTributoContaContabilExcluir" name="excluir" time="121.258"/>
</testsuite> <!-- com.timp.test.MDR.CadastroPISCONFINS.TipoDeTributoContaContabil.TipoDeTributoContaContabilExcluir -->
