<?xml version="1.0" encoding="UTF-8"?>
<!-- Generated by org.testng.reporters.JUnitReportReporter -->
<testsuite hostname="EC2AMAZ-8HCHO4G" failures="0" tests="2" name="com.timp.test.TFB.LivrosOficiais.LivrosOficiais" time="853.389" errors="0" timestamp="2024-10-17T01:42:51 UTC" skipped="0">
  <testcase classname="com.timp.test.TFB.LivrosOficiais.LivrosOficiais" name="livrosOficias" time="37.614"/>
  <system-out/>
  <testcase classname="com.timp.test.TFB.LivrosOficiais.LivrosOficiais" name="livrosICMS" time="815.775"/>
  <system-out/>
</testsuite> <!-- com.timp.test.TFB.LivrosOficiais.LivrosOficiais -->
