<?xml version="1.0" encoding="UTF-8"?>
<!-- Generated by org.testng.reporters.JUnitReportReporter -->
<testsuite hostname="LitoSoler" name="com.timp.test.MDR.Centralizacao.FatorCreditamento.FatorCreditamentoCriar" tests="3" failures="0" timestamp="7 Dec 2020 19:41:33 GMT" time="68.286" errors="0">
  <testcase name="login" time="6.661" classname="com.timp.test.MDR.Centralizacao.FatorCreditamento.FatorCreditamentoCriar"/>
  <testcase name="acessarMDR" time="23.996" classname="com.timp.test.MDR.Centralizacao.FatorCreditamento.FatorCreditamentoCriar"/>
  <testcase name="criar" time="37.629" classname="com.timp.test.MDR.Centralizacao.FatorCreditamento.FatorCreditamentoCriar"/>
</testsuite> <!-- com.timp.test.MDR.Centralizacao.FatorCreditamento.FatorCreditamentoCriar -->
