<?xml version="1.0" encoding="UTF-8"?>
<!-- Generated by org.testng.reporters.JUnitReportReporter -->
<<<<<<< HEAD
<<<<<<< HEAD
<<<<<<< HEAD
<testsuite hostname="SALC-PC" failures="0" tests="3" name="com.timp.test.BRB.Formula" time="199.718" errors="0" timestamp="2023-08-07T12:27:14 CST" skipped="0">
  <testcase classname="com.timp.test.BRB.Formula" name="formulaColuna" time="63.289"/>
=======
<testsuite hostname="EC2AMAZ-8HCHO4G" failures="0" tests="3" name="com.timp.test.BRB.Formula" time="191.723" errors="0" timestamp="2023-08-16T15:47:19 UTC" skipped="0">
  <testcase classname="com.timp.test.BRB.Formula" name="formulaColuna" time="61.933"/>
>>>>>>> refs/heads/Yessy
=======
<testsuite hostname="EC2AMAZ-8HCHO4G" failures="0" tests="3" name="com.timp.test.BRB.Formula" time="194.149" errors="0" timestamp="2023-09-29T23:27:16 UTC" skipped="0">
  <testcase classname="com.timp.test.BRB.Formula" name="formulaColuna" time="60.592"/>
>>>>>>> refs/remotes/origin/Yessy
=======
<testsuite hostname="SALC-PC" failures="0" tests="4" name="com.timp.test.BRB.Formula" time="385.887" errors="2" timestamp="2023-08-21T13:29:35 CST" skipped="2">
  <testcase classname="com.timp.test.BRB.Formula" name="formulaBoton" time="0.000">
    <skipped/>
  </testcase> <!-- formulaBoton -->
>>>>>>> branch 'master' of https://github.com/salc1997/TIMP_R1.git
  <system-out/>
<<<<<<< HEAD
<<<<<<< HEAD
<<<<<<< HEAD
  <testcase classname="com.timp.test.BRB.Formula" name="formulaBoton" time="121.242"/>
=======
  <testcase classname="com.timp.test.BRB.Formula" name="aplicar" time="15.093"/>
>>>>>>> refs/heads/Yessy
=======
  <testcase classname="com.timp.test.BRB.Formula" name="formulaBoton" time="115.704"/>
>>>>>>> refs/remotes/origin/Yessy
=======
  <testcase classname="com.timp.test.BRB.Formula" name="aplicar" time="0.000">
    <skipped/>
  </testcase> <!-- aplicar -->
>>>>>>> branch 'master' of https://github.com/salc1997/TIMP_R1.git
  <system-out/>
<<<<<<< HEAD
<<<<<<< HEAD
<<<<<<< HEAD
  <testcase classname="com.timp.test.BRB.Formula" name="aplicar" time="15.187"/>
=======
  <testcase classname="com.timp.test.BRB.Formula" name="formulaBoton" time="114.697"/>
>>>>>>> refs/heads/Yessy
=======
  <testcase classname="com.timp.test.BRB.Formula" name="aplicar" time="17.853"/>
>>>>>>> refs/remotes/origin/Yessy
=======
  <testcase classname="com.timp.test.BRB.Formula" name="afterClass" time="0.002">
    <error message="disconnected: not connected to DevTools
  (failed to check if window was closed: disconnected: not connected to DevTools)
  (Session info: chrome=115.0.5790.173)
Build info: version: &#039;3.141.59&#039;, revision: &#039;e82be7d358&#039;, time: &#039;2018-11-14T08:17:03&#039;
System info: host: &#039;SALC-PC&#039;, ip: &#039;192.168.0.13&#039;, os.name: &#039;Windows 11&#039;, os.arch: &#039;amd64&#039;, os.version: &#039;10.0&#039;, java.version: &#039;19.0.1&#039;
Driver info: org.openqa.selenium.chrome.ChromeDriver
Capabilities {acceptInsecureCerts: false, browserName: chrome, browserVersion: 115.0.5790.173, chrome: {chromedriverVersion: 114.0.5735.90 (386bc09e8f4f..., userDataDir: C:\Users\lezam\AppData\Loca...}, goog:chromeOptions: {debuggerAddress: localhost:57889}, javascriptEnabled: true, networkConnectionEnabled: false, pageLoadStrategy: normal, platform: WINDOWS, platformName: WINDOWS, proxy: Proxy(), setWindowRect: true, strictFileInteractability: false, timeouts: {implicit: 0, pageLoad: 300000, script: 30000}, unhandledPromptBehavior: dismiss and notify, webauthn:extension:credBlob: true, webauthn:extension:largeBlob: true, webauthn:extension:minPinLength: true, webauthn:extension:prf: true, webauthn:virtualAuthenticators: true}
Session ID: faf0a6ed74fec6927baa783acf804b58" type="org.openqa.selenium.WebDriverException">
      <![CDATA[org.openqa.selenium.WebDriverException: disconnected: not connected to DevTools
  (failed to check if window was closed: disconnected: not connected to DevTools)
  (Session info: chrome=115.0.5790.173)
Build info: version: '3.141.59', revision: 'e82be7d358', time: '2018-11-14T08:17:03'
System info: host: 'SALC-PC', ip: '192.168.0.13', os.name: 'Windows 11', os.arch: 'amd64', os.version: '10.0', java.version: '19.0.1'
Driver info: org.openqa.selenium.chrome.ChromeDriver
Capabilities {acceptInsecureCerts: false, browserName: chrome, browserVersion: 115.0.5790.173, chrome: {chromedriverVersion: 114.0.5735.90 (386bc09e8f4f..., userDataDir: C:\Users\lezam\AppData\Loca...}, goog:chromeOptions: {debuggerAddress: localhost:57889}, javascriptEnabled: true, networkConnectionEnabled: false, pageLoadStrategy: normal, platform: WINDOWS, platformName: WINDOWS, proxy: Proxy(), setWindowRect: true, strictFileInteractability: false, timeouts: {implicit: 0, pageLoad: 300000, script: 30000}, unhandledPromptBehavior: dismiss and notify, webauthn:extension:credBlob: true, webauthn:extension:largeBlob: true, webauthn:extension:minPinLength: true, webauthn:extension:prf: true, webauthn:virtualAuthenticators: true}
Session ID: faf0a6ed74fec6927baa783acf804b58
at java.base/jdk.internal.reflect.DirectConstructorHandleAccessor.newInstance(DirectConstructorHandleAccessor.java:67)
at java.base/java.lang.reflect.Constructor.newInstanceWithCaller(Constructor.java:500)
at java.base/java.lang.reflect.Constructor.newInstance(Constructor.java:484)
at org.openqa.selenium.remote.http.W3CHttpResponseCodec.createException(W3CHttpResponseCodec.java:187)
at org.openqa.selenium.remote.http.W3CHttpResponseCodec.decode(W3CHttpResponseCodec.java:122)
at org.openqa.selenium.remote.http.W3CHttpResponseCodec.decode(W3CHttpResponseCodec.java:49)
at org.openqa.selenium.remote.HttpCommandExecutor.execute(HttpCommandExecutor.java:158)
at org.openqa.selenium.remote.service.DriverCommandExecutor.execute(DriverCommandExecutor.java:83)
at org.openqa.selenium.remote.RemoteWebDriver.execute(RemoteWebDriver.java:552)
at org.openqa.selenium.remote.RemoteWebDriver.execute(RemoteWebDriver.java:609)
at org.openqa.selenium.remote.RemoteWebDriver.close(RemoteWebDriver.java:442)
at com.timp.test.BRB.Formula.afterClass(Formula.java:50)
at java.base/jdk.internal.reflect.DirectMethodHandleAccessor.invoke(DirectMethodHandleAccessor.java:104)
at java.base/java.lang.reflect.Method.invoke(Method.java:578)
at org.testng.internal.MethodInvocationHelper.invokeMethod(MethodInvocationHelper.java:133)
at org.testng.internal.MethodInvocationHelper.invokeMethodConsideringTimeout(MethodInvocationHelper.java:62)
at org.testng.internal.ConfigInvoker.invokeConfigurationMethod(ConfigInvoker.java:385)
at org.testng.internal.ConfigInvoker.invokeConfigurations(ConfigInvoker.java:321)
at org.testng.internal.TestMethodWorker.invokeAfterClassMethods(TestMethodWorker.java:217)
at org.testng.internal.TestMethodWorker.run(TestMethodWorker.java:130)
at java.base/java.util.ArrayList.forEach(ArrayList.java:1511)
at org.testng.TestRunner.privateRun(TestRunner.java:794)
at org.testng.TestRunner.run(TestRunner.java:596)
at org.testng.SuiteRunner.runTest(SuiteRunner.java:377)
at org.testng.SuiteRunner.runSequentially(SuiteRunner.java:371)
at org.testng.SuiteRunner.privateRun(SuiteRunner.java:332)
at org.testng.SuiteRunner.run(SuiteRunner.java:276)
at org.testng.SuiteRunnerWorker.runSuite(SuiteRunnerWorker.java:53)
at org.testng.SuiteRunnerWorker.run(SuiteRunnerWorker.java:96)
at org.testng.TestNG.runSuitesSequentially(TestNG.java:1212)
at org.testng.TestNG.runSuitesLocally(TestNG.java:1134)
at org.testng.TestNG.runSuites(TestNG.java:1063)
at org.testng.TestNG.run(TestNG.java:1031)
at org.testng.remote.AbstractRemoteTestNG.run(AbstractRemoteTestNG.java:115)
at org.testng.remote.RemoteTestNG.initAndRun(RemoteTestNG.java:251)
at org.testng.remote.RemoteTestNG.main(RemoteTestNG.java:77)
]]>
    </error>
  </testcase> <!-- afterClass -->
  <system-out/>
  <testcase classname="com.timp.test.BRB.Formula" name="formulaColuna" time="385.885">
    <error message="Expected condition failed: waiting for element to be clickable: By.xpath: //*[@id=&quot;acc-reports&quot;]/ul/li[3] (tried for 360 second(s) with 500 milliseconds interval)" type="org.openqa.selenium.TimeoutException">
      <![CDATA[org.openqa.selenium.TimeoutException: Expected condition failed: waiting for element to be clickable: By.xpath: //*[@id="acc-reports"]/ul/li[3] (tried for 360 second(s) with 500 milliseconds interval)
at org.openqa.selenium.support.ui.WebDriverWait.timeoutException(WebDriverWait.java:95)
at org.openqa.selenium.support.ui.FluentWait.until(FluentWait.java:272)
at com.sap.timp.base.TestBase.waitExpectedElement(TestBase.java:124)
at com.sap.timp.pageObjectModel.BRB.AcessarBrbPO.acessar(AcessarBrbPO.java:49)
at com.timp.test.BRB.Formula.formulaColuna(Formula.java:60)
at java.base/jdk.internal.reflect.DirectMethodHandleAccessor.invoke(DirectMethodHandleAccessor.java:104)
at java.base/java.lang.reflect.Method.invoke(Method.java:578)
at org.testng.internal.MethodInvocationHelper.invokeMethod(MethodInvocationHelper.java:133)
at org.testng.internal.TestInvoker.invokeMethod(TestInvoker.java:598)
at org.testng.internal.TestInvoker.invokeTestMethod(TestInvoker.java:173)
at org.testng.internal.MethodRunner.runInSequence(MethodRunner.java:46)
at org.testng.internal.TestInvoker$MethodInvocationAgent.invoke(TestInvoker.java:824)
at org.testng.internal.TestInvoker.invokeTestMethods(TestInvoker.java:146)
at org.testng.internal.TestMethodWorker.invokeTestMethods(TestMethodWorker.java:146)
at org.testng.internal.TestMethodWorker.run(TestMethodWorker.java:128)
at java.base/java.util.ArrayList.forEach(ArrayList.java:1511)
at org.testng.TestRunner.privateRun(TestRunner.java:794)
at org.testng.TestRunner.run(TestRunner.java:596)
at org.testng.SuiteRunner.runTest(SuiteRunner.java:377)
at org.testng.SuiteRunner.runSequentially(SuiteRunner.java:371)
at org.testng.SuiteRunner.privateRun(SuiteRunner.java:332)
at org.testng.SuiteRunner.run(SuiteRunner.java:276)
at org.testng.SuiteRunnerWorker.runSuite(SuiteRunnerWorker.java:53)
at org.testng.SuiteRunnerWorker.run(SuiteRunnerWorker.java:96)
at org.testng.TestNG.runSuitesSequentially(TestNG.java:1212)
at org.testng.TestNG.runSuitesLocally(TestNG.java:1134)
at org.testng.TestNG.runSuites(TestNG.java:1063)
at org.testng.TestNG.run(TestNG.java:1031)
at org.testng.remote.AbstractRemoteTestNG.run(AbstractRemoteTestNG.java:115)
at org.testng.remote.RemoteTestNG.initAndRun(RemoteTestNG.java:251)
at org.testng.remote.RemoteTestNG.main(RemoteTestNG.java:77)
Caused by: org.openqa.selenium.NoSuchWindowException: no such window: target window already closed
from unknown error: web view not found
  (Session info: chrome=115.0.5790.173)
Build info: version: '3.141.59', revision: 'e82be7d358', time: '2018-11-14T08:17:03'
System info: host: 'SALC-PC', ip: '192.168.0.13', os.name: 'Windows 11', os.arch: 'amd64', os.version: '10.0', java.version: '19.0.1'
Driver info: org.openqa.selenium.chrome.ChromeDriver
Capabilities {acceptInsecureCerts: false, browserName: chrome, browserVersion: 115.0.5790.173, chrome: {chromedriverVersion: 114.0.5735.90 (386bc09e8f4f..., userDataDir: C:\Users\lezam\AppData\Loca...}, goog:chromeOptions: {debuggerAddress: localhost:57889}, javascriptEnabled: true, networkConnectionEnabled: false, pageLoadStrategy: normal, platform: WINDOWS, platformName: WINDOWS, proxy: Proxy(), setWindowRect: true, strictFileInteractability: false, timeouts: {implicit: 0, pageLoad: 300000, script: 30000}, unhandledPromptBehavior: dismiss and notify, webauthn:extension:credBlob: true, webauthn:extension:largeBlob: true, webauthn:extension:minPinLength: true, webauthn:extension:prf: true, webauthn:virtualAuthenticators: true}
Session ID: faf0a6ed74fec6927baa783acf804b58
*** Element info: {Using=xpath, value=//*[@id="acc-reports"]/ul/li[3]}
at java.base/jdk.internal.reflect.DirectConstructorHandleAccessor.newInstance(DirectConstructorHandleAccessor.java:67)
at java.base/java.lang.reflect.Constructor.newInstanceWithCaller(Constructor.java:500)
at java.base/java.lang.reflect.Constructor.newInstance(Constructor.java:484)
at org.openqa.selenium.remote.http.W3CHttpResponseCodec.createException(W3CHttpResponseCodec.java:187)
at org.openqa.selenium.remote.http.W3CHttpResponseCodec.decode(W3CHttpResponseCodec.java:122)
at org.openqa.selenium.remote.http.W3CHttpResponseCodec.decode(W3CHttpResponseCodec.java:49)
at org.openqa.selenium.remote.HttpCommandExecutor.execute(HttpCommandExecutor.java:158)
at org.openqa.selenium.remote.service.DriverCommandExecutor.execute(DriverCommandExecutor.java:83)
at org.openqa.selenium.remote.RemoteWebDriver.execute(RemoteWebDriver.java:552)
at org.openqa.selenium.remote.RemoteWebDriver.findElement(RemoteWebDriver.java:323)
at org.openqa.selenium.remote.RemoteWebDriver.findElementByXPath(RemoteWebDriver.java:428)
at org.openqa.selenium.By$ByXPath.findElement(By.java:353)
at org.openqa.selenium.remote.RemoteWebDriver.findElement(RemoteWebDriver.java:315)
at org.openqa.selenium.support.ui.ExpectedConditions$7.apply(ExpectedConditions.java:205)
at org.openqa.selenium.support.ui.ExpectedConditions$7.apply(ExpectedConditions.java:201)
at org.openqa.selenium.support.ui.ExpectedConditions$22.apply(ExpectedConditions.java:641)
at org.openqa.selenium.support.ui.ExpectedConditions$22.apply(ExpectedConditions.java:638)
at org.openqa.selenium.support.ui.FluentWait.until(FluentWait.java:249)
... 29 more
]]>
    </error>
  </testcase> <!-- formulaColuna -->
>>>>>>> branch 'master' of https://github.com/salc1997/TIMP_R1.git
  <system-out/>
</testsuite> <!-- com.timp.test.BRB.Formula -->
