<?xml version="1.0" encoding="UTF-8"?>
<!-- Generated by org.testng.reporters.JUnitReportReporter -->
<testsuite hostname="DESKTOP-C57COV6" failures="0" tests="1" name="com.timp.test.MDR.CenariosCorrecao.CenariosCorrecaoCriar" time="130.220" errors="0" timestamp="06 oct. 2021 18:47:14 GMT" skipped="0">
  <testcase classname="com.timp.test.MDR.CenariosCorrecao.CenariosCorrecaoCriar" name="criar" time="130.220"/>
</testsuite> <!-- com.timp.test.MDR.CenariosCorrecao.CenariosCorrecaoCriar -->
