<?xml version="1.0" encoding="UTF-8"?>
<!-- Generated by org.testng.reporters.JUnitReportReporter -->
<testsuite hostname="DESKTOP-JP1A9E6" failures="0" tests="1" name="com.timp.test.TCC.BancoDeOcorrencias.Executados.BancodeOcorrênciasExecutadosEditar" time="520.198" errors="0" timestamp="26 ago. 2021 18:17:44 GMT" skipped="0">
  <testcase classname="com.timp.test.TCC.BancoDeOcorrencias.Executados.BancodeOcorrênciasExecutadosEditar" name="executarEditar" time="520.198"/>
</testsuite> <!-- com.timp.test.TCC.BancoDeOcorrencias.Executados.BancodeOcorrênciasExecutadosEditar -->
