<?xml version="1.0" encoding="UTF-8"?>
<!-- Generated by org.testng.reporters.JUnitReportReporter -->
<testsuite hostname="LAPTOP-IN7IV9K5" failures="0" tests="1" name="com.timp.test.BRE.CalculoDeTributos.Edicao.CalculodeTributosTabelas" time="374.970" errors="0" timestamp="13 may. 2021 05:28:20 GMT" skipped="0">
  <testcase classname="com.timp.test.BRE.CalculoDeTributos.Edicao.CalculodeTributosTabelas" name="editar" time="374.970"/>
</testsuite> <!-- com.timp.test.BRE.CalculoDeTributos.Edicao.CalculodeTributosTabelas -->
