<?xml version="1.0" encoding="UTF-8"?>
<!-- Generated by org.testng.reporters.JUnitReportReporter -->
<testsuite hostname="CRISTHIAN-VASQUEZ" failures="0" tests="3" name="com.timp.test.BRE.RegrasDeEscrituração.BRERegradeEscrituraçãoEdiçãoSimular" time="150.707" errors="0" timestamp="6 Dec 2020 23:43:50 GMT">
  <testcase classname="com.timp.test.BRE.RegrasDeEscrituração.BRERegradeEscrituraçãoEdiçãoSimular" name="login" time="8.697"/>
  <testcase classname="com.timp.test.BRE.RegrasDeEscrituração.BRERegradeEscrituraçãoEdiçãoSimular" name="editar" time="127.691"/>
  <testcase classname="com.timp.test.BRE.RegrasDeEscrituração.BRERegradeEscrituraçãoEdiçãoSimular" name="acessarBRE" time="14.319"/>
</testsuite> <!-- com.timp.test.BRE.RegrasDeEscrituração.BRERegradeEscrituraçãoEdiçãoSimular -->
