<?xml version="1.0" encoding="UTF-8"?>
<!-- Generated by org.testng.reporters.JUnitReportReporter -->
<<<<<<< HEAD
<testsuite hostname="LitoSoler" name="com.timp.test.BRB.Filtros" tests="5" failures="0" timestamp="5 Oct 2020 14:03:15 GMT" time="164.723" errors="0">
  <testcase name="brbEntrar" time="18.516" classname="com.timp.test.BRB.Filtros"/>
  <testcase name="login" time="7.158" classname="com.timp.test.BRB.Filtros"/>
  <testcase name="filtrosBiblioteca" time="49.525" classname="com.timp.test.BRB.Filtros"/>
  <testcase name="asignarValores" time="14.606" classname="com.timp.test.BRB.Filtros"/>
  <testcase name="filtrosEditor" time="74.918" classname="com.timp.test.BRB.Filtros"/>
=======
<testsuite hostname="DESKTOP-35UG9UP" name="com.timp.test.BRB.Filtros" tests="5" failures="0" timestamp="1 Oct 2020 20:52:34 GMT" time="258.816" errors="0">
  <testcase name="login" time="11.013" classname="com.timp.test.BRB.Filtros"/>
  <testcase name="asignarValores" time="24.998" classname="com.timp.test.BRB.Filtros"/>
  <testcase name="brbEntrar" time="29.987" classname="com.timp.test.BRB.Filtros"/>
  <testcase name="filtrosBiblioteca" time="76.411" classname="com.timp.test.BRB.Filtros"/>
  <testcase name="filtrosEditor" time="116.407" classname="com.timp.test.BRB.Filtros"/>
>>>>>>> branch 'master' of https://github.com/salc1997/TIMP_R1.git
</testsuite> <!-- com.timp.test.BRB.Filtros -->
