<?xml version="1.0" encoding="UTF-8"?>
<!-- Generated by org.testng.reporters.JUnitReportReporter -->
<testsuite hostname="LitoSoler" name="com.timp.test.BRB.AtivarCorrecao" tests="3" failures="0" timestamp="1 Oct 2020 14:05:15 GMT" time="72.846" errors="0">
  <testcase name="login" time="9.136" classname="com.timp.test.BRB.AtivarCorrecao"/>
  <testcase name="ativarCorreccion" time="43.447" classname="com.timp.test.BRB.AtivarCorrecao"/>
  <testcase name="brbEntrar" time="20.263" classname="com.timp.test.BRB.AtivarCorrecao"/>
</testsuite> <!-- com.timp.test.BRB.AtivarCorrecao -->
