<?xml version="1.0" encoding="UTF-8"?>
<!-- Generated by org.testng.reporters.JUnitReportReporter -->
<testsuite hostname="DESKTOP-35UG9UP" name="com.timp.test.BRB.ValidacaoEstruturas.ATR" tests="3" failures="0" timestamp="16 Sep 2020 14:33:07 GMT" time="317.368" errors="0">
  <testcase name="brbEntrar" time="28.148" classname="com.timp.test.BRB.ValidacaoEstruturas.ATR"/>
  <testcase name="login" time="11.374" classname="com.timp.test.BRB.ValidacaoEstruturas.ATR"/>
  <testcase name="verificar" time="277.846" classname="com.timp.test.BRB.ValidacaoEstruturas.ATR"/>
</testsuite> <!-- com.timp.test.BRB.ValidacaoEstruturas.ATR -->
