<?xml version="1.0" encoding="UTF-8"?>
<!-- Generated by org.testng.reporters.JUnitReportReporter -->
<<<<<<< HEAD
<testsuite hostname="EC2AMAZ-8HCHO4G" failures="0" tests="3" name="com.timp.test.BRB.Formula" time="148.956" errors="0" timestamp="2023-02-15T16:57:03 UTC" skipped="0">
  <testcase classname="com.timp.test.BRB.Formula" name="formulaColuna" time="60.566"/>
=======
<testsuite hostname="DESKTOP-M23FVFN" failures="0" tests="3" name="com.timp.test.BRB.Formula" time="175.820" errors="0" timestamp="2023-02-13T19:50:14 BRT" skipped="0">
  <testcase classname="com.timp.test.BRB.Formula" name="formulaColuna" time="69.598"/>
>>>>>>> branch 'Yessy' of https://github.com/salc1997/TIMP_R1.git
  <system-out/>
<<<<<<< HEAD
  <testcase classname="com.timp.test.BRB.Formula" name="aplicar" time="3.026"/>
=======
  <testcase classname="com.timp.test.BRB.Formula" name="aplicar" time="15.611"/>
>>>>>>> branch 'Yessy' of https://github.com/salc1997/TIMP_R1.git
  <system-out/>
<<<<<<< HEAD
  <testcase classname="com.timp.test.BRB.Formula" name="formulaBoton" time="85.364"/>
=======
  <testcase classname="com.timp.test.BRB.Formula" name="formulaBoton" time="90.611"/>
>>>>>>> branch 'Yessy' of https://github.com/salc1997/TIMP_R1.git
  <system-out/>
</testsuite> <!-- com.timp.test.BRB.Formula -->
