<?xml version="1.0" encoding="UTF-8"?>
<!-- Generated by org.testng.reporters.JUnitReportReporter -->
<testsuite skipped="0" hostname="LitoSoler" name="com.timp.test.MDR.CEP.Municipio.MunicipioFiltros" tests="1" failures="0" timestamp="17 feb 2021 15:47:44 GMT" time="42.426" errors="0">
  <testcase name="filtros" time="42.426" classname="com.timp.test.MDR.CEP.Municipio.MunicipioFiltros"/>
</testsuite> <!-- com.timp.test.MDR.CEP.Municipio.MunicipioFiltros -->
