<?xml version="1.0" encoding="UTF-8"?>
<!-- Generated by org.testng.reporters.JUnitReportReporter -->
<testsuite hostname="DESKTOP-BNBDMGT" failures="0" tests="3" name="com.timp.test.TDK.Kpis.Edicao.KpisEdicaoGrafico" time="357.768" errors="0" timestamp="19 Jan 2021 13:50:42 GMT">
  <testcase classname="com.timp.test.TDK.Kpis.Edicao.KpisEdicaoGrafico" name="Grafico" time="324.750"/>
  <testcase classname="com.timp.test.TDK.Kpis.Edicao.KpisEdicaoGrafico" name="login" time="9.338"/>
  <testcase classname="com.timp.test.TDK.Kpis.Edicao.KpisEdicaoGrafico" name="acessarTDK" time="23.680"/>
</testsuite> <!-- com.timp.test.TDK.Kpis.Edicao.KpisEdicaoGrafico -->
