<?xml version="1.0" encoding="UTF-8"?>
<!-- Generated by org.testng.reporters.JUnitReportReporter -->
<testsuite hostname="DESKTOP-JP1A9E6" failures="0" tests="1" name="com.timp.test.MDR.HierarquiaDeCenariosDeCorreçao.HierarquiaDeCenariosDeCorreçaoFiltroAbansado" time="109.061" errors="0" timestamp="29 may. 2021 06:19:05 GMT" skipped="0">
  <testcase classname="com.timp.test.MDR.HierarquiaDeCenariosDeCorreçao.HierarquiaDeCenariosDeCorreçaoFiltroAbansado" name="Filtro" time="109.061"/>
</testsuite> <!-- com.timp.test.MDR.HierarquiaDeCenariosDeCorreçao.HierarquiaDeCenariosDeCorreçaoFiltroAbansado -->
