<?xml version="1.0" encoding="UTF-8"?>
<!-- Generated by org.testng.reporters.JUnitReportReporter -->
<testsuite skipped="0" hostname="LitoSoler" name="com.timp.test.MDR.Ajustes.CodigosAjustes.CodigosAjustesVisualizar" tests="1" failures="0" timestamp="24 feb 2021 16:56:22 GMT" time="93.741" errors="0">
  <testcase name="visualizar" time="93.741" classname="com.timp.test.MDR.Ajustes.CodigosAjustes.CodigosAjustesVisualizar"/>
</testsuite> <!-- com.timp.test.MDR.Ajustes.CodigosAjustes.CodigosAjustesVisualizar -->
