<?xml version="1.0" encoding="UTF-8"?>
<!-- Generated by org.testng.reporters.JUnitReportReporter -->
<testsuite hostname="DESKTOP-JP1A9E6" failures="0" tests="3" name="com.timp.test.ADM.Configuração.Usuarios.UsuáriosAtivarDesativar" time="101.077" errors="0" timestamp="12 jul. 2021 22:01:36 GMT" skipped="0">
  <testcase classname="com.timp.test.ADM.Configuração.Usuarios.UsuáriosAtivarDesativar" name="login" time="20.785"/>
  <testcase classname="com.timp.test.ADM.Configuração.Usuarios.UsuáriosAtivarDesativar" name="AcessarADM" time="18.024"/>
  <testcase classname="com.timp.test.ADM.Configuração.Usuarios.UsuáriosAtivarDesativar" name="ver" time="62.268"/>
</testsuite> <!-- com.timp.test.ADM.Configuração.Usuarios.UsuáriosAtivarDesativar -->
