<?xml version="1.0" encoding="UTF-8"?>
<!-- Generated by org.testng.reporters.JUnitReportReporter -->
<testsuite hostname="LitoSoler" name="com.timp.test.MDR.CEP.Logradouro.LogradouroCriar" tests="3" failures="0" timestamp="22 Oct 2020 23:05:38 GMT" time="94.797" errors="0">
  <testcase name="acessarMDR" time="13.619" classname="com.timp.test.MDR.CEP.Logradouro.LogradouroCriar"/>
  <testcase name="criar" time="70.987" classname="com.timp.test.MDR.CEP.Logradouro.LogradouroCriar"/>
  <testcase name="login" time="10.191" classname="com.timp.test.MDR.CEP.Logradouro.LogradouroCriar"/>
</testsuite> <!-- com.timp.test.MDR.CEP.Logradouro.LogradouroCriar -->
