<?xml version="1.0" encoding="UTF-8"?>
<!-- Generated by org.testng.reporters.JUnitReportReporter -->
<testsuite hostname="DESKTOP-M23FVFN" failures="0" tests="1" name="com.timp.test.MDR.PrecoDeTransferencia.DefinicaoVinculacao.DefinicaoVinculacaoFiltroID" time="128.100" errors="0" timestamp="29 dic. 2021 02:02:51 GMT" skipped="0">
  <testcase classname="com.timp.test.MDR.PrecoDeTransferencia.DefinicaoVinculacao.DefinicaoVinculacaoFiltroID" name="filtro" time="128.100"/>
</testsuite> <!-- com.timp.test.MDR.PrecoDeTransferencia.DefinicaoVinculacao.DefinicaoVinculacaoFiltroID -->
