<?xml version="1.0" encoding="UTF-8"?>
<!-- Generated by org.testng.reporters.JUnitReportReporter -->
<testsuite hostname="CRISTHIAN-VASQUEZ" failures="0" tests="3" name="com.timp.test.MDR.ContratoIOF.ContratoIOFDetalhes" time="79.641" errors="0" timestamp="18 Nov 2020 14:46:48 GMT">
  <testcase classname="com.timp.test.MDR.ContratoIOF.ContratoIOFDetalhes" name="login" time="7.761"/>
  <testcase classname="com.timp.test.MDR.ContratoIOF.ContratoIOFDetalhes" name="Detalhes" time="40.577"/>
  <testcase classname="com.timp.test.MDR.ContratoIOF.ContratoIOFDetalhes" name="acessarMDR" time="31.303"/>
</testsuite> <!-- com.timp.test.MDR.ContratoIOF.ContratoIOFDetalhes -->
