<?xml version="1.0" encoding="UTF-8"?>
<!-- Generated by org.testng.reporters.JUnitReportReporter -->
<testsuite hostname="DESKTOP-M23FVFN" failures="0" tests="3" name="com.timp.test.BRB.Formula" time="192.091" errors="0" timestamp="2022-06-24T00:03:40 CST" skipped="0">
  <testcase classname="com.timp.test.BRB.Formula" name="formulaColuna" time="85.441"/>
  <system-out/>
  <testcase classname="com.timp.test.BRB.Formula" name="formulaBoton" time="103.618"/>
  <system-out/>
  <testcase classname="com.timp.test.BRB.Formula" name="aplicar" time="3.032"/>
  <system-out/>
</testsuite> <!-- com.timp.test.BRB.Formula -->
