<?xml version="1.0" encoding="UTF-8"?>
<!-- Generated by org.testng.reporters.JUnitReportReporter -->
<testsuite hostname="MIGUEL" failures="0" tests="1" name="com.timp.test.MDR.TipoDeTributoContaContabil.TipoDeTributoContaContabilCriar" time="95.326" errors="0" timestamp="19 feb. 2021 19:17:21 GMT" skipped="0">
  <testcase classname="com.timp.test.MDR.TipoDeTributoContaContabil.TipoDeTributoContaContabilCriar" name="criar" time="95.326"/>
</testsuite> <!-- com.timp.test.MDR.TipoDeTributoContaContabil.TipoDeTributoContaContabilCriar -->
