<?xml version="1.0" encoding="UTF-8"?>
<<<<<<< HEAD
<!-- Generated by org.testng.reporters.JUnitReportReporter -->
<testsuite skipped="0" hostname="LitoSoler" name="com.timp.test.MDR.ControleDeCreditoTributario.StatusParaBCE.StatusParaBCEVisualizar" tests="1" failures="0" timestamp="19 mar 2021 20:52:57 GMT" time="76.552" errors="0">
  <testcase name="visualizar" time="76.552" classname="com.timp.test.MDR.ControleDeCreditoTributario.StatusParaBCE.StatusParaBCEVisualizar"/>
=======
<<<<<<< HEAD
<!-- Generated by org.testng.reporters.JUnitReportReporter -->
<testsuite skipped="0" hostname="LitoSoler" name="com.timp.test.MDR.ControleDeCreditoTributario.StatusParaBCE.StatusParaBCEVisualizar" tests="1" failures="0" timestamp="16 mar 2021 02:19:30 GMT" time="123.082" errors="0">
  <testcase name="visualizar" time="123.082" classname="com.timp.test.MDR.ControleDeCreditoTributario.StatusParaBCE.StatusParaBCEVisualizar"/>
=======
<!-- Generated by org.testng.reporters.JUnitReportReporter -->
<testsuite skipped="0" hostname="LitoSoler" name="com.timp.test.MDR.ControleDeCreditoTributario.StatusParaBCE.StatusParaBCEVisualizar" tests="1" failures="0" timestamp="09 mar 2021 00:04:35 GMT" time="75.770" errors="0">
  <testcase name="visualizar" time="75.770" classname="com.timp.test.MDR.ControleDeCreditoTributario.StatusParaBCE.StatusParaBCEVisualizar"/>
>>>>>>> refs/heads/Cristhian
>>>>>>> branch 'master' of https://github.com/salc1997/TIMP_R1.git
</testsuite> <!-- com.timp.test.MDR.ControleDeCreditoTributario.StatusParaBCE.StatusParaBCEVisualizar -->
