<?xml version="1.0" encoding="UTF-8"?>
<!-- Generated by org.testng.reporters.JUnitReportReporter -->
<testsuite hostname="DESKTOP-5P4F1JE" failures="0" tests="3" name="com.timp.test.BRB.ComentarioLibre" time="183.608" errors="0" timestamp="5 Nov 2020 18:45:00 GMT">
  <testcase classname="com.timp.test.BRB.ComentarioLibre" name="login" time="7.553"/>
  <testcase classname="com.timp.test.BRB.ComentarioLibre" name="brbEntrar" time="20.955"/>
  <testcase classname="com.timp.test.BRB.ComentarioLibre" name="comentarioLibre" time="155.100"/>
</testsuite> <!-- com.timp.test.BRB.ComentarioLibre -->
