<?xml version="1.0" encoding="UTF-8"?>
<!-- Generated by org.testng.reporters.JUnitReportReporter -->
<testsuite hostname="LitoSoler" name="com.timp.test.BRE.RegrasDeEscrituração.RegrasDeEscrituraçãoVisualizar" tests="3" failures="0" timestamp="4 Dec 2020 21:24:07 GMT" time="75.483" errors="0">
  <testcase name="login" time="8.090" classname="com.timp.test.BRE.RegrasDeEscrituração.RegrasDeEscrituraçãoVisualizar"/>
  <testcase name="acessarBRE" time="13.359" classname="com.timp.test.BRE.RegrasDeEscrituração.RegrasDeEscrituraçãoVisualizar"/>
  <testcase name="visualizar" time="54.034" classname="com.timp.test.BRE.RegrasDeEscrituração.RegrasDeEscrituraçãoVisualizar"/>
</testsuite> <!-- com.timp.test.BRE.RegrasDeEscrituração.RegrasDeEscrituraçãoVisualizar -->
