<?xml version="1.0" encoding="UTF-8"?>
<!-- Generated by org.testng.reporters.JUnitReportReporter -->
<testsuite hostname="DESKTOP-JP1A9E6" failures="0" tests="1" name="com.timp.test.MDR.TabelasApoioESocial.Tabela18.MotivoDeAfastamentoCriar" time="105.320" errors="0" timestamp="08 sep. 2021 09:12:02 GMT" skipped="0">
  <testcase classname="com.timp.test.MDR.TabelasApoioESocial.Tabela18.MotivoDeAfastamentoCriar" name="criar" time="105.320"/>
</testsuite> <!-- com.timp.test.MDR.TabelasApoioESocial.Tabela18.MotivoDeAfastamentoCriar -->
