<?xml version="1.0" encoding="UTF-8"?>
<!-- Generated by org.testng.reporters.JUnitReportReporter -->
<testsuite hostname="DESKTOP-JP1A9E6" failures="0" tests="2" name="com.timp.test.BRB.GruposAvancados" time="470.491" errors="0" timestamp="12 jul. 2021 23:15:00 GMT" skipped="0">
  <testcase classname="com.timp.test.BRB.GruposAvancados" name="gruposAvanzados" time="415.453"/>
  <testcase classname="com.timp.test.BRB.GruposAvancados" name="eliminarGrupos" time="55.038"/>
</testsuite> <!-- com.timp.test.BRB.GruposAvancados -->
