<?xml version="1.0" encoding="UTF-8"?>
<!-- Generated by org.testng.reporters.JUnitReportReporter -->
<testsuite hostname="DESKTOP-35UG9UP" name="com.timp.test.MDR.EventosESocial.S1060AmbientesDeTrablho.S1060AmbientesDeTrablhoExcluir" tests="3" failures="0" timestamp="25 Sep 2020 17:34:45 GMT" time="89.859" errors="0">
  <testcase name="login" time="11.634" classname="com.timp.test.MDR.EventosESocial.S1060AmbientesDeTrablho.S1060AmbientesDeTrablhoExcluir"/>
  <testcase name="acessarMDR" time="15.240" classname="com.timp.test.MDR.EventosESocial.S1060AmbientesDeTrablho.S1060AmbientesDeTrablhoExcluir"/>
  <testcase name="excluir" time="62.985" classname="com.timp.test.MDR.EventosESocial.S1060AmbientesDeTrablho.S1060AmbientesDeTrablhoExcluir"/>
</testsuite> <!-- com.timp.test.MDR.EventosESocial.S1060AmbientesDeTrablho.S1060AmbientesDeTrablhoExcluir -->
