<?xml version="1.0" encoding="UTF-8"?>
<!-- Generated by org.testng.reporters.JUnitReportReporter -->
<testsuite hostname="DESKTOP-C57COV6" failures="0" tests="2" name="com.timp.test.MDR.TabelasApoioESocial.Tabela17.DescricaoDeNatDeLes達oExcluirEmMassa" time="124.107" errors="0" timestamp="26 abr. 2021 19:56:41 GMT" skipped="0">
  <testcase classname="com.timp.test.MDR.TabelasApoioESocial.Tabela17.DescricaoDeNatDeLes達oExcluirEmMassa" name="criar" time="93.391"/>
  <testcase classname="com.timp.test.MDR.TabelasApoioESocial.Tabela17.DescricaoDeNatDeLes達oExcluirEmMassa" name="excluir" time="30.716"/>
</testsuite> <!-- com.timp.test.MDR.TabelasApoioESocial.Tabela17.DescricaoDeNatDeLes達oExcluirEmMassa -->
