<?xml version="1.0" encoding="UTF-8"?>
<!-- Generated by org.testng.reporters.JUnitReportReporter -->
<testsuite hostname="DESKTOP-JP1A9E6" failures="0" tests="1" name="com.timp.test.TFP.Periodos.Periodos.PeriodosAlterarStatusSubPeriodoAvulso" time="222.183" errors="0" timestamp="24 sep. 2021 00:50:16 GMT" skipped="0">
  <testcase classname="com.timp.test.TFP.Periodos.Periodos.PeriodosAlterarStatusSubPeriodoAvulso" name="alterarStatusSubPeriodo" time="222.183"/>
</testsuite> <!-- com.timp.test.TFP.Periodos.Periodos.PeriodosAlterarStatusSubPeriodoAvulso -->
