<?xml version="1.0" encoding="UTF-8"?>
<!-- Generated by org.testng.reporters.JUnitReportReporter -->
<testsuite hostname="MassielV" failures="0" tests="2" name="com.timp.test.MDR.SCANC.AjusteDeTransferencia.AjusteDeTransferenciaExcluirEmMasa" time="412.794" errors="0" timestamp="27 oct. 2021 07:41:51 GMT" skipped="0">
  <testcase classname="com.timp.test.MDR.SCANC.AjusteDeTransferencia.AjusteDeTransferenciaExcluirEmMasa" name="excluir" time="41.912"/>
  <testcase classname="com.timp.test.MDR.SCANC.AjusteDeTransferencia.AjusteDeTransferenciaExcluirEmMasa" name="criar" time="370.882"/>
</testsuite> <!-- com.timp.test.MDR.SCANC.AjusteDeTransferencia.AjusteDeTransferenciaExcluirEmMasa -->
