<?xml version="1.0" encoding="UTF-8"?>
<!-- Generated by org.testng.reporters.JUnitReportReporter -->
<testsuite hostname="DESKTOP-35UG9UP" name="com.timp.test.BRB.Filtros" tests="5" failures="0" timestamp="1 Oct 2020 20:52:34 GMT" time="258.816" errors="0">
  <testcase name="login" time="11.013" classname="com.timp.test.BRB.Filtros"/>
  <testcase name="asignarValores" time="24.998" classname="com.timp.test.BRB.Filtros"/>
  <testcase name="brbEntrar" time="29.987" classname="com.timp.test.BRB.Filtros"/>
  <testcase name="filtrosBiblioteca" time="76.411" classname="com.timp.test.BRB.Filtros"/>
  <testcase name="filtrosEditor" time="116.407" classname="com.timp.test.BRB.Filtros"/>
</testsuite> <!-- com.timp.test.BRB.Filtros -->
