<?xml version="1.0" encoding="UTF-8"?>
<!-- Generated by org.testng.reporters.JUnitReportReporter -->
<testsuite skipped="0" hostname="LitoSoler" name="com.timp.test.MDR.SPCBFederaisRetidos.SPCBFederaisRetidosEditar" tests="1" failures="0" timestamp="09 mar 2021 00:34:16 GMT" time="86.484" errors="0">
  <testcase name="editar" time="86.484" classname="com.timp.test.MDR.SPCBFederaisRetidos.SPCBFederaisRetidosEditar"/>
</testsuite> <!-- com.timp.test.MDR.SPCBFederaisRetidos.SPCBFederaisRetidosEditar -->
