<?xml version="1.0" encoding="UTF-8"?>
<!-- Generated by org.testng.reporters.JUnitReportReporter -->
<testsuite hostname="EC2AMAZ-8HCHO4G" failures="0" tests="1" name="com.timp.test.BRB.NovoRelatorio" time="312.530" errors="0" timestamp="2024-06-05T21:04:04 UTC" skipped="0">
  <testcase classname="com.timp.test.BRB.NovoRelatorio" name="novoRelatorio" time="312.530"/>
  <system-out/>
</testsuite> <!-- com.timp.test.BRB.NovoRelatorio -->
