<?xml version="1.0" encoding="UTF-8"?>
<!-- Generated by org.testng.reporters.JUnitReportReporter -->
<testsuite hostname="DESKTOP-BNBDMGT" failures="0" tests="1" name="com.timp.test.TCC.GestaoDeCreditoTributarioPISCONFINS.GestaoDeCreditoTributarioPIS.ConfiguracaoEExecucao.Registro1102.Registro1102Excluir" time="128.157" errors="0" timestamp="29 mar. 2021 21:34:34 GMT" skipped="0">
  <testcase classname="com.timp.test.TCC.GestaoDeCreditoTributarioPISCONFINS.GestaoDeCreditoTributarioPIS.ConfiguracaoEExecucao.Registro1102.Registro1102Excluir" name="Excluir" time="128.157"/>
</testsuite> <!-- com.timp.test.TCC.GestaoDeCreditoTributarioPISCONFINS.GestaoDeCreditoTributarioPIS.ConfiguracaoEExecucao.Registro1102.Registro1102Excluir -->
