<?xml version="1.0" encoding="UTF-8"?>
<!-- Generated by org.testng.reporters.JUnitReportReporter -->
<testsuite hostname="DESKTOP-JP1A9E6" failures="0" tests="1" name="com.timp.test.BRB.NovoRelatorio" time="170.496" errors="0" timestamp="07 sep. 2021 18:57:46 GMT" skipped="0">
  <testcase classname="com.timp.test.BRB.NovoRelatorio" name="novoRelatorio" time="170.496"/>
</testsuite> <!-- com.timp.test.BRB.NovoRelatorio -->
