<?xml version="1.0" encoding="UTF-8"?>
<!-- Generated by org.testng.reporters.JUnitReportReporter -->
<<<<<<< HEAD
<testsuite hostname="LAPTOP-IN7IV9K5" failures="0" tests="1" name="com.timp.test.TDK.Execucoes.Raiz.RaizFiltroId" time="78.720" errors="0" timestamp="25 jun. 2021 09:13:32 GMT" skipped="0">
  <testcase classname="com.timp.test.TDK.Execucoes.Raiz.RaizFiltroId" name="filtro" time="78.720"/>
=======
<testsuite hostname="DESKTOP-C57COV6" failures="0" tests="1" name="com.timp.test.TDK.Execucoes.Raiz.RaizFiltroId" time="98.580" errors="0" timestamp="17 ago. 2021 15:48:24 GMT" skipped="0">
  <testcase classname="com.timp.test.TDK.Execucoes.Raiz.RaizFiltroId" name="filtro" time="98.580"/>
>>>>>>> refs/remotes/origin/Yessy
</testsuite> <!-- com.timp.test.TDK.Execucoes.Raiz.RaizFiltroId -->
