<?xml version="1.0" encoding="UTF-8"?>
<!-- Generated by org.testng.reporters.JUnitReportReporter -->
<testsuite hostname="DESKTOP-C57COV6" failures="0" tests="1" name="com.timp.test.BRB.PublicoEPrivado" time="373.726" errors="0" timestamp="11 may. 2021 00:16:56 GMT" skipped="0">
  <testcase classname="com.timp.test.BRB.PublicoEPrivado" name="publicoYPRivado" time="373.726"/>
</testsuite> <!-- com.timp.test.BRB.PublicoEPrivado -->
