<?xml version="1.0" encoding="UTF-8"?>
<!-- Generated by org.testng.reporters.JUnitReportReporter -->
<testsuite hostname="EC2AMAZ-8HCHO4G" failures="0" tests="3" name="com.timp.test.BRB.Formula" time="357.560" errors="0" timestamp="2023-02-17T18:37:13 UTC" skipped="0">
  <testcase classname="com.timp.test.BRB.Formula" name="aplicar" time="18.775"/>
  <system-out/>
  <testcase classname="com.timp.test.BRB.Formula" name="formulaBoton" time="96.656"/>
  <system-out/>
  <testcase classname="com.timp.test.BRB.Formula" name="formulaColuna" time="242.129"/>
  <system-out/>
</testsuite> <!-- com.timp.test.BRB.Formula -->
