<?xml version="1.0" encoding="UTF-8"?>
<!-- Generated by org.testng.reporters.JUnitReportReporter -->
<<<<<<< HEAD
<testsuite hostname="DESKTOP-C57COV6" failures="0" tests="1" name="com.timp.test.MDR.ConfiguracoesFundoSocial.ConfiguracaoFundoSocailCriar" time="229.978" errors="0" timestamp="29 jul. 2021 09:17:41 GMT" skipped="0">
  <testcase classname="com.timp.test.MDR.ConfiguracoesFundoSocial.ConfiguracaoFundoSocailCriar" name="criar" time="229.978"/>
=======
<testsuite hostname="DESKTOP-JP1A9E6" failures="0" tests="1" name="com.timp.test.MDR.ConfiguracoesFundoSocial.ConfiguracaoFundoSocailCriar" time="196.485" errors="0" timestamp="03 ago. 2021 08:47:07 GMT" skipped="0">
  <testcase classname="com.timp.test.MDR.ConfiguracoesFundoSocial.ConfiguracaoFundoSocailCriar" name="criar" time="196.485"/>
>>>>>>> branch 'Yessy' of https://github.com/salc1997/TIMP_R1.git
</testsuite> <!-- com.timp.test.MDR.ConfiguracoesFundoSocial.ConfiguracaoFundoSocailCriar -->
