<?xml version="1.0" encoding="UTF-8"?>
<!-- Generated by org.testng.reporters.JUnitReportReporter -->
<testsuite hostname="DESKTOP-C57COV6" failures="0" tests="1" name="com.timp.test.MDR.LivrosFiscais.ParametrizaçãoDoLivroOficial.ParametrizaçãoDoLivroOficialExcluir" time="92.422" errors="0" timestamp="25 ago. 2021 07:54:48 GMT" skipped="0">
  <testcase classname="com.timp.test.MDR.LivrosFiscais.ParametrizaçãoDoLivroOficial.ParametrizaçãoDoLivroOficialExcluir" name="excluir" time="92.422"/>
</testsuite> <!-- com.timp.test.MDR.LivrosFiscais.ParametrizaçãoDoLivroOficial.ParametrizaçãoDoLivroOficialExcluir -->
