<?xml version="1.0" encoding="UTF-8"?>
<!-- Generated by org.testng.reporters.JUnitReportReporter -->
<testsuite hostname="DESKTOP-5P4F1JE" failures="0" tests="3" name="com.timp.test.BRE.RegrasDeAuditoriaN1Editar" time="119.986" errors="0" timestamp="8 Dec 2020 15:39:08 GMT">
  <testcase classname="com.timp.test.BRE.RegrasDeAuditoriaN1Editar" name="login" time="8.017"/>
  <testcase classname="com.timp.test.BRE.RegrasDeAuditoriaN1Editar" name="acessarBRE" time="16.389"/>
  <testcase classname="com.timp.test.BRE.RegrasDeAuditoriaN1Editar" name="criar" time="95.580"/>
</testsuite> <!-- com.timp.test.BRE.RegrasDeAuditoriaN1Editar -->
