<?xml version="1.0" encoding="UTF-8"?>
<!-- Generated by org.testng.reporters.JUnitReportReporter -->
<testsuite hostname="MIGUEL" failures="0" tests="4" name="com.timp.test.BRB.NovoRelatorio" time="194.151" errors="0" timestamp="10 Feb 2021 21:48:42 GMT">
  <testcase classname="com.timp.test.BRB.NovoRelatorio" name="brbEntrar" time="21.083"/>
  <testcase classname="com.timp.test.BRB.NovoRelatorio" name="novoRelatorio" time="69.726"/>
  <testcase classname="com.timp.test.BRB.NovoRelatorio" name="login" time="7.466"/>
  <testcase classname="com.timp.test.BRB.NovoRelatorio" name="colunas" time="95.876"/>
</testsuite> <!-- com.timp.test.BRB.NovoRelatorio -->
