<?xml version="1.0" encoding="UTF-8"?>
<!-- Generated by org.testng.reporters.JUnitReportReporter -->
<testsuite hostname="DESKTOP-M23FVFN" failures="0" tests="1" name="com.timp.test.BRB.NovoRelatorio" time="237.184" errors="0" timestamp="2022-07-05T14:46:10 CST" skipped="0">
  <testcase classname="com.timp.test.BRB.NovoRelatorio" name="novoRelatorio" time="237.184"/>
  <system-out/>
</testsuite> <!-- com.timp.test.BRB.NovoRelatorio -->
