<?xml version="1.0" encoding="UTF-8"?>
<!-- Generated by org.testng.reporters.JUnitReportReporter -->
<testsuite hostname="MassielV" failures="0" tests="1" name="com.timp.test.MDR.TabelasApoioSped.DeParaLivroApuraçaoXSpedFiscal.DeParaLivroApuraçaoXSpedFiscalDetalhes" time="81.621" errors="0" timestamp="06 oct. 2021 14:34:41 GMT" skipped="0">
  <testcase classname="com.timp.test.MDR.TabelasApoioSped.DeParaLivroApuraçaoXSpedFiscal.DeParaLivroApuraçaoXSpedFiscalDetalhes" name="detalhes" time="81.621"/>
</testsuite> <!-- com.timp.test.MDR.TabelasApoioSped.DeParaLivroApuraçaoXSpedFiscal.DeParaLivroApuraçaoXSpedFiscalDetalhes -->
