<?xml version="1.0" encoding="UTF-8"?>
<!-- Generated by org.testng.reporters.JUnitReportReporter -->
<testsuite hostname="DESKTOP-C57COV6" failures="0" tests="6" name="com.timp.test.DFG.Leiautes.ExecucacoMapeamentoDoSPED" time="517.049" errors="0" timestamp="13 may. 2021 20:01:06 GMT" skipped="0">
  <testcase classname="com.timp.test.DFG.Leiautes.ExecucacoMapeamentoDoSPED" name="ingresar" time="11.480"/>
  <testcase classname="com.timp.test.DFG.Leiautes.ExecucacoMapeamentoDoSPED" name="mdrEntrar" time="22.159"/>
  <testcase classname="com.timp.test.DFG.Leiautes.ExecucacoMapeamentoDoSPED" name="criar" time="248.503"/>
  <testcase classname="com.timp.test.DFG.Leiautes.ExecucacoMapeamentoDoSPED" name="criarSPED" time="73.070"/>
  <testcase classname="com.timp.test.DFG.Leiautes.ExecucacoMapeamentoDoSPED" name="executar" time="92.701"/>
  <testcase classname="com.timp.test.DFG.Leiautes.ExecucacoMapeamentoDoSPED" name="excluir" time="69.136"/>
</testsuite> <!-- com.timp.test.DFG.Leiautes.ExecucacoMapeamentoDoSPED -->
