<?xml version="1.0" encoding="UTF-8"?>
<!-- Generated by org.testng.reporters.JUnitReportReporter -->
<testsuite hostname="DESKTOP-BNBDMGT" failures="0" tests="3" name="com.timp.test.MDR.IncentivosFiscais.IncentivosFiscaisDetalles" time="70.053" errors="0" timestamp="16 Dec 2020 04:56:31 GMT">
  <testcase classname="com.timp.test.MDR.IncentivosFiscais.IncentivosFiscaisDetalles" name="ingresarMDR" time="16.273"/>
  <testcase classname="com.timp.test.MDR.IncentivosFiscais.IncentivosFiscaisDetalles" name="visualizar" time="48.203"/>
  <testcase classname="com.timp.test.MDR.IncentivosFiscais.IncentivosFiscaisDetalles" name="ingresar" time="5.577"/>
</testsuite> <!-- com.timp.test.MDR.IncentivosFiscais.IncentivosFiscaisDetalles -->
