<?xml version="1.0" encoding="UTF-8"?>
<!-- Generated by org.testng.reporters.JUnitReportReporter -->
<<<<<<< HEAD
<testsuite hostname="DESKTOP-C57COV6" failures="0" tests="1" name="com.timp.test.BRB.AtivarCorrecao" time="785.737" errors="0" timestamp="01 nov. 2021 18:53:45 GMT" skipped="0">
  <testcase classname="com.timp.test.BRB.AtivarCorrecao" name="ativarCorreccion" time="785.737"/>
=======
<testsuite hostname="MassielV" failures="0" tests="1" name="com.timp.test.BRB.AtivarCorrecao" time="139.135" errors="0" timestamp="05 nov. 2021 16:36:47 GMT" skipped="0">
  <testcase classname="com.timp.test.BRB.AtivarCorrecao" name="ativarCorreccion" time="139.135"/>
>>>>>>> branch 'Yessy' of https://github.com/salc1997/TIMP_R1.git
</testsuite> <!-- com.timp.test.BRB.AtivarCorrecao -->
