<?xml version="1.0" encoding="UTF-8"?>
<!-- Generated by org.testng.reporters.JUnitReportReporter -->
<testsuite hostname="DESKTOP-M23FVFN" failures="0" tests="8" name="com.timp.test.BCB.ExecucoesSalvas.ExecucoesSalvas.ExecuçõesSalvasFiltros" time="143.600" errors="0" timestamp="23 dic. 2021 06:20:11 GMT" skipped="0">
  <testcase classname="com.timp.test.BCB.ExecucoesSalvas.ExecucoesSalvas.ExecuçõesSalvasFiltros" name="login" time="7.453"/>
  <testcase classname="com.timp.test.BCB.ExecucoesSalvas.ExecucoesSalvas.ExecuçõesSalvasFiltros" name="brbEntrar" time="19.797"/>
  <testcase classname="com.timp.test.BCB.ExecucoesSalvas.ExecucoesSalvas.ExecuçõesSalvasFiltros" name="FiltroID" time="33.429"/>
  <testcase classname="com.timp.test.BCB.ExecucoesSalvas.ExecucoesSalvas.ExecuçõesSalvasFiltros" name="NombreHierarquia" time="23.890"/>
  <testcase classname="com.timp.test.BCB.ExecucoesSalvas.ExecucoesSalvas.ExecuçõesSalvasFiltros" name="FiltroEmpresa" time="14.601"/>
  <testcase classname="com.timp.test.BCB.ExecucoesSalvas.ExecucoesSalvas.ExecuçõesSalvasFiltros" name="FiltroUF" time="14.603"/>
  <testcase classname="com.timp.test.BCB.ExecucoesSalvas.ExecucoesSalvas.ExecuçõesSalvasFiltros" name="FiltroFilial" time="14.679"/>
  <testcase classname="com.timp.test.BCB.ExecucoesSalvas.ExecucoesSalvas.ExecuçõesSalvasFiltros" name="FiltroTributo" time="15.148"/>
</testsuite> <!-- com.timp.test.BCB.ExecucoesSalvas.ExecucoesSalvas.ExecuçõesSalvasFiltros -->
