<?xml version="1.0" encoding="UTF-8"?>
<!-- Generated by org.testng.reporters.JUnitReportReporter -->
<testsuite hostname="LitoSoler" name="com.timp.test.MDR.Centralizacao.Tributos.TributosVisualizar" tests="3" failures="0" timestamp="24 Sep 2020 16:23:05 GMT" time="64.510" errors="0">
  <testcase name="login" time="6.531" classname="com.timp.test.MDR.Centralizacao.Tributos.TributosVisualizar"/>
  <testcase name="acessarMDR" time="14.368" classname="com.timp.test.MDR.Centralizacao.Tributos.TributosVisualizar"/>
  <testcase name="visualizar" time="43.611" classname="com.timp.test.MDR.Centralizacao.Tributos.TributosVisualizar"/>
</testsuite> <!-- com.timp.test.MDR.Centralizacao.Tributos.TributosVisualizar -->
