<?xml version="1.0" encoding="UTF-8"?>
<!-- Generated by org.testng.reporters.JUnitReportReporter -->
<testsuite hostname="LitoSoler" name="com.timp.test.SCANC.ArquivosImportados.ArquivosImportadosVisualizar" tests="3" failures="0" timestamp="16 Dec 2020 16:12:04 GMT" time="94.337" errors="0">
  <testcase name="ingresar" time="8.498" classname="com.timp.test.SCANC.ArquivosImportados.ArquivosImportadosVisualizar"/>
  <testcase name="scancEntrar" time="27.670" classname="com.timp.test.SCANC.ArquivosImportados.ArquivosImportadosVisualizar"/>
  <testcase name="filtrosAvancados" time="58.169" classname="com.timp.test.SCANC.ArquivosImportados.ArquivosImportadosVisualizar"/>
</testsuite> <!-- com.timp.test.SCANC.ArquivosImportados.ArquivosImportadosVisualizar -->
