<?xml version="1.0" encoding="UTF-8"?>
<!-- Generated by org.testng.reporters.JUnitReportReporter -->
<testsuite hostname="DESKTOP-C57COV6" failures="0" tests="1" name="com.timp.test.MDR.AtividadesFiscais.AtividadeFiscal.AtividadeEliminar" time="101.728" errors="0" timestamp="04 ago. 2021 06:10:23 GMT" skipped="0">
  <testcase classname="com.timp.test.MDR.AtividadesFiscais.AtividadeFiscal.AtividadeEliminar" name="eliminar" time="101.728"/>
</testsuite> <!-- com.timp.test.MDR.AtividadesFiscais.AtividadeFiscal.AtividadeEliminar -->
