<?xml version="1.0" encoding="UTF-8"?>
<!-- Generated by org.testng.reporters.JUnitReportReporter -->
<testsuite hostname="DESKTOP-M23FVFN" failures="0" tests="2" name="com.timp.test.BRB.FormatacaoEVariante" time="258.724" errors="0" timestamp="22 dic. 2021 23:07:52 GMT" skipped="0">
  <testcase classname="com.timp.test.BRB.FormatacaoEVariante" name="formatacaoEVariante" time="214.689"/>
  <testcase classname="com.timp.test.BRB.FormatacaoEVariante" name="excluirVariante" time="44.035"/>
</testsuite> <!-- com.timp.test.BRB.FormatacaoEVariante -->
