<?xml version="1.0" encoding="UTF-8"?>
<!-- Generated by org.testng.reporters.JUnitReportReporter -->
<testsuite hostname="LitoSoler" name="com.timp.test.MDR.CEP.Bairro.BairroCriar" tests="3" failures="0" timestamp="12 Feb 2021 23:01:44 GMT" time="52.148" errors="0">
  <testcase name="login" time="6.333" classname="com.timp.test.MDR.CEP.Bairro.BairroCriar"/>
  <testcase name="acessarMDR" time="16.683" classname="com.timp.test.MDR.CEP.Bairro.BairroCriar"/>
  <testcase name="criar" time="29.132" classname="com.timp.test.MDR.CEP.Bairro.BairroCriar"/>
</testsuite> <!-- com.timp.test.MDR.CEP.Bairro.BairroCriar -->
