<?xml version="1.0" encoding="UTF-8"?>
<!-- Generated by org.testng.reporters.JUnitReportReporter -->
<testsuite hostname="DESKTOP-JP1A9E6" failures="0" tests="1" name="com.timp.test.MDR.Filiais.FiliaisVisualizar" time="62.622" errors="0" timestamp="25 ago. 2021 05:26:08 GMT" skipped="0">
  <testcase classname="com.timp.test.MDR.Filiais.FiliaisVisualizar" name="visualizar" time="62.622"/>
</testsuite> <!-- com.timp.test.MDR.Filiais.FiliaisVisualizar -->
