<?xml version="1.0" encoding="UTF-8"?>
<!-- Generated by org.testng.reporters.JUnitReportReporter -->
<testsuite hostname="DESKTOP-BNBDMGT" failures="0" tests="1" name="com.timp.test.MDR.SCANC.MovimentoSCANC.MovimentoSCANCExcluir" time="82.390" errors="0" timestamp="24 feb. 2021 17:28:38 GMT" skipped="0">
  <testcase classname="com.timp.test.MDR.SCANC.MovimentoSCANC.MovimentoSCANCExcluir" name="excluir" time="82.390"/>
</testsuite> <!-- com.timp.test.MDR.SCANC.MovimentoSCANC.MovimentoSCANCExcluir -->
