<?xml version="1.0" encoding="UTF-8"?>
<!-- Generated by org.testng.reporters.JUnitReportReporter -->
<testsuite hostname="LitoSoler" name="com.timp.test.MDR.TabelasApoioESocial.Tabela24.CodificaçãoDeAcDeTrabExcluiMassa" tests="2" failures="0" timestamp="13 Feb 2021 03:29:18 GMT" time="196.716" errors="0">
  <testcase name="criar" time="117.954" classname="com.timp.test.MDR.TabelasApoioESocial.Tabela24.CodificaçãoDeAcDeTrabExcluiMassa"/>
  <testcase name="excluir" time="78.762" classname="com.timp.test.MDR.TabelasApoioESocial.Tabela24.CodificaçãoDeAcDeTrabExcluiMassa"/>
</testsuite> <!-- com.timp.test.MDR.TabelasApoioESocial.Tabela24.CodificaçãoDeAcDeTrabExcluiMassa -->
