<?xml version="1.0" encoding="UTF-8"?>
<!-- Generated by org.testng.reporters.JUnitReportReporter -->
<testsuite hostname="MIGUEL" failures="0" tests="1" name="com.timp.test.MDR.TabelasComplementaresParaObrigaçoesAcessorias.TabelaDeEstoqueParaRegistro12.TabelaDeEstoqueParaRegistro12Editar" time="129.823" errors="0" timestamp="19 feb. 2021 17:16:58 GMT" skipped="0">
  <testcase classname="com.timp.test.MDR.TabelasComplementaresParaObrigaçoesAcessorias.TabelaDeEstoqueParaRegistro12.TabelaDeEstoqueParaRegistro12Editar" name="editar" time="129.823"/>
</testsuite> <!-- com.timp.test.MDR.TabelasComplementaresParaObrigaçoesAcessorias.TabelaDeEstoqueParaRegistro12.TabelaDeEstoqueParaRegistro12Editar -->
