<?xml version="1.0" encoding="UTF-8"?>
<!-- Generated by org.testng.reporters.JUnitReportReporter -->
<testsuite hostname="MIGUEL" failures="0" tests="3" name="com.timp.test.TDK.Kpis.Edicao.KpisCartaoIndicadorEditar" time="100.238" errors="0" timestamp="19 mar. 2021 16:30:43 GMT" skipped="0">
  <testcase classname="com.timp.test.TDK.Kpis.Edicao.KpisCartaoIndicadorEditar" name="login" time="7.448"/>
  <testcase classname="com.timp.test.TDK.Kpis.Edicao.KpisCartaoIndicadorEditar" name="acessarTDK" time="25.489"/>
  <testcase classname="com.timp.test.TDK.Kpis.Edicao.KpisCartaoIndicadorEditar" name="CartaoIndicador" time="67.301"/>
</testsuite> <!-- com.timp.test.TDK.Kpis.Edicao.KpisCartaoIndicadorEditar -->
