<?xml version="1.0" encoding="UTF-8"?>
<!-- Generated by org.testng.reporters.JUnitReportReporter -->
<testsuite hostname="DESKTOP-35UG9UP" name="com.timp.test.MDR.SequenciaAcesso.SequenciaEditar" tests="3" failures="0" timestamp="28 Jul 2020 00:13:49 GMT" time="136.079" errors="0">
  <testcase name="Editar" time="96.082" classname="com.timp.test.MDR.SequenciaAcesso.SequenciaEditar"/>
  <testcase name="acessarMDR" time="29.608" classname="com.timp.test.MDR.SequenciaAcesso.SequenciaEditar"/>
  <testcase name="login" time="10.389" classname="com.timp.test.MDR.SequenciaAcesso.SequenciaEditar"/>
</testsuite> <!-- com.timp.test.MDR.SequenciaAcesso.SequenciaEditar -->
