<?xml version="1.0" encoding="UTF-8"?>
<!-- Generated by org.testng.reporters.JUnitReportReporter -->
<testsuite hostname="DESKTOP-JP1A9E6" failures="0" tests="1" name="com.timp.test.MDR.CadastrosIRPJCSLL.ContasContábeisRBLP.ContasContábeisRBLPFiltroId" time="67.343" errors="0" timestamp="15 jun. 2021 07:34:59 GMT" skipped="0">
  <testcase classname="com.timp.test.MDR.CadastrosIRPJCSLL.ContasContábeisRBLP.ContasContábeisRBLPFiltroId" name="filtro" time="67.343"/>
</testsuite> <!-- com.timp.test.MDR.CadastrosIRPJCSLL.ContasContábeisRBLP.ContasContábeisRBLPFiltroId -->
