<?xml version="1.0" encoding="UTF-8"?>
<!-- Generated by org.testng.reporters.JUnitReportReporter -->
<testsuite hostname="EC2AMAZ-8HCHO4G" failures="0" tests="4" name="com.timp.test.TDK.Execucoes.ExecucoesPublicas.ExecucoesExecucoesPublicasLixeiraemMassa" time="366.076" errors="0" timestamp="2024-01-22T19:48:13 UTC" skipped="0">
  <testcase classname="com.timp.test.TDK.Execucoes.ExecucoesPublicas.ExecucoesExecucoesPublicasLixeiraemMassa" name="criar" time="212.870"/>
  <system-out/>
  <testcase classname="com.timp.test.TDK.Execucoes.ExecucoesPublicas.ExecucoesExecucoesPublicasLixeiraemMassa" name="lixeira" time="51.077"/>
  <system-out/>
  <testcase classname="com.timp.test.TDK.Execucoes.ExecucoesPublicas.ExecucoesExecucoesPublicasLixeiraemMassa" name="lixeiraExecucao" time="63.657"/>
  <system-out/>
  <testcase classname="com.timp.test.TDK.Execucoes.ExecucoesPublicas.ExecucoesExecucoesPublicasLixeiraemMassa" name="lixeiraDefinitiva" time="38.472"/>
  <system-out/>
</testsuite> <!-- com.timp.test.TDK.Execucoes.ExecucoesPublicas.ExecucoesExecucoesPublicasLixeiraemMassa -->
